11/10/2025 19:19:11:030	UTIL	[46:46:630309312]	INFO	thread_mgr_t ::thread_mgr_t(),Mon,10 Nov 2025 19:19:11 GMT, preset_owner_thr = false, this = 0x0000561f0e0f80f0
11/10/2025 19:19:11:030	UTIL	[46:46:630309312]	INFO	new_i8_allocator_t::new_i8_allocator_t, m_page_size = 4096, this = 0x0000561f0e0f4f00
11/10/2025 19:19:11:031	UTIL	[46:46:630309312]	INFO	UTIL_INIT  refer , s_init_times = 1, module_id = 9, description = UTIL has been built on:Sep 19 2025 at 06:33:56 on branch release-client-6.6.x with commit ID 2583f48484aeb604c472d0a89b4ddc1f55, dir = , filename = , pext = log, max_size = 41943040, max_idx = 99
11/10/2025 19:19:11:031	UTIL	[46:46:630309312]	INFO	set_timer_driver, setup_call = 0x00007f1e411603b0, remove_call = 0x00007f1e41160290
11/10/2025 19:19:11:031	UTIL	[46:46:630309312]	INFO	thread_mgr_t::spawn, mode = 02000008, w_queue_size = 8192, type = 0, interact_timer = true, thr_name = , bind_mask = 4294967295, use_ext_timer_drv = true, notifier = 0x0000561f0e0f38f0, this = 0x0000561f0e0f80f0
11/10/2025 19:19:11:031	UTIL	[46:46:630309312]	INFO	thread_wrapper_t::thread_wrapper_t, mode = 02000008, id = 0, type = 0, thr_manager = 0x0000561f0e0f80f0, waits = 0, interact_timer = true, m_timer_precision = 50, this = 0x0000561f0e0e60a0
11/10/2025 19:19:11:031	UTIL	[46:46:630309312]	INFO	msg_queue_t::msg_queue_t notifier = , notifier = 0x0000561f0e0f38f0, writer = 0x0000000000000000, capacity = 1024, mode = 0, this = 0x0000561f0e0f3b10
11/10/2025 19:19:11:031	UTIL	[46:46:630309312]	INFO	thread_wrapper_t::thread_wrapper_t ctrl queue size = 1024, this = 0x0000561f0e0e60a0
11/10/2025 19:19:11:031	UTIL	[46:46:630309312]	INFO	thread_wrapper_t::init_tls(), m_thread_manager = 0x0000561f0e0f80f0, this = 0x0000561f0e0e60a0
11/10/2025 19:19:11:031	UTIL	[46:46:630309312]	INFO	thread_mgr_t::register_tls, thr = 0x0000561f0e0e60a0, tls = true, this = 0x0000561f0e0f80f0
11/10/2025 19:19:11:031	UTIL	[46:46:630309312]	INFO	thread_wrapper_t::start_alive_check() timer = 0x0000000000000000, m_interact_timer = true, this = 0x0000561f0e0e60a0
11/10/2025 19:19:11:031	UTIL	[46:46:630309312]	INFO	timer_queue_t::timer_queue_t() , sink = 0x0000561f0e0e60d8, min_interval = 204800, this = 0x0000561f0e100b00
11/10/2025 19:19:11:031	UTIL	[46:46:630309312]	INFO	thread_wrapper_t::open_notifier, waits = 0, m_notify = 0x0000561f0e0f38f0, this = 0x0000561f0e0e60a0
11/10/2025 19:19:11:031	UTIL	[46:46:630309312]	INFO	msg_queue_base_t::open_notifier, m_notifier = 0x0000561f0e0f38f0, notifier = 0x0000561f0e0f38f0, this = 0x0000561f0e0f3b30
11/10/2025 19:19:11:031	UTIL	[46:46:630309312]	INFO	thread_mgr_t::attach handle = 0x0000561f0e0e60a0, thread_id = 139767456055744, owner_thr = 0x0000561f0e0e60a0, owner_id = 139767456055744, queue_size = 8192, this = 0x0000561f0e0f80f0
11/10/2025 19:19:11:031	UTIL	[46:46:630309312]	INFO	thread_wrapper_t::create_channel(), bind_thr = 0x0000561f0e0e60a0[139767456055744], read_capacity = 8192, write_capacity = 8192, this = 0x0000561f0e0e60a0
11/10/2025 19:19:11:047	UTIL	[46:46:630309312]	INFO	o2o_msg_queue_t::o2o_msg_queue_t, notifier = 0x0000561f0e0f38f0, writer = 0x0000561f0e0e60a0[139767456055744], reader = 0x0000561f0e0e60a0[139767456055744], capacity = 8192, mode = 0, this = 0x0000561f0e0f4d00
11/10/2025 19:19:11:047	UTIL	[46:46:630309312]	INFO	o2o_msg_queue_t::o2o_msg_queue_t, notifier = 0x0000561f0e0f38f0, writer = 0x0000561f0e0e60a0[139767456055744], reader = 0x0000561f0e0e60a0[139767456055744], capacity = 8192, mode = 0, this = 0x0000561f0e0f7e00
11/10/2025 19:19:11:047	UTIL	[46:46:630309312]	INFO	thread_wrapper_t::bind_queue  , self_id = 139767456055744, bind_thr = 0x0000561f0e0e60a0[139767456055744], r_queue = 0x0000561f0e0f4d68, w_queue = 0x0000561f0e0f7e70, this = 0x0000561f0e0e60a0
11/10/2025 19:19:11:047	UTIL	[46:46:630309312]	INFO	thread_wrapper_t::bind_queue  , self_id = 139767456055744, bind_thr = 0x0000561f0e0e60a0[139767456055744], r_queue = 0x0000561f0e0f7e68, w_queue = 0x0000561f0e0f4d70, this = 0x0000561f0e0e60a0
11/10/2025 19:19:11:047	UTIL	[46:46:630309312]	INFO	thread_wrapper_t::bind_queue bind_thr = 0x0000561f0e0e60a0 already be existed, skip it, this = 0x0000561f0e0e60a0
11/10/2025 19:19:11:047	UTIL	[46:46:630309312]	INFO	thread_wrapper_t::adjust_timer_precision, m_timer_precision = 50, new_timer_precision = 50, this = 0x0000561f0e0e60a0
11/10/2025 19:19:11:047	UTIL	[46:46:630309312]	INFO	register_logger  module_id = 1057, module_name = zoomtask, max_level = 31, logger = 0x0000000000000000, mode = 3
11/10/2025 19:19:11:059	UTIL	[46:46:630309312]	INFO	UTIL_INIT  refer times = 2, module_id = 1057, UTIL has been built on:Sep 19 2025 at 06:33:56 on branch release-client-6.6.x with commit ID 2583f48484aeb604c472d0a89b4ddc1f55
11/10/2025 19:19:11:059	UTIL	[46:46:630309312]	INFO	register_logger  module_id = 1057, module_name = ZoomTask, max_level = 31, logger = 0x0000000000000000, mode = 3
11/10/2025 19:19:11:859	UTIL	[46:46:630309312]	INFO	UTIL_INIT  refer times = 3, module_id = 2, UTIL has been built on:Sep 19 2025 at 06:33:56 on branch release-client-6.6.x with commit ID 2583f48484aeb604c472d0a89b4ddc1f55
11/10/2025 19:19:11:865	UTIL	[46:46:630309312]	INFO	timer_it::timer_it id = 0, own_thr = 0x0000000000000000, this = 0x0000561f0e0f87f8
11/10/2025 19:19:11:865	UTIL	[46:46:630309312]	INFO	thread_mgr_t::spawn, mode = 01000004, w_queue_size = 0, type = 3, interact_timer = true, thr_name = zoom.dns, bind_mask = 0, use_ext_timer_drv = false, notifier = 0x0000000000000000, this = 0x0000561f0e0f80f0
11/10/2025 19:19:11:865	UTIL	[46:46:630309312]	INFO	thread_wrapper_t::thread_wrapper_t, mode = 01000004, id = 0, type = 3, thr_manager = 0x0000561f0e0f80f0, waits = 1, interact_timer = true, m_timer_precision = 50, this = 0x0000561f0e140d90
11/10/2025 19:19:11:865	UTIL	[46:46:630309312]	INFO	msg_queue_t::msg_queue_t notifier = , notifier = 0x0000000000000000, writer = 0x0000000000000000, capacity = 1024, mode = 1, this = 0x0000561f0e1411f0
11/10/2025 19:19:11:865	UTIL	[46:46:630309312]	INFO	thread_wrapper_t::thread_wrapper_t ctrl queue size = 1024, this = 0x0000561f0e140d90
11/10/2025 19:19:11:865	UTIL	[46:46:630309312]	INFO	thread_io_t::thread_io_t(), mode = 01000004, type = 3, queue size = 0, this = 0x0000561f0e140d60
11/10/2025 19:19:11:865	UTIL	[46:46:630309312]	INFO	thread_io_t::open_notifier, waits = 1, this = 0x0000561f0e140d60
11/10/2025 19:19:11:865	UTIL	[46:46:630309312]	INFO	msg_queue_base_t::open_notifier, m_notifier = 0x0000000000000000, notifier = 0x0000561f0e13ea80, this = 0x0000561f0e141210
11/10/2025 19:19:11:865	UTIL	[46:46:630309312]	INFO	thread_io_t::thread_run(), id = 0, args = 0x0000000000000000, this = 0x0000561f0e140d60
11/10/2025 19:19:11:865	UTIL	[46:46:630309312]	INFO	io_repo_t::io_repo_t, m_working = 0x0000561f0e140d90, max_io_fds = 1024, this = 0x0000561f0e145710
11/10/2025 19:19:11:865	UTIL	[46:46:630309312]	INFO	notifier_handler_t::notifier_handler_t, io_container = 0x0000561f0e1457100x0000561f0e13ea80, this = 0x0000561f0e14d890
11/10/2025 19:19:11:865	UTIL	[46:46:630309312]	INFO	poll_t::poll_t register, fd = 11, es.first = 00000000000000000000000000000011, this = 0x0000561f0e145710
11/10/2025 19:19:11:865	UTIL	[46:46:630309312]	INFO	io_repo_t::start(), m_stop = true, this = 0x0000561f0e145710
11/10/2025 19:19:11:865	UTIL	[46:46:630309312]	INFO	thread_mgr_t::spawn only has control message queue for this thread, this = 0x0000561f0e0f80f0
11/10/2025 19:19:11:865	UTIL	[46:46:630309312]	FATAL	assert: msg[thread_wrapper_t::create_channel bind thread should valid!, bind_thr = 0x0000000000000000] file[/home/jenkins/agent/workspace/Client/Client/DMT/linux/release/tp_util/util/src/thread.cpp], line = [1122]
11/10/2025 19:19:11:865	UTIL	[46:46:630309312]	INFO	thread_wrapper_t::adjust_timer_precision, m_timer_precision = 50, new_timer_precision = 50, this = 0x0000561f0e140d90
11/10/2025 19:19:11:865	UTIL	[46:46:630309312]	INFO	timer_it::timer_it id = 0, own_thr = 0x0000000000000000, this = 0x0000561f0e14e350
11/10/2025 19:19:11:865	UTIL	[46:46:630309312]	INFO	timer_it::add_timer sink = 0x0000561f0e0f86d0, interval = 100, times = 0, is_exact = true, this = 0x0000561f0e14e350
11/10/2025 19:19:11:866	UTIL	[46:46:630309312]	INFO	UTIL_INIT  refer times = 4, module_id = 9, UTIL has been built on:Sep 19 2025 at 06:33:56 on branch release-client-6.6.x with commit ID 2583f48484aeb604c472d0a89b4ddc1f55
11/10/2025 19:19:11:868	UTIL	[46:52:528475840]	INFO	poll_t::loop () begin, working = 0x0000561f0e140d90, this = 0x0000561f0e145710
11/10/2025 19:19:11:868	UTIL	[46:52:528475840]	INFO	thread_io_t::init_tls() thread_id = 139767354222272, this = 0x0000561f0e140d60
11/10/2025 19:19:11:868	UTIL	[46:52:528475840]	INFO	thread_wrapper_t::init_tls(), m_thread_manager = 0x0000561f0e0f80f0, this = 0x0000561f0e140d90
11/10/2025 19:19:11:868	UTIL	[46:52:528475840]	INFO	thread_mgr_t::register_tls, thr = 0x0000561f0e140d90, tls = true, this = 0x0000561f0e0f80f0
11/10/2025 19:19:11:868	UTIL	[46:52:528475840]	INFO	thread_wrapper_t::start_alive_check() timer = 0x0000000000000000, m_interact_timer = true, this = 0x0000561f0e140d90
11/10/2025 19:19:11:868	UTIL	[46:52:528475840]	INFO	timer_queue_t::timer_queue_t() , sink = 0x0000561f0e140dc8, min_interval = 204800, this = 0x00007f1e08001070
11/10/2025 19:19:11:869	UTIL	[46:46:630309312]	INFO	thread_mgr_t::spawn, mode = 01000004, w_queue_size = 65536, type = 1027, interact_timer = true, thr_name = zoom.db, bind_mask = 4294967295, use_ext_timer_drv = false, notifier = 0x0000000000000000, this = 0x0000561f0e0f80f0
11/10/2025 19:19:11:869	UTIL	[46:46:630309312]	INFO	thread_wrapper_t::thread_wrapper_t, mode = 01000004, id = 0, type = 1027, thr_manager = 0x0000561f0e0f80f0, waits = 1, interact_timer = true, m_timer_precision = 50, this = 0x0000561f0e173800
11/10/2025 19:19:11:869	UTIL	[46:46:630309312]	INFO	msg_queue_t::msg_queue_t notifier = , notifier = 0x0000000000000000, writer = 0x0000000000000000, capacity = 1024, mode = 1, this = 0x0000561f0e167950
11/10/2025 19:19:11:869	UTIL	[46:46:630309312]	INFO	thread_wrapper_t::thread_wrapper_t ctrl queue size = 1024, this = 0x0000561f0e173800
11/10/2025 19:19:11:869	UTIL	[46:46:630309312]	INFO	thread_io_t::thread_io_t(), mode = 01000004, type = 1027, queue size = 65536, this = 0x0000561f0e1737d0
11/10/2025 19:19:11:869	UTIL	[46:46:630309312]	INFO	thread_io_t::open_notifier, waits = 1, this = 0x0000561f0e1737d0
11/10/2025 19:19:11:872	UTIL	[46:46:630309312]	INFO	msg_queue_base_t::open_notifier, m_notifier = 0x0000000000000000, notifier = 0x0000561f0e177bc0, this = 0x0000561f0e167970
11/10/2025 19:19:11:872	UTIL	[46:46:630309312]	INFO	thread_io_t::thread_run(), id = 0, args = 0x0000000000000000, this = 0x0000561f0e1737d0
11/10/2025 19:19:11:872	UTIL	[46:46:630309312]	INFO	io_repo_t::io_repo_t, m_working = 0x0000561f0e173800, max_io_fds = 1024, this = 0x0000561f0e177d60
11/10/2025 19:19:11:872	UTIL	[46:46:630309312]	INFO	notifier_handler_t::notifier_handler_t, io_container = 0x0000561f0e177d600x0000561f0e177bc0, this = 0x0000561f0e169210
11/10/2025 19:19:11:872	UTIL	[46:46:630309312]	INFO	poll_t::poll_t register, fd = 20, es.first = 00000000000000000000000000000011, this = 0x0000561f0e177d60
11/10/2025 19:19:11:872	UTIL	[46:46:630309312]	INFO	io_repo_t::start(), m_stop = true, this = 0x0000561f0e177d60
11/10/2025 19:19:11:872	UTIL	[46:46:630309312]	INFO	thread_mgr_t::attach handle = 0x0000561f0e173800, thread_id = 139767211611840, owner_thr = 0x0000561f0e0e60a0, owner_id = 139767456055744, queue_size = 65536, this = 0x0000561f0e0f80f0
11/10/2025 19:19:11:872	UTIL	[46:60:385865408]	INFO	poll_t::loop () begin, working = 0x0000561f0e173800, this = 0x0000561f0e177d60
11/10/2025 19:19:11:872	UTIL	[46:60:385865408]	INFO	thread_io_t::init_tls() thread_id = 139767211611840, this = 0x0000561f0e1737d0
11/10/2025 19:19:11:872	UTIL	[46:60:385865408]	INFO	thread_wrapper_t::init_tls(), m_thread_manager = 0x0000561f0e0f80f0, this = 0x0000561f0e173800
11/10/2025 19:19:11:872	UTIL	[46:46:630309312]	INFO	thread_wrapper_t::create_channel(), bind_thr = 0x0000561f0e0e60a0[139767456055744], read_capacity = 65536, write_capacity = 65536, this = 0x0000561f0e173800
11/10/2025 19:19:11:872	UTIL	[46:60:385865408]	INFO	thread_mgr_t::register_tls, thr = 0x0000561f0e173800, tls = true, this = 0x0000561f0e0f80f0
11/10/2025 19:19:11:873	UTIL	[46:60:385865408]	INFO	thread_wrapper_t::start_alive_check() timer = 0x0000000000000000, m_interact_timer = true, this = 0x0000561f0e173800
11/10/2025 19:19:11:873	UTIL	[46:60:385865408]	INFO	timer_queue_t::timer_queue_t() , sink = 0x0000561f0e173838, min_interval = 204800, this = 0x00007f1df0001070
11/10/2025 19:19:11:873	UTIL	[46:46:630309312]	INFO	o2o_msg_queue_t::o2o_msg_queue_t, notifier = 0x0000561f0e0f38f0, writer = 0x0000561f0e173800[139767211611840], reader = 0x0000561f0e0e60a0[139767456055744], capacity = 65536, mode = 0, this = 0x0000561f0e1807d0
11/10/2025 19:19:11:874	UTIL	[46:46:630309312]	INFO	o2o_msg_queue_t::o2o_msg_queue_t, notifier = 0x0000561f0e177bc0, writer = 0x0000561f0e0e60a0[139767456055744], reader = 0x0000561f0e173800[139767211611840], capacity = 65536, mode = 1, this = 0x0000561f0e180a00
11/10/2025 19:19:11:874	UTIL	[46:46:630309312]	INFO	thread_wrapper_t::bind_queue  , self_id = 139767456055744, bind_thr = 0x0000561f0e173800[139767211611840], r_queue = 0x0000561f0e180838, w_queue = 0x0000561f0e180a70, this = 0x0000561f0e0e60a0
11/10/2025 19:19:11:874	UTIL	[46:46:630309312]	INFO	thread_wrapper_t::bind_queue  , self_id = 139767211611840, bind_thr = 0x0000561f0e0e60a0[139767456055744], r_queue = 0x0000561f0e180a68, w_queue = 0x0000561f0e180840, this = 0x0000561f0e173800
11/10/2025 19:19:11:874	UTIL	[46:46:630309312]	INFO	thread_wrapper_t::create_channel(), bind_thr = 0x0000561f0e140d90[139767354222272], read_capacity = 65536, write_capacity = 65536, this = 0x0000561f0e173800
11/10/2025 19:19:11:874	UTIL	[46:46:630309312]	INFO	o2o_msg_queue_t::o2o_msg_queue_t, notifier = 0x0000561f0e13ea80, writer = 0x0000561f0e173800[139767211611840], reader = 0x0000561f0e140d90[139767354222272], capacity = 65536, mode = 1, this = 0x0000561f0e181090
11/10/2025 19:19:11:875	UTIL	[46:46:630309312]	INFO	o2o_msg_queue_t::o2o_msg_queue_t, notifier = 0x0000561f0e177bc0, writer = 0x0000561f0e140d90[139767354222272], reader = 0x0000561f0e173800[139767211611840], capacity = 65536, mode = 1, this = 0x0000561f0e1812c0
11/10/2025 19:19:11:875	UTIL	[46:46:630309312]	INFO	thread_wrapper_t::send_ctrl_msg msg = 0x0000561f0e1814f0, (uint64_t)m_id = 139767211611840, timeout = -1, this = 0x0000561f0e173800
11/10/2025 19:19:11:875	UTIL	[46:60:385865408]	INFO	thread_wrapper_t::create_ch_msg_t::on_message from = 0x0000561f0e173800, to = 0x0000561f0e140d90, this = 0x0000561f0e1814f0
11/10/2025 19:19:11:875	UTIL	[46:60:385865408]	INFO	thread_wrapper_t::bind_queue  , self_id = 139767354222272, bind_thr = 0x0000561f0e173800[139767211611840], r_queue = 0x0000561f0e1810f8, w_queue = 0x0000561f0e181330, this = 0x0000561f0e140d90
11/10/2025 19:19:11:876	UTIL	[46:46:630309312]	INFO	thread_wrapper_t::bind_queue  , self_id = 139767211611840, bind_thr = 0x0000561f0e140d90[139767354222272], r_queue = 0x0000561f0e181328, w_queue = 0x0000561f0e181100, this = 0x0000561f0e173800
11/10/2025 19:19:11:876	UTIL	[46:46:630309312]	INFO	thread_wrapper_t::create_channel(), bind_thr = 0x0000561f0e173800[139767211611840], read_capacity = 65536, write_capacity = 65536, this = 0x0000561f0e173800
11/10/2025 19:19:11:885	UTIL	[46:46:630309312]	INFO	o2o_msg_queue_t::o2o_msg_queue_t, notifier = 0x0000561f0e177bc0, writer = 0x0000561f0e173800[139767211611840], reader = 0x0000561f0e173800[139767211611840], capacity = 65536, mode = 1, this = 0x0000561f0e1818f0
11/10/2025 19:19:11:886	UTIL	[46:46:630309312]	INFO	o2o_msg_queue_t::o2o_msg_queue_t, notifier = 0x0000561f0e177bc0, writer = 0x0000561f0e173800[139767211611840], reader = 0x0000561f0e173800[139767211611840], capacity = 65536, mode = 1, this = 0x0000561f0e181b20
11/10/2025 19:19:11:887	UTIL	[46:46:630309312]	INFO	thread_wrapper_t::send_ctrl_msg msg = 0x0000561f0e181d50, (uint64_t)m_id = 139767211611840, timeout = -1, this = 0x0000561f0e173800
11/10/2025 19:19:11:887	UTIL	[46:60:385865408]	INFO	thread_wrapper_t::create_ch_msg_t::on_message from = 0x0000561f0e173800, to = 0x0000561f0e173800, this = 0x0000561f0e181d50
11/10/2025 19:19:11:887	UTIL	[46:60:385865408]	INFO	thread_wrapper_t::bind_queue  , self_id = 139767211611840, bind_thr = 0x0000561f0e173800[139767211611840], r_queue = 0x0000561f0e181958, w_queue = 0x0000561f0e181b90, this = 0x0000561f0e173800
11/10/2025 19:19:11:888	UTIL	[46:46:630309312]	INFO	thread_wrapper_t::bind_queue  , self_id = 139767211611840, bind_thr = 0x0000561f0e173800[139767211611840], r_queue = 0x0000561f0e181b88, w_queue = 0x0000561f0e181960, this = 0x0000561f0e173800
11/10/2025 19:19:11:888	UTIL	[46:46:630309312]	INFO	thread_wrapper_t::bind_queue bind_thr = 0x0000561f0e173800 already be existed, skip it, this = 0x0000561f0e173800
11/10/2025 19:19:11:888	UTIL	[46:46:630309312]	INFO	thread_wrapper_t::adjust_timer_precision, m_timer_precision = 50, new_timer_precision = 50, this = 0x0000561f0e173800
11/10/2025 19:19:11:888	UTIL	[46:46:630309312]	INFO	thread_mgr_t::spawn, mode = 01000004, w_queue_size = 65536, type = 1028, interact_timer = true, thr_name = zoom.im.index, bind_mask = 4294967295, use_ext_timer_drv = false, notifier = 0x0000000000000000, this = 0x0000561f0e0f80f0
11/10/2025 19:19:11:888	UTIL	[46:46:630309312]	INFO	thread_wrapper_t::thread_wrapper_t, mode = 01000004, id = 0, type = 1028, thr_manager = 0x0000561f0e0f80f0, waits = 1, interact_timer = true, m_timer_precision = 50, this = 0x0000561f0e1824e0
11/10/2025 19:19:11:888	UTIL	[46:46:630309312]	INFO	msg_queue_t::msg_queue_t notifier = , notifier = 0x0000000000000000, writer = 0x0000000000000000, capacity = 1024, mode = 1, this = 0x0000561f0e182790
11/10/2025 19:19:11:888	UTIL	[46:46:630309312]	INFO	thread_wrapper_t::thread_wrapper_t ctrl queue size = 1024, this = 0x0000561f0e1824e0
11/10/2025 19:19:11:888	UTIL	[46:46:630309312]	INFO	thread_io_t::thread_io_t(), mode = 01000004, type = 1028, queue size = 65536, this = 0x0000561f0e1824b0
11/10/2025 19:19:11:888	UTIL	[46:46:630309312]	INFO	thread_io_t::open_notifier, waits = 1, this = 0x0000561f0e1824b0
11/10/2025 19:19:11:888	UTIL	[46:46:630309312]	INFO	msg_queue_base_t::open_notifier, m_notifier = 0x0000000000000000, notifier = 0x0000561f0e186c40, this = 0x0000561f0e1827b0
11/10/2025 19:19:11:888	UTIL	[46:46:630309312]	INFO	thread_io_t::thread_run(), id = 0, args = 0x0000000000000000, this = 0x0000561f0e1824b0
11/10/2025 19:19:11:888	UTIL	[46:46:630309312]	INFO	io_repo_t::io_repo_t, m_working = 0x0000561f0e1824e0, max_io_fds = 1024, this = 0x0000561f0e186ea0
11/10/2025 19:19:11:888	UTIL	[46:46:630309312]	INFO	notifier_handler_t::notifier_handler_t, io_container = 0x0000561f0e186ea00x0000561f0e186c40, this = 0x0000561f0e14eeb0
11/10/2025 19:19:11:888	UTIL	[46:46:630309312]	INFO	poll_t::poll_t register, fd = 22, es.first = 00000000000000000000000000000011, this = 0x0000561f0e186ea0
11/10/2025 19:19:11:888	UTIL	[46:46:630309312]	INFO	io_repo_t::start(), m_stop = true, this = 0x0000561f0e186ea0
11/10/2025 19:19:11:888	UTIL	[46:46:630309312]	INFO	thread_mgr_t::attach handle = 0x0000561f0e1824e0, thread_id = 139767203219136, owner_thr = 0x0000561f0e0e60a0, owner_id = 139767456055744, queue_size = 65536, this = 0x0000561f0e0f80f0
11/10/2025 19:19:11:888	UTIL	[46:46:630309312]	INFO	thread_wrapper_t::create_channel(), bind_thr = 0x0000561f0e0e60a0[139767456055744], read_capacity = 65536, write_capacity = 65536, this = 0x0000561f0e1824e0
11/10/2025 19:19:11:888	UTIL	[46:46:630309312]	INFO	o2o_msg_queue_t::o2o_msg_queue_t, notifier = 0x0000561f0e0f38f0, writer = 0x0000561f0e1824e0[139767203219136], reader = 0x0000561f0e0e60a0[139767456055744], capacity = 65536, mode = 0, this = 0x0000561f0e18f910
11/10/2025 19:19:11:890	UTIL	[46:46:630309312]	INFO	o2o_msg_queue_t::o2o_msg_queue_t, notifier = 0x0000561f0e186c40, writer = 0x0000561f0e0e60a0[139767456055744], reader = 0x0000561f0e1824e0[139767203219136], capacity = 65536, mode = 1, this = 0x0000561f0e18fb40
11/10/2025 19:19:11:890	UTIL	[46:46:630309312]	INFO	thread_wrapper_t::bind_queue  , self_id = 139767456055744, bind_thr = 0x0000561f0e1824e0[139767203219136], r_queue = 0x0000561f0e18f978, w_queue = 0x0000561f0e18fbb0, this = 0x0000561f0e0e60a0
11/10/2025 19:19:11:890	UTIL	[46:46:630309312]	INFO	thread_wrapper_t::bind_queue  , self_id = 139767203219136, bind_thr = 0x0000561f0e0e60a0[139767456055744], r_queue = 0x0000561f0e18fba8, w_queue = 0x0000561f0e18f980, this = 0x0000561f0e1824e0
11/10/2025 19:19:11:890	UTIL	[46:46:630309312]	INFO	thread_wrapper_t::create_channel(), bind_thr = 0x0000561f0e140d90[139767354222272], read_capacity = 65536, write_capacity = 65536, this = 0x0000561f0e1824e0
11/10/2025 19:19:11:890	UTIL	[46:46:630309312]	INFO	o2o_msg_queue_t::o2o_msg_queue_t, notifier = 0x0000561f0e13ea80, writer = 0x0000561f0e1824e0[139767203219136], reader = 0x0000561f0e140d90[139767354222272], capacity = 65536, mode = 1, this = 0x0000561f0e1901d0
11/10/2025 19:19:11:890	UTIL	[46:46:630309312]	INFO	o2o_msg_queue_t::o2o_msg_queue_t, notifier = 0x0000561f0e186c40, writer = 0x0000561f0e140d90[139767354222272], reader = 0x0000561f0e1824e0[139767203219136], capacity = 65536, mode = 1, this = 0x0000561f0e190400
11/10/2025 19:19:11:890	UTIL	[46:46:630309312]	INFO	thread_wrapper_t::send_ctrl_msg msg = 0x0000561f0e190630, (uint64_t)m_id = 0, timeout = -1, this = 0x0000561f0e1824e0
11/10/2025 19:19:11:890	UTIL	[46:61:377472704]	INFO	poll_t::loop () begin, working = 0x0000561f0e1824e0, this = 0x0000561f0e186ea0
11/10/2025 19:19:11:891	UTIL	[46:61:377472704]	INFO	thread_io_t::init_tls() thread_id = 139767203219136, this = 0x0000561f0e1824b0
11/10/2025 19:19:11:891	UTIL	[46:61:377472704]	INFO	thread_wrapper_t::init_tls(), m_thread_manager = 0x0000561f0e0f80f0, this = 0x0000561f0e1824e0
11/10/2025 19:19:11:891	UTIL	[46:61:377472704]	INFO	thread_mgr_t::register_tls, thr = 0x0000561f0e1824e0, tls = true, this = 0x0000561f0e0f80f0
11/10/2025 19:19:11:891	UTIL	[46:61:377472704]	INFO	thread_wrapper_t::start_alive_check() timer = 0x0000000000000000, m_interact_timer = true, this = 0x0000561f0e1824e0
11/10/2025 19:19:11:891	UTIL	[46:61:377472704]	INFO	timer_queue_t::timer_queue_t() , sink = 0x0000561f0e182518, min_interval = 204800, this = 0x00007f1de8001070
11/10/2025 19:19:11:891	UTIL	[46:61:377472704]	INFO	thread_wrapper_t::create_ch_msg_t::on_message from = 0x0000561f0e1824e0, to = 0x0000561f0e140d90, this = 0x0000561f0e190630
11/10/2025 19:19:11:891	UTIL	[46:61:377472704]	INFO	thread_wrapper_t::bind_queue  , self_id = 139767354222272, bind_thr = 0x0000561f0e1824e0[139767203219136], r_queue = 0x0000561f0e190238, w_queue = 0x0000561f0e190470, this = 0x0000561f0e140d90
11/10/2025 19:19:11:891	UTIL	[46:46:630309312]	INFO	thread_wrapper_t::bind_queue  , self_id = 139767203219136, bind_thr = 0x0000561f0e140d90[139767354222272], r_queue = 0x0000561f0e190468, w_queue = 0x0000561f0e190240, this = 0x0000561f0e1824e0
11/10/2025 19:19:11:891	UTIL	[46:46:630309312]	INFO	thread_wrapper_t::create_channel(), bind_thr = 0x0000561f0e173800[139767211611840], read_capacity = 65536, write_capacity = 65536, this = 0x0000561f0e1824e0
11/10/2025 19:19:11:891	UTIL	[46:46:630309312]	INFO	o2o_msg_queue_t::o2o_msg_queue_t, notifier = 0x0000561f0e177bc0, writer = 0x0000561f0e1824e0[139767203219136], reader = 0x0000561f0e173800[139767211611840], capacity = 65536, mode = 1, this = 0x0000561f0e190af0
11/10/2025 19:19:11:891	UTIL	[46:46:630309312]	INFO	o2o_msg_queue_t::o2o_msg_queue_t, notifier = 0x0000561f0e186c40, writer = 0x0000561f0e173800[139767211611840], reader = 0x0000561f0e1824e0[139767203219136], capacity = 65536, mode = 1, this = 0x0000561f0e190d20
11/10/2025 19:19:11:891	UTIL	[46:46:630309312]	INFO	thread_wrapper_t::send_ctrl_msg msg = 0x0000561f0e190f50, (uint64_t)m_id = 139767203219136, timeout = -1, this = 0x0000561f0e1824e0
11/10/2025 19:19:11:891	UTIL	[46:61:377472704]	INFO	thread_wrapper_t::create_ch_msg_t::on_message from = 0x0000561f0e1824e0, to = 0x0000561f0e173800, this = 0x0000561f0e190f50
11/10/2025 19:19:11:891	UTIL	[46:61:377472704]	INFO	thread_wrapper_t::bind_queue  , self_id = 139767211611840, bind_thr = 0x0000561f0e1824e0[139767203219136], r_queue = 0x0000561f0e190b58, w_queue = 0x0000561f0e190d90, this = 0x0000561f0e173800
11/10/2025 19:19:11:891	UTIL	[46:46:630309312]	INFO	thread_wrapper_t::bind_queue  , self_id = 139767203219136, bind_thr = 0x0000561f0e173800[139767211611840], r_queue = 0x0000561f0e190d88, w_queue = 0x0000561f0e190b60, this = 0x0000561f0e1824e0
11/10/2025 19:19:11:891	UTIL	[46:46:630309312]	INFO	thread_wrapper_t::create_channel(), bind_thr = 0x0000561f0e1824e0[139767203219136], read_capacity = 65536, write_capacity = 65536, this = 0x0000561f0e1824e0
11/10/2025 19:19:11:891	UTIL	[46:46:630309312]	INFO	o2o_msg_queue_t::o2o_msg_queue_t, notifier = 0x0000561f0e186c40, writer = 0x0000561f0e1824e0[139767203219136], reader = 0x0000561f0e1824e0[139767203219136], capacity = 65536, mode = 1, this = 0x0000561f0e191420
11/10/2025 19:19:11:892	UTIL	[46:46:630309312]	INFO	o2o_msg_queue_t::o2o_msg_queue_t, notifier = 0x0000561f0e186c40, writer = 0x0000561f0e1824e0[139767203219136], reader = 0x0000561f0e1824e0[139767203219136], capacity = 65536, mode = 1, this = 0x0000561f0e191650
11/10/2025 19:19:11:892	UTIL	[46:46:630309312]	INFO	thread_wrapper_t::send_ctrl_msg msg = 0x0000561f0e191880, (uint64_t)m_id = 139767203219136, timeout = -1, this = 0x0000561f0e1824e0
11/10/2025 19:19:11:892	UTIL	[46:61:377472704]	INFO	thread_wrapper_t::create_ch_msg_t::on_message from = 0x0000561f0e1824e0, to = 0x0000561f0e1824e0, this = 0x0000561f0e191880
11/10/2025 19:19:11:892	UTIL	[46:61:377472704]	INFO	thread_wrapper_t::bind_queue  , self_id = 139767203219136, bind_thr = 0x0000561f0e1824e0[139767203219136], r_queue = 0x0000561f0e191488, w_queue = 0x0000561f0e1916c0, this = 0x0000561f0e1824e0
11/10/2025 19:19:11:892	UTIL	[46:46:630309312]	INFO	thread_wrapper_t::bind_queue  , self_id = 139767203219136, bind_thr = 0x0000561f0e1824e0[139767203219136], r_queue = 0x0000561f0e1916b8, w_queue = 0x0000561f0e191490, this = 0x0000561f0e1824e0
11/10/2025 19:19:11:892	UTIL	[46:46:630309312]	INFO	thread_wrapper_t::bind_queue bind_thr = 0x0000561f0e1824e0 already be existed, skip it, this = 0x0000561f0e1824e0
11/10/2025 19:19:11:892	UTIL	[46:46:630309312]	INFO	thread_wrapper_t::adjust_timer_precision, m_timer_precision = 50, new_timer_precision = 50, this = 0x0000561f0e1824e0
11/10/2025 19:19:12:445	UTIL	[46:46:630309312]	INFO	UTIL_INIT  refer times = 5, module_id = 5, UTIL has been built on:Sep 19 2025 at 06:33:56 on branch release-client-6.6.x with commit ID 2583f48484aeb604c472d0a89b4ddc1f55
11/10/2025 19:19:12:445	UTIL	[46:46:630309312]	INFO	register_logger  module_id = 5, module_name = MCM, max_level = 31, logger = 0x0000000000000000, mode = 3
11/10/2025 19:19:12:462	UTIL	[46:46:630309312]	INFO	register_logger  module_id = 6, module_name = NYDUS, max_level = 31, logger = 0x0000000000000000, mode = 3
11/10/2025 19:19:12:462	UTIL	[46:46:630309312]	INFO	timer_it::timer_it id = 0, own_thr = 0x0000000000000000, this = 0x0000561f0e1949f0
11/10/2025 19:19:12:462	UTIL	[46:46:630309312]	INFO	timer_it::timer_it id = 0, own_thr = 0x0000000000000000, this = 0x0000561f0e1b57f0
11/10/2025 19:19:12:462	UTIL	[46:46:630309312]	INFO	thread_mgr_t::spawn, mode = 00000008, w_queue_size = 8192, type = 1024, interact_timer = true, thr_name = , bind_mask = 4294967295, use_ext_timer_drv = false, notifier = 0x0000000000000000, this = 0x0000561f0e0f80f0
11/10/2025 19:19:12:462	UTIL	[46:46:630309312]	INFO	thread_mgr_t::spawn already has an instance for the thread, return it directly, thread id = 139767456055744, this = 0x0000561f0e0f80f0
11/10/2025 19:19:12:703	UTIL	[46:46:630309312]	INFO	timer_it::add_timer sink = 0x0000561f0e1b65c8, interval = 12800, times = 0, is_exact = true, this = 0x0000561f0e1949f0
11/10/2025 19:19:12:703	UTIL	[46:46:630309312]	INFO	timer_it::add_timer sink = 0x0000561f0e1b65c8, interval = 3840, times = 0, is_exact = true, this = 0x0000561f0e1b57f0
11/10/2025 19:20:13:111	UTIL	[46:46:630309312]	INFO	mlog_file::init mid:1069 size:1048576 shmem:false ret:0 this:0x0000561f0e1b73f8
11/10/2025 19:20:15:393	UTIL	[46:46:630309312]	INFO	mlog_file::init mid:1027 size:1048576 shmem:false ret:0 this:0x0000561f0e32d358
11/10/2025 19:20:15:453	UTIL	[46:46:630309312]	INFO	mlog_file::init mid:1008 size:1048576 shmem:false ret:0 this:0x0000561f0e32c688
11/10/2025 19:20:15:714	UTIL	[46:46:630309312]	INFO	mlog_file::init mid:1030 size:1048576 shmem:false ret:0 this:0x0000561f0e340a68
