11/10/2025 19:19:23:596	UTIL	[46:46:96752064]	INFO	thread_mgr_t ::thread_mgr_t(),Mon,10 Nov 2025 19:19:23 GMT, preset_owner_thr = false, this = 0x00005565460160f0
11/10/2025 19:19:23:596	UTIL	[46:46:96752064]	INFO	new_i8_allocator_t::new_i8_allocator_t, m_page_size = 4096, this = 0x0000556546012f00
11/10/2025 19:19:23:601	UTIL	[46:46:96752064]	INFO	UTIL_INIT  refer , s_init_times = 1, module_id = 9, description = UTIL has been built on:Sep 19 2025 at 06:33:56 on branch release-client-6.6.x with commit ID 2583f48484aeb604c472d0a89b4ddc1f55, dir = , filename = , pext = log, max_size = 41943040, max_idx = 99
11/10/2025 19:19:23:601	UTIL	[46:46:96752064]	INFO	set_timer_driver, setup_call = 0x00007fe8213603b0, remove_call = 0x00007fe821360290
11/10/2025 19:19:23:601	UTIL	[46:46:96752064]	INFO	thread_mgr_t::spawn, mode = 02000008, w_queue_size = 8192, type = 0, interact_timer = true, thr_name = , bind_mask = 4294967295, use_ext_timer_drv = true, notifier = 0x00005565460118f0, this = 0x00005565460160f0
11/10/2025 19:19:23:601	UTIL	[46:46:96752064]	INFO	thread_wrapper_t::thread_wrapper_t, mode = 02000008, id = 0, type = 0, thr_manager = 0x00005565460160f0, waits = 0, interact_timer = true, m_timer_precision = 50, this = 0x00005565460040a0
11/10/2025 19:19:23:601	UTIL	[46:46:96752064]	INFO	msg_queue_t::msg_queue_t notifier = , notifier = 0x00005565460118f0, writer = 0x0000000000000000, capacity = 1024, mode = 0, this = 0x0000556546011b10
11/10/2025 19:19:23:601	UTIL	[46:46:96752064]	INFO	thread_wrapper_t::thread_wrapper_t ctrl queue size = 1024, this = 0x00005565460040a0
11/10/2025 19:19:23:601	UTIL	[46:46:96752064]	INFO	thread_wrapper_t::init_tls(), m_thread_manager = 0x00005565460160f0, this = 0x00005565460040a0
11/10/2025 19:19:23:601	UTIL	[46:46:96752064]	INFO	thread_mgr_t::register_tls, thr = 0x00005565460040a0, tls = true, this = 0x00005565460160f0
11/10/2025 19:19:23:601	UTIL	[46:46:96752064]	INFO	thread_wrapper_t::start_alive_check() timer = 0x0000000000000000, m_interact_timer = true, this = 0x00005565460040a0
11/10/2025 19:19:23:601	UTIL	[46:46:96752064]	INFO	timer_queue_t::timer_queue_t() , sink = 0x00005565460040d8, min_interval = 204800, this = 0x000055654601eb00
11/10/2025 19:19:23:602	UTIL	[46:46:96752064]	INFO	thread_wrapper_t::open_notifier, waits = 0, m_notify = 0x00005565460118f0, this = 0x00005565460040a0
11/10/2025 19:19:23:602	UTIL	[46:46:96752064]	INFO	msg_queue_base_t::open_notifier, m_notifier = 0x00005565460118f0, notifier = 0x00005565460118f0, this = 0x0000556546011b30
11/10/2025 19:19:23:602	UTIL	[46:46:96752064]	INFO	thread_mgr_t::attach handle = 0x00005565460040a0, thread_id = 140634505892288, owner_thr = 0x00005565460040a0, owner_id = 140634505892288, queue_size = 8192, this = 0x00005565460160f0
11/10/2025 19:19:23:602	UTIL	[46:46:96752064]	INFO	thread_wrapper_t::create_channel(), bind_thr = 0x00005565460040a0[140634505892288], read_capacity = 8192, write_capacity = 8192, this = 0x00005565460040a0
11/10/2025 19:19:23:602	UTIL	[46:46:96752064]	INFO	o2o_msg_queue_t::o2o_msg_queue_t, notifier = 0x00005565460118f0, writer = 0x00005565460040a0[140634505892288], reader = 0x00005565460040a0[140634505892288], capacity = 8192, mode = 0, this = 0x0000556546012d00
11/10/2025 19:19:23:602	UTIL	[46:46:96752064]	INFO	o2o_msg_queue_t::o2o_msg_queue_t, notifier = 0x00005565460118f0, writer = 0x00005565460040a0[140634505892288], reader = 0x00005565460040a0[140634505892288], capacity = 8192, mode = 0, this = 0x0000556546015e00
11/10/2025 19:19:23:602	UTIL	[46:46:96752064]	INFO	thread_wrapper_t::bind_queue  , self_id = 140634505892288, bind_thr = 0x00005565460040a0[140634505892288], r_queue = 0x0000556546012d68, w_queue = 0x0000556546015e70, this = 0x00005565460040a0
11/10/2025 19:19:23:602	UTIL	[46:46:96752064]	INFO	thread_wrapper_t::bind_queue  , self_id = 140634505892288, bind_thr = 0x00005565460040a0[140634505892288], r_queue = 0x0000556546015e68, w_queue = 0x0000556546012d70, this = 0x00005565460040a0
11/10/2025 19:19:23:602	UTIL	[46:46:96752064]	INFO	thread_wrapper_t::bind_queue bind_thr = 0x00005565460040a0 already be existed, skip it, this = 0x00005565460040a0
11/10/2025 19:19:23:602	UTIL	[46:46:96752064]	INFO	thread_wrapper_t::adjust_timer_precision, m_timer_precision = 50, new_timer_precision = 50, this = 0x00005565460040a0
11/10/2025 19:19:23:602	UTIL	[46:46:96752064]	INFO	register_logger  module_id = 1057, module_name = zoomtask, max_level = 31, logger = 0x0000000000000000, mode = 3
11/10/2025 19:19:23:833	UTIL	[46:46:96752064]	INFO	UTIL_INIT  refer times = 2, module_id = 1057, UTIL has been built on:Sep 19 2025 at 06:33:56 on branch release-client-6.6.x with commit ID 2583f48484aeb604c472d0a89b4ddc1f55
11/10/2025 19:19:23:833	UTIL	[46:46:96752064]	INFO	register_logger  module_id = 1057, module_name = ZoomTask, max_level = 31, logger = 0x0000000000000000, mode = 3
11/10/2025 19:19:23:903	UTIL	[46:46:96752064]	INFO	UTIL_INIT  refer times = 3, module_id = 2, UTIL has been built on:Sep 19 2025 at 06:33:56 on branch release-client-6.6.x with commit ID 2583f48484aeb604c472d0a89b4ddc1f55
11/10/2025 19:19:23:905	UTIL	[46:46:96752064]	INFO	timer_it::timer_it id = 0, own_thr = 0x0000000000000000, this = 0x0000556546016848
11/10/2025 19:19:23:905	UTIL	[46:46:96752064]	INFO	thread_mgr_t::spawn, mode = 01000004, w_queue_size = 0, type = 3, interact_timer = true, thr_name = zoom.dns, bind_mask = 0, use_ext_timer_drv = false, notifier = 0x0000000000000000, this = 0x00005565460160f0
11/10/2025 19:19:23:905	UTIL	[46:46:96752064]	INFO	thread_wrapper_t::thread_wrapper_t, mode = 01000004, id = 0, type = 3, thr_manager = 0x00005565460160f0, waits = 1, interact_timer = true, m_timer_precision = 50, this = 0x000055654605ee20
11/10/2025 19:19:23:905	UTIL	[46:46:96752064]	INFO	msg_queue_t::msg_queue_t notifier = , notifier = 0x0000000000000000, writer = 0x0000000000000000, capacity = 1024, mode = 1, this = 0x000055654605f280
11/10/2025 19:19:23:905	UTIL	[46:46:96752064]	INFO	thread_wrapper_t::thread_wrapper_t ctrl queue size = 1024, this = 0x000055654605ee20
11/10/2025 19:19:23:905	UTIL	[46:46:96752064]	INFO	thread_io_t::thread_io_t(), mode = 01000004, type = 3, queue size = 0, this = 0x000055654605edf0
11/10/2025 19:19:23:905	UTIL	[46:46:96752064]	INFO	thread_io_t::open_notifier, waits = 1, this = 0x000055654605edf0
11/10/2025 19:19:23:905	UTIL	[46:46:96752064]	INFO	msg_queue_base_t::open_notifier, m_notifier = 0x0000000000000000, notifier = 0x000055654605cb10, this = 0x000055654605f2a0
11/10/2025 19:19:23:905	UTIL	[46:46:96752064]	INFO	thread_io_t::thread_run(), id = 0, args = 0x0000000000000000, this = 0x000055654605edf0
11/10/2025 19:19:23:905	UTIL	[46:46:96752064]	INFO	io_repo_t::io_repo_t, m_working = 0x000055654605ee20, max_io_fds = 1024, this = 0x00005565460637a0
11/10/2025 19:19:23:905	UTIL	[46:46:96752064]	INFO	notifier_handler_t::notifier_handler_t, io_container = 0x00005565460637a00x000055654605cb10, this = 0x000055654606b920
11/10/2025 19:19:23:905	UTIL	[46:46:96752064]	INFO	poll_t::poll_t register, fd = 11, es.first = 00000000000000000000000000000011, this = 0x00005565460637a0
11/10/2025 19:19:23:905	UTIL	[46:46:96752064]	INFO	io_repo_t::start(), m_stop = true, this = 0x00005565460637a0
11/10/2025 19:19:23:905	UTIL	[46:46:96752064]	INFO	thread_mgr_t::spawn only has control message queue for this thread, this = 0x00005565460160f0
11/10/2025 19:19:23:905	UTIL	[46:46:96752064]	FATAL	assert: msg[thread_wrapper_t::create_channel bind thread should valid!, bind_thr = 0x0000000000000000] file[/home/jenkins/agent/workspace/Client/Client/DMT/linux/release/tp_util/util/src/thread.cpp], line = [1122]
11/10/2025 19:19:23:905	UTIL	[46:46:96752064]	INFO	thread_wrapper_t::adjust_timer_precision, m_timer_precision = 50, new_timer_precision = 50, this = 0x000055654605ee20
11/10/2025 19:19:23:905	UTIL	[46:46:96752064]	INFO	timer_it::timer_it id = 0, own_thr = 0x0000000000000000, this = 0x000055654606c3e0
11/10/2025 19:19:23:905	UTIL	[46:46:96752064]	INFO	timer_it::add_timer sink = 0x0000556546016720, interval = 100, times = 0, is_exact = true, this = 0x000055654606c3e0
11/10/2025 19:19:23:916	UTIL	[46:52:4290766528]	INFO	poll_t::loop () begin, working = 0x000055654605ee20, this = 0x00005565460637a0
11/10/2025 19:19:23:916	UTIL	[46:52:4290766528]	INFO	thread_io_t::init_tls() thread_id = 140634404939456, this = 0x000055654605edf0
11/10/2025 19:19:23:916	UTIL	[46:52:4290766528]	INFO	thread_wrapper_t::init_tls(), m_thread_manager = 0x00005565460160f0, this = 0x000055654605ee20
11/10/2025 19:19:23:916	UTIL	[46:52:4290766528]	INFO	thread_mgr_t::register_tls, thr = 0x000055654605ee20, tls = true, this = 0x00005565460160f0
11/10/2025 19:19:23:916	UTIL	[46:52:4290766528]	INFO	thread_wrapper_t::start_alive_check() timer = 0x0000000000000000, m_interact_timer = true, this = 0x000055654605ee20
11/10/2025 19:19:23:916	UTIL	[46:52:4290766528]	INFO	timer_queue_t::timer_queue_t() , sink = 0x000055654605ee58, min_interval = 204800, this = 0x00007fe7ec001070
11/10/2025 19:19:23:917	UTIL	[46:46:96752064]	INFO	UTIL_INIT  refer times = 4, module_id = 9, UTIL has been built on:Sep 19 2025 at 06:33:56 on branch release-client-6.6.x with commit ID 2583f48484aeb604c472d0a89b4ddc1f55
11/10/2025 19:19:23:917	UTIL	[46:46:96752064]	INFO	thread_mgr_t::spawn, mode = 01000004, w_queue_size = 65536, type = 1027, interact_timer = true, thr_name = zoom.db, bind_mask = 4294967295, use_ext_timer_drv = false, notifier = 0x0000000000000000, this = 0x00005565460160f0
11/10/2025 19:19:23:917	UTIL	[46:46:96752064]	INFO	thread_wrapper_t::thread_wrapper_t, mode = 01000004, id = 0, type = 1027, thr_manager = 0x00005565460160f0, waits = 1, interact_timer = true, m_timer_precision = 50, this = 0x0000556546091830
11/10/2025 19:19:23:917	UTIL	[46:46:96752064]	INFO	msg_queue_t::msg_queue_t notifier = , notifier = 0x0000000000000000, writer = 0x0000000000000000, capacity = 1024, mode = 1, this = 0x0000556546085980
11/10/2025 19:19:23:917	UTIL	[46:46:96752064]	INFO	thread_wrapper_t::thread_wrapper_t ctrl queue size = 1024, this = 0x0000556546091830
11/10/2025 19:19:23:917	UTIL	[46:46:96752064]	INFO	thread_io_t::thread_io_t(), mode = 01000004, type = 1027, queue size = 65536, this = 0x0000556546091800
11/10/2025 19:19:23:917	UTIL	[46:46:96752064]	INFO	thread_io_t::open_notifier, waits = 1, this = 0x0000556546091800
11/10/2025 19:19:23:917	UTIL	[46:46:96752064]	INFO	msg_queue_base_t::open_notifier, m_notifier = 0x0000000000000000, notifier = 0x0000556546095bf0, this = 0x00005565460859a0
11/10/2025 19:19:23:917	UTIL	[46:46:96752064]	INFO	thread_io_t::thread_run(), id = 0, args = 0x0000000000000000, this = 0x0000556546091800
11/10/2025 19:19:23:917	UTIL	[46:46:96752064]	INFO	io_repo_t::io_repo_t, m_working = 0x0000556546091830, max_io_fds = 1024, this = 0x0000556546095df0
11/10/2025 19:19:23:918	UTIL	[46:46:96752064]	INFO	notifier_handler_t::notifier_handler_t, io_container = 0x0000556546095df00x0000556546095bf0, this = 0x0000556546087240
11/10/2025 19:19:23:918	UTIL	[46:46:96752064]	INFO	poll_t::poll_t register, fd = 20, es.first = 00000000000000000000000000000011, this = 0x0000556546095df0
11/10/2025 19:19:23:918	UTIL	[46:46:96752064]	INFO	io_repo_t::start(), m_stop = true, this = 0x0000556546095df0
11/10/2025 19:19:23:918	UTIL	[46:46:96752064]	INFO	thread_mgr_t::attach handle = 0x0000556546091830, thread_id = 140634199418560, owner_thr = 0x00005565460040a0, owner_id = 140634505892288, queue_size = 65536, this = 0x00005565460160f0
11/10/2025 19:19:23:918	UTIL	[46:46:96752064]	INFO	thread_wrapper_t::create_channel(), bind_thr = 0x00005565460040a0[140634505892288], read_capacity = 65536, write_capacity = 65536, this = 0x0000556546091830
11/10/2025 19:19:23:918	UTIL	[46:46:96752064]	INFO	o2o_msg_queue_t::o2o_msg_queue_t, notifier = 0x00005565460118f0, writer = 0x0000556546091830[140634199418560], reader = 0x00005565460040a0[140634505892288], capacity = 65536, mode = 0, this = 0x000055654609e860
11/10/2025 19:19:23:918	UTIL	[46:46:96752064]	INFO	o2o_msg_queue_t::o2o_msg_queue_t, notifier = 0x0000556546095bf0, writer = 0x00005565460040a0[140634505892288], reader = 0x0000556546091830[140634199418560], capacity = 65536, mode = 1, this = 0x000055654609ea90
11/10/2025 19:19:23:918	UTIL	[46:46:96752064]	INFO	thread_wrapper_t::bind_queue  , self_id = 140634505892288, bind_thr = 0x0000556546091830[140634199418560], r_queue = 0x000055654609e8c8, w_queue = 0x000055654609eb00, this = 0x00005565460040a0
11/10/2025 19:19:23:918	UTIL	[46:46:96752064]	INFO	thread_wrapper_t::bind_queue  , self_id = 140634199418560, bind_thr = 0x00005565460040a0[140634505892288], r_queue = 0x000055654609eaf8, w_queue = 0x000055654609e8d0, this = 0x0000556546091830
11/10/2025 19:19:23:918	UTIL	[46:46:96752064]	INFO	thread_wrapper_t::create_channel(), bind_thr = 0x000055654605ee20[140634404939456], read_capacity = 65536, write_capacity = 65536, this = 0x0000556546091830
11/10/2025 19:19:23:922	UTIL	[46:46:96752064]	INFO	o2o_msg_queue_t::o2o_msg_queue_t, notifier = 0x000055654605cb10, writer = 0x0000556546091830[140634199418560], reader = 0x000055654605ee20[140634404939456], capacity = 65536, mode = 1, this = 0x000055654609f120
11/10/2025 19:19:23:922	UTIL	[46:46:96752064]	INFO	o2o_msg_queue_t::o2o_msg_queue_t, notifier = 0x0000556546095bf0, writer = 0x000055654605ee20[140634404939456], reader = 0x0000556546091830[140634199418560], capacity = 65536, mode = 1, this = 0x000055654609f2f0
11/10/2025 19:19:23:922	UTIL	[46:46:96752064]	INFO	thread_wrapper_t::send_ctrl_msg msg = 0x000055654609f520, (uint64_t)m_id = 0, timeout = -1, this = 0x0000556546091830
11/10/2025 19:19:23:924	UTIL	[46:60:4085245632]	INFO	poll_t::loop () begin, working = 0x0000556546091830, this = 0x0000556546095df0
11/10/2025 19:19:23:924	UTIL	[46:60:4085245632]	INFO	thread_io_t::init_tls() thread_id = 140634199418560, this = 0x0000556546091800
11/10/2025 19:19:23:924	UTIL	[46:60:4085245632]	INFO	thread_wrapper_t::init_tls(), m_thread_manager = 0x00005565460160f0, this = 0x0000556546091830
11/10/2025 19:19:23:924	UTIL	[46:60:4085245632]	INFO	thread_mgr_t::register_tls, thr = 0x0000556546091830, tls = true, this = 0x00005565460160f0
11/10/2025 19:19:23:924	UTIL	[46:60:4085245632]	INFO	thread_wrapper_t::start_alive_check() timer = 0x0000000000000000, m_interact_timer = true, this = 0x0000556546091830
11/10/2025 19:19:23:924	UTIL	[46:60:4085245632]	INFO	timer_queue_t::timer_queue_t() , sink = 0x0000556546091868, min_interval = 204800, this = 0x00007fe7d0001070
11/10/2025 19:19:23:924	UTIL	[46:60:4085245632]	INFO	thread_wrapper_t::create_ch_msg_t::on_message from = 0x0000556546091830, to = 0x000055654605ee20, this = 0x000055654609f520
11/10/2025 19:19:23:924	UTIL	[46:60:4085245632]	INFO	thread_wrapper_t::bind_queue  , self_id = 140634404939456, bind_thr = 0x0000556546091830[140634199418560], r_queue = 0x000055654609f188, w_queue = 0x000055654609f360, this = 0x000055654605ee20
11/10/2025 19:19:23:924	UTIL	[46:46:96752064]	INFO	thread_wrapper_t::bind_queue  , self_id = 140634199418560, bind_thr = 0x000055654605ee20[140634404939456], r_queue = 0x000055654609f358, w_queue = 0x000055654609f190, this = 0x0000556546091830
11/10/2025 19:19:23:925	UTIL	[46:46:96752064]	INFO	thread_wrapper_t::create_channel(), bind_thr = 0x0000556546091830[140634199418560], read_capacity = 65536, write_capacity = 65536, this = 0x0000556546091830
11/10/2025 19:19:23:925	UTIL	[46:46:96752064]	INFO	o2o_msg_queue_t::o2o_msg_queue_t, notifier = 0x0000556546095bf0, writer = 0x0000556546091830[140634199418560], reader = 0x0000556546091830[140634199418560], capacity = 65536, mode = 1, this = 0x000055654609f9e0
11/10/2025 19:19:23:925	UTIL	[46:46:96752064]	INFO	o2o_msg_queue_t::o2o_msg_queue_t, notifier = 0x0000556546095bf0, writer = 0x0000556546091830[140634199418560], reader = 0x0000556546091830[140634199418560], capacity = 65536, mode = 1, this = 0x000055654609fc10
11/10/2025 19:19:23:925	UTIL	[46:46:96752064]	INFO	thread_wrapper_t::send_ctrl_msg msg = 0x000055654609fe40, (uint64_t)m_id = 140634199418560, timeout = -1, this = 0x0000556546091830
11/10/2025 19:19:23:925	UTIL	[46:60:4085245632]	INFO	thread_wrapper_t::create_ch_msg_t::on_message from = 0x0000556546091830, to = 0x0000556546091830, this = 0x000055654609fe40
11/10/2025 19:19:23:925	UTIL	[46:60:4085245632]	INFO	thread_wrapper_t::bind_queue  , self_id = 140634199418560, bind_thr = 0x0000556546091830[140634199418560], r_queue = 0x000055654609fa48, w_queue = 0x000055654609fc80, this = 0x0000556546091830
11/10/2025 19:19:23:926	UTIL	[46:46:96752064]	INFO	thread_wrapper_t::bind_queue  , self_id = 140634199418560, bind_thr = 0x0000556546091830[140634199418560], r_queue = 0x000055654609fc78, w_queue = 0x000055654609fa50, this = 0x0000556546091830
11/10/2025 19:19:23:926	UTIL	[46:46:96752064]	INFO	thread_wrapper_t::bind_queue bind_thr = 0x0000556546091830 already be existed, skip it, this = 0x0000556546091830
11/10/2025 19:19:23:926	UTIL	[46:46:96752064]	INFO	thread_wrapper_t::adjust_timer_precision, m_timer_precision = 50, new_timer_precision = 50, this = 0x0000556546091830
11/10/2025 19:19:23:926	UTIL	[46:46:96752064]	INFO	thread_mgr_t::spawn, mode = 01000004, w_queue_size = 65536, type = 1028, interact_timer = true, thr_name = zoom.im.index, bind_mask = 4294967295, use_ext_timer_drv = false, notifier = 0x0000000000000000, this = 0x00005565460160f0
11/10/2025 19:19:23:926	UTIL	[46:46:96752064]	INFO	thread_wrapper_t::thread_wrapper_t, mode = 01000004, id = 0, type = 1028, thr_manager = 0x00005565460160f0, waits = 1, interact_timer = true, m_timer_precision = 50, this = 0x00005565460a05c0
11/10/2025 19:19:23:926	UTIL	[46:46:96752064]	INFO	msg_queue_t::msg_queue_t notifier = , notifier = 0x0000000000000000, writer = 0x0000000000000000, capacity = 1024, mode = 1, this = 0x00005565460a0870
11/10/2025 19:19:23:926	UTIL	[46:46:96752064]	INFO	thread_wrapper_t::thread_wrapper_t ctrl queue size = 1024, this = 0x00005565460a05c0
11/10/2025 19:19:23:926	UTIL	[46:46:96752064]	INFO	thread_io_t::thread_io_t(), mode = 01000004, type = 1028, queue size = 65536, this = 0x00005565460a0590
11/10/2025 19:19:23:926	UTIL	[46:46:96752064]	INFO	thread_io_t::open_notifier, waits = 1, this = 0x00005565460a0590
11/10/2025 19:19:23:926	UTIL	[46:46:96752064]	INFO	msg_queue_base_t::open_notifier, m_notifier = 0x0000000000000000, notifier = 0x00005565460a4d20, this = 0x00005565460a0890
11/10/2025 19:19:23:926	UTIL	[46:46:96752064]	INFO	thread_io_t::thread_run(), id = 0, args = 0x0000000000000000, this = 0x00005565460a0590
11/10/2025 19:19:23:926	UTIL	[46:46:96752064]	INFO	io_repo_t::io_repo_t, m_working = 0x00005565460a05c0, max_io_fds = 1024, this = 0x00005565460a4f80
11/10/2025 19:19:23:926	UTIL	[46:46:96752064]	INFO	notifier_handler_t::notifier_handler_t, io_container = 0x00005565460a4f800x00005565460a4d20, this = 0x000055654606cf40
11/10/2025 19:19:23:926	UTIL	[46:46:96752064]	INFO	poll_t::poll_t register, fd = 22, es.first = 00000000000000000000000000000011, this = 0x00005565460a4f80
11/10/2025 19:19:23:926	UTIL	[46:46:96752064]	INFO	io_repo_t::start(), m_stop = true, this = 0x00005565460a4f80
11/10/2025 19:19:23:926	UTIL	[46:46:96752064]	INFO	thread_mgr_t::attach handle = 0x00005565460a05c0, thread_id = 140634191025856, owner_thr = 0x00005565460040a0, owner_id = 140634505892288, queue_size = 65536, this = 0x00005565460160f0
11/10/2025 19:19:23:926	UTIL	[46:46:96752064]	INFO	thread_wrapper_t::create_channel(), bind_thr = 0x00005565460040a0[140634505892288], read_capacity = 65536, write_capacity = 65536, this = 0x00005565460a05c0
11/10/2025 19:19:23:926	UTIL	[46:46:96752064]	INFO	o2o_msg_queue_t::o2o_msg_queue_t, notifier = 0x00005565460118f0, writer = 0x00005565460a05c0[140634191025856], reader = 0x00005565460040a0[140634505892288], capacity = 65536, mode = 0, this = 0x00005565460ad9f0
11/10/2025 19:19:23:926	UTIL	[46:46:96752064]	INFO	o2o_msg_queue_t::o2o_msg_queue_t, notifier = 0x00005565460a4d20, writer = 0x00005565460040a0[140634505892288], reader = 0x00005565460a05c0[140634191025856], capacity = 65536, mode = 1, this = 0x00005565460adc20
11/10/2025 19:19:23:926	UTIL	[46:46:96752064]	INFO	thread_wrapper_t::bind_queue  , self_id = 140634505892288, bind_thr = 0x00005565460a05c0[140634191025856], r_queue = 0x00005565460ada58, w_queue = 0x00005565460adc90, this = 0x00005565460040a0
11/10/2025 19:19:23:926	UTIL	[46:46:96752064]	INFO	thread_wrapper_t::bind_queue  , self_id = 140634191025856, bind_thr = 0x00005565460040a0[140634505892288], r_queue = 0x00005565460adc88, w_queue = 0x00005565460ada60, this = 0x00005565460a05c0
11/10/2025 19:19:23:926	UTIL	[46:46:96752064]	INFO	thread_wrapper_t::create_channel(), bind_thr = 0x000055654605ee20[140634404939456], read_capacity = 65536, write_capacity = 65536, this = 0x00005565460a05c0
11/10/2025 19:19:23:927	UTIL	[46:46:96752064]	INFO	o2o_msg_queue_t::o2o_msg_queue_t, notifier = 0x000055654605cb10, writer = 0x00005565460a05c0[140634191025856], reader = 0x000055654605ee20[140634404939456], capacity = 65536, mode = 1, this = 0x00005565460ae2b0
11/10/2025 19:19:23:927	UTIL	[46:46:96752064]	INFO	o2o_msg_queue_t::o2o_msg_queue_t, notifier = 0x00005565460a4d20, writer = 0x000055654605ee20[140634404939456], reader = 0x00005565460a05c0[140634191025856], capacity = 65536, mode = 1, this = 0x00005565460ae4e0
11/10/2025 19:19:23:927	UTIL	[46:46:96752064]	INFO	thread_wrapper_t::send_ctrl_msg msg = 0x00005565460ae710, (uint64_t)m_id = 0, timeout = -1, this = 0x00005565460a05c0
11/10/2025 19:19:23:927	UTIL	[46:61:4076852928]	INFO	poll_t::loop () begin, working = 0x00005565460a05c0, this = 0x00005565460a4f80
11/10/2025 19:19:23:927	UTIL	[46:61:4076852928]	INFO	thread_io_t::init_tls() thread_id = 140634191025856, this = 0x00005565460a0590
11/10/2025 19:19:23:927	UTIL	[46:61:4076852928]	INFO	thread_wrapper_t::init_tls(), m_thread_manager = 0x00005565460160f0, this = 0x00005565460a05c0
11/10/2025 19:19:23:927	UTIL	[46:61:4076852928]	INFO	thread_mgr_t::register_tls, thr = 0x00005565460a05c0, tls = true, this = 0x00005565460160f0
11/10/2025 19:19:23:927	UTIL	[46:61:4076852928]	INFO	thread_wrapper_t::start_alive_check() timer = 0x0000000000000000, m_interact_timer = true, this = 0x00005565460a05c0
11/10/2025 19:19:23:927	UTIL	[46:61:4076852928]	INFO	timer_queue_t::timer_queue_t() , sink = 0x00005565460a05f8, min_interval = 204800, this = 0x00007fe7d4001070
11/10/2025 19:19:23:927	UTIL	[46:61:4076852928]	INFO	thread_wrapper_t::create_ch_msg_t::on_message from = 0x00005565460a05c0, to = 0x000055654605ee20, this = 0x00005565460ae710
11/10/2025 19:19:23:927	UTIL	[46:61:4076852928]	INFO	thread_wrapper_t::bind_queue  , self_id = 140634404939456, bind_thr = 0x00005565460a05c0[140634191025856], r_queue = 0x00005565460ae318, w_queue = 0x00005565460ae550, this = 0x000055654605ee20
11/10/2025 19:19:23:927	UTIL	[46:46:96752064]	INFO	thread_wrapper_t::bind_queue  , self_id = 140634191025856, bind_thr = 0x000055654605ee20[140634404939456], r_queue = 0x00005565460ae548, w_queue = 0x00005565460ae320, this = 0x00005565460a05c0
11/10/2025 19:19:23:927	UTIL	[46:46:96752064]	INFO	thread_wrapper_t::create_channel(), bind_thr = 0x0000556546091830[140634199418560], read_capacity = 65536, write_capacity = 65536, this = 0x00005565460a05c0
11/10/2025 19:19:23:927	UTIL	[46:46:96752064]	INFO	o2o_msg_queue_t::o2o_msg_queue_t, notifier = 0x0000556546095bf0, writer = 0x00005565460a05c0[140634191025856], reader = 0x0000556546091830[140634199418560], capacity = 65536, mode = 1, this = 0x00005565460aebd0
11/10/2025 19:19:23:927	UTIL	[46:46:96752064]	INFO	o2o_msg_queue_t::o2o_msg_queue_t, notifier = 0x00005565460a4d20, writer = 0x0000556546091830[140634199418560], reader = 0x00005565460a05c0[140634191025856], capacity = 65536, mode = 1, this = 0x00005565460aee00
11/10/2025 19:19:23:927	UTIL	[46:46:96752064]	INFO	thread_wrapper_t::send_ctrl_msg msg = 0x00005565460af030, (uint64_t)m_id = 140634191025856, timeout = -1, this = 0x00005565460a05c0
11/10/2025 19:19:23:927	UTIL	[46:61:4076852928]	INFO	thread_wrapper_t::create_ch_msg_t::on_message from = 0x00005565460a05c0, to = 0x0000556546091830, this = 0x00005565460af030
11/10/2025 19:19:23:927	UTIL	[46:61:4076852928]	INFO	thread_wrapper_t::bind_queue  , self_id = 140634199418560, bind_thr = 0x00005565460a05c0[140634191025856], r_queue = 0x00005565460aec38, w_queue = 0x00005565460aee70, this = 0x0000556546091830
11/10/2025 19:19:23:927	UTIL	[46:46:96752064]	INFO	thread_wrapper_t::bind_queue  , self_id = 140634191025856, bind_thr = 0x0000556546091830[140634199418560], r_queue = 0x00005565460aee68, w_queue = 0x00005565460aec40, this = 0x00005565460a05c0
11/10/2025 19:19:23:927	UTIL	[46:46:96752064]	INFO	thread_wrapper_t::create_channel(), bind_thr = 0x00005565460a05c0[140634191025856], read_capacity = 65536, write_capacity = 65536, this = 0x00005565460a05c0
11/10/2025 19:19:23:928	UTIL	[46:46:96752064]	INFO	o2o_msg_queue_t::o2o_msg_queue_t, notifier = 0x00005565460a4d20, writer = 0x00005565460a05c0[140634191025856], reader = 0x00005565460a05c0[140634191025856], capacity = 65536, mode = 1, this = 0x00005565460af4f0
11/10/2025 19:19:23:928	UTIL	[46:46:96752064]	INFO	o2o_msg_queue_t::o2o_msg_queue_t, notifier = 0x00005565460a4d20, writer = 0x00005565460a05c0[140634191025856], reader = 0x00005565460a05c0[140634191025856], capacity = 65536, mode = 1, this = 0x00005565460af720
11/10/2025 19:19:23:928	UTIL	[46:46:96752064]	INFO	thread_wrapper_t::send_ctrl_msg msg = 0x00005565460af950, (uint64_t)m_id = 140634191025856, timeout = -1, this = 0x00005565460a05c0
11/10/2025 19:19:23:928	UTIL	[46:61:4076852928]	INFO	thread_wrapper_t::create_ch_msg_t::on_message from = 0x00005565460a05c0, to = 0x00005565460a05c0, this = 0x00005565460af950
11/10/2025 19:19:23:928	UTIL	[46:61:4076852928]	INFO	thread_wrapper_t::bind_queue  , self_id = 140634191025856, bind_thr = 0x00005565460a05c0[140634191025856], r_queue = 0x00005565460af558, w_queue = 0x00005565460af790, this = 0x00005565460a05c0
11/10/2025 19:19:23:928	UTIL	[46:46:96752064]	INFO	thread_wrapper_t::bind_queue  , self_id = 140634191025856, bind_thr = 0x00005565460a05c0[140634191025856], r_queue = 0x00005565460af788, w_queue = 0x00005565460af560, this = 0x00005565460a05c0
11/10/2025 19:19:23:928	UTIL	[46:46:96752064]	INFO	thread_wrapper_t::bind_queue bind_thr = 0x00005565460a05c0 already be existed, skip it, this = 0x00005565460a05c0
11/10/2025 19:19:23:928	UTIL	[46:46:96752064]	INFO	thread_wrapper_t::adjust_timer_precision, m_timer_precision = 50, new_timer_precision = 50, this = 0x00005565460a05c0
11/10/2025 19:19:24:645	UTIL	[46:46:96752064]	INFO	UTIL_INIT  refer times = 5, module_id = 5, UTIL has been built on:Sep 19 2025 at 06:33:56 on branch release-client-6.6.x with commit ID 2583f48484aeb604c472d0a89b4ddc1f55
11/10/2025 19:19:24:645	UTIL	[46:46:96752064]	INFO	register_logger  module_id = 5, module_name = MCM, max_level = 31, logger = 0x0000000000000000, mode = 3
11/10/2025 19:19:25:039	UTIL	[46:46:96752064]	INFO	register_logger  module_id = 6, module_name = NYDUS, max_level = 31, logger = 0x0000000000000000, mode = 3
11/10/2025 19:19:25:499	UTIL	[46:46:96752064]	INFO	timer_it::timer_it id = 0, own_thr = 0x0000000000000000, this = 0x00005565460b29f0
11/10/2025 19:19:25:499	UTIL	[46:46:96752064]	INFO	timer_it::timer_it id = 0, own_thr = 0x0000000000000000, this = 0x00005565460d2f60
11/10/2025 19:19:25:499	UTIL	[46:46:96752064]	INFO	thread_mgr_t::spawn, mode = 00000008, w_queue_size = 8192, type = 1024, interact_timer = true, thr_name = , bind_mask = 4294967295, use_ext_timer_drv = false, notifier = 0x0000000000000000, this = 0x00005565460160f0
11/10/2025 19:19:25:499	UTIL	[46:46:96752064]	INFO	thread_mgr_t::spawn already has an instance for the thread, return it directly, thread id = 140634505892288, this = 0x00005565460160f0
11/10/2025 19:19:25:737	UTIL	[46:46:96752064]	INFO	timer_it::add_timer sink = 0x00005565460d3d38, interval = 12800, times = 0, is_exact = true, this = 0x00005565460b29f0
11/10/2025 19:19:25:737	UTIL	[46:46:96752064]	INFO	timer_it::add_timer sink = 0x00005565460d3d38, interval = 3840, times = 0, is_exact = true, this = 0x00005565460d2f60
11/10/2025 19:20:24:907	UTIL	[46:46:96752064]	INFO	mlog_file::init mid:1069 size:1048576 shmem:false ret:0 this:0x00005565460af3b8
11/10/2025 19:20:27:380	UTIL	[46:46:96752064]	INFO	mlog_file::init mid:1027 size:1048576 shmem:false ret:0 this:0x0000556546242ec8
11/10/2025 19:20:27:658	UTIL	[46:46:96752064]	INFO	mlog_file::init mid:1008 size:1048576 shmem:false ret:0 this:0x00005565460ae178
11/10/2025 19:20:27:893	UTIL	[46:46:96752064]	INFO	mlog_file::init mid:1030 size:1048576 shmem:false ret:0 this:0x000055654623f098
