11/10/2025 19:31:32:906	UTIL	[43:43:2815017408]	INFO	thread_mgr_t ::thread_mgr_t(),Mon,10 Nov 2025 19:31:32 GMT, preset_owner_thr = false, this = 0x000056261fc11100
11/10/2025 19:31:32:907	UTIL	[43:43:2815017408]	INFO	new_i8_allocator_t::new_i8_allocator_t, m_page_size = 4096, this = 0x000056261fc0df10
11/10/2025 19:31:32:907	UTIL	[43:43:2815017408]	INFO	UTIL_INIT  refer , s_init_times = 1, module_id = 9, description = UTIL has been built on:Sep 19 2025 at 06:33:56 on branch release-client-6.6.x with commit ID 2583f48484aeb604c472d0a89b4ddc1f55, dir = , filename = , pext = log, max_size = 41943040, max_idx = 99
11/10/2025 19:31:32:908	UTIL	[43:43:2815017408]	INFO	set_timer_driver, setup_call = 0x00007f7ec35603b0, remove_call = 0x00007f7ec3560290
11/10/2025 19:31:32:908	UTIL	[43:43:2815017408]	INFO	thread_mgr_t::spawn, mode = 02000008, w_queue_size = 8192, type = 0, interact_timer = true, thr_name = , bind_mask = 4294967295, use_ext_timer_drv = true, notifier = 0x000056261fc0c900, this = 0x000056261fc11100
11/10/2025 19:31:32:908	UTIL	[43:43:2815017408]	INFO	thread_wrapper_t::thread_wrapper_t, mode = 02000008, id = 0, type = 0, thr_manager = 0x000056261fc11100, waits = 0, interact_timer = true, m_timer_precision = 50, this = 0x000056261fc19ff0
11/10/2025 19:31:32:917	UTIL	[43:43:2815017408]	INFO	msg_queue_t::msg_queue_t notifier = , notifier = 0x000056261fc0c900, writer = 0x0000000000000000, capacity = 1024, mode = 0, this = 0x000056261fc0f880
11/10/2025 19:31:32:917	UTIL	[43:43:2815017408]	INFO	thread_wrapper_t::thread_wrapper_t ctrl queue size = 1024, this = 0x000056261fc19ff0
11/10/2025 19:31:32:917	UTIL	[43:43:2815017408]	INFO	thread_wrapper_t::init_tls(), m_thread_manager = 0x000056261fc11100, this = 0x000056261fc19ff0
11/10/2025 19:31:32:917	UTIL	[43:43:2815017408]	INFO	thread_mgr_t::register_tls, thr = 0x000056261fc19ff0, tls = true, this = 0x000056261fc11100
11/10/2025 19:31:32:917	UTIL	[43:43:2815017408]	INFO	thread_wrapper_t::start_alive_check() timer = 0x0000000000000000, m_interact_timer = true, this = 0x000056261fc19ff0
11/10/2025 19:31:32:917	UTIL	[43:43:2815017408]	INFO	timer_queue_t::timer_queue_t() , sink = 0x000056261fc1a028, min_interval = 204800, this = 0x000056261fc19b80
11/10/2025 19:31:32:918	UTIL	[43:43:2815017408]	INFO	thread_wrapper_t::open_notifier, waits = 0, m_notify = 0x000056261fc0c900, this = 0x000056261fc19ff0
11/10/2025 19:31:32:918	UTIL	[43:43:2815017408]	INFO	msg_queue_base_t::open_notifier, m_notifier = 0x000056261fc0c900, notifier = 0x000056261fc0c900, this = 0x000056261fc0f8a0
11/10/2025 19:31:32:918	UTIL	[43:43:2815017408]	INFO	thread_mgr_t::attach handle = 0x000056261fc19ff0, thread_id = 140181957624256, owner_thr = 0x000056261fc19ff0, owner_id = 140181957624256, queue_size = 8192, this = 0x000056261fc11100
11/10/2025 19:31:32:918	UTIL	[43:43:2815017408]	INFO	thread_wrapper_t::create_channel(), bind_thr = 0x000056261fc19ff0[140181957624256], read_capacity = 8192, write_capacity = 8192, this = 0x000056261fc19ff0
11/10/2025 19:31:32:918	UTIL	[43:43:2815017408]	INFO	o2o_msg_queue_t::o2o_msg_queue_t, notifier = 0x000056261fc0c900, writer = 0x000056261fc19ff0[140181957624256], reader = 0x000056261fc19ff0[140181957624256], capacity = 8192, mode = 0, this = 0x000056261fc0dd10
11/10/2025 19:31:32:918	UTIL	[43:43:2815017408]	INFO	o2o_msg_queue_t::o2o_msg_queue_t, notifier = 0x000056261fc0c900, writer = 0x000056261fc19ff0[140181957624256], reader = 0x000056261fc19ff0[140181957624256], capacity = 8192, mode = 0, this = 0x000056261fc10e10
11/10/2025 19:31:32:918	UTIL	[43:43:2815017408]	INFO	thread_wrapper_t::bind_queue  , self_id = 140181957624256, bind_thr = 0x000056261fc19ff0[140181957624256], r_queue = 0x000056261fc0dd78, w_queue = 0x000056261fc10e80, this = 0x000056261fc19ff0
11/10/2025 19:31:32:918	UTIL	[43:43:2815017408]	INFO	thread_wrapper_t::bind_queue  , self_id = 140181957624256, bind_thr = 0x000056261fc19ff0[140181957624256], r_queue = 0x000056261fc10e78, w_queue = 0x000056261fc0dd80, this = 0x000056261fc19ff0
11/10/2025 19:31:32:918	UTIL	[43:43:2815017408]	INFO	thread_wrapper_t::bind_queue bind_thr = 0x000056261fc19ff0 already be existed, skip it, this = 0x000056261fc19ff0
11/10/2025 19:31:32:918	UTIL	[43:43:2815017408]	INFO	thread_wrapper_t::adjust_timer_precision, m_timer_precision = 50, new_timer_precision = 50, this = 0x000056261fc19ff0
11/10/2025 19:31:32:919	UTIL	[43:43:2815017408]	INFO	register_logger  module_id = 1057, module_name = zoomtask, max_level = 31, logger = 0x0000000000000000, mode = 3
11/10/2025 19:31:33:256	UTIL	[43:43:2815017408]	INFO	UTIL_INIT  refer times = 2, module_id = 1057, UTIL has been built on:Sep 19 2025 at 06:33:56 on branch release-client-6.6.x with commit ID 2583f48484aeb604c472d0a89b4ddc1f55
11/10/2025 19:31:33:256	UTIL	[43:43:2815017408]	INFO	register_logger  module_id = 1057, module_name = ZoomTask, max_level = 31, logger = 0x0000000000000000, mode = 3
11/10/2025 19:31:33:262	UTIL	[43:43:2815017408]	INFO	UTIL_INIT  refer times = 3, module_id = 2, UTIL has been built on:Sep 19 2025 at 06:33:56 on branch release-client-6.6.x with commit ID 2583f48484aeb604c472d0a89b4ddc1f55
11/10/2025 19:31:33:263	UTIL	[43:43:2815017408]	INFO	timer_it::timer_it id = 0, own_thr = 0x0000000000000000, this = 0x000056261fc11858
11/10/2025 19:31:33:263	UTIL	[43:43:2815017408]	INFO	thread_mgr_t::spawn, mode = 01000004, w_queue_size = 0, type = 3, interact_timer = true, thr_name = zoom.dns, bind_mask = 0, use_ext_timer_drv = false, notifier = 0x0000000000000000, this = 0x000056261fc11100
11/10/2025 19:31:33:264	UTIL	[43:43:2815017408]	INFO	thread_wrapper_t::thread_wrapper_t, mode = 01000004, id = 0, type = 3, thr_manager = 0x000056261fc11100, waits = 1, interact_timer = true, m_timer_precision = 50, this = 0x000056261fc59d70
11/10/2025 19:31:33:264	UTIL	[43:43:2815017408]	INFO	msg_queue_t::msg_queue_t notifier = , notifier = 0x0000000000000000, writer = 0x0000000000000000, capacity = 1024, mode = 1, this = 0x000056261fc5a1d0
11/10/2025 19:31:33:264	UTIL	[43:43:2815017408]	INFO	thread_wrapper_t::thread_wrapper_t ctrl queue size = 1024, this = 0x000056261fc59d70
11/10/2025 19:31:33:264	UTIL	[43:43:2815017408]	INFO	thread_io_t::thread_io_t(), mode = 01000004, type = 3, queue size = 0, this = 0x000056261fc59d40
11/10/2025 19:31:33:264	UTIL	[43:43:2815017408]	INFO	thread_io_t::open_notifier, waits = 1, this = 0x000056261fc59d40
11/10/2025 19:31:33:266	UTIL	[43:43:2815017408]	INFO	msg_queue_base_t::open_notifier, m_notifier = 0x0000000000000000, notifier = 0x000056261fc57af0, this = 0x000056261fc5a1f0
11/10/2025 19:31:33:266	UTIL	[43:43:2815017408]	INFO	thread_io_t::thread_run(), id = 0, args = 0x0000000000000000, this = 0x000056261fc59d40
11/10/2025 19:31:33:266	UTIL	[43:43:2815017408]	INFO	io_repo_t::io_repo_t, m_working = 0x000056261fc59d70, max_io_fds = 1024, this = 0x000056261fc5e730
11/10/2025 19:31:33:266	UTIL	[43:43:2815017408]	INFO	notifier_handler_t::notifier_handler_t, io_container = 0x000056261fc5e7300x000056261fc57af0, this = 0x000056261fc668c0
11/10/2025 19:31:33:266	UTIL	[43:43:2815017408]	INFO	poll_t::poll_t register, fd = 11, es.first = 00000000000000000000000000000011, this = 0x000056261fc5e730
11/10/2025 19:31:33:266	UTIL	[43:43:2815017408]	INFO	io_repo_t::start(), m_stop = true, this = 0x000056261fc5e730
11/10/2025 19:31:33:266	UTIL	[43:43:2815017408]	INFO	thread_mgr_t::spawn only has control message queue for this thread, this = 0x000056261fc11100
11/10/2025 19:31:33:266	UTIL	[43:43:2815017408]	FATAL	assert: msg[thread_wrapper_t::create_channel bind thread should valid!, bind_thr = 0x0000000000000000] file[/home/jenkins/agent/workspace/Client/Client/DMT/linux/release/tp_util/util/src/thread.cpp], line = [1122]
11/10/2025 19:31:33:266	UTIL	[43:43:2815017408]	INFO	thread_wrapper_t::adjust_timer_precision, m_timer_precision = 50, new_timer_precision = 50, this = 0x000056261fc59d70
11/10/2025 19:31:33:266	UTIL	[43:49:2782701248]	INFO	poll_t::loop () begin, working = 0x000056261fc59d70, this = 0x000056261fc5e730
11/10/2025 19:31:33:266	UTIL	[43:43:2815017408]	INFO	timer_it::timer_it id = 0, own_thr = 0x0000000000000000, this = 0x000056261fc67380
11/10/2025 19:31:33:266	UTIL	[43:49:2782701248]	INFO	thread_io_t::init_tls() thread_id = 140181925308096, this = 0x000056261fc59d40
11/10/2025 19:31:33:266	UTIL	[43:49:2782701248]	INFO	thread_wrapper_t::init_tls(), m_thread_manager = 0x000056261fc11100, this = 0x000056261fc59d70
11/10/2025 19:31:33:266	UTIL	[43:43:2815017408]	INFO	timer_it::add_timer sink = 0x000056261fc11730, interval = 100, times = 0, is_exact = true, this = 0x000056261fc67380
11/10/2025 19:31:33:266	UTIL	[43:49:2782701248]	INFO	thread_mgr_t::register_tls, thr = 0x000056261fc59d70, tls = true, this = 0x000056261fc11100
11/10/2025 19:31:33:266	UTIL	[43:49:2782701248]	INFO	thread_wrapper_t::start_alive_check() timer = 0x0000000000000000, m_interact_timer = true, this = 0x000056261fc59d70
11/10/2025 19:31:33:266	UTIL	[43:49:2782701248]	INFO	timer_queue_t::timer_queue_t() , sink = 0x000056261fc59da8, min_interval = 204800, this = 0x00007f7e9c001070
11/10/2025 19:31:33:268	UTIL	[43:43:2815017408]	INFO	UTIL_INIT  refer times = 4, module_id = 9, UTIL has been built on:Sep 19 2025 at 06:33:56 on branch release-client-6.6.x with commit ID 2583f48484aeb604c472d0a89b4ddc1f55
11/10/2025 19:31:33:269	UTIL	[43:43:2815017408]	INFO	thread_mgr_t::spawn, mode = 01000004, w_queue_size = 65536, type = 1027, interact_timer = true, thr_name = zoom.db, bind_mask = 4294967295, use_ext_timer_drv = false, notifier = 0x0000000000000000, this = 0x000056261fc11100
11/10/2025 19:31:33:269	UTIL	[43:43:2815017408]	INFO	thread_wrapper_t::thread_wrapper_t, mode = 01000004, id = 0, type = 1027, thr_manager = 0x000056261fc11100, waits = 1, interact_timer = true, m_timer_precision = 50, this = 0x000056261fc8c840
11/10/2025 19:31:33:269	UTIL	[43:43:2815017408]	INFO	msg_queue_t::msg_queue_t notifier = , notifier = 0x0000000000000000, writer = 0x0000000000000000, capacity = 1024, mode = 1, this = 0x000056261fc80990
11/10/2025 19:31:33:269	UTIL	[43:43:2815017408]	INFO	thread_wrapper_t::thread_wrapper_t ctrl queue size = 1024, this = 0x000056261fc8c840
11/10/2025 19:31:33:269	UTIL	[43:43:2815017408]	INFO	thread_io_t::thread_io_t(), mode = 01000004, type = 1027, queue size = 65536, this = 0x000056261fc8c810
11/10/2025 19:31:33:269	UTIL	[43:43:2815017408]	INFO	thread_io_t::open_notifier, waits = 1, this = 0x000056261fc8c810
11/10/2025 19:31:33:269	UTIL	[43:43:2815017408]	INFO	msg_queue_base_t::open_notifier, m_notifier = 0x0000000000000000, notifier = 0x000056261fc90c00, this = 0x000056261fc809b0
11/10/2025 19:31:33:269	UTIL	[43:43:2815017408]	INFO	thread_io_t::thread_run(), id = 0, args = 0x0000000000000000, this = 0x000056261fc8c810
11/10/2025 19:31:33:269	UTIL	[43:43:2815017408]	INFO	io_repo_t::io_repo_t, m_working = 0x000056261fc8c840, max_io_fds = 1024, this = 0x000056261fc90e00
11/10/2025 19:31:33:269	UTIL	[43:43:2815017408]	INFO	notifier_handler_t::notifier_handler_t, io_container = 0x000056261fc90e000x000056261fc90c00, this = 0x000056261fc82250
11/10/2025 19:31:33:269	UTIL	[43:43:2815017408]	INFO	poll_t::poll_t register, fd = 20, es.first = 00000000000000000000000000000011, this = 0x000056261fc90e00
11/10/2025 19:31:33:269	UTIL	[43:43:2815017408]	INFO	io_repo_t::start(), m_stop = true, this = 0x000056261fc90e00
11/10/2025 19:31:33:269	UTIL	[43:43:2815017408]	INFO	thread_mgr_t::attach handle = 0x000056261fc8c840, thread_id = 140181650777792, owner_thr = 0x000056261fc19ff0, owner_id = 140181957624256, queue_size = 65536, this = 0x000056261fc11100
11/10/2025 19:31:33:269	UTIL	[43:57:2508170944]	INFO	poll_t::loop () begin, working = 0x000056261fc8c840, this = 0x000056261fc90e00
11/10/2025 19:31:33:269	UTIL	[43:43:2815017408]	INFO	thread_wrapper_t::create_channel(), bind_thr = 0x000056261fc19ff0[140181957624256], read_capacity = 65536, write_capacity = 65536, this = 0x000056261fc8c840
11/10/2025 19:31:33:269	UTIL	[43:57:2508170944]	INFO	thread_io_t::init_tls() thread_id = 140181650777792, this = 0x000056261fc8c810
11/10/2025 19:31:33:269	UTIL	[43:57:2508170944]	INFO	thread_wrapper_t::init_tls(), m_thread_manager = 0x000056261fc11100, this = 0x000056261fc8c840
11/10/2025 19:31:33:269	UTIL	[43:43:2815017408]	INFO	o2o_msg_queue_t::o2o_msg_queue_t, notifier = 0x000056261fc0c900, writer = 0x000056261fc8c840[140181650777792], reader = 0x000056261fc19ff0[140181957624256], capacity = 65536, mode = 0, this = 0x000056261fc99880
11/10/2025 19:31:33:269	UTIL	[43:43:2815017408]	INFO	o2o_msg_queue_t::o2o_msg_queue_t, notifier = 0x000056261fc90c00, writer = 0x000056261fc19ff0[140181957624256], reader = 0x000056261fc8c840[140181650777792], capacity = 65536, mode = 1, this = 0x000056261fc99ac0
11/10/2025 19:31:33:269	UTIL	[43:43:2815017408]	INFO	thread_wrapper_t::bind_queue  , self_id = 140181957624256, bind_thr = 0x000056261fc8c840[140181650777792], r_queue = 0x000056261fc998e8, w_queue = 0x000056261fc99b30, this = 0x000056261fc19ff0
11/10/2025 19:31:33:269	UTIL	[43:43:2815017408]	INFO	thread_wrapper_t::bind_queue  , self_id = 140181650777792, bind_thr = 0x000056261fc19ff0[140181957624256], r_queue = 0x000056261fc99b28, w_queue = 0x000056261fc998f0, this = 0x000056261fc8c840
11/10/2025 19:31:33:269	UTIL	[43:43:2815017408]	INFO	thread_wrapper_t::create_channel(), bind_thr = 0x000056261fc59d70[140181925308096], read_capacity = 65536, write_capacity = 65536, this = 0x000056261fc8c840
11/10/2025 19:31:33:270	UTIL	[43:43:2815017408]	INFO	o2o_msg_queue_t::o2o_msg_queue_t, notifier = 0x000056261fc57af0, writer = 0x000056261fc8c840[140181650777792], reader = 0x000056261fc59d70[140181925308096], capacity = 65536, mode = 1, this = 0x000056261fc9a160
11/10/2025 19:31:33:270	UTIL	[43:43:2815017408]	INFO	o2o_msg_queue_t::o2o_msg_queue_t, notifier = 0x000056261fc90c00, writer = 0x000056261fc59d70[140181925308096], reader = 0x000056261fc8c840[140181650777792], capacity = 65536, mode = 1, this = 0x000056261fc9a3a0
11/10/2025 19:31:33:270	UTIL	[43:43:2815017408]	INFO	thread_wrapper_t::send_ctrl_msg msg = 0x000056261fc9a5e0, (uint64_t)m_id = 140181650777792, timeout = -1, this = 0x000056261fc8c840
11/10/2025 19:31:33:270	UTIL	[43:57:2508170944]	INFO	thread_mgr_t::register_tls, thr = 0x000056261fc8c840, tls = true, this = 0x000056261fc11100
11/10/2025 19:31:33:270	UTIL	[43:57:2508170944]	INFO	thread_wrapper_t::start_alive_check() timer = 0x0000000000000000, m_interact_timer = true, this = 0x000056261fc8c840
11/10/2025 19:31:33:270	UTIL	[43:57:2508170944]	INFO	timer_queue_t::timer_queue_t() , sink = 0x000056261fc8c878, min_interval = 204800, this = 0x00007f7e80001070
11/10/2025 19:31:33:270	UTIL	[43:57:2508170944]	INFO	thread_wrapper_t::create_ch_msg_t::on_message from = 0x000056261fc8c840, to = 0x000056261fc59d70, this = 0x000056261fc9a5e0
11/10/2025 19:31:33:270	UTIL	[43:57:2508170944]	INFO	thread_wrapper_t::bind_queue  , self_id = 140181925308096, bind_thr = 0x000056261fc8c840[140181650777792], r_queue = 0x000056261fc9a1c8, w_queue = 0x000056261fc9a410, this = 0x000056261fc59d70
11/10/2025 19:31:33:270	UTIL	[43:43:2815017408]	INFO	thread_wrapper_t::bind_queue  , self_id = 140181650777792, bind_thr = 0x000056261fc59d70[140181925308096], r_queue = 0x000056261fc9a408, w_queue = 0x000056261fc9a1d0, this = 0x000056261fc8c840
11/10/2025 19:31:33:270	UTIL	[43:43:2815017408]	INFO	thread_wrapper_t::create_channel(), bind_thr = 0x000056261fc8c840[140181650777792], read_capacity = 65536, write_capacity = 65536, this = 0x000056261fc8c840
11/10/2025 19:31:33:270	UTIL	[43:43:2815017408]	INFO	o2o_msg_queue_t::o2o_msg_queue_t, notifier = 0x000056261fc90c00, writer = 0x000056261fc8c840[140181650777792], reader = 0x000056261fc8c840[140181650777792], capacity = 65536, mode = 1, this = 0x000056261fc9a9e0
11/10/2025 19:31:33:271	UTIL	[43:43:2815017408]	INFO	o2o_msg_queue_t::o2o_msg_queue_t, notifier = 0x000056261fc90c00, writer = 0x000056261fc8c840[140181650777792], reader = 0x000056261fc8c840[140181650777792], capacity = 65536, mode = 1, this = 0x000056261fc9ac20
11/10/2025 19:31:33:271	UTIL	[43:43:2815017408]	INFO	thread_wrapper_t::send_ctrl_msg msg = 0x000056261fc9ae60, (uint64_t)m_id = 140181650777792, timeout = -1, this = 0x000056261fc8c840
11/10/2025 19:31:33:271	UTIL	[43:57:2508170944]	INFO	thread_wrapper_t::create_ch_msg_t::on_message from = 0x000056261fc8c840, to = 0x000056261fc8c840, this = 0x000056261fc9ae60
11/10/2025 19:31:33:271	UTIL	[43:57:2508170944]	INFO	thread_wrapper_t::bind_queue  , self_id = 140181650777792, bind_thr = 0x000056261fc8c840[140181650777792], r_queue = 0x000056261fc9aa48, w_queue = 0x000056261fc9ac90, this = 0x000056261fc8c840
11/10/2025 19:31:33:271	UTIL	[43:43:2815017408]	INFO	thread_wrapper_t::bind_queue  , self_id = 140181650777792, bind_thr = 0x000056261fc8c840[140181650777792], r_queue = 0x000056261fc9ac88, w_queue = 0x000056261fc9aa50, this = 0x000056261fc8c840
11/10/2025 19:31:33:271	UTIL	[43:43:2815017408]	INFO	thread_wrapper_t::bind_queue bind_thr = 0x000056261fc8c840 already be existed, skip it, this = 0x000056261fc8c840
11/10/2025 19:31:33:271	UTIL	[43:43:2815017408]	INFO	thread_wrapper_t::adjust_timer_precision, m_timer_precision = 50, new_timer_precision = 50, this = 0x000056261fc8c840
11/10/2025 19:31:33:271	UTIL	[43:43:2815017408]	INFO	thread_mgr_t::spawn, mode = 01000004, w_queue_size = 65536, type = 1028, interact_timer = true, thr_name = zoom.im.index, bind_mask = 4294967295, use_ext_timer_drv = false, notifier = 0x0000000000000000, this = 0x000056261fc11100
11/10/2025 19:31:33:271	UTIL	[43:43:2815017408]	INFO	thread_wrapper_t::thread_wrapper_t, mode = 01000004, id = 0, type = 1028, thr_manager = 0x000056261fc11100, waits = 1, interact_timer = true, m_timer_precision = 50, this = 0x000056261fc9b5f0
11/10/2025 19:31:33:271	UTIL	[43:43:2815017408]	INFO	msg_queue_t::msg_queue_t notifier = , notifier = 0x0000000000000000, writer = 0x0000000000000000, capacity = 1024, mode = 1, this = 0x000056261fc9b8a0
11/10/2025 19:31:33:271	UTIL	[43:43:2815017408]	INFO	thread_wrapper_t::thread_wrapper_t ctrl queue size = 1024, this = 0x000056261fc9b5f0
11/10/2025 19:31:33:271	UTIL	[43:43:2815017408]	INFO	thread_io_t::thread_io_t(), mode = 01000004, type = 1028, queue size = 65536, this = 0x000056261fc9b5c0
11/10/2025 19:31:33:271	UTIL	[43:43:2815017408]	INFO	thread_io_t::open_notifier, waits = 1, this = 0x000056261fc9b5c0
11/10/2025 19:31:33:271	UTIL	[43:43:2815017408]	INFO	msg_queue_base_t::open_notifier, m_notifier = 0x0000000000000000, notifier = 0x000056261fc9fd50, this = 0x000056261fc9b8c0
11/10/2025 19:31:33:271	UTIL	[43:43:2815017408]	INFO	thread_io_t::thread_run(), id = 0, args = 0x0000000000000000, this = 0x000056261fc9b5c0
11/10/2025 19:31:33:271	UTIL	[43:43:2815017408]	INFO	io_repo_t::io_repo_t, m_working = 0x000056261fc9b5f0, max_io_fds = 1024, this = 0x000056261fc9ffb0
11/10/2025 19:31:33:271	UTIL	[43:43:2815017408]	INFO	notifier_handler_t::notifier_handler_t, io_container = 0x000056261fc9ffb00x000056261fc9fd50, this = 0x000056261fc67ef0
11/10/2025 19:31:33:271	UTIL	[43:43:2815017408]	INFO	poll_t::poll_t register, fd = 22, es.first = 00000000000000000000000000000011, this = 0x000056261fc9ffb0
11/10/2025 19:31:33:271	UTIL	[43:43:2815017408]	INFO	io_repo_t::start(), m_stop = true, this = 0x000056261fc9ffb0
11/10/2025 19:31:33:272	UTIL	[43:43:2815017408]	INFO	thread_mgr_t::attach handle = 0x000056261fc9b5f0, thread_id = 140181642385088, owner_thr = 0x000056261fc19ff0, owner_id = 140181957624256, queue_size = 65536, this = 0x000056261fc11100
11/10/2025 19:31:33:272	UTIL	[43:43:2815017408]	INFO	thread_wrapper_t::create_channel(), bind_thr = 0x000056261fc19ff0[140181957624256], read_capacity = 65536, write_capacity = 65536, this = 0x000056261fc9b5f0
11/10/2025 19:31:33:272	UTIL	[43:43:2815017408]	INFO	o2o_msg_queue_t::o2o_msg_queue_t, notifier = 0x000056261fc0c900, writer = 0x000056261fc9b5f0[140181642385088], reader = 0x000056261fc19ff0[140181957624256], capacity = 65536, mode = 0, this = 0x000056261fca8a30
11/10/2025 19:31:33:272	UTIL	[43:43:2815017408]	INFO	o2o_msg_queue_t::o2o_msg_queue_t, notifier = 0x000056261fc9fd50, writer = 0x000056261fc19ff0[140181957624256], reader = 0x000056261fc9b5f0[140181642385088], capacity = 65536, mode = 1, this = 0x000056261fca8c70
11/10/2025 19:31:33:272	UTIL	[43:43:2815017408]	INFO	thread_wrapper_t::bind_queue  , self_id = 140181957624256, bind_thr = 0x000056261fc9b5f0[140181642385088], r_queue = 0x000056261fca8a98, w_queue = 0x000056261fca8ce0, this = 0x000056261fc19ff0
11/10/2025 19:31:33:272	UTIL	[43:43:2815017408]	INFO	thread_wrapper_t::bind_queue  , self_id = 140181642385088, bind_thr = 0x000056261fc19ff0[140181957624256], r_queue = 0x000056261fca8cd8, w_queue = 0x000056261fca8aa0, this = 0x000056261fc9b5f0
11/10/2025 19:31:33:272	UTIL	[43:43:2815017408]	INFO	thread_wrapper_t::create_channel(), bind_thr = 0x000056261fc59d70[140181925308096], read_capacity = 65536, write_capacity = 65536, this = 0x000056261fc9b5f0
11/10/2025 19:31:33:272	UTIL	[43:43:2815017408]	INFO	o2o_msg_queue_t::o2o_msg_queue_t, notifier = 0x000056261fc57af0, writer = 0x000056261fc9b5f0[140181642385088], reader = 0x000056261fc59d70[140181925308096], capacity = 65536, mode = 1, this = 0x000056261fca9310
11/10/2025 19:31:33:272	UTIL	[43:43:2815017408]	INFO	o2o_msg_queue_t::o2o_msg_queue_t, notifier = 0x000056261fc9fd50, writer = 0x000056261fc59d70[140181925308096], reader = 0x000056261fc9b5f0[140181642385088], capacity = 65536, mode = 1, this = 0x000056261fca9550
11/10/2025 19:31:33:272	UTIL	[43:43:2815017408]	INFO	thread_wrapper_t::send_ctrl_msg msg = 0x000056261fca9790, (uint64_t)m_id = 0, timeout = -1, this = 0x000056261fc9b5f0
11/10/2025 19:31:33:273	UTIL	[43:58:2499778240]	INFO	poll_t::loop () begin, working = 0x000056261fc9b5f0, this = 0x000056261fc9ffb0
11/10/2025 19:31:33:273	UTIL	[43:58:2499778240]	INFO	thread_io_t::init_tls() thread_id = 140181642385088, this = 0x000056261fc9b5c0
11/10/2025 19:31:33:273	UTIL	[43:58:2499778240]	INFO	thread_wrapper_t::init_tls(), m_thread_manager = 0x000056261fc11100, this = 0x000056261fc9b5f0
11/10/2025 19:31:33:273	UTIL	[43:58:2499778240]	INFO	thread_mgr_t::register_tls, thr = 0x000056261fc9b5f0, tls = true, this = 0x000056261fc11100
11/10/2025 19:31:33:273	UTIL	[43:58:2499778240]	INFO	thread_wrapper_t::start_alive_check() timer = 0x0000000000000000, m_interact_timer = true, this = 0x000056261fc9b5f0
11/10/2025 19:31:33:273	UTIL	[43:58:2499778240]	INFO	timer_queue_t::timer_queue_t() , sink = 0x000056261fc9b628, min_interval = 204800, this = 0x00007f7e6c001070
11/10/2025 19:31:33:273	UTIL	[43:58:2499778240]	INFO	thread_wrapper_t::create_ch_msg_t::on_message from = 0x000056261fc9b5f0, to = 0x000056261fc59d70, this = 0x000056261fca9790
11/10/2025 19:31:33:273	UTIL	[43:58:2499778240]	INFO	thread_wrapper_t::bind_queue  , self_id = 140181925308096, bind_thr = 0x000056261fc9b5f0[140181642385088], r_queue = 0x000056261fca9378, w_queue = 0x000056261fca95c0, this = 0x000056261fc59d70
11/10/2025 19:31:33:273	UTIL	[43:43:2815017408]	INFO	thread_wrapper_t::bind_queue  , self_id = 140181642385088, bind_thr = 0x000056261fc59d70[140181925308096], r_queue = 0x000056261fca95b8, w_queue = 0x000056261fca9380, this = 0x000056261fc9b5f0
11/10/2025 19:31:33:273	UTIL	[43:43:2815017408]	INFO	thread_wrapper_t::create_channel(), bind_thr = 0x000056261fc8c840[140181650777792], read_capacity = 65536, write_capacity = 65536, this = 0x000056261fc9b5f0
11/10/2025 19:31:33:273	UTIL	[43:43:2815017408]	INFO	o2o_msg_queue_t::o2o_msg_queue_t, notifier = 0x000056261fc90c00, writer = 0x000056261fc9b5f0[140181642385088], reader = 0x000056261fc8c840[140181650777792], capacity = 65536, mode = 1, this = 0x000056261fca9c50
11/10/2025 19:31:33:273	UTIL	[43:43:2815017408]	INFO	o2o_msg_queue_t::o2o_msg_queue_t, notifier = 0x000056261fc9fd50, writer = 0x000056261fc8c840[140181650777792], reader = 0x000056261fc9b5f0[140181642385088], capacity = 65536, mode = 1, this = 0x000056261fca9e90
11/10/2025 19:31:33:273	UTIL	[43:43:2815017408]	INFO	thread_wrapper_t::send_ctrl_msg msg = 0x000056261fcaa0d0, (uint64_t)m_id = 140181642385088, timeout = -1, this = 0x000056261fc9b5f0
11/10/2025 19:31:33:273	UTIL	[43:58:2499778240]	INFO	thread_wrapper_t::create_ch_msg_t::on_message from = 0x000056261fc9b5f0, to = 0x000056261fc8c840, this = 0x000056261fcaa0d0
11/10/2025 19:31:33:273	UTIL	[43:58:2499778240]	INFO	thread_wrapper_t::bind_queue  , self_id = 140181650777792, bind_thr = 0x000056261fc9b5f0[140181642385088], r_queue = 0x000056261fca9cb8, w_queue = 0x000056261fca9f00, this = 0x000056261fc8c840
11/10/2025 19:31:33:273	UTIL	[43:43:2815017408]	INFO	thread_wrapper_t::bind_queue  , self_id = 140181642385088, bind_thr = 0x000056261fc8c840[140181650777792], r_queue = 0x000056261fca9ef8, w_queue = 0x000056261fca9cc0, this = 0x000056261fc9b5f0
11/10/2025 19:31:33:273	UTIL	[43:43:2815017408]	INFO	thread_wrapper_t::create_channel(), bind_thr = 0x000056261fc9b5f0[140181642385088], read_capacity = 65536, write_capacity = 65536, this = 0x000056261fc9b5f0
11/10/2025 19:31:33:274	UTIL	[43:43:2815017408]	INFO	o2o_msg_queue_t::o2o_msg_queue_t, notifier = 0x000056261fc9fd50, writer = 0x000056261fc9b5f0[140181642385088], reader = 0x000056261fc9b5f0[140181642385088], capacity = 65536, mode = 1, this = 0x000056261fcaa5a0
11/10/2025 19:31:33:274	UTIL	[43:43:2815017408]	INFO	o2o_msg_queue_t::o2o_msg_queue_t, notifier = 0x000056261fc9fd50, writer = 0x000056261fc9b5f0[140181642385088], reader = 0x000056261fc9b5f0[140181642385088], capacity = 65536, mode = 1, this = 0x000056261fcaa7e0
11/10/2025 19:31:33:274	UTIL	[43:43:2815017408]	INFO	thread_wrapper_t::send_ctrl_msg msg = 0x000056261fcaaa20, (uint64_t)m_id = 140181642385088, timeout = -1, this = 0x000056261fc9b5f0
11/10/2025 19:31:33:274	UTIL	[43:58:2499778240]	INFO	thread_wrapper_t::create_ch_msg_t::on_message from = 0x000056261fc9b5f0, to = 0x000056261fc9b5f0, this = 0x000056261fcaaa20
11/10/2025 19:31:33:274	UTIL	[43:58:2499778240]	INFO	thread_wrapper_t::bind_queue  , self_id = 140181642385088, bind_thr = 0x000056261fc9b5f0[140181642385088], r_queue = 0x000056261fcaa608, w_queue = 0x000056261fcaa850, this = 0x000056261fc9b5f0
11/10/2025 19:31:33:274	UTIL	[43:43:2815017408]	INFO	thread_wrapper_t::bind_queue  , self_id = 140181642385088, bind_thr = 0x000056261fc9b5f0[140181642385088], r_queue = 0x000056261fcaa848, w_queue = 0x000056261fcaa610, this = 0x000056261fc9b5f0
11/10/2025 19:31:33:274	UTIL	[43:43:2815017408]	INFO	thread_wrapper_t::bind_queue bind_thr = 0x000056261fc9b5f0 already be existed, skip it, this = 0x000056261fc9b5f0
11/10/2025 19:31:33:274	UTIL	[43:43:2815017408]	INFO	thread_wrapper_t::adjust_timer_precision, m_timer_precision = 50, new_timer_precision = 50, this = 0x000056261fc9b5f0
11/10/2025 19:31:33:554	UTIL	[43:43:2815017408]	INFO	UTIL_INIT  refer times = 5, module_id = 5, UTIL has been built on:Sep 19 2025 at 06:33:56 on branch release-client-6.6.x with commit ID 2583f48484aeb604c472d0a89b4ddc1f55
11/10/2025 19:31:33:554	UTIL	[43:43:2815017408]	INFO	register_logger  module_id = 5, module_name = MCM, max_level = 31, logger = 0x0000000000000000, mode = 3
11/10/2025 19:31:34:177	UTIL	[43:43:2815017408]	INFO	register_logger  module_id = 6, module_name = NYDUS, max_level = 31, logger = 0x0000000000000000, mode = 3
11/10/2025 19:31:34:835	UTIL	[43:43:2815017408]	INFO	timer_it::timer_it id = 0, own_thr = 0x0000000000000000, this = 0x000056261fcae620
11/10/2025 19:31:34:835	UTIL	[43:43:2815017408]	INFO	timer_it::timer_it id = 0, own_thr = 0x0000000000000000, this = 0x000056261fcc8170
11/10/2025 19:31:34:835	UTIL	[43:43:2815017408]	INFO	thread_mgr_t::spawn, mode = 00000008, w_queue_size = 8192, type = 1024, interact_timer = true, thr_name = , bind_mask = 4294967295, use_ext_timer_drv = false, notifier = 0x0000000000000000, this = 0x000056261fc11100
11/10/2025 19:31:34:835	UTIL	[43:43:2815017408]	INFO	thread_mgr_t::spawn already has an instance for the thread, return it directly, thread id = 140181957624256, this = 0x000056261fc11100
11/10/2025 19:31:35:593	UTIL	[43:43:2815017408]	INFO	timer_it::add_timer sink = 0x000056261fcdc9a8, interval = 12800, times = 0, is_exact = true, this = 0x000056261fcae620
11/10/2025 19:31:35:593	UTIL	[43:43:2815017408]	INFO	timer_it::add_timer sink = 0x000056261fcdc9a8, interval = 3840, times = 0, is_exact = true, this = 0x000056261fcc8170
11/10/2025 19:32:25:397	UTIL	[43:43:2815017408]	INFO	mlog_file::init mid:1069 size:1048576 shmem:false ret:0 this:0x000056261fd64f58
11/10/2025 19:32:29:499	UTIL	[43:43:2815017408]	INFO	mlog_file::init mid:1027 size:1048576 shmem:false ret:0 this:0x000056261fe3cb08
11/10/2025 19:32:29:646	UTIL	[43:43:2815017408]	INFO	mlog_file::init mid:1008 size:1048576 shmem:false ret:0 this:0x000056261fe3be38
11/10/2025 19:32:29:813	UTIL	[43:43:2815017408]	INFO	mlog_file::init mid:1030 size:1048576 shmem:false ret:0 this:0x000056261fe34aa8
11/10/2025 19:32:31:998	UTIL	[43:43:2815017408]	INFO	mlog_file::init mid:1028 size:1048576 shmem:false ret:0 this:0x000056261fe9d018
11/10/2025 19:32:32:015	UTIL	[43:43:2815017408]	INFO	register_logger  module_id = 3, module_name = SDK, max_level = 31, logger = 0x0000000000000000, mode = 3
11/10/2025 19:32:32:077	UTIL	[43:43:2815017408]	INFO	thread_mgr_t::spawn, mode = 00000008, w_queue_size = 8192, type = 1024, interact_timer = true, thr_name = , bind_mask = 4294967295, use_ext_timer_drv = false, notifier = 0x0000000000000000, this = 0x000056261fc11100
11/10/2025 19:32:32:078	UTIL	[43:43:2815017408]	INFO	thread_mgr_t::spawn already has an instance for the thread, return it directly, thread id = 140181957624256, this = 0x000056261fc11100
11/10/2025 19:32:32:078	UTIL	[43:43:2815017408]	INFO	timer_it::timer_it id = 0, own_thr = 0x0000000000000000, this = 0x000056261fa2a058
11/10/2025 19:32:32:078	UTIL	[43:43:2815017408]	INFO	thread_mgr_t::spawn, mode = 00000008, w_queue_size = 8192, type = 1024, interact_timer = true, thr_name = , bind_mask = 4294967295, use_ext_timer_drv = false, notifier = 0x0000000000000000, this = 0x000056261fc11100
11/10/2025 19:32:32:078	UTIL	[43:43:2815017408]	INFO	thread_mgr_t::spawn already has an instance for the thread, return it directly, thread id = 140181957624256, this = 0x000056261fc11100
11/10/2025 19:32:32:078	UTIL	[43:43:2815017408]	INFO	timer_it::timer_it id = 0, own_thr = 0x0000000000000000, this = 0x000056261fed3678
11/10/2025 19:32:32:078	UTIL	[43:43:2815017408]	INFO	timer_it::timer_it id = 0, own_thr = 0x0000000000000000, this = 0x000056261fed36f8
11/10/2025 19:32:32:078	UTIL	[43:43:2815017408]	INFO	timer_it::timer_it id = 0, own_thr = 0x0000000000000000, this = 0x000056261fed3778
11/10/2025 19:32:32:078	UTIL	[43:43:2815017408]	INFO	timer_it::timer_it id = 0, own_thr = 0x0000000000000000, this = 0x000056261fed37f8
11/10/2025 19:32:32:078	UTIL	[43:43:2815017408]	INFO	timer_it::timer_it id = 0, own_thr = 0x0000000000000000, this = 0x000056261fed3878
11/10/2025 19:32:32:078	UTIL	[43:43:2815017408]	INFO	timer_it::timer_it id = 0, own_thr = 0x0000000000000000, this = 0x000056261fed38f8
11/10/2025 19:32:32:078	UTIL	[43:43:2815017408]	INFO	timer_it::timer_it id = 0, own_thr = 0x0000000000000000, this = 0x000056261fed3978
11/10/2025 19:32:32:078	UTIL	[43:43:2815017408]	INFO	timer_it::timer_it id = 0, own_thr = 0x0000000000000000, this = 0x000056261fed39f8
11/10/2025 19:32:32:078	UTIL	[43:43:2815017408]	INFO	timer_it::timer_it id = 0, own_thr = 0x0000000000000000, this = 0x000056261fed3a78
11/10/2025 19:32:32:078	UTIL	[43:43:2815017408]	INFO	timer_it::timer_it id = 0, own_thr = 0x0000000000000000, this = 0x000056261fed3af8
11/10/2025 19:32:32:078	UTIL	[43:43:2815017408]	INFO	timer_it::timer_it id = 0, own_thr = 0x0000000000000000, this = 0x000056261fed3b78
11/10/2025 19:32:32:078	UTIL	[43:43:2815017408]	INFO	timer_it::timer_it id = 0, own_thr = 0x0000000000000000, this = 0x000056261fed3bf8
11/10/2025 19:32:32:078	UTIL	[43:43:2815017408]	INFO	thread_mgr_t::spawn, mode = 00000008, w_queue_size = 8192, type = 1024, interact_timer = true, thr_name = , bind_mask = 4294967295, use_ext_timer_drv = false, notifier = 0x0000000000000000, this = 0x000056261fc11100
11/10/2025 19:32:32:078	UTIL	[43:43:2815017408]	INFO	thread_mgr_t::spawn already has an instance for the thread, return it directly, thread id = 140181957624256, this = 0x000056261fc11100
11/10/2025 19:32:32:079	UTIL	[43:43:2815017408]	INFO	timer_it::timer_it id = 0, own_thr = 0x0000000000000000, this = 0x000056261fef0ae0
11/10/2025 19:32:32:079	UTIL	[43:43:2815017408]	INFO	thread_mgr_t::spawn, mode = 00000008, w_queue_size = 8192, type = 1024, interact_timer = true, thr_name = , bind_mask = 4294967295, use_ext_timer_drv = false, notifier = 0x0000000000000000, this = 0x000056261fc11100
11/10/2025 19:32:32:079	UTIL	[43:43:2815017408]	INFO	thread_mgr_t::spawn already has an instance for the thread, return it directly, thread id = 140181957624256, this = 0x000056261fc11100
11/10/2025 19:32:32:080	UTIL	[43:43:2815017408]	INFO	timer_it::add_timer sink = 0x000056261fec1300, interval = 1280, times = 0, is_exact = true, this = 0x000056261fed3878
11/10/2025 19:32:32:080	UTIL	[43:43:2815017408]	INFO	timer_it::add_timer sink = 0x000056261fec1300, interval = 1280, times = 0, is_exact = true, this = 0x000056261fed38f8
11/10/2025 19:32:32:081	UTIL	[43:43:2815017408]	INFO	timer_it::timer_it id = 0, own_thr = 0x0000000000000000, this = 0x000056261fed9a50
11/10/2025 19:32:32:081	UTIL	[43:43:2815017408]	INFO	timer_it::timer_it id = 0, own_thr = 0x0000000000000000, this = 0x000056261fed9ad0
11/10/2025 19:32:32:081	UTIL	[43:43:2815017408]	INFO	timer_it::timer_it id = 0, own_thr = 0x0000000000000000, this = 0x000056261fed9b50
11/10/2025 19:32:32:081	UTIL	[43:43:2815017408]	INFO	timer_it::timer_it id = 0, own_thr = 0x0000000000000000, this = 0x000056261fed9bd0
11/10/2025 19:32:32:082	UTIL	[43:43:2815017408]	INFO	timer_it::timer_it id = 0, own_thr = 0x0000000000000000, this = 0x000056261fedb000
11/10/2025 19:32:32:082	UTIL	[43:43:2815017408]	INFO	thread_mgr_t::spawn, mode = 00000008, w_queue_size = 8192, type = 1024, interact_timer = true, thr_name = , bind_mask = 4294967295, use_ext_timer_drv = false, notifier = 0x0000000000000000, this = 0x000056261fc11100
11/10/2025 19:32:32:082	UTIL	[43:43:2815017408]	INFO	thread_mgr_t::spawn already has an instance for the thread, return it directly, thread id = 140181957624256, this = 0x000056261fc11100
11/10/2025 19:32:32:082	UTIL	[43:43:2815017408]	INFO	mlog_file::init mid:1004 size:1048576 shmem:false ret:0 this:0x000056261fe9d128
11/10/2025 19:32:32:083	UTIL	[43:43:2815017408]	INFO	UTIL_INIT  refer times = 6, module_id = 0, UTIL has been built on:Sep 19 2025 at 06:33:56 on branch release-client-6.6.x with commit ID 2583f48484aeb604c472d0a89b4ddc1f55
11/10/2025 19:32:32:083	UTIL	[43:43:2815017408]	INFO	register_logger  module_id = 8, module_name = AUDIOSDK, max_level = 31, logger = 0x0000000000000000, mode = 3
11/10/2025 19:32:32:303	UTIL	[43:43:2815017408]	INFO	timer_it::timer_it id = 0, own_thr = 0x0000000000000000, this = 0x00007f7e940cfc40
11/10/2025 19:32:32:303	UTIL	[43:43:2815017408]	INFO	timer_it::timer_it id = 0, own_thr = 0x0000000000000000, this = 0x00007f7e940cfcc0
11/10/2025 19:32:32:303	UTIL	[43:43:2815017408]	INFO	timer_it::timer_it id = 0, own_thr = 0x0000000000000000, this = 0x00007f7e940cfd40
11/10/2025 19:32:32:303	UTIL	[43:43:2815017408]	INFO	timer_it::timer_it id = 0, own_thr = 0x0000000000000000, this = 0x00007f7e940cfdc0
11/10/2025 19:32:32:312	UTIL	[43:43:2815017408]	INFO	mlog_file::init mid:1018 size:1048576 shmem:false ret:0 this:0x000056261fe9dc08
11/10/2025 19:32:32:809	UTIL	[43:43:2815017408]	INFO	timer_it::add_timer sink = 0x00007f7e940cf050, interval = 100, times = 0, is_exact = true, this = 0x00007f7e940cfc40
11/10/2025 19:32:32:809	UTIL	[43:43:2815017408]	INFO	timer_it::add_timer sink = 0x00007f7e940cf050, interval = 6400, times = 0, is_exact = true, this = 0x00007f7e940cfcc0
11/10/2025 19:32:32:809	UTIL	[43:43:2815017408]	INFO	timer_it::add_timer sink = 0x00007f7e940cf050, interval = 1000, times = 0, is_exact = true, this = 0x00007f7e940cfd40
11/10/2025 19:32:32:809	UTIL	[43:43:2815017408]	INFO	timer_it::add_timer sink = 0x00007f7e940cf050, interval = 3600000, times = 0, is_exact = true, this = 0x00007f7e940cfdc0
11/10/2025 19:32:33:066	UTIL	[43:43:2815017408]	INFO	mlog_file::init mid:1007 size:1048576 shmem:false ret:0 this:0x00005626206aaf48
11/10/2025 19:32:33:067	UTIL	[43:43:2815017408]	INFO	thread_mgr_t::spawn, mode = 00000008, w_queue_size = 8192, type = 1024, interact_timer = true, thr_name = , bind_mask = 4294967295, use_ext_timer_drv = false, notifier = 0x0000000000000000, this = 0x000056261fc11100
11/10/2025 19:32:33:067	UTIL	[43:43:2815017408]	INFO	thread_mgr_t::spawn already has an instance for the thread, return it directly, thread id = 140181957624256, this = 0x000056261fc11100
11/10/2025 19:32:33:068	UTIL	[43:43:2815017408]	INFO	thread_mgr_t::spawn, mode = 00000008, w_queue_size = 8192, type = 1024, interact_timer = true, thr_name = , bind_mask = 4294967295, use_ext_timer_drv = false, notifier = 0x0000000000000000, this = 0x000056261fc11100
11/10/2025 19:32:33:068	UTIL	[43:43:2815017408]	INFO	thread_mgr_t::spawn already has an instance for the thread, return it directly, thread id = 140181957624256, this = 0x000056261fc11100
11/10/2025 19:32:33:485	UTIL	[43:43:2815017408]	INFO	thread_mgr_t::spawn, mode = 00000008, w_queue_size = 8192, type = 1024, interact_timer = true, thr_name = , bind_mask = 4294967295, use_ext_timer_drv = false, notifier = 0x0000000000000000, this = 0x000056261fc11100
11/10/2025 19:32:33:485	UTIL	[43:43:2815017408]	INFO	thread_mgr_t::spawn already has an instance for the thread, return it directly, thread id = 140181957624256, this = 0x000056261fc11100
11/10/2025 19:32:40:947	UTIL	[43:43:2815017408]	INFO	mlog_file::init mid:1026 size:1048576 shmem:false ret:0 this:0x00007f7e7c04c548
