11/10/2025 19:19:06:631	UTIL	[46:46:3754631616]	INFO	thread_mgr_t ::thread_mgr_t(),Mon,10 Nov 2025 19:19:06 GMT, preset_owner_thr = false, this = 0x00005611d9894090
11/10/2025 19:19:06:631	UTIL	[46:46:3754631616]	INFO	new_i8_allocator_t::new_i8_allocator_t, m_page_size = 4096, this = 0x00005611d9890f00
11/10/2025 19:19:06:631	UTIL	[46:46:3754631616]	INFO	UTIL_INIT  refer , s_init_times = 1, module_id = 9, description = UTIL has been built on:Sep 19 2025 at 06:33:56 on branch release-client-6.6.x with commit ID 2583f48484aeb604c472d0a89b4ddc1f55, dir = , filename = , pext = log, max_size = 41943040, max_idx = 99
11/10/2025 19:19:06:631	UTIL	[46:46:3754631616]	INFO	set_timer_driver, setup_call = 0x00007f6ffb5603b0, remove_call = 0x00007f6ffb560290
11/10/2025 19:19:06:631	UTIL	[46:46:3754631616]	INFO	thread_mgr_t::spawn, mode = 02000008, w_queue_size = 8192, type = 0, interact_timer = true, thr_name = , bind_mask = 4294967295, use_ext_timer_drv = true, notifier = 0x00005611d988f8f0, this = 0x00005611d9894090
11/10/2025 19:19:06:631	UTIL	[46:46:3754631616]	INFO	thread_wrapper_t::thread_wrapper_t, mode = 02000008, id = 0, type = 0, thr_manager = 0x00005611d9894090, waits = 0, interact_timer = true, m_timer_precision = 50, this = 0x00005611d98820a0
11/10/2025 19:19:06:631	UTIL	[46:46:3754631616]	INFO	msg_queue_t::msg_queue_t notifier = , notifier = 0x00005611d988f8f0, writer = 0x0000000000000000, capacity = 1024, mode = 0, this = 0x00005611d988fb10
11/10/2025 19:19:06:631	UTIL	[46:46:3754631616]	INFO	thread_wrapper_t::thread_wrapper_t ctrl queue size = 1024, this = 0x00005611d98820a0
11/10/2025 19:19:06:631	UTIL	[46:46:3754631616]	INFO	thread_wrapper_t::init_tls(), m_thread_manager = 0x00005611d9894090, this = 0x00005611d98820a0
11/10/2025 19:19:06:631	UTIL	[46:46:3754631616]	INFO	thread_mgr_t::register_tls, thr = 0x00005611d98820a0, tls = true, this = 0x00005611d9894090
11/10/2025 19:19:06:631	UTIL	[46:46:3754631616]	INFO	thread_wrapper_t::start_alive_check() timer = 0x0000000000000000, m_interact_timer = true, this = 0x00005611d98820a0
11/10/2025 19:19:06:631	UTIL	[46:46:3754631616]	INFO	timer_queue_t::timer_queue_t() , sink = 0x00005611d98820d8, min_interval = 204800, this = 0x00005611d989cb00
11/10/2025 19:19:06:631	UTIL	[46:46:3754631616]	INFO	thread_wrapper_t::open_notifier, waits = 0, m_notify = 0x00005611d988f8f0, this = 0x00005611d98820a0
11/10/2025 19:19:06:631	UTIL	[46:46:3754631616]	INFO	msg_queue_base_t::open_notifier, m_notifier = 0x00005611d988f8f0, notifier = 0x00005611d988f8f0, this = 0x00005611d988fb30
11/10/2025 19:19:06:631	UTIL	[46:46:3754631616]	INFO	thread_mgr_t::attach handle = 0x00005611d98820a0, thread_id = 140118472729024, owner_thr = 0x00005611d98820a0, owner_id = 140118472729024, queue_size = 8192, this = 0x00005611d9894090
11/10/2025 19:19:06:631	UTIL	[46:46:3754631616]	INFO	thread_wrapper_t::create_channel(), bind_thr = 0x00005611d98820a0[140118472729024], read_capacity = 8192, write_capacity = 8192, this = 0x00005611d98820a0
11/10/2025 19:19:06:631	UTIL	[46:46:3754631616]	INFO	o2o_msg_queue_t::o2o_msg_queue_t, notifier = 0x00005611d988f8f0, writer = 0x00005611d98820a0[140118472729024], reader = 0x00005611d98820a0[140118472729024], capacity = 8192, mode = 0, this = 0x00005611d9890d00
11/10/2025 19:19:06:631	UTIL	[46:46:3754631616]	INFO	o2o_msg_queue_t::o2o_msg_queue_t, notifier = 0x00005611d988f8f0, writer = 0x00005611d98820a0[140118472729024], reader = 0x00005611d98820a0[140118472729024], capacity = 8192, mode = 0, this = 0x00005611d9893e00
11/10/2025 19:19:06:631	UTIL	[46:46:3754631616]	INFO	thread_wrapper_t::bind_queue  , self_id = 140118472729024, bind_thr = 0x00005611d98820a0[140118472729024], r_queue = 0x00005611d9890d68, w_queue = 0x00005611d9893e70, this = 0x00005611d98820a0
11/10/2025 19:19:06:631	UTIL	[46:46:3754631616]	INFO	thread_wrapper_t::bind_queue  , self_id = 140118472729024, bind_thr = 0x00005611d98820a0[140118472729024], r_queue = 0x00005611d9893e68, w_queue = 0x00005611d9890d70, this = 0x00005611d98820a0
11/10/2025 19:19:06:631	UTIL	[46:46:3754631616]	INFO	thread_wrapper_t::bind_queue bind_thr = 0x00005611d98820a0 already be existed, skip it, this = 0x00005611d98820a0
11/10/2025 19:19:06:631	UTIL	[46:46:3754631616]	INFO	thread_wrapper_t::adjust_timer_precision, m_timer_precision = 50, new_timer_precision = 50, this = 0x00005611d98820a0
11/10/2025 19:19:06:632	UTIL	[46:46:3754631616]	INFO	register_logger  module_id = 1057, module_name = zoomtask, max_level = 31, logger = 0x0000000000000000, mode = 3
11/10/2025 19:19:06:827	UTIL	[46:46:3754631616]	INFO	UTIL_INIT  refer times = 2, module_id = 1057, UTIL has been built on:Sep 19 2025 at 06:33:56 on branch release-client-6.6.x with commit ID 2583f48484aeb604c472d0a89b4ddc1f55
11/10/2025 19:19:06:827	UTIL	[46:46:3754631616]	INFO	register_logger  module_id = 1057, module_name = ZoomTask, max_level = 31, logger = 0x0000000000000000, mode = 3
11/10/2025 19:19:06:831	UTIL	[46:46:3754631616]	INFO	UTIL_INIT  refer times = 3, module_id = 2, UTIL has been built on:Sep 19 2025 at 06:33:56 on branch release-client-6.6.x with commit ID 2583f48484aeb604c472d0a89b4ddc1f55
11/10/2025 19:19:06:839	UTIL	[46:46:3754631616]	INFO	timer_it::timer_it id = 0, own_thr = 0x0000000000000000, this = 0x00005611d9894848
11/10/2025 19:19:06:839	UTIL	[46:46:3754631616]	INFO	thread_mgr_t::spawn, mode = 01000004, w_queue_size = 0, type = 3, interact_timer = true, thr_name = zoom.dns, bind_mask = 0, use_ext_timer_drv = false, notifier = 0x0000000000000000, this = 0x00005611d9894090
11/10/2025 19:19:06:839	UTIL	[46:46:3754631616]	INFO	thread_wrapper_t::thread_wrapper_t, mode = 01000004, id = 0, type = 3, thr_manager = 0x00005611d9894090, waits = 1, interact_timer = true, m_timer_precision = 50, this = 0x00005611d98dcdb0
11/10/2025 19:19:06:839	UTIL	[46:46:3754631616]	INFO	msg_queue_t::msg_queue_t notifier = , notifier = 0x0000000000000000, writer = 0x0000000000000000, capacity = 1024, mode = 1, this = 0x00005611d98dd210
11/10/2025 19:19:06:839	UTIL	[46:46:3754631616]	INFO	thread_wrapper_t::thread_wrapper_t ctrl queue size = 1024, this = 0x00005611d98dcdb0
11/10/2025 19:19:06:839	UTIL	[46:46:3754631616]	INFO	thread_io_t::thread_io_t(), mode = 01000004, type = 3, queue size = 0, this = 0x00005611d98dcd80
11/10/2025 19:19:06:839	UTIL	[46:46:3754631616]	INFO	thread_io_t::open_notifier, waits = 1, this = 0x00005611d98dcd80
11/10/2025 19:19:06:839	UTIL	[46:46:3754631616]	INFO	msg_queue_base_t::open_notifier, m_notifier = 0x0000000000000000, notifier = 0x00005611d98dab30, this = 0x00005611d98dd230
11/10/2025 19:19:06:839	UTIL	[46:46:3754631616]	INFO	thread_io_t::thread_run(), id = 0, args = 0x0000000000000000, this = 0x00005611d98dcd80
11/10/2025 19:19:06:839	UTIL	[46:46:3754631616]	INFO	io_repo_t::io_repo_t, m_working = 0x00005611d98dcdb0, max_io_fds = 1024, this = 0x00005611d98e17d0
11/10/2025 19:19:06:839	UTIL	[46:46:3754631616]	INFO	notifier_handler_t::notifier_handler_t, io_container = 0x00005611d98e17d00x00005611d98dab30, this = 0x00005611d98e9960
11/10/2025 19:19:06:839	UTIL	[46:46:3754631616]	INFO	poll_t::poll_t register, fd = 11, es.first = 00000000000000000000000000000011, this = 0x00005611d98e17d0
11/10/2025 19:19:06:839	UTIL	[46:46:3754631616]	INFO	io_repo_t::start(), m_stop = true, this = 0x00005611d98e17d0
11/10/2025 19:19:06:839	UTIL	[46:46:3754631616]	INFO	thread_mgr_t::spawn only has control message queue for this thread, this = 0x00005611d9894090
11/10/2025 19:19:06:839	UTIL	[46:46:3754631616]	FATAL	assert: msg[thread_wrapper_t::create_channel bind thread should valid!, bind_thr = 0x0000000000000000] file[/home/jenkins/agent/workspace/Client/Client/DMT/linux/release/tp_util/util/src/thread.cpp], line = [1122]
11/10/2025 19:19:06:839	UTIL	[46:46:3754631616]	INFO	thread_wrapper_t::adjust_timer_precision, m_timer_precision = 50, new_timer_precision = 50, this = 0x00005611d98dcdb0
11/10/2025 19:19:06:839	UTIL	[46:46:3754631616]	INFO	timer_it::timer_it id = 0, own_thr = 0x0000000000000000, this = 0x00005611d98ea420
11/10/2025 19:19:06:839	UTIL	[46:46:3754631616]	INFO	timer_it::add_timer sink = 0x00005611d9894720, interval = 100, times = 0, is_exact = true, this = 0x00005611d98ea420
11/10/2025 19:19:06:841	UTIL	[46:46:3754631616]	INFO	UTIL_INIT  refer times = 4, module_id = 9, UTIL has been built on:Sep 19 2025 at 06:33:56 on branch release-client-6.6.x with commit ID 2583f48484aeb604c472d0a89b4ddc1f55
11/10/2025 19:19:06:844	UTIL	[46:46:3754631616]	INFO	thread_mgr_t::spawn, mode = 01000004, w_queue_size = 65536, type = 1027, interact_timer = true, thr_name = zoom.db, bind_mask = 4294967295, use_ext_timer_drv = false, notifier = 0x0000000000000000, this = 0x00005611d9894090
11/10/2025 19:19:06:844	UTIL	[46:46:3754631616]	INFO	thread_wrapper_t::thread_wrapper_t, mode = 01000004, id = 0, type = 1027, thr_manager = 0x00005611d9894090, waits = 1, interact_timer = true, m_timer_precision = 50, this = 0x00005611d990f8e0
11/10/2025 19:19:06:844	UTIL	[46:46:3754631616]	INFO	msg_queue_t::msg_queue_t notifier = , notifier = 0x0000000000000000, writer = 0x0000000000000000, capacity = 1024, mode = 1, this = 0x00005611d9903a30
11/10/2025 19:19:06:844	UTIL	[46:46:3754631616]	INFO	thread_wrapper_t::thread_wrapper_t ctrl queue size = 1024, this = 0x00005611d990f8e0
11/10/2025 19:19:06:844	UTIL	[46:46:3754631616]	INFO	thread_io_t::thread_io_t(), mode = 01000004, type = 1027, queue size = 65536, this = 0x00005611d990f8b0
11/10/2025 19:19:06:844	UTIL	[46:46:3754631616]	INFO	thread_io_t::open_notifier, waits = 1, this = 0x00005611d990f8b0
11/10/2025 19:19:06:844	UTIL	[46:46:3754631616]	INFO	msg_queue_base_t::open_notifier, m_notifier = 0x0000000000000000, notifier = 0x00005611d9892960, this = 0x00005611d9903a50
11/10/2025 19:19:06:844	UTIL	[46:46:3754631616]	INFO	thread_io_t::thread_run(), id = 0, args = 0x0000000000000000, this = 0x00005611d990f8b0
11/10/2025 19:19:06:844	UTIL	[46:46:3754631616]	INFO	io_repo_t::io_repo_t, m_working = 0x00005611d990f8e0, max_io_fds = 1024, this = 0x00005611d9913e60
11/10/2025 19:19:06:844	UTIL	[46:46:3754631616]	INFO	notifier_handler_t::notifier_handler_t, io_container = 0x00005611d9913e600x00005611d9892960, this = 0x00005611d99052f0
11/10/2025 19:19:06:844	UTIL	[46:46:3754631616]	INFO	poll_t::poll_t register, fd = 20, es.first = 00000000000000000000000000000011, this = 0x00005611d9913e60
11/10/2025 19:19:06:844	UTIL	[46:46:3754631616]	INFO	io_repo_t::start(), m_stop = true, this = 0x00005611d9913e60
11/10/2025 19:19:06:844	UTIL	[46:46:3754631616]	INFO	thread_mgr_t::attach handle = 0x00005611d990f8e0, thread_id = 140118165792448, owner_thr = 0x00005611d98820a0, owner_id = 140118472729024, queue_size = 65536, this = 0x00005611d9894090
11/10/2025 19:19:06:844	UTIL	[46:46:3754631616]	INFO	thread_wrapper_t::create_channel(), bind_thr = 0x00005611d98820a0[140118472729024], read_capacity = 65536, write_capacity = 65536, this = 0x00005611d990f8e0
11/10/2025 19:19:06:844	UTIL	[46:46:3754631616]	INFO	o2o_msg_queue_t::o2o_msg_queue_t, notifier = 0x00005611d988f8f0, writer = 0x00005611d990f8e0[140118165792448], reader = 0x00005611d98820a0[140118472729024], capacity = 65536, mode = 0, this = 0x00005611d991c8e0
11/10/2025 19:19:06:844	UTIL	[46:46:3754631616]	INFO	o2o_msg_queue_t::o2o_msg_queue_t, notifier = 0x00005611d9892960, writer = 0x00005611d98820a0[140118472729024], reader = 0x00005611d990f8e0[140118165792448], capacity = 65536, mode = 1, this = 0x00005611d991cb20
11/10/2025 19:19:06:845	UTIL	[46:46:3754631616]	INFO	thread_wrapper_t::bind_queue  , self_id = 140118472729024, bind_thr = 0x00005611d990f8e0[140118165792448], r_queue = 0x00005611d991c948, w_queue = 0x00005611d991cb90, this = 0x00005611d98820a0
11/10/2025 19:19:06:845	UTIL	[46:46:3754631616]	INFO	thread_wrapper_t::bind_queue  , self_id = 140118165792448, bind_thr = 0x00005611d98820a0[140118472729024], r_queue = 0x00005611d991cb88, w_queue = 0x00005611d991c950, this = 0x00005611d990f8e0
11/10/2025 19:19:06:845	UTIL	[46:46:3754631616]	INFO	thread_wrapper_t::create_channel(), bind_thr = 0x00005611d98dcdb0[140118440412864], read_capacity = 65536, write_capacity = 65536, this = 0x00005611d990f8e0
11/10/2025 19:19:06:845	UTIL	[46:46:3754631616]	INFO	o2o_msg_queue_t::o2o_msg_queue_t, notifier = 0x00005611d98dab30, writer = 0x00005611d990f8e0[140118165792448], reader = 0x00005611d98dcdb0[140118440412864], capacity = 65536, mode = 1, this = 0x00005611d991d1c0
11/10/2025 19:19:06:845	UTIL	[46:46:3754631616]	INFO	o2o_msg_queue_t::o2o_msg_queue_t, notifier = 0x00005611d9892960, writer = 0x00005611d98dcdb0[140118440412864], reader = 0x00005611d990f8e0[140118165792448], capacity = 65536, mode = 1, this = 0x00005611d991d400
11/10/2025 19:19:06:845	UTIL	[46:46:3754631616]	INFO	thread_wrapper_t::send_ctrl_msg msg = 0x00005611d991d640, (uint64_t)m_id = 0, timeout = -1, this = 0x00005611d990f8e0
11/10/2025 19:19:06:845	UTIL	[46:60:3447695040]	INFO	poll_t::loop () begin, working = 0x00005611d990f8e0, this = 0x00005611d9913e60
11/10/2025 19:19:06:845	UTIL	[46:60:3447695040]	INFO	thread_io_t::init_tls() thread_id = 140118165792448, this = 0x00005611d990f8b0
11/10/2025 19:19:06:845	UTIL	[46:60:3447695040]	INFO	thread_wrapper_t::init_tls(), m_thread_manager = 0x00005611d9894090, this = 0x00005611d990f8e0
11/10/2025 19:19:06:845	UTIL	[46:60:3447695040]	INFO	thread_mgr_t::register_tls, thr = 0x00005611d990f8e0, tls = true, this = 0x00005611d9894090
11/10/2025 19:19:06:845	UTIL	[46:60:3447695040]	INFO	thread_wrapper_t::start_alive_check() timer = 0x0000000000000000, m_interact_timer = true, this = 0x00005611d990f8e0
11/10/2025 19:19:06:845	UTIL	[46:60:3447695040]	INFO	timer_queue_t::timer_queue_t() , sink = 0x00005611d990f918, min_interval = 204800, this = 0x00007f6fb0001070
11/10/2025 19:19:06:845	UTIL	[46:60:3447695040]	INFO	thread_wrapper_t::create_ch_msg_t::on_message from = 0x00005611d990f8e0, to = 0x00005611d98dcdb0, this = 0x00005611d991d640
11/10/2025 19:19:06:845	UTIL	[46:60:3447695040]	INFO	thread_wrapper_t::bind_queue  , self_id = 140118440412864, bind_thr = 0x00005611d990f8e0[140118165792448], r_queue = 0x00005611d991d228, w_queue = 0x00005611d991d470, this = 0x00005611d98dcdb0
11/10/2025 19:19:06:845	UTIL	[46:52:3722315456]	INFO	poll_t::loop () begin, working = 0x00005611d98dcdb0, this = 0x00005611d98e17d0
11/10/2025 19:19:06:846	UTIL	[46:52:3722315456]	INFO	thread_io_t::init_tls() thread_id = 140118440412864, this = 0x00005611d98dcd80
11/10/2025 19:19:06:846	UTIL	[46:52:3722315456]	INFO	thread_wrapper_t::init_tls(), m_thread_manager = 0x00005611d9894090, this = 0x00005611d98dcdb0
11/10/2025 19:19:06:846	UTIL	[46:46:3754631616]	INFO	thread_wrapper_t::bind_queue  , self_id = 140118165792448, bind_thr = 0x00005611d98dcdb0[140118440412864], r_queue = 0x00005611d991d468, w_queue = 0x00005611d991d230, this = 0x00005611d990f8e0
11/10/2025 19:19:06:846	UTIL	[46:46:3754631616]	INFO	thread_wrapper_t::create_channel(), bind_thr = 0x00005611d990f8e0[140118165792448], read_capacity = 65536, write_capacity = 65536, this = 0x00005611d990f8e0
11/10/2025 19:19:06:848	UTIL	[46:46:3754631616]	INFO	o2o_msg_queue_t::o2o_msg_queue_t, notifier = 0x00005611d9892960, writer = 0x00005611d990f8e0[140118165792448], reader = 0x00005611d990f8e0[140118165792448], capacity = 65536, mode = 1, this = 0x00005611d991db00
11/10/2025 19:19:06:849	UTIL	[46:46:3754631616]	INFO	o2o_msg_queue_t::o2o_msg_queue_t, notifier = 0x00005611d9892960, writer = 0x00005611d990f8e0[140118165792448], reader = 0x00005611d990f8e0[140118165792448], capacity = 65536, mode = 1, this = 0x00005611d991dd40
11/10/2025 19:19:06:849	UTIL	[46:46:3754631616]	INFO	thread_wrapper_t::send_ctrl_msg msg = 0x00005611d991df80, (uint64_t)m_id = 140118165792448, timeout = -1, this = 0x00005611d990f8e0
11/10/2025 19:19:06:849	UTIL	[46:52:3722315456]	INFO	thread_mgr_t::register_tls, thr = 0x00005611d98dcdb0, tls = true, this = 0x00005611d9894090
11/10/2025 19:19:06:849	UTIL	[46:52:3722315456]	INFO	thread_wrapper_t::start_alive_check() timer = 0x0000000000000000, m_interact_timer = true, this = 0x00005611d98dcdb0
11/10/2025 19:19:06:849	UTIL	[46:52:3722315456]	INFO	timer_queue_t::timer_queue_t() , sink = 0x00005611d98dcde8, min_interval = 204800, this = 0x00007f6fb4001070
11/10/2025 19:19:06:849	UTIL	[46:60:3447695040]	INFO	thread_wrapper_t::create_ch_msg_t::on_message from = 0x00005611d990f8e0, to = 0x00005611d990f8e0, this = 0x00005611d991df80
11/10/2025 19:19:06:849	UTIL	[46:60:3447695040]	INFO	thread_wrapper_t::bind_queue  , self_id = 140118165792448, bind_thr = 0x00005611d990f8e0[140118165792448], r_queue = 0x00005611d991db68, w_queue = 0x00005611d991ddb0, this = 0x00005611d990f8e0
11/10/2025 19:19:06:850	UTIL	[46:46:3754631616]	INFO	thread_wrapper_t::bind_queue  , self_id = 140118165792448, bind_thr = 0x00005611d990f8e0[140118165792448], r_queue = 0x00005611d991dda8, w_queue = 0x00005611d991db70, this = 0x00005611d990f8e0
11/10/2025 19:19:06:850	UTIL	[46:46:3754631616]	INFO	thread_wrapper_t::bind_queue bind_thr = 0x00005611d990f8e0 already be existed, skip it, this = 0x00005611d990f8e0
11/10/2025 19:19:06:850	UTIL	[46:46:3754631616]	INFO	thread_wrapper_t::adjust_timer_precision, m_timer_precision = 50, new_timer_precision = 50, this = 0x00005611d990f8e0
11/10/2025 19:19:06:850	UTIL	[46:46:3754631616]	INFO	thread_mgr_t::spawn, mode = 01000004, w_queue_size = 65536, type = 1028, interact_timer = true, thr_name = zoom.im.index, bind_mask = 4294967295, use_ext_timer_drv = false, notifier = 0x0000000000000000, this = 0x00005611d9894090
11/10/2025 19:19:06:850	UTIL	[46:46:3754631616]	INFO	thread_wrapper_t::thread_wrapper_t, mode = 01000004, id = 0, type = 1028, thr_manager = 0x00005611d9894090, waits = 1, interact_timer = true, m_timer_precision = 50, this = 0x00005611d991e640
11/10/2025 19:19:06:850	UTIL	[46:46:3754631616]	INFO	msg_queue_t::msg_queue_t notifier = , notifier = 0x0000000000000000, writer = 0x0000000000000000, capacity = 1024, mode = 1, this = 0x00005611d991e8f0
11/10/2025 19:19:06:850	UTIL	[46:46:3754631616]	INFO	thread_wrapper_t::thread_wrapper_t ctrl queue size = 1024, this = 0x00005611d991e640
11/10/2025 19:19:06:850	UTIL	[46:46:3754631616]	INFO	thread_io_t::thread_io_t(), mode = 01000004, type = 1028, queue size = 65536, this = 0x00005611d991e610
11/10/2025 19:19:06:850	UTIL	[46:46:3754631616]	INFO	thread_io_t::open_notifier, waits = 1, this = 0x00005611d991e610
11/10/2025 19:19:06:850	UTIL	[46:46:3754631616]	INFO	msg_queue_base_t::open_notifier, m_notifier = 0x0000000000000000, notifier = 0x00005611d9922da0, this = 0x00005611d991e910
11/10/2025 19:19:06:850	UTIL	[46:46:3754631616]	INFO	thread_io_t::thread_run(), id = 0, args = 0x0000000000000000, this = 0x00005611d991e610
11/10/2025 19:19:06:850	UTIL	[46:46:3754631616]	INFO	io_repo_t::io_repo_t, m_working = 0x00005611d991e640, max_io_fds = 1024, this = 0x00005611d9923000
11/10/2025 19:19:06:850	UTIL	[46:46:3754631616]	INFO	notifier_handler_t::notifier_handler_t, io_container = 0x00005611d99230000x00005611d9922da0, this = 0x00005611d98eaf90
11/10/2025 19:19:06:850	UTIL	[46:46:3754631616]	INFO	poll_t::poll_t register, fd = 22, es.first = 00000000000000000000000000000011, this = 0x00005611d9923000
11/10/2025 19:19:06:850	UTIL	[46:46:3754631616]	INFO	io_repo_t::start(), m_stop = true, this = 0x00005611d9923000
11/10/2025 19:19:06:850	UTIL	[46:46:3754631616]	INFO	thread_mgr_t::attach handle = 0x00005611d991e640, thread_id = 140118157399744, owner_thr = 0x00005611d98820a0, owner_id = 140118472729024, queue_size = 65536, this = 0x00005611d9894090
11/10/2025 19:19:06:850	UTIL	[46:46:3754631616]	INFO	thread_wrapper_t::create_channel(), bind_thr = 0x00005611d98820a0[140118472729024], read_capacity = 65536, write_capacity = 65536, this = 0x00005611d991e640
11/10/2025 19:19:06:850	UTIL	[46:46:3754631616]	INFO	o2o_msg_queue_t::o2o_msg_queue_t, notifier = 0x00005611d988f8f0, writer = 0x00005611d991e640[140118157399744], reader = 0x00005611d98820a0[140118472729024], capacity = 65536, mode = 0, this = 0x00005611d992ba80
11/10/2025 19:19:06:851	UTIL	[46:46:3754631616]	INFO	o2o_msg_queue_t::o2o_msg_queue_t, notifier = 0x00005611d9922da0, writer = 0x00005611d98820a0[140118472729024], reader = 0x00005611d991e640[140118157399744], capacity = 65536, mode = 1, this = 0x00005611d992bcc0
11/10/2025 19:19:06:851	UTIL	[46:46:3754631616]	INFO	thread_wrapper_t::bind_queue  , self_id = 140118472729024, bind_thr = 0x00005611d991e640[140118157399744], r_queue = 0x00005611d992bae8, w_queue = 0x00005611d992bd30, this = 0x00005611d98820a0
11/10/2025 19:19:06:851	UTIL	[46:46:3754631616]	INFO	thread_wrapper_t::bind_queue  , self_id = 140118157399744, bind_thr = 0x00005611d98820a0[140118472729024], r_queue = 0x00005611d992bd28, w_queue = 0x00005611d992baf0, this = 0x00005611d991e640
11/10/2025 19:19:06:851	UTIL	[46:46:3754631616]	INFO	thread_wrapper_t::create_channel(), bind_thr = 0x00005611d98dcdb0[140118440412864], read_capacity = 65536, write_capacity = 65536, this = 0x00005611d991e640
11/10/2025 19:19:06:851	UTIL	[46:46:3754631616]	INFO	o2o_msg_queue_t::o2o_msg_queue_t, notifier = 0x00005611d98dab30, writer = 0x00005611d991e640[140118157399744], reader = 0x00005611d98dcdb0[140118440412864], capacity = 65536, mode = 1, this = 0x00005611d992c360
11/10/2025 19:19:06:851	UTIL	[46:46:3754631616]	INFO	o2o_msg_queue_t::o2o_msg_queue_t, notifier = 0x00005611d9922da0, writer = 0x00005611d98dcdb0[140118440412864], reader = 0x00005611d991e640[140118157399744], capacity = 65536, mode = 1, this = 0x00005611d992c5a0
11/10/2025 19:19:06:851	UTIL	[46:46:3754631616]	INFO	thread_wrapper_t::send_ctrl_msg msg = 0x00005611d992c7e0, (uint64_t)m_id = 0, timeout = -1, this = 0x00005611d991e640
11/10/2025 19:19:06:851	UTIL	[46:61:3439302336]	INFO	poll_t::loop () begin, working = 0x00005611d991e640, this = 0x00005611d9923000
11/10/2025 19:19:06:851	UTIL	[46:61:3439302336]	INFO	thread_io_t::init_tls() thread_id = 140118157399744, this = 0x00005611d991e610
11/10/2025 19:19:06:851	UTIL	[46:61:3439302336]	INFO	thread_wrapper_t::init_tls(), m_thread_manager = 0x00005611d9894090, this = 0x00005611d991e640
11/10/2025 19:19:06:851	UTIL	[46:61:3439302336]	INFO	thread_mgr_t::register_tls, thr = 0x00005611d991e640, tls = true, this = 0x00005611d9894090
11/10/2025 19:19:06:851	UTIL	[46:61:3439302336]	INFO	thread_wrapper_t::start_alive_check() timer = 0x0000000000000000, m_interact_timer = true, this = 0x00005611d991e640
11/10/2025 19:19:06:851	UTIL	[46:61:3439302336]	INFO	timer_queue_t::timer_queue_t() , sink = 0x00005611d991e678, min_interval = 204800, this = 0x00007f6fa8001070
11/10/2025 19:19:06:851	UTIL	[46:61:3439302336]	INFO	thread_wrapper_t::create_ch_msg_t::on_message from = 0x00005611d991e640, to = 0x00005611d98dcdb0, this = 0x00005611d992c7e0
11/10/2025 19:19:06:851	UTIL	[46:61:3439302336]	INFO	thread_wrapper_t::bind_queue  , self_id = 140118440412864, bind_thr = 0x00005611d991e640[140118157399744], r_queue = 0x00005611d992c3c8, w_queue = 0x00005611d992c610, this = 0x00005611d98dcdb0
11/10/2025 19:19:06:851	UTIL	[46:46:3754631616]	INFO	thread_wrapper_t::bind_queue  , self_id = 140118157399744, bind_thr = 0x00005611d98dcdb0[140118440412864], r_queue = 0x00005611d992c608, w_queue = 0x00005611d992c3d0, this = 0x00005611d991e640
11/10/2025 19:19:06:851	UTIL	[46:46:3754631616]	INFO	thread_wrapper_t::create_channel(), bind_thr = 0x00005611d990f8e0[140118165792448], read_capacity = 65536, write_capacity = 65536, this = 0x00005611d991e640
11/10/2025 19:19:06:851	UTIL	[46:46:3754631616]	INFO	o2o_msg_queue_t::o2o_msg_queue_t, notifier = 0x00005611d9892960, writer = 0x00005611d991e640[140118157399744], reader = 0x00005611d990f8e0[140118165792448], capacity = 65536, mode = 1, this = 0x00005611d992cc40
11/10/2025 19:19:06:852	UTIL	[46:46:3754631616]	INFO	o2o_msg_queue_t::o2o_msg_queue_t, notifier = 0x00005611d9922da0, writer = 0x00005611d990f8e0[140118165792448], reader = 0x00005611d991e640[140118157399744], capacity = 65536, mode = 1, this = 0x00005611d992ce80
11/10/2025 19:19:06:852	UTIL	[46:46:3754631616]	INFO	thread_wrapper_t::send_ctrl_msg msg = 0x00005611d992d0c0, (uint64_t)m_id = 140118157399744, timeout = -1, this = 0x00005611d991e640
11/10/2025 19:19:06:852	UTIL	[46:61:3439302336]	INFO	thread_wrapper_t::create_ch_msg_t::on_message from = 0x00005611d991e640, to = 0x00005611d990f8e0, this = 0x00005611d992d0c0
11/10/2025 19:19:06:852	UTIL	[46:61:3439302336]	INFO	thread_wrapper_t::bind_queue  , self_id = 140118165792448, bind_thr = 0x00005611d991e640[140118157399744], r_queue = 0x00005611d992cca8, w_queue = 0x00005611d992cef0, this = 0x00005611d990f8e0
11/10/2025 19:19:06:852	UTIL	[46:46:3754631616]	INFO	thread_wrapper_t::bind_queue  , self_id = 140118157399744, bind_thr = 0x00005611d990f8e0[140118165792448], r_queue = 0x00005611d992cee8, w_queue = 0x00005611d992ccb0, this = 0x00005611d991e640
11/10/2025 19:19:06:852	UTIL	[46:46:3754631616]	INFO	thread_wrapper_t::create_channel(), bind_thr = 0x00005611d991e640[140118157399744], read_capacity = 65536, write_capacity = 65536, this = 0x00005611d991e640
11/10/2025 19:19:06:852	UTIL	[46:46:3754631616]	INFO	o2o_msg_queue_t::o2o_msg_queue_t, notifier = 0x00005611d9922da0, writer = 0x00005611d991e640[140118157399744], reader = 0x00005611d991e640[140118157399744], capacity = 65536, mode = 1, this = 0x00005611d992d590
11/10/2025 19:19:06:853	UTIL	[46:46:3754631616]	INFO	o2o_msg_queue_t::o2o_msg_queue_t, notifier = 0x00005611d9922da0, writer = 0x00005611d991e640[140118157399744], reader = 0x00005611d991e640[140118157399744], capacity = 65536, mode = 1, this = 0x00005611d992d7d0
11/10/2025 19:19:06:853	UTIL	[46:46:3754631616]	INFO	thread_wrapper_t::send_ctrl_msg msg = 0x00005611d992da10, (uint64_t)m_id = 140118157399744, timeout = -1, this = 0x00005611d991e640
11/10/2025 19:19:06:853	UTIL	[46:61:3439302336]	INFO	thread_wrapper_t::create_ch_msg_t::on_message from = 0x00005611d991e640, to = 0x00005611d991e640, this = 0x00005611d992da10
11/10/2025 19:19:06:853	UTIL	[46:61:3439302336]	INFO	thread_wrapper_t::bind_queue  , self_id = 140118157399744, bind_thr = 0x00005611d991e640[140118157399744], r_queue = 0x00005611d992d5f8, w_queue = 0x00005611d992d840, this = 0x00005611d991e640
11/10/2025 19:19:06:853	UTIL	[46:46:3754631616]	INFO	thread_wrapper_t::bind_queue  , self_id = 140118157399744, bind_thr = 0x00005611d991e640[140118157399744], r_queue = 0x00005611d992d838, w_queue = 0x00005611d992d600, this = 0x00005611d991e640
11/10/2025 19:19:06:853	UTIL	[46:46:3754631616]	INFO	thread_wrapper_t::bind_queue bind_thr = 0x00005611d991e640 already be existed, skip it, this = 0x00005611d991e640
11/10/2025 19:19:06:853	UTIL	[46:46:3754631616]	INFO	thread_wrapper_t::adjust_timer_precision, m_timer_precision = 50, new_timer_precision = 50, this = 0x00005611d991e640
11/10/2025 19:19:07:227	UTIL	[46:46:3754631616]	INFO	UTIL_INIT  refer times = 5, module_id = 5, UTIL has been built on:Sep 19 2025 at 06:33:56 on branch release-client-6.6.x with commit ID 2583f48484aeb604c472d0a89b4ddc1f55
11/10/2025 19:19:07:227	UTIL	[46:46:3754631616]	INFO	register_logger  module_id = 5, module_name = MCM, max_level = 31, logger = 0x0000000000000000, mode = 3
11/10/2025 19:19:07:440	UTIL	[46:46:3754631616]	INFO	register_logger  module_id = 6, module_name = NYDUS, max_level = 31, logger = 0x0000000000000000, mode = 3
11/10/2025 19:19:07:440	UTIL	[46:46:3754631616]	INFO	timer_it::timer_it id = 0, own_thr = 0x0000000000000000, this = 0x00005611d99491d0
11/10/2025 19:19:07:440	UTIL	[46:46:3754631616]	INFO	timer_it::timer_it id = 0, own_thr = 0x0000000000000000, this = 0x00005611d9949260
11/10/2025 19:19:07:440	UTIL	[46:46:3754631616]	INFO	thread_mgr_t::spawn, mode = 00000008, w_queue_size = 8192, type = 1024, interact_timer = true, thr_name = , bind_mask = 4294967295, use_ext_timer_drv = false, notifier = 0x0000000000000000, this = 0x00005611d9894090
11/10/2025 19:19:07:440	UTIL	[46:46:3754631616]	INFO	thread_mgr_t::spawn already has an instance for the thread, return it directly, thread id = 140118472729024, this = 0x00005611d9894090
11/10/2025 19:19:07:691	UTIL	[46:46:3754631616]	INFO	timer_it::add_timer sink = 0x00005611d9951fa8, interval = 12800, times = 0, is_exact = true, this = 0x00005611d99491d0
11/10/2025 19:19:07:691	UTIL	[46:46:3754631616]	INFO	timer_it::add_timer sink = 0x00005611d9951fa8, interval = 3840, times = 0, is_exact = true, this = 0x00005611d9949260
11/10/2025 19:20:08:393	UTIL	[46:46:3754631616]	INFO	mlog_file::init mid:1069 size:1048576 shmem:false ret:0 this:0x00005611d99db7d8
11/10/2025 19:20:12:795	UTIL	[46:46:3754631616]	INFO	mlog_file::init mid:1027 size:1048576 shmem:false ret:0 this:0x00005611d99f2f88
11/10/2025 19:20:13:046	UTIL	[46:46:3754631616]	INFO	mlog_file::init mid:1008 size:1048576 shmem:false ret:0 this:0x00005611d99f22b8
11/10/2025 19:20:13:281	UTIL	[46:46:3754631616]	INFO	mlog_file::init mid:1030 size:1048576 shmem:false ret:0 this:0x00005611d9abb9f8
