11/10/2025 19:31:16:101	UTIL	[43:43:2671612352]	INFO	thread_mgr_t ::thread_mgr_t(),Mon,10 Nov 2025 19:31:16 GMT, preset_owner_thr = false, this = 0x00005649f9c2c100
11/10/2025 19:31:16:102	UTIL	[43:43:2671612352]	INFO	new_i8_allocator_t::new_i8_allocator_t, m_page_size = 4096, this = 0x00005649f9c28f10
11/10/2025 19:31:16:102	UTIL	[43:43:2671612352]	INFO	UTIL_INIT  refer , s_init_times = 1, module_id = 9, description = UTIL has been built on:Sep 19 2025 at 06:33:56 on branch release-client-6.6.x with commit ID 2583f48484aeb604c472d0a89b4ddc1f55, dir = , filename = , pext = log, max_size = 41943040, max_idx = 99
11/10/2025 19:31:16:102	UTIL	[43:43:2671612352]	INFO	set_timer_driver, setup_call = 0x00007f2dbab603b0, remove_call = 0x00007f2dbab60290
11/10/2025 19:31:16:102	UTIL	[43:43:2671612352]	INFO	thread_mgr_t::spawn, mode = 02000008, w_queue_size = 8192, type = 0, interact_timer = true, thr_name = , bind_mask = 4294967295, use_ext_timer_drv = true, notifier = 0x00005649f9c27900, this = 0x00005649f9c2c100
11/10/2025 19:31:16:102	UTIL	[43:43:2671612352]	INFO	thread_wrapper_t::thread_wrapper_t, mode = 02000008, id = 0, type = 0, thr_manager = 0x00005649f9c2c100, waits = 0, interact_timer = true, m_timer_precision = 50, this = 0x00005649f9c34ff0
11/10/2025 19:31:16:102	UTIL	[43:43:2671612352]	INFO	msg_queue_t::msg_queue_t notifier = , notifier = 0x00005649f9c27900, writer = 0x0000000000000000, capacity = 1024, mode = 0, this = 0x00005649f9c2a880
11/10/2025 19:31:16:102	UTIL	[43:43:2671612352]	INFO	thread_wrapper_t::thread_wrapper_t ctrl queue size = 1024, this = 0x00005649f9c34ff0
11/10/2025 19:31:16:102	UTIL	[43:43:2671612352]	INFO	thread_wrapper_t::init_tls(), m_thread_manager = 0x00005649f9c2c100, this = 0x00005649f9c34ff0
11/10/2025 19:31:16:102	UTIL	[43:43:2671612352]	INFO	thread_mgr_t::register_tls, thr = 0x00005649f9c34ff0, tls = true, this = 0x00005649f9c2c100
11/10/2025 19:31:16:102	UTIL	[43:43:2671612352]	INFO	thread_wrapper_t::start_alive_check() timer = 0x0000000000000000, m_interact_timer = true, this = 0x00005649f9c34ff0
11/10/2025 19:31:16:102	UTIL	[43:43:2671612352]	INFO	timer_queue_t::timer_queue_t() , sink = 0x00005649f9c35028, min_interval = 204800, this = 0x00005649f9c34b80
11/10/2025 19:31:16:102	UTIL	[43:43:2671612352]	INFO	thread_wrapper_t::open_notifier, waits = 0, m_notify = 0x00005649f9c27900, this = 0x00005649f9c34ff0
11/10/2025 19:31:16:102	UTIL	[43:43:2671612352]	INFO	msg_queue_base_t::open_notifier, m_notifier = 0x00005649f9c27900, notifier = 0x00005649f9c27900, this = 0x00005649f9c2a8a0
11/10/2025 19:31:16:102	UTIL	[43:43:2671612352]	INFO	thread_mgr_t::attach handle = 0x00005649f9c34ff0, thread_id = 139833921868224, owner_thr = 0x00005649f9c34ff0, owner_id = 139833921868224, queue_size = 8192, this = 0x00005649f9c2c100
11/10/2025 19:31:16:102	UTIL	[43:43:2671612352]	INFO	thread_wrapper_t::create_channel(), bind_thr = 0x00005649f9c34ff0[139833921868224], read_capacity = 8192, write_capacity = 8192, this = 0x00005649f9c34ff0
11/10/2025 19:31:16:102	UTIL	[43:43:2671612352]	INFO	o2o_msg_queue_t::o2o_msg_queue_t, notifier = 0x00005649f9c27900, writer = 0x00005649f9c34ff0[139833921868224], reader = 0x00005649f9c34ff0[139833921868224], capacity = 8192, mode = 0, this = 0x00005649f9c28d10
11/10/2025 19:31:16:102	UTIL	[43:43:2671612352]	INFO	o2o_msg_queue_t::o2o_msg_queue_t, notifier = 0x00005649f9c27900, writer = 0x00005649f9c34ff0[139833921868224], reader = 0x00005649f9c34ff0[139833921868224], capacity = 8192, mode = 0, this = 0x00005649f9c2be10
11/10/2025 19:31:16:102	UTIL	[43:43:2671612352]	INFO	thread_wrapper_t::bind_queue  , self_id = 139833921868224, bind_thr = 0x00005649f9c34ff0[139833921868224], r_queue = 0x00005649f9c28d78, w_queue = 0x00005649f9c2be80, this = 0x00005649f9c34ff0
11/10/2025 19:31:16:102	UTIL	[43:43:2671612352]	INFO	thread_wrapper_t::bind_queue  , self_id = 139833921868224, bind_thr = 0x00005649f9c34ff0[139833921868224], r_queue = 0x00005649f9c2be78, w_queue = 0x00005649f9c28d80, this = 0x00005649f9c34ff0
11/10/2025 19:31:16:102	UTIL	[43:43:2671612352]	INFO	thread_wrapper_t::bind_queue bind_thr = 0x00005649f9c34ff0 already be existed, skip it, this = 0x00005649f9c34ff0
11/10/2025 19:31:16:102	UTIL	[43:43:2671612352]	INFO	thread_wrapper_t::adjust_timer_precision, m_timer_precision = 50, new_timer_precision = 50, this = 0x00005649f9c34ff0
11/10/2025 19:31:16:102	UTIL	[43:43:2671612352]	INFO	register_logger  module_id = 1057, module_name = zoomtask, max_level = 31, logger = 0x0000000000000000, mode = 3
11/10/2025 19:31:16:105	UTIL	[43:43:2671612352]	INFO	UTIL_INIT  refer times = 2, module_id = 1057, UTIL has been built on:Sep 19 2025 at 06:33:56 on branch release-client-6.6.x with commit ID 2583f48484aeb604c472d0a89b4ddc1f55
11/10/2025 19:31:16:105	UTIL	[43:43:2671612352]	INFO	register_logger  module_id = 1057, module_name = ZoomTask, max_level = 31, logger = 0x0000000000000000, mode = 3
11/10/2025 19:31:17:148	UTIL	[43:43:2671612352]	INFO	UTIL_INIT  refer times = 3, module_id = 2, UTIL has been built on:Sep 19 2025 at 06:33:56 on branch release-client-6.6.x with commit ID 2583f48484aeb604c472d0a89b4ddc1f55
11/10/2025 19:31:17:151	UTIL	[43:43:2671612352]	INFO	timer_it::timer_it id = 0, own_thr = 0x0000000000000000, this = 0x00005649f9c2c858
11/10/2025 19:31:17:151	UTIL	[43:43:2671612352]	INFO	thread_mgr_t::spawn, mode = 01000004, w_queue_size = 0, type = 3, interact_timer = true, thr_name = zoom.dns, bind_mask = 0, use_ext_timer_drv = false, notifier = 0x0000000000000000, this = 0x00005649f9c2c100
11/10/2025 19:31:17:151	UTIL	[43:43:2671612352]	INFO	thread_wrapper_t::thread_wrapper_t, mode = 01000004, id = 0, type = 3, thr_manager = 0x00005649f9c2c100, waits = 1, interact_timer = true, m_timer_precision = 50, this = 0x00005649f9c74d10
11/10/2025 19:31:17:151	UTIL	[43:43:2671612352]	INFO	msg_queue_t::msg_queue_t notifier = , notifier = 0x0000000000000000, writer = 0x0000000000000000, capacity = 1024, mode = 1, this = 0x00005649f9c75170
11/10/2025 19:31:17:151	UTIL	[43:43:2671612352]	INFO	thread_wrapper_t::thread_wrapper_t ctrl queue size = 1024, this = 0x00005649f9c74d10
11/10/2025 19:31:17:151	UTIL	[43:43:2671612352]	INFO	thread_io_t::thread_io_t(), mode = 01000004, type = 3, queue size = 0, this = 0x00005649f9c74ce0
11/10/2025 19:31:17:151	UTIL	[43:43:2671612352]	INFO	thread_io_t::open_notifier, waits = 1, this = 0x00005649f9c74ce0
11/10/2025 19:31:17:151	UTIL	[43:43:2671612352]	INFO	msg_queue_base_t::open_notifier, m_notifier = 0x0000000000000000, notifier = 0x00005649f9c72a90, this = 0x00005649f9c75190
11/10/2025 19:31:17:151	UTIL	[43:43:2671612352]	INFO	thread_io_t::thread_run(), id = 0, args = 0x0000000000000000, this = 0x00005649f9c74ce0
11/10/2025 19:31:17:151	UTIL	[43:43:2671612352]	INFO	io_repo_t::io_repo_t, m_working = 0x00005649f9c74d10, max_io_fds = 1024, this = 0x00005649f9c79730
11/10/2025 19:31:17:151	UTIL	[43:43:2671612352]	INFO	notifier_handler_t::notifier_handler_t, io_container = 0x00005649f9c797300x00005649f9c72a90, this = 0x00005649f9c818c0
11/10/2025 19:31:17:151	UTIL	[43:43:2671612352]	INFO	poll_t::poll_t register, fd = 11, es.first = 00000000000000000000000000000011, this = 0x00005649f9c79730
11/10/2025 19:31:17:151	UTIL	[43:43:2671612352]	INFO	io_repo_t::start(), m_stop = true, this = 0x00005649f9c79730
11/10/2025 19:31:17:151	UTIL	[43:43:2671612352]	INFO	thread_mgr_t::spawn only has control message queue for this thread, this = 0x00005649f9c2c100
11/10/2025 19:31:17:151	UTIL	[43:43:2671612352]	FATAL	assert: msg[thread_wrapper_t::create_channel bind thread should valid!, bind_thr = 0x0000000000000000] file[/home/jenkins/agent/workspace/Client/Client/DMT/linux/release/tp_util/util/src/thread.cpp], line = [1122]
11/10/2025 19:31:17:151	UTIL	[43:43:2671612352]	INFO	thread_wrapper_t::adjust_timer_precision, m_timer_precision = 50, new_timer_precision = 50, this = 0x00005649f9c74d10
11/10/2025 19:31:17:151	UTIL	[43:43:2671612352]	INFO	timer_it::timer_it id = 0, own_thr = 0x0000000000000000, this = 0x00005649f9c82380
11/10/2025 19:31:17:151	UTIL	[43:43:2671612352]	INFO	timer_it::add_timer sink = 0x00005649f9c2c730, interval = 100, times = 0, is_exact = true, this = 0x00005649f9c82380
11/10/2025 19:31:17:152	UTIL	[43:49:2639296192]	INFO	poll_t::loop () begin, working = 0x00005649f9c74d10, this = 0x00005649f9c79730
11/10/2025 19:31:17:152	UTIL	[43:49:2639296192]	INFO	thread_io_t::init_tls() thread_id = 139833889552064, this = 0x00005649f9c74ce0
11/10/2025 19:31:17:152	UTIL	[43:49:2639296192]	INFO	thread_wrapper_t::init_tls(), m_thread_manager = 0x00005649f9c2c100, this = 0x00005649f9c74d10
11/10/2025 19:31:17:152	UTIL	[43:49:2639296192]	INFO	thread_mgr_t::register_tls, thr = 0x00005649f9c74d10, tls = true, this = 0x00005649f9c2c100
11/10/2025 19:31:17:152	UTIL	[43:49:2639296192]	INFO	thread_wrapper_t::start_alive_check() timer = 0x0000000000000000, m_interact_timer = true, this = 0x00005649f9c74d10
11/10/2025 19:31:17:152	UTIL	[43:49:2639296192]	INFO	timer_queue_t::timer_queue_t() , sink = 0x00005649f9c74d48, min_interval = 204800, this = 0x00007f2d94001070
11/10/2025 19:31:17:164	UTIL	[43:43:2671612352]	INFO	UTIL_INIT  refer times = 4, module_id = 9, UTIL has been built on:Sep 19 2025 at 06:33:56 on branch release-client-6.6.x with commit ID 2583f48484aeb604c472d0a89b4ddc1f55
11/10/2025 19:31:17:165	UTIL	[43:43:2671612352]	INFO	thread_mgr_t::spawn, mode = 01000004, w_queue_size = 65536, type = 1027, interact_timer = true, thr_name = zoom.db, bind_mask = 4294967295, use_ext_timer_drv = false, notifier = 0x0000000000000000, this = 0x00005649f9c2c100
11/10/2025 19:31:17:166	UTIL	[43:43:2671612352]	INFO	thread_wrapper_t::thread_wrapper_t, mode = 01000004, id = 0, type = 1027, thr_manager = 0x00005649f9c2c100, waits = 1, interact_timer = true, m_timer_precision = 50, this = 0x00005649f9ca7840
11/10/2025 19:31:17:168	UTIL	[43:43:2671612352]	INFO	msg_queue_t::msg_queue_t notifier = , notifier = 0x0000000000000000, writer = 0x0000000000000000, capacity = 1024, mode = 1, this = 0x00005649f9c9b990
11/10/2025 19:31:17:168	UTIL	[43:43:2671612352]	INFO	thread_wrapper_t::thread_wrapper_t ctrl queue size = 1024, this = 0x00005649f9ca7840
11/10/2025 19:31:17:168	UTIL	[43:43:2671612352]	INFO	thread_io_t::thread_io_t(), mode = 01000004, type = 1027, queue size = 65536, this = 0x00005649f9ca7810
11/10/2025 19:31:17:168	UTIL	[43:43:2671612352]	INFO	thread_io_t::open_notifier, waits = 1, this = 0x00005649f9ca7810
11/10/2025 19:31:17:168	UTIL	[43:43:2671612352]	INFO	msg_queue_base_t::open_notifier, m_notifier = 0x0000000000000000, notifier = 0x00005649f9cabc00, this = 0x00005649f9c9b9b0
11/10/2025 19:31:17:168	UTIL	[43:43:2671612352]	INFO	thread_io_t::thread_run(), id = 0, args = 0x0000000000000000, this = 0x00005649f9ca7810
11/10/2025 19:31:17:168	UTIL	[43:43:2671612352]	INFO	io_repo_t::io_repo_t, m_working = 0x00005649f9ca7840, max_io_fds = 1024, this = 0x00005649f9cabe00
11/10/2025 19:31:17:168	UTIL	[43:43:2671612352]	INFO	notifier_handler_t::notifier_handler_t, io_container = 0x00005649f9cabe000x00005649f9cabc00, this = 0x00005649f9c9d250
11/10/2025 19:31:17:168	UTIL	[43:43:2671612352]	INFO	poll_t::poll_t register, fd = 20, es.first = 00000000000000000000000000000011, this = 0x00005649f9cabe00
11/10/2025 19:31:17:168	UTIL	[43:43:2671612352]	INFO	io_repo_t::start(), m_stop = true, this = 0x00005649f9cabe00
11/10/2025 19:31:17:186	UTIL	[43:43:2671612352]	INFO	thread_mgr_t::attach handle = 0x00005649f9ca7840, thread_id = 139833615816384, owner_thr = 0x00005649f9c34ff0, owner_id = 139833921868224, queue_size = 65536, this = 0x00005649f9c2c100
11/10/2025 19:31:17:186	UTIL	[43:43:2671612352]	INFO	thread_wrapper_t::create_channel(), bind_thr = 0x00005649f9c34ff0[139833921868224], read_capacity = 65536, write_capacity = 65536, this = 0x00005649f9ca7840
11/10/2025 19:31:17:190	UTIL	[43:57:2365560512]	INFO	poll_t::loop () begin, working = 0x00005649f9ca7840, this = 0x00005649f9cabe00
11/10/2025 19:31:17:198	UTIL	[43:57:2365560512]	INFO	thread_io_t::init_tls() thread_id = 139833615816384, this = 0x00005649f9ca7810
11/10/2025 19:31:17:198	UTIL	[43:57:2365560512]	INFO	thread_wrapper_t::init_tls(), m_thread_manager = 0x00005649f9c2c100, this = 0x00005649f9ca7840
11/10/2025 19:31:17:199	UTIL	[43:57:2365560512]	INFO	thread_mgr_t::register_tls, thr = 0x00005649f9ca7840, tls = true, this = 0x00005649f9c2c100
11/10/2025 19:31:17:199	UTIL	[43:57:2365560512]	INFO	thread_wrapper_t::start_alive_check() timer = 0x0000000000000000, m_interact_timer = true, this = 0x00005649f9ca7840
11/10/2025 19:31:17:199	UTIL	[43:57:2365560512]	INFO	timer_queue_t::timer_queue_t() , sink = 0x00005649f9ca7878, min_interval = 204800, this = 0x00007f2d6c001070
11/10/2025 19:31:17:214	UTIL	[43:43:2671612352]	INFO	o2o_msg_queue_t::o2o_msg_queue_t, notifier = 0x00005649f9c27900, writer = 0x00005649f9ca7840[139833615816384], reader = 0x00005649f9c34ff0[139833921868224], capacity = 65536, mode = 0, this = 0x00005649f9cb4880
11/10/2025 19:31:17:273	UTIL	[43:43:2671612352]	INFO	o2o_msg_queue_t::o2o_msg_queue_t, notifier = 0x00005649f9cabc00, writer = 0x00005649f9c34ff0[139833921868224], reader = 0x00005649f9ca7840[139833615816384], capacity = 65536, mode = 1, this = 0x00005649f9cb4ac0
11/10/2025 19:31:17:273	UTIL	[43:43:2671612352]	INFO	thread_wrapper_t::bind_queue  , self_id = 139833921868224, bind_thr = 0x00005649f9ca7840[139833615816384], r_queue = 0x00005649f9cb48e8, w_queue = 0x00005649f9cb4b30, this = 0x00005649f9c34ff0
11/10/2025 19:31:17:273	UTIL	[43:43:2671612352]	INFO	thread_wrapper_t::bind_queue  , self_id = 139833615816384, bind_thr = 0x00005649f9c34ff0[139833921868224], r_queue = 0x00005649f9cb4b28, w_queue = 0x00005649f9cb48f0, this = 0x00005649f9ca7840
11/10/2025 19:31:17:274	UTIL	[43:43:2671612352]	INFO	thread_wrapper_t::create_channel(), bind_thr = 0x00005649f9c74d10[139833889552064], read_capacity = 65536, write_capacity = 65536, this = 0x00005649f9ca7840
11/10/2025 19:31:17:284	UTIL	[43:43:2671612352]	INFO	o2o_msg_queue_t::o2o_msg_queue_t, notifier = 0x00005649f9c72a90, writer = 0x00005649f9ca7840[139833615816384], reader = 0x00005649f9c74d10[139833889552064], capacity = 65536, mode = 1, this = 0x00005649f9cb5160
11/10/2025 19:31:17:291	UTIL	[43:43:2671612352]	INFO	o2o_msg_queue_t::o2o_msg_queue_t, notifier = 0x00005649f9cabc00, writer = 0x00005649f9c74d10[139833889552064], reader = 0x00005649f9ca7840[139833615816384], capacity = 65536, mode = 1, this = 0x00005649f9cb53a0
11/10/2025 19:31:17:291	UTIL	[43:43:2671612352]	INFO	thread_wrapper_t::send_ctrl_msg msg = 0x00005649f9cb55e0, (uint64_t)m_id = 139833615816384, timeout = -1, this = 0x00005649f9ca7840
11/10/2025 19:31:17:291	UTIL	[43:57:2365560512]	INFO	thread_wrapper_t::create_ch_msg_t::on_message from = 0x00005649f9ca7840, to = 0x00005649f9c74d10, this = 0x00005649f9cb55e0
11/10/2025 19:31:17:291	UTIL	[43:57:2365560512]	INFO	thread_wrapper_t::bind_queue  , self_id = 139833889552064, bind_thr = 0x00005649f9ca7840[139833615816384], r_queue = 0x00005649f9cb51c8, w_queue = 0x00005649f9cb5410, this = 0x00005649f9c74d10
11/10/2025 19:31:17:291	UTIL	[43:43:2671612352]	INFO	thread_wrapper_t::bind_queue  , self_id = 139833615816384, bind_thr = 0x00005649f9c74d10[139833889552064], r_queue = 0x00005649f9cb5408, w_queue = 0x00005649f9cb51d0, this = 0x00005649f9ca7840
11/10/2025 19:31:17:291	UTIL	[43:43:2671612352]	INFO	thread_wrapper_t::create_channel(), bind_thr = 0x00005649f9ca7840[139833615816384], read_capacity = 65536, write_capacity = 65536, this = 0x00005649f9ca7840
11/10/2025 19:31:17:308	UTIL	[43:43:2671612352]	INFO	o2o_msg_queue_t::o2o_msg_queue_t, notifier = 0x00005649f9cabc00, writer = 0x00005649f9ca7840[139833615816384], reader = 0x00005649f9ca7840[139833615816384], capacity = 65536, mode = 1, this = 0x00005649f9cb59e0
11/10/2025 19:31:17:326	UTIL	[43:43:2671612352]	INFO	o2o_msg_queue_t::o2o_msg_queue_t, notifier = 0x00005649f9cabc00, writer = 0x00005649f9ca7840[139833615816384], reader = 0x00005649f9ca7840[139833615816384], capacity = 65536, mode = 1, this = 0x00005649f9cb5c20
11/10/2025 19:31:17:326	UTIL	[43:43:2671612352]	INFO	thread_wrapper_t::send_ctrl_msg msg = 0x00005649f9cb5e60, (uint64_t)m_id = 139833615816384, timeout = -1, this = 0x00005649f9ca7840
11/10/2025 19:31:17:326	UTIL	[43:57:2365560512]	INFO	thread_wrapper_t::create_ch_msg_t::on_message from = 0x00005649f9ca7840, to = 0x00005649f9ca7840, this = 0x00005649f9cb5e60
11/10/2025 19:31:17:326	UTIL	[43:57:2365560512]	INFO	thread_wrapper_t::bind_queue  , self_id = 139833615816384, bind_thr = 0x00005649f9ca7840[139833615816384], r_queue = 0x00005649f9cb5a48, w_queue = 0x00005649f9cb5c90, this = 0x00005649f9ca7840
11/10/2025 19:31:17:327	UTIL	[43:43:2671612352]	INFO	thread_wrapper_t::bind_queue  , self_id = 139833615816384, bind_thr = 0x00005649f9ca7840[139833615816384], r_queue = 0x00005649f9cb5c88, w_queue = 0x00005649f9cb5a50, this = 0x00005649f9ca7840
11/10/2025 19:31:17:327	UTIL	[43:43:2671612352]	INFO	thread_wrapper_t::bind_queue bind_thr = 0x00005649f9ca7840 already be existed, skip it, this = 0x00005649f9ca7840
11/10/2025 19:31:17:327	UTIL	[43:43:2671612352]	INFO	thread_wrapper_t::adjust_timer_precision, m_timer_precision = 50, new_timer_precision = 50, this = 0x00005649f9ca7840
11/10/2025 19:31:17:327	UTIL	[43:43:2671612352]	INFO	thread_mgr_t::spawn, mode = 01000004, w_queue_size = 65536, type = 1028, interact_timer = true, thr_name = zoom.im.index, bind_mask = 4294967295, use_ext_timer_drv = false, notifier = 0x0000000000000000, this = 0x00005649f9c2c100
11/10/2025 19:31:17:327	UTIL	[43:43:2671612352]	INFO	thread_wrapper_t::thread_wrapper_t, mode = 01000004, id = 0, type = 1028, thr_manager = 0x00005649f9c2c100, waits = 1, interact_timer = true, m_timer_precision = 50, this = 0x00005649f9cb65f0
11/10/2025 19:31:17:327	UTIL	[43:43:2671612352]	INFO	msg_queue_t::msg_queue_t notifier = , notifier = 0x0000000000000000, writer = 0x0000000000000000, capacity = 1024, mode = 1, this = 0x00005649f9cb68a0
11/10/2025 19:31:17:327	UTIL	[43:43:2671612352]	INFO	thread_wrapper_t::thread_wrapper_t ctrl queue size = 1024, this = 0x00005649f9cb65f0
11/10/2025 19:31:17:327	UTIL	[43:43:2671612352]	INFO	thread_io_t::thread_io_t(), mode = 01000004, type = 1028, queue size = 65536, this = 0x00005649f9cb65c0
11/10/2025 19:31:17:327	UTIL	[43:43:2671612352]	INFO	thread_io_t::open_notifier, waits = 1, this = 0x00005649f9cb65c0
11/10/2025 19:31:17:327	UTIL	[43:43:2671612352]	INFO	msg_queue_base_t::open_notifier, m_notifier = 0x0000000000000000, notifier = 0x00005649f9cbad50, this = 0x00005649f9cb68c0
11/10/2025 19:31:17:327	UTIL	[43:43:2671612352]	INFO	thread_io_t::thread_run(), id = 0, args = 0x0000000000000000, this = 0x00005649f9cb65c0
11/10/2025 19:31:17:327	UTIL	[43:43:2671612352]	INFO	io_repo_t::io_repo_t, m_working = 0x00005649f9cb65f0, max_io_fds = 1024, this = 0x00005649f9cbafb0
11/10/2025 19:31:17:327	UTIL	[43:43:2671612352]	INFO	notifier_handler_t::notifier_handler_t, io_container = 0x00005649f9cbafb00x00005649f9cbad50, this = 0x00005649f9c82ef0
11/10/2025 19:31:17:327	UTIL	[43:43:2671612352]	INFO	poll_t::poll_t register, fd = 22, es.first = 00000000000000000000000000000011, this = 0x00005649f9cbafb0
11/10/2025 19:31:17:327	UTIL	[43:43:2671612352]	INFO	io_repo_t::start(), m_stop = true, this = 0x00005649f9cbafb0
11/10/2025 19:31:17:328	UTIL	[43:43:2671612352]	INFO	thread_mgr_t::attach handle = 0x00005649f9cb65f0, thread_id = 139833397737152, owner_thr = 0x00005649f9c34ff0, owner_id = 139833921868224, queue_size = 65536, this = 0x00005649f9c2c100
11/10/2025 19:31:17:328	UTIL	[43:43:2671612352]	INFO	thread_wrapper_t::create_channel(), bind_thr = 0x00005649f9c34ff0[139833921868224], read_capacity = 65536, write_capacity = 65536, this = 0x00005649f9cb65f0
11/10/2025 19:31:17:329	UTIL	[43:58:2147481280]	INFO	poll_t::loop () begin, working = 0x00005649f9cb65f0, this = 0x00005649f9cbafb0
11/10/2025 19:31:17:332	UTIL	[43:58:2147481280]	INFO	thread_io_t::init_tls() thread_id = 139833397737152, this = 0x00005649f9cb65c0
11/10/2025 19:31:17:332	UTIL	[43:58:2147481280]	INFO	thread_wrapper_t::init_tls(), m_thread_manager = 0x00005649f9c2c100, this = 0x00005649f9cb65f0
11/10/2025 19:31:17:333	UTIL	[43:58:2147481280]	INFO	thread_mgr_t::register_tls, thr = 0x00005649f9cb65f0, tls = true, this = 0x00005649f9c2c100
11/10/2025 19:31:17:334	UTIL	[43:58:2147481280]	INFO	thread_wrapper_t::start_alive_check() timer = 0x0000000000000000, m_interact_timer = true, this = 0x00005649f9cb65f0
11/10/2025 19:31:17:334	UTIL	[43:58:2147481280]	INFO	timer_queue_t::timer_queue_t() , sink = 0x00005649f9cb6628, min_interval = 204800, this = 0x00007f2d60001070
11/10/2025 19:31:17:340	UTIL	[43:43:2671612352]	INFO	o2o_msg_queue_t::o2o_msg_queue_t, notifier = 0x00005649f9c27900, writer = 0x00005649f9cb65f0[139833397737152], reader = 0x00005649f9c34ff0[139833921868224], capacity = 65536, mode = 0, this = 0x00005649f9cc3a30
11/10/2025 19:31:17:354	UTIL	[43:43:2671612352]	INFO	o2o_msg_queue_t::o2o_msg_queue_t, notifier = 0x00005649f9cbad50, writer = 0x00005649f9c34ff0[139833921868224], reader = 0x00005649f9cb65f0[139833397737152], capacity = 65536, mode = 1, this = 0x00005649f9cc3c70
11/10/2025 19:31:17:354	UTIL	[43:43:2671612352]	INFO	thread_wrapper_t::bind_queue  , self_id = 139833921868224, bind_thr = 0x00005649f9cb65f0[139833397737152], r_queue = 0x00005649f9cc3a98, w_queue = 0x00005649f9cc3ce0, this = 0x00005649f9c34ff0
11/10/2025 19:31:17:354	UTIL	[43:43:2671612352]	INFO	thread_wrapper_t::bind_queue  , self_id = 139833397737152, bind_thr = 0x00005649f9c34ff0[139833921868224], r_queue = 0x00005649f9cc3cd8, w_queue = 0x00005649f9cc3aa0, this = 0x00005649f9cb65f0
11/10/2025 19:31:17:354	UTIL	[43:43:2671612352]	INFO	thread_wrapper_t::create_channel(), bind_thr = 0x00005649f9c74d10[139833889552064], read_capacity = 65536, write_capacity = 65536, this = 0x00005649f9cb65f0
11/10/2025 19:31:17:364	UTIL	[43:43:2671612352]	INFO	o2o_msg_queue_t::o2o_msg_queue_t, notifier = 0x00005649f9c72a90, writer = 0x00005649f9cb65f0[139833397737152], reader = 0x00005649f9c74d10[139833889552064], capacity = 65536, mode = 1, this = 0x00005649f9cc4310
11/10/2025 19:31:17:380	UTIL	[43:43:2671612352]	INFO	o2o_msg_queue_t::o2o_msg_queue_t, notifier = 0x00005649f9cbad50, writer = 0x00005649f9c74d10[139833889552064], reader = 0x00005649f9cb65f0[139833397737152], capacity = 65536, mode = 1, this = 0x00005649f9cc4550
11/10/2025 19:31:17:380	UTIL	[43:43:2671612352]	INFO	thread_wrapper_t::send_ctrl_msg msg = 0x00005649f9cc4790, (uint64_t)m_id = 139833397737152, timeout = -1, this = 0x00005649f9cb65f0
11/10/2025 19:31:17:380	UTIL	[43:58:2147481280]	INFO	thread_wrapper_t::create_ch_msg_t::on_message from = 0x00005649f9cb65f0, to = 0x00005649f9c74d10, this = 0x00005649f9cc4790
11/10/2025 19:31:17:380	UTIL	[43:58:2147481280]	INFO	thread_wrapper_t::bind_queue  , self_id = 139833889552064, bind_thr = 0x00005649f9cb65f0[139833397737152], r_queue = 0x00005649f9cc4378, w_queue = 0x00005649f9cc45c0, this = 0x00005649f9c74d10
11/10/2025 19:31:17:383	UTIL	[43:43:2671612352]	INFO	thread_wrapper_t::bind_queue  , self_id = 139833397737152, bind_thr = 0x00005649f9c74d10[139833889552064], r_queue = 0x00005649f9cc45b8, w_queue = 0x00005649f9cc4380, this = 0x00005649f9cb65f0
11/10/2025 19:31:17:383	UTIL	[43:43:2671612352]	INFO	thread_wrapper_t::create_channel(), bind_thr = 0x00005649f9ca7840[139833615816384], read_capacity = 65536, write_capacity = 65536, this = 0x00005649f9cb65f0
11/10/2025 19:31:17:389	UTIL	[43:43:2671612352]	INFO	o2o_msg_queue_t::o2o_msg_queue_t, notifier = 0x00005649f9cabc00, writer = 0x00005649f9cb65f0[139833397737152], reader = 0x00005649f9ca7840[139833615816384], capacity = 65536, mode = 1, this = 0x00005649f9cc4c60
11/10/2025 19:31:17:402	UTIL	[43:43:2671612352]	INFO	o2o_msg_queue_t::o2o_msg_queue_t, notifier = 0x00005649f9cbad50, writer = 0x00005649f9ca7840[139833615816384], reader = 0x00005649f9cb65f0[139833397737152], capacity = 65536, mode = 1, this = 0x00005649f9cc4ea0
11/10/2025 19:31:17:403	UTIL	[43:43:2671612352]	INFO	thread_wrapper_t::send_ctrl_msg msg = 0x00005649f9cc50e0, (uint64_t)m_id = 139833397737152, timeout = -1, this = 0x00005649f9cb65f0
11/10/2025 19:31:17:403	UTIL	[43:58:2147481280]	INFO	thread_wrapper_t::create_ch_msg_t::on_message from = 0x00005649f9cb65f0, to = 0x00005649f9ca7840, this = 0x00005649f9cc50e0
11/10/2025 19:31:17:404	UTIL	[43:58:2147481280]	INFO	thread_wrapper_t::bind_queue  , self_id = 139833615816384, bind_thr = 0x00005649f9cb65f0[139833397737152], r_queue = 0x00005649f9cc4cc8, w_queue = 0x00005649f9cc4f10, this = 0x00005649f9ca7840
11/10/2025 19:31:17:405	UTIL	[43:43:2671612352]	INFO	thread_wrapper_t::bind_queue  , self_id = 139833397737152, bind_thr = 0x00005649f9ca7840[139833615816384], r_queue = 0x00005649f9cc4f08, w_queue = 0x00005649f9cc4cd0, this = 0x00005649f9cb65f0
11/10/2025 19:31:17:405	UTIL	[43:43:2671612352]	INFO	thread_wrapper_t::create_channel(), bind_thr = 0x00005649f9cb65f0[139833397737152], read_capacity = 65536, write_capacity = 65536, this = 0x00005649f9cb65f0
11/10/2025 19:31:17:477	UTIL	[43:43:2671612352]	INFO	o2o_msg_queue_t::o2o_msg_queue_t, notifier = 0x00005649f9cbad50, writer = 0x00005649f9cb65f0[139833397737152], reader = 0x00005649f9cb65f0[139833397737152], capacity = 65536, mode = 1, this = 0x00005649f9cc5530
11/10/2025 19:31:17:559	UTIL	[43:43:2671612352]	INFO	o2o_msg_queue_t::o2o_msg_queue_t, notifier = 0x00005649f9cbad50, writer = 0x00005649f9cb65f0[139833397737152], reader = 0x00005649f9cb65f0[139833397737152], capacity = 65536, mode = 1, this = 0x00005649f9cc5770
11/10/2025 19:31:17:559	UTIL	[43:43:2671612352]	INFO	thread_wrapper_t::send_ctrl_msg msg = 0x00005649f9cc59b0, (uint64_t)m_id = 139833397737152, timeout = -1, this = 0x00005649f9cb65f0
11/10/2025 19:31:17:577	UTIL	[43:58:2147481280]	INFO	thread_wrapper_t::create_ch_msg_t::on_message from = 0x00005649f9cb65f0, to = 0x00005649f9cb65f0, this = 0x00005649f9cc59b0
11/10/2025 19:31:17:577	UTIL	[43:58:2147481280]	INFO	thread_wrapper_t::bind_queue  , self_id = 139833397737152, bind_thr = 0x00005649f9cb65f0[139833397737152], r_queue = 0x00005649f9cc5598, w_queue = 0x00005649f9cc57e0, this = 0x00005649f9cb65f0
11/10/2025 19:31:17:578	UTIL	[43:43:2671612352]	INFO	thread_wrapper_t::bind_queue  , self_id = 139833397737152, bind_thr = 0x00005649f9cb65f0[139833397737152], r_queue = 0x00005649f9cc57d8, w_queue = 0x00005649f9cc55a0, this = 0x00005649f9cb65f0
11/10/2025 19:31:17:578	UTIL	[43:43:2671612352]	INFO	thread_wrapper_t::bind_queue bind_thr = 0x00005649f9cb65f0 already be existed, skip it, this = 0x00005649f9cb65f0
11/10/2025 19:31:17:578	UTIL	[43:43:2671612352]	INFO	thread_wrapper_t::adjust_timer_precision, m_timer_precision = 50, new_timer_precision = 50, this = 0x00005649f9cb65f0
11/10/2025 19:31:18:348	UTIL	[43:43:2671612352]	INFO	UTIL_INIT  refer times = 5, module_id = 5, UTIL has been built on:Sep 19 2025 at 06:33:56 on branch release-client-6.6.x with commit ID 2583f48484aeb604c472d0a89b4ddc1f55
11/10/2025 19:31:18:348	UTIL	[43:43:2671612352]	INFO	register_logger  module_id = 5, module_name = MCM, max_level = 31, logger = 0x0000000000000000, mode = 3
11/10/2025 19:31:18:881	UTIL	[43:43:2671612352]	INFO	register_logger  module_id = 6, module_name = NYDUS, max_level = 31, logger = 0x0000000000000000, mode = 3
11/10/2025 19:31:18:904	UTIL	[43:43:2671612352]	INFO	timer_it::timer_it id = 0, own_thr = 0x0000000000000000, this = 0x00005649f9cc9510
11/10/2025 19:31:18:904	UTIL	[43:43:2671612352]	INFO	timer_it::timer_it id = 0, own_thr = 0x0000000000000000, this = 0x00005649f9ce3170
11/10/2025 19:31:18:904	UTIL	[43:43:2671612352]	INFO	thread_mgr_t::spawn, mode = 00000008, w_queue_size = 8192, type = 1024, interact_timer = true, thr_name = , bind_mask = 4294967295, use_ext_timer_drv = false, notifier = 0x0000000000000000, this = 0x00005649f9c2c100
11/10/2025 19:31:18:904	UTIL	[43:43:2671612352]	INFO	thread_mgr_t::spawn already has an instance for the thread, return it directly, thread id = 139833921868224, this = 0x00005649f9c2c100
11/10/2025 19:31:23:017	UTIL	[43:43:2671612352]	INFO	timer_it::add_timer sink = 0x00005649f9cf79a8, interval = 12800, times = 0, is_exact = true, this = 0x00005649f9cc9510
11/10/2025 19:31:23:018	UTIL	[43:43:2671612352]	INFO	timer_it::add_timer sink = 0x00005649f9cf79a8, interval = 3840, times = 0, is_exact = true, this = 0x00005649f9ce3170
11/10/2025 19:32:19:133	UTIL	[43:43:2671612352]	INFO	mlog_file::init mid:1069 size:1048576 shmem:false ret:0 this:0x00005649f9d601b8
11/10/2025 19:32:21:486	UTIL	[43:43:2671612352]	INFO	mlog_file::init mid:1027 size:1048576 shmem:false ret:0 this:0x00005649f9e515a8
11/10/2025 19:32:21:830	UTIL	[43:43:2671612352]	INFO	mlog_file::init mid:1008 size:1048576 shmem:false ret:0 this:0x00005649f9cf8598
11/10/2025 19:32:22:059	UTIL	[43:43:2671612352]	INFO	mlog_file::init mid:1030 size:1048576 shmem:false ret:0 this:0x00005649f9e789e8
11/10/2025 19:32:24:075	UTIL	[43:43:2671612352]	INFO	mlog_file::init mid:1028 size:1048576 shmem:false ret:0 this:0x00005649f9eb8798
11/10/2025 19:32:24:075	UTIL	[43:43:2671612352]	INFO	register_logger  module_id = 3, module_name = SDK, max_level = 31, logger = 0x0000000000000000, mode = 3
11/10/2025 19:32:24:181	UTIL	[43:43:2671612352]	INFO	thread_mgr_t::spawn, mode = 00000008, w_queue_size = 8192, type = 1024, interact_timer = true, thr_name = , bind_mask = 4294967295, use_ext_timer_drv = false, notifier = 0x0000000000000000, this = 0x00005649f9c2c100
11/10/2025 19:32:24:181	UTIL	[43:43:2671612352]	INFO	thread_mgr_t::spawn already has an instance for the thread, return it directly, thread id = 139833921868224, this = 0x00005649f9c2c100
11/10/2025 19:32:24:181	UTIL	[43:43:2671612352]	INFO	timer_it::timer_it id = 0, own_thr = 0x0000000000000000, this = 0x00005649f9a45058
11/10/2025 19:32:24:181	UTIL	[43:43:2671612352]	INFO	thread_mgr_t::spawn, mode = 00000008, w_queue_size = 8192, type = 1024, interact_timer = true, thr_name = , bind_mask = 4294967295, use_ext_timer_drv = false, notifier = 0x0000000000000000, this = 0x00005649f9c2c100
11/10/2025 19:32:24:181	UTIL	[43:43:2671612352]	INFO	thread_mgr_t::spawn already has an instance for the thread, return it directly, thread id = 139833921868224, this = 0x00005649f9c2c100
11/10/2025 19:32:24:182	UTIL	[43:43:2671612352]	INFO	timer_it::timer_it id = 0, own_thr = 0x0000000000000000, this = 0x00005649f9ef4608
11/10/2025 19:32:24:182	UTIL	[43:43:2671612352]	INFO	timer_it::timer_it id = 0, own_thr = 0x0000000000000000, this = 0x00005649f9ef4688
11/10/2025 19:32:24:182	UTIL	[43:43:2671612352]	INFO	timer_it::timer_it id = 0, own_thr = 0x0000000000000000, this = 0x00005649f9ef4708
11/10/2025 19:32:24:182	UTIL	[43:43:2671612352]	INFO	timer_it::timer_it id = 0, own_thr = 0x0000000000000000, this = 0x00005649f9ef4788
11/10/2025 19:32:24:182	UTIL	[43:43:2671612352]	INFO	timer_it::timer_it id = 0, own_thr = 0x0000000000000000, this = 0x00005649f9ef4808
11/10/2025 19:32:24:182	UTIL	[43:43:2671612352]	INFO	timer_it::timer_it id = 0, own_thr = 0x0000000000000000, this = 0x00005649f9ef4888
11/10/2025 19:32:24:182	UTIL	[43:43:2671612352]	INFO	timer_it::timer_it id = 0, own_thr = 0x0000000000000000, this = 0x00005649f9ef4908
11/10/2025 19:32:24:182	UTIL	[43:43:2671612352]	INFO	timer_it::timer_it id = 0, own_thr = 0x0000000000000000, this = 0x00005649f9ef4988
11/10/2025 19:32:24:182	UTIL	[43:43:2671612352]	INFO	timer_it::timer_it id = 0, own_thr = 0x0000000000000000, this = 0x00005649f9ef4a08
11/10/2025 19:32:24:182	UTIL	[43:43:2671612352]	INFO	timer_it::timer_it id = 0, own_thr = 0x0000000000000000, this = 0x00005649f9ef4a88
11/10/2025 19:32:24:182	UTIL	[43:43:2671612352]	INFO	timer_it::timer_it id = 0, own_thr = 0x0000000000000000, this = 0x00005649f9ef4b08
11/10/2025 19:32:24:182	UTIL	[43:43:2671612352]	INFO	timer_it::timer_it id = 0, own_thr = 0x0000000000000000, this = 0x00005649f9ef4b88
11/10/2025 19:32:24:182	UTIL	[43:43:2671612352]	INFO	thread_mgr_t::spawn, mode = 00000008, w_queue_size = 8192, type = 1024, interact_timer = true, thr_name = , bind_mask = 4294967295, use_ext_timer_drv = false, notifier = 0x0000000000000000, this = 0x00005649f9c2c100
11/10/2025 19:32:24:182	UTIL	[43:43:2671612352]	INFO	thread_mgr_t::spawn already has an instance for the thread, return it directly, thread id = 139833921868224, this = 0x00005649f9c2c100
11/10/2025 19:32:24:189	UTIL	[43:43:2671612352]	INFO	timer_it::timer_it id = 0, own_thr = 0x0000000000000000, this = 0x00005649f9ef7700
11/10/2025 19:32:24:189	UTIL	[43:43:2671612352]	INFO	thread_mgr_t::spawn, mode = 00000008, w_queue_size = 8192, type = 1024, interact_timer = true, thr_name = , bind_mask = 4294967295, use_ext_timer_drv = false, notifier = 0x0000000000000000, this = 0x00005649f9c2c100
11/10/2025 19:32:24:189	UTIL	[43:43:2671612352]	INFO	thread_mgr_t::spawn already has an instance for the thread, return it directly, thread id = 139833921868224, this = 0x00005649f9c2c100
11/10/2025 19:32:24:194	UTIL	[43:43:2671612352]	INFO	timer_it::add_timer sink = 0x00005649f9ee2290, interval = 1280, times = 0, is_exact = true, this = 0x00005649f9ef4808
11/10/2025 19:32:24:194	UTIL	[43:43:2671612352]	INFO	timer_it::add_timer sink = 0x00005649f9ee2290, interval = 1280, times = 0, is_exact = true, this = 0x00005649f9ef4888
11/10/2025 19:32:24:201	UTIL	[43:43:2671612352]	INFO	timer_it::timer_it id = 0, own_thr = 0x0000000000000000, this = 0x00005649f9e539b0
11/10/2025 19:32:24:201	UTIL	[43:43:2671612352]	INFO	timer_it::timer_it id = 0, own_thr = 0x0000000000000000, this = 0x00005649f9e53a30
11/10/2025 19:32:24:201	UTIL	[43:43:2671612352]	INFO	timer_it::timer_it id = 0, own_thr = 0x0000000000000000, this = 0x00005649f9e53ab0
11/10/2025 19:32:24:201	UTIL	[43:43:2671612352]	INFO	timer_it::timer_it id = 0, own_thr = 0x0000000000000000, this = 0x00005649f9e53b30
11/10/2025 19:32:24:201	UTIL	[43:43:2671612352]	INFO	timer_it::timer_it id = 0, own_thr = 0x0000000000000000, this = 0x00005649f9e54f60
11/10/2025 19:32:24:201	UTIL	[43:43:2671612352]	INFO	thread_mgr_t::spawn, mode = 00000008, w_queue_size = 8192, type = 1024, interact_timer = true, thr_name = , bind_mask = 4294967295, use_ext_timer_drv = false, notifier = 0x0000000000000000, this = 0x00005649f9c2c100
11/10/2025 19:32:24:201	UTIL	[43:43:2671612352]	INFO	thread_mgr_t::spawn already has an instance for the thread, return it directly, thread id = 139833921868224, this = 0x00005649f9c2c100
11/10/2025 19:32:24:201	UTIL	[43:43:2671612352]	INFO	mlog_file::init mid:1004 size:1048576 shmem:false ret:0 this:0x00005649f9eb88a8
11/10/2025 19:32:24:210	UTIL	[43:43:2671612352]	INFO	UTIL_INIT  refer times = 6, module_id = 0, UTIL has been built on:Sep 19 2025 at 06:33:56 on branch release-client-6.6.x with commit ID 2583f48484aeb604c472d0a89b4ddc1f55
11/10/2025 19:32:24:210	UTIL	[43:43:2671612352]	INFO	register_logger  module_id = 8, module_name = AUDIOSDK, max_level = 31, logger = 0x0000000000000000, mode = 3
11/10/2025 19:32:24:265	UTIL	[43:43:2671612352]	INFO	timer_it::timer_it id = 0, own_thr = 0x0000000000000000, this = 0x00007f2d7cdd5c40
11/10/2025 19:32:24:265	UTIL	[43:43:2671612352]	INFO	timer_it::timer_it id = 0, own_thr = 0x0000000000000000, this = 0x00007f2d7cdd5cc0
11/10/2025 19:32:24:265	UTIL	[43:43:2671612352]	INFO	timer_it::timer_it id = 0, own_thr = 0x0000000000000000, this = 0x00007f2d7cdd5d40
11/10/2025 19:32:24:265	UTIL	[43:43:2671612352]	INFO	timer_it::timer_it id = 0, own_thr = 0x0000000000000000, this = 0x00007f2d7cdd5dc0
11/10/2025 19:32:24:266	UTIL	[43:43:2671612352]	INFO	mlog_file::init mid:1018 size:1048576 shmem:false ret:0 this:0x00005649f9eb8428
11/10/2025 19:32:24:760	UTIL	[43:43:2671612352]	INFO	timer_it::add_timer sink = 0x00007f2d7cdd5050, interval = 100, times = 0, is_exact = true, this = 0x00007f2d7cdd5c40
11/10/2025 19:32:24:760	UTIL	[43:43:2671612352]	INFO	timer_it::add_timer sink = 0x00007f2d7cdd5050, interval = 6400, times = 0, is_exact = true, this = 0x00007f2d7cdd5cc0
11/10/2025 19:32:24:760	UTIL	[43:43:2671612352]	INFO	timer_it::add_timer sink = 0x00007f2d7cdd5050, interval = 1000, times = 0, is_exact = true, this = 0x00007f2d7cdd5d40
11/10/2025 19:32:24:760	UTIL	[43:43:2671612352]	INFO	timer_it::add_timer sink = 0x00007f2d7cdd5050, interval = 3600000, times = 0, is_exact = true, this = 0x00007f2d7cdd5dc0
11/10/2025 19:32:24:793	UTIL	[43:43:2671612352]	INFO	mlog_file::init mid:1007 size:1048576 shmem:false ret:0 this:0x00005649fa6c7d68
11/10/2025 19:32:24:794	UTIL	[43:43:2671612352]	INFO	thread_mgr_t::spawn, mode = 00000008, w_queue_size = 8192, type = 1024, interact_timer = true, thr_name = , bind_mask = 4294967295, use_ext_timer_drv = false, notifier = 0x0000000000000000, this = 0x00005649f9c2c100
11/10/2025 19:32:24:794	UTIL	[43:43:2671612352]	INFO	thread_mgr_t::spawn already has an instance for the thread, return it directly, thread id = 139833921868224, this = 0x00005649f9c2c100
11/10/2025 19:32:24:797	UTIL	[43:43:2671612352]	INFO	thread_mgr_t::spawn, mode = 00000008, w_queue_size = 8192, type = 1024, interact_timer = true, thr_name = , bind_mask = 4294967295, use_ext_timer_drv = false, notifier = 0x0000000000000000, this = 0x00005649f9c2c100
11/10/2025 19:32:24:797	UTIL	[43:43:2671612352]	INFO	thread_mgr_t::spawn already has an instance for the thread, return it directly, thread id = 139833921868224, this = 0x00005649f9c2c100
11/10/2025 19:32:24:846	UTIL	[43:43:2671612352]	INFO	thread_mgr_t::spawn, mode = 00000008, w_queue_size = 8192, type = 1024, interact_timer = true, thr_name = , bind_mask = 4294967295, use_ext_timer_drv = false, notifier = 0x0000000000000000, this = 0x00005649f9c2c100
11/10/2025 19:32:24:846	UTIL	[43:43:2671612352]	INFO	thread_mgr_t::spawn already has an instance for the thread, return it directly, thread id = 139833921868224, this = 0x00005649f9c2c100
11/10/2025 19:32:31:493	UTIL	[43:43:2671612352]	INFO	mlog_file::init mid:1026 size:1048576 shmem:false ret:0 this:0x00007f2d8004c548
11/10/2025 19:32:32:149	UTIL	[43:43:2671612352]	INFO	mlog_file::init mid:1025 size:1048576 shmem:false ret:0 this:0x00007f2d80142a18
