11/10/2025 19:31:39:564	UTIL	[43:43:1644442048]	INFO	thread_mgr_t ::thread_mgr_t(),Mon,10 Nov 2025 19:31:39 GMT, preset_owner_thr = false, this = 0x0000557b0f3de100
11/10/2025 19:31:39:564	UTIL	[43:43:1644442048]	INFO	new_i8_allocator_t::new_i8_allocator_t, m_page_size = 4096, this = 0x0000557b0f3daf10
11/10/2025 19:31:39:564	UTIL	[43:43:1644442048]	INFO	UTIL_INIT  refer , s_init_times = 1, module_id = 9, description = UTIL has been built on:Sep 19 2025 at 06:33:56 on branch release-client-6.6.x with commit ID 2583f48484aeb604c472d0a89b4ddc1f55, dir = , filename = , pext = log, max_size = 41943040, max_idx = 99
11/10/2025 19:31:39:564	UTIL	[43:43:1644442048]	INFO	set_timer_driver, setup_call = 0x00007fea7d7603b0, remove_call = 0x00007fea7d760290
11/10/2025 19:31:39:564	UTIL	[43:43:1644442048]	INFO	thread_mgr_t::spawn, mode = 02000008, w_queue_size = 8192, type = 0, interact_timer = true, thr_name = , bind_mask = 4294967295, use_ext_timer_drv = true, notifier = 0x0000557b0f3d9900, this = 0x0000557b0f3de100
11/10/2025 19:31:39:564	UTIL	[43:43:1644442048]	INFO	thread_wrapper_t::thread_wrapper_t, mode = 02000008, id = 0, type = 0, thr_manager = 0x0000557b0f3de100, waits = 0, interact_timer = true, m_timer_precision = 50, this = 0x0000557b0f3e6ff0
11/10/2025 19:31:39:564	UTIL	[43:43:1644442048]	INFO	msg_queue_t::msg_queue_t notifier = , notifier = 0x0000557b0f3d9900, writer = 0x0000000000000000, capacity = 1024, mode = 0, this = 0x0000557b0f3dc880
11/10/2025 19:31:39:565	UTIL	[43:43:1644442048]	INFO	thread_wrapper_t::thread_wrapper_t ctrl queue size = 1024, this = 0x0000557b0f3e6ff0
11/10/2025 19:31:39:565	UTIL	[43:43:1644442048]	INFO	thread_wrapper_t::init_tls(), m_thread_manager = 0x0000557b0f3de100, this = 0x0000557b0f3e6ff0
11/10/2025 19:31:39:565	UTIL	[43:43:1644442048]	INFO	thread_mgr_t::register_tls, thr = 0x0000557b0f3e6ff0, tls = true, this = 0x0000557b0f3de100
11/10/2025 19:31:39:565	UTIL	[43:43:1644442048]	INFO	thread_wrapper_t::start_alive_check() timer = 0x0000000000000000, m_interact_timer = true, this = 0x0000557b0f3e6ff0
11/10/2025 19:31:39:565	UTIL	[43:43:1644442048]	INFO	timer_queue_t::timer_queue_t() , sink = 0x0000557b0f3e7028, min_interval = 204800, this = 0x0000557b0f3e6b80
11/10/2025 19:31:39:565	UTIL	[43:43:1644442048]	INFO	thread_wrapper_t::open_notifier, waits = 0, m_notify = 0x0000557b0f3d9900, this = 0x0000557b0f3e6ff0
11/10/2025 19:31:39:565	UTIL	[43:43:1644442048]	INFO	msg_queue_base_t::open_notifier, m_notifier = 0x0000557b0f3d9900, notifier = 0x0000557b0f3d9900, this = 0x0000557b0f3dc8a0
11/10/2025 19:31:39:565	UTIL	[43:43:1644442048]	INFO	thread_mgr_t::attach handle = 0x0000557b0f3e6ff0, thread_id = 140644643516864, owner_thr = 0x0000557b0f3e6ff0, owner_id = 140644643516864, queue_size = 8192, this = 0x0000557b0f3de100
11/10/2025 19:31:39:565	UTIL	[43:43:1644442048]	INFO	thread_wrapper_t::create_channel(), bind_thr = 0x0000557b0f3e6ff0[140644643516864], read_capacity = 8192, write_capacity = 8192, this = 0x0000557b0f3e6ff0
11/10/2025 19:31:39:565	UTIL	[43:43:1644442048]	INFO	o2o_msg_queue_t::o2o_msg_queue_t, notifier = 0x0000557b0f3d9900, writer = 0x0000557b0f3e6ff0[140644643516864], reader = 0x0000557b0f3e6ff0[140644643516864], capacity = 8192, mode = 0, this = 0x0000557b0f3dad10
11/10/2025 19:31:39:565	UTIL	[43:43:1644442048]	INFO	o2o_msg_queue_t::o2o_msg_queue_t, notifier = 0x0000557b0f3d9900, writer = 0x0000557b0f3e6ff0[140644643516864], reader = 0x0000557b0f3e6ff0[140644643516864], capacity = 8192, mode = 0, this = 0x0000557b0f3dde10
11/10/2025 19:31:39:565	UTIL	[43:43:1644442048]	INFO	thread_wrapper_t::bind_queue  , self_id = 140644643516864, bind_thr = 0x0000557b0f3e6ff0[140644643516864], r_queue = 0x0000557b0f3dad78, w_queue = 0x0000557b0f3dde80, this = 0x0000557b0f3e6ff0
11/10/2025 19:31:39:565	UTIL	[43:43:1644442048]	INFO	thread_wrapper_t::bind_queue  , self_id = 140644643516864, bind_thr = 0x0000557b0f3e6ff0[140644643516864], r_queue = 0x0000557b0f3dde78, w_queue = 0x0000557b0f3dad80, this = 0x0000557b0f3e6ff0
11/10/2025 19:31:39:565	UTIL	[43:43:1644442048]	INFO	thread_wrapper_t::bind_queue bind_thr = 0x0000557b0f3e6ff0 already be existed, skip it, this = 0x0000557b0f3e6ff0
11/10/2025 19:31:39:565	UTIL	[43:43:1644442048]	INFO	thread_wrapper_t::adjust_timer_precision, m_timer_precision = 50, new_timer_precision = 50, this = 0x0000557b0f3e6ff0
11/10/2025 19:31:39:565	UTIL	[43:43:1644442048]	INFO	register_logger  module_id = 1057, module_name = zoomtask, max_level = 31, logger = 0x0000000000000000, mode = 3
11/10/2025 19:31:39:635	UTIL	[43:43:1644442048]	INFO	UTIL_INIT  refer times = 2, module_id = 1057, UTIL has been built on:Sep 19 2025 at 06:33:56 on branch release-client-6.6.x with commit ID 2583f48484aeb604c472d0a89b4ddc1f55
11/10/2025 19:31:39:635	UTIL	[43:43:1644442048]	INFO	register_logger  module_id = 1057, module_name = ZoomTask, max_level = 31, logger = 0x0000000000000000, mode = 3
11/10/2025 19:31:39:746	UTIL	[43:43:1644442048]	INFO	UTIL_INIT  refer times = 3, module_id = 2, UTIL has been built on:Sep 19 2025 at 06:33:56 on branch release-client-6.6.x with commit ID 2583f48484aeb604c472d0a89b4ddc1f55
11/10/2025 19:31:39:751	UTIL	[43:43:1644442048]	INFO	timer_it::timer_it id = 0, own_thr = 0x0000000000000000, this = 0x0000557b0f3de858
11/10/2025 19:31:39:751	UTIL	[43:43:1644442048]	INFO	thread_mgr_t::spawn, mode = 01000004, w_queue_size = 0, type = 3, interact_timer = true, thr_name = zoom.dns, bind_mask = 0, use_ext_timer_drv = false, notifier = 0x0000000000000000, this = 0x0000557b0f3de100
11/10/2025 19:31:39:751	UTIL	[43:43:1644442048]	INFO	thread_wrapper_t::thread_wrapper_t, mode = 01000004, id = 0, type = 3, thr_manager = 0x0000557b0f3de100, waits = 1, interact_timer = true, m_timer_precision = 50, this = 0x0000557b0f426d10
11/10/2025 19:31:39:751	UTIL	[43:43:1644442048]	INFO	msg_queue_t::msg_queue_t notifier = , notifier = 0x0000000000000000, writer = 0x0000000000000000, capacity = 1024, mode = 1, this = 0x0000557b0f427170
11/10/2025 19:31:39:751	UTIL	[43:43:1644442048]	INFO	thread_wrapper_t::thread_wrapper_t ctrl queue size = 1024, this = 0x0000557b0f426d10
11/10/2025 19:31:39:751	UTIL	[43:43:1644442048]	INFO	thread_io_t::thread_io_t(), mode = 01000004, type = 3, queue size = 0, this = 0x0000557b0f426ce0
11/10/2025 19:31:39:751	UTIL	[43:43:1644442048]	INFO	thread_io_t::open_notifier, waits = 1, this = 0x0000557b0f426ce0
11/10/2025 19:31:39:751	UTIL	[43:43:1644442048]	INFO	msg_queue_base_t::open_notifier, m_notifier = 0x0000000000000000, notifier = 0x0000557b0f424a90, this = 0x0000557b0f427190
11/10/2025 19:31:39:751	UTIL	[43:43:1644442048]	INFO	thread_io_t::thread_run(), id = 0, args = 0x0000000000000000, this = 0x0000557b0f426ce0
11/10/2025 19:31:39:751	UTIL	[43:43:1644442048]	INFO	io_repo_t::io_repo_t, m_working = 0x0000557b0f426d10, max_io_fds = 1024, this = 0x0000557b0f42b730
11/10/2025 19:31:39:751	UTIL	[43:43:1644442048]	INFO	notifier_handler_t::notifier_handler_t, io_container = 0x0000557b0f42b7300x0000557b0f424a90, this = 0x0000557b0f4338c0
11/10/2025 19:31:39:751	UTIL	[43:43:1644442048]	INFO	poll_t::poll_t register, fd = 11, es.first = 00000000000000000000000000000011, this = 0x0000557b0f42b730
11/10/2025 19:31:39:751	UTIL	[43:43:1644442048]	INFO	io_repo_t::start(), m_stop = true, this = 0x0000557b0f42b730
11/10/2025 19:31:39:751	UTIL	[43:43:1644442048]	INFO	thread_mgr_t::spawn only has control message queue for this thread, this = 0x0000557b0f3de100
11/10/2025 19:31:39:751	UTIL	[43:49:1543501504]	INFO	poll_t::loop () begin, working = 0x0000557b0f426d10, this = 0x0000557b0f42b730
11/10/2025 19:31:39:751	UTIL	[43:49:1543501504]	INFO	thread_io_t::init_tls() thread_id = 140644542576320, this = 0x0000557b0f426ce0
11/10/2025 19:31:39:751	UTIL	[43:49:1543501504]	INFO	thread_wrapper_t::init_tls(), m_thread_manager = 0x0000557b0f3de100, this = 0x0000557b0f426d10
11/10/2025 19:31:39:751	UTIL	[43:49:1543501504]	INFO	thread_mgr_t::register_tls, thr = 0x0000557b0f426d10, tls = true, this = 0x0000557b0f3de100
11/10/2025 19:31:39:751	UTIL	[43:49:1543501504]	INFO	thread_wrapper_t::start_alive_check() timer = 0x0000000000000000, m_interact_timer = true, this = 0x0000557b0f426d10
11/10/2025 19:31:39:752	UTIL	[43:49:1543501504]	INFO	timer_queue_t::timer_queue_t() , sink = 0x0000557b0f426d48, min_interval = 204800, this = 0x00007fea50001070
11/10/2025 19:31:39:752	UTIL	[43:43:1644442048]	FATAL	assert: msg[thread_wrapper_t::create_channel bind thread should valid!, bind_thr = 0x0000000000000000] file[/home/jenkins/agent/workspace/Client/Client/DMT/linux/release/tp_util/util/src/thread.cpp], line = [1122]
11/10/2025 19:31:39:752	UTIL	[43:43:1644442048]	INFO	thread_wrapper_t::adjust_timer_precision, m_timer_precision = 50, new_timer_precision = 50, this = 0x0000557b0f426d10
11/10/2025 19:31:39:752	UTIL	[43:43:1644442048]	INFO	timer_it::timer_it id = 0, own_thr = 0x0000000000000000, this = 0x0000557b0f434380
11/10/2025 19:31:39:752	UTIL	[43:43:1644442048]	INFO	timer_it::add_timer sink = 0x0000557b0f3de730, interval = 100, times = 0, is_exact = true, this = 0x0000557b0f434380
11/10/2025 19:31:39:753	UTIL	[43:43:1644442048]	INFO	UTIL_INIT  refer times = 4, module_id = 9, UTIL has been built on:Sep 19 2025 at 06:33:56 on branch release-client-6.6.x with commit ID 2583f48484aeb604c472d0a89b4ddc1f55
11/10/2025 19:31:39:754	UTIL	[43:43:1644442048]	INFO	thread_mgr_t::spawn, mode = 01000004, w_queue_size = 65536, type = 1027, interact_timer = true, thr_name = zoom.db, bind_mask = 4294967295, use_ext_timer_drv = false, notifier = 0x0000000000000000, this = 0x0000557b0f3de100
11/10/2025 19:31:39:754	UTIL	[43:43:1644442048]	INFO	thread_wrapper_t::thread_wrapper_t, mode = 01000004, id = 0, type = 1027, thr_manager = 0x0000557b0f3de100, waits = 1, interact_timer = true, m_timer_precision = 50, this = 0x0000557b0f459840
11/10/2025 19:31:39:754	UTIL	[43:43:1644442048]	INFO	msg_queue_t::msg_queue_t notifier = , notifier = 0x0000000000000000, writer = 0x0000000000000000, capacity = 1024, mode = 1, this = 0x0000557b0f44d990
11/10/2025 19:31:39:754	UTIL	[43:43:1644442048]	INFO	thread_wrapper_t::thread_wrapper_t ctrl queue size = 1024, this = 0x0000557b0f459840
11/10/2025 19:31:39:754	UTIL	[43:43:1644442048]	INFO	thread_io_t::thread_io_t(), mode = 01000004, type = 1027, queue size = 65536, this = 0x0000557b0f459810
11/10/2025 19:31:39:754	UTIL	[43:43:1644442048]	INFO	thread_io_t::open_notifier, waits = 1, this = 0x0000557b0f459810
11/10/2025 19:31:39:754	UTIL	[43:43:1644442048]	INFO	msg_queue_base_t::open_notifier, m_notifier = 0x0000000000000000, notifier = 0x0000557b0f45dc00, this = 0x0000557b0f44d9b0
11/10/2025 19:31:39:754	UTIL	[43:43:1644442048]	INFO	thread_io_t::thread_run(), id = 0, args = 0x0000000000000000, this = 0x0000557b0f459810
11/10/2025 19:31:39:754	UTIL	[43:43:1644442048]	INFO	io_repo_t::io_repo_t, m_working = 0x0000557b0f459840, max_io_fds = 1024, this = 0x0000557b0f45de00
11/10/2025 19:31:39:754	UTIL	[43:43:1644442048]	INFO	notifier_handler_t::notifier_handler_t, io_container = 0x0000557b0f45de000x0000557b0f45dc00, this = 0x0000557b0f44f250
11/10/2025 19:31:39:754	UTIL	[43:43:1644442048]	INFO	poll_t::poll_t register, fd = 20, es.first = 00000000000000000000000000000011, this = 0x0000557b0f45de00
11/10/2025 19:31:39:754	UTIL	[43:43:1644442048]	INFO	io_repo_t::start(), m_stop = true, this = 0x0000557b0f45de00
11/10/2025 19:31:39:754	UTIL	[43:43:1644442048]	INFO	thread_mgr_t::attach handle = 0x0000557b0f459840, thread_id = 140644332857024, owner_thr = 0x0000557b0f3e6ff0, owner_id = 140644643516864, queue_size = 65536, this = 0x0000557b0f3de100
11/10/2025 19:31:39:754	UTIL	[43:57:1333782208]	INFO	poll_t::loop () begin, working = 0x0000557b0f459840, this = 0x0000557b0f45de00
11/10/2025 19:31:39:754	UTIL	[43:57:1333782208]	INFO	thread_io_t::init_tls() thread_id = 140644332857024, this = 0x0000557b0f459810
11/10/2025 19:31:39:754	UTIL	[43:57:1333782208]	INFO	thread_wrapper_t::init_tls(), m_thread_manager = 0x0000557b0f3de100, this = 0x0000557b0f459840
11/10/2025 19:31:39:754	UTIL	[43:57:1333782208]	INFO	thread_mgr_t::register_tls, thr = 0x0000557b0f459840, tls = true, this = 0x0000557b0f3de100
11/10/2025 19:31:39:754	UTIL	[43:43:1644442048]	INFO	thread_wrapper_t::create_channel(), bind_thr = 0x0000557b0f3e6ff0[140644643516864], read_capacity = 65536, write_capacity = 65536, this = 0x0000557b0f459840
11/10/2025 19:31:39:754	UTIL	[43:43:1644442048]	INFO	o2o_msg_queue_t::o2o_msg_queue_t, notifier = 0x0000557b0f3d9900, writer = 0x0000557b0f459840[140644332857024], reader = 0x0000557b0f3e6ff0[140644643516864], capacity = 65536, mode = 0, this = 0x0000557b0f466880
11/10/2025 19:31:39:754	UTIL	[43:57:1333782208]	INFO	thread_wrapper_t::start_alive_check() timer = 0x0000000000000000, m_interact_timer = true, this = 0x0000557b0f459840
11/10/2025 19:31:39:755	UTIL	[43:57:1333782208]	INFO	timer_queue_t::timer_queue_t() , sink = 0x0000557b0f459878, min_interval = 204800, this = 0x00007fea48001070
11/10/2025 19:31:39:756	UTIL	[43:43:1644442048]	INFO	o2o_msg_queue_t::o2o_msg_queue_t, notifier = 0x0000557b0f45dc00, writer = 0x0000557b0f3e6ff0[140644643516864], reader = 0x0000557b0f459840[140644332857024], capacity = 65536, mode = 1, this = 0x0000557b0f466ac0
11/10/2025 19:31:39:756	UTIL	[43:43:1644442048]	INFO	thread_wrapper_t::bind_queue  , self_id = 140644643516864, bind_thr = 0x0000557b0f459840[140644332857024], r_queue = 0x0000557b0f4668e8, w_queue = 0x0000557b0f466b30, this = 0x0000557b0f3e6ff0
11/10/2025 19:31:39:756	UTIL	[43:43:1644442048]	INFO	thread_wrapper_t::bind_queue  , self_id = 140644332857024, bind_thr = 0x0000557b0f3e6ff0[140644643516864], r_queue = 0x0000557b0f466b28, w_queue = 0x0000557b0f4668f0, this = 0x0000557b0f459840
11/10/2025 19:31:39:756	UTIL	[43:43:1644442048]	INFO	thread_wrapper_t::create_channel(), bind_thr = 0x0000557b0f426d10[140644542576320], read_capacity = 65536, write_capacity = 65536, this = 0x0000557b0f459840
11/10/2025 19:31:39:757	UTIL	[43:43:1644442048]	INFO	o2o_msg_queue_t::o2o_msg_queue_t, notifier = 0x0000557b0f424a90, writer = 0x0000557b0f459840[140644332857024], reader = 0x0000557b0f426d10[140644542576320], capacity = 65536, mode = 1, this = 0x0000557b0f467160
11/10/2025 19:31:39:758	UTIL	[43:43:1644442048]	INFO	o2o_msg_queue_t::o2o_msg_queue_t, notifier = 0x0000557b0f45dc00, writer = 0x0000557b0f426d10[140644542576320], reader = 0x0000557b0f459840[140644332857024], capacity = 65536, mode = 1, this = 0x0000557b0f4673a0
11/10/2025 19:31:39:758	UTIL	[43:43:1644442048]	INFO	thread_wrapper_t::send_ctrl_msg msg = 0x0000557b0f4675e0, (uint64_t)m_id = 140644332857024, timeout = -1, this = 0x0000557b0f459840
11/10/2025 19:31:39:758	UTIL	[43:57:1333782208]	INFO	thread_wrapper_t::create_ch_msg_t::on_message from = 0x0000557b0f459840, to = 0x0000557b0f426d10, this = 0x0000557b0f4675e0
11/10/2025 19:31:39:758	UTIL	[43:57:1333782208]	INFO	thread_wrapper_t::bind_queue  , self_id = 140644542576320, bind_thr = 0x0000557b0f459840[140644332857024], r_queue = 0x0000557b0f4671c8, w_queue = 0x0000557b0f467410, this = 0x0000557b0f426d10
11/10/2025 19:31:39:763	UTIL	[43:43:1644442048]	INFO	thread_wrapper_t::bind_queue  , self_id = 140644332857024, bind_thr = 0x0000557b0f426d10[140644542576320], r_queue = 0x0000557b0f467408, w_queue = 0x0000557b0f4671d0, this = 0x0000557b0f459840
11/10/2025 19:31:39:763	UTIL	[43:43:1644442048]	INFO	thread_wrapper_t::create_channel(), bind_thr = 0x0000557b0f459840[140644332857024], read_capacity = 65536, write_capacity = 65536, this = 0x0000557b0f459840
11/10/2025 19:31:39:763	UTIL	[43:43:1644442048]	INFO	o2o_msg_queue_t::o2o_msg_queue_t, notifier = 0x0000557b0f45dc00, writer = 0x0000557b0f459840[140644332857024], reader = 0x0000557b0f459840[140644332857024], capacity = 65536, mode = 1, this = 0x0000557b0f467980
11/10/2025 19:31:39:764	UTIL	[43:43:1644442048]	INFO	o2o_msg_queue_t::o2o_msg_queue_t, notifier = 0x0000557b0f45dc00, writer = 0x0000557b0f459840[140644332857024], reader = 0x0000557b0f459840[140644332857024], capacity = 65536, mode = 1, this = 0x0000557b0f467bc0
11/10/2025 19:31:39:764	UTIL	[43:43:1644442048]	INFO	thread_wrapper_t::send_ctrl_msg msg = 0x0000557b0f467e00, (uint64_t)m_id = 140644332857024, timeout = -1, this = 0x0000557b0f459840
11/10/2025 19:31:39:764	UTIL	[43:57:1333782208]	INFO	thread_wrapper_t::create_ch_msg_t::on_message from = 0x0000557b0f459840, to = 0x0000557b0f459840, this = 0x0000557b0f467e00
11/10/2025 19:31:39:764	UTIL	[43:57:1333782208]	INFO	thread_wrapper_t::bind_queue  , self_id = 140644332857024, bind_thr = 0x0000557b0f459840[140644332857024], r_queue = 0x0000557b0f4679e8, w_queue = 0x0000557b0f467c30, this = 0x0000557b0f459840
11/10/2025 19:31:39:764	UTIL	[43:43:1644442048]	INFO	thread_wrapper_t::bind_queue  , self_id = 140644332857024, bind_thr = 0x0000557b0f459840[140644332857024], r_queue = 0x0000557b0f467c28, w_queue = 0x0000557b0f4679f0, this = 0x0000557b0f459840
11/10/2025 19:31:39:764	UTIL	[43:43:1644442048]	INFO	thread_wrapper_t::bind_queue bind_thr = 0x0000557b0f459840 already be existed, skip it, this = 0x0000557b0f459840
11/10/2025 19:31:39:764	UTIL	[43:43:1644442048]	INFO	thread_wrapper_t::adjust_timer_precision, m_timer_precision = 50, new_timer_precision = 50, this = 0x0000557b0f459840
11/10/2025 19:31:39:764	UTIL	[43:43:1644442048]	INFO	thread_mgr_t::spawn, mode = 01000004, w_queue_size = 65536, type = 1028, interact_timer = true, thr_name = zoom.im.index, bind_mask = 4294967295, use_ext_timer_drv = false, notifier = 0x0000000000000000, this = 0x0000557b0f3de100
11/10/2025 19:31:39:764	UTIL	[43:43:1644442048]	INFO	thread_wrapper_t::thread_wrapper_t, mode = 01000004, id = 0, type = 1028, thr_manager = 0x0000557b0f3de100, waits = 1, interact_timer = true, m_timer_precision = 50, this = 0x0000557b0f468530
11/10/2025 19:31:39:764	UTIL	[43:43:1644442048]	INFO	msg_queue_t::msg_queue_t notifier = , notifier = 0x0000000000000000, writer = 0x0000000000000000, capacity = 1024, mode = 1, this = 0x0000557b0f4687e0
11/10/2025 19:31:39:764	UTIL	[43:43:1644442048]	INFO	thread_wrapper_t::thread_wrapper_t ctrl queue size = 1024, this = 0x0000557b0f468530
11/10/2025 19:31:39:764	UTIL	[43:43:1644442048]	INFO	thread_io_t::thread_io_t(), mode = 01000004, type = 1028, queue size = 65536, this = 0x0000557b0f468500
11/10/2025 19:31:39:764	UTIL	[43:43:1644442048]	INFO	thread_io_t::open_notifier, waits = 1, this = 0x0000557b0f468500
11/10/2025 19:31:39:764	UTIL	[43:43:1644442048]	INFO	msg_queue_base_t::open_notifier, m_notifier = 0x0000000000000000, notifier = 0x0000557b0f46cc90, this = 0x0000557b0f468800
11/10/2025 19:31:39:764	UTIL	[43:43:1644442048]	INFO	thread_io_t::thread_run(), id = 0, args = 0x0000000000000000, this = 0x0000557b0f468500
11/10/2025 19:31:39:764	UTIL	[43:43:1644442048]	INFO	io_repo_t::io_repo_t, m_working = 0x0000557b0f468530, max_io_fds = 1024, this = 0x0000557b0f46cef0
11/10/2025 19:31:39:764	UTIL	[43:43:1644442048]	INFO	notifier_handler_t::notifier_handler_t, io_container = 0x0000557b0f46cef00x0000557b0f46cc90, this = 0x0000557b0f434ef0
11/10/2025 19:31:39:764	UTIL	[43:43:1644442048]	INFO	poll_t::poll_t register, fd = 22, es.first = 00000000000000000000000000000011, this = 0x0000557b0f46cef0
11/10/2025 19:31:39:764	UTIL	[43:43:1644442048]	INFO	io_repo_t::start(), m_stop = true, this = 0x0000557b0f46cef0
11/10/2025 19:31:39:765	UTIL	[43:43:1644442048]	INFO	thread_mgr_t::attach handle = 0x0000557b0f468530, thread_id = 140644324464320, owner_thr = 0x0000557b0f3e6ff0, owner_id = 140644643516864, queue_size = 65536, this = 0x0000557b0f3de100
11/10/2025 19:31:39:765	UTIL	[43:43:1644442048]	INFO	thread_wrapper_t::create_channel(), bind_thr = 0x0000557b0f3e6ff0[140644643516864], read_capacity = 65536, write_capacity = 65536, this = 0x0000557b0f468530
11/10/2025 19:31:39:765	UTIL	[43:43:1644442048]	INFO	o2o_msg_queue_t::o2o_msg_queue_t, notifier = 0x0000557b0f3d9900, writer = 0x0000557b0f468530[140644324464320], reader = 0x0000557b0f3e6ff0[140644643516864], capacity = 65536, mode = 0, this = 0x0000557b0f475970
11/10/2025 19:31:39:765	UTIL	[43:43:1644442048]	INFO	o2o_msg_queue_t::o2o_msg_queue_t, notifier = 0x0000557b0f46cc90, writer = 0x0000557b0f3e6ff0[140644643516864], reader = 0x0000557b0f468530[140644324464320], capacity = 65536, mode = 1, this = 0x0000557b0f475bb0
11/10/2025 19:31:39:765	UTIL	[43:43:1644442048]	INFO	thread_wrapper_t::bind_queue  , self_id = 140644643516864, bind_thr = 0x0000557b0f468530[140644324464320], r_queue = 0x0000557b0f4759d8, w_queue = 0x0000557b0f475c20, this = 0x0000557b0f3e6ff0
11/10/2025 19:31:39:765	UTIL	[43:43:1644442048]	INFO	thread_wrapper_t::bind_queue  , self_id = 140644324464320, bind_thr = 0x0000557b0f3e6ff0[140644643516864], r_queue = 0x0000557b0f475c18, w_queue = 0x0000557b0f4759e0, this = 0x0000557b0f468530
11/10/2025 19:31:39:765	UTIL	[43:43:1644442048]	INFO	thread_wrapper_t::create_channel(), bind_thr = 0x0000557b0f426d10[140644542576320], read_capacity = 65536, write_capacity = 65536, this = 0x0000557b0f468530
11/10/2025 19:31:39:765	UTIL	[43:43:1644442048]	INFO	o2o_msg_queue_t::o2o_msg_queue_t, notifier = 0x0000557b0f424a90, writer = 0x0000557b0f468530[140644324464320], reader = 0x0000557b0f426d10[140644542576320], capacity = 65536, mode = 1, this = 0x0000557b0f476250
11/10/2025 19:31:39:766	UTIL	[43:43:1644442048]	INFO	o2o_msg_queue_t::o2o_msg_queue_t, notifier = 0x0000557b0f46cc90, writer = 0x0000557b0f426d10[140644542576320], reader = 0x0000557b0f468530[140644324464320], capacity = 65536, mode = 1, this = 0x0000557b0f476490
11/10/2025 19:31:39:766	UTIL	[43:43:1644442048]	INFO	thread_wrapper_t::send_ctrl_msg msg = 0x0000557b0f4766d0, (uint64_t)m_id = 0, timeout = -1, this = 0x0000557b0f468530
11/10/2025 19:31:39:766	UTIL	[43:58:1325389504]	INFO	poll_t::loop () begin, working = 0x0000557b0f468530, this = 0x0000557b0f46cef0
11/10/2025 19:31:39:766	UTIL	[43:58:1325389504]	INFO	thread_io_t::init_tls() thread_id = 140644324464320, this = 0x0000557b0f468500
11/10/2025 19:31:39:766	UTIL	[43:58:1325389504]	INFO	thread_wrapper_t::init_tls(), m_thread_manager = 0x0000557b0f3de100, this = 0x0000557b0f468530
11/10/2025 19:31:39:766	UTIL	[43:58:1325389504]	INFO	thread_mgr_t::register_tls, thr = 0x0000557b0f468530, tls = true, this = 0x0000557b0f3de100
11/10/2025 19:31:39:766	UTIL	[43:58:1325389504]	INFO	thread_wrapper_t::start_alive_check() timer = 0x0000000000000000, m_interact_timer = true, this = 0x0000557b0f468530
11/10/2025 19:31:39:766	UTIL	[43:58:1325389504]	INFO	timer_queue_t::timer_queue_t() , sink = 0x0000557b0f468568, min_interval = 204800, this = 0x00007fea30001070
11/10/2025 19:31:39:766	UTIL	[43:58:1325389504]	INFO	thread_wrapper_t::create_ch_msg_t::on_message from = 0x0000557b0f468530, to = 0x0000557b0f426d10, this = 0x0000557b0f4766d0
11/10/2025 19:31:39:766	UTIL	[43:58:1325389504]	INFO	thread_wrapper_t::bind_queue  , self_id = 140644542576320, bind_thr = 0x0000557b0f468530[140644324464320], r_queue = 0x0000557b0f4762b8, w_queue = 0x0000557b0f476500, this = 0x0000557b0f426d10
11/10/2025 19:31:39:766	UTIL	[43:43:1644442048]	INFO	thread_wrapper_t::bind_queue  , self_id = 140644324464320, bind_thr = 0x0000557b0f426d10[140644542576320], r_queue = 0x0000557b0f4764f8, w_queue = 0x0000557b0f4762c0, this = 0x0000557b0f468530
11/10/2025 19:31:39:766	UTIL	[43:43:1644442048]	INFO	thread_wrapper_t::create_channel(), bind_thr = 0x0000557b0f459840[140644332857024], read_capacity = 65536, write_capacity = 65536, this = 0x0000557b0f468530
11/10/2025 19:31:39:768	UTIL	[43:43:1644442048]	INFO	o2o_msg_queue_t::o2o_msg_queue_t, notifier = 0x0000557b0f45dc00, writer = 0x0000557b0f468530[140644324464320], reader = 0x0000557b0f459840[140644332857024], capacity = 65536, mode = 1, this = 0x0000557b0f476b90
11/10/2025 19:31:39:768	UTIL	[43:43:1644442048]	INFO	o2o_msg_queue_t::o2o_msg_queue_t, notifier = 0x0000557b0f46cc90, writer = 0x0000557b0f459840[140644332857024], reader = 0x0000557b0f468530[140644324464320], capacity = 65536, mode = 1, this = 0x0000557b0f476dd0
11/10/2025 19:31:39:768	UTIL	[43:43:1644442048]	INFO	thread_wrapper_t::send_ctrl_msg msg = 0x0000557b0f477010, (uint64_t)m_id = 140644324464320, timeout = -1, this = 0x0000557b0f468530
11/10/2025 19:31:39:768	UTIL	[43:58:1325389504]	INFO	thread_wrapper_t::create_ch_msg_t::on_message from = 0x0000557b0f468530, to = 0x0000557b0f459840, this = 0x0000557b0f477010
11/10/2025 19:31:39:768	UTIL	[43:58:1325389504]	INFO	thread_wrapper_t::bind_queue  , self_id = 140644332857024, bind_thr = 0x0000557b0f468530[140644324464320], r_queue = 0x0000557b0f476bf8, w_queue = 0x0000557b0f476e40, this = 0x0000557b0f459840
11/10/2025 19:31:39:768	UTIL	[43:43:1644442048]	INFO	thread_wrapper_t::bind_queue  , self_id = 140644324464320, bind_thr = 0x0000557b0f459840[140644332857024], r_queue = 0x0000557b0f476e38, w_queue = 0x0000557b0f476c00, this = 0x0000557b0f468530
11/10/2025 19:31:39:768	UTIL	[43:43:1644442048]	INFO	thread_wrapper_t::create_channel(), bind_thr = 0x0000557b0f468530[140644324464320], read_capacity = 65536, write_capacity = 65536, this = 0x0000557b0f468530
11/10/2025 19:31:39:769	UTIL	[43:43:1644442048]	INFO	o2o_msg_queue_t::o2o_msg_queue_t, notifier = 0x0000557b0f46cc90, writer = 0x0000557b0f468530[140644324464320], reader = 0x0000557b0f468530[140644324464320], capacity = 65536, mode = 1, this = 0x0000557b0f4774e0
11/10/2025 19:31:39:770	UTIL	[43:43:1644442048]	INFO	o2o_msg_queue_t::o2o_msg_queue_t, notifier = 0x0000557b0f46cc90, writer = 0x0000557b0f468530[140644324464320], reader = 0x0000557b0f468530[140644324464320], capacity = 65536, mode = 1, this = 0x0000557b0f477720
11/10/2025 19:31:39:770	UTIL	[43:43:1644442048]	INFO	thread_wrapper_t::send_ctrl_msg msg = 0x0000557b0f477960, (uint64_t)m_id = 140644324464320, timeout = -1, this = 0x0000557b0f468530
11/10/2025 19:31:39:770	UTIL	[43:58:1325389504]	INFO	thread_wrapper_t::create_ch_msg_t::on_message from = 0x0000557b0f468530, to = 0x0000557b0f468530, this = 0x0000557b0f477960
11/10/2025 19:31:39:770	UTIL	[43:58:1325389504]	INFO	thread_wrapper_t::bind_queue  , self_id = 140644324464320, bind_thr = 0x0000557b0f468530[140644324464320], r_queue = 0x0000557b0f477548, w_queue = 0x0000557b0f477790, this = 0x0000557b0f468530
11/10/2025 19:31:39:770	UTIL	[43:43:1644442048]	INFO	thread_wrapper_t::bind_queue  , self_id = 140644324464320, bind_thr = 0x0000557b0f468530[140644324464320], r_queue = 0x0000557b0f477788, w_queue = 0x0000557b0f477550, this = 0x0000557b0f468530
11/10/2025 19:31:39:770	UTIL	[43:43:1644442048]	INFO	thread_wrapper_t::bind_queue bind_thr = 0x0000557b0f468530 already be existed, skip it, this = 0x0000557b0f468530
11/10/2025 19:31:39:770	UTIL	[43:43:1644442048]	INFO	thread_wrapper_t::adjust_timer_precision, m_timer_precision = 50, new_timer_precision = 50, this = 0x0000557b0f468530
11/10/2025 19:31:39:926	UTIL	[43:43:1644442048]	INFO	UTIL_INIT  refer times = 5, module_id = 5, UTIL has been built on:Sep 19 2025 at 06:33:56 on branch release-client-6.6.x with commit ID 2583f48484aeb604c472d0a89b4ddc1f55
11/10/2025 19:31:39:926	UTIL	[43:43:1644442048]	INFO	register_logger  module_id = 5, module_name = MCM, max_level = 31, logger = 0x0000000000000000, mode = 3
11/10/2025 19:31:40:049	UTIL	[43:43:1644442048]	INFO	register_logger  module_id = 6, module_name = NYDUS, max_level = 31, logger = 0x0000000000000000, mode = 3
11/10/2025 19:31:40:094	UTIL	[43:43:1644442048]	INFO	timer_it::timer_it id = 0, own_thr = 0x0000000000000000, this = 0x0000557b0f47b4a0
11/10/2025 19:31:40:094	UTIL	[43:43:1644442048]	INFO	timer_it::timer_it id = 0, own_thr = 0x0000000000000000, this = 0x0000557b0f495340
11/10/2025 19:31:40:094	UTIL	[43:43:1644442048]	INFO	thread_mgr_t::spawn, mode = 00000008, w_queue_size = 8192, type = 1024, interact_timer = true, thr_name = , bind_mask = 4294967295, use_ext_timer_drv = false, notifier = 0x0000000000000000, this = 0x0000557b0f3de100
11/10/2025 19:31:40:094	UTIL	[43:43:1644442048]	INFO	thread_mgr_t::spawn already has an instance for the thread, return it directly, thread id = 140644643516864, this = 0x0000557b0f3de100
11/10/2025 19:31:40:252	UTIL	[43:43:1644442048]	INFO	timer_it::add_timer sink = 0x0000557b0f4a9b78, interval = 12800, times = 0, is_exact = true, this = 0x0000557b0f47b4a0
11/10/2025 19:31:40:252	UTIL	[43:43:1644442048]	INFO	timer_it::add_timer sink = 0x0000557b0f4a9b78, interval = 3840, times = 0, is_exact = true, this = 0x0000557b0f495340
11/10/2025 19:32:33:273	UTIL	[43:43:1644442048]	INFO	mlog_file::init mid:1069 size:1048576 shmem:false ret:0 this:0x0000557b0f52fb68
11/10/2025 19:32:37:286	UTIL	[43:43:1644442048]	INFO	mlog_file::init mid:1027 size:1048576 shmem:false ret:0 this:0x0000557b0f53dda8
11/10/2025 19:32:37:750	UTIL	[43:43:1644442048]	INFO	mlog_file::init mid:1008 size:1048576 shmem:false ret:0 this:0x0000557b0f53d0d8
11/10/2025 19:32:38:232	UTIL	[43:43:1644442048]	INFO	mlog_file::init mid:1030 size:1048576 shmem:false ret:0 this:0x0000557b0f603dc8
