11/10/2025 19:20:06:536	UTIL	[46:46:3635188160]	INFO	thread_mgr_t ::thread_mgr_t(),Mon,10 Nov 2025 19:20:06 GMT, preset_owner_thr = false, this = 0x000055d8201c40f0
11/10/2025 19:20:06:536	UTIL	[46:46:3635188160]	INFO	new_i8_allocator_t::new_i8_allocator_t, m_page_size = 4096, this = 0x000055d8201c0f00
11/10/2025 19:20:06:537	UTIL	[46:46:3635188160]	INFO	UTIL_INIT  refer , s_init_times = 1, module_id = 9, description = UTIL has been built on:Sep 19 2025 at 06:33:56 on branch release-client-6.6.x with commit ID 2583f48484aeb604c472d0a89b4ddc1f55, dir = , filename = , pext = log, max_size = 41943040, max_idx = 99
11/10/2025 19:20:06:537	UTIL	[46:46:3635188160]	INFO	set_timer_driver, setup_call = 0x00007fb2f43603b0, remove_call = 0x00007fb2f4360290
11/10/2025 19:20:06:537	UTIL	[46:46:3635188160]	INFO	thread_mgr_t::spawn, mode = 02000008, w_queue_size = 8192, type = 0, interact_timer = true, thr_name = , bind_mask = 4294967295, use_ext_timer_drv = true, notifier = 0x000055d8201bf8f0, this = 0x000055d8201c40f0
11/10/2025 19:20:06:537	UTIL	[46:46:3635188160]	INFO	thread_wrapper_t::thread_wrapper_t, mode = 02000008, id = 0, type = 0, thr_manager = 0x000055d8201c40f0, waits = 0, interact_timer = true, m_timer_precision = 50, this = 0x000055d8201b20a0
11/10/2025 19:20:06:537	UTIL	[46:46:3635188160]	INFO	msg_queue_t::msg_queue_t notifier = , notifier = 0x000055d8201bf8f0, writer = 0x0000000000000000, capacity = 1024, mode = 0, this = 0x000055d8201bfb10
11/10/2025 19:20:06:537	UTIL	[46:46:3635188160]	INFO	thread_wrapper_t::thread_wrapper_t ctrl queue size = 1024, this = 0x000055d8201b20a0
11/10/2025 19:20:06:537	UTIL	[46:46:3635188160]	INFO	thread_wrapper_t::init_tls(), m_thread_manager = 0x000055d8201c40f0, this = 0x000055d8201b20a0
11/10/2025 19:20:06:537	UTIL	[46:46:3635188160]	INFO	thread_mgr_t::register_tls, thr = 0x000055d8201b20a0, tls = true, this = 0x000055d8201c40f0
11/10/2025 19:20:06:537	UTIL	[46:46:3635188160]	INFO	thread_wrapper_t::start_alive_check() timer = 0x0000000000000000, m_interact_timer = true, this = 0x000055d8201b20a0
11/10/2025 19:20:06:537	UTIL	[46:46:3635188160]	INFO	timer_queue_t::timer_queue_t() , sink = 0x000055d8201b20d8, min_interval = 204800, this = 0x000055d8201ccb00
11/10/2025 19:20:06:537	UTIL	[46:46:3635188160]	INFO	thread_wrapper_t::open_notifier, waits = 0, m_notify = 0x000055d8201bf8f0, this = 0x000055d8201b20a0
11/10/2025 19:20:06:537	UTIL	[46:46:3635188160]	INFO	msg_queue_base_t::open_notifier, m_notifier = 0x000055d8201bf8f0, notifier = 0x000055d8201bf8f0, this = 0x000055d8201bfb30
11/10/2025 19:20:06:537	UTIL	[46:46:3635188160]	INFO	thread_mgr_t::attach handle = 0x000055d8201b20a0, thread_id = 140406116094400, owner_thr = 0x000055d8201b20a0, owner_id = 140406116094400, queue_size = 8192, this = 0x000055d8201c40f0
11/10/2025 19:20:06:537	UTIL	[46:46:3635188160]	INFO	thread_wrapper_t::create_channel(), bind_thr = 0x000055d8201b20a0[140406116094400], read_capacity = 8192, write_capacity = 8192, this = 0x000055d8201b20a0
11/10/2025 19:20:06:537	UTIL	[46:46:3635188160]	INFO	o2o_msg_queue_t::o2o_msg_queue_t, notifier = 0x000055d8201bf8f0, writer = 0x000055d8201b20a0[140406116094400], reader = 0x000055d8201b20a0[140406116094400], capacity = 8192, mode = 0, this = 0x000055d8201c0d00
11/10/2025 19:20:06:537	UTIL	[46:46:3635188160]	INFO	o2o_msg_queue_t::o2o_msg_queue_t, notifier = 0x000055d8201bf8f0, writer = 0x000055d8201b20a0[140406116094400], reader = 0x000055d8201b20a0[140406116094400], capacity = 8192, mode = 0, this = 0x000055d8201c3e00
11/10/2025 19:20:06:537	UTIL	[46:46:3635188160]	INFO	thread_wrapper_t::bind_queue  , self_id = 140406116094400, bind_thr = 0x000055d8201b20a0[140406116094400], r_queue = 0x000055d8201c0d68, w_queue = 0x000055d8201c3e70, this = 0x000055d8201b20a0
11/10/2025 19:20:06:537	UTIL	[46:46:3635188160]	INFO	thread_wrapper_t::bind_queue  , self_id = 140406116094400, bind_thr = 0x000055d8201b20a0[140406116094400], r_queue = 0x000055d8201c3e68, w_queue = 0x000055d8201c0d70, this = 0x000055d8201b20a0
11/10/2025 19:20:06:537	UTIL	[46:46:3635188160]	INFO	thread_wrapper_t::bind_queue bind_thr = 0x000055d8201b20a0 already be existed, skip it, this = 0x000055d8201b20a0
11/10/2025 19:20:06:537	UTIL	[46:46:3635188160]	INFO	thread_wrapper_t::adjust_timer_precision, m_timer_precision = 50, new_timer_precision = 50, this = 0x000055d8201b20a0
11/10/2025 19:20:06:537	UTIL	[46:46:3635188160]	INFO	register_logger  module_id = 1057, module_name = zoomtask, max_level = 31, logger = 0x0000000000000000, mode = 3
11/10/2025 19:20:06:601	UTIL	[46:46:3635188160]	INFO	UTIL_INIT  refer times = 2, module_id = 1057, UTIL has been built on:Sep 19 2025 at 06:33:56 on branch release-client-6.6.x with commit ID 2583f48484aeb604c472d0a89b4ddc1f55
11/10/2025 19:20:06:601	UTIL	[46:46:3635188160]	INFO	register_logger  module_id = 1057, module_name = ZoomTask, max_level = 31, logger = 0x0000000000000000, mode = 3
11/10/2025 19:20:06:639	UTIL	[46:46:3635188160]	INFO	UTIL_INIT  refer times = 3, module_id = 2, UTIL has been built on:Sep 19 2025 at 06:33:56 on branch release-client-6.6.x with commit ID 2583f48484aeb604c472d0a89b4ddc1f55
11/10/2025 19:20:06:645	UTIL	[46:46:3635188160]	INFO	timer_it::timer_it id = 0, own_thr = 0x0000000000000000, this = 0x000055d8201c4848
11/10/2025 19:20:06:645	UTIL	[46:46:3635188160]	INFO	thread_mgr_t::spawn, mode = 01000004, w_queue_size = 0, type = 3, interact_timer = true, thr_name = zoom.dns, bind_mask = 0, use_ext_timer_drv = false, notifier = 0x0000000000000000, this = 0x000055d8201c40f0
11/10/2025 19:20:06:645	UTIL	[46:46:3635188160]	INFO	thread_wrapper_t::thread_wrapper_t, mode = 01000004, id = 0, type = 3, thr_manager = 0x000055d8201c40f0, waits = 1, interact_timer = true, m_timer_precision = 50, this = 0x000055d82020d120
11/10/2025 19:20:06:645	UTIL	[46:46:3635188160]	INFO	msg_queue_t::msg_queue_t notifier = , notifier = 0x0000000000000000, writer = 0x0000000000000000, capacity = 1024, mode = 1, this = 0x000055d82020d580
11/10/2025 19:20:06:645	UTIL	[46:46:3635188160]	INFO	thread_wrapper_t::thread_wrapper_t ctrl queue size = 1024, this = 0x000055d82020d120
11/10/2025 19:20:06:645	UTIL	[46:46:3635188160]	INFO	thread_io_t::thread_io_t(), mode = 01000004, type = 3, queue size = 0, this = 0x000055d82020d0f0
11/10/2025 19:20:06:645	UTIL	[46:46:3635188160]	INFO	thread_io_t::open_notifier, waits = 1, this = 0x000055d82020d0f0
11/10/2025 19:20:06:645	UTIL	[46:46:3635188160]	INFO	msg_queue_base_t::open_notifier, m_notifier = 0x0000000000000000, notifier = 0x000055d82020aea0, this = 0x000055d82020d5a0
11/10/2025 19:20:06:645	UTIL	[46:46:3635188160]	INFO	thread_io_t::thread_run(), id = 0, args = 0x0000000000000000, this = 0x000055d82020d0f0
11/10/2025 19:20:06:645	UTIL	[46:46:3635188160]	INFO	io_repo_t::io_repo_t, m_working = 0x000055d82020d120, max_io_fds = 1024, this = 0x000055d820211b40
11/10/2025 19:20:06:645	UTIL	[46:46:3635188160]	INFO	notifier_handler_t::notifier_handler_t, io_container = 0x000055d820211b400x000055d82020aea0, this = 0x000055d820219cd0
11/10/2025 19:20:06:645	UTIL	[46:46:3635188160]	INFO	poll_t::poll_t register, fd = 11, es.first = 00000000000000000000000000000011, this = 0x000055d820211b40
11/10/2025 19:20:06:645	UTIL	[46:46:3635188160]	INFO	io_repo_t::start(), m_stop = true, this = 0x000055d820211b40
11/10/2025 19:20:06:646	UTIL	[46:46:3635188160]	INFO	thread_mgr_t::spawn only has control message queue for this thread, this = 0x000055d8201c40f0
11/10/2025 19:20:06:646	UTIL	[46:46:3635188160]	FATAL	assert: msg[thread_wrapper_t::create_channel bind thread should valid!, bind_thr = 0x0000000000000000] file[/home/jenkins/agent/workspace/Client/Client/DMT/linux/release/tp_util/util/src/thread.cpp], line = [1122]
11/10/2025 19:20:06:646	UTIL	[46:46:3635188160]	INFO	thread_wrapper_t::adjust_timer_precision, m_timer_precision = 50, new_timer_precision = 50, this = 0x000055d82020d120
11/10/2025 19:20:06:646	UTIL	[46:46:3635188160]	INFO	timer_it::timer_it id = 0, own_thr = 0x0000000000000000, this = 0x000055d82021a790
11/10/2025 19:20:06:646	UTIL	[46:46:3635188160]	INFO	timer_it::add_timer sink = 0x000055d8201c4720, interval = 100, times = 0, is_exact = true, this = 0x000055d82021a790
11/10/2025 19:20:06:646	UTIL	[46:52:3603007168]	INFO	poll_t::loop () begin, working = 0x000055d82020d120, this = 0x000055d820211b40
11/10/2025 19:20:06:646	UTIL	[46:52:3603007168]	INFO	thread_io_t::init_tls() thread_id = 140406083913408, this = 0x000055d82020d0f0
11/10/2025 19:20:06:646	UTIL	[46:52:3603007168]	INFO	thread_wrapper_t::init_tls(), m_thread_manager = 0x000055d8201c40f0, this = 0x000055d82020d120
11/10/2025 19:20:06:646	UTIL	[46:52:3603007168]	INFO	thread_mgr_t::register_tls, thr = 0x000055d82020d120, tls = true, this = 0x000055d8201c40f0
11/10/2025 19:20:06:646	UTIL	[46:52:3603007168]	INFO	thread_wrapper_t::start_alive_check() timer = 0x0000000000000000, m_interact_timer = true, this = 0x000055d82020d120
11/10/2025 19:20:06:646	UTIL	[46:52:3603007168]	INFO	timer_queue_t::timer_queue_t() , sink = 0x000055d82020d158, min_interval = 204800, this = 0x00007fb2c0001070
11/10/2025 19:20:06:647	UTIL	[46:46:3635188160]	INFO	UTIL_INIT  refer times = 4, module_id = 9, UTIL has been built on:Sep 19 2025 at 06:33:56 on branch release-client-6.6.x with commit ID 2583f48484aeb604c472d0a89b4ddc1f55
11/10/2025 19:20:06:648	UTIL	[46:46:3635188160]	INFO	thread_mgr_t::spawn, mode = 01000004, w_queue_size = 65536, type = 1027, interact_timer = true, thr_name = zoom.db, bind_mask = 4294967295, use_ext_timer_drv = false, notifier = 0x0000000000000000, this = 0x000055d8201c40f0
11/10/2025 19:20:06:648	UTIL	[46:46:3635188160]	INFO	thread_wrapper_t::thread_wrapper_t, mode = 01000004, id = 0, type = 1027, thr_manager = 0x000055d8201c40f0, waits = 1, interact_timer = true, m_timer_precision = 50, this = 0x000055d82023fc50
11/10/2025 19:20:06:648	UTIL	[46:46:3635188160]	INFO	msg_queue_t::msg_queue_t notifier = , notifier = 0x0000000000000000, writer = 0x0000000000000000, capacity = 1024, mode = 1, this = 0x000055d820233da0
11/10/2025 19:20:06:648	UTIL	[46:46:3635188160]	INFO	thread_wrapper_t::thread_wrapper_t ctrl queue size = 1024, this = 0x000055d82023fc50
11/10/2025 19:20:06:648	UTIL	[46:46:3635188160]	INFO	thread_io_t::thread_io_t(), mode = 01000004, type = 1027, queue size = 65536, this = 0x000055d82023fc20
11/10/2025 19:20:06:648	UTIL	[46:46:3635188160]	INFO	thread_io_t::open_notifier, waits = 1, this = 0x000055d82023fc20
11/10/2025 19:20:06:648	UTIL	[46:46:3635188160]	INFO	msg_queue_base_t::open_notifier, m_notifier = 0x0000000000000000, notifier = 0x000055d820244010, this = 0x000055d820233dc0
11/10/2025 19:20:06:648	UTIL	[46:46:3635188160]	INFO	thread_io_t::thread_run(), id = 0, args = 0x0000000000000000, this = 0x000055d82023fc20
11/10/2025 19:20:06:648	UTIL	[46:46:3635188160]	INFO	io_repo_t::io_repo_t, m_working = 0x000055d82023fc50, max_io_fds = 1024, this = 0x000055d820244210
11/10/2025 19:20:06:648	UTIL	[46:46:3635188160]	INFO	notifier_handler_t::notifier_handler_t, io_container = 0x000055d8202442100x000055d820244010, this = 0x000055d820235660
11/10/2025 19:20:06:648	UTIL	[46:46:3635188160]	INFO	poll_t::poll_t register, fd = 20, es.first = 00000000000000000000000000000011, this = 0x000055d820244210
11/10/2025 19:20:06:648	UTIL	[46:46:3635188160]	INFO	io_repo_t::start(), m_stop = true, this = 0x000055d820244210
11/10/2025 19:20:06:648	UTIL	[46:46:3635188160]	INFO	thread_mgr_t::attach handle = 0x000055d82023fc50, thread_id = 140405945251520, owner_thr = 0x000055d8201b20a0, owner_id = 140406116094400, queue_size = 65536, this = 0x000055d8201c40f0
11/10/2025 19:20:06:648	UTIL	[46:46:3635188160]	INFO	thread_wrapper_t::create_channel(), bind_thr = 0x000055d8201b20a0[140406116094400], read_capacity = 65536, write_capacity = 65536, this = 0x000055d82023fc50
11/10/2025 19:20:06:649	UTIL	[46:60:3464345280]	INFO	poll_t::loop () begin, working = 0x000055d82023fc50, this = 0x000055d820244210
11/10/2025 19:20:06:649	UTIL	[46:60:3464345280]	INFO	thread_io_t::init_tls() thread_id = 140405945251520, this = 0x000055d82023fc20
11/10/2025 19:20:06:649	UTIL	[46:60:3464345280]	INFO	thread_wrapper_t::init_tls(), m_thread_manager = 0x000055d8201c40f0, this = 0x000055d82023fc50
11/10/2025 19:20:06:649	UTIL	[46:60:3464345280]	INFO	thread_mgr_t::register_tls, thr = 0x000055d82023fc50, tls = true, this = 0x000055d8201c40f0
11/10/2025 19:20:06:649	UTIL	[46:60:3464345280]	INFO	thread_wrapper_t::start_alive_check() timer = 0x0000000000000000, m_interact_timer = true, this = 0x000055d82023fc50
11/10/2025 19:20:06:649	UTIL	[46:60:3464345280]	INFO	timer_queue_t::timer_queue_t() , sink = 0x000055d82023fc88, min_interval = 204800, this = 0x00007fb2b0001070
11/10/2025 19:20:06:650	UTIL	[46:46:3635188160]	INFO	o2o_msg_queue_t::o2o_msg_queue_t, notifier = 0x000055d8201bf8f0, writer = 0x000055d82023fc50[140405945251520], reader = 0x000055d8201b20a0[140406116094400], capacity = 65536, mode = 0, this = 0x000055d82024cc90
11/10/2025 19:20:06:650	UTIL	[46:46:3635188160]	INFO	o2o_msg_queue_t::o2o_msg_queue_t, notifier = 0x000055d820244010, writer = 0x000055d8201b20a0[140406116094400], reader = 0x000055d82023fc50[140405945251520], capacity = 65536, mode = 1, this = 0x000055d82024ced0
11/10/2025 19:20:06:650	UTIL	[46:46:3635188160]	INFO	thread_wrapper_t::bind_queue  , self_id = 140406116094400, bind_thr = 0x000055d82023fc50[140405945251520], r_queue = 0x000055d82024ccf8, w_queue = 0x000055d82024cf40, this = 0x000055d8201b20a0
11/10/2025 19:20:06:650	UTIL	[46:46:3635188160]	INFO	thread_wrapper_t::bind_queue  , self_id = 140405945251520, bind_thr = 0x000055d8201b20a0[140406116094400], r_queue = 0x000055d82024cf38, w_queue = 0x000055d82024cd00, this = 0x000055d82023fc50
11/10/2025 19:20:06:650	UTIL	[46:46:3635188160]	INFO	thread_wrapper_t::create_channel(), bind_thr = 0x000055d82020d120[140406083913408], read_capacity = 65536, write_capacity = 65536, this = 0x000055d82023fc50
11/10/2025 19:20:06:651	UTIL	[46:46:3635188160]	INFO	o2o_msg_queue_t::o2o_msg_queue_t, notifier = 0x000055d82020aea0, writer = 0x000055d82023fc50[140405945251520], reader = 0x000055d82020d120[140406083913408], capacity = 65536, mode = 1, this = 0x000055d82024d570
11/10/2025 19:20:06:651	UTIL	[46:46:3635188160]	INFO	o2o_msg_queue_t::o2o_msg_queue_t, notifier = 0x000055d820244010, writer = 0x000055d82020d120[140406083913408], reader = 0x000055d82023fc50[140405945251520], capacity = 65536, mode = 1, this = 0x000055d82024d7b0
11/10/2025 19:20:06:651	UTIL	[46:46:3635188160]	INFO	thread_wrapper_t::send_ctrl_msg msg = 0x000055d82024d9f0, (uint64_t)m_id = 140405945251520, timeout = -1, this = 0x000055d82023fc50
11/10/2025 19:20:06:651	UTIL	[46:60:3464345280]	INFO	thread_wrapper_t::create_ch_msg_t::on_message from = 0x000055d82023fc50, to = 0x000055d82020d120, this = 0x000055d82024d9f0
11/10/2025 19:20:06:651	UTIL	[46:60:3464345280]	INFO	thread_wrapper_t::bind_queue  , self_id = 140406083913408, bind_thr = 0x000055d82023fc50[140405945251520], r_queue = 0x000055d82024d5d8, w_queue = 0x000055d82024d820, this = 0x000055d82020d120
11/10/2025 19:20:06:652	UTIL	[46:46:3635188160]	INFO	thread_wrapper_t::bind_queue  , self_id = 140405945251520, bind_thr = 0x000055d82020d120[140406083913408], r_queue = 0x000055d82024d818, w_queue = 0x000055d82024d5e0, this = 0x000055d82023fc50
11/10/2025 19:20:06:652	UTIL	[46:46:3635188160]	INFO	thread_wrapper_t::create_channel(), bind_thr = 0x000055d82023fc50[140405945251520], read_capacity = 65536, write_capacity = 65536, this = 0x000055d82023fc50
11/10/2025 19:20:06:653	UTIL	[46:46:3635188160]	INFO	o2o_msg_queue_t::o2o_msg_queue_t, notifier = 0x000055d820244010, writer = 0x000055d82023fc50[140405945251520], reader = 0x000055d82023fc50[140405945251520], capacity = 65536, mode = 1, this = 0x000055d82024ddf0
11/10/2025 19:20:06:653	UTIL	[46:46:3635188160]	INFO	o2o_msg_queue_t::o2o_msg_queue_t, notifier = 0x000055d820244010, writer = 0x000055d82023fc50[140405945251520], reader = 0x000055d82023fc50[140405945251520], capacity = 65536, mode = 1, this = 0x000055d82024e030
11/10/2025 19:20:06:653	UTIL	[46:46:3635188160]	INFO	thread_wrapper_t::send_ctrl_msg msg = 0x000055d82024e270, (uint64_t)m_id = 140405945251520, timeout = -1, this = 0x000055d82023fc50
11/10/2025 19:20:06:656	UTIL	[46:60:3464345280]	INFO	thread_wrapper_t::create_ch_msg_t::on_message from = 0x000055d82023fc50, to = 0x000055d82023fc50, this = 0x000055d82024e270
11/10/2025 19:20:06:656	UTIL	[46:60:3464345280]	INFO	thread_wrapper_t::bind_queue  , self_id = 140405945251520, bind_thr = 0x000055d82023fc50[140405945251520], r_queue = 0x000055d82024de58, w_queue = 0x000055d82024e0a0, this = 0x000055d82023fc50
11/10/2025 19:20:06:660	UTIL	[46:46:3635188160]	INFO	thread_wrapper_t::bind_queue  , self_id = 140405945251520, bind_thr = 0x000055d82023fc50[140405945251520], r_queue = 0x000055d82024e098, w_queue = 0x000055d82024de60, this = 0x000055d82023fc50
11/10/2025 19:20:06:666	UTIL	[46:46:3635188160]	INFO	thread_wrapper_t::bind_queue bind_thr = 0x000055d82023fc50 already be existed, skip it, this = 0x000055d82023fc50
11/10/2025 19:20:06:666	UTIL	[46:46:3635188160]	INFO	thread_wrapper_t::adjust_timer_precision, m_timer_precision = 50, new_timer_precision = 50, this = 0x000055d82023fc50
11/10/2025 19:20:06:666	UTIL	[46:46:3635188160]	INFO	thread_mgr_t::spawn, mode = 01000004, w_queue_size = 65536, type = 1028, interact_timer = true, thr_name = zoom.im.index, bind_mask = 4294967295, use_ext_timer_drv = false, notifier = 0x0000000000000000, this = 0x000055d8201c40f0
11/10/2025 19:20:06:666	UTIL	[46:46:3635188160]	INFO	thread_wrapper_t::thread_wrapper_t, mode = 01000004, id = 0, type = 1028, thr_manager = 0x000055d8201c40f0, waits = 1, interact_timer = true, m_timer_precision = 50, this = 0x000055d82024e9a0
11/10/2025 19:20:06:666	UTIL	[46:46:3635188160]	INFO	msg_queue_t::msg_queue_t notifier = , notifier = 0x0000000000000000, writer = 0x0000000000000000, capacity = 1024, mode = 1, this = 0x000055d82024ec50
11/10/2025 19:20:06:666	UTIL	[46:46:3635188160]	INFO	thread_wrapper_t::thread_wrapper_t ctrl queue size = 1024, this = 0x000055d82024e9a0
11/10/2025 19:20:06:666	UTIL	[46:46:3635188160]	INFO	thread_io_t::thread_io_t(), mode = 01000004, type = 1028, queue size = 65536, this = 0x000055d82024e970
11/10/2025 19:20:06:668	UTIL	[46:46:3635188160]	INFO	thread_io_t::open_notifier, waits = 1, this = 0x000055d82024e970
11/10/2025 19:20:06:669	UTIL	[46:46:3635188160]	INFO	msg_queue_base_t::open_notifier, m_notifier = 0x0000000000000000, notifier = 0x000055d820253100, this = 0x000055d82024ec70
11/10/2025 19:20:06:669	UTIL	[46:46:3635188160]	INFO	thread_io_t::thread_run(), id = 0, args = 0x0000000000000000, this = 0x000055d82024e970
11/10/2025 19:20:06:669	UTIL	[46:46:3635188160]	INFO	io_repo_t::io_repo_t, m_working = 0x000055d82024e9a0, max_io_fds = 1024, this = 0x000055d820253360
11/10/2025 19:20:06:669	UTIL	[46:46:3635188160]	INFO	notifier_handler_t::notifier_handler_t, io_container = 0x000055d8202533600x000055d820253100, this = 0x000055d82021b300
11/10/2025 19:20:06:669	UTIL	[46:46:3635188160]	INFO	poll_t::poll_t register, fd = 22, es.first = 00000000000000000000000000000011, this = 0x000055d820253360
11/10/2025 19:20:06:669	UTIL	[46:46:3635188160]	INFO	io_repo_t::start(), m_stop = true, this = 0x000055d820253360
11/10/2025 19:20:06:669	UTIL	[46:46:3635188160]	INFO	thread_mgr_t::attach handle = 0x000055d82024e9a0, thread_id = 140405936858816, owner_thr = 0x000055d8201b20a0, owner_id = 140406116094400, queue_size = 65536, this = 0x000055d8201c40f0
11/10/2025 19:20:06:669	UTIL	[46:46:3635188160]	INFO	thread_wrapper_t::create_channel(), bind_thr = 0x000055d8201b20a0[140406116094400], read_capacity = 65536, write_capacity = 65536, this = 0x000055d82024e9a0
11/10/2025 19:20:06:669	UTIL	[46:46:3635188160]	INFO	o2o_msg_queue_t::o2o_msg_queue_t, notifier = 0x000055d8201bf8f0, writer = 0x000055d82024e9a0[140405936858816], reader = 0x000055d8201b20a0[140406116094400], capacity = 65536, mode = 0, this = 0x000055d82025bde0
11/10/2025 19:20:06:671	UTIL	[46:46:3635188160]	INFO	o2o_msg_queue_t::o2o_msg_queue_t, notifier = 0x000055d820253100, writer = 0x000055d8201b20a0[140406116094400], reader = 0x000055d82024e9a0[140405936858816], capacity = 65536, mode = 1, this = 0x000055d82025c020
11/10/2025 19:20:06:671	UTIL	[46:46:3635188160]	INFO	thread_wrapper_t::bind_queue  , self_id = 140406116094400, bind_thr = 0x000055d82024e9a0[140405936858816], r_queue = 0x000055d82025be48, w_queue = 0x000055d82025c090, this = 0x000055d8201b20a0
11/10/2025 19:20:06:671	UTIL	[46:46:3635188160]	INFO	thread_wrapper_t::bind_queue  , self_id = 140405936858816, bind_thr = 0x000055d8201b20a0[140406116094400], r_queue = 0x000055d82025c088, w_queue = 0x000055d82025be50, this = 0x000055d82024e9a0
11/10/2025 19:20:06:671	UTIL	[46:46:3635188160]	INFO	thread_wrapper_t::create_channel(), bind_thr = 0x000055d82020d120[140406083913408], read_capacity = 65536, write_capacity = 65536, this = 0x000055d82024e9a0
11/10/2025 19:20:06:673	UTIL	[46:61:3455952576]	INFO	poll_t::loop () begin, working = 0x000055d82024e9a0, this = 0x000055d820253360
11/10/2025 19:20:06:673	UTIL	[46:46:3635188160]	INFO	o2o_msg_queue_t::o2o_msg_queue_t, notifier = 0x000055d82020aea0, writer = 0x000055d82024e9a0[140405936858816], reader = 0x000055d82020d120[140406083913408], capacity = 65536, mode = 1, this = 0x000055d82025c6c0
11/10/2025 19:20:06:673	UTIL	[46:61:3455952576]	INFO	thread_io_t::init_tls() thread_id = 140405936858816, this = 0x000055d82024e970
11/10/2025 19:20:06:673	UTIL	[46:61:3455952576]	INFO	thread_wrapper_t::init_tls(), m_thread_manager = 0x000055d8201c40f0, this = 0x000055d82024e9a0
11/10/2025 19:20:06:673	UTIL	[46:61:3455952576]	INFO	thread_mgr_t::register_tls, thr = 0x000055d82024e9a0, tls = true, this = 0x000055d8201c40f0
11/10/2025 19:20:06:673	UTIL	[46:61:3455952576]	INFO	thread_wrapper_t::start_alive_check() timer = 0x0000000000000000, m_interact_timer = true, this = 0x000055d82024e9a0
11/10/2025 19:20:06:673	UTIL	[46:61:3455952576]	INFO	timer_queue_t::timer_queue_t() , sink = 0x000055d82024e9d8, min_interval = 204800, this = 0x00007fb2a0001070
11/10/2025 19:20:06:674	UTIL	[46:46:3635188160]	INFO	o2o_msg_queue_t::o2o_msg_queue_t, notifier = 0x000055d820253100, writer = 0x000055d82020d120[140406083913408], reader = 0x000055d82024e9a0[140405936858816], capacity = 65536, mode = 1, this = 0x000055d82025c8a0
11/10/2025 19:20:06:674	UTIL	[46:46:3635188160]	INFO	thread_wrapper_t::send_ctrl_msg msg = 0x000055d82025cae0, (uint64_t)m_id = 140405936858816, timeout = -1, this = 0x000055d82024e9a0
11/10/2025 19:20:06:674	UTIL	[46:61:3455952576]	INFO	thread_wrapper_t::create_ch_msg_t::on_message from = 0x000055d82024e9a0, to = 0x000055d82020d120, this = 0x000055d82025cae0
11/10/2025 19:20:06:674	UTIL	[46:61:3455952576]	INFO	thread_wrapper_t::bind_queue  , self_id = 140406083913408, bind_thr = 0x000055d82024e9a0[140405936858816], r_queue = 0x000055d82025c728, w_queue = 0x000055d82025c910, this = 0x000055d82020d120
11/10/2025 19:20:06:674	UTIL	[46:46:3635188160]	INFO	thread_wrapper_t::bind_queue  , self_id = 140405936858816, bind_thr = 0x000055d82020d120[140406083913408], r_queue = 0x000055d82025c908, w_queue = 0x000055d82025c730, this = 0x000055d82024e9a0
11/10/2025 19:20:06:674	UTIL	[46:46:3635188160]	INFO	thread_wrapper_t::create_channel(), bind_thr = 0x000055d82023fc50[140405945251520], read_capacity = 65536, write_capacity = 65536, this = 0x000055d82024e9a0
11/10/2025 19:20:06:676	UTIL	[46:46:3635188160]	INFO	o2o_msg_queue_t::o2o_msg_queue_t, notifier = 0x000055d820244010, writer = 0x000055d82024e9a0[140405936858816], reader = 0x000055d82023fc50[140405945251520], capacity = 65536, mode = 1, this = 0x000055d82025cfb0
11/10/2025 19:20:06:677	UTIL	[46:46:3635188160]	INFO	o2o_msg_queue_t::o2o_msg_queue_t, notifier = 0x000055d820253100, writer = 0x000055d82023fc50[140405945251520], reader = 0x000055d82024e9a0[140405936858816], capacity = 65536, mode = 1, this = 0x000055d82025d1f0
11/10/2025 19:20:06:677	UTIL	[46:46:3635188160]	INFO	thread_wrapper_t::send_ctrl_msg msg = 0x000055d82025d430, (uint64_t)m_id = 140405936858816, timeout = -1, this = 0x000055d82024e9a0
11/10/2025 19:20:06:678	UTIL	[46:61:3455952576]	INFO	thread_wrapper_t::create_ch_msg_t::on_message from = 0x000055d82024e9a0, to = 0x000055d82023fc50, this = 0x000055d82025d430
11/10/2025 19:20:06:678	UTIL	[46:61:3455952576]	INFO	thread_wrapper_t::bind_queue  , self_id = 140405945251520, bind_thr = 0x000055d82024e9a0[140405936858816], r_queue = 0x000055d82025d018, w_queue = 0x000055d82025d260, this = 0x000055d82023fc50
11/10/2025 19:20:06:678	UTIL	[46:46:3635188160]	INFO	thread_wrapper_t::bind_queue  , self_id = 140405936858816, bind_thr = 0x000055d82023fc50[140405945251520], r_queue = 0x000055d82025d258, w_queue = 0x000055d82025d020, this = 0x000055d82024e9a0
11/10/2025 19:20:06:679	UTIL	[46:46:3635188160]	INFO	thread_wrapper_t::create_channel(), bind_thr = 0x000055d82024e9a0[140405936858816], read_capacity = 65536, write_capacity = 65536, this = 0x000055d82024e9a0
11/10/2025 19:20:06:679	UTIL	[46:46:3635188160]	INFO	o2o_msg_queue_t::o2o_msg_queue_t, notifier = 0x000055d820253100, writer = 0x000055d82024e9a0[140405936858816], reader = 0x000055d82024e9a0[140405936858816], capacity = 65536, mode = 1, this = 0x000055d82025d880
11/10/2025 19:20:06:680	UTIL	[46:46:3635188160]	INFO	o2o_msg_queue_t::o2o_msg_queue_t, notifier = 0x000055d820253100, writer = 0x000055d82024e9a0[140405936858816], reader = 0x000055d82024e9a0[140405936858816], capacity = 65536, mode = 1, this = 0x000055d82025dac0
11/10/2025 19:20:06:680	UTIL	[46:46:3635188160]	INFO	thread_wrapper_t::send_ctrl_msg msg = 0x000055d82025dd00, (uint64_t)m_id = 140405936858816, timeout = -1, this = 0x000055d82024e9a0
11/10/2025 19:20:06:680	UTIL	[46:61:3455952576]	INFO	thread_wrapper_t::create_ch_msg_t::on_message from = 0x000055d82024e9a0, to = 0x000055d82024e9a0, this = 0x000055d82025dd00
11/10/2025 19:20:06:680	UTIL	[46:61:3455952576]	INFO	thread_wrapper_t::bind_queue  , self_id = 140405936858816, bind_thr = 0x000055d82024e9a0[140405936858816], r_queue = 0x000055d82025d8e8, w_queue = 0x000055d82025db30, this = 0x000055d82024e9a0
11/10/2025 19:20:06:682	UTIL	[46:46:3635188160]	INFO	thread_wrapper_t::bind_queue  , self_id = 140405936858816, bind_thr = 0x000055d82024e9a0[140405936858816], r_queue = 0x000055d82025db28, w_queue = 0x000055d82025d8f0, this = 0x000055d82024e9a0
11/10/2025 19:20:06:682	UTIL	[46:46:3635188160]	INFO	thread_wrapper_t::bind_queue bind_thr = 0x000055d82024e9a0 already be existed, skip it, this = 0x000055d82024e9a0
11/10/2025 19:20:06:682	UTIL	[46:46:3635188160]	INFO	thread_wrapper_t::adjust_timer_precision, m_timer_precision = 50, new_timer_precision = 50, this = 0x000055d82024e9a0
11/10/2025 19:20:07:298	UTIL	[46:46:3635188160]	INFO	UTIL_INIT  refer times = 5, module_id = 5, UTIL has been built on:Sep 19 2025 at 06:33:56 on branch release-client-6.6.x with commit ID 2583f48484aeb604c472d0a89b4ddc1f55
11/10/2025 19:20:07:298	UTIL	[46:46:3635188160]	INFO	register_logger  module_id = 5, module_name = MCM, max_level = 31, logger = 0x0000000000000000, mode = 3
11/10/2025 19:20:07:448	UTIL	[46:46:3635188160]	INFO	register_logger  module_id = 6, module_name = NYDUS, max_level = 31, logger = 0x0000000000000000, mode = 3
11/10/2025 19:20:07:460	UTIL	[46:46:3635188160]	INFO	timer_it::timer_it id = 0, own_thr = 0x0000000000000000, this = 0x000055d820279400
11/10/2025 19:20:07:460	UTIL	[46:46:3635188160]	INFO	timer_it::timer_it id = 0, own_thr = 0x0000000000000000, this = 0x000055d820279490
11/10/2025 19:20:07:460	UTIL	[46:46:3635188160]	INFO	thread_mgr_t::spawn, mode = 00000008, w_queue_size = 8192, type = 1024, interact_timer = true, thr_name = , bind_mask = 4294967295, use_ext_timer_drv = false, notifier = 0x0000000000000000, this = 0x000055d8201c40f0
11/10/2025 19:20:07:460	UTIL	[46:46:3635188160]	INFO	thread_mgr_t::spawn already has an instance for the thread, return it directly, thread id = 140406116094400, this = 0x000055d8201c40f0
11/10/2025 19:20:07:607	UTIL	[46:46:3635188160]	INFO	timer_it::add_timer sink = 0x000055d820282078, interval = 12800, times = 0, is_exact = true, this = 0x000055d820279400
11/10/2025 19:20:07:607	UTIL	[46:46:3635188160]	INFO	timer_it::add_timer sink = 0x000055d820282078, interval = 3840, times = 0, is_exact = true, this = 0x000055d820279490
11/10/2025 19:21:01:366	UTIL	[46:46:3635188160]	INFO	mlog_file::init mid:1069 size:1048576 shmem:false ret:0 this:0x000055d820319d68
11/10/2025 19:21:04:331	UTIL	[46:46:3635188160]	INFO	mlog_file::init mid:1027 size:1048576 shmem:false ret:0 this:0x000055d8202fae38
11/10/2025 19:21:04:646	UTIL	[46:46:3635188160]	INFO	mlog_file::init mid:1008 size:1048576 shmem:false ret:0 this:0x000055d82024db28
11/10/2025 19:21:04:858	UTIL	[46:46:3635188160]	INFO	mlog_file::init mid:1030 size:1048576 shmem:false ret:0 this:0x000055d8203ef3a8
