11/10/2025 19:32:07:024	UTIL	[43:43:4078154176]	INFO	thread_mgr_t ::thread_mgr_t(),Mon,10 Nov 2025 19:32:07 GMT, preset_owner_thr = false, this = 0x00005607500c8100
11/10/2025 19:32:07:024	UTIL	[43:43:4078154176]	INFO	new_i8_allocator_t::new_i8_allocator_t, m_page_size = 4096, this = 0x00005607500c4f10
11/10/2025 19:32:07:025	UTIL	[43:43:4078154176]	INFO	UTIL_INIT  refer , s_init_times = 1, module_id = 9, description = UTIL has been built on:Sep 19 2025 at 06:33:56 on branch release-client-6.6.x with commit ID 2583f48484aeb604c472d0a89b4ddc1f55, dir = , filename = , pext = log, max_size = 41943040, max_idx = 99
11/10/2025 19:32:07:025	UTIL	[43:43:4078154176]	INFO	set_timer_driver, setup_call = 0x00007f650e9603b0, remove_call = 0x00007f650e960290
11/10/2025 19:32:07:025	UTIL	[43:43:4078154176]	INFO	thread_mgr_t::spawn, mode = 02000008, w_queue_size = 8192, type = 0, interact_timer = true, thr_name = , bind_mask = 4294967295, use_ext_timer_drv = true, notifier = 0x00005607500c3900, this = 0x00005607500c8100
11/10/2025 19:32:07:025	UTIL	[43:43:4078154176]	INFO	thread_wrapper_t::thread_wrapper_t, mode = 02000008, id = 0, type = 0, thr_manager = 0x00005607500c8100, waits = 0, interact_timer = true, m_timer_precision = 50, this = 0x00005607500d0ff0
11/10/2025 19:32:07:025	UTIL	[43:43:4078154176]	INFO	msg_queue_t::msg_queue_t notifier = , notifier = 0x00005607500c3900, writer = 0x0000000000000000, capacity = 1024, mode = 0, this = 0x00005607500c6880
11/10/2025 19:32:07:025	UTIL	[43:43:4078154176]	INFO	thread_wrapper_t::thread_wrapper_t ctrl queue size = 1024, this = 0x00005607500d0ff0
11/10/2025 19:32:07:025	UTIL	[43:43:4078154176]	INFO	thread_wrapper_t::init_tls(), m_thread_manager = 0x00005607500c8100, this = 0x00005607500d0ff0
11/10/2025 19:32:07:025	UTIL	[43:43:4078154176]	INFO	thread_mgr_t::register_tls, thr = 0x00005607500d0ff0, tls = true, this = 0x00005607500c8100
11/10/2025 19:32:07:025	UTIL	[43:43:4078154176]	INFO	thread_wrapper_t::start_alive_check() timer = 0x0000000000000000, m_interact_timer = true, this = 0x00005607500d0ff0
11/10/2025 19:32:07:025	UTIL	[43:43:4078154176]	INFO	timer_queue_t::timer_queue_t() , sink = 0x00005607500d1028, min_interval = 204800, this = 0x00005607500d0b80
11/10/2025 19:32:07:025	UTIL	[43:43:4078154176]	INFO	thread_wrapper_t::open_notifier, waits = 0, m_notify = 0x00005607500c3900, this = 0x00005607500d0ff0
11/10/2025 19:32:07:025	UTIL	[43:43:4078154176]	INFO	msg_queue_base_t::open_notifier, m_notifier = 0x00005607500c3900, notifier = 0x00005607500c3900, this = 0x00005607500c68a0
11/10/2025 19:32:07:025	UTIL	[43:43:4078154176]	INFO	thread_mgr_t::attach handle = 0x00005607500d0ff0, thread_id = 140071551611328, owner_thr = 0x00005607500d0ff0, owner_id = 140071551611328, queue_size = 8192, this = 0x00005607500c8100
11/10/2025 19:32:07:025	UTIL	[43:43:4078154176]	INFO	thread_wrapper_t::create_channel(), bind_thr = 0x00005607500d0ff0[140071551611328], read_capacity = 8192, write_capacity = 8192, this = 0x00005607500d0ff0
11/10/2025 19:32:07:025	UTIL	[43:43:4078154176]	INFO	o2o_msg_queue_t::o2o_msg_queue_t, notifier = 0x00005607500c3900, writer = 0x00005607500d0ff0[140071551611328], reader = 0x00005607500d0ff0[140071551611328], capacity = 8192, mode = 0, this = 0x00005607500c4d10
11/10/2025 19:32:07:025	UTIL	[43:43:4078154176]	INFO	o2o_msg_queue_t::o2o_msg_queue_t, notifier = 0x00005607500c3900, writer = 0x00005607500d0ff0[140071551611328], reader = 0x00005607500d0ff0[140071551611328], capacity = 8192, mode = 0, this = 0x00005607500c7e10
11/10/2025 19:32:07:025	UTIL	[43:43:4078154176]	INFO	thread_wrapper_t::bind_queue  , self_id = 140071551611328, bind_thr = 0x00005607500d0ff0[140071551611328], r_queue = 0x00005607500c4d78, w_queue = 0x00005607500c7e80, this = 0x00005607500d0ff0
11/10/2025 19:32:07:025	UTIL	[43:43:4078154176]	INFO	thread_wrapper_t::bind_queue  , self_id = 140071551611328, bind_thr = 0x00005607500d0ff0[140071551611328], r_queue = 0x00005607500c7e78, w_queue = 0x00005607500c4d80, this = 0x00005607500d0ff0
11/10/2025 19:32:07:025	UTIL	[43:43:4078154176]	INFO	thread_wrapper_t::bind_queue bind_thr = 0x00005607500d0ff0 already be existed, skip it, this = 0x00005607500d0ff0
11/10/2025 19:32:07:025	UTIL	[43:43:4078154176]	INFO	thread_wrapper_t::adjust_timer_precision, m_timer_precision = 50, new_timer_precision = 50, this = 0x00005607500d0ff0
11/10/2025 19:32:07:025	UTIL	[43:43:4078154176]	INFO	register_logger  module_id = 1057, module_name = zoomtask, max_level = 31, logger = 0x0000000000000000, mode = 3
11/10/2025 19:32:07:250	UTIL	[43:43:4078154176]	INFO	UTIL_INIT  refer times = 2, module_id = 1057, UTIL has been built on:Sep 19 2025 at 06:33:56 on branch release-client-6.6.x with commit ID 2583f48484aeb604c472d0a89b4ddc1f55
11/10/2025 19:32:07:250	UTIL	[43:43:4078154176]	INFO	register_logger  module_id = 1057, module_name = ZoomTask, max_level = 31, logger = 0x0000000000000000, mode = 3
11/10/2025 19:32:07:257	UTIL	[43:43:4078154176]	INFO	UTIL_INIT  refer times = 3, module_id = 2, UTIL has been built on:Sep 19 2025 at 06:33:56 on branch release-client-6.6.x with commit ID 2583f48484aeb604c472d0a89b4ddc1f55
11/10/2025 19:32:07:264	UTIL	[43:43:4078154176]	INFO	timer_it::timer_it id = 0, own_thr = 0x0000000000000000, this = 0x00005607500c8858
11/10/2025 19:32:07:264	UTIL	[43:43:4078154176]	INFO	thread_mgr_t::spawn, mode = 01000004, w_queue_size = 0, type = 3, interact_timer = true, thr_name = zoom.dns, bind_mask = 0, use_ext_timer_drv = false, notifier = 0x0000000000000000, this = 0x00005607500c8100
11/10/2025 19:32:07:264	UTIL	[43:43:4078154176]	INFO	thread_wrapper_t::thread_wrapper_t, mode = 01000004, id = 0, type = 3, thr_manager = 0x00005607500c8100, waits = 1, interact_timer = true, m_timer_precision = 50, this = 0x0000560750110dd0
11/10/2025 19:32:07:264	UTIL	[43:43:4078154176]	INFO	msg_queue_t::msg_queue_t notifier = , notifier = 0x0000000000000000, writer = 0x0000000000000000, capacity = 1024, mode = 1, this = 0x0000560750111230
11/10/2025 19:32:07:264	UTIL	[43:43:4078154176]	INFO	thread_wrapper_t::thread_wrapper_t ctrl queue size = 1024, this = 0x0000560750110dd0
11/10/2025 19:32:07:264	UTIL	[43:43:4078154176]	INFO	thread_io_t::thread_io_t(), mode = 01000004, type = 3, queue size = 0, this = 0x0000560750110da0
11/10/2025 19:32:07:264	UTIL	[43:43:4078154176]	INFO	thread_io_t::open_notifier, waits = 1, this = 0x0000560750110da0
11/10/2025 19:32:07:264	UTIL	[43:43:4078154176]	INFO	msg_queue_base_t::open_notifier, m_notifier = 0x0000000000000000, notifier = 0x000056075010eb50, this = 0x0000560750111250
11/10/2025 19:32:07:264	UTIL	[43:43:4078154176]	INFO	thread_io_t::thread_run(), id = 0, args = 0x0000000000000000, this = 0x0000560750110da0
11/10/2025 19:32:07:264	UTIL	[43:43:4078154176]	INFO	io_repo_t::io_repo_t, m_working = 0x0000560750110dd0, max_io_fds = 1024, this = 0x00005607501157f0
11/10/2025 19:32:07:264	UTIL	[43:43:4078154176]	INFO	notifier_handler_t::notifier_handler_t, io_container = 0x00005607501157f00x000056075010eb50, this = 0x000056075011d980
11/10/2025 19:32:07:264	UTIL	[43:43:4078154176]	INFO	poll_t::poll_t register, fd = 11, es.first = 00000000000000000000000000000011, this = 0x00005607501157f0
11/10/2025 19:32:07:264	UTIL	[43:43:4078154176]	INFO	io_repo_t::start(), m_stop = true, this = 0x00005607501157f0
11/10/2025 19:32:07:264	UTIL	[43:43:4078154176]	INFO	thread_mgr_t::spawn only has control message queue for this thread, this = 0x00005607500c8100
11/10/2025 19:32:07:264	UTIL	[43:43:4078154176]	FATAL	assert: msg[thread_wrapper_t::create_channel bind thread should valid!, bind_thr = 0x0000000000000000] file[/home/jenkins/agent/workspace/Client/Client/DMT/linux/release/tp_util/util/src/thread.cpp], line = [1122]
11/10/2025 19:32:07:264	UTIL	[43:43:4078154176]	INFO	thread_wrapper_t::adjust_timer_precision, m_timer_precision = 50, new_timer_precision = 50, this = 0x0000560750110dd0
11/10/2025 19:32:07:264	UTIL	[43:43:4078154176]	INFO	timer_it::timer_it id = 0, own_thr = 0x0000000000000000, this = 0x000056075011e440
11/10/2025 19:32:07:264	UTIL	[43:43:4078154176]	INFO	timer_it::add_timer sink = 0x00005607500c8730, interval = 100, times = 0, is_exact = true, this = 0x000056075011e440
11/10/2025 19:32:07:264	UTIL	[43:49:4045838016]	INFO	poll_t::loop () begin, working = 0x0000560750110dd0, this = 0x00005607501157f0
11/10/2025 19:32:07:265	UTIL	[43:49:4045838016]	INFO	thread_io_t::init_tls() thread_id = 140071519295168, this = 0x0000560750110da0
11/10/2025 19:32:07:265	UTIL	[43:49:4045838016]	INFO	thread_wrapper_t::init_tls(), m_thread_manager = 0x00005607500c8100, this = 0x0000560750110dd0
11/10/2025 19:32:07:265	UTIL	[43:49:4045838016]	INFO	thread_mgr_t::register_tls, thr = 0x0000560750110dd0, tls = true, this = 0x00005607500c8100
11/10/2025 19:32:07:265	UTIL	[43:49:4045838016]	INFO	thread_wrapper_t::start_alive_check() timer = 0x0000000000000000, m_interact_timer = true, this = 0x0000560750110dd0
11/10/2025 19:32:07:265	UTIL	[43:49:4045838016]	INFO	timer_queue_t::timer_queue_t() , sink = 0x0000560750110e08, min_interval = 204800, this = 0x00007f64e8001070
11/10/2025 19:32:07:268	UTIL	[43:43:4078154176]	INFO	UTIL_INIT  refer times = 4, module_id = 9, UTIL has been built on:Sep 19 2025 at 06:33:56 on branch release-client-6.6.x with commit ID 2583f48484aeb604c472d0a89b4ddc1f55
11/10/2025 19:32:07:268	UTIL	[43:43:4078154176]	INFO	thread_mgr_t::spawn, mode = 01000004, w_queue_size = 65536, type = 1027, interact_timer = true, thr_name = zoom.db, bind_mask = 4294967295, use_ext_timer_drv = false, notifier = 0x0000000000000000, this = 0x00005607500c8100
11/10/2025 19:32:07:268	UTIL	[43:43:4078154176]	INFO	thread_wrapper_t::thread_wrapper_t, mode = 01000004, id = 0, type = 1027, thr_manager = 0x00005607500c8100, waits = 1, interact_timer = true, m_timer_precision = 50, this = 0x0000560750143900
11/10/2025 19:32:07:269	UTIL	[43:43:4078154176]	INFO	msg_queue_t::msg_queue_t notifier = , notifier = 0x0000000000000000, writer = 0x0000000000000000, capacity = 1024, mode = 1, this = 0x0000560750137a50
11/10/2025 19:32:07:269	UTIL	[43:43:4078154176]	INFO	thread_wrapper_t::thread_wrapper_t ctrl queue size = 1024, this = 0x0000560750143900
11/10/2025 19:32:07:269	UTIL	[43:43:4078154176]	INFO	thread_io_t::thread_io_t(), mode = 01000004, type = 1027, queue size = 65536, this = 0x00005607501438d0
11/10/2025 19:32:07:269	UTIL	[43:43:4078154176]	INFO	thread_io_t::open_notifier, waits = 1, this = 0x00005607501438d0
11/10/2025 19:32:07:269	UTIL	[43:43:4078154176]	INFO	msg_queue_base_t::open_notifier, m_notifier = 0x0000000000000000, notifier = 0x0000560750147cc0, this = 0x0000560750137a70
11/10/2025 19:32:07:269	UTIL	[43:43:4078154176]	INFO	thread_io_t::thread_run(), id = 0, args = 0x0000000000000000, this = 0x00005607501438d0
11/10/2025 19:32:07:269	UTIL	[43:43:4078154176]	INFO	io_repo_t::io_repo_t, m_working = 0x0000560750143900, max_io_fds = 1024, this = 0x0000560750147ec0
11/10/2025 19:32:07:269	UTIL	[43:43:4078154176]	INFO	notifier_handler_t::notifier_handler_t, io_container = 0x0000560750147ec00x0000560750147cc0, this = 0x0000560750139310
11/10/2025 19:32:07:269	UTIL	[43:43:4078154176]	INFO	poll_t::poll_t register, fd = 20, es.first = 00000000000000000000000000000011, this = 0x0000560750147ec0
11/10/2025 19:32:07:269	UTIL	[43:43:4078154176]	INFO	io_repo_t::start(), m_stop = true, this = 0x0000560750147ec0
11/10/2025 19:32:07:269	UTIL	[43:43:4078154176]	INFO	thread_mgr_t::attach handle = 0x0000560750143900, thread_id = 140071248303808, owner_thr = 0x00005607500d0ff0, owner_id = 140071551611328, queue_size = 65536, this = 0x00005607500c8100
11/10/2025 19:32:07:269	UTIL	[43:43:4078154176]	INFO	thread_wrapper_t::create_channel(), bind_thr = 0x00005607500d0ff0[140071551611328], read_capacity = 65536, write_capacity = 65536, this = 0x0000560750143900
11/10/2025 19:32:07:269	UTIL	[43:43:4078154176]	INFO	o2o_msg_queue_t::o2o_msg_queue_t, notifier = 0x00005607500c3900, writer = 0x0000560750143900[140071248303808], reader = 0x00005607500d0ff0[140071551611328], capacity = 65536, mode = 0, this = 0x0000560750150940
11/10/2025 19:32:07:270	UTIL	[43:43:4078154176]	INFO	o2o_msg_queue_t::o2o_msg_queue_t, notifier = 0x0000560750147cc0, writer = 0x00005607500d0ff0[140071551611328], reader = 0x0000560750143900[140071248303808], capacity = 65536, mode = 1, this = 0x0000560750150b80
11/10/2025 19:32:07:270	UTIL	[43:43:4078154176]	INFO	thread_wrapper_t::bind_queue  , self_id = 140071551611328, bind_thr = 0x0000560750143900[140071248303808], r_queue = 0x00005607501509a8, w_queue = 0x0000560750150bf0, this = 0x00005607500d0ff0
11/10/2025 19:32:07:270	UTIL	[43:43:4078154176]	INFO	thread_wrapper_t::bind_queue  , self_id = 140071248303808, bind_thr = 0x00005607500d0ff0[140071551611328], r_queue = 0x0000560750150be8, w_queue = 0x00005607501509b0, this = 0x0000560750143900
11/10/2025 19:32:07:270	UTIL	[43:43:4078154176]	INFO	thread_wrapper_t::create_channel(), bind_thr = 0x0000560750110dd0[140071519295168], read_capacity = 65536, write_capacity = 65536, this = 0x0000560750143900
11/10/2025 19:32:07:270	UTIL	[43:43:4078154176]	INFO	o2o_msg_queue_t::o2o_msg_queue_t, notifier = 0x000056075010eb50, writer = 0x0000560750143900[140071248303808], reader = 0x0000560750110dd0[140071519295168], capacity = 65536, mode = 1, this = 0x0000560750151220
11/10/2025 19:32:07:270	UTIL	[43:43:4078154176]	INFO	o2o_msg_queue_t::o2o_msg_queue_t, notifier = 0x0000560750147cc0, writer = 0x0000560750110dd0[140071519295168], reader = 0x0000560750143900[140071248303808], capacity = 65536, mode = 1, this = 0x0000560750151460
11/10/2025 19:32:07:270	UTIL	[43:43:4078154176]	INFO	thread_wrapper_t::send_ctrl_msg msg = 0x00005607501516a0, (uint64_t)m_id = 0, timeout = -1, this = 0x0000560750143900
11/10/2025 19:32:07:269	UTIL	[43:57:3774846656]	INFO	poll_t::loop () begin, working = 0x0000560750143900, this = 0x0000560750147ec0
11/10/2025 19:32:07:270	UTIL	[43:57:3774846656]	INFO	thread_io_t::init_tls() thread_id = 140071248303808, this = 0x00005607501438d0
11/10/2025 19:32:07:270	UTIL	[43:57:3774846656]	INFO	thread_wrapper_t::init_tls(), m_thread_manager = 0x00005607500c8100, this = 0x0000560750143900
11/10/2025 19:32:07:270	UTIL	[43:57:3774846656]	INFO	thread_mgr_t::register_tls, thr = 0x0000560750143900, tls = true, this = 0x00005607500c8100
11/10/2025 19:32:07:270	UTIL	[43:57:3774846656]	INFO	thread_wrapper_t::start_alive_check() timer = 0x0000000000000000, m_interact_timer = true, this = 0x0000560750143900
11/10/2025 19:32:07:270	UTIL	[43:57:3774846656]	INFO	timer_queue_t::timer_queue_t() , sink = 0x0000560750143938, min_interval = 204800, this = 0x00007f64c4001070
11/10/2025 19:32:07:270	UTIL	[43:57:3774846656]	INFO	thread_wrapper_t::create_ch_msg_t::on_message from = 0x0000560750143900, to = 0x0000560750110dd0, this = 0x00005607501516a0
11/10/2025 19:32:07:270	UTIL	[43:57:3774846656]	INFO	thread_wrapper_t::bind_queue  , self_id = 140071519295168, bind_thr = 0x0000560750143900[140071248303808], r_queue = 0x0000560750151288, w_queue = 0x00005607501514d0, this = 0x0000560750110dd0
11/10/2025 19:32:07:271	UTIL	[43:43:4078154176]	INFO	thread_wrapper_t::bind_queue  , self_id = 140071248303808, bind_thr = 0x0000560750110dd0[140071519295168], r_queue = 0x00005607501514c8, w_queue = 0x0000560750151290, this = 0x0000560750143900
11/10/2025 19:32:07:271	UTIL	[43:43:4078154176]	INFO	thread_wrapper_t::create_channel(), bind_thr = 0x0000560750143900[140071248303808], read_capacity = 65536, write_capacity = 65536, this = 0x0000560750143900
11/10/2025 19:32:07:271	UTIL	[43:43:4078154176]	INFO	o2o_msg_queue_t::o2o_msg_queue_t, notifier = 0x0000560750147cc0, writer = 0x0000560750143900[140071248303808], reader = 0x0000560750143900[140071248303808], capacity = 65536, mode = 1, this = 0x0000560750151b60
11/10/2025 19:32:07:271	UTIL	[43:43:4078154176]	INFO	o2o_msg_queue_t::o2o_msg_queue_t, notifier = 0x0000560750147cc0, writer = 0x0000560750143900[140071248303808], reader = 0x0000560750143900[140071248303808], capacity = 65536, mode = 1, this = 0x0000560750151da0
11/10/2025 19:32:07:271	UTIL	[43:43:4078154176]	INFO	thread_wrapper_t::send_ctrl_msg msg = 0x0000560750151fe0, (uint64_t)m_id = 140071248303808, timeout = -1, this = 0x0000560750143900
11/10/2025 19:32:07:271	UTIL	[43:57:3774846656]	INFO	thread_wrapper_t::create_ch_msg_t::on_message from = 0x0000560750143900, to = 0x0000560750143900, this = 0x0000560750151fe0
11/10/2025 19:32:07:271	UTIL	[43:57:3774846656]	INFO	thread_wrapper_t::bind_queue  , self_id = 140071248303808, bind_thr = 0x0000560750143900[140071248303808], r_queue = 0x0000560750151bc8, w_queue = 0x0000560750151e10, this = 0x0000560750143900
11/10/2025 19:32:07:271	UTIL	[43:43:4078154176]	INFO	thread_wrapper_t::bind_queue  , self_id = 140071248303808, bind_thr = 0x0000560750143900[140071248303808], r_queue = 0x0000560750151e08, w_queue = 0x0000560750151bd0, this = 0x0000560750143900
11/10/2025 19:32:07:271	UTIL	[43:43:4078154176]	INFO	thread_wrapper_t::bind_queue bind_thr = 0x0000560750143900 already be existed, skip it, this = 0x0000560750143900
11/10/2025 19:32:07:271	UTIL	[43:43:4078154176]	INFO	thread_wrapper_t::adjust_timer_precision, m_timer_precision = 50, new_timer_precision = 50, this = 0x0000560750143900
11/10/2025 19:32:07:271	UTIL	[43:43:4078154176]	INFO	thread_mgr_t::spawn, mode = 01000004, w_queue_size = 65536, type = 1028, interact_timer = true, thr_name = zoom.im.index, bind_mask = 4294967295, use_ext_timer_drv = false, notifier = 0x0000000000000000, this = 0x00005607500c8100
11/10/2025 19:32:07:271	UTIL	[43:43:4078154176]	INFO	thread_wrapper_t::thread_wrapper_t, mode = 01000004, id = 0, type = 1028, thr_manager = 0x00005607500c8100, waits = 1, interact_timer = true, m_timer_precision = 50, this = 0x0000560750152720
11/10/2025 19:32:07:271	UTIL	[43:43:4078154176]	INFO	msg_queue_t::msg_queue_t notifier = , notifier = 0x0000000000000000, writer = 0x0000000000000000, capacity = 1024, mode = 1, this = 0x00005607501529d0
11/10/2025 19:32:07:271	UTIL	[43:43:4078154176]	INFO	thread_wrapper_t::thread_wrapper_t ctrl queue size = 1024, this = 0x0000560750152720
11/10/2025 19:32:07:271	UTIL	[43:43:4078154176]	INFO	thread_io_t::thread_io_t(), mode = 01000004, type = 1028, queue size = 65536, this = 0x00005607501526f0
11/10/2025 19:32:07:271	UTIL	[43:43:4078154176]	INFO	thread_io_t::open_notifier, waits = 1, this = 0x00005607501526f0
11/10/2025 19:32:07:271	UTIL	[43:43:4078154176]	INFO	msg_queue_base_t::open_notifier, m_notifier = 0x0000000000000000, notifier = 0x0000560750156e80, this = 0x00005607501529f0
11/10/2025 19:32:07:271	UTIL	[43:43:4078154176]	INFO	thread_io_t::thread_run(), id = 0, args = 0x0000000000000000, this = 0x00005607501526f0
11/10/2025 19:32:07:272	UTIL	[43:43:4078154176]	INFO	io_repo_t::io_repo_t, m_working = 0x0000560750152720, max_io_fds = 1024, this = 0x00005607501570e0
11/10/2025 19:32:07:272	UTIL	[43:43:4078154176]	INFO	notifier_handler_t::notifier_handler_t, io_container = 0x00005607501570e00x0000560750156e80, this = 0x000056075011efb0
11/10/2025 19:32:07:272	UTIL	[43:43:4078154176]	INFO	poll_t::poll_t register, fd = 22, es.first = 00000000000000000000000000000011, this = 0x00005607501570e0
11/10/2025 19:32:07:272	UTIL	[43:43:4078154176]	INFO	io_repo_t::start(), m_stop = true, this = 0x00005607501570e0
11/10/2025 19:32:07:274	UTIL	[43:43:4078154176]	INFO	thread_mgr_t::attach handle = 0x0000560750152720, thread_id = 140070896006848, owner_thr = 0x00005607500d0ff0, owner_id = 140071551611328, queue_size = 65536, this = 0x00005607500c8100
11/10/2025 19:32:07:274	UTIL	[43:43:4078154176]	INFO	thread_wrapper_t::create_channel(), bind_thr = 0x00005607500d0ff0[140071551611328], read_capacity = 65536, write_capacity = 65536, this = 0x0000560750152720
11/10/2025 19:32:07:274	UTIL	[43:43:4078154176]	INFO	o2o_msg_queue_t::o2o_msg_queue_t, notifier = 0x00005607500c3900, writer = 0x0000560750152720[140070896006848], reader = 0x00005607500d0ff0[140071551611328], capacity = 65536, mode = 0, this = 0x000056075015fb60
11/10/2025 19:32:07:274	UTIL	[43:43:4078154176]	INFO	o2o_msg_queue_t::o2o_msg_queue_t, notifier = 0x0000560750156e80, writer = 0x00005607500d0ff0[140071551611328], reader = 0x0000560750152720[140070896006848], capacity = 65536, mode = 1, this = 0x000056075015fda0
11/10/2025 19:32:07:274	UTIL	[43:43:4078154176]	INFO	thread_wrapper_t::bind_queue  , self_id = 140071551611328, bind_thr = 0x0000560750152720[140070896006848], r_queue = 0x000056075015fbc8, w_queue = 0x000056075015fe10, this = 0x00005607500d0ff0
11/10/2025 19:32:07:274	UTIL	[43:43:4078154176]	INFO	thread_wrapper_t::bind_queue  , self_id = 140070896006848, bind_thr = 0x00005607500d0ff0[140071551611328], r_queue = 0x000056075015fe08, w_queue = 0x000056075015fbd0, this = 0x0000560750152720
11/10/2025 19:32:07:274	UTIL	[43:43:4078154176]	INFO	thread_wrapper_t::create_channel(), bind_thr = 0x0000560750110dd0[140071519295168], read_capacity = 65536, write_capacity = 65536, this = 0x0000560750152720
11/10/2025 19:32:07:274	UTIL	[43:43:4078154176]	INFO	o2o_msg_queue_t::o2o_msg_queue_t, notifier = 0x000056075010eb50, writer = 0x0000560750152720[140070896006848], reader = 0x0000560750110dd0[140071519295168], capacity = 65536, mode = 1, this = 0x00005607501603e0
11/10/2025 19:32:07:275	UTIL	[43:43:4078154176]	INFO	o2o_msg_queue_t::o2o_msg_queue_t, notifier = 0x0000560750156e80, writer = 0x0000560750110dd0[140071519295168], reader = 0x0000560750152720[140070896006848], capacity = 65536, mode = 1, this = 0x0000560750160620
11/10/2025 19:32:07:275	UTIL	[43:43:4078154176]	INFO	thread_wrapper_t::send_ctrl_msg msg = 0x0000560750160860, (uint64_t)m_id = 0, timeout = -1, this = 0x0000560750152720
11/10/2025 19:32:07:275	UTIL	[43:58:3422549696]	INFO	poll_t::loop () begin, working = 0x0000560750152720, this = 0x00005607501570e0
11/10/2025 19:32:07:275	UTIL	[43:58:3422549696]	INFO	thread_io_t::init_tls() thread_id = 140070896006848, this = 0x00005607501526f0
11/10/2025 19:32:07:275	UTIL	[43:58:3422549696]	INFO	thread_wrapper_t::init_tls(), m_thread_manager = 0x00005607500c8100, this = 0x0000560750152720
11/10/2025 19:32:07:275	UTIL	[43:58:3422549696]	INFO	thread_mgr_t::register_tls, thr = 0x0000560750152720, tls = true, this = 0x00005607500c8100
11/10/2025 19:32:07:275	UTIL	[43:58:3422549696]	INFO	thread_wrapper_t::start_alive_check() timer = 0x0000000000000000, m_interact_timer = true, this = 0x0000560750152720
11/10/2025 19:32:07:275	UTIL	[43:58:3422549696]	INFO	timer_queue_t::timer_queue_t() , sink = 0x0000560750152758, min_interval = 204800, this = 0x00007f64c0001070
11/10/2025 19:32:07:275	UTIL	[43:58:3422549696]	INFO	thread_wrapper_t::create_ch_msg_t::on_message from = 0x0000560750152720, to = 0x0000560750110dd0, this = 0x0000560750160860
11/10/2025 19:32:07:275	UTIL	[43:58:3422549696]	INFO	thread_wrapper_t::bind_queue  , self_id = 140071519295168, bind_thr = 0x0000560750152720[140070896006848], r_queue = 0x0000560750160448, w_queue = 0x0000560750160690, this = 0x0000560750110dd0
11/10/2025 19:32:07:275	UTIL	[43:43:4078154176]	INFO	thread_wrapper_t::bind_queue  , self_id = 140070896006848, bind_thr = 0x0000560750110dd0[140071519295168], r_queue = 0x0000560750160688, w_queue = 0x0000560750160450, this = 0x0000560750152720
11/10/2025 19:32:07:275	UTIL	[43:43:4078154176]	INFO	thread_wrapper_t::create_channel(), bind_thr = 0x0000560750143900[140071248303808], read_capacity = 65536, write_capacity = 65536, this = 0x0000560750152720
11/10/2025 19:32:07:275	UTIL	[43:43:4078154176]	INFO	o2o_msg_queue_t::o2o_msg_queue_t, notifier = 0x0000560750147cc0, writer = 0x0000560750152720[140070896006848], reader = 0x0000560750143900[140071248303808], capacity = 65536, mode = 1, this = 0x0000560750160d20
11/10/2025 19:32:07:275	UTIL	[43:43:4078154176]	INFO	o2o_msg_queue_t::o2o_msg_queue_t, notifier = 0x0000560750156e80, writer = 0x0000560750143900[140071248303808], reader = 0x0000560750152720[140070896006848], capacity = 65536, mode = 1, this = 0x0000560750160f60
11/10/2025 19:32:07:275	UTIL	[43:43:4078154176]	INFO	thread_wrapper_t::send_ctrl_msg msg = 0x00005607501611a0, (uint64_t)m_id = 140070896006848, timeout = -1, this = 0x0000560750152720
11/10/2025 19:32:07:275	UTIL	[43:58:3422549696]	INFO	thread_wrapper_t::create_ch_msg_t::on_message from = 0x0000560750152720, to = 0x0000560750143900, this = 0x00005607501611a0
11/10/2025 19:32:07:275	UTIL	[43:58:3422549696]	INFO	thread_wrapper_t::bind_queue  , self_id = 140071248303808, bind_thr = 0x0000560750152720[140070896006848], r_queue = 0x0000560750160d88, w_queue = 0x0000560750160fd0, this = 0x0000560750143900
11/10/2025 19:32:07:275	UTIL	[43:43:4078154176]	INFO	thread_wrapper_t::bind_queue  , self_id = 140070896006848, bind_thr = 0x0000560750143900[140071248303808], r_queue = 0x0000560750160fc8, w_queue = 0x0000560750160d90, this = 0x0000560750152720
11/10/2025 19:32:07:275	UTIL	[43:43:4078154176]	INFO	thread_wrapper_t::create_channel(), bind_thr = 0x0000560750152720[140070896006848], read_capacity = 65536, write_capacity = 65536, this = 0x0000560750152720
11/10/2025 19:32:07:276	UTIL	[43:43:4078154176]	INFO	o2o_msg_queue_t::o2o_msg_queue_t, notifier = 0x0000560750156e80, writer = 0x0000560750152720[140070896006848], reader = 0x0000560750152720[140070896006848], capacity = 65536, mode = 1, this = 0x0000560750161670
11/10/2025 19:32:07:282	UTIL	[43:43:4078154176]	INFO	o2o_msg_queue_t::o2o_msg_queue_t, notifier = 0x0000560750156e80, writer = 0x0000560750152720[140070896006848], reader = 0x0000560750152720[140070896006848], capacity = 65536, mode = 1, this = 0x00005607501618b0
11/10/2025 19:32:07:282	UTIL	[43:43:4078154176]	INFO	thread_wrapper_t::send_ctrl_msg msg = 0x0000560750161af0, (uint64_t)m_id = 140070896006848, timeout = -1, this = 0x0000560750152720
11/10/2025 19:32:07:282	UTIL	[43:58:3422549696]	INFO	thread_wrapper_t::create_ch_msg_t::on_message from = 0x0000560750152720, to = 0x0000560750152720, this = 0x0000560750161af0
11/10/2025 19:32:07:282	UTIL	[43:58:3422549696]	INFO	thread_wrapper_t::bind_queue  , self_id = 140070896006848, bind_thr = 0x0000560750152720[140070896006848], r_queue = 0x00005607501616d8, w_queue = 0x0000560750161920, this = 0x0000560750152720
11/10/2025 19:32:07:286	UTIL	[43:43:4078154176]	INFO	thread_wrapper_t::bind_queue  , self_id = 140070896006848, bind_thr = 0x0000560750152720[140070896006848], r_queue = 0x0000560750161918, w_queue = 0x00005607501616e0, this = 0x0000560750152720
11/10/2025 19:32:07:286	UTIL	[43:43:4078154176]	INFO	thread_wrapper_t::bind_queue bind_thr = 0x0000560750152720 already be existed, skip it, this = 0x0000560750152720
11/10/2025 19:32:07:286	UTIL	[43:43:4078154176]	INFO	thread_wrapper_t::adjust_timer_precision, m_timer_precision = 50, new_timer_precision = 50, this = 0x0000560750152720
11/10/2025 19:32:07:555	UTIL	[43:43:4078154176]	INFO	UTIL_INIT  refer times = 5, module_id = 5, UTIL has been built on:Sep 19 2025 at 06:33:56 on branch release-client-6.6.x with commit ID 2583f48484aeb604c472d0a89b4ddc1f55
11/10/2025 19:32:07:555	UTIL	[43:43:4078154176]	INFO	register_logger  module_id = 5, module_name = MCM, max_level = 31, logger = 0x0000000000000000, mode = 3
11/10/2025 19:32:08:782	UTIL	[43:43:4078154176]	INFO	register_logger  module_id = 6, module_name = NYDUS, max_level = 31, logger = 0x0000000000000000, mode = 3
11/10/2025 19:32:08:782	UTIL	[43:43:4078154176]	INFO	timer_it::timer_it id = 0, own_thr = 0x0000000000000000, this = 0x0000560750165610
11/10/2025 19:32:08:782	UTIL	[43:43:4078154176]	INFO	timer_it::timer_it id = 0, own_thr = 0x0000000000000000, this = 0x000056075017f150
11/10/2025 19:32:08:782	UTIL	[43:43:4078154176]	INFO	thread_mgr_t::spawn, mode = 00000008, w_queue_size = 8192, type = 1024, interact_timer = true, thr_name = , bind_mask = 4294967295, use_ext_timer_drv = false, notifier = 0x0000000000000000, this = 0x00005607500c8100
11/10/2025 19:32:08:782	UTIL	[43:43:4078154176]	INFO	thread_mgr_t::spawn already has an instance for the thread, return it directly, thread id = 140071551611328, this = 0x00005607500c8100
11/10/2025 19:32:09:137	UTIL	[43:43:4078154176]	INFO	timer_it::add_timer sink = 0x0000560750193988, interval = 12800, times = 0, is_exact = true, this = 0x0000560750165610
11/10/2025 19:32:09:137	UTIL	[43:43:4078154176]	INFO	timer_it::add_timer sink = 0x0000560750193988, interval = 3840, times = 0, is_exact = true, this = 0x000056075017f150
