11/10/2025 19:19:32:710	UTIL	[46:46:3408970176]	INFO	thread_mgr_t ::thread_mgr_t(),Mon,10 Nov 2025 19:19:32 GMT, preset_owner_thr = false, this = 0x000055f697b630f0
11/10/2025 19:19:32:710	UTIL	[46:46:3408970176]	INFO	new_i8_allocator_t::new_i8_allocator_t, m_page_size = 4096, this = 0x000055f697b5ff00
11/10/2025 19:19:32:710	UTIL	[46:46:3408970176]	INFO	UTIL_INIT  refer , s_init_times = 1, module_id = 9, description = UTIL has been built on:Sep 19 2025 at 06:33:56 on branch release-client-6.6.x with commit ID 2583f48484aeb604c472d0a89b4ddc1f55, dir = , filename = , pext = log, max_size = 41943040, max_idx = 99
11/10/2025 19:19:32:710	UTIL	[46:46:3408970176]	INFO	set_timer_driver, setup_call = 0x00007fc6e6b603b0, remove_call = 0x00007fc6e6b60290
11/10/2025 19:19:32:710	UTIL	[46:46:3408970176]	INFO	thread_mgr_t::spawn, mode = 02000008, w_queue_size = 8192, type = 0, interact_timer = true, thr_name = , bind_mask = 4294967295, use_ext_timer_drv = true, notifier = 0x000055f697b5e8f0, this = 0x000055f697b630f0
11/10/2025 19:19:32:710	UTIL	[46:46:3408970176]	INFO	thread_wrapper_t::thread_wrapper_t, mode = 02000008, id = 0, type = 0, thr_manager = 0x000055f697b630f0, waits = 0, interact_timer = true, m_timer_precision = 50, this = 0x000055f697b510a0
11/10/2025 19:19:32:710	UTIL	[46:46:3408970176]	INFO	msg_queue_t::msg_queue_t notifier = , notifier = 0x000055f697b5e8f0, writer = 0x0000000000000000, capacity = 1024, mode = 0, this = 0x000055f697b5eb10
11/10/2025 19:19:32:710	UTIL	[46:46:3408970176]	INFO	thread_wrapper_t::thread_wrapper_t ctrl queue size = 1024, this = 0x000055f697b510a0
11/10/2025 19:19:32:710	UTIL	[46:46:3408970176]	INFO	thread_wrapper_t::init_tls(), m_thread_manager = 0x000055f697b630f0, this = 0x000055f697b510a0
11/10/2025 19:19:32:710	UTIL	[46:46:3408970176]	INFO	thread_mgr_t::register_tls, thr = 0x000055f697b510a0, tls = true, this = 0x000055f697b630f0
11/10/2025 19:19:32:710	UTIL	[46:46:3408970176]	INFO	thread_wrapper_t::start_alive_check() timer = 0x0000000000000000, m_interact_timer = true, this = 0x000055f697b510a0
11/10/2025 19:19:32:710	UTIL	[46:46:3408970176]	INFO	timer_queue_t::timer_queue_t() , sink = 0x000055f697b510d8, min_interval = 204800, this = 0x000055f697b6bb00
11/10/2025 19:19:32:710	UTIL	[46:46:3408970176]	INFO	thread_wrapper_t::open_notifier, waits = 0, m_notify = 0x000055f697b5e8f0, this = 0x000055f697b510a0
11/10/2025 19:19:32:710	UTIL	[46:46:3408970176]	INFO	msg_queue_base_t::open_notifier, m_notifier = 0x000055f697b5e8f0, notifier = 0x000055f697b5e8f0, this = 0x000055f697b5eb30
11/10/2025 19:19:32:710	UTIL	[46:46:3408970176]	INFO	thread_mgr_t::attach handle = 0x000055f697b510a0, thread_id = 140491789222336, owner_thr = 0x000055f697b510a0, owner_id = 140491789222336, queue_size = 8192, this = 0x000055f697b630f0
11/10/2025 19:19:32:710	UTIL	[46:46:3408970176]	INFO	thread_wrapper_t::create_channel(), bind_thr = 0x000055f697b510a0[140491789222336], read_capacity = 8192, write_capacity = 8192, this = 0x000055f697b510a0
11/10/2025 19:19:32:710	UTIL	[46:46:3408970176]	INFO	o2o_msg_queue_t::o2o_msg_queue_t, notifier = 0x000055f697b5e8f0, writer = 0x000055f697b510a0[140491789222336], reader = 0x000055f697b510a0[140491789222336], capacity = 8192, mode = 0, this = 0x000055f697b5fd00
11/10/2025 19:19:32:711	UTIL	[46:46:3408970176]	INFO	o2o_msg_queue_t::o2o_msg_queue_t, notifier = 0x000055f697b5e8f0, writer = 0x000055f697b510a0[140491789222336], reader = 0x000055f697b510a0[140491789222336], capacity = 8192, mode = 0, this = 0x000055f697b62e00
11/10/2025 19:19:32:711	UTIL	[46:46:3408970176]	INFO	thread_wrapper_t::bind_queue  , self_id = 140491789222336, bind_thr = 0x000055f697b510a0[140491789222336], r_queue = 0x000055f697b5fd68, w_queue = 0x000055f697b62e70, this = 0x000055f697b510a0
11/10/2025 19:19:32:711	UTIL	[46:46:3408970176]	INFO	thread_wrapper_t::bind_queue  , self_id = 140491789222336, bind_thr = 0x000055f697b510a0[140491789222336], r_queue = 0x000055f697b62e68, w_queue = 0x000055f697b5fd70, this = 0x000055f697b510a0
11/10/2025 19:19:32:711	UTIL	[46:46:3408970176]	INFO	thread_wrapper_t::bind_queue bind_thr = 0x000055f697b510a0 already be existed, skip it, this = 0x000055f697b510a0
11/10/2025 19:19:32:711	UTIL	[46:46:3408970176]	INFO	thread_wrapper_t::adjust_timer_precision, m_timer_precision = 50, new_timer_precision = 50, this = 0x000055f697b510a0
11/10/2025 19:19:32:711	UTIL	[46:46:3408970176]	INFO	register_logger  module_id = 1057, module_name = zoomtask, max_level = 31, logger = 0x0000000000000000, mode = 3
11/10/2025 19:19:32:890	UTIL	[46:46:3408970176]	INFO	UTIL_INIT  refer times = 2, module_id = 1057, UTIL has been built on:Sep 19 2025 at 06:33:56 on branch release-client-6.6.x with commit ID 2583f48484aeb604c472d0a89b4ddc1f55
11/10/2025 19:19:32:890	UTIL	[46:46:3408970176]	INFO	register_logger  module_id = 1057, module_name = ZoomTask, max_level = 31, logger = 0x0000000000000000, mode = 3
11/10/2025 19:19:32:912	UTIL	[46:46:3408970176]	INFO	UTIL_INIT  refer times = 3, module_id = 2, UTIL has been built on:Sep 19 2025 at 06:33:56 on branch release-client-6.6.x with commit ID 2583f48484aeb604c472d0a89b4ddc1f55
11/10/2025 19:19:32:914	UTIL	[46:46:3408970176]	INFO	timer_it::timer_it id = 0, own_thr = 0x0000000000000000, this = 0x000055f697b63848
11/10/2025 19:19:32:914	UTIL	[46:46:3408970176]	INFO	thread_mgr_t::spawn, mode = 01000004, w_queue_size = 0, type = 3, interact_timer = true, thr_name = zoom.dns, bind_mask = 0, use_ext_timer_drv = false, notifier = 0x0000000000000000, this = 0x000055f697b630f0
11/10/2025 19:19:32:914	UTIL	[46:46:3408970176]	INFO	thread_wrapper_t::thread_wrapper_t, mode = 01000004, id = 0, type = 3, thr_manager = 0x000055f697b630f0, waits = 1, interact_timer = true, m_timer_precision = 50, this = 0x000055f697babd10
11/10/2025 19:19:32:914	UTIL	[46:46:3408970176]	INFO	msg_queue_t::msg_queue_t notifier = , notifier = 0x0000000000000000, writer = 0x0000000000000000, capacity = 1024, mode = 1, this = 0x000055f697bac170
11/10/2025 19:19:32:914	UTIL	[46:46:3408970176]	INFO	thread_wrapper_t::thread_wrapper_t ctrl queue size = 1024, this = 0x000055f697babd10
11/10/2025 19:19:32:914	UTIL	[46:46:3408970176]	INFO	thread_io_t::thread_io_t(), mode = 01000004, type = 3, queue size = 0, this = 0x000055f697babce0
11/10/2025 19:19:32:915	UTIL	[46:46:3408970176]	INFO	thread_io_t::open_notifier, waits = 1, this = 0x000055f697babce0
11/10/2025 19:19:32:915	UTIL	[46:46:3408970176]	INFO	msg_queue_base_t::open_notifier, m_notifier = 0x0000000000000000, notifier = 0x000055f697ba9a90, this = 0x000055f697bac190
11/10/2025 19:19:32:915	UTIL	[46:46:3408970176]	INFO	thread_io_t::thread_run(), id = 0, args = 0x0000000000000000, this = 0x000055f697babce0
11/10/2025 19:19:32:915	UTIL	[46:46:3408970176]	INFO	io_repo_t::io_repo_t, m_working = 0x000055f697babd10, max_io_fds = 1024, this = 0x000055f697bb0730
11/10/2025 19:19:32:915	UTIL	[46:46:3408970176]	INFO	notifier_handler_t::notifier_handler_t, io_container = 0x000055f697bb07300x000055f697ba9a90, this = 0x000055f697bb88c0
11/10/2025 19:19:32:915	UTIL	[46:46:3408970176]	INFO	poll_t::poll_t register, fd = 11, es.first = 00000000000000000000000000000011, this = 0x000055f697bb0730
11/10/2025 19:19:32:915	UTIL	[46:46:3408970176]	INFO	io_repo_t::start(), m_stop = true, this = 0x000055f697bb0730
11/10/2025 19:19:32:915	UTIL	[46:46:3408970176]	INFO	thread_mgr_t::spawn only has control message queue for this thread, this = 0x000055f697b630f0
11/10/2025 19:19:32:915	UTIL	[46:46:3408970176]	FATAL	assert: msg[thread_wrapper_t::create_channel bind thread should valid!, bind_thr = 0x0000000000000000] file[/home/jenkins/agent/workspace/Client/Client/DMT/linux/release/tp_util/util/src/thread.cpp], line = [1122]
11/10/2025 19:19:32:916	UTIL	[46:46:3408970176]	INFO	thread_wrapper_t::adjust_timer_precision, m_timer_precision = 50, new_timer_precision = 50, this = 0x000055f697babd10
11/10/2025 19:19:32:916	UTIL	[46:46:3408970176]	INFO	timer_it::timer_it id = 0, own_thr = 0x0000000000000000, this = 0x000055f697bb9380
11/10/2025 19:19:32:916	UTIL	[46:46:3408970176]	INFO	timer_it::add_timer sink = 0x000055f697b63720, interval = 100, times = 0, is_exact = true, this = 0x000055f697bb9380
11/10/2025 19:19:32:920	UTIL	[46:52:3376654016]	INFO	poll_t::loop () begin, working = 0x000055f697babd10, this = 0x000055f697bb0730
11/10/2025 19:19:32:920	UTIL	[46:52:3376654016]	INFO	thread_io_t::init_tls() thread_id = 140491756906176, this = 0x000055f697babce0
11/10/2025 19:19:32:920	UTIL	[46:52:3376654016]	INFO	thread_wrapper_t::init_tls(), m_thread_manager = 0x000055f697b630f0, this = 0x000055f697babd10
11/10/2025 19:19:32:920	UTIL	[46:52:3376654016]	INFO	thread_mgr_t::register_tls, thr = 0x000055f697babd10, tls = true, this = 0x000055f697b630f0
11/10/2025 19:19:32:920	UTIL	[46:52:3376654016]	INFO	thread_wrapper_t::start_alive_check() timer = 0x0000000000000000, m_interact_timer = true, this = 0x000055f697babd10
11/10/2025 19:19:32:920	UTIL	[46:52:3376654016]	INFO	timer_queue_t::timer_queue_t() , sink = 0x000055f697babd48, min_interval = 204800, this = 0x00007fc6b4001070
11/10/2025 19:19:32:924	UTIL	[46:46:3408970176]	INFO	UTIL_INIT  refer times = 4, module_id = 9, UTIL has been built on:Sep 19 2025 at 06:33:56 on branch release-client-6.6.x with commit ID 2583f48484aeb604c472d0a89b4ddc1f55
11/10/2025 19:19:32:924	UTIL	[46:46:3408970176]	INFO	thread_mgr_t::spawn, mode = 01000004, w_queue_size = 65536, type = 1027, interact_timer = true, thr_name = zoom.db, bind_mask = 4294967295, use_ext_timer_drv = false, notifier = 0x0000000000000000, this = 0x000055f697b630f0
11/10/2025 19:19:32:924	UTIL	[46:46:3408970176]	INFO	thread_wrapper_t::thread_wrapper_t, mode = 01000004, id = 0, type = 1027, thr_manager = 0x000055f697b630f0, waits = 1, interact_timer = true, m_timer_precision = 50, this = 0x000055f697bde7f0
11/10/2025 19:19:32:924	UTIL	[46:46:3408970176]	INFO	msg_queue_t::msg_queue_t notifier = , notifier = 0x0000000000000000, writer = 0x0000000000000000, capacity = 1024, mode = 1, this = 0x000055f697bd2940
11/10/2025 19:19:32:925	UTIL	[46:46:3408970176]	INFO	thread_wrapper_t::thread_wrapper_t ctrl queue size = 1024, this = 0x000055f697bde7f0
11/10/2025 19:19:32:925	UTIL	[46:46:3408970176]	INFO	thread_io_t::thread_io_t(), mode = 01000004, type = 1027, queue size = 65536, this = 0x000055f697bde7c0
11/10/2025 19:19:32:925	UTIL	[46:46:3408970176]	INFO	thread_io_t::open_notifier, waits = 1, this = 0x000055f697bde7c0
11/10/2025 19:19:32:925	UTIL	[46:46:3408970176]	INFO	msg_queue_base_t::open_notifier, m_notifier = 0x0000000000000000, notifier = 0x000055f697be2bb0, this = 0x000055f697bd2960
11/10/2025 19:19:32:925	UTIL	[46:46:3408970176]	INFO	thread_io_t::thread_run(), id = 0, args = 0x0000000000000000, this = 0x000055f697bde7c0
11/10/2025 19:19:32:925	UTIL	[46:46:3408970176]	INFO	io_repo_t::io_repo_t, m_working = 0x000055f697bde7f0, max_io_fds = 1024, this = 0x000055f697be2db0
11/10/2025 19:19:32:925	UTIL	[46:46:3408970176]	INFO	notifier_handler_t::notifier_handler_t, io_container = 0x000055f697be2db00x000055f697be2bb0, this = 0x000055f697bd4200
11/10/2025 19:19:32:925	UTIL	[46:46:3408970176]	INFO	poll_t::poll_t register, fd = 20, es.first = 00000000000000000000000000000011, this = 0x000055f697be2db0
11/10/2025 19:19:32:925	UTIL	[46:46:3408970176]	INFO	io_repo_t::start(), m_stop = true, this = 0x000055f697be2db0
11/10/2025 19:19:32:925	UTIL	[46:46:3408970176]	INFO	thread_mgr_t::attach handle = 0x000055f697bde7f0, thread_id = 140491618227904, owner_thr = 0x000055f697b510a0, owner_id = 140491789222336, queue_size = 65536, this = 0x000055f697b630f0
11/10/2025 19:19:32:925	UTIL	[46:46:3408970176]	INFO	thread_wrapper_t::create_channel(), bind_thr = 0x000055f697b510a0[140491789222336], read_capacity = 65536, write_capacity = 65536, this = 0x000055f697bde7f0
11/10/2025 19:19:32:925	UTIL	[46:60:3237975744]	INFO	poll_t::loop () begin, working = 0x000055f697bde7f0, this = 0x000055f697be2db0
11/10/2025 19:19:32:925	UTIL	[46:60:3237975744]	INFO	thread_io_t::init_tls() thread_id = 140491618227904, this = 0x000055f697bde7c0
11/10/2025 19:19:32:925	UTIL	[46:60:3237975744]	INFO	thread_wrapper_t::init_tls(), m_thread_manager = 0x000055f697b630f0, this = 0x000055f697bde7f0
11/10/2025 19:19:32:925	UTIL	[46:60:3237975744]	INFO	thread_mgr_t::register_tls, thr = 0x000055f697bde7f0, tls = true, this = 0x000055f697b630f0
11/10/2025 19:19:32:925	UTIL	[46:60:3237975744]	INFO	thread_wrapper_t::start_alive_check() timer = 0x0000000000000000, m_interact_timer = true, this = 0x000055f697bde7f0
11/10/2025 19:19:32:925	UTIL	[46:60:3237975744]	INFO	timer_queue_t::timer_queue_t() , sink = 0x000055f697bde828, min_interval = 204800, this = 0x00007fc6a0001070
11/10/2025 19:19:32:926	UTIL	[46:46:3408970176]	INFO	o2o_msg_queue_t::o2o_msg_queue_t, notifier = 0x000055f697b5e8f0, writer = 0x000055f697bde7f0[140491618227904], reader = 0x000055f697b510a0[140491789222336], capacity = 65536, mode = 0, this = 0x000055f697beb830
11/10/2025 19:19:32:927	UTIL	[46:46:3408970176]	INFO	o2o_msg_queue_t::o2o_msg_queue_t, notifier = 0x000055f697be2bb0, writer = 0x000055f697b510a0[140491789222336], reader = 0x000055f697bde7f0[140491618227904], capacity = 65536, mode = 1, this = 0x000055f697beba70
11/10/2025 19:19:32:927	UTIL	[46:46:3408970176]	INFO	thread_wrapper_t::bind_queue  , self_id = 140491789222336, bind_thr = 0x000055f697bde7f0[140491618227904], r_queue = 0x000055f697beb898, w_queue = 0x000055f697bebae0, this = 0x000055f697b510a0
11/10/2025 19:19:32:927	UTIL	[46:46:3408970176]	INFO	thread_wrapper_t::bind_queue  , self_id = 140491618227904, bind_thr = 0x000055f697b510a0[140491789222336], r_queue = 0x000055f697bebad8, w_queue = 0x000055f697beb8a0, this = 0x000055f697bde7f0
11/10/2025 19:19:32:927	UTIL	[46:46:3408970176]	INFO	thread_wrapper_t::create_channel(), bind_thr = 0x000055f697babd10[140491756906176], read_capacity = 65536, write_capacity = 65536, this = 0x000055f697bde7f0
11/10/2025 19:19:32:927	UTIL	[46:46:3408970176]	INFO	o2o_msg_queue_t::o2o_msg_queue_t, notifier = 0x000055f697ba9a90, writer = 0x000055f697bde7f0[140491618227904], reader = 0x000055f697babd10[140491756906176], capacity = 65536, mode = 1, this = 0x000055f697bec110
11/10/2025 19:19:32:927	UTIL	[46:46:3408970176]	INFO	o2o_msg_queue_t::o2o_msg_queue_t, notifier = 0x000055f697be2bb0, writer = 0x000055f697babd10[140491756906176], reader = 0x000055f697bde7f0[140491618227904], capacity = 65536, mode = 1, this = 0x000055f697bec350
11/10/2025 19:19:32:927	UTIL	[46:46:3408970176]	INFO	thread_wrapper_t::send_ctrl_msg msg = 0x000055f697bec590, (uint64_t)m_id = 140491618227904, timeout = -1, this = 0x000055f697bde7f0
11/10/2025 19:19:32:928	UTIL	[46:60:3237975744]	INFO	thread_wrapper_t::create_ch_msg_t::on_message from = 0x000055f697bde7f0, to = 0x000055f697babd10, this = 0x000055f697bec590
11/10/2025 19:19:32:928	UTIL	[46:60:3237975744]	INFO	thread_wrapper_t::bind_queue  , self_id = 140491756906176, bind_thr = 0x000055f697bde7f0[140491618227904], r_queue = 0x000055f697bec178, w_queue = 0x000055f697bec3c0, this = 0x000055f697babd10
11/10/2025 19:19:32:929	UTIL	[46:46:3408970176]	INFO	thread_wrapper_t::bind_queue  , self_id = 140491618227904, bind_thr = 0x000055f697babd10[140491756906176], r_queue = 0x000055f697bec3b8, w_queue = 0x000055f697bec180, this = 0x000055f697bde7f0
11/10/2025 19:19:32:929	UTIL	[46:46:3408970176]	INFO	thread_wrapper_t::create_channel(), bind_thr = 0x000055f697bde7f0[140491618227904], read_capacity = 65536, write_capacity = 65536, this = 0x000055f697bde7f0
11/10/2025 19:19:32:929	UTIL	[46:46:3408970176]	INFO	o2o_msg_queue_t::o2o_msg_queue_t, notifier = 0x000055f697be2bb0, writer = 0x000055f697bde7f0[140491618227904], reader = 0x000055f697bde7f0[140491618227904], capacity = 65536, mode = 1, this = 0x000055f697bec990
11/10/2025 19:19:32:930	UTIL	[46:46:3408970176]	INFO	o2o_msg_queue_t::o2o_msg_queue_t, notifier = 0x000055f697be2bb0, writer = 0x000055f697bde7f0[140491618227904], reader = 0x000055f697bde7f0[140491618227904], capacity = 65536, mode = 1, this = 0x000055f697becb70
11/10/2025 19:19:32:930	UTIL	[46:46:3408970176]	INFO	thread_wrapper_t::send_ctrl_msg msg = 0x000055f697becdb0, (uint64_t)m_id = 140491618227904, timeout = -1, this = 0x000055f697bde7f0
11/10/2025 19:19:32:931	UTIL	[46:60:3237975744]	INFO	thread_wrapper_t::create_ch_msg_t::on_message from = 0x000055f697bde7f0, to = 0x000055f697bde7f0, this = 0x000055f697becdb0
11/10/2025 19:19:32:931	UTIL	[46:60:3237975744]	INFO	thread_wrapper_t::bind_queue  , self_id = 140491618227904, bind_thr = 0x000055f697bde7f0[140491618227904], r_queue = 0x000055f697bec9f8, w_queue = 0x000055f697becbe0, this = 0x000055f697bde7f0
11/10/2025 19:19:32:931	UTIL	[46:46:3408970176]	INFO	thread_wrapper_t::bind_queue  , self_id = 140491618227904, bind_thr = 0x000055f697bde7f0[140491618227904], r_queue = 0x000055f697becbd8, w_queue = 0x000055f697beca00, this = 0x000055f697bde7f0
11/10/2025 19:19:32:931	UTIL	[46:46:3408970176]	INFO	thread_wrapper_t::bind_queue bind_thr = 0x000055f697bde7f0 already be existed, skip it, this = 0x000055f697bde7f0
11/10/2025 19:19:32:931	UTIL	[46:46:3408970176]	INFO	thread_wrapper_t::adjust_timer_precision, m_timer_precision = 50, new_timer_precision = 50, this = 0x000055f697bde7f0
11/10/2025 19:19:32:931	UTIL	[46:46:3408970176]	INFO	thread_mgr_t::spawn, mode = 01000004, w_queue_size = 65536, type = 1028, interact_timer = true, thr_name = zoom.im.index, bind_mask = 4294967295, use_ext_timer_drv = false, notifier = 0x0000000000000000, this = 0x000055f697b630f0
11/10/2025 19:19:32:931	UTIL	[46:46:3408970176]	INFO	thread_wrapper_t::thread_wrapper_t, mode = 01000004, id = 0, type = 1028, thr_manager = 0x000055f697b630f0, waits = 1, interact_timer = true, m_timer_precision = 50, this = 0x000055f697bed540
11/10/2025 19:19:32:931	UTIL	[46:46:3408970176]	INFO	msg_queue_t::msg_queue_t notifier = , notifier = 0x0000000000000000, writer = 0x0000000000000000, capacity = 1024, mode = 1, this = 0x000055f697bed7f0
11/10/2025 19:19:32:931	UTIL	[46:46:3408970176]	INFO	thread_wrapper_t::thread_wrapper_t ctrl queue size = 1024, this = 0x000055f697bed540
11/10/2025 19:19:32:931	UTIL	[46:46:3408970176]	INFO	thread_io_t::thread_io_t(), mode = 01000004, type = 1028, queue size = 65536, this = 0x000055f697bed510
11/10/2025 19:19:32:931	UTIL	[46:46:3408970176]	INFO	thread_io_t::open_notifier, waits = 1, this = 0x000055f697bed510
11/10/2025 19:19:32:931	UTIL	[46:46:3408970176]	INFO	msg_queue_base_t::open_notifier, m_notifier = 0x0000000000000000, notifier = 0x000055f697bf1ca0, this = 0x000055f697bed810
11/10/2025 19:19:32:931	UTIL	[46:46:3408970176]	INFO	thread_io_t::thread_run(), id = 0, args = 0x0000000000000000, this = 0x000055f697bed510
11/10/2025 19:19:32:931	UTIL	[46:46:3408970176]	INFO	io_repo_t::io_repo_t, m_working = 0x000055f697bed540, max_io_fds = 1024, this = 0x000055f697bf1f00
11/10/2025 19:19:32:931	UTIL	[46:46:3408970176]	INFO	notifier_handler_t::notifier_handler_t, io_container = 0x000055f697bf1f000x000055f697bf1ca0, this = 0x000055f697bb9ef0
11/10/2025 19:19:32:931	UTIL	[46:46:3408970176]	INFO	poll_t::poll_t register, fd = 22, es.first = 00000000000000000000000000000011, this = 0x000055f697bf1f00
11/10/2025 19:19:32:931	UTIL	[46:46:3408970176]	INFO	io_repo_t::start(), m_stop = true, this = 0x000055f697bf1f00
11/10/2025 19:19:32:931	UTIL	[46:61:2617243328]	INFO	poll_t::loop () begin, working = 0x000055f697bed540, this = 0x000055f697bf1f00
11/10/2025 19:19:32:931	UTIL	[46:61:2617243328]	INFO	thread_io_t::init_tls() thread_id = 140490997495488, this = 0x000055f697bed510
11/10/2025 19:19:32:931	UTIL	[46:46:3408970176]	INFO	thread_mgr_t::attach handle = 0x000055f697bed540, thread_id = 140490997495488, owner_thr = 0x000055f697b510a0, owner_id = 140491789222336, queue_size = 65536, this = 0x000055f697b630f0
11/10/2025 19:19:32:931	UTIL	[46:61:2617243328]	INFO	thread_wrapper_t::init_tls(), m_thread_manager = 0x000055f697b630f0, this = 0x000055f697bed540
11/10/2025 19:19:32:931	UTIL	[46:46:3408970176]	INFO	thread_wrapper_t::create_channel(), bind_thr = 0x000055f697b510a0[140491789222336], read_capacity = 65536, write_capacity = 65536, this = 0x000055f697bed540
11/10/2025 19:19:32:931	UTIL	[46:61:2617243328]	INFO	thread_mgr_t::register_tls, thr = 0x000055f697bed540, tls = true, this = 0x000055f697b630f0
11/10/2025 19:19:32:931	UTIL	[46:61:2617243328]	INFO	thread_wrapper_t::start_alive_check() timer = 0x0000000000000000, m_interact_timer = true, this = 0x000055f697bed540
11/10/2025 19:19:32:931	UTIL	[46:61:2617243328]	INFO	timer_queue_t::timer_queue_t() , sink = 0x000055f697bed578, min_interval = 204800, this = 0x00007fc694001070
11/10/2025 19:19:32:932	UTIL	[46:46:3408970176]	INFO	o2o_msg_queue_t::o2o_msg_queue_t, notifier = 0x000055f697b5e8f0, writer = 0x000055f697bed540[140490997495488], reader = 0x000055f697b510a0[140491789222336], capacity = 65536, mode = 0, this = 0x000055f697bfa980
11/10/2025 19:19:32:934	UTIL	[46:46:3408970176]	INFO	o2o_msg_queue_t::o2o_msg_queue_t, notifier = 0x000055f697bf1ca0, writer = 0x000055f697b510a0[140491789222336], reader = 0x000055f697bed540[140490997495488], capacity = 65536, mode = 1, this = 0x000055f697bfabc0
11/10/2025 19:19:32:934	UTIL	[46:46:3408970176]	INFO	thread_wrapper_t::bind_queue  , self_id = 140491789222336, bind_thr = 0x000055f697bed540[140490997495488], r_queue = 0x000055f697bfa9e8, w_queue = 0x000055f697bfac30, this = 0x000055f697b510a0
11/10/2025 19:19:32:934	UTIL	[46:46:3408970176]	INFO	thread_wrapper_t::bind_queue  , self_id = 140490997495488, bind_thr = 0x000055f697b510a0[140491789222336], r_queue = 0x000055f697bfac28, w_queue = 0x000055f697bfa9f0, this = 0x000055f697bed540
11/10/2025 19:19:32:936	UTIL	[46:46:3408970176]	INFO	thread_wrapper_t::create_channel(), bind_thr = 0x000055f697babd10[140491756906176], read_capacity = 65536, write_capacity = 65536, this = 0x000055f697bed540
11/10/2025 19:19:32:936	UTIL	[46:46:3408970176]	INFO	o2o_msg_queue_t::o2o_msg_queue_t, notifier = 0x000055f697ba9a90, writer = 0x000055f697bed540[140490997495488], reader = 0x000055f697babd10[140491756906176], capacity = 65536, mode = 1, this = 0x000055f697bfb200
11/10/2025 19:19:32:937	UTIL	[46:46:3408970176]	INFO	o2o_msg_queue_t::o2o_msg_queue_t, notifier = 0x000055f697bf1ca0, writer = 0x000055f697babd10[140491756906176], reader = 0x000055f697bed540[140490997495488], capacity = 65536, mode = 1, this = 0x000055f697bfb440
11/10/2025 19:19:32:937	UTIL	[46:46:3408970176]	INFO	thread_wrapper_t::send_ctrl_msg msg = 0x000055f697bfb680, (uint64_t)m_id = 140490997495488, timeout = -1, this = 0x000055f697bed540
11/10/2025 19:19:32:937	UTIL	[46:61:2617243328]	INFO	thread_wrapper_t::create_ch_msg_t::on_message from = 0x000055f697bed540, to = 0x000055f697babd10, this = 0x000055f697bfb680
11/10/2025 19:19:32:937	UTIL	[46:61:2617243328]	INFO	thread_wrapper_t::bind_queue  , self_id = 140491756906176, bind_thr = 0x000055f697bed540[140490997495488], r_queue = 0x000055f697bfb268, w_queue = 0x000055f697bfb4b0, this = 0x000055f697babd10
11/10/2025 19:19:32:937	UTIL	[46:46:3408970176]	INFO	thread_wrapper_t::bind_queue  , self_id = 140490997495488, bind_thr = 0x000055f697babd10[140491756906176], r_queue = 0x000055f697bfb4a8, w_queue = 0x000055f697bfb270, this = 0x000055f697bed540
11/10/2025 19:19:32:937	UTIL	[46:46:3408970176]	INFO	thread_wrapper_t::create_channel(), bind_thr = 0x000055f697bde7f0[140491618227904], read_capacity = 65536, write_capacity = 65536, this = 0x000055f697bed540
11/10/2025 19:19:32:938	UTIL	[46:46:3408970176]	INFO	o2o_msg_queue_t::o2o_msg_queue_t, notifier = 0x000055f697be2bb0, writer = 0x000055f697bed540[140490997495488], reader = 0x000055f697bde7f0[140491618227904], capacity = 65536, mode = 1, this = 0x000055f697bfbb50
11/10/2025 19:19:32:938	UTIL	[46:46:3408970176]	INFO	o2o_msg_queue_t::o2o_msg_queue_t, notifier = 0x000055f697bf1ca0, writer = 0x000055f697bde7f0[140491618227904], reader = 0x000055f697bed540[140490997495488], capacity = 65536, mode = 1, this = 0x000055f697bfbd90
11/10/2025 19:19:32:938	UTIL	[46:46:3408970176]	INFO	thread_wrapper_t::send_ctrl_msg msg = 0x000055f697bfbfd0, (uint64_t)m_id = 140490997495488, timeout = -1, this = 0x000055f697bed540
11/10/2025 19:19:32:938	UTIL	[46:61:2617243328]	INFO	thread_wrapper_t::create_ch_msg_t::on_message from = 0x000055f697bed540, to = 0x000055f697bde7f0, this = 0x000055f697bfbfd0
11/10/2025 19:19:32:938	UTIL	[46:61:2617243328]	INFO	thread_wrapper_t::bind_queue  , self_id = 140491618227904, bind_thr = 0x000055f697bed540[140490997495488], r_queue = 0x000055f697bfbbb8, w_queue = 0x000055f697bfbe00, this = 0x000055f697bde7f0
11/10/2025 19:19:32:938	UTIL	[46:46:3408970176]	INFO	thread_wrapper_t::bind_queue  , self_id = 140490997495488, bind_thr = 0x000055f697bde7f0[140491618227904], r_queue = 0x000055f697bfbdf8, w_queue = 0x000055f697bfbbc0, this = 0x000055f697bed540
11/10/2025 19:19:32:938	UTIL	[46:46:3408970176]	INFO	thread_wrapper_t::create_channel(), bind_thr = 0x000055f697bed540[140490997495488], read_capacity = 65536, write_capacity = 65536, this = 0x000055f697bed540
11/10/2025 19:19:32:938	UTIL	[46:46:3408970176]	INFO	o2o_msg_queue_t::o2o_msg_queue_t, notifier = 0x000055f697bf1ca0, writer = 0x000055f697bed540[140490997495488], reader = 0x000055f697bed540[140490997495488], capacity = 65536, mode = 1, this = 0x000055f697bfc4a0
11/10/2025 19:19:32:939	UTIL	[46:46:3408970176]	INFO	o2o_msg_queue_t::o2o_msg_queue_t, notifier = 0x000055f697bf1ca0, writer = 0x000055f697bed540[140490997495488], reader = 0x000055f697bed540[140490997495488], capacity = 65536, mode = 1, this = 0x000055f697bfc6e0
11/10/2025 19:19:32:939	UTIL	[46:46:3408970176]	INFO	thread_wrapper_t::send_ctrl_msg msg = 0x000055f697bfc920, (uint64_t)m_id = 140490997495488, timeout = -1, this = 0x000055f697bed540
11/10/2025 19:19:32:939	UTIL	[46:61:2617243328]	INFO	thread_wrapper_t::create_ch_msg_t::on_message from = 0x000055f697bed540, to = 0x000055f697bed540, this = 0x000055f697bfc920
11/10/2025 19:19:32:939	UTIL	[46:61:2617243328]	INFO	thread_wrapper_t::bind_queue  , self_id = 140490997495488, bind_thr = 0x000055f697bed540[140490997495488], r_queue = 0x000055f697bfc508, w_queue = 0x000055f697bfc750, this = 0x000055f697bed540
11/10/2025 19:19:32:939	UTIL	[46:46:3408970176]	INFO	thread_wrapper_t::bind_queue  , self_id = 140490997495488, bind_thr = 0x000055f697bed540[140490997495488], r_queue = 0x000055f697bfc748, w_queue = 0x000055f697bfc510, this = 0x000055f697bed540
11/10/2025 19:19:32:939	UTIL	[46:46:3408970176]	INFO	thread_wrapper_t::bind_queue bind_thr = 0x000055f697bed540 already be existed, skip it, this = 0x000055f697bed540
11/10/2025 19:19:32:939	UTIL	[46:46:3408970176]	INFO	thread_wrapper_t::adjust_timer_precision, m_timer_precision = 50, new_timer_precision = 50, this = 0x000055f697bed540
11/10/2025 19:19:33:406	UTIL	[46:46:3408970176]	INFO	UTIL_INIT  refer times = 5, module_id = 5, UTIL has been built on:Sep 19 2025 at 06:33:56 on branch release-client-6.6.x with commit ID 2583f48484aeb604c472d0a89b4ddc1f55
11/10/2025 19:19:33:406	UTIL	[46:46:3408970176]	INFO	register_logger  module_id = 5, module_name = MCM, max_level = 31, logger = 0x0000000000000000, mode = 3
11/10/2025 19:19:33:421	UTIL	[46:46:3408970176]	INFO	register_logger  module_id = 6, module_name = NYDUS, max_level = 31, logger = 0x0000000000000000, mode = 3
11/10/2025 19:19:33:463	UTIL	[46:46:3408970176]	INFO	timer_it::timer_it id = 0, own_thr = 0x0000000000000000, this = 0x000055f697c18290
11/10/2025 19:19:33:464	UTIL	[46:46:3408970176]	INFO	timer_it::timer_it id = 0, own_thr = 0x0000000000000000, this = 0x000055f697c18320
11/10/2025 19:19:33:464	UTIL	[46:46:3408970176]	INFO	thread_mgr_t::spawn, mode = 00000008, w_queue_size = 8192, type = 1024, interact_timer = true, thr_name = , bind_mask = 4294967295, use_ext_timer_drv = false, notifier = 0x0000000000000000, this = 0x000055f697b630f0
11/10/2025 19:19:33:464	UTIL	[46:46:3408970176]	INFO	thread_mgr_t::spawn already has an instance for the thread, return it directly, thread id = 140491789222336, this = 0x000055f697b630f0
11/10/2025 19:19:33:625	UTIL	[46:46:3408970176]	INFO	timer_it::add_timer sink = 0x000055f697c21008, interval = 12800, times = 0, is_exact = true, this = 0x000055f697c18290
11/10/2025 19:19:33:625	UTIL	[46:46:3408970176]	INFO	timer_it::add_timer sink = 0x000055f697c21008, interval = 3840, times = 0, is_exact = true, this = 0x000055f697c18320
11/10/2025 19:20:34:468	UTIL	[46:46:3408970176]	INFO	mlog_file::init mid:1069 size:1048576 shmem:false ret:0 this:0x000055f697c21498
11/10/2025 19:20:37:220	UTIL	[46:46:3408970176]	INFO	mlog_file::init mid:1027 size:1048576 shmem:false ret:0 this:0x000055f697cc33c8
11/10/2025 19:20:37:545	UTIL	[46:46:3408970176]	INFO	mlog_file::init mid:1008 size:1048576 shmem:false ret:0 this:0x000055f697cc2628
11/10/2025 19:20:37:730	UTIL	[46:46:3408970176]	INFO	mlog_file::init mid:1030 size:1048576 shmem:false ret:0 this:0x000055f697d89fc8
