11/10/2025 19:31:39:198	UTIL	[43:43:3156488640]	INFO	thread_mgr_t ::thread_mgr_t(),Mon,10 Nov 2025 19:31:39 GMT, preset_owner_thr = false, this = 0x000055b0717cb100
11/10/2025 19:31:39:198	UTIL	[43:43:3156488640]	INFO	new_i8_allocator_t::new_i8_allocator_t, m_page_size = 4096, this = 0x000055b0717c7f10
11/10/2025 19:31:39:198	UTIL	[43:43:3156488640]	INFO	UTIL_INIT  refer , s_init_times = 1, module_id = 9, description = UTIL has been built on:Sep 19 2025 at 06:33:56 on branch release-client-6.6.x with commit ID 2583f48484aeb604c472d0a89b4ddc1f55, dir = , filename = , pext = log, max_size = 41943040, max_idx = 99
11/10/2025 19:31:39:198	UTIL	[43:43:3156488640]	INFO	set_timer_driver, setup_call = 0x00007f1cd79603b0, remove_call = 0x00007f1cd7960290
11/10/2025 19:31:39:198	UTIL	[43:43:3156488640]	INFO	thread_mgr_t::spawn, mode = 02000008, w_queue_size = 8192, type = 0, interact_timer = true, thr_name = , bind_mask = 4294967295, use_ext_timer_drv = true, notifier = 0x000055b0717c6900, this = 0x000055b0717cb100
11/10/2025 19:31:39:198	UTIL	[43:43:3156488640]	INFO	thread_wrapper_t::thread_wrapper_t, mode = 02000008, id = 0, type = 0, thr_manager = 0x000055b0717cb100, waits = 0, interact_timer = true, m_timer_precision = 50, this = 0x000055b0717d3ff0
11/10/2025 19:31:39:198	UTIL	[43:43:3156488640]	INFO	msg_queue_t::msg_queue_t notifier = , notifier = 0x000055b0717c6900, writer = 0x0000000000000000, capacity = 1024, mode = 0, this = 0x000055b0717c9880
11/10/2025 19:31:39:198	UTIL	[43:43:3156488640]	INFO	thread_wrapper_t::thread_wrapper_t ctrl queue size = 1024, this = 0x000055b0717d3ff0
11/10/2025 19:31:39:198	UTIL	[43:43:3156488640]	INFO	thread_wrapper_t::init_tls(), m_thread_manager = 0x000055b0717cb100, this = 0x000055b0717d3ff0
11/10/2025 19:31:39:198	UTIL	[43:43:3156488640]	INFO	thread_mgr_t::register_tls, thr = 0x000055b0717d3ff0, tls = true, this = 0x000055b0717cb100
11/10/2025 19:31:39:198	UTIL	[43:43:3156488640]	INFO	thread_wrapper_t::start_alive_check() timer = 0x0000000000000000, m_interact_timer = true, this = 0x000055b0717d3ff0
11/10/2025 19:31:39:198	UTIL	[43:43:3156488640]	INFO	timer_queue_t::timer_queue_t() , sink = 0x000055b0717d4028, min_interval = 204800, this = 0x000055b0717d3b80
11/10/2025 19:31:39:198	UTIL	[43:43:3156488640]	INFO	thread_wrapper_t::open_notifier, waits = 0, m_notify = 0x000055b0717c6900, this = 0x000055b0717d3ff0
11/10/2025 19:31:39:199	UTIL	[43:43:3156488640]	INFO	msg_queue_base_t::open_notifier, m_notifier = 0x000055b0717c6900, notifier = 0x000055b0717c6900, this = 0x000055b0717c98a0
11/10/2025 19:31:39:199	UTIL	[43:43:3156488640]	INFO	thread_mgr_t::attach handle = 0x000055b0717d3ff0, thread_id = 139761392300480, owner_thr = 0x000055b0717d3ff0, owner_id = 139761392300480, queue_size = 8192, this = 0x000055b0717cb100
11/10/2025 19:31:39:199	UTIL	[43:43:3156488640]	INFO	thread_wrapper_t::create_channel(), bind_thr = 0x000055b0717d3ff0[139761392300480], read_capacity = 8192, write_capacity = 8192, this = 0x000055b0717d3ff0
11/10/2025 19:31:39:200	UTIL	[43:43:3156488640]	INFO	o2o_msg_queue_t::o2o_msg_queue_t, notifier = 0x000055b0717c6900, writer = 0x000055b0717d3ff0[139761392300480], reader = 0x000055b0717d3ff0[139761392300480], capacity = 8192, mode = 0, this = 0x000055b0717c7d10
11/10/2025 19:31:39:200	UTIL	[43:43:3156488640]	INFO	o2o_msg_queue_t::o2o_msg_queue_t, notifier = 0x000055b0717c6900, writer = 0x000055b0717d3ff0[139761392300480], reader = 0x000055b0717d3ff0[139761392300480], capacity = 8192, mode = 0, this = 0x000055b0717cae10
11/10/2025 19:31:39:200	UTIL	[43:43:3156488640]	INFO	thread_wrapper_t::bind_queue  , self_id = 139761392300480, bind_thr = 0x000055b0717d3ff0[139761392300480], r_queue = 0x000055b0717c7d78, w_queue = 0x000055b0717cae80, this = 0x000055b0717d3ff0
11/10/2025 19:31:39:200	UTIL	[43:43:3156488640]	INFO	thread_wrapper_t::bind_queue  , self_id = 139761392300480, bind_thr = 0x000055b0717d3ff0[139761392300480], r_queue = 0x000055b0717cae78, w_queue = 0x000055b0717c7d80, this = 0x000055b0717d3ff0
11/10/2025 19:31:39:200	UTIL	[43:43:3156488640]	INFO	thread_wrapper_t::bind_queue bind_thr = 0x000055b0717d3ff0 already be existed, skip it, this = 0x000055b0717d3ff0
11/10/2025 19:31:39:200	UTIL	[43:43:3156488640]	INFO	thread_wrapper_t::adjust_timer_precision, m_timer_precision = 50, new_timer_precision = 50, this = 0x000055b0717d3ff0
11/10/2025 19:31:39:200	UTIL	[43:43:3156488640]	INFO	register_logger  module_id = 1057, module_name = zoomtask, max_level = 31, logger = 0x0000000000000000, mode = 3
11/10/2025 19:31:39:366	UTIL	[43:43:3156488640]	INFO	UTIL_INIT  refer times = 2, module_id = 1057, UTIL has been built on:Sep 19 2025 at 06:33:56 on branch release-client-6.6.x with commit ID 2583f48484aeb604c472d0a89b4ddc1f55
11/10/2025 19:31:39:366	UTIL	[43:43:3156488640]	INFO	register_logger  module_id = 1057, module_name = ZoomTask, max_level = 31, logger = 0x0000000000000000, mode = 3
11/10/2025 19:31:39:377	UTIL	[43:43:3156488640]	INFO	UTIL_INIT  refer times = 3, module_id = 2, UTIL has been built on:Sep 19 2025 at 06:33:56 on branch release-client-6.6.x with commit ID 2583f48484aeb604c472d0a89b4ddc1f55
11/10/2025 19:31:39:378	UTIL	[43:43:3156488640]	INFO	timer_it::timer_it id = 0, own_thr = 0x0000000000000000, this = 0x000055b0717cb858
11/10/2025 19:31:39:378	UTIL	[43:43:3156488640]	INFO	thread_mgr_t::spawn, mode = 01000004, w_queue_size = 0, type = 3, interact_timer = true, thr_name = zoom.dns, bind_mask = 0, use_ext_timer_drv = false, notifier = 0x0000000000000000, this = 0x000055b0717cb100
11/10/2025 19:31:39:378	UTIL	[43:43:3156488640]	INFO	thread_wrapper_t::thread_wrapper_t, mode = 01000004, id = 0, type = 3, thr_manager = 0x000055b0717cb100, waits = 1, interact_timer = true, m_timer_precision = 50, this = 0x000055b071813dd0
11/10/2025 19:31:39:378	UTIL	[43:43:3156488640]	INFO	msg_queue_t::msg_queue_t notifier = , notifier = 0x0000000000000000, writer = 0x0000000000000000, capacity = 1024, mode = 1, this = 0x000055b071814230
11/10/2025 19:31:39:378	UTIL	[43:43:3156488640]	INFO	thread_wrapper_t::thread_wrapper_t ctrl queue size = 1024, this = 0x000055b071813dd0
11/10/2025 19:31:39:378	UTIL	[43:43:3156488640]	INFO	thread_io_t::thread_io_t(), mode = 01000004, type = 3, queue size = 0, this = 0x000055b071813da0
11/10/2025 19:31:39:378	UTIL	[43:43:3156488640]	INFO	thread_io_t::open_notifier, waits = 1, this = 0x000055b071813da0
11/10/2025 19:31:39:378	UTIL	[43:43:3156488640]	INFO	msg_queue_base_t::open_notifier, m_notifier = 0x0000000000000000, notifier = 0x000055b071811b50, this = 0x000055b071814250
11/10/2025 19:31:39:378	UTIL	[43:43:3156488640]	INFO	thread_io_t::thread_run(), id = 0, args = 0x0000000000000000, this = 0x000055b071813da0
11/10/2025 19:31:39:378	UTIL	[43:43:3156488640]	INFO	io_repo_t::io_repo_t, m_working = 0x000055b071813dd0, max_io_fds = 1024, this = 0x000055b0718187f0
11/10/2025 19:31:39:378	UTIL	[43:43:3156488640]	INFO	notifier_handler_t::notifier_handler_t, io_container = 0x000055b0718187f00x000055b071811b50, this = 0x000055b071820980
11/10/2025 19:31:39:378	UTIL	[43:43:3156488640]	INFO	poll_t::poll_t register, fd = 11, es.first = 00000000000000000000000000000011, this = 0x000055b0718187f0
11/10/2025 19:31:39:378	UTIL	[43:43:3156488640]	INFO	io_repo_t::start(), m_stop = true, this = 0x000055b0718187f0
11/10/2025 19:31:39:378	UTIL	[43:43:3156488640]	INFO	thread_mgr_t::spawn only has control message queue for this thread, this = 0x000055b0717cb100
11/10/2025 19:31:39:378	UTIL	[43:43:3156488640]	FATAL	assert: msg[thread_wrapper_t::create_channel bind thread should valid!, bind_thr = 0x0000000000000000] file[/home/jenkins/agent/workspace/Client/Client/DMT/linux/release/tp_util/util/src/thread.cpp], line = [1122]
11/10/2025 19:31:39:378	UTIL	[43:43:3156488640]	INFO	thread_wrapper_t::adjust_timer_precision, m_timer_precision = 50, new_timer_precision = 50, this = 0x000055b071813dd0
11/10/2025 19:31:39:378	UTIL	[43:43:3156488640]	INFO	timer_it::timer_it id = 0, own_thr = 0x0000000000000000, this = 0x000055b071821440
11/10/2025 19:31:39:378	UTIL	[43:43:3156488640]	INFO	timer_it::add_timer sink = 0x000055b0717cb730, interval = 100, times = 0, is_exact = true, this = 0x000055b071821440
11/10/2025 19:31:39:379	UTIL	[43:49:3124172480]	INFO	poll_t::loop () begin, working = 0x000055b071813dd0, this = 0x000055b0718187f0
11/10/2025 19:31:39:379	UTIL	[43:49:3124172480]	INFO	thread_io_t::init_tls() thread_id = 139761359984320, this = 0x000055b071813da0
11/10/2025 19:31:39:379	UTIL	[43:49:3124172480]	INFO	thread_wrapper_t::init_tls(), m_thread_manager = 0x000055b0717cb100, this = 0x000055b071813dd0
11/10/2025 19:31:39:379	UTIL	[43:49:3124172480]	INFO	thread_mgr_t::register_tls, thr = 0x000055b071813dd0, tls = true, this = 0x000055b0717cb100
11/10/2025 19:31:39:379	UTIL	[43:49:3124172480]	INFO	thread_wrapper_t::start_alive_check() timer = 0x0000000000000000, m_interact_timer = true, this = 0x000055b071813dd0
11/10/2025 19:31:39:379	UTIL	[43:49:3124172480]	INFO	timer_queue_t::timer_queue_t() , sink = 0x000055b071813e08, min_interval = 204800, this = 0x00007f1cb0001070
11/10/2025 19:31:39:381	UTIL	[43:43:3156488640]	INFO	UTIL_INIT  refer times = 4, module_id = 9, UTIL has been built on:Sep 19 2025 at 06:33:56 on branch release-client-6.6.x with commit ID 2583f48484aeb604c472d0a89b4ddc1f55
11/10/2025 19:31:39:386	UTIL	[43:43:3156488640]	INFO	thread_mgr_t::spawn, mode = 01000004, w_queue_size = 65536, type = 1027, interact_timer = true, thr_name = zoom.db, bind_mask = 4294967295, use_ext_timer_drv = false, notifier = 0x0000000000000000, this = 0x000055b0717cb100
11/10/2025 19:31:39:386	UTIL	[43:43:3156488640]	INFO	thread_wrapper_t::thread_wrapper_t, mode = 01000004, id = 0, type = 1027, thr_manager = 0x000055b0717cb100, waits = 1, interact_timer = true, m_timer_precision = 50, this = 0x000055b0718468a0
11/10/2025 19:31:39:386	UTIL	[43:43:3156488640]	INFO	msg_queue_t::msg_queue_t notifier = , notifier = 0x0000000000000000, writer = 0x0000000000000000, capacity = 1024, mode = 1, this = 0x000055b07183a9f0
11/10/2025 19:31:39:386	UTIL	[43:43:3156488640]	INFO	thread_wrapper_t::thread_wrapper_t ctrl queue size = 1024, this = 0x000055b0718468a0
11/10/2025 19:31:39:386	UTIL	[43:43:3156488640]	INFO	thread_io_t::thread_io_t(), mode = 01000004, type = 1027, queue size = 65536, this = 0x000055b071846870
11/10/2025 19:31:39:386	UTIL	[43:43:3156488640]	INFO	thread_io_t::open_notifier, waits = 1, this = 0x000055b071846870
11/10/2025 19:31:39:386	UTIL	[43:43:3156488640]	INFO	msg_queue_base_t::open_notifier, m_notifier = 0x0000000000000000, notifier = 0x000055b07184ac60, this = 0x000055b07183aa10
11/10/2025 19:31:39:386	UTIL	[43:43:3156488640]	INFO	thread_io_t::thread_run(), id = 0, args = 0x0000000000000000, this = 0x000055b071846870
11/10/2025 19:31:39:386	UTIL	[43:43:3156488640]	INFO	io_repo_t::io_repo_t, m_working = 0x000055b0718468a0, max_io_fds = 1024, this = 0x000055b07184ae60
11/10/2025 19:31:39:386	UTIL	[43:43:3156488640]	INFO	notifier_handler_t::notifier_handler_t, io_container = 0x000055b07184ae600x000055b07184ac60, this = 0x000055b07183c2b0
11/10/2025 19:31:39:386	UTIL	[43:43:3156488640]	INFO	poll_t::poll_t register, fd = 20, es.first = 00000000000000000000000000000011, this = 0x000055b07184ae60
11/10/2025 19:31:39:386	UTIL	[43:43:3156488640]	INFO	io_repo_t::start(), m_stop = true, this = 0x000055b07184ae60
11/10/2025 19:31:39:386	UTIL	[43:43:3156488640]	INFO	thread_mgr_t::attach handle = 0x000055b0718468a0, thread_id = 139761087919808, owner_thr = 0x000055b0717d3ff0, owner_id = 139761392300480, queue_size = 65536, this = 0x000055b0717cb100
11/10/2025 19:31:39:386	UTIL	[43:43:3156488640]	INFO	thread_wrapper_t::create_channel(), bind_thr = 0x000055b0717d3ff0[139761392300480], read_capacity = 65536, write_capacity = 65536, this = 0x000055b0718468a0
11/10/2025 19:31:39:386	UTIL	[43:57:2852107968]	INFO	poll_t::loop () begin, working = 0x000055b0718468a0, this = 0x000055b07184ae60
11/10/2025 19:31:39:386	UTIL	[43:57:2852107968]	INFO	thread_io_t::init_tls() thread_id = 139761087919808, this = 0x000055b071846870
11/10/2025 19:31:39:386	UTIL	[43:57:2852107968]	INFO	thread_wrapper_t::init_tls(), m_thread_manager = 0x000055b0717cb100, this = 0x000055b0718468a0
11/10/2025 19:31:39:386	UTIL	[43:57:2852107968]	INFO	thread_mgr_t::register_tls, thr = 0x000055b0718468a0, tls = true, this = 0x000055b0717cb100
11/10/2025 19:31:39:386	UTIL	[43:57:2852107968]	INFO	thread_wrapper_t::start_alive_check() timer = 0x0000000000000000, m_interact_timer = true, this = 0x000055b0718468a0
11/10/2025 19:31:39:386	UTIL	[43:57:2852107968]	INFO	timer_queue_t::timer_queue_t() , sink = 0x000055b0718468d8, min_interval = 204800, this = 0x00007f1c94001070
11/10/2025 19:31:39:387	UTIL	[43:43:3156488640]	INFO	o2o_msg_queue_t::o2o_msg_queue_t, notifier = 0x000055b0717c6900, writer = 0x000055b0718468a0[139761087919808], reader = 0x000055b0717d3ff0[139761392300480], capacity = 65536, mode = 0, this = 0x000055b0718538e0
11/10/2025 19:31:39:388	UTIL	[43:43:3156488640]	INFO	o2o_msg_queue_t::o2o_msg_queue_t, notifier = 0x000055b07184ac60, writer = 0x000055b0717d3ff0[139761392300480], reader = 0x000055b0718468a0[139761087919808], capacity = 65536, mode = 1, this = 0x000055b071853b20
11/10/2025 19:31:39:388	UTIL	[43:43:3156488640]	INFO	thread_wrapper_t::bind_queue  , self_id = 139761392300480, bind_thr = 0x000055b0718468a0[139761087919808], r_queue = 0x000055b071853948, w_queue = 0x000055b071853b90, this = 0x000055b0717d3ff0
11/10/2025 19:31:39:388	UTIL	[43:43:3156488640]	INFO	thread_wrapper_t::bind_queue  , self_id = 139761087919808, bind_thr = 0x000055b0717d3ff0[139761392300480], r_queue = 0x000055b071853b88, w_queue = 0x000055b071853950, this = 0x000055b0718468a0
11/10/2025 19:31:39:388	UTIL	[43:43:3156488640]	INFO	thread_wrapper_t::create_channel(), bind_thr = 0x000055b071813dd0[139761359984320], read_capacity = 65536, write_capacity = 65536, this = 0x000055b0718468a0
11/10/2025 19:31:39:389	UTIL	[43:43:3156488640]	INFO	o2o_msg_queue_t::o2o_msg_queue_t, notifier = 0x000055b071811b50, writer = 0x000055b0718468a0[139761087919808], reader = 0x000055b071813dd0[139761359984320], capacity = 65536, mode = 1, this = 0x000055b0718541c0
11/10/2025 19:31:39:389	UTIL	[43:43:3156488640]	INFO	o2o_msg_queue_t::o2o_msg_queue_t, notifier = 0x000055b07184ac60, writer = 0x000055b071813dd0[139761359984320], reader = 0x000055b0718468a0[139761087919808], capacity = 65536, mode = 1, this = 0x000055b071854400
11/10/2025 19:31:39:389	UTIL	[43:43:3156488640]	INFO	thread_wrapper_t::send_ctrl_msg msg = 0x000055b0718545e0, (uint64_t)m_id = 139761087919808, timeout = -1, this = 0x000055b0718468a0
11/10/2025 19:31:39:390	UTIL	[43:57:2852107968]	INFO	thread_wrapper_t::create_ch_msg_t::on_message from = 0x000055b0718468a0, to = 0x000055b071813dd0, this = 0x000055b0718545e0
11/10/2025 19:31:39:390	UTIL	[43:57:2852107968]	INFO	thread_wrapper_t::bind_queue  , self_id = 139761359984320, bind_thr = 0x000055b0718468a0[139761087919808], r_queue = 0x000055b071854228, w_queue = 0x000055b071854470, this = 0x000055b071813dd0
11/10/2025 19:31:39:390	UTIL	[43:43:3156488640]	INFO	thread_wrapper_t::bind_queue  , self_id = 139761087919808, bind_thr = 0x000055b071813dd0[139761359984320], r_queue = 0x000055b071854468, w_queue = 0x000055b071854230, this = 0x000055b0718468a0
11/10/2025 19:31:39:390	UTIL	[43:43:3156488640]	INFO	thread_wrapper_t::create_channel(), bind_thr = 0x000055b0718468a0[139761087919808], read_capacity = 65536, write_capacity = 65536, this = 0x000055b0718468a0
11/10/2025 19:31:39:391	UTIL	[43:43:3156488640]	INFO	o2o_msg_queue_t::o2o_msg_queue_t, notifier = 0x000055b07184ac60, writer = 0x000055b0718468a0[139761087919808], reader = 0x000055b0718468a0[139761087919808], capacity = 65536, mode = 1, this = 0x000055b0718549e0
11/10/2025 19:31:39:392	UTIL	[43:43:3156488640]	INFO	o2o_msg_queue_t::o2o_msg_queue_t, notifier = 0x000055b07184ac60, writer = 0x000055b0718468a0[139761087919808], reader = 0x000055b0718468a0[139761087919808], capacity = 65536, mode = 1, this = 0x000055b071854c20
11/10/2025 19:31:39:392	UTIL	[43:43:3156488640]	INFO	thread_wrapper_t::send_ctrl_msg msg = 0x000055b071854e60, (uint64_t)m_id = 139761087919808, timeout = -1, this = 0x000055b0718468a0
11/10/2025 19:31:39:392	UTIL	[43:57:2852107968]	INFO	thread_wrapper_t::create_ch_msg_t::on_message from = 0x000055b0718468a0, to = 0x000055b0718468a0, this = 0x000055b071854e60
11/10/2025 19:31:39:392	UTIL	[43:57:2852107968]	INFO	thread_wrapper_t::bind_queue  , self_id = 139761087919808, bind_thr = 0x000055b0718468a0[139761087919808], r_queue = 0x000055b071854a48, w_queue = 0x000055b071854c90, this = 0x000055b0718468a0
11/10/2025 19:31:39:393	UTIL	[43:43:3156488640]	INFO	thread_wrapper_t::bind_queue  , self_id = 139761087919808, bind_thr = 0x000055b0718468a0[139761087919808], r_queue = 0x000055b071854c88, w_queue = 0x000055b071854a50, this = 0x000055b0718468a0
11/10/2025 19:31:39:393	UTIL	[43:43:3156488640]	INFO	thread_wrapper_t::bind_queue bind_thr = 0x000055b0718468a0 already be existed, skip it, this = 0x000055b0718468a0
11/10/2025 19:31:39:394	UTIL	[43:43:3156488640]	INFO	thread_wrapper_t::adjust_timer_precision, m_timer_precision = 50, new_timer_precision = 50, this = 0x000055b0718468a0
11/10/2025 19:31:39:394	UTIL	[43:43:3156488640]	INFO	thread_mgr_t::spawn, mode = 01000004, w_queue_size = 65536, type = 1028, interact_timer = true, thr_name = zoom.im.index, bind_mask = 4294967295, use_ext_timer_drv = false, notifier = 0x0000000000000000, this = 0x000055b0717cb100
11/10/2025 19:31:39:394	UTIL	[43:43:3156488640]	INFO	thread_wrapper_t::thread_wrapper_t, mode = 01000004, id = 0, type = 1028, thr_manager = 0x000055b0717cb100, waits = 1, interact_timer = true, m_timer_precision = 50, this = 0x000055b071855670
11/10/2025 19:31:39:394	UTIL	[43:43:3156488640]	INFO	msg_queue_t::msg_queue_t notifier = , notifier = 0x0000000000000000, writer = 0x0000000000000000, capacity = 1024, mode = 1, this = 0x000055b071855920
11/10/2025 19:31:39:394	UTIL	[43:43:3156488640]	INFO	thread_wrapper_t::thread_wrapper_t ctrl queue size = 1024, this = 0x000055b071855670
11/10/2025 19:31:39:394	UTIL	[43:43:3156488640]	INFO	thread_io_t::thread_io_t(), mode = 01000004, type = 1028, queue size = 65536, this = 0x000055b071855640
11/10/2025 19:31:39:394	UTIL	[43:43:3156488640]	INFO	thread_io_t::open_notifier, waits = 1, this = 0x000055b071855640
11/10/2025 19:31:39:394	UTIL	[43:43:3156488640]	INFO	msg_queue_base_t::open_notifier, m_notifier = 0x0000000000000000, notifier = 0x000055b071859dd0, this = 0x000055b071855940
11/10/2025 19:31:39:394	UTIL	[43:43:3156488640]	INFO	thread_io_t::thread_run(), id = 0, args = 0x0000000000000000, this = 0x000055b071855640
11/10/2025 19:31:39:394	UTIL	[43:43:3156488640]	INFO	io_repo_t::io_repo_t, m_working = 0x000055b071855670, max_io_fds = 1024, this = 0x000055b07185a030
11/10/2025 19:31:39:395	UTIL	[43:43:3156488640]	INFO	notifier_handler_t::notifier_handler_t, io_container = 0x000055b07185a0300x000055b071859dd0, this = 0x000055b071821fb0
11/10/2025 19:31:39:395	UTIL	[43:43:3156488640]	INFO	poll_t::poll_t register, fd = 22, es.first = 00000000000000000000000000000011, this = 0x000055b07185a030
11/10/2025 19:31:39:395	UTIL	[43:43:3156488640]	INFO	io_repo_t::start(), m_stop = true, this = 0x000055b07185a030
11/10/2025 19:31:39:395	UTIL	[43:58:2843715264]	INFO	poll_t::loop () begin, working = 0x000055b071855670, this = 0x000055b07185a030
11/10/2025 19:31:39:395	UTIL	[43:58:2843715264]	INFO	thread_io_t::init_tls() thread_id = 139761079527104, this = 0x000055b071855640
11/10/2025 19:31:39:395	UTIL	[43:58:2843715264]	INFO	thread_wrapper_t::init_tls(), m_thread_manager = 0x000055b0717cb100, this = 0x000055b071855670
11/10/2025 19:31:39:395	UTIL	[43:58:2843715264]	INFO	thread_mgr_t::register_tls, thr = 0x000055b071855670, tls = true, this = 0x000055b0717cb100
11/10/2025 19:31:39:395	UTIL	[43:58:2843715264]	INFO	thread_wrapper_t::start_alive_check() timer = 0x0000000000000000, m_interact_timer = true, this = 0x000055b071855670
11/10/2025 19:31:39:395	UTIL	[43:58:2843715264]	INFO	timer_queue_t::timer_queue_t() , sink = 0x000055b0718556a8, min_interval = 204800, this = 0x00007f1c8c001070
11/10/2025 19:31:39:396	UTIL	[43:43:3156488640]	INFO	thread_mgr_t::attach handle = 0x000055b071855670, thread_id = 139761079527104, owner_thr = 0x000055b0717d3ff0, owner_id = 139761392300480, queue_size = 65536, this = 0x000055b0717cb100
11/10/2025 19:31:39:396	UTIL	[43:43:3156488640]	INFO	thread_wrapper_t::create_channel(), bind_thr = 0x000055b0717d3ff0[139761392300480], read_capacity = 65536, write_capacity = 65536, this = 0x000055b071855670
11/10/2025 19:31:39:396	UTIL	[43:43:3156488640]	INFO	o2o_msg_queue_t::o2o_msg_queue_t, notifier = 0x000055b0717c6900, writer = 0x000055b071855670[139761079527104], reader = 0x000055b0717d3ff0[139761392300480], capacity = 65536, mode = 0, this = 0x000055b071862ab0
11/10/2025 19:31:39:396	UTIL	[43:43:3156488640]	INFO	o2o_msg_queue_t::o2o_msg_queue_t, notifier = 0x000055b071859dd0, writer = 0x000055b0717d3ff0[139761392300480], reader = 0x000055b071855670[139761079527104], capacity = 65536, mode = 1, this = 0x000055b071862cf0
11/10/2025 19:31:39:396	UTIL	[43:43:3156488640]	INFO	thread_wrapper_t::bind_queue  , self_id = 139761392300480, bind_thr = 0x000055b071855670[139761079527104], r_queue = 0x000055b071862b18, w_queue = 0x000055b071862d60, this = 0x000055b0717d3ff0
11/10/2025 19:31:39:396	UTIL	[43:43:3156488640]	INFO	thread_wrapper_t::bind_queue  , self_id = 139761079527104, bind_thr = 0x000055b0717d3ff0[139761392300480], r_queue = 0x000055b071862d58, w_queue = 0x000055b071862b20, this = 0x000055b071855670
11/10/2025 19:31:39:396	UTIL	[43:43:3156488640]	INFO	thread_wrapper_t::create_channel(), bind_thr = 0x000055b071813dd0[139761359984320], read_capacity = 65536, write_capacity = 65536, this = 0x000055b071855670
11/10/2025 19:31:39:397	UTIL	[43:43:3156488640]	INFO	o2o_msg_queue_t::o2o_msg_queue_t, notifier = 0x000055b071811b50, writer = 0x000055b071855670[139761079527104], reader = 0x000055b071813dd0[139761359984320], capacity = 65536, mode = 1, this = 0x000055b071863390
11/10/2025 19:31:39:398	UTIL	[43:43:3156488640]	INFO	o2o_msg_queue_t::o2o_msg_queue_t, notifier = 0x000055b071859dd0, writer = 0x000055b071813dd0[139761359984320], reader = 0x000055b071855670[139761079527104], capacity = 65536, mode = 1, this = 0x000055b0718635d0
11/10/2025 19:31:39:398	UTIL	[43:43:3156488640]	INFO	thread_wrapper_t::send_ctrl_msg msg = 0x000055b071863810, (uint64_t)m_id = 139761079527104, timeout = -1, this = 0x000055b071855670
11/10/2025 19:31:39:398	UTIL	[43:58:2843715264]	INFO	thread_wrapper_t::create_ch_msg_t::on_message from = 0x000055b071855670, to = 0x000055b071813dd0, this = 0x000055b071863810
11/10/2025 19:31:39:398	UTIL	[43:58:2843715264]	INFO	thread_wrapper_t::bind_queue  , self_id = 139761359984320, bind_thr = 0x000055b071855670[139761079527104], r_queue = 0x000055b0718633f8, w_queue = 0x000055b071863640, this = 0x000055b071813dd0
11/10/2025 19:31:39:398	UTIL	[43:43:3156488640]	INFO	thread_wrapper_t::bind_queue  , self_id = 139761079527104, bind_thr = 0x000055b071813dd0[139761359984320], r_queue = 0x000055b071863638, w_queue = 0x000055b071863400, this = 0x000055b071855670
11/10/2025 19:31:39:398	UTIL	[43:43:3156488640]	INFO	thread_wrapper_t::create_channel(), bind_thr = 0x000055b0718468a0[139761087919808], read_capacity = 65536, write_capacity = 65536, this = 0x000055b071855670
11/10/2025 19:31:39:398	UTIL	[43:43:3156488640]	INFO	o2o_msg_queue_t::o2o_msg_queue_t, notifier = 0x000055b07184ac60, writer = 0x000055b071855670[139761079527104], reader = 0x000055b0718468a0[139761087919808], capacity = 65536, mode = 1, this = 0x000055b071863ce0
11/10/2025 19:31:39:399	UTIL	[43:43:3156488640]	INFO	o2o_msg_queue_t::o2o_msg_queue_t, notifier = 0x000055b071859dd0, writer = 0x000055b0718468a0[139761087919808], reader = 0x000055b071855670[139761079527104], capacity = 65536, mode = 1, this = 0x000055b071863f20
11/10/2025 19:31:39:399	UTIL	[43:43:3156488640]	INFO	thread_wrapper_t::send_ctrl_msg msg = 0x000055b071864160, (uint64_t)m_id = 139761079527104, timeout = -1, this = 0x000055b071855670
11/10/2025 19:31:39:399	UTIL	[43:58:2843715264]	INFO	thread_wrapper_t::create_ch_msg_t::on_message from = 0x000055b071855670, to = 0x000055b0718468a0, this = 0x000055b071864160
11/10/2025 19:31:39:399	UTIL	[43:58:2843715264]	INFO	thread_wrapper_t::bind_queue  , self_id = 139761087919808, bind_thr = 0x000055b071855670[139761079527104], r_queue = 0x000055b071863d48, w_queue = 0x000055b071863f90, this = 0x000055b0718468a0
11/10/2025 19:31:39:403	UTIL	[43:43:3156488640]	INFO	thread_wrapper_t::bind_queue  , self_id = 139761079527104, bind_thr = 0x000055b0718468a0[139761087919808], r_queue = 0x000055b071863f88, w_queue = 0x000055b071863d50, this = 0x000055b071855670
11/10/2025 19:31:39:403	UTIL	[43:43:3156488640]	INFO	thread_wrapper_t::create_channel(), bind_thr = 0x000055b071855670[139761079527104], read_capacity = 65536, write_capacity = 65536, this = 0x000055b071855670
11/10/2025 19:31:39:403	UTIL	[43:43:3156488640]	INFO	o2o_msg_queue_t::o2o_msg_queue_t, notifier = 0x000055b071859dd0, writer = 0x000055b071855670[139761079527104], reader = 0x000055b071855670[139761079527104], capacity = 65536, mode = 1, this = 0x000055b0718645b0
11/10/2025 19:31:39:403	UTIL	[43:43:3156488640]	INFO	o2o_msg_queue_t::o2o_msg_queue_t, notifier = 0x000055b071859dd0, writer = 0x000055b071855670[139761079527104], reader = 0x000055b071855670[139761079527104], capacity = 65536, mode = 1, this = 0x000055b0718647f0
11/10/2025 19:31:39:403	UTIL	[43:43:3156488640]	INFO	thread_wrapper_t::send_ctrl_msg msg = 0x000055b071864a30, (uint64_t)m_id = 139761079527104, timeout = -1, this = 0x000055b071855670
11/10/2025 19:31:39:403	UTIL	[43:58:2843715264]	INFO	thread_wrapper_t::create_ch_msg_t::on_message from = 0x000055b071855670, to = 0x000055b071855670, this = 0x000055b071864a30
11/10/2025 19:31:39:403	UTIL	[43:58:2843715264]	INFO	thread_wrapper_t::bind_queue  , self_id = 139761079527104, bind_thr = 0x000055b071855670[139761079527104], r_queue = 0x000055b071864618, w_queue = 0x000055b071864860, this = 0x000055b071855670
11/10/2025 19:31:39:403	UTIL	[43:43:3156488640]	INFO	thread_wrapper_t::bind_queue  , self_id = 139761079527104, bind_thr = 0x000055b071855670[139761079527104], r_queue = 0x000055b071864858, w_queue = 0x000055b071864620, this = 0x000055b071855670
11/10/2025 19:31:39:403	UTIL	[43:43:3156488640]	INFO	thread_wrapper_t::bind_queue bind_thr = 0x000055b071855670 already be existed, skip it, this = 0x000055b071855670
11/10/2025 19:31:39:403	UTIL	[43:43:3156488640]	INFO	thread_wrapper_t::adjust_timer_precision, m_timer_precision = 50, new_timer_precision = 50, this = 0x000055b071855670
11/10/2025 19:31:39:574	UTIL	[43:43:3156488640]	INFO	UTIL_INIT  refer times = 5, module_id = 5, UTIL has been built on:Sep 19 2025 at 06:33:56 on branch release-client-6.6.x with commit ID 2583f48484aeb604c472d0a89b4ddc1f55
11/10/2025 19:31:39:574	UTIL	[43:43:3156488640]	INFO	register_logger  module_id = 5, module_name = MCM, max_level = 31, logger = 0x0000000000000000, mode = 3
11/10/2025 19:31:39:683	UTIL	[43:43:3156488640]	INFO	register_logger  module_id = 6, module_name = NYDUS, max_level = 31, logger = 0x0000000000000000, mode = 3
11/10/2025 19:31:39:683	UTIL	[43:43:3156488640]	INFO	timer_it::timer_it id = 0, own_thr = 0x0000000000000000, this = 0x000055b0718684d0
11/10/2025 19:31:39:683	UTIL	[43:43:3156488640]	INFO	timer_it::timer_it id = 0, own_thr = 0x0000000000000000, this = 0x000055b071881f20
11/10/2025 19:31:39:683	UTIL	[43:43:3156488640]	INFO	thread_mgr_t::spawn, mode = 00000008, w_queue_size = 8192, type = 1024, interact_timer = true, thr_name = , bind_mask = 4294967295, use_ext_timer_drv = false, notifier = 0x0000000000000000, this = 0x000055b0717cb100
11/10/2025 19:31:39:683	UTIL	[43:43:3156488640]	INFO	thread_mgr_t::spawn already has an instance for the thread, return it directly, thread id = 139761392300480, this = 0x000055b0717cb100
11/10/2025 19:31:39:844	UTIL	[43:43:3156488640]	INFO	timer_it::add_timer sink = 0x000055b071897538, interval = 12800, times = 0, is_exact = true, this = 0x000055b0718684d0
11/10/2025 19:31:39:844	UTIL	[43:43:3156488640]	INFO	timer_it::add_timer sink = 0x000055b071897538, interval = 3840, times = 0, is_exact = true, this = 0x000055b071881f20
11/10/2025 19:32:32:504	UTIL	[43:43:3156488640]	INFO	mlog_file::init mid:1069 size:1048576 shmem:false ret:0 this:0x000055b071925d08
11/10/2025 19:32:37:157	UTIL	[43:43:3156488640]	INFO	mlog_file::init mid:1027 size:1048576 shmem:false ret:0 this:0x000055b071929eb8
11/10/2025 19:32:37:394	UTIL	[43:43:3156488640]	INFO	mlog_file::init mid:1008 size:1048576 shmem:false ret:0 this:0x000055b071908508
11/10/2025 19:32:37:951	UTIL	[43:43:3156488640]	INFO	mlog_file::init mid:1030 size:1048576 shmem:false ret:0 this:0x000055b071907f68
