11/10/2025 19:20:02:914	UTIL	[46:46:1361797568]	INFO	thread_mgr_t ::thread_mgr_t(),Mon,10 Nov 2025 19:20:02 GMT, preset_owner_thr = false, this = 0x00005621c6bbc0f0
11/10/2025 19:20:02:914	UTIL	[46:46:1361797568]	INFO	new_i8_allocator_t::new_i8_allocator_t, m_page_size = 4096, this = 0x00005621c6bb8f00
11/10/2025 19:20:02:914	UTIL	[46:46:1361797568]	INFO	UTIL_INIT  refer , s_init_times = 1, module_id = 9, description = UTIL has been built on:Sep 19 2025 at 06:33:56 on branch release-client-6.6.x with commit ID 2583f48484aeb604c472d0a89b4ddc1f55, dir = , filename = , pext = log, max_size = 41943040, max_idx = 99
11/10/2025 19:20:02:914	UTIL	[46:46:1361797568]	INFO	set_timer_driver, setup_call = 0x00007fbd6cb603b0, remove_call = 0x00007fbd6cb60290
11/10/2025 19:20:02:914	UTIL	[46:46:1361797568]	INFO	thread_mgr_t::spawn, mode = 02000008, w_queue_size = 8192, type = 0, interact_timer = true, thr_name = , bind_mask = 4294967295, use_ext_timer_drv = true, notifier = 0x00005621c6bb78f0, this = 0x00005621c6bbc0f0
11/10/2025 19:20:02:914	UTIL	[46:46:1361797568]	INFO	thread_wrapper_t::thread_wrapper_t, mode = 02000008, id = 0, type = 0, thr_manager = 0x00005621c6bbc0f0, waits = 0, interact_timer = true, m_timer_precision = 50, this = 0x00005621c6baa0a0
11/10/2025 19:20:02:914	UTIL	[46:46:1361797568]	INFO	msg_queue_t::msg_queue_t notifier = , notifier = 0x00005621c6bb78f0, writer = 0x0000000000000000, capacity = 1024, mode = 0, this = 0x00005621c6bb7b10
11/10/2025 19:20:02:914	UTIL	[46:46:1361797568]	INFO	thread_wrapper_t::thread_wrapper_t ctrl queue size = 1024, this = 0x00005621c6baa0a0
11/10/2025 19:20:02:914	UTIL	[46:46:1361797568]	INFO	thread_wrapper_t::init_tls(), m_thread_manager = 0x00005621c6bbc0f0, this = 0x00005621c6baa0a0
11/10/2025 19:20:02:914	UTIL	[46:46:1361797568]	INFO	thread_mgr_t::register_tls, thr = 0x00005621c6baa0a0, tls = true, this = 0x00005621c6bbc0f0
11/10/2025 19:20:02:914	UTIL	[46:46:1361797568]	INFO	thread_wrapper_t::start_alive_check() timer = 0x0000000000000000, m_interact_timer = true, this = 0x00005621c6baa0a0
11/10/2025 19:20:02:914	UTIL	[46:46:1361797568]	INFO	timer_queue_t::timer_queue_t() , sink = 0x00005621c6baa0d8, min_interval = 204800, this = 0x00005621c6bc4b00
11/10/2025 19:20:02:914	UTIL	[46:46:1361797568]	INFO	thread_wrapper_t::open_notifier, waits = 0, m_notify = 0x00005621c6bb78f0, this = 0x00005621c6baa0a0
11/10/2025 19:20:02:914	UTIL	[46:46:1361797568]	INFO	msg_queue_base_t::open_notifier, m_notifier = 0x00005621c6bb78f0, notifier = 0x00005621c6bb78f0, this = 0x00005621c6bb7b30
11/10/2025 19:20:02:914	UTIL	[46:46:1361797568]	INFO	thread_mgr_t::attach handle = 0x00005621c6baa0a0, thread_id = 140451087344064, owner_thr = 0x00005621c6baa0a0, owner_id = 140451087344064, queue_size = 8192, this = 0x00005621c6bbc0f0
11/10/2025 19:20:02:914	UTIL	[46:46:1361797568]	INFO	thread_wrapper_t::create_channel(), bind_thr = 0x00005621c6baa0a0[140451087344064], read_capacity = 8192, write_capacity = 8192, this = 0x00005621c6baa0a0
11/10/2025 19:20:02:915	UTIL	[46:46:1361797568]	INFO	o2o_msg_queue_t::o2o_msg_queue_t, notifier = 0x00005621c6bb78f0, writer = 0x00005621c6baa0a0[140451087344064], reader = 0x00005621c6baa0a0[140451087344064], capacity = 8192, mode = 0, this = 0x00005621c6bb8d00
11/10/2025 19:20:02:915	UTIL	[46:46:1361797568]	INFO	o2o_msg_queue_t::o2o_msg_queue_t, notifier = 0x00005621c6bb78f0, writer = 0x00005621c6baa0a0[140451087344064], reader = 0x00005621c6baa0a0[140451087344064], capacity = 8192, mode = 0, this = 0x00005621c6bbbe00
11/10/2025 19:20:02:915	UTIL	[46:46:1361797568]	INFO	thread_wrapper_t::bind_queue  , self_id = 140451087344064, bind_thr = 0x00005621c6baa0a0[140451087344064], r_queue = 0x00005621c6bb8d68, w_queue = 0x00005621c6bbbe70, this = 0x00005621c6baa0a0
11/10/2025 19:20:02:915	UTIL	[46:46:1361797568]	INFO	thread_wrapper_t::bind_queue  , self_id = 140451087344064, bind_thr = 0x00005621c6baa0a0[140451087344064], r_queue = 0x00005621c6bbbe68, w_queue = 0x00005621c6bb8d70, this = 0x00005621c6baa0a0
11/10/2025 19:20:02:915	UTIL	[46:46:1361797568]	INFO	thread_wrapper_t::bind_queue bind_thr = 0x00005621c6baa0a0 already be existed, skip it, this = 0x00005621c6baa0a0
11/10/2025 19:20:02:915	UTIL	[46:46:1361797568]	INFO	thread_wrapper_t::adjust_timer_precision, m_timer_precision = 50, new_timer_precision = 50, this = 0x00005621c6baa0a0
11/10/2025 19:20:02:915	UTIL	[46:46:1361797568]	INFO	register_logger  module_id = 1057, module_name = zoomtask, max_level = 31, logger = 0x0000000000000000, mode = 3
11/10/2025 19:20:03:008	UTIL	[46:46:1361797568]	INFO	UTIL_INIT  refer times = 2, module_id = 1057, UTIL has been built on:Sep 19 2025 at 06:33:56 on branch release-client-6.6.x with commit ID 2583f48484aeb604c472d0a89b4ddc1f55
11/10/2025 19:20:03:008	UTIL	[46:46:1361797568]	INFO	register_logger  module_id = 1057, module_name = ZoomTask, max_level = 31, logger = 0x0000000000000000, mode = 3
11/10/2025 19:20:03:226	UTIL	[46:46:1361797568]	INFO	UTIL_INIT  refer times = 3, module_id = 2, UTIL has been built on:Sep 19 2025 at 06:33:56 on branch release-client-6.6.x with commit ID 2583f48484aeb604c472d0a89b4ddc1f55
11/10/2025 19:20:03:239	UTIL	[46:46:1361797568]	INFO	timer_it::timer_it id = 0, own_thr = 0x0000000000000000, this = 0x00005621c6bbc848
11/10/2025 19:20:03:239	UTIL	[46:46:1361797568]	INFO	thread_mgr_t::spawn, mode = 01000004, w_queue_size = 0, type = 3, interact_timer = true, thr_name = zoom.dns, bind_mask = 0, use_ext_timer_drv = false, notifier = 0x0000000000000000, this = 0x00005621c6bbc0f0
11/10/2025 19:20:03:239	UTIL	[46:46:1361797568]	INFO	thread_wrapper_t::thread_wrapper_t, mode = 01000004, id = 0, type = 3, thr_manager = 0x00005621c6bbc0f0, waits = 1, interact_timer = true, m_timer_precision = 50, this = 0x00005621c6c04ca0
11/10/2025 19:20:03:239	UTIL	[46:46:1361797568]	INFO	msg_queue_t::msg_queue_t notifier = , notifier = 0x0000000000000000, writer = 0x0000000000000000, capacity = 1024, mode = 1, this = 0x00005621c6c05100
11/10/2025 19:20:03:239	UTIL	[46:46:1361797568]	INFO	thread_wrapper_t::thread_wrapper_t ctrl queue size = 1024, this = 0x00005621c6c04ca0
11/10/2025 19:20:03:239	UTIL	[46:46:1361797568]	INFO	thread_io_t::thread_io_t(), mode = 01000004, type = 3, queue size = 0, this = 0x00005621c6c04c70
11/10/2025 19:20:03:239	UTIL	[46:46:1361797568]	INFO	thread_io_t::open_notifier, waits = 1, this = 0x00005621c6c04c70
11/10/2025 19:20:03:239	UTIL	[46:46:1361797568]	INFO	msg_queue_base_t::open_notifier, m_notifier = 0x0000000000000000, notifier = 0x00005621c6c02a20, this = 0x00005621c6c05120
11/10/2025 19:20:03:239	UTIL	[46:46:1361797568]	INFO	thread_io_t::thread_run(), id = 0, args = 0x0000000000000000, this = 0x00005621c6c04c70
11/10/2025 19:20:03:239	UTIL	[46:46:1361797568]	INFO	io_repo_t::io_repo_t, m_working = 0x00005621c6c04ca0, max_io_fds = 1024, this = 0x00005621c6c096c0
11/10/2025 19:20:03:239	UTIL	[46:46:1361797568]	INFO	notifier_handler_t::notifier_handler_t, io_container = 0x00005621c6c096c00x00005621c6c02a20, this = 0x00005621c6c11850
11/10/2025 19:20:03:239	UTIL	[46:46:1361797568]	INFO	poll_t::poll_t register, fd = 11, es.first = 00000000000000000000000000000011, this = 0x00005621c6c096c0
11/10/2025 19:20:03:239	UTIL	[46:46:1361797568]	INFO	io_repo_t::start(), m_stop = true, this = 0x00005621c6c096c0
11/10/2025 19:20:03:240	UTIL	[46:46:1361797568]	INFO	thread_mgr_t::spawn only has control message queue for this thread, this = 0x00005621c6bbc0f0
11/10/2025 19:20:03:240	UTIL	[46:46:1361797568]	FATAL	assert: msg[thread_wrapper_t::create_channel bind thread should valid!, bind_thr = 0x0000000000000000] file[/home/jenkins/agent/workspace/Client/Client/DMT/linux/release/tp_util/util/src/thread.cpp], line = [1122]
11/10/2025 19:20:03:240	UTIL	[46:46:1361797568]	INFO	thread_wrapper_t::adjust_timer_precision, m_timer_precision = 50, new_timer_precision = 50, this = 0x00005621c6c04ca0
11/10/2025 19:20:03:240	UTIL	[46:46:1361797568]	INFO	timer_it::timer_it id = 0, own_thr = 0x0000000000000000, this = 0x00005621c6c12310
11/10/2025 19:20:03:240	UTIL	[46:46:1361797568]	INFO	timer_it::add_timer sink = 0x00005621c6bbc720, interval = 100, times = 0, is_exact = true, this = 0x00005621c6c12310
11/10/2025 19:20:03:240	UTIL	[46:52:1262339776]	INFO	poll_t::loop () begin, working = 0x00005621c6c04ca0, this = 0x00005621c6c096c0
11/10/2025 19:20:03:240	UTIL	[46:52:1262339776]	INFO	thread_io_t::init_tls() thread_id = 140450987886272, this = 0x00005621c6c04c70
11/10/2025 19:20:03:240	UTIL	[46:52:1262339776]	INFO	thread_wrapper_t::init_tls(), m_thread_manager = 0x00005621c6bbc0f0, this = 0x00005621c6c04ca0
11/10/2025 19:20:03:240	UTIL	[46:52:1262339776]	INFO	thread_mgr_t::register_tls, thr = 0x00005621c6c04ca0, tls = true, this = 0x00005621c6bbc0f0
11/10/2025 19:20:03:240	UTIL	[46:52:1262339776]	INFO	thread_wrapper_t::start_alive_check() timer = 0x0000000000000000, m_interact_timer = true, this = 0x00005621c6c04ca0
11/10/2025 19:20:03:240	UTIL	[46:52:1262339776]	INFO	timer_queue_t::timer_queue_t() , sink = 0x00005621c6c04cd8, min_interval = 204800, this = 0x00007fbd3c001070
11/10/2025 19:20:03:242	UTIL	[46:46:1361797568]	INFO	UTIL_INIT  refer times = 4, module_id = 9, UTIL has been built on:Sep 19 2025 at 06:33:56 on branch release-client-6.6.x with commit ID 2583f48484aeb604c472d0a89b4ddc1f55
11/10/2025 19:20:03:243	UTIL	[46:46:1361797568]	INFO	thread_mgr_t::spawn, mode = 01000004, w_queue_size = 65536, type = 1027, interact_timer = true, thr_name = zoom.db, bind_mask = 4294967295, use_ext_timer_drv = false, notifier = 0x0000000000000000, this = 0x00005621c6bbc0f0
11/10/2025 19:20:03:243	UTIL	[46:46:1361797568]	INFO	thread_wrapper_t::thread_wrapper_t, mode = 01000004, id = 0, type = 1027, thr_manager = 0x00005621c6bbc0f0, waits = 1, interact_timer = true, m_timer_precision = 50, this = 0x00005621c6c377d0
11/10/2025 19:20:03:244	UTIL	[46:46:1361797568]	INFO	msg_queue_t::msg_queue_t notifier = , notifier = 0x0000000000000000, writer = 0x0000000000000000, capacity = 1024, mode = 1, this = 0x00005621c6c2b920
11/10/2025 19:20:03:244	UTIL	[46:46:1361797568]	INFO	thread_wrapper_t::thread_wrapper_t ctrl queue size = 1024, this = 0x00005621c6c377d0
11/10/2025 19:20:03:244	UTIL	[46:46:1361797568]	INFO	thread_io_t::thread_io_t(), mode = 01000004, type = 1027, queue size = 65536, this = 0x00005621c6c377a0
11/10/2025 19:20:03:244	UTIL	[46:46:1361797568]	INFO	thread_io_t::open_notifier, waits = 1, this = 0x00005621c6c377a0
11/10/2025 19:20:03:244	UTIL	[46:46:1361797568]	INFO	msg_queue_base_t::open_notifier, m_notifier = 0x0000000000000000, notifier = 0x00005621c6c3bb90, this = 0x00005621c6c2b940
11/10/2025 19:20:03:244	UTIL	[46:46:1361797568]	INFO	thread_io_t::thread_run(), id = 0, args = 0x0000000000000000, this = 0x00005621c6c377a0
11/10/2025 19:20:03:244	UTIL	[46:46:1361797568]	INFO	io_repo_t::io_repo_t, m_working = 0x00005621c6c377d0, max_io_fds = 1024, this = 0x00005621c6c3bd90
11/10/2025 19:20:03:244	UTIL	[46:46:1361797568]	INFO	notifier_handler_t::notifier_handler_t, io_container = 0x00005621c6c3bd900x00005621c6c3bb90, this = 0x00005621c6c2d1e0
11/10/2025 19:20:03:244	UTIL	[46:46:1361797568]	INFO	poll_t::poll_t register, fd = 20, es.first = 00000000000000000000000000000011, this = 0x00005621c6c3bd90
11/10/2025 19:20:03:244	UTIL	[46:46:1361797568]	INFO	io_repo_t::start(), m_stop = true, this = 0x00005621c6c3bd90
11/10/2025 19:20:03:244	UTIL	[46:46:1361797568]	INFO	thread_mgr_t::attach handle = 0x00005621c6c377d0, thread_id = 140450581173952, owner_thr = 0x00005621c6baa0a0, owner_id = 140451087344064, queue_size = 65536, this = 0x00005621c6bbc0f0
11/10/2025 19:20:03:244	UTIL	[46:46:1361797568]	INFO	thread_wrapper_t::create_channel(), bind_thr = 0x00005621c6baa0a0[140451087344064], read_capacity = 65536, write_capacity = 65536, this = 0x00005621c6c377d0
11/10/2025 19:20:03:244	UTIL	[46:46:1361797568]	INFO	o2o_msg_queue_t::o2o_msg_queue_t, notifier = 0x00005621c6bb78f0, writer = 0x00005621c6c377d0[140450581173952], reader = 0x00005621c6baa0a0[140451087344064], capacity = 65536, mode = 0, this = 0x00005621c6c44810
11/10/2025 19:20:03:244	UTIL	[46:60:855627456]	INFO	poll_t::loop () begin, working = 0x00005621c6c377d0, this = 0x00005621c6c3bd90
11/10/2025 19:20:03:244	UTIL	[46:60:855627456]	INFO	thread_io_t::init_tls() thread_id = 140450581173952, this = 0x00005621c6c377a0
11/10/2025 19:20:03:244	UTIL	[46:60:855627456]	INFO	thread_wrapper_t::init_tls(), m_thread_manager = 0x00005621c6bbc0f0, this = 0x00005621c6c377d0
11/10/2025 19:20:03:244	UTIL	[46:60:855627456]	INFO	thread_mgr_t::register_tls, thr = 0x00005621c6c377d0, tls = true, this = 0x00005621c6bbc0f0
11/10/2025 19:20:03:244	UTIL	[46:60:855627456]	INFO	thread_wrapper_t::start_alive_check() timer = 0x0000000000000000, m_interact_timer = true, this = 0x00005621c6c377d0
11/10/2025 19:20:03:244	UTIL	[46:60:855627456]	INFO	timer_queue_t::timer_queue_t() , sink = 0x00005621c6c37808, min_interval = 204800, this = 0x00007fbd24001070
11/10/2025 19:20:03:245	UTIL	[46:46:1361797568]	INFO	o2o_msg_queue_t::o2o_msg_queue_t, notifier = 0x00005621c6c3bb90, writer = 0x00005621c6baa0a0[140451087344064], reader = 0x00005621c6c377d0[140450581173952], capacity = 65536, mode = 1, this = 0x00005621c6c44a50
11/10/2025 19:20:03:245	UTIL	[46:46:1361797568]	INFO	thread_wrapper_t::bind_queue  , self_id = 140451087344064, bind_thr = 0x00005621c6c377d0[140450581173952], r_queue = 0x00005621c6c44878, w_queue = 0x00005621c6c44ac0, this = 0x00005621c6baa0a0
11/10/2025 19:20:03:247	UTIL	[46:46:1361797568]	INFO	thread_wrapper_t::bind_queue  , self_id = 140450581173952, bind_thr = 0x00005621c6baa0a0[140451087344064], r_queue = 0x00005621c6c44ab8, w_queue = 0x00005621c6c44880, this = 0x00005621c6c377d0
11/10/2025 19:20:03:247	UTIL	[46:46:1361797568]	INFO	thread_wrapper_t::create_channel(), bind_thr = 0x00005621c6c04ca0[140450987886272], read_capacity = 65536, write_capacity = 65536, this = 0x00005621c6c377d0
11/10/2025 19:20:03:247	UTIL	[46:46:1361797568]	INFO	o2o_msg_queue_t::o2o_msg_queue_t, notifier = 0x00005621c6c02a20, writer = 0x00005621c6c377d0[140450581173952], reader = 0x00005621c6c04ca0[140450987886272], capacity = 65536, mode = 1, this = 0x00005621c6c450f0
11/10/2025 19:20:03:249	UTIL	[46:46:1361797568]	INFO	o2o_msg_queue_t::o2o_msg_queue_t, notifier = 0x00005621c6c3bb90, writer = 0x00005621c6c04ca0[140450987886272], reader = 0x00005621c6c377d0[140450581173952], capacity = 65536, mode = 1, this = 0x00005621c6c45330
11/10/2025 19:20:03:249	UTIL	[46:46:1361797568]	INFO	thread_wrapper_t::send_ctrl_msg msg = 0x00005621c6c45510, (uint64_t)m_id = 140450581173952, timeout = -1, this = 0x00005621c6c377d0
11/10/2025 19:20:03:251	UTIL	[46:60:855627456]	INFO	thread_wrapper_t::create_ch_msg_t::on_message from = 0x00005621c6c377d0, to = 0x00005621c6c04ca0, this = 0x00005621c6c45510
11/10/2025 19:20:03:251	UTIL	[46:60:855627456]	INFO	thread_wrapper_t::bind_queue  , self_id = 140450987886272, bind_thr = 0x00005621c6c377d0[140450581173952], r_queue = 0x00005621c6c45158, w_queue = 0x00005621c6c453a0, this = 0x00005621c6c04ca0
11/10/2025 19:20:03:251	UTIL	[46:46:1361797568]	INFO	thread_wrapper_t::bind_queue  , self_id = 140450581173952, bind_thr = 0x00005621c6c04ca0[140450987886272], r_queue = 0x00005621c6c45398, w_queue = 0x00005621c6c45160, this = 0x00005621c6c377d0
11/10/2025 19:20:03:251	UTIL	[46:46:1361797568]	INFO	thread_wrapper_t::create_channel(), bind_thr = 0x00005621c6c377d0[140450581173952], read_capacity = 65536, write_capacity = 65536, this = 0x00005621c6c377d0
11/10/2025 19:20:03:251	UTIL	[46:46:1361797568]	INFO	o2o_msg_queue_t::o2o_msg_queue_t, notifier = 0x00005621c6c3bb90, writer = 0x00005621c6c377d0[140450581173952], reader = 0x00005621c6c377d0[140450581173952], capacity = 65536, mode = 1, this = 0x00005621c6c45910
11/10/2025 19:20:03:252	UTIL	[46:46:1361797568]	INFO	o2o_msg_queue_t::o2o_msg_queue_t, notifier = 0x00005621c6c3bb90, writer = 0x00005621c6c377d0[140450581173952], reader = 0x00005621c6c377d0[140450581173952], capacity = 65536, mode = 1, this = 0x00005621c6c45b50
11/10/2025 19:20:03:252	UTIL	[46:46:1361797568]	INFO	thread_wrapper_t::send_ctrl_msg msg = 0x00005621c6c45d90, (uint64_t)m_id = 140450581173952, timeout = -1, this = 0x00005621c6c377d0
11/10/2025 19:20:03:252	UTIL	[46:60:855627456]	INFO	thread_wrapper_t::create_ch_msg_t::on_message from = 0x00005621c6c377d0, to = 0x00005621c6c377d0, this = 0x00005621c6c45d90
11/10/2025 19:20:03:252	UTIL	[46:60:855627456]	INFO	thread_wrapper_t::bind_queue  , self_id = 140450581173952, bind_thr = 0x00005621c6c377d0[140450581173952], r_queue = 0x00005621c6c45978, w_queue = 0x00005621c6c45bc0, this = 0x00005621c6c377d0
11/10/2025 19:20:03:258	UTIL	[46:46:1361797568]	INFO	thread_wrapper_t::bind_queue  , self_id = 140450581173952, bind_thr = 0x00005621c6c377d0[140450581173952], r_queue = 0x00005621c6c45bb8, w_queue = 0x00005621c6c45980, this = 0x00005621c6c377d0
11/10/2025 19:20:03:258	UTIL	[46:46:1361797568]	INFO	thread_wrapper_t::bind_queue bind_thr = 0x00005621c6c377d0 already be existed, skip it, this = 0x00005621c6c377d0
11/10/2025 19:20:03:258	UTIL	[46:46:1361797568]	INFO	thread_wrapper_t::adjust_timer_precision, m_timer_precision = 50, new_timer_precision = 50, this = 0x00005621c6c377d0
11/10/2025 19:20:03:258	UTIL	[46:46:1361797568]	INFO	thread_mgr_t::spawn, mode = 01000004, w_queue_size = 65536, type = 1028, interact_timer = true, thr_name = zoom.im.index, bind_mask = 4294967295, use_ext_timer_drv = false, notifier = 0x0000000000000000, this = 0x00005621c6bbc0f0
11/10/2025 19:20:03:258	UTIL	[46:46:1361797568]	INFO	thread_wrapper_t::thread_wrapper_t, mode = 01000004, id = 0, type = 1028, thr_manager = 0x00005621c6bbc0f0, waits = 1, interact_timer = true, m_timer_precision = 50, this = 0x00005621c6c465a0
11/10/2025 19:20:03:259	UTIL	[46:46:1361797568]	INFO	msg_queue_t::msg_queue_t notifier = , notifier = 0x0000000000000000, writer = 0x0000000000000000, capacity = 1024, mode = 1, this = 0x00005621c6c46850
11/10/2025 19:20:03:259	UTIL	[46:46:1361797568]	INFO	thread_wrapper_t::thread_wrapper_t ctrl queue size = 1024, this = 0x00005621c6c465a0
11/10/2025 19:20:03:259	UTIL	[46:46:1361797568]	INFO	thread_io_t::thread_io_t(), mode = 01000004, type = 1028, queue size = 65536, this = 0x00005621c6c46570
11/10/2025 19:20:03:259	UTIL	[46:46:1361797568]	INFO	thread_io_t::open_notifier, waits = 1, this = 0x00005621c6c46570
11/10/2025 19:20:03:259	UTIL	[46:46:1361797568]	INFO	msg_queue_base_t::open_notifier, m_notifier = 0x0000000000000000, notifier = 0x00005621c6c4ad00, this = 0x00005621c6c46870
11/10/2025 19:20:03:259	UTIL	[46:46:1361797568]	INFO	thread_io_t::thread_run(), id = 0, args = 0x0000000000000000, this = 0x00005621c6c46570
11/10/2025 19:20:03:259	UTIL	[46:46:1361797568]	INFO	io_repo_t::io_repo_t, m_working = 0x00005621c6c465a0, max_io_fds = 1024, this = 0x00005621c6c4af60
11/10/2025 19:20:03:259	UTIL	[46:46:1361797568]	INFO	notifier_handler_t::notifier_handler_t, io_container = 0x00005621c6c4af600x00005621c6c4ad00, this = 0x00005621c6c12e80
11/10/2025 19:20:03:259	UTIL	[46:46:1361797568]	INFO	poll_t::poll_t register, fd = 22, es.first = 00000000000000000000000000000011, this = 0x00005621c6c4af60
11/10/2025 19:20:03:259	UTIL	[46:46:1361797568]	INFO	io_repo_t::start(), m_stop = true, this = 0x00005621c6c4af60
11/10/2025 19:20:03:259	UTIL	[46:46:1361797568]	INFO	thread_mgr_t::attach handle = 0x00005621c6c465a0, thread_id = 140450572781248, owner_thr = 0x00005621c6baa0a0, owner_id = 140451087344064, queue_size = 65536, this = 0x00005621c6bbc0f0
11/10/2025 19:20:03:259	UTIL	[46:46:1361797568]	INFO	thread_wrapper_t::create_channel(), bind_thr = 0x00005621c6baa0a0[140451087344064], read_capacity = 65536, write_capacity = 65536, this = 0x00005621c6c465a0
11/10/2025 19:20:03:259	UTIL	[46:46:1361797568]	INFO	o2o_msg_queue_t::o2o_msg_queue_t, notifier = 0x00005621c6bb78f0, writer = 0x00005621c6c465a0[140450572781248], reader = 0x00005621c6baa0a0[140451087344064], capacity = 65536, mode = 0, this = 0x00005621c6c539e0
11/10/2025 19:20:03:259	UTIL	[46:46:1361797568]	INFO	o2o_msg_queue_t::o2o_msg_queue_t, notifier = 0x00005621c6c4ad00, writer = 0x00005621c6baa0a0[140451087344064], reader = 0x00005621c6c465a0[140450572781248], capacity = 65536, mode = 1, this = 0x00005621c6c53c20
11/10/2025 19:20:03:259	UTIL	[46:46:1361797568]	INFO	thread_wrapper_t::bind_queue  , self_id = 140451087344064, bind_thr = 0x00005621c6c465a0[140450572781248], r_queue = 0x00005621c6c53a48, w_queue = 0x00005621c6c53c90, this = 0x00005621c6baa0a0
11/10/2025 19:20:03:259	UTIL	[46:46:1361797568]	INFO	thread_wrapper_t::bind_queue  , self_id = 140450572781248, bind_thr = 0x00005621c6baa0a0[140451087344064], r_queue = 0x00005621c6c53c88, w_queue = 0x00005621c6c53a50, this = 0x00005621c6c465a0
11/10/2025 19:20:03:259	UTIL	[46:46:1361797568]	INFO	thread_wrapper_t::create_channel(), bind_thr = 0x00005621c6c04ca0[140450987886272], read_capacity = 65536, write_capacity = 65536, this = 0x00005621c6c465a0
11/10/2025 19:20:03:261	UTIL	[46:61:847234752]	INFO	poll_t::loop () begin, working = 0x00005621c6c465a0, this = 0x00005621c6c4af60
11/10/2025 19:20:03:261	UTIL	[46:61:847234752]	INFO	thread_io_t::init_tls() thread_id = 140450572781248, this = 0x00005621c6c46570
11/10/2025 19:20:03:261	UTIL	[46:61:847234752]	INFO	thread_wrapper_t::init_tls(), m_thread_manager = 0x00005621c6bbc0f0, this = 0x00005621c6c465a0
11/10/2025 19:20:03:261	UTIL	[46:61:847234752]	INFO	thread_mgr_t::register_tls, thr = 0x00005621c6c465a0, tls = true, this = 0x00005621c6bbc0f0
11/10/2025 19:20:03:261	UTIL	[46:61:847234752]	INFO	thread_wrapper_t::start_alive_check() timer = 0x0000000000000000, m_interact_timer = true, this = 0x00005621c6c465a0
11/10/2025 19:20:03:261	UTIL	[46:61:847234752]	INFO	timer_queue_t::timer_queue_t() , sink = 0x00005621c6c465d8, min_interval = 204800, this = 0x00007fbd18001070
11/10/2025 19:20:03:271	UTIL	[46:46:1361797568]	INFO	o2o_msg_queue_t::o2o_msg_queue_t, notifier = 0x00005621c6c02a20, writer = 0x00005621c6c465a0[140450572781248], reader = 0x00005621c6c04ca0[140450987886272], capacity = 65536, mode = 1, this = 0x00005621c6c542c0
11/10/2025 19:20:03:272	UTIL	[46:46:1361797568]	INFO	o2o_msg_queue_t::o2o_msg_queue_t, notifier = 0x00005621c6c4ad00, writer = 0x00005621c6c04ca0[140450987886272], reader = 0x00005621c6c465a0[140450572781248], capacity = 65536, mode = 1, this = 0x00005621c6c544a0
11/10/2025 19:20:03:272	UTIL	[46:46:1361797568]	INFO	thread_wrapper_t::send_ctrl_msg msg = 0x00005621c6c546e0, (uint64_t)m_id = 140450572781248, timeout = -1, this = 0x00005621c6c465a0
11/10/2025 19:20:03:272	UTIL	[46:61:847234752]	INFO	thread_wrapper_t::create_ch_msg_t::on_message from = 0x00005621c6c465a0, to = 0x00005621c6c04ca0, this = 0x00005621c6c546e0
11/10/2025 19:20:03:272	UTIL	[46:61:847234752]	INFO	thread_wrapper_t::bind_queue  , self_id = 140450987886272, bind_thr = 0x00005621c6c465a0[140450572781248], r_queue = 0x00005621c6c54328, w_queue = 0x00005621c6c54510, this = 0x00005621c6c04ca0
11/10/2025 19:20:03:272	UTIL	[46:46:1361797568]	INFO	thread_wrapper_t::bind_queue  , self_id = 140450572781248, bind_thr = 0x00005621c6c04ca0[140450987886272], r_queue = 0x00005621c6c54508, w_queue = 0x00005621c6c54330, this = 0x00005621c6c465a0
11/10/2025 19:20:03:272	UTIL	[46:46:1361797568]	INFO	thread_wrapper_t::create_channel(), bind_thr = 0x00005621c6c377d0[140450581173952], read_capacity = 65536, write_capacity = 65536, this = 0x00005621c6c465a0
11/10/2025 19:20:03:273	UTIL	[46:46:1361797568]	INFO	o2o_msg_queue_t::o2o_msg_queue_t, notifier = 0x00005621c6c3bb90, writer = 0x00005621c6c465a0[140450572781248], reader = 0x00005621c6c377d0[140450581173952], capacity = 65536, mode = 1, this = 0x00005621c6c54bb0
11/10/2025 19:20:03:273	UTIL	[46:46:1361797568]	INFO	o2o_msg_queue_t::o2o_msg_queue_t, notifier = 0x00005621c6c4ad00, writer = 0x00005621c6c377d0[140450581173952], reader = 0x00005621c6c465a0[140450572781248], capacity = 65536, mode = 1, this = 0x00005621c6c54df0
11/10/2025 19:20:03:274	UTIL	[46:46:1361797568]	INFO	thread_wrapper_t::send_ctrl_msg msg = 0x00005621c6c55030, (uint64_t)m_id = 140450572781248, timeout = -1, this = 0x00005621c6c465a0
11/10/2025 19:20:03:274	UTIL	[46:61:847234752]	INFO	thread_wrapper_t::create_ch_msg_t::on_message from = 0x00005621c6c465a0, to = 0x00005621c6c377d0, this = 0x00005621c6c55030
11/10/2025 19:20:03:274	UTIL	[46:61:847234752]	INFO	thread_wrapper_t::bind_queue  , self_id = 140450581173952, bind_thr = 0x00005621c6c465a0[140450572781248], r_queue = 0x00005621c6c54c18, w_queue = 0x00005621c6c54e60, this = 0x00005621c6c377d0
11/10/2025 19:20:03:275	UTIL	[46:46:1361797568]	INFO	thread_wrapper_t::bind_queue  , self_id = 140450572781248, bind_thr = 0x00005621c6c377d0[140450581173952], r_queue = 0x00005621c6c54e58, w_queue = 0x00005621c6c54c20, this = 0x00005621c6c465a0
11/10/2025 19:20:03:275	UTIL	[46:46:1361797568]	INFO	thread_wrapper_t::create_channel(), bind_thr = 0x00005621c6c465a0[140450572781248], read_capacity = 65536, write_capacity = 65536, this = 0x00005621c6c465a0
11/10/2025 19:20:03:279	UTIL	[46:46:1361797568]	INFO	o2o_msg_queue_t::o2o_msg_queue_t, notifier = 0x00005621c6c4ad00, writer = 0x00005621c6c465a0[140450572781248], reader = 0x00005621c6c465a0[140450572781248], capacity = 65536, mode = 1, this = 0x00005621c6c55480
11/10/2025 19:20:03:279	UTIL	[46:46:1361797568]	INFO	o2o_msg_queue_t::o2o_msg_queue_t, notifier = 0x00005621c6c4ad00, writer = 0x00005621c6c465a0[140450572781248], reader = 0x00005621c6c465a0[140450572781248], capacity = 65536, mode = 1, this = 0x00005621c6c55660
11/10/2025 19:20:03:279	UTIL	[46:46:1361797568]	INFO	thread_wrapper_t::send_ctrl_msg msg = 0x00005621c6c558a0, (uint64_t)m_id = 140450572781248, timeout = -1, this = 0x00005621c6c465a0
11/10/2025 19:20:03:280	UTIL	[46:61:847234752]	INFO	thread_wrapper_t::create_ch_msg_t::on_message from = 0x00005621c6c465a0, to = 0x00005621c6c465a0, this = 0x00005621c6c558a0
11/10/2025 19:20:03:280	UTIL	[46:61:847234752]	INFO	thread_wrapper_t::bind_queue  , self_id = 140450572781248, bind_thr = 0x00005621c6c465a0[140450572781248], r_queue = 0x00005621c6c554e8, w_queue = 0x00005621c6c556d0, this = 0x00005621c6c465a0
11/10/2025 19:20:03:280	UTIL	[46:46:1361797568]	INFO	thread_wrapper_t::bind_queue  , self_id = 140450572781248, bind_thr = 0x00005621c6c465a0[140450572781248], r_queue = 0x00005621c6c556c8, w_queue = 0x00005621c6c554f0, this = 0x00005621c6c465a0
11/10/2025 19:20:03:280	UTIL	[46:46:1361797568]	INFO	thread_wrapper_t::bind_queue bind_thr = 0x00005621c6c465a0 already be existed, skip it, this = 0x00005621c6c465a0
11/10/2025 19:20:03:280	UTIL	[46:46:1361797568]	INFO	thread_wrapper_t::adjust_timer_precision, m_timer_precision = 50, new_timer_precision = 50, this = 0x00005621c6c465a0
11/10/2025 19:20:04:185	UTIL	[46:46:1361797568]	INFO	UTIL_INIT  refer times = 5, module_id = 5, UTIL has been built on:Sep 19 2025 at 06:33:56 on branch release-client-6.6.x with commit ID 2583f48484aeb604c472d0a89b4ddc1f55
11/10/2025 19:20:04:185	UTIL	[46:46:1361797568]	INFO	register_logger  module_id = 5, module_name = MCM, max_level = 31, logger = 0x0000000000000000, mode = 3
11/10/2025 19:20:04:385	UTIL	[46:46:1361797568]	INFO	register_logger  module_id = 6, module_name = NYDUS, max_level = 31, logger = 0x0000000000000000, mode = 3
11/10/2025 19:20:04:498	UTIL	[46:46:1361797568]	INFO	timer_it::timer_it id = 0, own_thr = 0x0000000000000000, this = 0x00005621c6c58ac0
11/10/2025 19:20:04:498	UTIL	[46:46:1361797568]	INFO	timer_it::timer_it id = 0, own_thr = 0x0000000000000000, this = 0x00005621c6c70e10
11/10/2025 19:20:04:498	UTIL	[46:46:1361797568]	INFO	thread_mgr_t::spawn, mode = 00000008, w_queue_size = 8192, type = 1024, interact_timer = true, thr_name = , bind_mask = 4294967295, use_ext_timer_drv = false, notifier = 0x0000000000000000, this = 0x00005621c6bbc0f0
11/10/2025 19:20:04:498	UTIL	[46:46:1361797568]	INFO	thread_mgr_t::spawn already has an instance for the thread, return it directly, thread id = 140451087344064, this = 0x00005621c6bbc0f0
11/10/2025 19:20:04:693	UTIL	[46:46:1361797568]	INFO	timer_it::add_timer sink = 0x00005621c6c798e8, interval = 12800, times = 0, is_exact = true, this = 0x00005621c6c58ac0
11/10/2025 19:20:04:693	UTIL	[46:46:1361797568]	INFO	timer_it::add_timer sink = 0x00005621c6c798e8, interval = 3840, times = 0, is_exact = true, this = 0x00005621c6c70e10
11/10/2025 19:20:58:470	UTIL	[46:46:1361797568]	INFO	mlog_file::init mid:1069 size:1048576 shmem:false ret:0 this:0x00005621c6c7a048
11/10/2025 19:21:01:406	UTIL	[46:46:1361797568]	INFO	mlog_file::init mid:1027 size:1048576 shmem:false ret:0 this:0x00005621c6c79f38
11/10/2025 19:21:01:675	UTIL	[46:46:1361797568]	INFO	mlog_file::init mid:1008 size:1048576 shmem:false ret:0 this:0x00005621c6ddedd8
11/10/2025 19:21:01:958	UTIL	[46:46:1361797568]	INFO	mlog_file::init mid:1030 size:1048576 shmem:false ret:0 this:0x00005621c6e03b48
