11/10/2025 19:30:46:657	UTIL	[43:43:3677774272]	INFO	thread_mgr_t ::thread_mgr_t(),Mon,10 Nov 2025 19:30:46 GMT, preset_owner_thr = false, this = 0x00005560977f5100
11/10/2025 19:30:46:657	UTIL	[43:43:3677774272]	INFO	new_i8_allocator_t::new_i8_allocator_t, m_page_size = 4096, this = 0x00005560977f1f10
11/10/2025 19:30:46:657	UTIL	[43:43:3677774272]	INFO	UTIL_INIT  refer , s_init_times = 1, module_id = 9, description = UTIL has been built on:Sep 19 2025 at 06:33:56 on branch release-client-6.6.x with commit ID 2583f48484aeb604c472d0a89b4ddc1f55, dir = , filename = , pext = log, max_size = 41943040, max_idx = 99
11/10/2025 19:30:46:657	UTIL	[43:43:3677774272]	INFO	set_timer_driver, setup_call = 0x00007f96f6b603b0, remove_call = 0x00007f96f6b60290
11/10/2025 19:30:46:657	UTIL	[43:43:3677774272]	INFO	thread_mgr_t::spawn, mode = 02000008, w_queue_size = 8192, type = 0, interact_timer = true, thr_name = , bind_mask = 4294967295, use_ext_timer_drv = true, notifier = 0x00005560977f0900, this = 0x00005560977f5100
11/10/2025 19:30:46:657	UTIL	[43:43:3677774272]	INFO	thread_wrapper_t::thread_wrapper_t, mode = 02000008, id = 0, type = 0, thr_manager = 0x00005560977f5100, waits = 0, interact_timer = true, m_timer_precision = 50, this = 0x00005560977fdff0
11/10/2025 19:30:46:657	UTIL	[43:43:3677774272]	INFO	msg_queue_t::msg_queue_t notifier = , notifier = 0x00005560977f0900, writer = 0x0000000000000000, capacity = 1024, mode = 0, this = 0x00005560977f3880
11/10/2025 19:30:46:657	UTIL	[43:43:3677774272]	INFO	thread_wrapper_t::thread_wrapper_t ctrl queue size = 1024, this = 0x00005560977fdff0
11/10/2025 19:30:46:657	UTIL	[43:43:3677774272]	INFO	thread_wrapper_t::init_tls(), m_thread_manager = 0x00005560977f5100, this = 0x00005560977fdff0
11/10/2025 19:30:46:657	UTIL	[43:43:3677774272]	INFO	thread_mgr_t::register_tls, thr = 0x00005560977fdff0, tls = true, this = 0x00005560977f5100
11/10/2025 19:30:46:657	UTIL	[43:43:3677774272]	INFO	thread_wrapper_t::start_alive_check() timer = 0x0000000000000000, m_interact_timer = true, this = 0x00005560977fdff0
11/10/2025 19:30:46:657	UTIL	[43:43:3677774272]	INFO	timer_queue_t::timer_queue_t() , sink = 0x00005560977fe028, min_interval = 204800, this = 0x00005560977fdb80
11/10/2025 19:30:46:658	UTIL	[43:43:3677774272]	INFO	thread_wrapper_t::open_notifier, waits = 0, m_notify = 0x00005560977f0900, this = 0x00005560977fdff0
11/10/2025 19:30:46:658	UTIL	[43:43:3677774272]	INFO	msg_queue_base_t::open_notifier, m_notifier = 0x00005560977f0900, notifier = 0x00005560977f0900, this = 0x00005560977f38a0
11/10/2025 19:30:46:658	UTIL	[43:43:3677774272]	INFO	thread_mgr_t::attach handle = 0x00005560977fdff0, thread_id = 140285899596224, owner_thr = 0x00005560977fdff0, owner_id = 140285899596224, queue_size = 8192, this = 0x00005560977f5100
11/10/2025 19:30:46:658	UTIL	[43:43:3677774272]	INFO	thread_wrapper_t::create_channel(), bind_thr = 0x00005560977fdff0[140285899596224], read_capacity = 8192, write_capacity = 8192, this = 0x00005560977fdff0
11/10/2025 19:30:46:658	UTIL	[43:43:3677774272]	INFO	o2o_msg_queue_t::o2o_msg_queue_t, notifier = 0x00005560977f0900, writer = 0x00005560977fdff0[140285899596224], reader = 0x00005560977fdff0[140285899596224], capacity = 8192, mode = 0, this = 0x00005560977f1d10
11/10/2025 19:30:46:658	UTIL	[43:43:3677774272]	INFO	o2o_msg_queue_t::o2o_msg_queue_t, notifier = 0x00005560977f0900, writer = 0x00005560977fdff0[140285899596224], reader = 0x00005560977fdff0[140285899596224], capacity = 8192, mode = 0, this = 0x00005560977f4e10
11/10/2025 19:30:46:658	UTIL	[43:43:3677774272]	INFO	thread_wrapper_t::bind_queue  , self_id = 140285899596224, bind_thr = 0x00005560977fdff0[140285899596224], r_queue = 0x00005560977f1d78, w_queue = 0x00005560977f4e80, this = 0x00005560977fdff0
11/10/2025 19:30:46:658	UTIL	[43:43:3677774272]	INFO	thread_wrapper_t::bind_queue  , self_id = 140285899596224, bind_thr = 0x00005560977fdff0[140285899596224], r_queue = 0x00005560977f4e78, w_queue = 0x00005560977f1d80, this = 0x00005560977fdff0
11/10/2025 19:30:46:658	UTIL	[43:43:3677774272]	INFO	thread_wrapper_t::bind_queue bind_thr = 0x00005560977fdff0 already be existed, skip it, this = 0x00005560977fdff0
11/10/2025 19:30:46:658	UTIL	[43:43:3677774272]	INFO	thread_wrapper_t::adjust_timer_precision, m_timer_precision = 50, new_timer_precision = 50, this = 0x00005560977fdff0
11/10/2025 19:30:46:658	UTIL	[43:43:3677774272]	INFO	register_logger  module_id = 1057, module_name = zoomtask, max_level = 31, logger = 0x0000000000000000, mode = 3
11/10/2025 19:30:46:769	UTIL	[43:43:3677774272]	INFO	UTIL_INIT  refer times = 2, module_id = 1057, UTIL has been built on:Sep 19 2025 at 06:33:56 on branch release-client-6.6.x with commit ID 2583f48484aeb604c472d0a89b4ddc1f55
11/10/2025 19:30:46:769	UTIL	[43:43:3677774272]	INFO	register_logger  module_id = 1057, module_name = ZoomTask, max_level = 31, logger = 0x0000000000000000, mode = 3
11/10/2025 19:30:46:782	UTIL	[43:43:3677774272]	INFO	UTIL_INIT  refer times = 3, module_id = 2, UTIL has been built on:Sep 19 2025 at 06:33:56 on branch release-client-6.6.x with commit ID 2583f48484aeb604c472d0a89b4ddc1f55
11/10/2025 19:30:46:786	UTIL	[43:43:3677774272]	INFO	timer_it::timer_it id = 0, own_thr = 0x0000000000000000, this = 0x00005560977f5858
11/10/2025 19:30:46:786	UTIL	[43:43:3677774272]	INFO	thread_mgr_t::spawn, mode = 01000004, w_queue_size = 0, type = 3, interact_timer = true, thr_name = zoom.dns, bind_mask = 0, use_ext_timer_drv = false, notifier = 0x0000000000000000, this = 0x00005560977f5100
11/10/2025 19:30:46:786	UTIL	[43:43:3677774272]	INFO	thread_wrapper_t::thread_wrapper_t, mode = 01000004, id = 0, type = 3, thr_manager = 0x00005560977f5100, waits = 1, interact_timer = true, m_timer_precision = 50, this = 0x000055609783dd10
11/10/2025 19:30:46:786	UTIL	[43:43:3677774272]	INFO	msg_queue_t::msg_queue_t notifier = , notifier = 0x0000000000000000, writer = 0x0000000000000000, capacity = 1024, mode = 1, this = 0x000055609783e170
11/10/2025 19:30:46:786	UTIL	[43:43:3677774272]	INFO	thread_wrapper_t::thread_wrapper_t ctrl queue size = 1024, this = 0x000055609783dd10
11/10/2025 19:30:46:786	UTIL	[43:43:3677774272]	INFO	thread_io_t::thread_io_t(), mode = 01000004, type = 3, queue size = 0, this = 0x000055609783dce0
11/10/2025 19:30:46:786	UTIL	[43:43:3677774272]	INFO	thread_io_t::open_notifier, waits = 1, this = 0x000055609783dce0
11/10/2025 19:30:46:787	UTIL	[43:43:3677774272]	INFO	msg_queue_base_t::open_notifier, m_notifier = 0x0000000000000000, notifier = 0x000055609783ba90, this = 0x000055609783e190
11/10/2025 19:30:46:787	UTIL	[43:43:3677774272]	INFO	thread_io_t::thread_run(), id = 0, args = 0x0000000000000000, this = 0x000055609783dce0
11/10/2025 19:30:46:787	UTIL	[43:43:3677774272]	INFO	io_repo_t::io_repo_t, m_working = 0x000055609783dd10, max_io_fds = 1024, this = 0x00005560978426d0
11/10/2025 19:30:46:787	UTIL	[43:43:3677774272]	INFO	notifier_handler_t::notifier_handler_t, io_container = 0x00005560978426d00x000055609783ba90, this = 0x000055609784a860
11/10/2025 19:30:46:787	UTIL	[43:43:3677774272]	INFO	poll_t::poll_t register, fd = 11, es.first = 00000000000000000000000000000011, this = 0x00005560978426d0
11/10/2025 19:30:46:787	UTIL	[43:43:3677774272]	INFO	io_repo_t::start(), m_stop = true, this = 0x00005560978426d0
11/10/2025 19:30:46:787	UTIL	[43:43:3677774272]	INFO	thread_mgr_t::spawn only has control message queue for this thread, this = 0x00005560977f5100
11/10/2025 19:30:46:787	UTIL	[43:43:3677774272]	FATAL	assert: msg[thread_wrapper_t::create_channel bind thread should valid!, bind_thr = 0x0000000000000000] file[/home/jenkins/agent/workspace/Client/Client/DMT/linux/release/tp_util/util/src/thread.cpp], line = [1122]
11/10/2025 19:30:46:787	UTIL	[43:43:3677774272]	INFO	thread_wrapper_t::adjust_timer_precision, m_timer_precision = 50, new_timer_precision = 50, this = 0x000055609783dd10
11/10/2025 19:30:46:787	UTIL	[43:43:3677774272]	INFO	timer_it::timer_it id = 0, own_thr = 0x0000000000000000, this = 0x000055609784b320
11/10/2025 19:30:46:787	UTIL	[43:43:3677774272]	INFO	timer_it::add_timer sink = 0x00005560977f5730, interval = 100, times = 0, is_exact = true, this = 0x000055609784b320
11/10/2025 19:30:46:788	UTIL	[43:49:3645458112]	INFO	poll_t::loop () begin, working = 0x000055609783dd10, this = 0x00005560978426d0
11/10/2025 19:30:46:788	UTIL	[43:49:3645458112]	INFO	thread_io_t::init_tls() thread_id = 140285867280064, this = 0x000055609783dce0
11/10/2025 19:30:46:788	UTIL	[43:49:3645458112]	INFO	thread_wrapper_t::init_tls(), m_thread_manager = 0x00005560977f5100, this = 0x000055609783dd10
11/10/2025 19:30:46:788	UTIL	[43:49:3645458112]	INFO	thread_mgr_t::register_tls, thr = 0x000055609783dd10, tls = true, this = 0x00005560977f5100
11/10/2025 19:30:46:788	UTIL	[43:49:3645458112]	INFO	thread_wrapper_t::start_alive_check() timer = 0x0000000000000000, m_interact_timer = true, this = 0x000055609783dd10
11/10/2025 19:30:46:788	UTIL	[43:49:3645458112]	INFO	timer_queue_t::timer_queue_t() , sink = 0x000055609783dd48, min_interval = 204800, this = 0x00007f96d0001070
11/10/2025 19:30:46:794	UTIL	[43:43:3677774272]	INFO	UTIL_INIT  refer times = 4, module_id = 9, UTIL has been built on:Sep 19 2025 at 06:33:56 on branch release-client-6.6.x with commit ID 2583f48484aeb604c472d0a89b4ddc1f55
11/10/2025 19:30:46:795	UTIL	[43:43:3677774272]	INFO	thread_mgr_t::spawn, mode = 01000004, w_queue_size = 65536, type = 1027, interact_timer = true, thr_name = zoom.db, bind_mask = 4294967295, use_ext_timer_drv = false, notifier = 0x0000000000000000, this = 0x00005560977f5100
11/10/2025 19:30:46:796	UTIL	[43:43:3677774272]	INFO	thread_wrapper_t::thread_wrapper_t, mode = 01000004, id = 0, type = 1027, thr_manager = 0x00005560977f5100, waits = 1, interact_timer = true, m_timer_precision = 50, this = 0x0000556097870780
11/10/2025 19:30:46:796	UTIL	[43:43:3677774272]	INFO	msg_queue_t::msg_queue_t notifier = , notifier = 0x0000000000000000, writer = 0x0000000000000000, capacity = 1024, mode = 1, this = 0x00005560978648d0
11/10/2025 19:30:46:796	UTIL	[43:43:3677774272]	INFO	thread_wrapper_t::thread_wrapper_t ctrl queue size = 1024, this = 0x0000556097870780
11/10/2025 19:30:46:796	UTIL	[43:43:3677774272]	INFO	thread_io_t::thread_io_t(), mode = 01000004, type = 1027, queue size = 65536, this = 0x0000556097870750
11/10/2025 19:30:46:796	UTIL	[43:43:3677774272]	INFO	thread_io_t::open_notifier, waits = 1, this = 0x0000556097870750
11/10/2025 19:30:46:796	UTIL	[43:43:3677774272]	INFO	msg_queue_base_t::open_notifier, m_notifier = 0x0000000000000000, notifier = 0x0000556097874b40, this = 0x00005560978648f0
11/10/2025 19:30:46:796	UTIL	[43:43:3677774272]	INFO	thread_io_t::thread_run(), id = 0, args = 0x0000000000000000, this = 0x0000556097870750
11/10/2025 19:30:46:796	UTIL	[43:43:3677774272]	INFO	io_repo_t::io_repo_t, m_working = 0x0000556097870780, max_io_fds = 1024, this = 0x0000556097874d40
11/10/2025 19:30:46:796	UTIL	[43:43:3677774272]	INFO	notifier_handler_t::notifier_handler_t, io_container = 0x0000556097874d400x0000556097874b40, this = 0x0000556097866190
11/10/2025 19:30:46:796	UTIL	[43:43:3677774272]	INFO	poll_t::poll_t register, fd = 20, es.first = 00000000000000000000000000000011, this = 0x0000556097874d40
11/10/2025 19:30:46:796	UTIL	[43:43:3677774272]	INFO	io_repo_t::start(), m_stop = true, this = 0x0000556097874d40
11/10/2025 19:30:46:796	UTIL	[43:43:3677774272]	INFO	thread_mgr_t::attach handle = 0x0000556097870780, thread_id = 140285594015424, owner_thr = 0x00005560977fdff0, owner_id = 140285899596224, queue_size = 65536, this = 0x00005560977f5100
11/10/2025 19:30:46:796	UTIL	[43:43:3677774272]	INFO	thread_wrapper_t::create_channel(), bind_thr = 0x00005560977fdff0[140285899596224], read_capacity = 65536, write_capacity = 65536, this = 0x0000556097870780
11/10/2025 19:30:46:796	UTIL	[43:43:3677774272]	INFO	o2o_msg_queue_t::o2o_msg_queue_t, notifier = 0x00005560977f0900, writer = 0x0000556097870780[140285594015424], reader = 0x00005560977fdff0[140285899596224], capacity = 65536, mode = 0, this = 0x000055609787d7c0
11/10/2025 19:30:46:796	UTIL	[43:43:3677774272]	INFO	o2o_msg_queue_t::o2o_msg_queue_t, notifier = 0x0000556097874b40, writer = 0x00005560977fdff0[140285899596224], reader = 0x0000556097870780[140285594015424], capacity = 65536, mode = 1, this = 0x000055609787da00
11/10/2025 19:30:46:796	UTIL	[43:43:3677774272]	INFO	thread_wrapper_t::bind_queue  , self_id = 140285899596224, bind_thr = 0x0000556097870780[140285594015424], r_queue = 0x000055609787d828, w_queue = 0x000055609787da70, this = 0x00005560977fdff0
11/10/2025 19:30:46:796	UTIL	[43:43:3677774272]	INFO	thread_wrapper_t::bind_queue  , self_id = 140285594015424, bind_thr = 0x00005560977fdff0[140285899596224], r_queue = 0x000055609787da68, w_queue = 0x000055609787d830, this = 0x0000556097870780
11/10/2025 19:30:46:796	UTIL	[43:43:3677774272]	INFO	thread_wrapper_t::create_channel(), bind_thr = 0x000055609783dd10[140285867280064], read_capacity = 65536, write_capacity = 65536, this = 0x0000556097870780
11/10/2025 19:30:46:796	UTIL	[43:57:3372193472]	INFO	poll_t::loop () begin, working = 0x0000556097870780, this = 0x0000556097874d40
11/10/2025 19:30:46:796	UTIL	[43:57:3372193472]	INFO	thread_io_t::init_tls() thread_id = 140285594015424, this = 0x0000556097870750
11/10/2025 19:30:46:796	UTIL	[43:57:3372193472]	INFO	thread_wrapper_t::init_tls(), m_thread_manager = 0x00005560977f5100, this = 0x0000556097870780
11/10/2025 19:30:46:796	UTIL	[43:57:3372193472]	INFO	thread_mgr_t::register_tls, thr = 0x0000556097870780, tls = true, this = 0x00005560977f5100
11/10/2025 19:30:46:797	UTIL	[43:43:3677774272]	INFO	o2o_msg_queue_t::o2o_msg_queue_t, notifier = 0x000055609783ba90, writer = 0x0000556097870780[140285594015424], reader = 0x000055609783dd10[140285867280064], capacity = 65536, mode = 1, this = 0x000055609787e0a0
11/10/2025 19:30:46:798	UTIL	[43:57:3372193472]	INFO	thread_wrapper_t::start_alive_check() timer = 0x0000000000000000, m_interact_timer = true, this = 0x0000556097870780
11/10/2025 19:30:46:798	UTIL	[43:57:3372193472]	INFO	timer_queue_t::timer_queue_t() , sink = 0x00005560978707b8, min_interval = 204800, this = 0x00007f96ac001070
11/10/2025 19:30:46:798	UTIL	[43:43:3677774272]	INFO	o2o_msg_queue_t::o2o_msg_queue_t, notifier = 0x0000556097874b40, writer = 0x000055609783dd10[140285867280064], reader = 0x0000556097870780[140285594015424], capacity = 65536, mode = 1, this = 0x000055609787e2e0
11/10/2025 19:30:46:798	UTIL	[43:43:3677774272]	INFO	thread_wrapper_t::send_ctrl_msg msg = 0x000055609787e4c0, (uint64_t)m_id = 140285594015424, timeout = -1, this = 0x0000556097870780
11/10/2025 19:30:46:800	UTIL	[43:57:3372193472]	INFO	thread_wrapper_t::create_ch_msg_t::on_message from = 0x0000556097870780, to = 0x000055609783dd10, this = 0x000055609787e4c0
11/10/2025 19:30:46:800	UTIL	[43:57:3372193472]	INFO	thread_wrapper_t::bind_queue  , self_id = 140285867280064, bind_thr = 0x0000556097870780[140285594015424], r_queue = 0x000055609787e108, w_queue = 0x000055609787e350, this = 0x000055609783dd10
11/10/2025 19:30:46:800	UTIL	[43:43:3677774272]	INFO	thread_wrapper_t::bind_queue  , self_id = 140285594015424, bind_thr = 0x000055609783dd10[140285867280064], r_queue = 0x000055609787e348, w_queue = 0x000055609787e110, this = 0x0000556097870780
11/10/2025 19:30:46:800	UTIL	[43:43:3677774272]	INFO	thread_wrapper_t::create_channel(), bind_thr = 0x0000556097870780[140285594015424], read_capacity = 65536, write_capacity = 65536, this = 0x0000556097870780
11/10/2025 19:30:46:801	UTIL	[43:43:3677774272]	INFO	o2o_msg_queue_t::o2o_msg_queue_t, notifier = 0x0000556097874b40, writer = 0x0000556097870780[140285594015424], reader = 0x0000556097870780[140285594015424], capacity = 65536, mode = 1, this = 0x000055609787e860
11/10/2025 19:30:46:801	UTIL	[43:43:3677774272]	INFO	o2o_msg_queue_t::o2o_msg_queue_t, notifier = 0x0000556097874b40, writer = 0x0000556097870780[140285594015424], reader = 0x0000556097870780[140285594015424], capacity = 65536, mode = 1, this = 0x000055609787eaa0
11/10/2025 19:30:46:801	UTIL	[43:43:3677774272]	INFO	thread_wrapper_t::send_ctrl_msg msg = 0x000055609787ece0, (uint64_t)m_id = 140285594015424, timeout = -1, this = 0x0000556097870780
11/10/2025 19:30:46:801	UTIL	[43:57:3372193472]	INFO	thread_wrapper_t::create_ch_msg_t::on_message from = 0x0000556097870780, to = 0x0000556097870780, this = 0x000055609787ece0
11/10/2025 19:30:46:801	UTIL	[43:57:3372193472]	INFO	thread_wrapper_t::bind_queue  , self_id = 140285594015424, bind_thr = 0x0000556097870780[140285594015424], r_queue = 0x000055609787e8c8, w_queue = 0x000055609787eb10, this = 0x0000556097870780
11/10/2025 19:30:46:823	UTIL	[43:43:3677774272]	INFO	thread_wrapper_t::bind_queue  , self_id = 140285594015424, bind_thr = 0x0000556097870780[140285594015424], r_queue = 0x000055609787eb08, w_queue = 0x000055609787e8d0, this = 0x0000556097870780
11/10/2025 19:30:46:823	UTIL	[43:43:3677774272]	INFO	thread_wrapper_t::bind_queue bind_thr = 0x0000556097870780 already be existed, skip it, this = 0x0000556097870780
11/10/2025 19:30:46:823	UTIL	[43:43:3677774272]	INFO	thread_wrapper_t::adjust_timer_precision, m_timer_precision = 50, new_timer_precision = 50, this = 0x0000556097870780
11/10/2025 19:30:46:823	UTIL	[43:43:3677774272]	INFO	thread_mgr_t::spawn, mode = 01000004, w_queue_size = 65536, type = 1028, interact_timer = true, thr_name = zoom.im.index, bind_mask = 4294967295, use_ext_timer_drv = false, notifier = 0x0000000000000000, this = 0x00005560977f5100
11/10/2025 19:30:46:823	UTIL	[43:43:3677774272]	INFO	thread_wrapper_t::thread_wrapper_t, mode = 01000004, id = 0, type = 1028, thr_manager = 0x00005560977f5100, waits = 1, interact_timer = true, m_timer_precision = 50, this = 0x000055609787f3b0
11/10/2025 19:30:46:824	UTIL	[43:43:3677774272]	INFO	msg_queue_t::msg_queue_t notifier = , notifier = 0x0000000000000000, writer = 0x0000000000000000, capacity = 1024, mode = 1, this = 0x000055609787f660
11/10/2025 19:30:46:824	UTIL	[43:43:3677774272]	INFO	thread_wrapper_t::thread_wrapper_t ctrl queue size = 1024, this = 0x000055609787f3b0
11/10/2025 19:30:46:824	UTIL	[43:43:3677774272]	INFO	thread_io_t::thread_io_t(), mode = 01000004, type = 1028, queue size = 65536, this = 0x000055609787f380
11/10/2025 19:30:46:824	UTIL	[43:43:3677774272]	INFO	thread_io_t::open_notifier, waits = 1, this = 0x000055609787f380
11/10/2025 19:30:46:824	UTIL	[43:43:3677774272]	INFO	msg_queue_base_t::open_notifier, m_notifier = 0x0000000000000000, notifier = 0x0000556097883b10, this = 0x000055609787f680
11/10/2025 19:30:46:824	UTIL	[43:43:3677774272]	INFO	thread_io_t::thread_run(), id = 0, args = 0x0000000000000000, this = 0x000055609787f380
11/10/2025 19:30:46:824	UTIL	[43:43:3677774272]	INFO	io_repo_t::io_repo_t, m_working = 0x000055609787f3b0, max_io_fds = 1024, this = 0x0000556097883d70
11/10/2025 19:30:46:824	UTIL	[43:43:3677774272]	INFO	notifier_handler_t::notifier_handler_t, io_container = 0x0000556097883d700x0000556097883b10, this = 0x000055609784be90
11/10/2025 19:30:46:824	UTIL	[43:43:3677774272]	INFO	poll_t::poll_t register, fd = 22, es.first = 00000000000000000000000000000011, this = 0x0000556097883d70
11/10/2025 19:30:46:824	UTIL	[43:43:3677774272]	INFO	io_repo_t::start(), m_stop = true, this = 0x0000556097883d70
11/10/2025 19:30:46:824	UTIL	[43:43:3677774272]	INFO	thread_mgr_t::attach handle = 0x000055609787f3b0, thread_id = 140285107500736, owner_thr = 0x00005560977fdff0, owner_id = 140285899596224, queue_size = 65536, this = 0x00005560977f5100
11/10/2025 19:30:46:824	UTIL	[43:43:3677774272]	INFO	thread_wrapper_t::create_channel(), bind_thr = 0x00005560977fdff0[140285899596224], read_capacity = 65536, write_capacity = 65536, this = 0x000055609787f3b0
11/10/2025 19:30:46:824	UTIL	[43:43:3677774272]	INFO	o2o_msg_queue_t::o2o_msg_queue_t, notifier = 0x00005560977f0900, writer = 0x000055609787f3b0[140285107500736], reader = 0x00005560977fdff0[140285899596224], capacity = 65536, mode = 0, this = 0x000055609788c7f0
11/10/2025 19:30:46:824	UTIL	[43:43:3677774272]	INFO	o2o_msg_queue_t::o2o_msg_queue_t, notifier = 0x0000556097883b10, writer = 0x00005560977fdff0[140285899596224], reader = 0x000055609787f3b0[140285107500736], capacity = 65536, mode = 1, this = 0x000055609788ca30
11/10/2025 19:30:46:825	UTIL	[43:43:3677774272]	INFO	thread_wrapper_t::bind_queue  , self_id = 140285899596224, bind_thr = 0x000055609787f3b0[140285107500736], r_queue = 0x000055609788c858, w_queue = 0x000055609788caa0, this = 0x00005560977fdff0
11/10/2025 19:30:46:825	UTIL	[43:43:3677774272]	INFO	thread_wrapper_t::bind_queue  , self_id = 140285107500736, bind_thr = 0x00005560977fdff0[140285899596224], r_queue = 0x000055609788ca98, w_queue = 0x000055609788c860, this = 0x000055609787f3b0
11/10/2025 19:30:46:825	UTIL	[43:43:3677774272]	INFO	thread_wrapper_t::create_channel(), bind_thr = 0x000055609783dd10[140285867280064], read_capacity = 65536, write_capacity = 65536, this = 0x000055609787f3b0
11/10/2025 19:30:46:825	UTIL	[43:43:3677774272]	INFO	o2o_msg_queue_t::o2o_msg_queue_t, notifier = 0x000055609783ba90, writer = 0x000055609787f3b0[140285107500736], reader = 0x000055609783dd10[140285867280064], capacity = 65536, mode = 1, this = 0x000055609788d0d0
11/10/2025 19:30:46:825	UTIL	[43:43:3677774272]	INFO	o2o_msg_queue_t::o2o_msg_queue_t, notifier = 0x0000556097883b10, writer = 0x000055609783dd10[140285867280064], reader = 0x000055609787f3b0[140285107500736], capacity = 65536, mode = 1, this = 0x000055609788d310
11/10/2025 19:30:46:825	UTIL	[43:43:3677774272]	INFO	thread_wrapper_t::send_ctrl_msg msg = 0x000055609788d550, (uint64_t)m_id = 0, timeout = -1, this = 0x000055609787f3b0
11/10/2025 19:30:46:825	UTIL	[43:58:2885678784]	INFO	poll_t::loop () begin, working = 0x000055609787f3b0, this = 0x0000556097883d70
11/10/2025 19:30:46:825	UTIL	[43:58:2885678784]	INFO	thread_io_t::init_tls() thread_id = 140285107500736, this = 0x000055609787f380
11/10/2025 19:30:46:825	UTIL	[43:58:2885678784]	INFO	thread_wrapper_t::init_tls(), m_thread_manager = 0x00005560977f5100, this = 0x000055609787f3b0
11/10/2025 19:30:46:825	UTIL	[43:58:2885678784]	INFO	thread_mgr_t::register_tls, thr = 0x000055609787f3b0, tls = true, this = 0x00005560977f5100
11/10/2025 19:30:46:825	UTIL	[43:58:2885678784]	INFO	thread_wrapper_t::start_alive_check() timer = 0x0000000000000000, m_interact_timer = true, this = 0x000055609787f3b0
11/10/2025 19:30:46:825	UTIL	[43:58:2885678784]	INFO	timer_queue_t::timer_queue_t() , sink = 0x000055609787f3e8, min_interval = 204800, this = 0x00007f96a4001070
11/10/2025 19:30:46:825	UTIL	[43:58:2885678784]	INFO	thread_wrapper_t::create_ch_msg_t::on_message from = 0x000055609787f3b0, to = 0x000055609783dd10, this = 0x000055609788d550
11/10/2025 19:30:46:825	UTIL	[43:58:2885678784]	INFO	thread_wrapper_t::bind_queue  , self_id = 140285867280064, bind_thr = 0x000055609787f3b0[140285107500736], r_queue = 0x000055609788d138, w_queue = 0x000055609788d380, this = 0x000055609783dd10
11/10/2025 19:30:46:826	UTIL	[43:43:3677774272]	INFO	thread_wrapper_t::bind_queue  , self_id = 140285107500736, bind_thr = 0x000055609783dd10[140285867280064], r_queue = 0x000055609788d378, w_queue = 0x000055609788d140, this = 0x000055609787f3b0
11/10/2025 19:30:46:826	UTIL	[43:43:3677774272]	INFO	thread_wrapper_t::create_channel(), bind_thr = 0x0000556097870780[140285594015424], read_capacity = 65536, write_capacity = 65536, this = 0x000055609787f3b0
11/10/2025 19:30:46:827	UTIL	[43:43:3677774272]	INFO	o2o_msg_queue_t::o2o_msg_queue_t, notifier = 0x0000556097874b40, writer = 0x000055609787f3b0[140285107500736], reader = 0x0000556097870780[140285594015424], capacity = 65536, mode = 1, this = 0x000055609788da10
11/10/2025 19:30:46:827	UTIL	[43:43:3677774272]	INFO	o2o_msg_queue_t::o2o_msg_queue_t, notifier = 0x0000556097883b10, writer = 0x0000556097870780[140285594015424], reader = 0x000055609787f3b0[140285107500736], capacity = 65536, mode = 1, this = 0x000055609788dc50
11/10/2025 19:30:46:827	UTIL	[43:43:3677774272]	INFO	thread_wrapper_t::send_ctrl_msg msg = 0x000055609788de90, (uint64_t)m_id = 140285107500736, timeout = -1, this = 0x000055609787f3b0
11/10/2025 19:30:46:828	UTIL	[43:58:2885678784]	INFO	thread_wrapper_t::create_ch_msg_t::on_message from = 0x000055609787f3b0, to = 0x0000556097870780, this = 0x000055609788de90
11/10/2025 19:30:46:828	UTIL	[43:58:2885678784]	INFO	thread_wrapper_t::bind_queue  , self_id = 140285594015424, bind_thr = 0x000055609787f3b0[140285107500736], r_queue = 0x000055609788da78, w_queue = 0x000055609788dcc0, this = 0x0000556097870780
11/10/2025 19:30:46:828	UTIL	[43:43:3677774272]	INFO	thread_wrapper_t::bind_queue  , self_id = 140285107500736, bind_thr = 0x0000556097870780[140285594015424], r_queue = 0x000055609788dcb8, w_queue = 0x000055609788da80, this = 0x000055609787f3b0
11/10/2025 19:30:46:828	UTIL	[43:43:3677774272]	INFO	thread_wrapper_t::create_channel(), bind_thr = 0x000055609787f3b0[140285107500736], read_capacity = 65536, write_capacity = 65536, this = 0x000055609787f3b0
11/10/2025 19:30:46:828	UTIL	[43:43:3677774272]	INFO	o2o_msg_queue_t::o2o_msg_queue_t, notifier = 0x0000556097883b10, writer = 0x000055609787f3b0[140285107500736], reader = 0x000055609787f3b0[140285107500736], capacity = 65536, mode = 1, this = 0x000055609788e2e0
11/10/2025 19:30:46:828	UTIL	[43:43:3677774272]	INFO	o2o_msg_queue_t::o2o_msg_queue_t, notifier = 0x0000556097883b10, writer = 0x000055609787f3b0[140285107500736], reader = 0x000055609787f3b0[140285107500736], capacity = 65536, mode = 1, this = 0x000055609788e520
11/10/2025 19:30:46:828	UTIL	[43:43:3677774272]	INFO	thread_wrapper_t::send_ctrl_msg msg = 0x000055609788e760, (uint64_t)m_id = 140285107500736, timeout = -1, this = 0x000055609787f3b0
11/10/2025 19:30:46:829	UTIL	[43:58:2885678784]	INFO	thread_wrapper_t::create_ch_msg_t::on_message from = 0x000055609787f3b0, to = 0x000055609787f3b0, this = 0x000055609788e760
11/10/2025 19:30:46:829	UTIL	[43:58:2885678784]	INFO	thread_wrapper_t::bind_queue  , self_id = 140285107500736, bind_thr = 0x000055609787f3b0[140285107500736], r_queue = 0x000055609788e348, w_queue = 0x000055609788e590, this = 0x000055609787f3b0
11/10/2025 19:30:46:835	UTIL	[43:43:3677774272]	INFO	thread_wrapper_t::bind_queue  , self_id = 140285107500736, bind_thr = 0x000055609787f3b0[140285107500736], r_queue = 0x000055609788e588, w_queue = 0x000055609788e350, this = 0x000055609787f3b0
11/10/2025 19:30:46:835	UTIL	[43:43:3677774272]	INFO	thread_wrapper_t::bind_queue bind_thr = 0x000055609787f3b0 already be existed, skip it, this = 0x000055609787f3b0
11/10/2025 19:30:46:835	UTIL	[43:43:3677774272]	INFO	thread_wrapper_t::adjust_timer_precision, m_timer_precision = 50, new_timer_precision = 50, this = 0x000055609787f3b0
11/10/2025 19:30:46:963	UTIL	[43:43:3677774272]	INFO	UTIL_INIT  refer times = 5, module_id = 5, UTIL has been built on:Sep 19 2025 at 06:33:56 on branch release-client-6.6.x with commit ID 2583f48484aeb604c472d0a89b4ddc1f55
11/10/2025 19:30:46:963	UTIL	[43:43:3677774272]	INFO	register_logger  module_id = 5, module_name = MCM, max_level = 31, logger = 0x0000000000000000, mode = 3
11/10/2025 19:30:46:989	UTIL	[43:43:3677774272]	INFO	register_logger  module_id = 6, module_name = NYDUS, max_level = 31, logger = 0x0000000000000000, mode = 3
11/10/2025 19:30:46:989	UTIL	[43:43:3677774272]	INFO	timer_it::timer_it id = 0, own_thr = 0x0000000000000000, this = 0x00005560978920e0
11/10/2025 19:30:46:989	UTIL	[43:43:3677774272]	INFO	timer_it::timer_it id = 0, own_thr = 0x0000000000000000, this = 0x00005560978abde0
11/10/2025 19:30:46:989	UTIL	[43:43:3677774272]	INFO	thread_mgr_t::spawn, mode = 00000008, w_queue_size = 8192, type = 1024, interact_timer = true, thr_name = , bind_mask = 4294967295, use_ext_timer_drv = false, notifier = 0x0000000000000000, this = 0x00005560977f5100
11/10/2025 19:30:46:989	UTIL	[43:43:3677774272]	INFO	thread_mgr_t::spawn already has an instance for the thread, return it directly, thread id = 140285899596224, this = 0x00005560977f5100
11/10/2025 19:30:47:199	UTIL	[43:43:3677774272]	INFO	timer_it::add_timer sink = 0x00005560978c05b8, interval = 12800, times = 0, is_exact = true, this = 0x00005560978920e0
11/10/2025 19:30:47:199	UTIL	[43:43:3677774272]	INFO	timer_it::add_timer sink = 0x00005560978c05b8, interval = 3840, times = 0, is_exact = true, this = 0x00005560978abde0
11/10/2025 19:31:19:126	UTIL	[43:43:3677774272]	INFO	mlog_file::init mid:1069 size:1048576 shmem:false ret:0 this:0x0000556097946f38
11/10/2025 19:31:30:436	UTIL	[43:43:3677774272]	INFO	mlog_file::init mid:1027 size:1048576 shmem:false ret:0 this:0x00005560979322b8
11/10/2025 19:31:30:652	UTIL	[43:43:3677774272]	INFO	mlog_file::init mid:1008 size:1048576 shmem:false ret:0 this:0x00005560978c11a8
11/10/2025 19:31:30:866	UTIL	[43:43:3677774272]	INFO	mlog_file::init mid:1030 size:1048576 shmem:false ret:0 this:0x0000556097a3b188
