11/10/2025 19:18:42:097	UTIL	[46:46:444166592]	INFO	thread_mgr_t ::thread_mgr_t(),Mon,10 Nov 2025 19:18:42 GMT, preset_owner_thr = false, this = 0x0000563bf04590f0
11/10/2025 19:18:42:097	UTIL	[46:46:444166592]	INFO	new_i8_allocator_t::new_i8_allocator_t, m_page_size = 4096, this = 0x0000563bf0455f00
11/10/2025 19:18:42:097	UTIL	[46:46:444166592]	INFO	UTIL_INIT  refer , s_init_times = 1, module_id = 9, description = UTIL has been built on:Sep 19 2025 at 06:33:56 on branch release-client-6.6.x with commit ID 2583f48484aeb604c472d0a89b4ddc1f55, dir = , filename = , pext = log, max_size = 41943040, max_idx = 99
11/10/2025 19:18:42:097	UTIL	[46:46:444166592]	INFO	set_timer_driver, setup_call = 0x00007f4335f603b0, remove_call = 0x00007f4335f60290
11/10/2025 19:18:42:097	UTIL	[46:46:444166592]	INFO	thread_mgr_t::spawn, mode = 02000008, w_queue_size = 8192, type = 0, interact_timer = true, thr_name = , bind_mask = 4294967295, use_ext_timer_drv = true, notifier = 0x0000563bf04548f0, this = 0x0000563bf04590f0
11/10/2025 19:18:42:097	UTIL	[46:46:444166592]	INFO	thread_wrapper_t::thread_wrapper_t, mode = 02000008, id = 0, type = 0, thr_manager = 0x0000563bf04590f0, waits = 0, interact_timer = true, m_timer_precision = 50, this = 0x0000563bf04470a0
11/10/2025 19:18:42:097	UTIL	[46:46:444166592]	INFO	msg_queue_t::msg_queue_t notifier = , notifier = 0x0000563bf04548f0, writer = 0x0000000000000000, capacity = 1024, mode = 0, this = 0x0000563bf0454b10
11/10/2025 19:18:42:097	UTIL	[46:46:444166592]	INFO	thread_wrapper_t::thread_wrapper_t ctrl queue size = 1024, this = 0x0000563bf04470a0
11/10/2025 19:18:42:097	UTIL	[46:46:444166592]	INFO	thread_wrapper_t::init_tls(), m_thread_manager = 0x0000563bf04590f0, this = 0x0000563bf04470a0
11/10/2025 19:18:42:097	UTIL	[46:46:444166592]	INFO	thread_mgr_t::register_tls, thr = 0x0000563bf04470a0, tls = true, this = 0x0000563bf04590f0
11/10/2025 19:18:42:097	UTIL	[46:46:444166592]	INFO	thread_wrapper_t::start_alive_check() timer = 0x0000000000000000, m_interact_timer = true, this = 0x0000563bf04470a0
11/10/2025 19:18:42:097	UTIL	[46:46:444166592]	INFO	timer_queue_t::timer_queue_t() , sink = 0x0000563bf04470d8, min_interval = 204800, this = 0x0000563bf0461b00
11/10/2025 19:18:42:097	UTIL	[46:46:444166592]	INFO	thread_wrapper_t::open_notifier, waits = 0, m_notify = 0x0000563bf04548f0, this = 0x0000563bf04470a0
11/10/2025 19:18:42:097	UTIL	[46:46:444166592]	INFO	msg_queue_base_t::open_notifier, m_notifier = 0x0000563bf04548f0, notifier = 0x0000563bf04548f0, this = 0x0000563bf0454b30
11/10/2025 19:18:42:097	UTIL	[46:46:444166592]	INFO	thread_mgr_t::attach handle = 0x0000563bf04470a0, thread_id = 139926183702976, owner_thr = 0x0000563bf04470a0, owner_id = 139926183702976, queue_size = 8192, this = 0x0000563bf04590f0
11/10/2025 19:18:42:097	UTIL	[46:46:444166592]	INFO	thread_wrapper_t::create_channel(), bind_thr = 0x0000563bf04470a0[139926183702976], read_capacity = 8192, write_capacity = 8192, this = 0x0000563bf04470a0
11/10/2025 19:18:42:098	UTIL	[46:46:444166592]	INFO	o2o_msg_queue_t::o2o_msg_queue_t, notifier = 0x0000563bf04548f0, writer = 0x0000563bf04470a0[139926183702976], reader = 0x0000563bf04470a0[139926183702976], capacity = 8192, mode = 0, this = 0x0000563bf0455d00
11/10/2025 19:18:42:098	UTIL	[46:46:444166592]	INFO	o2o_msg_queue_t::o2o_msg_queue_t, notifier = 0x0000563bf04548f0, writer = 0x0000563bf04470a0[139926183702976], reader = 0x0000563bf04470a0[139926183702976], capacity = 8192, mode = 0, this = 0x0000563bf0458e00
11/10/2025 19:18:42:098	UTIL	[46:46:444166592]	INFO	thread_wrapper_t::bind_queue  , self_id = 139926183702976, bind_thr = 0x0000563bf04470a0[139926183702976], r_queue = 0x0000563bf0455d68, w_queue = 0x0000563bf0458e70, this = 0x0000563bf04470a0
11/10/2025 19:18:42:098	UTIL	[46:46:444166592]	INFO	thread_wrapper_t::bind_queue  , self_id = 139926183702976, bind_thr = 0x0000563bf04470a0[139926183702976], r_queue = 0x0000563bf0458e68, w_queue = 0x0000563bf0455d70, this = 0x0000563bf04470a0
11/10/2025 19:18:42:098	UTIL	[46:46:444166592]	INFO	thread_wrapper_t::bind_queue bind_thr = 0x0000563bf04470a0 already be existed, skip it, this = 0x0000563bf04470a0
11/10/2025 19:18:42:098	UTIL	[46:46:444166592]	INFO	thread_wrapper_t::adjust_timer_precision, m_timer_precision = 50, new_timer_precision = 50, this = 0x0000563bf04470a0
11/10/2025 19:18:42:098	UTIL	[46:46:444166592]	INFO	register_logger  module_id = 1057, module_name = zoomtask, max_level = 31, logger = 0x0000000000000000, mode = 3
11/10/2025 19:18:42:099	UTIL	[46:46:444166592]	INFO	UTIL_INIT  refer times = 2, module_id = 1057, UTIL has been built on:Sep 19 2025 at 06:33:56 on branch release-client-6.6.x with commit ID 2583f48484aeb604c472d0a89b4ddc1f55
11/10/2025 19:18:42:099	UTIL	[46:46:444166592]	INFO	register_logger  module_id = 1057, module_name = ZoomTask, max_level = 31, logger = 0x0000000000000000, mode = 3
11/10/2025 19:18:42:110	UTIL	[46:46:444166592]	INFO	UTIL_INIT  refer times = 3, module_id = 2, UTIL has been built on:Sep 19 2025 at 06:33:56 on branch release-client-6.6.x with commit ID 2583f48484aeb604c472d0a89b4ddc1f55
11/10/2025 19:18:42:112	UTIL	[46:46:444166592]	INFO	timer_it::timer_it id = 0, own_thr = 0x0000000000000000, this = 0x0000563bf0459848
11/10/2025 19:18:42:112	UTIL	[46:46:444166592]	INFO	thread_mgr_t::spawn, mode = 01000004, w_queue_size = 0, type = 3, interact_timer = true, thr_name = zoom.dns, bind_mask = 0, use_ext_timer_drv = false, notifier = 0x0000000000000000, this = 0x0000563bf04590f0
11/10/2025 19:18:42:112	UTIL	[46:46:444166592]	INFO	thread_wrapper_t::thread_wrapper_t, mode = 01000004, id = 0, type = 3, thr_manager = 0x0000563bf04590f0, waits = 1, interact_timer = true, m_timer_precision = 50, this = 0x0000563bf04a22b0
11/10/2025 19:18:42:112	UTIL	[46:46:444166592]	INFO	msg_queue_t::msg_queue_t notifier = , notifier = 0x0000000000000000, writer = 0x0000000000000000, capacity = 1024, mode = 1, this = 0x0000563bf04a2710
11/10/2025 19:18:42:112	UTIL	[46:46:444166592]	INFO	thread_wrapper_t::thread_wrapper_t ctrl queue size = 1024, this = 0x0000563bf04a22b0
11/10/2025 19:18:42:112	UTIL	[46:46:444166592]	INFO	thread_io_t::thread_io_t(), mode = 01000004, type = 3, queue size = 0, this = 0x0000563bf04a2280
11/10/2025 19:18:42:112	UTIL	[46:46:444166592]	INFO	thread_io_t::open_notifier, waits = 1, this = 0x0000563bf04a2280
11/10/2025 19:18:42:112	UTIL	[46:46:444166592]	INFO	msg_queue_base_t::open_notifier, m_notifier = 0x0000000000000000, notifier = 0x0000563bf049ffa0, this = 0x0000563bf04a2730
11/10/2025 19:18:42:112	UTIL	[46:46:444166592]	INFO	thread_io_t::thread_run(), id = 0, args = 0x0000000000000000, this = 0x0000563bf04a2280
11/10/2025 19:18:42:112	UTIL	[46:46:444166592]	INFO	io_repo_t::io_repo_t, m_working = 0x0000563bf04a22b0, max_io_fds = 1024, this = 0x0000563bf04a6c30
11/10/2025 19:18:42:112	UTIL	[46:46:444166592]	INFO	notifier_handler_t::notifier_handler_t, io_container = 0x0000563bf04a6c300x0000563bf049ffa0, this = 0x0000563bf04aedb0
11/10/2025 19:18:42:112	UTIL	[46:46:444166592]	INFO	poll_t::poll_t register, fd = 11, es.first = 00000000000000000000000000000011, this = 0x0000563bf04a6c30
11/10/2025 19:18:42:112	UTIL	[46:46:444166592]	INFO	io_repo_t::start(), m_stop = true, this = 0x0000563bf04a6c30
11/10/2025 19:18:42:112	UTIL	[46:46:444166592]	INFO	thread_mgr_t::spawn only has control message queue for this thread, this = 0x0000563bf04590f0
11/10/2025 19:18:42:112	UTIL	[46:46:444166592]	FATAL	assert: msg[thread_wrapper_t::create_channel bind thread should valid!, bind_thr = 0x0000000000000000] file[/home/jenkins/agent/workspace/Client/Client/DMT/linux/release/tp_util/util/src/thread.cpp], line = [1122]
11/10/2025 19:18:42:112	UTIL	[46:46:444166592]	INFO	thread_wrapper_t::adjust_timer_precision, m_timer_precision = 50, new_timer_precision = 50, this = 0x0000563bf04a22b0
11/10/2025 19:18:42:112	UTIL	[46:46:444166592]	INFO	timer_it::timer_it id = 0, own_thr = 0x0000000000000000, this = 0x0000563bf04af870
11/10/2025 19:18:42:112	UTIL	[46:46:444166592]	INFO	timer_it::add_timer sink = 0x0000563bf0459720, interval = 100, times = 0, is_exact = true, this = 0x0000563bf04af870
11/10/2025 19:18:42:112	UTIL	[46:52:411850432]	INFO	poll_t::loop () begin, working = 0x0000563bf04a22b0, this = 0x0000563bf04a6c30
11/10/2025 19:18:42:112	UTIL	[46:52:411850432]	INFO	thread_io_t::init_tls() thread_id = 139926151386816, this = 0x0000563bf04a2280
11/10/2025 19:18:42:112	UTIL	[46:52:411850432]	INFO	thread_wrapper_t::init_tls(), m_thread_manager = 0x0000563bf04590f0, this = 0x0000563bf04a22b0
11/10/2025 19:18:42:112	UTIL	[46:52:411850432]	INFO	thread_mgr_t::register_tls, thr = 0x0000563bf04a22b0, tls = true, this = 0x0000563bf04590f0
11/10/2025 19:18:42:112	UTIL	[46:52:411850432]	INFO	thread_wrapper_t::start_alive_check() timer = 0x0000000000000000, m_interact_timer = true, this = 0x0000563bf04a22b0
11/10/2025 19:18:42:112	UTIL	[46:52:411850432]	INFO	timer_queue_t::timer_queue_t() , sink = 0x0000563bf04a22e8, min_interval = 204800, this = 0x00007f4310001070
11/10/2025 19:18:42:114	UTIL	[46:46:444166592]	INFO	UTIL_INIT  refer times = 4, module_id = 9, UTIL has been built on:Sep 19 2025 at 06:33:56 on branch release-client-6.6.x with commit ID 2583f48484aeb604c472d0a89b4ddc1f55
11/10/2025 19:18:42:115	UTIL	[46:46:444166592]	INFO	thread_mgr_t::spawn, mode = 01000004, w_queue_size = 65536, type = 1027, interact_timer = true, thr_name = zoom.db, bind_mask = 4294967295, use_ext_timer_drv = false, notifier = 0x0000000000000000, this = 0x0000563bf04590f0
11/10/2025 19:18:42:115	UTIL	[46:46:444166592]	INFO	thread_wrapper_t::thread_wrapper_t, mode = 01000004, id = 0, type = 1027, thr_manager = 0x0000563bf04590f0, waits = 1, interact_timer = true, m_timer_precision = 50, this = 0x0000563bf04d4d20
11/10/2025 19:18:42:115	UTIL	[46:46:444166592]	INFO	msg_queue_t::msg_queue_t notifier = , notifier = 0x0000000000000000, writer = 0x0000000000000000, capacity = 1024, mode = 1, this = 0x0000563bf04c8e70
11/10/2025 19:18:42:115	UTIL	[46:46:444166592]	INFO	thread_wrapper_t::thread_wrapper_t ctrl queue size = 1024, this = 0x0000563bf04d4d20
11/10/2025 19:18:42:115	UTIL	[46:46:444166592]	INFO	thread_io_t::thread_io_t(), mode = 01000004, type = 1027, queue size = 65536, this = 0x0000563bf04d4cf0
11/10/2025 19:18:42:115	UTIL	[46:46:444166592]	INFO	thread_io_t::open_notifier, waits = 1, this = 0x0000563bf04d4cf0
11/10/2025 19:18:42:115	UTIL	[46:46:444166592]	INFO	msg_queue_base_t::open_notifier, m_notifier = 0x0000000000000000, notifier = 0x0000563bf04d90e0, this = 0x0000563bf04c8e90
11/10/2025 19:18:42:115	UTIL	[46:46:444166592]	INFO	thread_io_t::thread_run(), id = 0, args = 0x0000000000000000, this = 0x0000563bf04d4cf0
11/10/2025 19:18:42:115	UTIL	[46:46:444166592]	INFO	io_repo_t::io_repo_t, m_working = 0x0000563bf04d4d20, max_io_fds = 1024, this = 0x0000563bf04d92e0
11/10/2025 19:18:42:115	UTIL	[46:46:444166592]	INFO	notifier_handler_t::notifier_handler_t, io_container = 0x0000563bf04d92e00x0000563bf04d90e0, this = 0x0000563bf04ca730
11/10/2025 19:18:42:115	UTIL	[46:46:444166592]	INFO	poll_t::poll_t register, fd = 20, es.first = 00000000000000000000000000000011, this = 0x0000563bf04d92e0
11/10/2025 19:18:42:115	UTIL	[46:46:444166592]	INFO	io_repo_t::start(), m_stop = true, this = 0x0000563bf04d92e0
11/10/2025 19:18:42:116	UTIL	[46:46:444166592]	INFO	thread_mgr_t::attach handle = 0x0000563bf04d4d20, thread_id = 139925403989696, owner_thr = 0x0000563bf04470a0, owner_id = 139926183702976, queue_size = 65536, this = 0x0000563bf04590f0
11/10/2025 19:18:42:116	UTIL	[46:46:444166592]	INFO	thread_wrapper_t::create_channel(), bind_thr = 0x0000563bf04470a0[139926183702976], read_capacity = 65536, write_capacity = 65536, this = 0x0000563bf04d4d20
11/10/2025 19:18:42:116	UTIL	[46:46:444166592]	INFO	o2o_msg_queue_t::o2o_msg_queue_t, notifier = 0x0000563bf04548f0, writer = 0x0000563bf04d4d20[139925403989696], reader = 0x0000563bf04470a0[139926183702976], capacity = 65536, mode = 0, this = 0x0000563bf04e1d50
11/10/2025 19:18:42:117	UTIL	[46:60:3959420608]	INFO	poll_t::loop () begin, working = 0x0000563bf04d4d20, this = 0x0000563bf04d92e0
11/10/2025 19:18:42:117	UTIL	[46:60:3959420608]	INFO	thread_io_t::init_tls() thread_id = 139925403989696, this = 0x0000563bf04d4cf0
11/10/2025 19:18:42:117	UTIL	[46:60:3959420608]	INFO	thread_wrapper_t::init_tls(), m_thread_manager = 0x0000563bf04590f0, this = 0x0000563bf04d4d20
11/10/2025 19:18:42:117	UTIL	[46:60:3959420608]	INFO	thread_mgr_t::register_tls, thr = 0x0000563bf04d4d20, tls = true, this = 0x0000563bf04590f0
11/10/2025 19:18:42:117	UTIL	[46:60:3959420608]	INFO	thread_wrapper_t::start_alive_check() timer = 0x0000000000000000, m_interact_timer = true, this = 0x0000563bf04d4d20
11/10/2025 19:18:42:117	UTIL	[46:60:3959420608]	INFO	timer_queue_t::timer_queue_t() , sink = 0x0000563bf04d4d58, min_interval = 204800, this = 0x00007f42e4001070
11/10/2025 19:18:42:118	UTIL	[46:46:444166592]	INFO	o2o_msg_queue_t::o2o_msg_queue_t, notifier = 0x0000563bf04d90e0, writer = 0x0000563bf04470a0[139926183702976], reader = 0x0000563bf04d4d20[139925403989696], capacity = 65536, mode = 1, this = 0x0000563bf04e1f80
11/10/2025 19:18:42:118	UTIL	[46:46:444166592]	INFO	thread_wrapper_t::bind_queue  , self_id = 139926183702976, bind_thr = 0x0000563bf04d4d20[139925403989696], r_queue = 0x0000563bf04e1db8, w_queue = 0x0000563bf04e1ff0, this = 0x0000563bf04470a0
11/10/2025 19:18:42:118	UTIL	[46:46:444166592]	INFO	thread_wrapper_t::bind_queue  , self_id = 139925403989696, bind_thr = 0x0000563bf04470a0[139926183702976], r_queue = 0x0000563bf04e1fe8, w_queue = 0x0000563bf04e1dc0, this = 0x0000563bf04d4d20
11/10/2025 19:18:42:118	UTIL	[46:46:444166592]	INFO	thread_wrapper_t::create_channel(), bind_thr = 0x0000563bf04a22b0[139926151386816], read_capacity = 65536, write_capacity = 65536, this = 0x0000563bf04d4d20
11/10/2025 19:18:42:118	UTIL	[46:46:444166592]	INFO	o2o_msg_queue_t::o2o_msg_queue_t, notifier = 0x0000563bf049ffa0, writer = 0x0000563bf04d4d20[139925403989696], reader = 0x0000563bf04a22b0[139926151386816], capacity = 65536, mode = 1, this = 0x0000563bf04e2610
11/10/2025 19:18:42:119	UTIL	[46:46:444166592]	INFO	o2o_msg_queue_t::o2o_msg_queue_t, notifier = 0x0000563bf04d90e0, writer = 0x0000563bf04a22b0[139926151386816], reader = 0x0000563bf04d4d20[139925403989696], capacity = 65536, mode = 1, this = 0x0000563bf04e2840
11/10/2025 19:18:42:119	UTIL	[46:46:444166592]	INFO	thread_wrapper_t::send_ctrl_msg msg = 0x0000563bf04e2a70, (uint64_t)m_id = 139925403989696, timeout = -1, this = 0x0000563bf04d4d20
11/10/2025 19:18:42:119	UTIL	[46:60:3959420608]	INFO	thread_wrapper_t::create_ch_msg_t::on_message from = 0x0000563bf04d4d20, to = 0x0000563bf04a22b0, this = 0x0000563bf04e2a70
11/10/2025 19:18:42:119	UTIL	[46:60:3959420608]	INFO	thread_wrapper_t::bind_queue  , self_id = 139926151386816, bind_thr = 0x0000563bf04d4d20[139925403989696], r_queue = 0x0000563bf04e2678, w_queue = 0x0000563bf04e28b0, this = 0x0000563bf04a22b0
11/10/2025 19:18:42:119	UTIL	[46:46:444166592]	INFO	thread_wrapper_t::bind_queue  , self_id = 139925403989696, bind_thr = 0x0000563bf04a22b0[139926151386816], r_queue = 0x0000563bf04e28a8, w_queue = 0x0000563bf04e2680, this = 0x0000563bf04d4d20
11/10/2025 19:18:42:119	UTIL	[46:46:444166592]	INFO	thread_wrapper_t::create_channel(), bind_thr = 0x0000563bf04d4d20[139925403989696], read_capacity = 65536, write_capacity = 65536, this = 0x0000563bf04d4d20
11/10/2025 19:18:42:120	UTIL	[46:46:444166592]	INFO	o2o_msg_queue_t::o2o_msg_queue_t, notifier = 0x0000563bf04d90e0, writer = 0x0000563bf04d4d20[139925403989696], reader = 0x0000563bf04d4d20[139925403989696], capacity = 65536, mode = 1, this = 0x0000563bf04e2e70
11/10/2025 19:18:42:120	UTIL	[46:46:444166592]	INFO	o2o_msg_queue_t::o2o_msg_queue_t, notifier = 0x0000563bf04d90e0, writer = 0x0000563bf04d4d20[139925403989696], reader = 0x0000563bf04d4d20[139925403989696], capacity = 65536, mode = 1, this = 0x0000563bf04e30a0
11/10/2025 19:18:42:120	UTIL	[46:46:444166592]	INFO	thread_wrapper_t::send_ctrl_msg msg = 0x0000563bf04e32d0, (uint64_t)m_id = 139925403989696, timeout = -1, this = 0x0000563bf04d4d20
11/10/2025 19:18:42:120	UTIL	[46:60:3959420608]	INFO	thread_wrapper_t::create_ch_msg_t::on_message from = 0x0000563bf04d4d20, to = 0x0000563bf04d4d20, this = 0x0000563bf04e32d0
11/10/2025 19:18:42:120	UTIL	[46:60:3959420608]	INFO	thread_wrapper_t::bind_queue  , self_id = 139925403989696, bind_thr = 0x0000563bf04d4d20[139925403989696], r_queue = 0x0000563bf04e2ed8, w_queue = 0x0000563bf04e3110, this = 0x0000563bf04d4d20
11/10/2025 19:18:42:121	UTIL	[46:46:444166592]	INFO	thread_wrapper_t::bind_queue  , self_id = 139925403989696, bind_thr = 0x0000563bf04d4d20[139925403989696], r_queue = 0x0000563bf04e3108, w_queue = 0x0000563bf04e2ee0, this = 0x0000563bf04d4d20
11/10/2025 19:18:42:121	UTIL	[46:46:444166592]	INFO	thread_wrapper_t::bind_queue bind_thr = 0x0000563bf04d4d20 already be existed, skip it, this = 0x0000563bf04d4d20
11/10/2025 19:18:42:121	UTIL	[46:46:444166592]	INFO	thread_wrapper_t::adjust_timer_precision, m_timer_precision = 50, new_timer_precision = 50, this = 0x0000563bf04d4d20
11/10/2025 19:18:42:121	UTIL	[46:46:444166592]	INFO	thread_mgr_t::spawn, mode = 01000004, w_queue_size = 65536, type = 1028, interact_timer = true, thr_name = zoom.im.index, bind_mask = 4294967295, use_ext_timer_drv = false, notifier = 0x0000000000000000, this = 0x0000563bf04590f0
11/10/2025 19:18:42:121	UTIL	[46:46:444166592]	INFO	thread_wrapper_t::thread_wrapper_t, mode = 01000004, id = 0, type = 1028, thr_manager = 0x0000563bf04590f0, waits = 1, interact_timer = true, m_timer_precision = 50, this = 0x0000563bf04e3a60
11/10/2025 19:18:42:121	UTIL	[46:46:444166592]	INFO	msg_queue_t::msg_queue_t notifier = , notifier = 0x0000000000000000, writer = 0x0000000000000000, capacity = 1024, mode = 1, this = 0x0000563bf04e3d10
11/10/2025 19:18:42:121	UTIL	[46:46:444166592]	INFO	thread_wrapper_t::thread_wrapper_t ctrl queue size = 1024, this = 0x0000563bf04e3a60
11/10/2025 19:18:42:121	UTIL	[46:46:444166592]	INFO	thread_io_t::thread_io_t(), mode = 01000004, type = 1028, queue size = 65536, this = 0x0000563bf04e3a30
11/10/2025 19:18:42:121	UTIL	[46:46:444166592]	INFO	thread_io_t::open_notifier, waits = 1, this = 0x0000563bf04e3a30
11/10/2025 19:18:42:121	UTIL	[46:46:444166592]	INFO	msg_queue_base_t::open_notifier, m_notifier = 0x0000000000000000, notifier = 0x0000563bf04e81c0, this = 0x0000563bf04e3d30
11/10/2025 19:18:42:121	UTIL	[46:46:444166592]	INFO	thread_io_t::thread_run(), id = 0, args = 0x0000000000000000, this = 0x0000563bf04e3a30
11/10/2025 19:18:42:121	UTIL	[46:46:444166592]	INFO	io_repo_t::io_repo_t, m_working = 0x0000563bf04e3a60, max_io_fds = 1024, this = 0x0000563bf04e8420
11/10/2025 19:18:42:121	UTIL	[46:46:444166592]	INFO	notifier_handler_t::notifier_handler_t, io_container = 0x0000563bf04e84200x0000563bf04e81c0, this = 0x0000563bf04b03d0
11/10/2025 19:18:42:121	UTIL	[46:46:444166592]	INFO	poll_t::poll_t register, fd = 22, es.first = 00000000000000000000000000000011, this = 0x0000563bf04e8420
11/10/2025 19:18:42:121	UTIL	[46:46:444166592]	INFO	io_repo_t::start(), m_stop = true, this = 0x0000563bf04e8420
11/10/2025 19:18:42:121	UTIL	[46:46:444166592]	INFO	thread_mgr_t::attach handle = 0x0000563bf04e3a60, thread_id = 139925605316288, owner_thr = 0x0000563bf04470a0, owner_id = 139926183702976, queue_size = 65536, this = 0x0000563bf04590f0
11/10/2025 19:18:42:121	UTIL	[46:46:444166592]	INFO	thread_wrapper_t::create_channel(), bind_thr = 0x0000563bf04470a0[139926183702976], read_capacity = 65536, write_capacity = 65536, this = 0x0000563bf04e3a60
11/10/2025 19:18:42:121	UTIL	[46:46:444166592]	INFO	o2o_msg_queue_t::o2o_msg_queue_t, notifier = 0x0000563bf04548f0, writer = 0x0000563bf04e3a60[139925605316288], reader = 0x0000563bf04470a0[139926183702976], capacity = 65536, mode = 0, this = 0x0000563bf04f0e90
11/10/2025 19:18:42:122	UTIL	[46:46:444166592]	INFO	o2o_msg_queue_t::o2o_msg_queue_t, notifier = 0x0000563bf04e81c0, writer = 0x0000563bf04470a0[139926183702976], reader = 0x0000563bf04e3a60[139925605316288], capacity = 65536, mode = 1, this = 0x0000563bf04f10c0
11/10/2025 19:18:42:122	UTIL	[46:46:444166592]	INFO	thread_wrapper_t::bind_queue  , self_id = 139926183702976, bind_thr = 0x0000563bf04e3a60[139925605316288], r_queue = 0x0000563bf04f0ef8, w_queue = 0x0000563bf04f1130, this = 0x0000563bf04470a0
11/10/2025 19:18:42:122	UTIL	[46:46:444166592]	INFO	thread_wrapper_t::bind_queue  , self_id = 139925605316288, bind_thr = 0x0000563bf04470a0[139926183702976], r_queue = 0x0000563bf04f1128, w_queue = 0x0000563bf04f0f00, this = 0x0000563bf04e3a60
11/10/2025 19:18:42:122	UTIL	[46:46:444166592]	INFO	thread_wrapper_t::create_channel(), bind_thr = 0x0000563bf04a22b0[139926151386816], read_capacity = 65536, write_capacity = 65536, this = 0x0000563bf04e3a60
11/10/2025 19:18:42:122	UTIL	[46:46:444166592]	INFO	o2o_msg_queue_t::o2o_msg_queue_t, notifier = 0x0000563bf049ffa0, writer = 0x0000563bf04e3a60[139925605316288], reader = 0x0000563bf04a22b0[139926151386816], capacity = 65536, mode = 1, this = 0x0000563bf04f1750
11/10/2025 19:18:42:122	UTIL	[46:46:444166592]	INFO	o2o_msg_queue_t::o2o_msg_queue_t, notifier = 0x0000563bf04e81c0, writer = 0x0000563bf04a22b0[139926151386816], reader = 0x0000563bf04e3a60[139925605316288], capacity = 65536, mode = 1, this = 0x0000563bf04f1980
11/10/2025 19:18:42:122	UTIL	[46:46:444166592]	INFO	thread_wrapper_t::send_ctrl_msg msg = 0x0000563bf04f1bb0, (uint64_t)m_id = 0, timeout = -1, this = 0x0000563bf04e3a60
11/10/2025 19:18:42:122	UTIL	[46:61:4160747200]	INFO	poll_t::loop () begin, working = 0x0000563bf04e3a60, this = 0x0000563bf04e8420
11/10/2025 19:18:42:122	UTIL	[46:61:4160747200]	INFO	thread_io_t::init_tls() thread_id = 139925605316288, this = 0x0000563bf04e3a30
11/10/2025 19:18:42:122	UTIL	[46:61:4160747200]	INFO	thread_wrapper_t::init_tls(), m_thread_manager = 0x0000563bf04590f0, this = 0x0000563bf04e3a60
11/10/2025 19:18:42:122	UTIL	[46:61:4160747200]	INFO	thread_mgr_t::register_tls, thr = 0x0000563bf04e3a60, tls = true, this = 0x0000563bf04590f0
11/10/2025 19:18:42:122	UTIL	[46:61:4160747200]	INFO	thread_wrapper_t::start_alive_check() timer = 0x0000000000000000, m_interact_timer = true, this = 0x0000563bf04e3a60
11/10/2025 19:18:42:122	UTIL	[46:61:4160747200]	INFO	timer_queue_t::timer_queue_t() , sink = 0x0000563bf04e3a98, min_interval = 204800, this = 0x00007f42dc001070
11/10/2025 19:18:42:122	UTIL	[46:61:4160747200]	INFO	thread_wrapper_t::create_ch_msg_t::on_message from = 0x0000563bf04e3a60, to = 0x0000563bf04a22b0, this = 0x0000563bf04f1bb0
11/10/2025 19:18:42:122	UTIL	[46:61:4160747200]	INFO	thread_wrapper_t::bind_queue  , self_id = 139926151386816, bind_thr = 0x0000563bf04e3a60[139925605316288], r_queue = 0x0000563bf04f17b8, w_queue = 0x0000563bf04f19f0, this = 0x0000563bf04a22b0
11/10/2025 19:18:42:122	UTIL	[46:46:444166592]	INFO	thread_wrapper_t::bind_queue  , self_id = 139925605316288, bind_thr = 0x0000563bf04a22b0[139926151386816], r_queue = 0x0000563bf04f19e8, w_queue = 0x0000563bf04f17c0, this = 0x0000563bf04e3a60
11/10/2025 19:18:42:122	UTIL	[46:46:444166592]	INFO	thread_wrapper_t::create_channel(), bind_thr = 0x0000563bf04d4d20[139925403989696], read_capacity = 65536, write_capacity = 65536, this = 0x0000563bf04e3a60
11/10/2025 19:18:42:123	UTIL	[46:46:444166592]	INFO	o2o_msg_queue_t::o2o_msg_queue_t, notifier = 0x0000563bf04d90e0, writer = 0x0000563bf04e3a60[139925605316288], reader = 0x0000563bf04d4d20[139925403989696], capacity = 65536, mode = 1, this = 0x0000563bf04f2070
11/10/2025 19:18:42:123	UTIL	[46:46:444166592]	INFO	o2o_msg_queue_t::o2o_msg_queue_t, notifier = 0x0000563bf04e81c0, writer = 0x0000563bf04d4d20[139925403989696], reader = 0x0000563bf04e3a60[139925605316288], capacity = 65536, mode = 1, this = 0x0000563bf04f22a0
11/10/2025 19:18:42:123	UTIL	[46:46:444166592]	INFO	thread_wrapper_t::send_ctrl_msg msg = 0x0000563bf04f24d0, (uint64_t)m_id = 139925605316288, timeout = -1, this = 0x0000563bf04e3a60
11/10/2025 19:18:42:123	UTIL	[46:61:4160747200]	INFO	thread_wrapper_t::create_ch_msg_t::on_message from = 0x0000563bf04e3a60, to = 0x0000563bf04d4d20, this = 0x0000563bf04f24d0
11/10/2025 19:18:42:123	UTIL	[46:61:4160747200]	INFO	thread_wrapper_t::bind_queue  , self_id = 139925403989696, bind_thr = 0x0000563bf04e3a60[139925605316288], r_queue = 0x0000563bf04f20d8, w_queue = 0x0000563bf04f2310, this = 0x0000563bf04d4d20
11/10/2025 19:18:42:123	UTIL	[46:46:444166592]	INFO	thread_wrapper_t::bind_queue  , self_id = 139925605316288, bind_thr = 0x0000563bf04d4d20[139925403989696], r_queue = 0x0000563bf04f2308, w_queue = 0x0000563bf04f20e0, this = 0x0000563bf04e3a60
11/10/2025 19:18:42:123	UTIL	[46:46:444166592]	INFO	thread_wrapper_t::create_channel(), bind_thr = 0x0000563bf04e3a60[139925605316288], read_capacity = 65536, write_capacity = 65536, this = 0x0000563bf04e3a60
11/10/2025 19:18:42:123	UTIL	[46:46:444166592]	INFO	o2o_msg_queue_t::o2o_msg_queue_t, notifier = 0x0000563bf04e81c0, writer = 0x0000563bf04e3a60[139925605316288], reader = 0x0000563bf04e3a60[139925605316288], capacity = 65536, mode = 1, this = 0x0000563bf04f29a0
11/10/2025 19:18:42:124	UTIL	[46:46:444166592]	INFO	o2o_msg_queue_t::o2o_msg_queue_t, notifier = 0x0000563bf04e81c0, writer = 0x0000563bf04e3a60[139925605316288], reader = 0x0000563bf04e3a60[139925605316288], capacity = 65536, mode = 1, this = 0x0000563bf04f2bd0
11/10/2025 19:18:42:124	UTIL	[46:46:444166592]	INFO	thread_wrapper_t::send_ctrl_msg msg = 0x0000563bf04f2e00, (uint64_t)m_id = 139925605316288, timeout = -1, this = 0x0000563bf04e3a60
11/10/2025 19:18:42:124	UTIL	[46:61:4160747200]	INFO	thread_wrapper_t::create_ch_msg_t::on_message from = 0x0000563bf04e3a60, to = 0x0000563bf04e3a60, this = 0x0000563bf04f2e00
11/10/2025 19:18:42:124	UTIL	[46:61:4160747200]	INFO	thread_wrapper_t::bind_queue  , self_id = 139925605316288, bind_thr = 0x0000563bf04e3a60[139925605316288], r_queue = 0x0000563bf04f2a08, w_queue = 0x0000563bf04f2c40, this = 0x0000563bf04e3a60
11/10/2025 19:18:42:124	UTIL	[46:46:444166592]	INFO	thread_wrapper_t::bind_queue  , self_id = 139925605316288, bind_thr = 0x0000563bf04e3a60[139925605316288], r_queue = 0x0000563bf04f2c38, w_queue = 0x0000563bf04f2a10, this = 0x0000563bf04e3a60
11/10/2025 19:18:42:124	UTIL	[46:46:444166592]	INFO	thread_wrapper_t::bind_queue bind_thr = 0x0000563bf04e3a60 already be existed, skip it, this = 0x0000563bf04e3a60
11/10/2025 19:18:42:124	UTIL	[46:46:444166592]	INFO	thread_wrapper_t::adjust_timer_precision, m_timer_precision = 50, new_timer_precision = 50, this = 0x0000563bf04e3a60
11/10/2025 19:18:42:327	UTIL	[46:46:444166592]	INFO	UTIL_INIT  refer times = 5, module_id = 5, UTIL has been built on:Sep 19 2025 at 06:33:56 on branch release-client-6.6.x with commit ID 2583f48484aeb604c472d0a89b4ddc1f55
11/10/2025 19:18:42:327	UTIL	[46:46:444166592]	INFO	register_logger  module_id = 5, module_name = MCM, max_level = 31, logger = 0x0000000000000000, mode = 3
11/10/2025 19:18:42:441	UTIL	[46:46:444166592]	INFO	register_logger  module_id = 6, module_name = NYDUS, max_level = 31, logger = 0x0000000000000000, mode = 3
11/10/2025 19:18:42:477	UTIL	[46:46:444166592]	INFO	timer_it::timer_it id = 0, own_thr = 0x0000000000000000, this = 0x0000563bf04f6090
11/10/2025 19:18:42:477	UTIL	[46:46:444166592]	INFO	timer_it::timer_it id = 0, own_thr = 0x0000000000000000, this = 0x0000563bf0516f50
11/10/2025 19:18:42:477	UTIL	[46:46:444166592]	INFO	thread_mgr_t::spawn, mode = 00000008, w_queue_size = 8192, type = 1024, interact_timer = true, thr_name = , bind_mask = 4294967295, use_ext_timer_drv = false, notifier = 0x0000000000000000, this = 0x0000563bf04590f0
11/10/2025 19:18:42:477	UTIL	[46:46:444166592]	INFO	thread_mgr_t::spawn already has an instance for the thread, return it directly, thread id = 139926183702976, this = 0x0000563bf04590f0
11/10/2025 19:18:42:648	UTIL	[46:46:444166592]	INFO	timer_it::add_timer sink = 0x0000563bf0517d28, interval = 12800, times = 0, is_exact = true, this = 0x0000563bf04f6090
11/10/2025 19:18:42:649	UTIL	[46:46:444166592]	INFO	timer_it::add_timer sink = 0x0000563bf0517d28, interval = 3840, times = 0, is_exact = true, this = 0x0000563bf0516f50
11/10/2025 19:19:22:578	UTIL	[46:46:444166592]	INFO	mlog_file::init mid:1069 size:1048576 shmem:false ret:0 this:0x0000563bf05ada68
11/10/2025 19:19:25:623	UTIL	[46:46:444166592]	INFO	mlog_file::init mid:1027 size:1048576 shmem:false ret:0 this:0x0000563bf0689418
11/10/2025 19:19:25:812	UTIL	[46:46:444166592]	INFO	mlog_file::init mid:1008 size:1048576 shmem:false ret:0 this:0x0000563bf06883b8
11/10/2025 19:19:25:950	UTIL	[46:46:444166592]	INFO	mlog_file::init mid:1030 size:1048576 shmem:false ret:0 this:0x0000563bf069c1c8
