11/10/2025 19:18:58:150	UTIL	[45:45:3271815616]	INFO	thread_mgr_t ::thread_mgr_t(),Mon,10 Nov 2025 19:18:58 GMT, preset_owner_thr = false, this = 0x000055cd824150f0
11/10/2025 19:18:58:150	UTIL	[45:45:3271815616]	INFO	new_i8_allocator_t::new_i8_allocator_t, m_page_size = 4096, this = 0x000055cd82411f00
11/10/2025 19:18:58:150	UTIL	[45:45:3271815616]	INFO	UTIL_INIT  refer , s_init_times = 1, module_id = 9, description = UTIL has been built on:Sep 19 2025 at 06:33:56 on branch release-client-6.6.x with commit ID 2583f48484aeb604c472d0a89b4ddc1f55, dir = , filename = , pext = log, max_size = 41943040, max_idx = 99
11/10/2025 19:18:58:151	UTIL	[45:45:3271815616]	INFO	set_timer_driver, setup_call = 0x00007f89de7603b0, remove_call = 0x00007f89de760290
11/10/2025 19:18:58:151	UTIL	[45:45:3271815616]	INFO	thread_mgr_t::spawn, mode = 02000008, w_queue_size = 8192, type = 0, interact_timer = true, thr_name = , bind_mask = 4294967295, use_ext_timer_drv = true, notifier = 0x000055cd824108f0, this = 0x000055cd824150f0
11/10/2025 19:18:58:151	UTIL	[45:45:3271815616]	INFO	thread_wrapper_t::thread_wrapper_t, mode = 02000008, id = 0, type = 0, thr_manager = 0x000055cd824150f0, waits = 0, interact_timer = true, m_timer_precision = 50, this = 0x000055cd824030a0
11/10/2025 19:18:58:151	UTIL	[45:45:3271815616]	INFO	msg_queue_t::msg_queue_t notifier = , notifier = 0x000055cd824108f0, writer = 0x0000000000000000, capacity = 1024, mode = 0, this = 0x000055cd82410b10
11/10/2025 19:18:58:151	UTIL	[45:45:3271815616]	INFO	thread_wrapper_t::thread_wrapper_t ctrl queue size = 1024, this = 0x000055cd824030a0
11/10/2025 19:18:58:151	UTIL	[45:45:3271815616]	INFO	thread_wrapper_t::init_tls(), m_thread_manager = 0x000055cd824150f0, this = 0x000055cd824030a0
11/10/2025 19:18:58:151	UTIL	[45:45:3271815616]	INFO	thread_mgr_t::register_tls, thr = 0x000055cd824030a0, tls = true, this = 0x000055cd824150f0
11/10/2025 19:18:58:151	UTIL	[45:45:3271815616]	INFO	thread_wrapper_t::start_alive_check() timer = 0x0000000000000000, m_interact_timer = true, this = 0x000055cd824030a0
11/10/2025 19:18:58:151	UTIL	[45:45:3271815616]	INFO	timer_queue_t::timer_queue_t() , sink = 0x000055cd824030d8, min_interval = 204800, this = 0x000055cd8241db00
11/10/2025 19:18:58:151	UTIL	[45:45:3271815616]	INFO	thread_wrapper_t::open_notifier, waits = 0, m_notify = 0x000055cd824108f0, this = 0x000055cd824030a0
11/10/2025 19:18:58:151	UTIL	[45:45:3271815616]	INFO	msg_queue_base_t::open_notifier, m_notifier = 0x000055cd824108f0, notifier = 0x000055cd824108f0, this = 0x000055cd82410b30
11/10/2025 19:18:58:151	UTIL	[45:45:3271815616]	INFO	thread_mgr_t::attach handle = 0x000055cd824030a0, thread_id = 140229659062720, owner_thr = 0x000055cd824030a0, owner_id = 140229659062720, queue_size = 8192, this = 0x000055cd824150f0
11/10/2025 19:18:58:151	UTIL	[45:45:3271815616]	INFO	thread_wrapper_t::create_channel(), bind_thr = 0x000055cd824030a0[140229659062720], read_capacity = 8192, write_capacity = 8192, this = 0x000055cd824030a0
11/10/2025 19:18:58:151	UTIL	[45:45:3271815616]	INFO	o2o_msg_queue_t::o2o_msg_queue_t, notifier = 0x000055cd824108f0, writer = 0x000055cd824030a0[140229659062720], reader = 0x000055cd824030a0[140229659062720], capacity = 8192, mode = 0, this = 0x000055cd82411d00
11/10/2025 19:18:58:158	UTIL	[45:45:3271815616]	INFO	o2o_msg_queue_t::o2o_msg_queue_t, notifier = 0x000055cd824108f0, writer = 0x000055cd824030a0[140229659062720], reader = 0x000055cd824030a0[140229659062720], capacity = 8192, mode = 0, this = 0x000055cd82414e00
11/10/2025 19:18:58:158	UTIL	[45:45:3271815616]	INFO	thread_wrapper_t::bind_queue  , self_id = 140229659062720, bind_thr = 0x000055cd824030a0[140229659062720], r_queue = 0x000055cd82411d68, w_queue = 0x000055cd82414e70, this = 0x000055cd824030a0
11/10/2025 19:18:58:158	UTIL	[45:45:3271815616]	INFO	thread_wrapper_t::bind_queue  , self_id = 140229659062720, bind_thr = 0x000055cd824030a0[140229659062720], r_queue = 0x000055cd82414e68, w_queue = 0x000055cd82411d70, this = 0x000055cd824030a0
11/10/2025 19:18:58:158	UTIL	[45:45:3271815616]	INFO	thread_wrapper_t::bind_queue bind_thr = 0x000055cd824030a0 already be existed, skip it, this = 0x000055cd824030a0
11/10/2025 19:18:58:158	UTIL	[45:45:3271815616]	INFO	thread_wrapper_t::adjust_timer_precision, m_timer_precision = 50, new_timer_precision = 50, this = 0x000055cd824030a0
11/10/2025 19:18:58:159	UTIL	[45:45:3271815616]	INFO	register_logger  module_id = 1057, module_name = zoomtask, max_level = 31, logger = 0x0000000000000000, mode = 3
11/10/2025 19:18:58:268	UTIL	[45:45:3271815616]	INFO	UTIL_INIT  refer times = 2, module_id = 1057, UTIL has been built on:Sep 19 2025 at 06:33:56 on branch release-client-6.6.x with commit ID 2583f48484aeb604c472d0a89b4ddc1f55
11/10/2025 19:18:58:268	UTIL	[45:45:3271815616]	INFO	register_logger  module_id = 1057, module_name = ZoomTask, max_level = 31, logger = 0x0000000000000000, mode = 3
11/10/2025 19:18:58:293	UTIL	[45:45:3271815616]	INFO	UTIL_INIT  refer times = 3, module_id = 2, UTIL has been built on:Sep 19 2025 at 06:33:56 on branch release-client-6.6.x with commit ID 2583f48484aeb604c472d0a89b4ddc1f55
11/10/2025 19:18:58:298	UTIL	[45:45:3271815616]	INFO	timer_it::timer_it id = 0, own_thr = 0x0000000000000000, this = 0x000055cd82415848
11/10/2025 19:18:58:298	UTIL	[45:45:3271815616]	INFO	thread_mgr_t::spawn, mode = 01000004, w_queue_size = 0, type = 3, interact_timer = true, thr_name = zoom.dns, bind_mask = 0, use_ext_timer_drv = false, notifier = 0x0000000000000000, this = 0x000055cd824150f0
11/10/2025 19:18:58:298	UTIL	[45:45:3271815616]	INFO	thread_wrapper_t::thread_wrapper_t, mode = 01000004, id = 0, type = 3, thr_manager = 0x000055cd824150f0, waits = 1, interact_timer = true, m_timer_precision = 50, this = 0x000055cd8245e1c0
11/10/2025 19:18:58:298	UTIL	[45:45:3271815616]	INFO	msg_queue_t::msg_queue_t notifier = , notifier = 0x0000000000000000, writer = 0x0000000000000000, capacity = 1024, mode = 1, this = 0x000055cd8245e620
11/10/2025 19:18:58:298	UTIL	[45:45:3271815616]	INFO	thread_wrapper_t::thread_wrapper_t ctrl queue size = 1024, this = 0x000055cd8245e1c0
11/10/2025 19:18:58:298	UTIL	[45:45:3271815616]	INFO	thread_io_t::thread_io_t(), mode = 01000004, type = 3, queue size = 0, this = 0x000055cd8245e190
11/10/2025 19:18:58:298	UTIL	[45:45:3271815616]	INFO	thread_io_t::open_notifier, waits = 1, this = 0x000055cd8245e190
11/10/2025 19:18:58:298	UTIL	[45:45:3271815616]	INFO	msg_queue_base_t::open_notifier, m_notifier = 0x0000000000000000, notifier = 0x000055cd8245bf40, this = 0x000055cd8245e640
11/10/2025 19:18:58:298	UTIL	[45:45:3271815616]	INFO	thread_io_t::thread_run(), id = 0, args = 0x0000000000000000, this = 0x000055cd8245e190
11/10/2025 19:18:58:298	UTIL	[45:45:3271815616]	INFO	io_repo_t::io_repo_t, m_working = 0x000055cd8245e1c0, max_io_fds = 1024, this = 0x000055cd82462be0
11/10/2025 19:18:58:299	UTIL	[45:45:3271815616]	INFO	notifier_handler_t::notifier_handler_t, io_container = 0x000055cd82462be00x000055cd8245bf40, this = 0x000055cd8246ad70
11/10/2025 19:18:58:299	UTIL	[45:45:3271815616]	INFO	poll_t::poll_t register, fd = 11, es.first = 00000000000000000000000000000011, this = 0x000055cd82462be0
11/10/2025 19:18:58:299	UTIL	[45:45:3271815616]	INFO	io_repo_t::start(), m_stop = true, this = 0x000055cd82462be0
11/10/2025 19:18:58:299	UTIL	[45:45:3271815616]	INFO	thread_mgr_t::spawn only has control message queue for this thread, this = 0x000055cd824150f0
11/10/2025 19:18:58:299	UTIL	[45:45:3271815616]	FATAL	assert: msg[thread_wrapper_t::create_channel bind thread should valid!, bind_thr = 0x0000000000000000] file[/home/jenkins/agent/workspace/Client/Client/DMT/linux/release/tp_util/util/src/thread.cpp], line = [1122]
11/10/2025 19:18:58:299	UTIL	[45:45:3271815616]	INFO	thread_wrapper_t::adjust_timer_precision, m_timer_precision = 50, new_timer_precision = 50, this = 0x000055cd8245e1c0
11/10/2025 19:18:58:299	UTIL	[45:45:3271815616]	INFO	timer_it::timer_it id = 0, own_thr = 0x0000000000000000, this = 0x000055cd8246b830
11/10/2025 19:18:58:299	UTIL	[45:45:3271815616]	INFO	timer_it::add_timer sink = 0x000055cd82415720, interval = 100, times = 0, is_exact = true, this = 0x000055cd8246b830
11/10/2025 19:18:58:299	UTIL	[45:51:3239499456]	INFO	poll_t::loop () begin, working = 0x000055cd8245e1c0, this = 0x000055cd82462be0
11/10/2025 19:18:58:299	UTIL	[45:51:3239499456]	INFO	thread_io_t::init_tls() thread_id = 140229626746560, this = 0x000055cd8245e190
11/10/2025 19:18:58:299	UTIL	[45:51:3239499456]	INFO	thread_wrapper_t::init_tls(), m_thread_manager = 0x000055cd824150f0, this = 0x000055cd8245e1c0
11/10/2025 19:18:58:299	UTIL	[45:51:3239499456]	INFO	thread_mgr_t::register_tls, thr = 0x000055cd8245e1c0, tls = true, this = 0x000055cd824150f0
11/10/2025 19:18:58:299	UTIL	[45:51:3239499456]	INFO	thread_wrapper_t::start_alive_check() timer = 0x0000000000000000, m_interact_timer = true, this = 0x000055cd8245e1c0
11/10/2025 19:18:58:299	UTIL	[45:51:3239499456]	INFO	timer_queue_t::timer_queue_t() , sink = 0x000055cd8245e1f8, min_interval = 204800, this = 0x00007f89b8001070
11/10/2025 19:18:58:303	UTIL	[45:45:3271815616]	INFO	UTIL_INIT  refer times = 4, module_id = 9, UTIL has been built on:Sep 19 2025 at 06:33:56 on branch release-client-6.6.x with commit ID 2583f48484aeb604c472d0a89b4ddc1f55
11/10/2025 19:18:58:311	UTIL	[45:45:3271815616]	INFO	thread_mgr_t::spawn, mode = 01000004, w_queue_size = 65536, type = 1027, interact_timer = true, thr_name = zoom.db, bind_mask = 4294967295, use_ext_timer_drv = false, notifier = 0x0000000000000000, this = 0x000055cd824150f0
11/10/2025 19:18:58:311	UTIL	[45:45:3271815616]	INFO	thread_wrapper_t::thread_wrapper_t, mode = 01000004, id = 0, type = 1027, thr_manager = 0x000055cd824150f0, waits = 1, interact_timer = true, m_timer_precision = 50, this = 0x000055cd82490c30
11/10/2025 19:18:58:311	UTIL	[45:45:3271815616]	INFO	msg_queue_t::msg_queue_t notifier = , notifier = 0x0000000000000000, writer = 0x0000000000000000, capacity = 1024, mode = 1, this = 0x000055cd82484de0
11/10/2025 19:18:58:311	UTIL	[45:45:3271815616]	INFO	thread_wrapper_t::thread_wrapper_t ctrl queue size = 1024, this = 0x000055cd82490c30
11/10/2025 19:18:58:311	UTIL	[45:45:3271815616]	INFO	thread_io_t::thread_io_t(), mode = 01000004, type = 1027, queue size = 65536, this = 0x000055cd82490c00
11/10/2025 19:18:58:311	UTIL	[45:45:3271815616]	INFO	thread_io_t::open_notifier, waits = 1, this = 0x000055cd82490c00
11/10/2025 19:18:58:311	UTIL	[45:45:3271815616]	INFO	msg_queue_base_t::open_notifier, m_notifier = 0x0000000000000000, notifier = 0x000055cd82494ff0, this = 0x000055cd82484e00
11/10/2025 19:18:58:311	UTIL	[45:45:3271815616]	INFO	thread_io_t::thread_run(), id = 0, args = 0x0000000000000000, this = 0x000055cd82490c00
11/10/2025 19:18:58:311	UTIL	[45:45:3271815616]	INFO	io_repo_t::io_repo_t, m_working = 0x000055cd82490c30, max_io_fds = 1024, this = 0x000055cd824951f0
11/10/2025 19:18:58:311	UTIL	[45:45:3271815616]	INFO	notifier_handler_t::notifier_handler_t, io_container = 0x000055cd824951f00x000055cd82494ff0, this = 0x000055cd82486640
11/10/2025 19:18:58:311	UTIL	[45:45:3271815616]	INFO	poll_t::poll_t register, fd = 20, es.first = 00000000000000000000000000000011, this = 0x000055cd824951f0
11/10/2025 19:18:58:311	UTIL	[45:45:3271815616]	INFO	io_repo_t::start(), m_stop = true, this = 0x000055cd824951f0
11/10/2025 19:18:58:311	UTIL	[45:45:3271815616]	INFO	thread_mgr_t::attach handle = 0x000055cd82490c30, thread_id = 140229365180096, owner_thr = 0x000055cd824030a0, owner_id = 140229659062720, queue_size = 65536, this = 0x000055cd824150f0
11/10/2025 19:18:58:311	UTIL	[45:45:3271815616]	INFO	thread_wrapper_t::create_channel(), bind_thr = 0x000055cd824030a0[140229659062720], read_capacity = 65536, write_capacity = 65536, this = 0x000055cd82490c30
11/10/2025 19:18:58:312	UTIL	[45:45:3271815616]	INFO	o2o_msg_queue_t::o2o_msg_queue_t, notifier = 0x000055cd824108f0, writer = 0x000055cd82490c30[140229365180096], reader = 0x000055cd824030a0[140229659062720], capacity = 65536, mode = 0, this = 0x000055cd8249dc70
11/10/2025 19:18:58:312	UTIL	[45:45:3271815616]	INFO	o2o_msg_queue_t::o2o_msg_queue_t, notifier = 0x000055cd82494ff0, writer = 0x000055cd824030a0[140229659062720], reader = 0x000055cd82490c30[140229365180096], capacity = 65536, mode = 1, this = 0x000055cd8249deb0
11/10/2025 19:18:58:312	UTIL	[45:45:3271815616]	INFO	thread_wrapper_t::bind_queue  , self_id = 140229659062720, bind_thr = 0x000055cd82490c30[140229365180096], r_queue = 0x000055cd8249dcd8, w_queue = 0x000055cd8249df20, this = 0x000055cd824030a0
11/10/2025 19:18:58:312	UTIL	[45:45:3271815616]	INFO	thread_wrapper_t::bind_queue  , self_id = 140229365180096, bind_thr = 0x000055cd824030a0[140229659062720], r_queue = 0x000055cd8249df18, w_queue = 0x000055cd8249dce0, this = 0x000055cd82490c30
11/10/2025 19:18:58:312	UTIL	[45:45:3271815616]	INFO	thread_wrapper_t::create_channel(), bind_thr = 0x000055cd8245e1c0[140229626746560], read_capacity = 65536, write_capacity = 65536, this = 0x000055cd82490c30
11/10/2025 19:18:58:317	UTIL	[45:59:2977932992]	INFO	poll_t::loop () begin, working = 0x000055cd82490c30, this = 0x000055cd824951f0
11/10/2025 19:18:58:317	UTIL	[45:59:2977932992]	INFO	thread_io_t::init_tls() thread_id = 140229365180096, this = 0x000055cd82490c00
11/10/2025 19:18:58:317	UTIL	[45:59:2977932992]	INFO	thread_wrapper_t::init_tls(), m_thread_manager = 0x000055cd824150f0, this = 0x000055cd82490c30
11/10/2025 19:18:58:317	UTIL	[45:59:2977932992]	INFO	thread_mgr_t::register_tls, thr = 0x000055cd82490c30, tls = true, this = 0x000055cd824150f0
11/10/2025 19:18:58:317	UTIL	[45:59:2977932992]	INFO	thread_wrapper_t::start_alive_check() timer = 0x0000000000000000, m_interact_timer = true, this = 0x000055cd82490c30
11/10/2025 19:18:58:317	UTIL	[45:59:2977932992]	INFO	timer_queue_t::timer_queue_t() , sink = 0x000055cd82490c68, min_interval = 204800, this = 0x00007f8998001070
11/10/2025 19:18:58:327	UTIL	[45:45:3271815616]	INFO	o2o_msg_queue_t::o2o_msg_queue_t, notifier = 0x000055cd8245bf40, writer = 0x000055cd82490c30[140229365180096], reader = 0x000055cd8245e1c0[140229626746560], capacity = 65536, mode = 1, this = 0x000055cd8249e550
11/10/2025 19:18:58:328	UTIL	[45:45:3271815616]	INFO	o2o_msg_queue_t::o2o_msg_queue_t, notifier = 0x000055cd82494ff0, writer = 0x000055cd8245e1c0[140229626746560], reader = 0x000055cd82490c30[140229365180096], capacity = 65536, mode = 1, this = 0x000055cd8249e730
11/10/2025 19:18:58:328	UTIL	[45:45:3271815616]	INFO	thread_wrapper_t::send_ctrl_msg msg = 0x000055cd8249e970, (uint64_t)m_id = 140229365180096, timeout = -1, this = 0x000055cd82490c30
11/10/2025 19:18:58:329	UTIL	[45:59:2977932992]	INFO	thread_wrapper_t::create_ch_msg_t::on_message from = 0x000055cd82490c30, to = 0x000055cd8245e1c0, this = 0x000055cd8249e970
11/10/2025 19:18:58:329	UTIL	[45:59:2977932992]	INFO	thread_wrapper_t::bind_queue  , self_id = 140229626746560, bind_thr = 0x000055cd82490c30[140229365180096], r_queue = 0x000055cd8249e5b8, w_queue = 0x000055cd8249e7a0, this = 0x000055cd8245e1c0
11/10/2025 19:18:58:329	UTIL	[45:45:3271815616]	INFO	thread_wrapper_t::bind_queue  , self_id = 140229365180096, bind_thr = 0x000055cd8245e1c0[140229626746560], r_queue = 0x000055cd8249e798, w_queue = 0x000055cd8249e5c0, this = 0x000055cd82490c30
11/10/2025 19:18:58:329	UTIL	[45:45:3271815616]	INFO	thread_wrapper_t::create_channel(), bind_thr = 0x000055cd82490c30[140229365180096], read_capacity = 65536, write_capacity = 65536, this = 0x000055cd82490c30
11/10/2025 19:18:58:329	UTIL	[45:45:3271815616]	INFO	o2o_msg_queue_t::o2o_msg_queue_t, notifier = 0x000055cd82494ff0, writer = 0x000055cd82490c30[140229365180096], reader = 0x000055cd82490c30[140229365180096], capacity = 65536, mode = 1, this = 0x000055cd8249ed10
11/10/2025 19:18:58:329	UTIL	[45:45:3271815616]	INFO	o2o_msg_queue_t::o2o_msg_queue_t, notifier = 0x000055cd82494ff0, writer = 0x000055cd82490c30[140229365180096], reader = 0x000055cd82490c30[140229365180096], capacity = 65536, mode = 1, this = 0x000055cd8249ef50
11/10/2025 19:18:58:329	UTIL	[45:45:3271815616]	INFO	thread_wrapper_t::send_ctrl_msg msg = 0x000055cd8249f190, (uint64_t)m_id = 140229365180096, timeout = -1, this = 0x000055cd82490c30
11/10/2025 19:18:58:330	UTIL	[45:59:2977932992]	INFO	thread_wrapper_t::create_ch_msg_t::on_message from = 0x000055cd82490c30, to = 0x000055cd82490c30, this = 0x000055cd8249f190
11/10/2025 19:18:58:331	UTIL	[45:59:2977932992]	INFO	thread_wrapper_t::bind_queue  , self_id = 140229365180096, bind_thr = 0x000055cd82490c30[140229365180096], r_queue = 0x000055cd8249ed78, w_queue = 0x000055cd8249efc0, this = 0x000055cd82490c30
11/10/2025 19:18:58:331	UTIL	[45:45:3271815616]	INFO	thread_wrapper_t::bind_queue  , self_id = 140229365180096, bind_thr = 0x000055cd82490c30[140229365180096], r_queue = 0x000055cd8249efb8, w_queue = 0x000055cd8249ed80, this = 0x000055cd82490c30
11/10/2025 19:18:58:331	UTIL	[45:45:3271815616]	INFO	thread_wrapper_t::bind_queue bind_thr = 0x000055cd82490c30 already be existed, skip it, this = 0x000055cd82490c30
11/10/2025 19:18:58:331	UTIL	[45:45:3271815616]	INFO	thread_wrapper_t::adjust_timer_precision, m_timer_precision = 50, new_timer_precision = 50, this = 0x000055cd82490c30
11/10/2025 19:18:58:331	UTIL	[45:45:3271815616]	INFO	thread_mgr_t::spawn, mode = 01000004, w_queue_size = 65536, type = 1028, interact_timer = true, thr_name = zoom.im.index, bind_mask = 4294967295, use_ext_timer_drv = false, notifier = 0x0000000000000000, this = 0x000055cd824150f0
11/10/2025 19:18:58:331	UTIL	[45:45:3271815616]	INFO	thread_wrapper_t::thread_wrapper_t, mode = 01000004, id = 0, type = 1028, thr_manager = 0x000055cd824150f0, waits = 1, interact_timer = true, m_timer_precision = 50, this = 0x000055cd8249f920
11/10/2025 19:18:58:331	UTIL	[45:45:3271815616]	INFO	msg_queue_t::msg_queue_t notifier = , notifier = 0x0000000000000000, writer = 0x0000000000000000, capacity = 1024, mode = 1, this = 0x000055cd8249fbd0
11/10/2025 19:18:58:331	UTIL	[45:45:3271815616]	INFO	thread_wrapper_t::thread_wrapper_t ctrl queue size = 1024, this = 0x000055cd8249f920
11/10/2025 19:18:58:331	UTIL	[45:45:3271815616]	INFO	thread_io_t::thread_io_t(), mode = 01000004, type = 1028, queue size = 65536, this = 0x000055cd8249f8f0
11/10/2025 19:18:58:331	UTIL	[45:45:3271815616]	INFO	thread_io_t::open_notifier, waits = 1, this = 0x000055cd8249f8f0
11/10/2025 19:18:58:331	UTIL	[45:45:3271815616]	INFO	msg_queue_base_t::open_notifier, m_notifier = 0x0000000000000000, notifier = 0x000055cd824a4080, this = 0x000055cd8249fbf0
11/10/2025 19:18:58:331	UTIL	[45:45:3271815616]	INFO	thread_io_t::thread_run(), id = 0, args = 0x0000000000000000, this = 0x000055cd8249f8f0
11/10/2025 19:18:58:331	UTIL	[45:45:3271815616]	INFO	io_repo_t::io_repo_t, m_working = 0x000055cd8249f920, max_io_fds = 1024, this = 0x000055cd824a42e0
11/10/2025 19:18:58:332	UTIL	[45:45:3271815616]	INFO	notifier_handler_t::notifier_handler_t, io_container = 0x000055cd824a42e00x000055cd824a4080, this = 0x000055cd8246c3a0
11/10/2025 19:18:58:332	UTIL	[45:45:3271815616]	INFO	poll_t::poll_t register, fd = 22, es.first = 00000000000000000000000000000011, this = 0x000055cd824a42e0
11/10/2025 19:18:58:333	UTIL	[45:45:3271815616]	INFO	io_repo_t::start(), m_stop = true, this = 0x000055cd824a42e0
11/10/2025 19:18:58:333	UTIL	[45:45:3271815616]	INFO	thread_mgr_t::attach handle = 0x000055cd8249f920, thread_id = 140229356521152, owner_thr = 0x000055cd824030a0, owner_id = 140229659062720, queue_size = 65536, this = 0x000055cd824150f0
11/10/2025 19:18:58:333	UTIL	[45:45:3271815616]	INFO	thread_wrapper_t::create_channel(), bind_thr = 0x000055cd824030a0[140229659062720], read_capacity = 65536, write_capacity = 65536, this = 0x000055cd8249f920
11/10/2025 19:18:58:333	UTIL	[45:45:3271815616]	INFO	o2o_msg_queue_t::o2o_msg_queue_t, notifier = 0x000055cd824108f0, writer = 0x000055cd8249f920[140229356521152], reader = 0x000055cd824030a0[140229659062720], capacity = 65536, mode = 0, this = 0x000055cd824acd60
11/10/2025 19:18:58:333	UTIL	[45:45:3271815616]	INFO	o2o_msg_queue_t::o2o_msg_queue_t, notifier = 0x000055cd824a4080, writer = 0x000055cd824030a0[140229659062720], reader = 0x000055cd8249f920[140229356521152], capacity = 65536, mode = 1, this = 0x000055cd824acfa0
11/10/2025 19:18:58:333	UTIL	[45:45:3271815616]	INFO	thread_wrapper_t::bind_queue  , self_id = 140229659062720, bind_thr = 0x000055cd8249f920[140229356521152], r_queue = 0x000055cd824acdc8, w_queue = 0x000055cd824ad010, this = 0x000055cd824030a0
11/10/2025 19:18:58:333	UTIL	[45:45:3271815616]	INFO	thread_wrapper_t::bind_queue  , self_id = 140229356521152, bind_thr = 0x000055cd824030a0[140229659062720], r_queue = 0x000055cd824ad008, w_queue = 0x000055cd824acdd0, this = 0x000055cd8249f920
11/10/2025 19:18:58:333	UTIL	[45:45:3271815616]	INFO	thread_wrapper_t::create_channel(), bind_thr = 0x000055cd8245e1c0[140229626746560], read_capacity = 65536, write_capacity = 65536, this = 0x000055cd8249f920
11/10/2025 19:18:58:334	UTIL	[45:45:3271815616]	INFO	o2o_msg_queue_t::o2o_msg_queue_t, notifier = 0x000055cd8245bf40, writer = 0x000055cd8249f920[140229356521152], reader = 0x000055cd8245e1c0[140229626746560], capacity = 65536, mode = 1, this = 0x000055cd824ad640
11/10/2025 19:18:58:334	UTIL	[45:45:3271815616]	INFO	o2o_msg_queue_t::o2o_msg_queue_t, notifier = 0x000055cd824a4080, writer = 0x000055cd8245e1c0[140229626746560], reader = 0x000055cd8249f920[140229356521152], capacity = 65536, mode = 1, this = 0x000055cd824ad880
11/10/2025 19:18:58:334	UTIL	[45:45:3271815616]	INFO	thread_wrapper_t::send_ctrl_msg msg = 0x000055cd824adac0, (uint64_t)m_id = 0, timeout = -1, this = 0x000055cd8249f920
11/10/2025 19:18:58:334	UTIL	[45:60:2969274048]	INFO	poll_t::loop () begin, working = 0x000055cd8249f920, this = 0x000055cd824a42e0
11/10/2025 19:18:58:334	UTIL	[45:60:2969274048]	INFO	thread_io_t::init_tls() thread_id = 140229356521152, this = 0x000055cd8249f8f0
11/10/2025 19:18:58:334	UTIL	[45:60:2969274048]	INFO	thread_wrapper_t::init_tls(), m_thread_manager = 0x000055cd824150f0, this = 0x000055cd8249f920
11/10/2025 19:18:58:334	UTIL	[45:60:2969274048]	INFO	thread_mgr_t::register_tls, thr = 0x000055cd8249f920, tls = true, this = 0x000055cd824150f0
11/10/2025 19:18:58:334	UTIL	[45:60:2969274048]	INFO	thread_wrapper_t::start_alive_check() timer = 0x0000000000000000, m_interact_timer = true, this = 0x000055cd8249f920
11/10/2025 19:18:58:334	UTIL	[45:60:2969274048]	INFO	timer_queue_t::timer_queue_t() , sink = 0x000055cd8249f958, min_interval = 204800, this = 0x00007f8990001070
11/10/2025 19:18:58:334	UTIL	[45:60:2969274048]	INFO	thread_wrapper_t::create_ch_msg_t::on_message from = 0x000055cd8249f920, to = 0x000055cd8245e1c0, this = 0x000055cd824adac0
11/10/2025 19:18:58:334	UTIL	[45:60:2969274048]	INFO	thread_wrapper_t::bind_queue  , self_id = 140229626746560, bind_thr = 0x000055cd8249f920[140229356521152], r_queue = 0x000055cd824ad6a8, w_queue = 0x000055cd824ad8f0, this = 0x000055cd8245e1c0
11/10/2025 19:18:58:334	UTIL	[45:45:3271815616]	INFO	thread_wrapper_t::bind_queue  , self_id = 140229356521152, bind_thr = 0x000055cd8245e1c0[140229626746560], r_queue = 0x000055cd824ad8e8, w_queue = 0x000055cd824ad6b0, this = 0x000055cd8249f920
11/10/2025 19:18:58:334	UTIL	[45:45:3271815616]	INFO	thread_wrapper_t::create_channel(), bind_thr = 0x000055cd82490c30[140229365180096], read_capacity = 65536, write_capacity = 65536, this = 0x000055cd8249f920
11/10/2025 19:18:58:335	UTIL	[45:45:3271815616]	INFO	o2o_msg_queue_t::o2o_msg_queue_t, notifier = 0x000055cd82494ff0, writer = 0x000055cd8249f920[140229356521152], reader = 0x000055cd82490c30[140229365180096], capacity = 65536, mode = 1, this = 0x000055cd824adf80
11/10/2025 19:18:58:337	UTIL	[45:45:3271815616]	INFO	o2o_msg_queue_t::o2o_msg_queue_t, notifier = 0x000055cd824a4080, writer = 0x000055cd82490c30[140229365180096], reader = 0x000055cd8249f920[140229356521152], capacity = 65536, mode = 1, this = 0x000055cd824ae1c0
11/10/2025 19:18:58:337	UTIL	[45:45:3271815616]	INFO	thread_wrapper_t::send_ctrl_msg msg = 0x000055cd824ae400, (uint64_t)m_id = 140229356521152, timeout = -1, this = 0x000055cd8249f920
11/10/2025 19:18:58:338	UTIL	[45:60:2969274048]	INFO	thread_wrapper_t::create_ch_msg_t::on_message from = 0x000055cd8249f920, to = 0x000055cd82490c30, this = 0x000055cd824ae400
11/10/2025 19:18:58:338	UTIL	[45:60:2969274048]	INFO	thread_wrapper_t::bind_queue  , self_id = 140229365180096, bind_thr = 0x000055cd8249f920[140229356521152], r_queue = 0x000055cd824adfe8, w_queue = 0x000055cd824ae230, this = 0x000055cd82490c30
11/10/2025 19:18:58:338	UTIL	[45:45:3271815616]	INFO	thread_wrapper_t::bind_queue  , self_id = 140229356521152, bind_thr = 0x000055cd82490c30[140229365180096], r_queue = 0x000055cd824ae228, w_queue = 0x000055cd824adff0, this = 0x000055cd8249f920
11/10/2025 19:18:58:338	UTIL	[45:45:3271815616]	INFO	thread_wrapper_t::create_channel(), bind_thr = 0x000055cd8249f920[140229356521152], read_capacity = 65536, write_capacity = 65536, this = 0x000055cd8249f920
11/10/2025 19:18:58:341	UTIL	[45:45:3271815616]	INFO	o2o_msg_queue_t::o2o_msg_queue_t, notifier = 0x000055cd824a4080, writer = 0x000055cd8249f920[140229356521152], reader = 0x000055cd8249f920[140229356521152], capacity = 65536, mode = 1, this = 0x000055cd824ae8d0
11/10/2025 19:18:58:342	UTIL	[45:45:3271815616]	INFO	o2o_msg_queue_t::o2o_msg_queue_t, notifier = 0x000055cd824a4080, writer = 0x000055cd8249f920[140229356521152], reader = 0x000055cd8249f920[140229356521152], capacity = 65536, mode = 1, this = 0x000055cd824aeb10
11/10/2025 19:18:58:342	UTIL	[45:45:3271815616]	INFO	thread_wrapper_t::send_ctrl_msg msg = 0x000055cd824aed50, (uint64_t)m_id = 140229356521152, timeout = -1, this = 0x000055cd8249f920
11/10/2025 19:18:58:342	UTIL	[45:60:2969274048]	INFO	thread_wrapper_t::create_ch_msg_t::on_message from = 0x000055cd8249f920, to = 0x000055cd8249f920, this = 0x000055cd824aed50
11/10/2025 19:18:58:342	UTIL	[45:60:2969274048]	INFO	thread_wrapper_t::bind_queue  , self_id = 140229356521152, bind_thr = 0x000055cd8249f920[140229356521152], r_queue = 0x000055cd824ae938, w_queue = 0x000055cd824aeb80, this = 0x000055cd8249f920
11/10/2025 19:18:58:342	UTIL	[45:45:3271815616]	INFO	thread_wrapper_t::bind_queue  , self_id = 140229356521152, bind_thr = 0x000055cd8249f920[140229356521152], r_queue = 0x000055cd824aeb78, w_queue = 0x000055cd824ae940, this = 0x000055cd8249f920
11/10/2025 19:18:58:342	UTIL	[45:45:3271815616]	INFO	thread_wrapper_t::bind_queue bind_thr = 0x000055cd8249f920 already be existed, skip it, this = 0x000055cd8249f920
11/10/2025 19:18:58:342	UTIL	[45:45:3271815616]	INFO	thread_wrapper_t::adjust_timer_precision, m_timer_precision = 50, new_timer_precision = 50, this = 0x000055cd8249f920
11/10/2025 19:18:58:813	UTIL	[45:45:3271815616]	INFO	UTIL_INIT  refer times = 5, module_id = 5, UTIL has been built on:Sep 19 2025 at 06:33:56 on branch release-client-6.6.x with commit ID 2583f48484aeb604c472d0a89b4ddc1f55
11/10/2025 19:18:58:813	UTIL	[45:45:3271815616]	INFO	register_logger  module_id = 5, module_name = MCM, max_level = 31, logger = 0x0000000000000000, mode = 3
11/10/2025 19:18:59:427	UTIL	[45:45:3271815616]	INFO	register_logger  module_id = 6, module_name = NYDUS, max_level = 31, logger = 0x0000000000000000, mode = 3
11/10/2025 19:18:59:427	UTIL	[45:45:3271815616]	INFO	timer_it::timer_it id = 0, own_thr = 0x0000000000000000, this = 0x000055cd824b1eb0
11/10/2025 19:18:59:427	UTIL	[45:45:3271815616]	INFO	timer_it::timer_it id = 0, own_thr = 0x0000000000000000, this = 0x000055cd824caaa0
11/10/2025 19:18:59:427	UTIL	[45:45:3271815616]	INFO	thread_mgr_t::spawn, mode = 00000008, w_queue_size = 8192, type = 1024, interact_timer = true, thr_name = , bind_mask = 4294967295, use_ext_timer_drv = false, notifier = 0x0000000000000000, this = 0x000055cd824150f0
11/10/2025 19:18:59:427	UTIL	[45:45:3271815616]	INFO	thread_mgr_t::spawn already has an instance for the thread, return it directly, thread id = 140229659062720, this = 0x000055cd824150f0
11/10/2025 19:18:59:849	UTIL	[45:45:3271815616]	INFO	timer_it::add_timer sink = 0x000055cd824d3498, interval = 12800, times = 0, is_exact = true, this = 0x000055cd824b1eb0
11/10/2025 19:18:59:849	UTIL	[45:45:3271815616]	INFO	timer_it::add_timer sink = 0x000055cd824d3498, interval = 3840, times = 0, is_exact = true, this = 0x000055cd824caaa0
11/10/2025 19:19:58:504	UTIL	[45:45:3271815616]	INFO	mlog_file::init mid:1069 size:1048576 shmem:false ret:0 this:0x000055cd824a4348
11/10/2025 19:20:01:345	UTIL	[45:45:3271815616]	INFO	mlog_file::init mid:1027 size:1048576 shmem:false ret:0 this:0x000055cd82646328
11/10/2025 19:20:01:581	UTIL	[45:45:3271815616]	INFO	mlog_file::init mid:1008 size:1048576 shmem:false ret:0 this:0x000055cd82646438
11/10/2025 19:20:01:837	UTIL	[45:45:3271815616]	INFO	mlog_file::init mid:1030 size:1048576 shmem:false ret:0 this:0x000055cd8263cf08
