11/10/2025 19:30:59:649	UTIL	[43:43:2179867072]	INFO	thread_mgr_t ::thread_mgr_t(),Mon,10 Nov 2025 19:30:59 GMT, preset_owner_thr = false, this = 0x00005629400e7100
11/10/2025 19:30:59:649	UTIL	[43:43:2179867072]	INFO	new_i8_allocator_t::new_i8_allocator_t, m_page_size = 4096, this = 0x00005629400e3f10
11/10/2025 19:30:59:649	UTIL	[43:43:2179867072]	INFO	UTIL_INIT  refer , s_init_times = 1, module_id = 9, description = UTIL has been built on:Sep 19 2025 at 06:33:56 on branch release-client-6.6.x with commit ID 2583f48484aeb604c472d0a89b4ddc1f55, dir = , filename = , pext = log, max_size = 41943040, max_idx = 99
11/10/2025 19:30:59:649	UTIL	[43:43:2179867072]	INFO	set_timer_driver, setup_call = 0x00007fc39d7603b0, remove_call = 0x00007fc39d760290
11/10/2025 19:30:59:649	UTIL	[43:43:2179867072]	INFO	thread_mgr_t::spawn, mode = 02000008, w_queue_size = 8192, type = 0, interact_timer = true, thr_name = , bind_mask = 4294967295, use_ext_timer_drv = true, notifier = 0x00005629400e2900, this = 0x00005629400e7100
11/10/2025 19:30:59:649	UTIL	[43:43:2179867072]	INFO	thread_wrapper_t::thread_wrapper_t, mode = 02000008, id = 0, type = 0, thr_manager = 0x00005629400e7100, waits = 0, interact_timer = true, m_timer_precision = 50, this = 0x00005629400efff0
11/10/2025 19:30:59:649	UTIL	[43:43:2179867072]	INFO	msg_queue_t::msg_queue_t notifier = , notifier = 0x00005629400e2900, writer = 0x0000000000000000, capacity = 1024, mode = 0, this = 0x00005629400e5880
11/10/2025 19:30:59:649	UTIL	[43:43:2179867072]	INFO	thread_wrapper_t::thread_wrapper_t ctrl queue size = 1024, this = 0x00005629400efff0
11/10/2025 19:30:59:649	UTIL	[43:43:2179867072]	INFO	thread_wrapper_t::init_tls(), m_thread_manager = 0x00005629400e7100, this = 0x00005629400efff0
11/10/2025 19:30:59:649	UTIL	[43:43:2179867072]	INFO	thread_mgr_t::register_tls, thr = 0x00005629400efff0, tls = true, this = 0x00005629400e7100
11/10/2025 19:30:59:649	UTIL	[43:43:2179867072]	INFO	thread_wrapper_t::start_alive_check() timer = 0x0000000000000000, m_interact_timer = true, this = 0x00005629400efff0
11/10/2025 19:30:59:649	UTIL	[43:43:2179867072]	INFO	timer_queue_t::timer_queue_t() , sink = 0x00005629400f0028, min_interval = 204800, this = 0x00005629400efb80
11/10/2025 19:30:59:649	UTIL	[43:43:2179867072]	INFO	thread_wrapper_t::open_notifier, waits = 0, m_notify = 0x00005629400e2900, this = 0x00005629400efff0
11/10/2025 19:30:59:649	UTIL	[43:43:2179867072]	INFO	msg_queue_base_t::open_notifier, m_notifier = 0x00005629400e2900, notifier = 0x00005629400e2900, this = 0x00005629400e58a0
11/10/2025 19:30:59:649	UTIL	[43:43:2179867072]	INFO	thread_mgr_t::attach handle = 0x00005629400efff0, thread_id = 140477675217344, owner_thr = 0x00005629400efff0, owner_id = 140477675217344, queue_size = 8192, this = 0x00005629400e7100
11/10/2025 19:30:59:649	UTIL	[43:43:2179867072]	INFO	thread_wrapper_t::create_channel(), bind_thr = 0x00005629400efff0[140477675217344], read_capacity = 8192, write_capacity = 8192, this = 0x00005629400efff0
11/10/2025 19:30:59:650	UTIL	[43:43:2179867072]	INFO	o2o_msg_queue_t::o2o_msg_queue_t, notifier = 0x00005629400e2900, writer = 0x00005629400efff0[140477675217344], reader = 0x00005629400efff0[140477675217344], capacity = 8192, mode = 0, this = 0x00005629400e3d10
11/10/2025 19:30:59:650	UTIL	[43:43:2179867072]	INFO	o2o_msg_queue_t::o2o_msg_queue_t, notifier = 0x00005629400e2900, writer = 0x00005629400efff0[140477675217344], reader = 0x00005629400efff0[140477675217344], capacity = 8192, mode = 0, this = 0x00005629400e6e10
11/10/2025 19:30:59:650	UTIL	[43:43:2179867072]	INFO	thread_wrapper_t::bind_queue  , self_id = 140477675217344, bind_thr = 0x00005629400efff0[140477675217344], r_queue = 0x00005629400e3d78, w_queue = 0x00005629400e6e80, this = 0x00005629400efff0
11/10/2025 19:30:59:650	UTIL	[43:43:2179867072]	INFO	thread_wrapper_t::bind_queue  , self_id = 140477675217344, bind_thr = 0x00005629400efff0[140477675217344], r_queue = 0x00005629400e6e78, w_queue = 0x00005629400e3d80, this = 0x00005629400efff0
11/10/2025 19:30:59:650	UTIL	[43:43:2179867072]	INFO	thread_wrapper_t::bind_queue bind_thr = 0x00005629400efff0 already be existed, skip it, this = 0x00005629400efff0
11/10/2025 19:30:59:650	UTIL	[43:43:2179867072]	INFO	thread_wrapper_t::adjust_timer_precision, m_timer_precision = 50, new_timer_precision = 50, this = 0x00005629400efff0
11/10/2025 19:30:59:650	UTIL	[43:43:2179867072]	INFO	register_logger  module_id = 1057, module_name = zoomtask, max_level = 31, logger = 0x0000000000000000, mode = 3
11/10/2025 19:30:59:655	UTIL	[43:43:2179867072]	INFO	UTIL_INIT  refer times = 2, module_id = 1057, UTIL has been built on:Sep 19 2025 at 06:33:56 on branch release-client-6.6.x with commit ID 2583f48484aeb604c472d0a89b4ddc1f55
11/10/2025 19:30:59:655	UTIL	[43:43:2179867072]	INFO	register_logger  module_id = 1057, module_name = ZoomTask, max_level = 31, logger = 0x0000000000000000, mode = 3
11/10/2025 19:30:59:773	UTIL	[43:43:2179867072]	INFO	UTIL_INIT  refer times = 3, module_id = 2, UTIL has been built on:Sep 19 2025 at 06:33:56 on branch release-client-6.6.x with commit ID 2583f48484aeb604c472d0a89b4ddc1f55
11/10/2025 19:30:59:785	UTIL	[43:43:2179867072]	INFO	timer_it::timer_it id = 0, own_thr = 0x0000000000000000, this = 0x00005629400e7858
11/10/2025 19:30:59:785	UTIL	[43:43:2179867072]	INFO	thread_mgr_t::spawn, mode = 01000004, w_queue_size = 0, type = 3, interact_timer = true, thr_name = zoom.dns, bind_mask = 0, use_ext_timer_drv = false, notifier = 0x0000000000000000, this = 0x00005629400e7100
11/10/2025 19:30:59:785	UTIL	[43:43:2179867072]	INFO	thread_wrapper_t::thread_wrapper_t, mode = 01000004, id = 0, type = 3, thr_manager = 0x00005629400e7100, waits = 1, interact_timer = true, m_timer_precision = 50, this = 0x0000562940130170
11/10/2025 19:30:59:785	UTIL	[43:43:2179867072]	INFO	msg_queue_t::msg_queue_t notifier = , notifier = 0x0000000000000000, writer = 0x0000000000000000, capacity = 1024, mode = 1, this = 0x00005629401305d0
11/10/2025 19:30:59:785	UTIL	[43:43:2179867072]	INFO	thread_wrapper_t::thread_wrapper_t ctrl queue size = 1024, this = 0x0000562940130170
11/10/2025 19:30:59:785	UTIL	[43:43:2179867072]	INFO	thread_io_t::thread_io_t(), mode = 01000004, type = 3, queue size = 0, this = 0x0000562940130140
11/10/2025 19:30:59:785	UTIL	[43:43:2179867072]	INFO	thread_io_t::open_notifier, waits = 1, this = 0x0000562940130140
11/10/2025 19:30:59:785	UTIL	[43:43:2179867072]	INFO	msg_queue_base_t::open_notifier, m_notifier = 0x0000000000000000, notifier = 0x000056294012def0, this = 0x00005629401305f0
11/10/2025 19:30:59:785	UTIL	[43:43:2179867072]	INFO	thread_io_t::thread_run(), id = 0, args = 0x0000000000000000, this = 0x0000562940130140
11/10/2025 19:30:59:785	UTIL	[43:43:2179867072]	INFO	io_repo_t::io_repo_t, m_working = 0x0000562940130170, max_io_fds = 1024, this = 0x0000562940134b90
11/10/2025 19:30:59:785	UTIL	[43:43:2179867072]	INFO	notifier_handler_t::notifier_handler_t, io_container = 0x0000562940134b900x000056294012def0, this = 0x000056294013cd20
11/10/2025 19:30:59:785	UTIL	[43:43:2179867072]	INFO	poll_t::poll_t register, fd = 11, es.first = 00000000000000000000000000000011, this = 0x0000562940134b90
11/10/2025 19:30:59:785	UTIL	[43:43:2179867072]	INFO	io_repo_t::start(), m_stop = true, this = 0x0000562940134b90
11/10/2025 19:30:59:785	UTIL	[43:43:2179867072]	INFO	thread_mgr_t::spawn only has control message queue for this thread, this = 0x00005629400e7100
11/10/2025 19:30:59:785	UTIL	[43:43:2179867072]	FATAL	assert: msg[thread_wrapper_t::create_channel bind thread should valid!, bind_thr = 0x0000000000000000] file[/home/jenkins/agent/workspace/Client/Client/DMT/linux/release/tp_util/util/src/thread.cpp], line = [1122]
11/10/2025 19:30:59:785	UTIL	[43:43:2179867072]	INFO	thread_wrapper_t::adjust_timer_precision, m_timer_precision = 50, new_timer_precision = 50, this = 0x0000562940130170
11/10/2025 19:30:59:785	UTIL	[43:43:2179867072]	INFO	timer_it::timer_it id = 0, own_thr = 0x0000000000000000, this = 0x000056294013d7e0
11/10/2025 19:30:59:785	UTIL	[43:43:2179867072]	INFO	timer_it::add_timer sink = 0x00005629400e7730, interval = 100, times = 0, is_exact = true, this = 0x000056294013d7e0
11/10/2025 19:30:59:785	UTIL	[43:49:2080372416]	INFO	poll_t::loop () begin, working = 0x0000562940130170, this = 0x0000562940134b90
11/10/2025 19:30:59:785	UTIL	[43:49:2080372416]	INFO	thread_io_t::init_tls() thread_id = 140477575722688, this = 0x0000562940130140
11/10/2025 19:30:59:785	UTIL	[43:49:2080372416]	INFO	thread_wrapper_t::init_tls(), m_thread_manager = 0x00005629400e7100, this = 0x0000562940130170
11/10/2025 19:30:59:785	UTIL	[43:49:2080372416]	INFO	thread_mgr_t::register_tls, thr = 0x0000562940130170, tls = true, this = 0x00005629400e7100
11/10/2025 19:30:59:785	UTIL	[43:49:2080372416]	INFO	thread_wrapper_t::start_alive_check() timer = 0x0000000000000000, m_interact_timer = true, this = 0x0000562940130170
11/10/2025 19:30:59:785	UTIL	[43:49:2080372416]	INFO	timer_queue_t::timer_queue_t() , sink = 0x00005629401301a8, min_interval = 204800, this = 0x00007fc370001070
11/10/2025 19:30:59:791	UTIL	[43:43:2179867072]	INFO	UTIL_INIT  refer times = 4, module_id = 9, UTIL has been built on:Sep 19 2025 at 06:33:56 on branch release-client-6.6.x with commit ID 2583f48484aeb604c472d0a89b4ddc1f55
11/10/2025 19:30:59:800	UTIL	[43:43:2179867072]	INFO	thread_mgr_t::spawn, mode = 01000004, w_queue_size = 65536, type = 1027, interact_timer = true, thr_name = zoom.db, bind_mask = 4294967295, use_ext_timer_drv = false, notifier = 0x0000000000000000, this = 0x00005629400e7100
11/10/2025 19:30:59:800	UTIL	[43:43:2179867072]	INFO	thread_wrapper_t::thread_wrapper_t, mode = 01000004, id = 0, type = 1027, thr_manager = 0x00005629400e7100, waits = 1, interact_timer = true, m_timer_precision = 50, this = 0x0000562940162c40
11/10/2025 19:30:59:800	UTIL	[43:43:2179867072]	INFO	msg_queue_t::msg_queue_t notifier = , notifier = 0x0000000000000000, writer = 0x0000000000000000, capacity = 1024, mode = 1, this = 0x0000562940156df0
11/10/2025 19:30:59:800	UTIL	[43:43:2179867072]	INFO	thread_wrapper_t::thread_wrapper_t ctrl queue size = 1024, this = 0x0000562940162c40
11/10/2025 19:30:59:800	UTIL	[43:43:2179867072]	INFO	thread_io_t::thread_io_t(), mode = 01000004, type = 1027, queue size = 65536, this = 0x0000562940162c10
11/10/2025 19:30:59:800	UTIL	[43:43:2179867072]	INFO	thread_io_t::open_notifier, waits = 1, this = 0x0000562940162c10
11/10/2025 19:30:59:800	UTIL	[43:43:2179867072]	INFO	msg_queue_base_t::open_notifier, m_notifier = 0x0000000000000000, notifier = 0x0000562940167000, this = 0x0000562940156e10
11/10/2025 19:30:59:800	UTIL	[43:43:2179867072]	INFO	thread_io_t::thread_run(), id = 0, args = 0x0000000000000000, this = 0x0000562940162c10
11/10/2025 19:30:59:800	UTIL	[43:43:2179867072]	INFO	io_repo_t::io_repo_t, m_working = 0x0000562940162c40, max_io_fds = 1024, this = 0x0000562940167200
11/10/2025 19:30:59:800	UTIL	[43:43:2179867072]	INFO	notifier_handler_t::notifier_handler_t, io_container = 0x00005629401672000x0000562940167000, this = 0x0000562940158650
11/10/2025 19:30:59:800	UTIL	[43:43:2179867072]	INFO	poll_t::poll_t register, fd = 20, es.first = 00000000000000000000000000000011, this = 0x0000562940167200
11/10/2025 19:30:59:800	UTIL	[43:43:2179867072]	INFO	io_repo_t::start(), m_stop = true, this = 0x0000562940167200
11/10/2025 19:30:59:800	UTIL	[43:43:2179867072]	INFO	thread_mgr_t::attach handle = 0x0000562940162c40, thread_id = 140477366003392, owner_thr = 0x00005629400efff0, owner_id = 140477675217344, queue_size = 65536, this = 0x00005629400e7100
11/10/2025 19:30:59:800	UTIL	[43:43:2179867072]	INFO	thread_wrapper_t::create_channel(), bind_thr = 0x00005629400efff0[140477675217344], read_capacity = 65536, write_capacity = 65536, this = 0x0000562940162c40
11/10/2025 19:30:59:800	UTIL	[43:43:2179867072]	INFO	o2o_msg_queue_t::o2o_msg_queue_t, notifier = 0x00005629400e2900, writer = 0x0000562940162c40[140477366003392], reader = 0x00005629400efff0[140477675217344], capacity = 65536, mode = 0, this = 0x000056294016fc80
11/10/2025 19:30:59:800	UTIL	[43:43:2179867072]	INFO	o2o_msg_queue_t::o2o_msg_queue_t, notifier = 0x0000562940167000, writer = 0x00005629400efff0[140477675217344], reader = 0x0000562940162c40[140477366003392], capacity = 65536, mode = 1, this = 0x000056294016fec0
11/10/2025 19:30:59:800	UTIL	[43:43:2179867072]	INFO	thread_wrapper_t::bind_queue  , self_id = 140477675217344, bind_thr = 0x0000562940162c40[140477366003392], r_queue = 0x000056294016fce8, w_queue = 0x000056294016ff30, this = 0x00005629400efff0
11/10/2025 19:30:59:800	UTIL	[43:43:2179867072]	INFO	thread_wrapper_t::bind_queue  , self_id = 140477366003392, bind_thr = 0x00005629400efff0[140477675217344], r_queue = 0x000056294016ff28, w_queue = 0x000056294016fcf0, this = 0x0000562940162c40
11/10/2025 19:30:59:800	UTIL	[43:43:2179867072]	INFO	thread_wrapper_t::create_channel(), bind_thr = 0x0000562940130170[140477575722688], read_capacity = 65536, write_capacity = 65536, this = 0x0000562940162c40
11/10/2025 19:30:59:801	UTIL	[43:43:2179867072]	INFO	o2o_msg_queue_t::o2o_msg_queue_t, notifier = 0x000056294012def0, writer = 0x0000562940162c40[140477366003392], reader = 0x0000562940130170[140477575722688], capacity = 65536, mode = 1, this = 0x0000562940170560
11/10/2025 19:30:59:801	UTIL	[43:43:2179867072]	INFO	o2o_msg_queue_t::o2o_msg_queue_t, notifier = 0x0000562940167000, writer = 0x0000562940130170[140477575722688], reader = 0x0000562940162c40[140477366003392], capacity = 65536, mode = 1, this = 0x00005629401707a0
11/10/2025 19:30:59:801	UTIL	[43:43:2179867072]	INFO	thread_wrapper_t::send_ctrl_msg msg = 0x00005629401709e0, (uint64_t)m_id = 0, timeout = -1, this = 0x0000562940162c40
11/10/2025 19:30:59:801	UTIL	[43:57:1870653120]	INFO	poll_t::loop () begin, working = 0x0000562940162c40, this = 0x0000562940167200
11/10/2025 19:30:59:801	UTIL	[43:57:1870653120]	INFO	thread_io_t::init_tls() thread_id = 140477366003392, this = 0x0000562940162c10
11/10/2025 19:30:59:801	UTIL	[43:57:1870653120]	INFO	thread_wrapper_t::init_tls(), m_thread_manager = 0x00005629400e7100, this = 0x0000562940162c40
11/10/2025 19:30:59:801	UTIL	[43:57:1870653120]	INFO	thread_mgr_t::register_tls, thr = 0x0000562940162c40, tls = true, this = 0x00005629400e7100
11/10/2025 19:30:59:801	UTIL	[43:57:1870653120]	INFO	thread_wrapper_t::start_alive_check() timer = 0x0000000000000000, m_interact_timer = true, this = 0x0000562940162c40
11/10/2025 19:30:59:801	UTIL	[43:57:1870653120]	INFO	timer_queue_t::timer_queue_t() , sink = 0x0000562940162c78, min_interval = 204800, this = 0x00007fc344001070
11/10/2025 19:30:59:801	UTIL	[43:57:1870653120]	INFO	thread_wrapper_t::create_ch_msg_t::on_message from = 0x0000562940162c40, to = 0x0000562940130170, this = 0x00005629401709e0
11/10/2025 19:30:59:801	UTIL	[43:57:1870653120]	INFO	thread_wrapper_t::bind_queue  , self_id = 140477575722688, bind_thr = 0x0000562940162c40[140477366003392], r_queue = 0x00005629401705c8, w_queue = 0x0000562940170810, this = 0x0000562940130170
11/10/2025 19:30:59:801	UTIL	[43:43:2179867072]	INFO	thread_wrapper_t::bind_queue  , self_id = 140477366003392, bind_thr = 0x0000562940130170[140477575722688], r_queue = 0x0000562940170808, w_queue = 0x00005629401705d0, this = 0x0000562940162c40
11/10/2025 19:30:59:801	UTIL	[43:43:2179867072]	INFO	thread_wrapper_t::create_channel(), bind_thr = 0x0000562940162c40[140477366003392], read_capacity = 65536, write_capacity = 65536, this = 0x0000562940162c40
11/10/2025 19:30:59:802	UTIL	[43:43:2179867072]	INFO	o2o_msg_queue_t::o2o_msg_queue_t, notifier = 0x0000562940167000, writer = 0x0000562940162c40[140477366003392], reader = 0x0000562940162c40[140477366003392], capacity = 65536, mode = 1, this = 0x0000562940170ea0
11/10/2025 19:30:59:802	UTIL	[43:43:2179867072]	INFO	o2o_msg_queue_t::o2o_msg_queue_t, notifier = 0x0000562940167000, writer = 0x0000562940162c40[140477366003392], reader = 0x0000562940162c40[140477366003392], capacity = 65536, mode = 1, this = 0x00005629401710e0
11/10/2025 19:30:59:802	UTIL	[43:43:2179867072]	INFO	thread_wrapper_t::send_ctrl_msg msg = 0x0000562940171320, (uint64_t)m_id = 140477366003392, timeout = -1, this = 0x0000562940162c40
11/10/2025 19:30:59:803	UTIL	[43:57:1870653120]	INFO	thread_wrapper_t::create_ch_msg_t::on_message from = 0x0000562940162c40, to = 0x0000562940162c40, this = 0x0000562940171320
11/10/2025 19:30:59:803	UTIL	[43:57:1870653120]	INFO	thread_wrapper_t::bind_queue  , self_id = 140477366003392, bind_thr = 0x0000562940162c40[140477366003392], r_queue = 0x0000562940170f08, w_queue = 0x0000562940171150, this = 0x0000562940162c40
11/10/2025 19:30:59:803	UTIL	[43:43:2179867072]	INFO	thread_wrapper_t::bind_queue  , self_id = 140477366003392, bind_thr = 0x0000562940162c40[140477366003392], r_queue = 0x0000562940171148, w_queue = 0x0000562940170f10, this = 0x0000562940162c40
11/10/2025 19:30:59:803	UTIL	[43:43:2179867072]	INFO	thread_wrapper_t::bind_queue bind_thr = 0x0000562940162c40 already be existed, skip it, this = 0x0000562940162c40
11/10/2025 19:30:59:803	UTIL	[43:43:2179867072]	INFO	thread_wrapper_t::adjust_timer_precision, m_timer_precision = 50, new_timer_precision = 50, this = 0x0000562940162c40
11/10/2025 19:30:59:803	UTIL	[43:43:2179867072]	INFO	thread_mgr_t::spawn, mode = 01000004, w_queue_size = 65536, type = 1028, interact_timer = true, thr_name = zoom.im.index, bind_mask = 4294967295, use_ext_timer_drv = false, notifier = 0x0000000000000000, this = 0x00005629400e7100
11/10/2025 19:30:59:803	UTIL	[43:43:2179867072]	INFO	thread_wrapper_t::thread_wrapper_t, mode = 01000004, id = 0, type = 1028, thr_manager = 0x00005629400e7100, waits = 1, interact_timer = true, m_timer_precision = 50, this = 0x0000562940171a00
11/10/2025 19:30:59:803	UTIL	[43:43:2179867072]	INFO	msg_queue_t::msg_queue_t notifier = , notifier = 0x0000000000000000, writer = 0x0000000000000000, capacity = 1024, mode = 1, this = 0x0000562940171cb0
11/10/2025 19:30:59:803	UTIL	[43:43:2179867072]	INFO	thread_wrapper_t::thread_wrapper_t ctrl queue size = 1024, this = 0x0000562940171a00
11/10/2025 19:30:59:803	UTIL	[43:43:2179867072]	INFO	thread_io_t::thread_io_t(), mode = 01000004, type = 1028, queue size = 65536, this = 0x00005629401719d0
11/10/2025 19:30:59:803	UTIL	[43:43:2179867072]	INFO	thread_io_t::open_notifier, waits = 1, this = 0x00005629401719d0
11/10/2025 19:30:59:803	UTIL	[43:43:2179867072]	INFO	msg_queue_base_t::open_notifier, m_notifier = 0x0000000000000000, notifier = 0x00005629401761e0, this = 0x0000562940171cd0
11/10/2025 19:30:59:803	UTIL	[43:43:2179867072]	INFO	thread_io_t::thread_run(), id = 0, args = 0x0000000000000000, this = 0x00005629401719d0
11/10/2025 19:30:59:803	UTIL	[43:43:2179867072]	INFO	io_repo_t::io_repo_t, m_working = 0x0000562940171a00, max_io_fds = 1024, this = 0x0000562940176440
11/10/2025 19:30:59:803	UTIL	[43:43:2179867072]	INFO	notifier_handler_t::notifier_handler_t, io_container = 0x00005629401764400x00005629401761e0, this = 0x000056294013e350
11/10/2025 19:30:59:803	UTIL	[43:43:2179867072]	INFO	poll_t::poll_t register, fd = 22, es.first = 00000000000000000000000000000011, this = 0x0000562940176440
11/10/2025 19:30:59:803	UTIL	[43:43:2179867072]	INFO	io_repo_t::start(), m_stop = true, this = 0x0000562940176440
11/10/2025 19:30:59:803	UTIL	[43:58:1862260416]	INFO	poll_t::loop () begin, working = 0x0000562940171a00, this = 0x0000562940176440
11/10/2025 19:30:59:803	UTIL	[43:58:1862260416]	INFO	thread_io_t::init_tls() thread_id = 140477357610688, this = 0x00005629401719d0
11/10/2025 19:30:59:803	UTIL	[43:58:1862260416]	INFO	thread_wrapper_t::init_tls(), m_thread_manager = 0x00005629400e7100, this = 0x0000562940171a00
11/10/2025 19:30:59:803	UTIL	[43:58:1862260416]	INFO	thread_mgr_t::register_tls, thr = 0x0000562940171a00, tls = true, this = 0x00005629400e7100
11/10/2025 19:30:59:803	UTIL	[43:58:1862260416]	INFO	thread_wrapper_t::start_alive_check() timer = 0x0000000000000000, m_interact_timer = true, this = 0x0000562940171a00
11/10/2025 19:30:59:803	UTIL	[43:58:1862260416]	INFO	timer_queue_t::timer_queue_t() , sink = 0x0000562940171a38, min_interval = 204800, this = 0x00007fc338001070
11/10/2025 19:30:59:808	UTIL	[43:43:2179867072]	INFO	thread_mgr_t::attach handle = 0x0000562940171a00, thread_id = 140477357610688, owner_thr = 0x00005629400efff0, owner_id = 140477675217344, queue_size = 65536, this = 0x00005629400e7100
11/10/2025 19:30:59:808	UTIL	[43:43:2179867072]	INFO	thread_wrapper_t::create_channel(), bind_thr = 0x00005629400efff0[140477675217344], read_capacity = 65536, write_capacity = 65536, this = 0x0000562940171a00
11/10/2025 19:30:59:808	UTIL	[43:43:2179867072]	INFO	o2o_msg_queue_t::o2o_msg_queue_t, notifier = 0x00005629400e2900, writer = 0x0000562940171a00[140477357610688], reader = 0x00005629400efff0[140477675217344], capacity = 65536, mode = 0, this = 0x000056294017ee60
11/10/2025 19:30:59:808	UTIL	[43:43:2179867072]	INFO	o2o_msg_queue_t::o2o_msg_queue_t, notifier = 0x00005629401761e0, writer = 0x00005629400efff0[140477675217344], reader = 0x0000562940171a00[140477357610688], capacity = 65536, mode = 1, this = 0x000056294017f0a0
11/10/2025 19:30:59:808	UTIL	[43:43:2179867072]	INFO	thread_wrapper_t::bind_queue  , self_id = 140477675217344, bind_thr = 0x0000562940171a00[140477357610688], r_queue = 0x000056294017eec8, w_queue = 0x000056294017f110, this = 0x00005629400efff0
11/10/2025 19:30:59:808	UTIL	[43:43:2179867072]	INFO	thread_wrapper_t::bind_queue  , self_id = 140477357610688, bind_thr = 0x00005629400efff0[140477675217344], r_queue = 0x000056294017f108, w_queue = 0x000056294017eed0, this = 0x0000562940171a00
11/10/2025 19:30:59:808	UTIL	[43:43:2179867072]	INFO	thread_wrapper_t::create_channel(), bind_thr = 0x0000562940130170[140477575722688], read_capacity = 65536, write_capacity = 65536, this = 0x0000562940171a00
11/10/2025 19:30:59:808	UTIL	[43:43:2179867072]	INFO	o2o_msg_queue_t::o2o_msg_queue_t, notifier = 0x000056294012def0, writer = 0x0000562940171a00[140477357610688], reader = 0x0000562940130170[140477575722688], capacity = 65536, mode = 1, this = 0x000056294017f740
11/10/2025 19:30:59:808	UTIL	[43:43:2179867072]	INFO	o2o_msg_queue_t::o2o_msg_queue_t, notifier = 0x00005629401761e0, writer = 0x0000562940130170[140477575722688], reader = 0x0000562940171a00[140477357610688], capacity = 65536, mode = 1, this = 0x000056294017f980
11/10/2025 19:30:59:808	UTIL	[43:43:2179867072]	INFO	thread_wrapper_t::send_ctrl_msg msg = 0x000056294017fbc0, (uint64_t)m_id = 140477357610688, timeout = -1, this = 0x0000562940171a00
11/10/2025 19:30:59:808	UTIL	[43:58:1862260416]	INFO	thread_wrapper_t::create_ch_msg_t::on_message from = 0x0000562940171a00, to = 0x0000562940130170, this = 0x000056294017fbc0
11/10/2025 19:30:59:808	UTIL	[43:58:1862260416]	INFO	thread_wrapper_t::bind_queue  , self_id = 140477575722688, bind_thr = 0x0000562940171a00[140477357610688], r_queue = 0x000056294017f7a8, w_queue = 0x000056294017f9f0, this = 0x0000562940130170
11/10/2025 19:30:59:809	UTIL	[43:43:2179867072]	INFO	thread_wrapper_t::bind_queue  , self_id = 140477357610688, bind_thr = 0x0000562940130170[140477575722688], r_queue = 0x000056294017f9e8, w_queue = 0x000056294017f7b0, this = 0x0000562940171a00
11/10/2025 19:30:59:809	UTIL	[43:43:2179867072]	INFO	thread_wrapper_t::create_channel(), bind_thr = 0x0000562940162c40[140477366003392], read_capacity = 65536, write_capacity = 65536, this = 0x0000562940171a00
11/10/2025 19:30:59:809	UTIL	[43:43:2179867072]	INFO	o2o_msg_queue_t::o2o_msg_queue_t, notifier = 0x0000562940167000, writer = 0x0000562940171a00[140477357610688], reader = 0x0000562940162c40[140477366003392], capacity = 65536, mode = 1, this = 0x0000562940180090
11/10/2025 19:30:59:810	UTIL	[43:43:2179867072]	INFO	o2o_msg_queue_t::o2o_msg_queue_t, notifier = 0x00005629401761e0, writer = 0x0000562940162c40[140477366003392], reader = 0x0000562940171a00[140477357610688], capacity = 65536, mode = 1, this = 0x00005629401802d0
11/10/2025 19:30:59:810	UTIL	[43:43:2179867072]	INFO	thread_wrapper_t::send_ctrl_msg msg = 0x0000562940180510, (uint64_t)m_id = 140477357610688, timeout = -1, this = 0x0000562940171a00
11/10/2025 19:30:59:811	UTIL	[43:58:1862260416]	INFO	thread_wrapper_t::create_ch_msg_t::on_message from = 0x0000562940171a00, to = 0x0000562940162c40, this = 0x0000562940180510
11/10/2025 19:30:59:811	UTIL	[43:58:1862260416]	INFO	thread_wrapper_t::bind_queue  , self_id = 140477366003392, bind_thr = 0x0000562940171a00[140477357610688], r_queue = 0x00005629401800f8, w_queue = 0x0000562940180340, this = 0x0000562940162c40
11/10/2025 19:30:59:814	UTIL	[43:43:2179867072]	INFO	thread_wrapper_t::bind_queue  , self_id = 140477357610688, bind_thr = 0x0000562940162c40[140477366003392], r_queue = 0x0000562940180338, w_queue = 0x0000562940180100, this = 0x0000562940171a00
11/10/2025 19:30:59:814	UTIL	[43:43:2179867072]	INFO	thread_wrapper_t::create_channel(), bind_thr = 0x0000562940171a00[140477357610688], read_capacity = 65536, write_capacity = 65536, this = 0x0000562940171a00
11/10/2025 19:30:59:814	UTIL	[43:43:2179867072]	INFO	o2o_msg_queue_t::o2o_msg_queue_t, notifier = 0x00005629401761e0, writer = 0x0000562940171a00[140477357610688], reader = 0x0000562940171a00[140477357610688], capacity = 65536, mode = 1, this = 0x0000562940180900
11/10/2025 19:30:59:814	UTIL	[43:43:2179867072]	INFO	o2o_msg_queue_t::o2o_msg_queue_t, notifier = 0x00005629401761e0, writer = 0x0000562940171a00[140477357610688], reader = 0x0000562940171a00[140477357610688], capacity = 65536, mode = 1, this = 0x0000562940180b40
11/10/2025 19:30:59:814	UTIL	[43:43:2179867072]	INFO	thread_wrapper_t::send_ctrl_msg msg = 0x0000562940180d80, (uint64_t)m_id = 140477357610688, timeout = -1, this = 0x0000562940171a00
11/10/2025 19:30:59:814	UTIL	[43:58:1862260416]	INFO	thread_wrapper_t::create_ch_msg_t::on_message from = 0x0000562940171a00, to = 0x0000562940171a00, this = 0x0000562940180d80
11/10/2025 19:30:59:814	UTIL	[43:58:1862260416]	INFO	thread_wrapper_t::bind_queue  , self_id = 140477357610688, bind_thr = 0x0000562940171a00[140477357610688], r_queue = 0x0000562940180968, w_queue = 0x0000562940180bb0, this = 0x0000562940171a00
11/10/2025 19:30:59:815	UTIL	[43:43:2179867072]	INFO	thread_wrapper_t::bind_queue  , self_id = 140477357610688, bind_thr = 0x0000562940171a00[140477357610688], r_queue = 0x0000562940180ba8, w_queue = 0x0000562940180970, this = 0x0000562940171a00
11/10/2025 19:30:59:815	UTIL	[43:43:2179867072]	INFO	thread_wrapper_t::bind_queue bind_thr = 0x0000562940171a00 already be existed, skip it, this = 0x0000562940171a00
11/10/2025 19:30:59:815	UTIL	[43:43:2179867072]	INFO	thread_wrapper_t::adjust_timer_precision, m_timer_precision = 50, new_timer_precision = 50, this = 0x0000562940171a00
11/10/2025 19:30:59:933	UTIL	[43:43:2179867072]	INFO	UTIL_INIT  refer times = 5, module_id = 5, UTIL has been built on:Sep 19 2025 at 06:33:56 on branch release-client-6.6.x with commit ID 2583f48484aeb604c472d0a89b4ddc1f55
11/10/2025 19:30:59:933	UTIL	[43:43:2179867072]	INFO	register_logger  module_id = 5, module_name = MCM, max_level = 31, logger = 0x0000000000000000, mode = 3
11/10/2025 19:31:00:293	UTIL	[43:43:2179867072]	INFO	register_logger  module_id = 6, module_name = NYDUS, max_level = 31, logger = 0x0000000000000000, mode = 3
11/10/2025 19:31:00:293	UTIL	[43:43:2179867072]	INFO	timer_it::timer_it id = 0, own_thr = 0x0000000000000000, this = 0x0000562940184880
11/10/2025 19:31:00:293	UTIL	[43:43:2179867072]	INFO	timer_it::timer_it id = 0, own_thr = 0x0000000000000000, this = 0x000056294019e6c0
11/10/2025 19:31:00:293	UTIL	[43:43:2179867072]	INFO	thread_mgr_t::spawn, mode = 00000008, w_queue_size = 8192, type = 1024, interact_timer = true, thr_name = , bind_mask = 4294967295, use_ext_timer_drv = false, notifier = 0x0000000000000000, this = 0x00005629400e7100
11/10/2025 19:31:00:293	UTIL	[43:43:2179867072]	INFO	thread_mgr_t::spawn already has an instance for the thread, return it directly, thread id = 140477675217344, this = 0x00005629400e7100
11/10/2025 19:31:00:726	UTIL	[43:43:2179867072]	INFO	timer_it::add_timer sink = 0x00005629401b2ef8, interval = 12800, times = 0, is_exact = true, this = 0x0000562940184880
11/10/2025 19:31:00:726	UTIL	[43:43:2179867072]	INFO	timer_it::add_timer sink = 0x00005629401b2ef8, interval = 3840, times = 0, is_exact = true, this = 0x000056294019e6c0
11/10/2025 19:31:58:448	UTIL	[43:43:2179867072]	INFO	mlog_file::init mid:1069 size:1048576 shmem:false ret:0 this:0x0000562940223f68
11/10/2025 19:32:00:596	UTIL	[43:43:2179867072]	INFO	mlog_file::init mid:1027 size:1048576 shmem:false ret:0 this:0x0000562940315818
11/10/2025 19:32:00:745	UTIL	[43:43:2179867072]	INFO	mlog_file::init mid:1008 size:1048576 shmem:false ret:0 this:0x0000562940315928
11/10/2025 19:32:01:160	UTIL	[43:43:2179867072]	INFO	mlog_file::init mid:1030 size:1048576 shmem:false ret:0 this:0x000056294032cbb8
