11/10/2025 19:31:01:728	UTIL	[42:42:650039744]	INFO	thread_mgr_t ::thread_mgr_t(),Mon,10 Nov 2025 19:31:01 GMT, preset_owner_thr = false, this = 0x00005591c8e7b100
11/10/2025 19:31:01:729	UTIL	[42:42:650039744]	INFO	new_i8_allocator_t::new_i8_allocator_t, m_page_size = 4096, this = 0x00005591c8e77f10
11/10/2025 19:31:01:729	UTIL	[42:42:650039744]	INFO	UTIL_INIT  refer , s_init_times = 1, module_id = 9, description = UTIL has been built on:Sep 19 2025 at 06:33:56 on branch release-client-6.6.x with commit ID 2583f48484aeb604c472d0a89b4ddc1f55, dir = , filename = , pext = log, max_size = 41943040, max_idx = 99
11/10/2025 19:31:01:729	UTIL	[42:42:650039744]	INFO	set_timer_driver, setup_call = 0x00007f9c423603b0, remove_call = 0x00007f9c42360290
11/10/2025 19:31:01:729	UTIL	[42:42:650039744]	INFO	thread_mgr_t::spawn, mode = 02000008, w_queue_size = 8192, type = 0, interact_timer = true, thr_name = , bind_mask = 4294967295, use_ext_timer_drv = true, notifier = 0x00005591c8e76900, this = 0x00005591c8e7b100
11/10/2025 19:31:01:729	UTIL	[42:42:650039744]	INFO	thread_wrapper_t::thread_wrapper_t, mode = 02000008, id = 0, type = 0, thr_manager = 0x00005591c8e7b100, waits = 0, interact_timer = true, m_timer_precision = 50, this = 0x00005591c8e83ff0
11/10/2025 19:31:01:729	UTIL	[42:42:650039744]	INFO	msg_queue_t::msg_queue_t notifier = , notifier = 0x00005591c8e76900, writer = 0x0000000000000000, capacity = 1024, mode = 0, this = 0x00005591c8e79880
11/10/2025 19:31:01:729	UTIL	[42:42:650039744]	INFO	thread_wrapper_t::thread_wrapper_t ctrl queue size = 1024, this = 0x00005591c8e83ff0
11/10/2025 19:31:01:729	UTIL	[42:42:650039744]	INFO	thread_wrapper_t::init_tls(), m_thread_manager = 0x00005591c8e7b100, this = 0x00005591c8e83ff0
11/10/2025 19:31:01:729	UTIL	[42:42:650039744]	INFO	thread_mgr_t::register_tls, thr = 0x00005591c8e83ff0, tls = true, this = 0x00005591c8e7b100
11/10/2025 19:31:01:729	UTIL	[42:42:650039744]	INFO	thread_wrapper_t::start_alive_check() timer = 0x0000000000000000, m_interact_timer = true, this = 0x00005591c8e83ff0
11/10/2025 19:31:01:729	UTIL	[42:42:650039744]	INFO	timer_queue_t::timer_queue_t() , sink = 0x00005591c8e84028, min_interval = 204800, this = 0x00005591c8e83b80
11/10/2025 19:31:01:729	UTIL	[42:42:650039744]	INFO	thread_wrapper_t::open_notifier, waits = 0, m_notify = 0x00005591c8e76900, this = 0x00005591c8e83ff0
11/10/2025 19:31:01:729	UTIL	[42:42:650039744]	INFO	msg_queue_base_t::open_notifier, m_notifier = 0x00005591c8e76900, notifier = 0x00005591c8e76900, this = 0x00005591c8e798a0
11/10/2025 19:31:01:729	UTIL	[42:42:650039744]	INFO	thread_mgr_t::attach handle = 0x00005591c8e83ff0, thread_id = 140308641665472, owner_thr = 0x00005591c8e83ff0, owner_id = 140308641665472, queue_size = 8192, this = 0x00005591c8e7b100
11/10/2025 19:31:01:729	UTIL	[42:42:650039744]	INFO	thread_wrapper_t::create_channel(), bind_thr = 0x00005591c8e83ff0[140308641665472], read_capacity = 8192, write_capacity = 8192, this = 0x00005591c8e83ff0
11/10/2025 19:31:01:729	UTIL	[42:42:650039744]	INFO	o2o_msg_queue_t::o2o_msg_queue_t, notifier = 0x00005591c8e76900, writer = 0x00005591c8e83ff0[140308641665472], reader = 0x00005591c8e83ff0[140308641665472], capacity = 8192, mode = 0, this = 0x00005591c8e77d10
11/10/2025 19:31:01:730	UTIL	[42:42:650039744]	INFO	o2o_msg_queue_t::o2o_msg_queue_t, notifier = 0x00005591c8e76900, writer = 0x00005591c8e83ff0[140308641665472], reader = 0x00005591c8e83ff0[140308641665472], capacity = 8192, mode = 0, this = 0x00005591c8e7ae10
11/10/2025 19:31:01:730	UTIL	[42:42:650039744]	INFO	thread_wrapper_t::bind_queue  , self_id = 140308641665472, bind_thr = 0x00005591c8e83ff0[140308641665472], r_queue = 0x00005591c8e77d78, w_queue = 0x00005591c8e7ae80, this = 0x00005591c8e83ff0
11/10/2025 19:31:01:730	UTIL	[42:42:650039744]	INFO	thread_wrapper_t::bind_queue  , self_id = 140308641665472, bind_thr = 0x00005591c8e83ff0[140308641665472], r_queue = 0x00005591c8e7ae78, w_queue = 0x00005591c8e77d80, this = 0x00005591c8e83ff0
11/10/2025 19:31:01:730	UTIL	[42:42:650039744]	INFO	thread_wrapper_t::bind_queue bind_thr = 0x00005591c8e83ff0 already be existed, skip it, this = 0x00005591c8e83ff0
11/10/2025 19:31:01:730	UTIL	[42:42:650039744]	INFO	thread_wrapper_t::adjust_timer_precision, m_timer_precision = 50, new_timer_precision = 50, this = 0x00005591c8e83ff0
11/10/2025 19:31:01:730	UTIL	[42:42:650039744]	INFO	register_logger  module_id = 1057, module_name = zoomtask, max_level = 31, logger = 0x0000000000000000, mode = 3
11/10/2025 19:31:01:730	UTIL	[42:42:650039744]	INFO	UTIL_INIT  refer times = 2, module_id = 1057, UTIL has been built on:Sep 19 2025 at 06:33:56 on branch release-client-6.6.x with commit ID 2583f48484aeb604c472d0a89b4ddc1f55
11/10/2025 19:31:01:730	UTIL	[42:42:650039744]	INFO	register_logger  module_id = 1057, module_name = ZoomTask, max_level = 31, logger = 0x0000000000000000, mode = 3
11/10/2025 19:31:01:779	UTIL	[42:42:650039744]	INFO	UTIL_INIT  refer times = 3, module_id = 2, UTIL has been built on:Sep 19 2025 at 06:33:56 on branch release-client-6.6.x with commit ID 2583f48484aeb604c472d0a89b4ddc1f55
11/10/2025 19:31:01:783	UTIL	[42:42:650039744]	INFO	timer_it::timer_it id = 0, own_thr = 0x0000000000000000, this = 0x00005591c8e7b858
11/10/2025 19:31:01:783	UTIL	[42:42:650039744]	INFO	thread_mgr_t::spawn, mode = 01000004, w_queue_size = 0, type = 3, interact_timer = true, thr_name = zoom.dns, bind_mask = 0, use_ext_timer_drv = false, notifier = 0x0000000000000000, this = 0x00005591c8e7b100
11/10/2025 19:31:01:783	UTIL	[42:42:650039744]	INFO	thread_wrapper_t::thread_wrapper_t, mode = 01000004, id = 0, type = 3, thr_manager = 0x00005591c8e7b100, waits = 1, interact_timer = true, m_timer_precision = 50, this = 0x00005591c8ec42c0
11/10/2025 19:31:01:783	UTIL	[42:42:650039744]	INFO	msg_queue_t::msg_queue_t notifier = , notifier = 0x0000000000000000, writer = 0x0000000000000000, capacity = 1024, mode = 1, this = 0x00005591c8ec4720
11/10/2025 19:31:01:783	UTIL	[42:42:650039744]	INFO	thread_wrapper_t::thread_wrapper_t ctrl queue size = 1024, this = 0x00005591c8ec42c0
11/10/2025 19:31:01:783	UTIL	[42:42:650039744]	INFO	thread_io_t::thread_io_t(), mode = 01000004, type = 3, queue size = 0, this = 0x00005591c8ec4290
11/10/2025 19:31:01:783	UTIL	[42:42:650039744]	INFO	thread_io_t::open_notifier, waits = 1, this = 0x00005591c8ec4290
11/10/2025 19:31:01:783	UTIL	[42:42:650039744]	INFO	msg_queue_base_t::open_notifier, m_notifier = 0x0000000000000000, notifier = 0x00005591c8ec1fb0, this = 0x00005591c8ec4740
11/10/2025 19:31:01:783	UTIL	[42:42:650039744]	INFO	thread_io_t::thread_run(), id = 0, args = 0x0000000000000000, this = 0x00005591c8ec4290
11/10/2025 19:31:01:783	UTIL	[42:42:650039744]	INFO	io_repo_t::io_repo_t, m_working = 0x00005591c8ec42c0, max_io_fds = 1024, this = 0x00005591c8ec8c40
11/10/2025 19:31:01:783	UTIL	[42:42:650039744]	INFO	notifier_handler_t::notifier_handler_t, io_container = 0x00005591c8ec8c400x00005591c8ec1fb0, this = 0x00005591c8ed0dc0
11/10/2025 19:31:01:783	UTIL	[42:42:650039744]	INFO	poll_t::poll_t register, fd = 11, es.first = 00000000000000000000000000000011, this = 0x00005591c8ec8c40
11/10/2025 19:31:01:783	UTIL	[42:42:650039744]	INFO	io_repo_t::start(), m_stop = true, this = 0x00005591c8ec8c40
11/10/2025 19:31:01:783	UTIL	[42:42:650039744]	INFO	thread_mgr_t::spawn only has control message queue for this thread, this = 0x00005591c8e7b100
11/10/2025 19:31:01:783	UTIL	[42:42:650039744]	FATAL	assert: msg[thread_wrapper_t::create_channel bind thread should valid!, bind_thr = 0x0000000000000000] file[/home/jenkins/agent/workspace/Client/Client/DMT/linux/release/tp_util/util/src/thread.cpp], line = [1122]
11/10/2025 19:31:01:783	UTIL	[42:42:650039744]	INFO	thread_wrapper_t::adjust_timer_precision, m_timer_precision = 50, new_timer_precision = 50, this = 0x00005591c8ec42c0
11/10/2025 19:31:01:783	UTIL	[42:42:650039744]	INFO	timer_it::timer_it id = 0, own_thr = 0x0000000000000000, this = 0x00005591c8ed1880
11/10/2025 19:31:01:783	UTIL	[42:42:650039744]	INFO	timer_it::add_timer sink = 0x00005591c8e7b730, interval = 100, times = 0, is_exact = true, this = 0x00005591c8ed1880
11/10/2025 19:31:01:784	UTIL	[42:48:617723584]	INFO	poll_t::loop () begin, working = 0x00005591c8ec42c0, this = 0x00005591c8ec8c40
11/10/2025 19:31:01:784	UTIL	[42:48:617723584]	INFO	thread_io_t::init_tls() thread_id = 140308609349312, this = 0x00005591c8ec4290
11/10/2025 19:31:01:784	UTIL	[42:48:617723584]	INFO	thread_wrapper_t::init_tls(), m_thread_manager = 0x00005591c8e7b100, this = 0x00005591c8ec42c0
11/10/2025 19:31:01:784	UTIL	[42:48:617723584]	INFO	thread_mgr_t::register_tls, thr = 0x00005591c8ec42c0, tls = true, this = 0x00005591c8e7b100
11/10/2025 19:31:01:784	UTIL	[42:48:617723584]	INFO	thread_wrapper_t::start_alive_check() timer = 0x0000000000000000, m_interact_timer = true, this = 0x00005591c8ec42c0
11/10/2025 19:31:01:784	UTIL	[42:48:617723584]	INFO	timer_queue_t::timer_queue_t() , sink = 0x00005591c8ec42f8, min_interval = 204800, this = 0x00007f9c1c001070
11/10/2025 19:31:01:789	UTIL	[42:42:650039744]	INFO	UTIL_INIT  refer times = 4, module_id = 9, UTIL has been built on:Sep 19 2025 at 06:33:56 on branch release-client-6.6.x with commit ID 2583f48484aeb604c472d0a89b4ddc1f55
11/10/2025 19:31:01:806	UTIL	[42:42:650039744]	INFO	thread_mgr_t::spawn, mode = 01000004, w_queue_size = 65536, type = 1027, interact_timer = true, thr_name = zoom.db, bind_mask = 4294967295, use_ext_timer_drv = false, notifier = 0x0000000000000000, this = 0x00005591c8e7b100
11/10/2025 19:31:01:806	UTIL	[42:42:650039744]	INFO	thread_wrapper_t::thread_wrapper_t, mode = 01000004, id = 0, type = 1027, thr_manager = 0x00005591c8e7b100, waits = 1, interact_timer = true, m_timer_precision = 50, this = 0x00005591c8ef6d30
11/10/2025 19:31:01:806	UTIL	[42:42:650039744]	INFO	msg_queue_t::msg_queue_t notifier = , notifier = 0x0000000000000000, writer = 0x0000000000000000, capacity = 1024, mode = 1, this = 0x00005591c8eeae80
11/10/2025 19:31:01:806	UTIL	[42:42:650039744]	INFO	thread_wrapper_t::thread_wrapper_t ctrl queue size = 1024, this = 0x00005591c8ef6d30
11/10/2025 19:31:01:806	UTIL	[42:42:650039744]	INFO	thread_io_t::thread_io_t(), mode = 01000004, type = 1027, queue size = 65536, this = 0x00005591c8ef6d00
11/10/2025 19:31:01:806	UTIL	[42:42:650039744]	INFO	thread_io_t::open_notifier, waits = 1, this = 0x00005591c8ef6d00
11/10/2025 19:31:01:811	UTIL	[42:42:650039744]	INFO	msg_queue_base_t::open_notifier, m_notifier = 0x0000000000000000, notifier = 0x00005591c8efb0f0, this = 0x00005591c8eeaea0
11/10/2025 19:31:01:812	UTIL	[42:42:650039744]	INFO	thread_io_t::thread_run(), id = 0, args = 0x0000000000000000, this = 0x00005591c8ef6d00
11/10/2025 19:31:01:812	UTIL	[42:42:650039744]	INFO	io_repo_t::io_repo_t, m_working = 0x00005591c8ef6d30, max_io_fds = 1024, this = 0x00005591c8efb2f0
11/10/2025 19:31:01:812	UTIL	[42:42:650039744]	INFO	notifier_handler_t::notifier_handler_t, io_container = 0x00005591c8efb2f00x00005591c8efb0f0, this = 0x00005591c8eec740
11/10/2025 19:31:01:812	UTIL	[42:42:650039744]	INFO	poll_t::poll_t register, fd = 20, es.first = 00000000000000000000000000000011, this = 0x00005591c8efb2f0
11/10/2025 19:31:01:812	UTIL	[42:42:650039744]	INFO	io_repo_t::start(), m_stop = true, this = 0x00005591c8efb2f0
11/10/2025 19:31:01:812	UTIL	[42:42:650039744]	INFO	thread_mgr_t::attach handle = 0x00005591c8ef6d30, thread_id = 140308377491136, owner_thr = 0x00005591c8e83ff0, owner_id = 140308641665472, queue_size = 65536, this = 0x00005591c8e7b100
11/10/2025 19:31:01:812	UTIL	[42:42:650039744]	INFO	thread_wrapper_t::create_channel(), bind_thr = 0x00005591c8e83ff0[140308641665472], read_capacity = 65536, write_capacity = 65536, this = 0x00005591c8ef6d30
11/10/2025 19:31:01:813	UTIL	[42:56:385865408]	INFO	poll_t::loop () begin, working = 0x00005591c8ef6d30, this = 0x00005591c8efb2f0
11/10/2025 19:31:01:813	UTIL	[42:56:385865408]	INFO	thread_io_t::init_tls() thread_id = 140308377491136, this = 0x00005591c8ef6d00
11/10/2025 19:31:01:813	UTIL	[42:56:385865408]	INFO	thread_wrapper_t::init_tls(), m_thread_manager = 0x00005591c8e7b100, this = 0x00005591c8ef6d30
11/10/2025 19:31:01:813	UTIL	[42:56:385865408]	INFO	thread_mgr_t::register_tls, thr = 0x00005591c8ef6d30, tls = true, this = 0x00005591c8e7b100
11/10/2025 19:31:01:813	UTIL	[42:56:385865408]	INFO	thread_wrapper_t::start_alive_check() timer = 0x0000000000000000, m_interact_timer = true, this = 0x00005591c8ef6d30
11/10/2025 19:31:01:813	UTIL	[42:56:385865408]	INFO	timer_queue_t::timer_queue_t() , sink = 0x00005591c8ef6d68, min_interval = 204800, this = 0x00007f9bfc001070
11/10/2025 19:31:01:814	UTIL	[42:42:650039744]	INFO	o2o_msg_queue_t::o2o_msg_queue_t, notifier = 0x00005591c8e76900, writer = 0x00005591c8ef6d30[140308377491136], reader = 0x00005591c8e83ff0[140308641665472], capacity = 65536, mode = 0, this = 0x00005591c8f03d60
11/10/2025 19:31:01:835	UTIL	[42:42:650039744]	INFO	o2o_msg_queue_t::o2o_msg_queue_t, notifier = 0x00005591c8efb0f0, writer = 0x00005591c8e83ff0[140308641665472], reader = 0x00005591c8ef6d30[140308377491136], capacity = 65536, mode = 1, this = 0x00005591c8f03f90
11/10/2025 19:31:01:836	UTIL	[42:42:650039744]	INFO	thread_wrapper_t::bind_queue  , self_id = 140308641665472, bind_thr = 0x00005591c8ef6d30[140308377491136], r_queue = 0x00005591c8f03dc8, w_queue = 0x00005591c8f04000, this = 0x00005591c8e83ff0
11/10/2025 19:31:01:837	UTIL	[42:42:650039744]	INFO	thread_wrapper_t::bind_queue  , self_id = 140308377491136, bind_thr = 0x00005591c8e83ff0[140308641665472], r_queue = 0x00005591c8f03ff8, w_queue = 0x00005591c8f03dd0, this = 0x00005591c8ef6d30
11/10/2025 19:31:01:837	UTIL	[42:42:650039744]	INFO	thread_wrapper_t::create_channel(), bind_thr = 0x00005591c8ec42c0[140308609349312], read_capacity = 65536, write_capacity = 65536, this = 0x00005591c8ef6d30
11/10/2025 19:31:01:839	UTIL	[42:42:650039744]	INFO	o2o_msg_queue_t::o2o_msg_queue_t, notifier = 0x00005591c8ec1fb0, writer = 0x00005591c8ef6d30[140308377491136], reader = 0x00005591c8ec42c0[140308609349312], capacity = 65536, mode = 1, this = 0x00005591c8f04620
11/10/2025 19:31:01:842	UTIL	[42:42:650039744]	INFO	o2o_msg_queue_t::o2o_msg_queue_t, notifier = 0x00005591c8efb0f0, writer = 0x00005591c8ec42c0[140308609349312], reader = 0x00005591c8ef6d30[140308377491136], capacity = 65536, mode = 1, this = 0x00005591c8f04850
11/10/2025 19:31:01:842	UTIL	[42:42:650039744]	INFO	thread_wrapper_t::send_ctrl_msg msg = 0x00005591c8f04a80, (uint64_t)m_id = 140308377491136, timeout = -1, this = 0x00005591c8ef6d30
11/10/2025 19:31:01:842	UTIL	[42:56:385865408]	INFO	thread_wrapper_t::create_ch_msg_t::on_message from = 0x00005591c8ef6d30, to = 0x00005591c8ec42c0, this = 0x00005591c8f04a80
11/10/2025 19:31:01:842	UTIL	[42:56:385865408]	INFO	thread_wrapper_t::bind_queue  , self_id = 140308609349312, bind_thr = 0x00005591c8ef6d30[140308377491136], r_queue = 0x00005591c8f04688, w_queue = 0x00005591c8f048c0, this = 0x00005591c8ec42c0
11/10/2025 19:31:01:843	UTIL	[42:42:650039744]	INFO	thread_wrapper_t::bind_queue  , self_id = 140308377491136, bind_thr = 0x00005591c8ec42c0[140308609349312], r_queue = 0x00005591c8f048b8, w_queue = 0x00005591c8f04690, this = 0x00005591c8ef6d30
11/10/2025 19:31:01:843	UTIL	[42:42:650039744]	INFO	thread_wrapper_t::create_channel(), bind_thr = 0x00005591c8ef6d30[140308377491136], read_capacity = 65536, write_capacity = 65536, this = 0x00005591c8ef6d30
11/10/2025 19:31:01:853	UTIL	[42:42:650039744]	INFO	o2o_msg_queue_t::o2o_msg_queue_t, notifier = 0x00005591c8efb0f0, writer = 0x00005591c8ef6d30[140308377491136], reader = 0x00005591c8ef6d30[140308377491136], capacity = 65536, mode = 1, this = 0x00005591c8f04e80
11/10/2025 19:31:01:866	UTIL	[42:42:650039744]	INFO	o2o_msg_queue_t::o2o_msg_queue_t, notifier = 0x00005591c8efb0f0, writer = 0x00005591c8ef6d30[140308377491136], reader = 0x00005591c8ef6d30[140308377491136], capacity = 65536, mode = 1, this = 0x00005591c8f050b0
11/10/2025 19:31:01:866	UTIL	[42:42:650039744]	INFO	thread_wrapper_t::send_ctrl_msg msg = 0x00005591c8f05280, (uint64_t)m_id = 140308377491136, timeout = -1, this = 0x00005591c8ef6d30
11/10/2025 19:31:01:867	UTIL	[42:56:385865408]	INFO	thread_wrapper_t::create_ch_msg_t::on_message from = 0x00005591c8ef6d30, to = 0x00005591c8ef6d30, this = 0x00005591c8f05280
11/10/2025 19:31:01:867	UTIL	[42:56:385865408]	INFO	thread_wrapper_t::bind_queue  , self_id = 140308377491136, bind_thr = 0x00005591c8ef6d30[140308377491136], r_queue = 0x00005591c8f04ee8, w_queue = 0x00005591c8f05120, this = 0x00005591c8ef6d30
11/10/2025 19:31:01:867	UTIL	[42:42:650039744]	INFO	thread_wrapper_t::bind_queue  , self_id = 140308377491136, bind_thr = 0x00005591c8ef6d30[140308377491136], r_queue = 0x00005591c8f05118, w_queue = 0x00005591c8f04ef0, this = 0x00005591c8ef6d30
11/10/2025 19:31:01:867	UTIL	[42:42:650039744]	INFO	thread_wrapper_t::bind_queue bind_thr = 0x00005591c8ef6d30 already be existed, skip it, this = 0x00005591c8ef6d30
11/10/2025 19:31:01:867	UTIL	[42:42:650039744]	INFO	thread_wrapper_t::adjust_timer_precision, m_timer_precision = 50, new_timer_precision = 50, this = 0x00005591c8ef6d30
11/10/2025 19:31:01:867	UTIL	[42:42:650039744]	INFO	thread_mgr_t::spawn, mode = 01000004, w_queue_size = 65536, type = 1028, interact_timer = true, thr_name = zoom.im.index, bind_mask = 4294967295, use_ext_timer_drv = false, notifier = 0x0000000000000000, this = 0x00005591c8e7b100
11/10/2025 19:31:01:867	UTIL	[42:42:650039744]	INFO	thread_wrapper_t::thread_wrapper_t, mode = 01000004, id = 0, type = 1028, thr_manager = 0x00005591c8e7b100, waits = 1, interact_timer = true, m_timer_precision = 50, this = 0x00005591c8f05950
11/10/2025 19:31:01:867	UTIL	[42:42:650039744]	INFO	msg_queue_t::msg_queue_t notifier = , notifier = 0x0000000000000000, writer = 0x0000000000000000, capacity = 1024, mode = 1, this = 0x00005591c8f05c00
11/10/2025 19:31:01:867	UTIL	[42:42:650039744]	INFO	thread_wrapper_t::thread_wrapper_t ctrl queue size = 1024, this = 0x00005591c8f05950
11/10/2025 19:31:01:867	UTIL	[42:42:650039744]	INFO	thread_io_t::thread_io_t(), mode = 01000004, type = 1028, queue size = 65536, this = 0x00005591c8f05920
11/10/2025 19:31:01:867	UTIL	[42:42:650039744]	INFO	thread_io_t::open_notifier, waits = 1, this = 0x00005591c8f05920
11/10/2025 19:31:01:868	UTIL	[42:42:650039744]	INFO	msg_queue_base_t::open_notifier, m_notifier = 0x0000000000000000, notifier = 0x00005591c8f0a0b0, this = 0x00005591c8f05c20
11/10/2025 19:31:01:868	UTIL	[42:42:650039744]	INFO	thread_io_t::thread_run(), id = 0, args = 0x0000000000000000, this = 0x00005591c8f05920
11/10/2025 19:31:01:868	UTIL	[42:42:650039744]	INFO	io_repo_t::io_repo_t, m_working = 0x00005591c8f05950, max_io_fds = 1024, this = 0x00005591c8f0a310
11/10/2025 19:31:01:868	UTIL	[42:42:650039744]	INFO	notifier_handler_t::notifier_handler_t, io_container = 0x00005591c8f0a3100x00005591c8f0a0b0, this = 0x00005591c8ed23e0
11/10/2025 19:31:01:868	UTIL	[42:42:650039744]	INFO	poll_t::poll_t register, fd = 22, es.first = 00000000000000000000000000000011, this = 0x00005591c8f0a310
11/10/2025 19:31:01:869	UTIL	[42:42:650039744]	INFO	io_repo_t::start(), m_stop = true, this = 0x00005591c8f0a310
11/10/2025 19:31:01:876	UTIL	[42:57:377472704]	INFO	poll_t::loop () begin, working = 0x00005591c8f05950, this = 0x00005591c8f0a310
11/10/2025 19:31:01:876	UTIL	[42:57:377472704]	INFO	thread_io_t::init_tls() thread_id = 140308369098432, this = 0x00005591c8f05920
11/10/2025 19:31:01:876	UTIL	[42:57:377472704]	INFO	thread_wrapper_t::init_tls(), m_thread_manager = 0x00005591c8e7b100, this = 0x00005591c8f05950
11/10/2025 19:31:01:876	UTIL	[42:57:377472704]	INFO	thread_mgr_t::register_tls, thr = 0x00005591c8f05950, tls = true, this = 0x00005591c8e7b100
11/10/2025 19:31:01:876	UTIL	[42:57:377472704]	INFO	thread_wrapper_t::start_alive_check() timer = 0x0000000000000000, m_interact_timer = true, this = 0x00005591c8f05950
11/10/2025 19:31:01:876	UTIL	[42:57:377472704]	INFO	timer_queue_t::timer_queue_t() , sink = 0x00005591c8f05988, min_interval = 204800, this = 0x00007f9be8001070
11/10/2025 19:31:01:876	UTIL	[42:42:650039744]	INFO	thread_mgr_t::attach handle = 0x00005591c8f05950, thread_id = 140308369098432, owner_thr = 0x00005591c8e83ff0, owner_id = 140308641665472, queue_size = 65536, this = 0x00005591c8e7b100
11/10/2025 19:31:01:876	UTIL	[42:42:650039744]	INFO	thread_wrapper_t::create_channel(), bind_thr = 0x00005591c8e83ff0[140308641665472], read_capacity = 65536, write_capacity = 65536, this = 0x00005591c8f05950
11/10/2025 19:31:01:886	UTIL	[42:42:650039744]	INFO	o2o_msg_queue_t::o2o_msg_queue_t, notifier = 0x00005591c8e76900, writer = 0x00005591c8f05950[140308369098432], reader = 0x00005591c8e83ff0[140308641665472], capacity = 65536, mode = 0, this = 0x00005591c8f12cc0
11/10/2025 19:31:01:886	UTIL	[42:42:650039744]	INFO	o2o_msg_queue_t::o2o_msg_queue_t, notifier = 0x00005591c8f0a0b0, writer = 0x00005591c8e83ff0[140308641665472], reader = 0x00005591c8f05950[140308369098432], capacity = 65536, mode = 1, this = 0x00005591c8f12e90
11/10/2025 19:31:01:886	UTIL	[42:42:650039744]	INFO	thread_wrapper_t::bind_queue  , self_id = 140308641665472, bind_thr = 0x00005591c8f05950[140308369098432], r_queue = 0x00005591c8f12d28, w_queue = 0x00005591c8f12f00, this = 0x00005591c8e83ff0
11/10/2025 19:31:01:886	UTIL	[42:42:650039744]	INFO	thread_wrapper_t::bind_queue  , self_id = 140308369098432, bind_thr = 0x00005591c8e83ff0[140308641665472], r_queue = 0x00005591c8f12ef8, w_queue = 0x00005591c8f12d30, this = 0x00005591c8f05950
11/10/2025 19:31:01:886	UTIL	[42:42:650039744]	INFO	thread_wrapper_t::create_channel(), bind_thr = 0x00005591c8ec42c0[140308609349312], read_capacity = 65536, write_capacity = 65536, this = 0x00005591c8f05950
11/10/2025 19:31:01:886	UTIL	[42:42:650039744]	INFO	o2o_msg_queue_t::o2o_msg_queue_t, notifier = 0x00005591c8ec1fb0, writer = 0x00005591c8f05950[140308369098432], reader = 0x00005591c8ec42c0[140308609349312], capacity = 65536, mode = 1, this = 0x00005591c8f134c0
11/10/2025 19:31:01:888	UTIL	[42:42:650039744]	INFO	o2o_msg_queue_t::o2o_msg_queue_t, notifier = 0x00005591c8f0a0b0, writer = 0x00005591c8ec42c0[140308609349312], reader = 0x00005591c8f05950[140308369098432], capacity = 65536, mode = 1, this = 0x00005591c8f136f0
11/10/2025 19:31:01:888	UTIL	[42:42:650039744]	INFO	thread_wrapper_t::send_ctrl_msg msg = 0x00005591c8f13920, (uint64_t)m_id = 140308369098432, timeout = -1, this = 0x00005591c8f05950
11/10/2025 19:31:01:888	UTIL	[42:57:377472704]	INFO	thread_wrapper_t::create_ch_msg_t::on_message from = 0x00005591c8f05950, to = 0x00005591c8ec42c0, this = 0x00005591c8f13920
11/10/2025 19:31:01:888	UTIL	[42:57:377472704]	INFO	thread_wrapper_t::bind_queue  , self_id = 140308609349312, bind_thr = 0x00005591c8f05950[140308369098432], r_queue = 0x00005591c8f13528, w_queue = 0x00005591c8f13760, this = 0x00005591c8ec42c0
11/10/2025 19:31:01:888	UTIL	[42:42:650039744]	INFO	thread_wrapper_t::bind_queue  , self_id = 140308369098432, bind_thr = 0x00005591c8ec42c0[140308609349312], r_queue = 0x00005591c8f13758, w_queue = 0x00005591c8f13530, this = 0x00005591c8f05950
11/10/2025 19:31:01:888	UTIL	[42:42:650039744]	INFO	thread_wrapper_t::create_channel(), bind_thr = 0x00005591c8ef6d30[140308377491136], read_capacity = 65536, write_capacity = 65536, this = 0x00005591c8f05950
11/10/2025 19:31:01:888	UTIL	[42:42:650039744]	INFO	o2o_msg_queue_t::o2o_msg_queue_t, notifier = 0x00005591c8efb0f0, writer = 0x00005591c8f05950[140308369098432], reader = 0x00005591c8ef6d30[140308377491136], capacity = 65536, mode = 1, this = 0x00005591c8f13df0
11/10/2025 19:31:01:889	UTIL	[42:42:650039744]	INFO	o2o_msg_queue_t::o2o_msg_queue_t, notifier = 0x00005591c8f0a0b0, writer = 0x00005591c8ef6d30[140308377491136], reader = 0x00005591c8f05950[140308369098432], capacity = 65536, mode = 1, this = 0x00005591c8f14020
11/10/2025 19:31:01:889	UTIL	[42:42:650039744]	INFO	thread_wrapper_t::send_ctrl_msg msg = 0x00005591c8f141f0, (uint64_t)m_id = 140308369098432, timeout = -1, this = 0x00005591c8f05950
11/10/2025 19:31:01:889	UTIL	[42:57:377472704]	INFO	thread_wrapper_t::create_ch_msg_t::on_message from = 0x00005591c8f05950, to = 0x00005591c8ef6d30, this = 0x00005591c8f141f0
11/10/2025 19:31:01:889	UTIL	[42:57:377472704]	INFO	thread_wrapper_t::bind_queue  , self_id = 140308377491136, bind_thr = 0x00005591c8f05950[140308369098432], r_queue = 0x00005591c8f13e58, w_queue = 0x00005591c8f14090, this = 0x00005591c8ef6d30
11/10/2025 19:31:01:890	UTIL	[42:42:650039744]	INFO	thread_wrapper_t::bind_queue  , self_id = 140308369098432, bind_thr = 0x00005591c8ef6d30[140308377491136], r_queue = 0x00005591c8f14088, w_queue = 0x00005591c8f13e60, this = 0x00005591c8f05950
11/10/2025 19:31:01:890	UTIL	[42:42:650039744]	INFO	thread_wrapper_t::create_channel(), bind_thr = 0x00005591c8f05950[140308369098432], read_capacity = 65536, write_capacity = 65536, this = 0x00005591c8f05950
11/10/2025 19:31:01:895	UTIL	[42:42:650039744]	INFO	o2o_msg_queue_t::o2o_msg_queue_t, notifier = 0x00005591c8f0a0b0, writer = 0x00005591c8f05950[140308369098432], reader = 0x00005591c8f05950[140308369098432], capacity = 65536, mode = 1, this = 0x00005591c8f14640
11/10/2025 19:31:01:897	UTIL	[42:42:650039744]	INFO	o2o_msg_queue_t::o2o_msg_queue_t, notifier = 0x00005591c8f0a0b0, writer = 0x00005591c8f05950[140308369098432], reader = 0x00005591c8f05950[140308369098432], capacity = 65536, mode = 1, this = 0x00005591c8f14810
11/10/2025 19:31:01:897	UTIL	[42:42:650039744]	INFO	thread_wrapper_t::send_ctrl_msg msg = 0x00005591c8f14a40, (uint64_t)m_id = 140308369098432, timeout = -1, this = 0x00005591c8f05950
11/10/2025 19:31:01:897	UTIL	[42:57:377472704]	INFO	thread_wrapper_t::create_ch_msg_t::on_message from = 0x00005591c8f05950, to = 0x00005591c8f05950, this = 0x00005591c8f14a40
11/10/2025 19:31:01:897	UTIL	[42:57:377472704]	INFO	thread_wrapper_t::bind_queue  , self_id = 140308369098432, bind_thr = 0x00005591c8f05950[140308369098432], r_queue = 0x00005591c8f146a8, w_queue = 0x00005591c8f14880, this = 0x00005591c8f05950
11/10/2025 19:31:01:897	UTIL	[42:42:650039744]	INFO	thread_wrapper_t::bind_queue  , self_id = 140308369098432, bind_thr = 0x00005591c8f05950[140308369098432], r_queue = 0x00005591c8f14878, w_queue = 0x00005591c8f146b0, this = 0x00005591c8f05950
11/10/2025 19:31:01:897	UTIL	[42:42:650039744]	INFO	thread_wrapper_t::bind_queue bind_thr = 0x00005591c8f05950 already be existed, skip it, this = 0x00005591c8f05950
11/10/2025 19:31:01:897	UTIL	[42:42:650039744]	INFO	thread_wrapper_t::adjust_timer_precision, m_timer_precision = 50, new_timer_precision = 50, this = 0x00005591c8f05950
11/10/2025 19:31:02:175	UTIL	[42:42:650039744]	INFO	UTIL_INIT  refer times = 5, module_id = 5, UTIL has been built on:Sep 19 2025 at 06:33:56 on branch release-client-6.6.x with commit ID 2583f48484aeb604c472d0a89b4ddc1f55
11/10/2025 19:31:02:175	UTIL	[42:42:650039744]	INFO	register_logger  module_id = 5, module_name = MCM, max_level = 31, logger = 0x0000000000000000, mode = 3
11/10/2025 19:31:02:285	UTIL	[42:42:650039744]	INFO	register_logger  module_id = 6, module_name = NYDUS, max_level = 31, logger = 0x0000000000000000, mode = 3
11/10/2025 19:31:02:750	UTIL	[42:42:650039744]	INFO	timer_it::timer_it id = 0, own_thr = 0x0000000000000000, this = 0x00005591c8f185f0
11/10/2025 19:31:02:750	UTIL	[42:42:650039744]	INFO	timer_it::timer_it id = 0, own_thr = 0x0000000000000000, this = 0x00005591c8f47b40
11/10/2025 19:31:02:750	UTIL	[42:42:650039744]	INFO	thread_mgr_t::spawn, mode = 00000008, w_queue_size = 8192, type = 1024, interact_timer = true, thr_name = , bind_mask = 4294967295, use_ext_timer_drv = false, notifier = 0x0000000000000000, this = 0x00005591c8e7b100
11/10/2025 19:31:02:750	UTIL	[42:42:650039744]	INFO	thread_mgr_t::spawn already has an instance for the thread, return it directly, thread id = 140308641665472, this = 0x00005591c8e7b100
11/10/2025 19:31:02:879	UTIL	[42:42:650039744]	INFO	timer_it::add_timer sink = 0x00005591c8f46ae8, interval = 12800, times = 0, is_exact = true, this = 0x00005591c8f185f0
11/10/2025 19:31:02:879	UTIL	[42:42:650039744]	INFO	timer_it::add_timer sink = 0x00005591c8f46ae8, interval = 3840, times = 0, is_exact = true, this = 0x00005591c8f47b40
11/10/2025 19:32:01:632	UTIL	[42:42:650039744]	INFO	mlog_file::init mid:1069 size:1048576 shmem:false ret:0 this:0x00005591c8fcd6e8
11/10/2025 19:32:04:530	UTIL	[42:42:650039744]	INFO	mlog_file::init mid:1027 size:1048576 shmem:false ret:0 this:0x00005591c90a7048
11/10/2025 19:32:04:706	UTIL	[42:42:650039744]	INFO	mlog_file::init mid:1008 size:1048576 shmem:false ret:0 this:0x00005591c90a7158
11/10/2025 19:32:04:868	UTIL	[42:42:650039744]	INFO	mlog_file::init mid:1030 size:1048576 shmem:false ret:0 this:0x00005591c90c0428
