11/10/2025 19:18:39:815	UTIL	[46:46:427520448]	INFO	thread_mgr_t ::thread_mgr_t(),Mon,10 Nov 2025 19:18:39 GMT, preset_owner_thr = false, this = 0x00005566c48530f0
11/10/2025 19:18:39:816	UTIL	[46:46:427520448]	INFO	new_i8_allocator_t::new_i8_allocator_t, m_page_size = 4096, this = 0x00005566c484ff00
11/10/2025 19:18:39:816	UTIL	[46:46:427520448]	INFO	UTIL_INIT  refer , s_init_times = 1, module_id = 9, description = UTIL has been built on:Sep 19 2025 at 06:33:56 on branch release-client-6.6.x with commit ID 2583f48484aeb604c472d0a89b4ddc1f55, dir = , filename = , pext = log, max_size = 41943040, max_idx = 99
11/10/2025 19:18:39:816	UTIL	[46:46:427520448]	INFO	set_timer_driver, setup_call = 0x00007f7734f603b0, remove_call = 0x00007f7734f60290
11/10/2025 19:18:39:816	UTIL	[46:46:427520448]	INFO	thread_mgr_t::spawn, mode = 02000008, w_queue_size = 8192, type = 0, interact_timer = true, thr_name = , bind_mask = 4294967295, use_ext_timer_drv = true, notifier = 0x00005566c484e8f0, this = 0x00005566c48530f0
11/10/2025 19:18:39:816	UTIL	[46:46:427520448]	INFO	thread_wrapper_t::thread_wrapper_t, mode = 02000008, id = 0, type = 0, thr_manager = 0x00005566c48530f0, waits = 0, interact_timer = true, m_timer_precision = 50, this = 0x00005566c48410a0
11/10/2025 19:18:39:816	UTIL	[46:46:427520448]	INFO	msg_queue_t::msg_queue_t notifier = , notifier = 0x00005566c484e8f0, writer = 0x0000000000000000, capacity = 1024, mode = 0, this = 0x00005566c484eb10
11/10/2025 19:18:39:816	UTIL	[46:46:427520448]	INFO	thread_wrapper_t::thread_wrapper_t ctrl queue size = 1024, this = 0x00005566c48410a0
11/10/2025 19:18:39:816	UTIL	[46:46:427520448]	INFO	thread_wrapper_t::init_tls(), m_thread_manager = 0x00005566c48530f0, this = 0x00005566c48410a0
11/10/2025 19:18:39:816	UTIL	[46:46:427520448]	INFO	thread_mgr_t::register_tls, thr = 0x00005566c48410a0, tls = true, this = 0x00005566c48530f0
11/10/2025 19:18:39:816	UTIL	[46:46:427520448]	INFO	thread_wrapper_t::start_alive_check() timer = 0x0000000000000000, m_interact_timer = true, this = 0x00005566c48410a0
11/10/2025 19:18:39:816	UTIL	[46:46:427520448]	INFO	timer_queue_t::timer_queue_t() , sink = 0x00005566c48410d8, min_interval = 204800, this = 0x00005566c485bb50
11/10/2025 19:18:39:817	UTIL	[46:46:427520448]	INFO	thread_wrapper_t::open_notifier, waits = 0, m_notify = 0x00005566c484e8f0, this = 0x00005566c48410a0
11/10/2025 19:18:39:817	UTIL	[46:46:427520448]	INFO	msg_queue_base_t::open_notifier, m_notifier = 0x00005566c484e8f0, notifier = 0x00005566c484e8f0, this = 0x00005566c484eb30
11/10/2025 19:18:39:817	UTIL	[46:46:427520448]	INFO	thread_mgr_t::attach handle = 0x00005566c48410a0, thread_id = 140149505356224, owner_thr = 0x00005566c48410a0, owner_id = 140149505356224, queue_size = 8192, this = 0x00005566c48530f0
11/10/2025 19:18:39:817	UTIL	[46:46:427520448]	INFO	thread_wrapper_t::create_channel(), bind_thr = 0x00005566c48410a0[140149505356224], read_capacity = 8192, write_capacity = 8192, this = 0x00005566c48410a0
11/10/2025 19:18:39:817	UTIL	[46:46:427520448]	INFO	o2o_msg_queue_t::o2o_msg_queue_t, notifier = 0x00005566c484e8f0, writer = 0x00005566c48410a0[140149505356224], reader = 0x00005566c48410a0[140149505356224], capacity = 8192, mode = 0, this = 0x00005566c484fd00
11/10/2025 19:18:39:817	UTIL	[46:46:427520448]	INFO	o2o_msg_queue_t::o2o_msg_queue_t, notifier = 0x00005566c484e8f0, writer = 0x00005566c48410a0[140149505356224], reader = 0x00005566c48410a0[140149505356224], capacity = 8192, mode = 0, this = 0x00005566c4852e00
11/10/2025 19:18:39:817	UTIL	[46:46:427520448]	INFO	thread_wrapper_t::bind_queue  , self_id = 140149505356224, bind_thr = 0x00005566c48410a0[140149505356224], r_queue = 0x00005566c484fd68, w_queue = 0x00005566c4852e70, this = 0x00005566c48410a0
11/10/2025 19:18:39:817	UTIL	[46:46:427520448]	INFO	thread_wrapper_t::bind_queue  , self_id = 140149505356224, bind_thr = 0x00005566c48410a0[140149505356224], r_queue = 0x00005566c4852e68, w_queue = 0x00005566c484fd70, this = 0x00005566c48410a0
11/10/2025 19:18:39:817	UTIL	[46:46:427520448]	INFO	thread_wrapper_t::bind_queue bind_thr = 0x00005566c48410a0 already be existed, skip it, this = 0x00005566c48410a0
11/10/2025 19:18:39:817	UTIL	[46:46:427520448]	INFO	thread_wrapper_t::adjust_timer_precision, m_timer_precision = 50, new_timer_precision = 50, this = 0x00005566c48410a0
11/10/2025 19:18:39:818	UTIL	[46:46:427520448]	INFO	register_logger  module_id = 1057, module_name = zoomtask, max_level = 31, logger = 0x0000000000000000, mode = 3
11/10/2025 19:18:39:850	UTIL	[46:46:427520448]	INFO	UTIL_INIT  refer times = 2, module_id = 1057, UTIL has been built on:Sep 19 2025 at 06:33:56 on branch release-client-6.6.x with commit ID 2583f48484aeb604c472d0a89b4ddc1f55
11/10/2025 19:18:39:850	UTIL	[46:46:427520448]	INFO	register_logger  module_id = 1057, module_name = ZoomTask, max_level = 31, logger = 0x0000000000000000, mode = 3
11/10/2025 19:18:40:054	UTIL	[46:46:427520448]	INFO	UTIL_INIT  refer times = 3, module_id = 2, UTIL has been built on:Sep 19 2025 at 06:33:56 on branch release-client-6.6.x with commit ID 2583f48484aeb604c472d0a89b4ddc1f55
11/10/2025 19:18:40:055	UTIL	[46:46:427520448]	INFO	timer_it::timer_it id = 0, own_thr = 0x0000000000000000, this = 0x00005566c4853848
11/10/2025 19:18:40:055	UTIL	[46:46:427520448]	INFO	thread_mgr_t::spawn, mode = 01000004, w_queue_size = 0, type = 3, interact_timer = true, thr_name = zoom.dns, bind_mask = 0, use_ext_timer_drv = false, notifier = 0x0000000000000000, this = 0x00005566c48530f0
11/10/2025 19:18:40:055	UTIL	[46:46:427520448]	INFO	thread_wrapper_t::thread_wrapper_t, mode = 01000004, id = 0, type = 3, thr_manager = 0x00005566c48530f0, waits = 1, interact_timer = true, m_timer_precision = 50, this = 0x00005566c489be40
11/10/2025 19:18:40:055	UTIL	[46:46:427520448]	INFO	msg_queue_t::msg_queue_t notifier = , notifier = 0x0000000000000000, writer = 0x0000000000000000, capacity = 1024, mode = 1, this = 0x00005566c489c2a0
11/10/2025 19:18:40:055	UTIL	[46:46:427520448]	INFO	thread_wrapper_t::thread_wrapper_t ctrl queue size = 1024, this = 0x00005566c489be40
11/10/2025 19:18:40:055	UTIL	[46:46:427520448]	INFO	thread_io_t::thread_io_t(), mode = 01000004, type = 3, queue size = 0, this = 0x00005566c489be10
11/10/2025 19:18:40:055	UTIL	[46:46:427520448]	INFO	thread_io_t::open_notifier, waits = 1, this = 0x00005566c489be10
11/10/2025 19:18:40:055	UTIL	[46:46:427520448]	INFO	msg_queue_base_t::open_notifier, m_notifier = 0x0000000000000000, notifier = 0x00005566c4899b30, this = 0x00005566c489c2c0
11/10/2025 19:18:40:055	UTIL	[46:46:427520448]	INFO	thread_io_t::thread_run(), id = 0, args = 0x0000000000000000, this = 0x00005566c489be10
11/10/2025 19:18:40:055	UTIL	[46:46:427520448]	INFO	io_repo_t::io_repo_t, m_working = 0x00005566c489be40, max_io_fds = 1024, this = 0x00005566c48a07c0
11/10/2025 19:18:40:056	UTIL	[46:46:427520448]	INFO	notifier_handler_t::notifier_handler_t, io_container = 0x00005566c48a07c00x00005566c4899b30, this = 0x00005566c48a8940
11/10/2025 19:18:40:056	UTIL	[46:46:427520448]	INFO	poll_t::poll_t register, fd = 11, es.first = 00000000000000000000000000000011, this = 0x00005566c48a07c0
11/10/2025 19:18:40:056	UTIL	[46:46:427520448]	INFO	io_repo_t::start(), m_stop = true, this = 0x00005566c48a07c0
11/10/2025 19:18:40:056	UTIL	[46:46:427520448]	INFO	thread_mgr_t::spawn only has control message queue for this thread, this = 0x00005566c48530f0
11/10/2025 19:18:40:056	UTIL	[46:46:427520448]	FATAL	assert: msg[thread_wrapper_t::create_channel bind thread should valid!, bind_thr = 0x0000000000000000] file[/home/jenkins/agent/workspace/Client/Client/DMT/linux/release/tp_util/util/src/thread.cpp], line = [1122]
11/10/2025 19:18:40:056	UTIL	[46:46:427520448]	INFO	thread_wrapper_t::adjust_timer_precision, m_timer_precision = 50, new_timer_precision = 50, this = 0x00005566c489be40
11/10/2025 19:18:40:056	UTIL	[46:46:427520448]	INFO	timer_it::timer_it id = 0, own_thr = 0x0000000000000000, this = 0x00005566c48a9400
11/10/2025 19:18:40:056	UTIL	[46:46:427520448]	INFO	timer_it::add_timer sink = 0x00005566c4853720, interval = 100, times = 0, is_exact = true, this = 0x00005566c48a9400
11/10/2025 19:18:40:056	UTIL	[46:52:327149248]	INFO	poll_t::loop () begin, working = 0x00005566c489be40, this = 0x00005566c48a07c0
11/10/2025 19:18:40:062	UTIL	[46:52:327149248]	INFO	thread_io_t::init_tls() thread_id = 140149404985024, this = 0x00005566c489be10
11/10/2025 19:18:40:062	UTIL	[46:52:327149248]	INFO	thread_wrapper_t::init_tls(), m_thread_manager = 0x00005566c48530f0, this = 0x00005566c489be40
11/10/2025 19:18:40:062	UTIL	[46:52:327149248]	INFO	thread_mgr_t::register_tls, thr = 0x00005566c489be40, tls = true, this = 0x00005566c48530f0
11/10/2025 19:18:40:062	UTIL	[46:52:327149248]	INFO	thread_wrapper_t::start_alive_check() timer = 0x0000000000000000, m_interact_timer = true, this = 0x00005566c489be40
11/10/2025 19:18:40:062	UTIL	[46:52:327149248]	INFO	timer_queue_t::timer_queue_t() , sink = 0x00005566c489be78, min_interval = 204800, this = 0x00007f7704001070
11/10/2025 19:18:40:072	UTIL	[46:46:427520448]	INFO	UTIL_INIT  refer times = 4, module_id = 9, UTIL has been built on:Sep 19 2025 at 06:33:56 on branch release-client-6.6.x with commit ID 2583f48484aeb604c472d0a89b4ddc1f55
11/10/2025 19:18:40:075	UTIL	[46:46:427520448]	INFO	thread_mgr_t::spawn, mode = 01000004, w_queue_size = 65536, type = 1027, interact_timer = true, thr_name = zoom.db, bind_mask = 4294967295, use_ext_timer_drv = false, notifier = 0x0000000000000000, this = 0x00005566c48530f0
11/10/2025 19:18:40:075	UTIL	[46:46:427520448]	INFO	thread_wrapper_t::thread_wrapper_t, mode = 01000004, id = 0, type = 1027, thr_manager = 0x00005566c48530f0, waits = 1, interact_timer = true, m_timer_precision = 50, this = 0x00005566c48ce870
11/10/2025 19:18:40:075	UTIL	[46:46:427520448]	INFO	msg_queue_t::msg_queue_t notifier = , notifier = 0x0000000000000000, writer = 0x0000000000000000, capacity = 1024, mode = 1, this = 0x00005566c48c29c0
11/10/2025 19:18:40:075	UTIL	[46:46:427520448]	INFO	thread_wrapper_t::thread_wrapper_t ctrl queue size = 1024, this = 0x00005566c48ce870
11/10/2025 19:18:40:075	UTIL	[46:46:427520448]	INFO	thread_io_t::thread_io_t(), mode = 01000004, type = 1027, queue size = 65536, this = 0x00005566c48ce840
11/10/2025 19:18:40:075	UTIL	[46:46:427520448]	INFO	thread_io_t::open_notifier, waits = 1, this = 0x00005566c48ce840
11/10/2025 19:18:40:075	UTIL	[46:46:427520448]	INFO	msg_queue_base_t::open_notifier, m_notifier = 0x0000000000000000, notifier = 0x00005566c48d2c30, this = 0x00005566c48c29e0
11/10/2025 19:18:40:075	UTIL	[46:46:427520448]	INFO	thread_io_t::thread_run(), id = 0, args = 0x0000000000000000, this = 0x00005566c48ce840
11/10/2025 19:18:40:075	UTIL	[46:46:427520448]	INFO	io_repo_t::io_repo_t, m_working = 0x00005566c48ce870, max_io_fds = 1024, this = 0x00005566c48d2e30
11/10/2025 19:18:40:075	UTIL	[46:46:427520448]	INFO	notifier_handler_t::notifier_handler_t, io_container = 0x00005566c48d2e300x00005566c48d2c30, this = 0x00005566c48c4280
11/10/2025 19:18:40:075	UTIL	[46:46:427520448]	INFO	poll_t::poll_t register, fd = 20, es.first = 00000000000000000000000000000011, this = 0x00005566c48d2e30
11/10/2025 19:18:40:075	UTIL	[46:46:427520448]	INFO	io_repo_t::start(), m_stop = true, this = 0x00005566c48d2e30
11/10/2025 19:18:40:075	UTIL	[46:46:427520448]	INFO	thread_mgr_t::attach handle = 0x00005566c48ce870, thread_id = 140149262374592, owner_thr = 0x00005566c48410a0, owner_id = 140149505356224, queue_size = 65536, this = 0x00005566c48530f0
11/10/2025 19:18:40:075	UTIL	[46:46:427520448]	INFO	thread_wrapper_t::create_channel(), bind_thr = 0x00005566c48410a0[140149505356224], read_capacity = 65536, write_capacity = 65536, this = 0x00005566c48ce870
11/10/2025 19:18:40:075	UTIL	[46:46:427520448]	INFO	o2o_msg_queue_t::o2o_msg_queue_t, notifier = 0x00005566c484e8f0, writer = 0x00005566c48ce870[140149262374592], reader = 0x00005566c48410a0[140149505356224], capacity = 65536, mode = 0, this = 0x00005566c48db840
11/10/2025 19:18:40:076	UTIL	[46:46:427520448]	INFO	o2o_msg_queue_t::o2o_msg_queue_t, notifier = 0x00005566c48d2c30, writer = 0x00005566c48410a0[140149505356224], reader = 0x00005566c48ce870[140149262374592], capacity = 65536, mode = 1, this = 0x00005566c48dba70
11/10/2025 19:18:40:076	UTIL	[46:46:427520448]	INFO	thread_wrapper_t::bind_queue  , self_id = 140149505356224, bind_thr = 0x00005566c48ce870[140149262374592], r_queue = 0x00005566c48db8a8, w_queue = 0x00005566c48dbae0, this = 0x00005566c48410a0
11/10/2025 19:18:40:076	UTIL	[46:46:427520448]	INFO	thread_wrapper_t::bind_queue  , self_id = 140149262374592, bind_thr = 0x00005566c48410a0[140149505356224], r_queue = 0x00005566c48dbad8, w_queue = 0x00005566c48db8b0, this = 0x00005566c48ce870
11/10/2025 19:18:40:076	UTIL	[46:46:427520448]	INFO	thread_wrapper_t::create_channel(), bind_thr = 0x00005566c489be40[140149404985024], read_capacity = 65536, write_capacity = 65536, this = 0x00005566c48ce870
11/10/2025 19:18:40:076	UTIL	[46:46:427520448]	INFO	o2o_msg_queue_t::o2o_msg_queue_t, notifier = 0x00005566c4899b30, writer = 0x00005566c48ce870[140149262374592], reader = 0x00005566c489be40[140149404985024], capacity = 65536, mode = 1, this = 0x00005566c48dc100
11/10/2025 19:18:40:079	UTIL	[46:46:427520448]	INFO	o2o_msg_queue_t::o2o_msg_queue_t, notifier = 0x00005566c48d2c30, writer = 0x00005566c489be40[140149404985024], reader = 0x00005566c48ce870[140149262374592], capacity = 65536, mode = 1, this = 0x00005566c48dc330
11/10/2025 19:18:40:079	UTIL	[46:46:427520448]	INFO	thread_wrapper_t::send_ctrl_msg msg = 0x00005566c48dc500, (uint64_t)m_id = 0, timeout = -1, this = 0x00005566c48ce870
11/10/2025 19:18:40:079	UTIL	[46:60:184538816]	INFO	poll_t::loop () begin, working = 0x00005566c48ce870, this = 0x00005566c48d2e30
11/10/2025 19:18:40:079	UTIL	[46:60:184538816]	INFO	thread_io_t::init_tls() thread_id = 140149262374592, this = 0x00005566c48ce840
11/10/2025 19:18:40:079	UTIL	[46:60:184538816]	INFO	thread_wrapper_t::init_tls(), m_thread_manager = 0x00005566c48530f0, this = 0x00005566c48ce870
11/10/2025 19:18:40:079	UTIL	[46:60:184538816]	INFO	thread_mgr_t::register_tls, thr = 0x00005566c48ce870, tls = true, this = 0x00005566c48530f0
11/10/2025 19:18:40:079	UTIL	[46:60:184538816]	INFO	thread_wrapper_t::start_alive_check() timer = 0x0000000000000000, m_interact_timer = true, this = 0x00005566c48ce870
11/10/2025 19:18:40:079	UTIL	[46:60:184538816]	INFO	timer_queue_t::timer_queue_t() , sink = 0x00005566c48ce8a8, min_interval = 204800, this = 0x00007f76e4001070
11/10/2025 19:18:40:079	UTIL	[46:60:184538816]	INFO	thread_wrapper_t::create_ch_msg_t::on_message from = 0x00005566c48ce870, to = 0x00005566c489be40, this = 0x00005566c48dc500
11/10/2025 19:18:40:079	UTIL	[46:60:184538816]	INFO	thread_wrapper_t::bind_queue  , self_id = 140149404985024, bind_thr = 0x00005566c48ce870[140149262374592], r_queue = 0x00005566c48dc168, w_queue = 0x00005566c48dc3a0, this = 0x00005566c489be40
11/10/2025 19:18:40:079	UTIL	[46:46:427520448]	INFO	thread_wrapper_t::bind_queue  , self_id = 140149262374592, bind_thr = 0x00005566c489be40[140149404985024], r_queue = 0x00005566c48dc398, w_queue = 0x00005566c48dc170, this = 0x00005566c48ce870
11/10/2025 19:18:40:079	UTIL	[46:46:427520448]	INFO	thread_wrapper_t::create_channel(), bind_thr = 0x00005566c48ce870[140149262374592], read_capacity = 65536, write_capacity = 65536, this = 0x00005566c48ce870
11/10/2025 19:18:40:081	UTIL	[46:46:427520448]	INFO	o2o_msg_queue_t::o2o_msg_queue_t, notifier = 0x00005566c48d2c30, writer = 0x00005566c48ce870[140149262374592], reader = 0x00005566c48ce870[140149262374592], capacity = 65536, mode = 1, this = 0x00005566c48dc9c0
11/10/2025 19:18:40:081	UTIL	[46:46:427520448]	INFO	o2o_msg_queue_t::o2o_msg_queue_t, notifier = 0x00005566c48d2c30, writer = 0x00005566c48ce870[140149262374592], reader = 0x00005566c48ce870[140149262374592], capacity = 65536, mode = 1, this = 0x00005566c48dcbf0
11/10/2025 19:18:40:081	UTIL	[46:46:427520448]	INFO	thread_wrapper_t::send_ctrl_msg msg = 0x00005566c48dce20, (uint64_t)m_id = 140149262374592, timeout = -1, this = 0x00005566c48ce870
11/10/2025 19:18:40:081	UTIL	[46:60:184538816]	INFO	thread_wrapper_t::create_ch_msg_t::on_message from = 0x00005566c48ce870, to = 0x00005566c48ce870, this = 0x00005566c48dce20
11/10/2025 19:18:40:081	UTIL	[46:60:184538816]	INFO	thread_wrapper_t::bind_queue  , self_id = 140149262374592, bind_thr = 0x00005566c48ce870[140149262374592], r_queue = 0x00005566c48dca28, w_queue = 0x00005566c48dcc60, this = 0x00005566c48ce870
11/10/2025 19:18:40:081	UTIL	[46:46:427520448]	INFO	thread_wrapper_t::bind_queue  , self_id = 140149262374592, bind_thr = 0x00005566c48ce870[140149262374592], r_queue = 0x00005566c48dcc58, w_queue = 0x00005566c48dca30, this = 0x00005566c48ce870
11/10/2025 19:18:40:081	UTIL	[46:46:427520448]	INFO	thread_wrapper_t::bind_queue bind_thr = 0x00005566c48ce870 already be existed, skip it, this = 0x00005566c48ce870
11/10/2025 19:18:40:081	UTIL	[46:46:427520448]	INFO	thread_wrapper_t::adjust_timer_precision, m_timer_precision = 50, new_timer_precision = 50, this = 0x00005566c48ce870
11/10/2025 19:18:40:081	UTIL	[46:46:427520448]	INFO	thread_mgr_t::spawn, mode = 01000004, w_queue_size = 65536, type = 1028, interact_timer = true, thr_name = zoom.im.index, bind_mask = 4294967295, use_ext_timer_drv = false, notifier = 0x0000000000000000, this = 0x00005566c48530f0
11/10/2025 19:18:40:081	UTIL	[46:46:427520448]	INFO	thread_wrapper_t::thread_wrapper_t, mode = 01000004, id = 0, type = 1028, thr_manager = 0x00005566c48530f0, waits = 1, interact_timer = true, m_timer_precision = 50, this = 0x00005566c48dd560
11/10/2025 19:18:40:082	UTIL	[46:46:427520448]	INFO	msg_queue_t::msg_queue_t notifier = , notifier = 0x0000000000000000, writer = 0x0000000000000000, capacity = 1024, mode = 1, this = 0x00005566c48dd810
11/10/2025 19:18:40:082	UTIL	[46:46:427520448]	INFO	thread_wrapper_t::thread_wrapper_t ctrl queue size = 1024, this = 0x00005566c48dd560
11/10/2025 19:18:40:082	UTIL	[46:46:427520448]	INFO	thread_io_t::thread_io_t(), mode = 01000004, type = 1028, queue size = 65536, this = 0x00005566c48dd530
11/10/2025 19:18:40:082	UTIL	[46:46:427520448]	INFO	thread_io_t::open_notifier, waits = 1, this = 0x00005566c48dd530
11/10/2025 19:18:40:082	UTIL	[46:46:427520448]	INFO	msg_queue_base_t::open_notifier, m_notifier = 0x0000000000000000, notifier = 0x00005566c48e1cc0, this = 0x00005566c48dd830
11/10/2025 19:18:40:082	UTIL	[46:46:427520448]	INFO	thread_io_t::thread_run(), id = 0, args = 0x0000000000000000, this = 0x00005566c48dd530
11/10/2025 19:18:40:082	UTIL	[46:46:427520448]	INFO	io_repo_t::io_repo_t, m_working = 0x00005566c48dd560, max_io_fds = 1024, this = 0x00005566c48e1f20
11/10/2025 19:18:40:082	UTIL	[46:46:427520448]	INFO	notifier_handler_t::notifier_handler_t, io_container = 0x00005566c48e1f200x00005566c48e1cc0, this = 0x00005566c48a9f60
11/10/2025 19:18:40:082	UTIL	[46:46:427520448]	INFO	poll_t::poll_t register, fd = 22, es.first = 00000000000000000000000000000011, this = 0x00005566c48e1f20
11/10/2025 19:18:40:082	UTIL	[46:46:427520448]	INFO	io_repo_t::start(), m_stop = true, this = 0x00005566c48e1f20
11/10/2025 19:18:40:082	UTIL	[46:46:427520448]	INFO	thread_mgr_t::attach handle = 0x00005566c48dd560, thread_id = 140149253981888, owner_thr = 0x00005566c48410a0, owner_id = 140149505356224, queue_size = 65536, this = 0x00005566c48530f0
11/10/2025 19:18:40:082	UTIL	[46:46:427520448]	INFO	thread_wrapper_t::create_channel(), bind_thr = 0x00005566c48410a0[140149505356224], read_capacity = 65536, write_capacity = 65536, this = 0x00005566c48dd560
11/10/2025 19:18:40:083	UTIL	[46:46:427520448]	INFO	o2o_msg_queue_t::o2o_msg_queue_t, notifier = 0x00005566c484e8f0, writer = 0x00005566c48dd560[140149253981888], reader = 0x00005566c48410a0[140149505356224], capacity = 65536, mode = 0, this = 0x00005566c48ea990
11/10/2025 19:18:40:082	UTIL	[46:61:176146112]	INFO	poll_t::loop () begin, working = 0x00005566c48dd560, this = 0x00005566c48e1f20
11/10/2025 19:18:40:084	UTIL	[46:61:176146112]	INFO	thread_io_t::init_tls() thread_id = 140149253981888, this = 0x00005566c48dd530
11/10/2025 19:18:40:084	UTIL	[46:61:176146112]	INFO	thread_wrapper_t::init_tls(), m_thread_manager = 0x00005566c48530f0, this = 0x00005566c48dd560
11/10/2025 19:18:40:084	UTIL	[46:61:176146112]	INFO	thread_mgr_t::register_tls, thr = 0x00005566c48dd560, tls = true, this = 0x00005566c48530f0
11/10/2025 19:18:40:084	UTIL	[46:61:176146112]	INFO	thread_wrapper_t::start_alive_check() timer = 0x0000000000000000, m_interact_timer = true, this = 0x00005566c48dd560
11/10/2025 19:18:40:084	UTIL	[46:61:176146112]	INFO	timer_queue_t::timer_queue_t() , sink = 0x00005566c48dd598, min_interval = 204800, this = 0x00007f76e8001070
11/10/2025 19:18:40:085	UTIL	[46:46:427520448]	INFO	o2o_msg_queue_t::o2o_msg_queue_t, notifier = 0x00005566c48e1cc0, writer = 0x00005566c48410a0[140149505356224], reader = 0x00005566c48dd560[140149253981888], capacity = 65536, mode = 1, this = 0x00005566c48eabc0
11/10/2025 19:18:40:085	UTIL	[46:46:427520448]	INFO	thread_wrapper_t::bind_queue  , self_id = 140149505356224, bind_thr = 0x00005566c48dd560[140149253981888], r_queue = 0x00005566c48ea9f8, w_queue = 0x00005566c48eac30, this = 0x00005566c48410a0
11/10/2025 19:18:40:085	UTIL	[46:46:427520448]	INFO	thread_wrapper_t::bind_queue  , self_id = 140149253981888, bind_thr = 0x00005566c48410a0[140149505356224], r_queue = 0x00005566c48eac28, w_queue = 0x00005566c48eaa00, this = 0x00005566c48dd560
11/10/2025 19:18:40:085	UTIL	[46:46:427520448]	INFO	thread_wrapper_t::create_channel(), bind_thr = 0x00005566c489be40[140149404985024], read_capacity = 65536, write_capacity = 65536, this = 0x00005566c48dd560
11/10/2025 19:18:40:085	UTIL	[46:46:427520448]	INFO	o2o_msg_queue_t::o2o_msg_queue_t, notifier = 0x00005566c4899b30, writer = 0x00005566c48dd560[140149253981888], reader = 0x00005566c489be40[140149404985024], capacity = 65536, mode = 1, this = 0x00005566c48eb250
11/10/2025 19:18:40:085	UTIL	[46:46:427520448]	INFO	o2o_msg_queue_t::o2o_msg_queue_t, notifier = 0x00005566c48e1cc0, writer = 0x00005566c489be40[140149404985024], reader = 0x00005566c48dd560[140149253981888], capacity = 65536, mode = 1, this = 0x00005566c48eb420
11/10/2025 19:18:40:085	UTIL	[46:46:427520448]	INFO	thread_wrapper_t::send_ctrl_msg msg = 0x00005566c48eb650, (uint64_t)m_id = 140149253981888, timeout = -1, this = 0x00005566c48dd560
11/10/2025 19:18:40:086	UTIL	[46:61:176146112]	INFO	thread_wrapper_t::create_ch_msg_t::on_message from = 0x00005566c48dd560, to = 0x00005566c489be40, this = 0x00005566c48eb650
11/10/2025 19:18:40:086	UTIL	[46:61:176146112]	INFO	thread_wrapper_t::bind_queue  , self_id = 140149404985024, bind_thr = 0x00005566c48dd560[140149253981888], r_queue = 0x00005566c48eb2b8, w_queue = 0x00005566c48eb490, this = 0x00005566c489be40
11/10/2025 19:18:40:086	UTIL	[46:46:427520448]	INFO	thread_wrapper_t::bind_queue  , self_id = 140149253981888, bind_thr = 0x00005566c489be40[140149404985024], r_queue = 0x00005566c48eb488, w_queue = 0x00005566c48eb2c0, this = 0x00005566c48dd560
11/10/2025 19:18:40:086	UTIL	[46:46:427520448]	INFO	thread_wrapper_t::create_channel(), bind_thr = 0x00005566c48ce870[140149262374592], read_capacity = 65536, write_capacity = 65536, this = 0x00005566c48dd560
11/10/2025 19:18:40:086	UTIL	[46:46:427520448]	INFO	o2o_msg_queue_t::o2o_msg_queue_t, notifier = 0x00005566c48d2c30, writer = 0x00005566c48dd560[140149253981888], reader = 0x00005566c48ce870[140149262374592], capacity = 65536, mode = 1, this = 0x00005566c48ebb20
11/10/2025 19:18:40:086	UTIL	[46:46:427520448]	INFO	o2o_msg_queue_t::o2o_msg_queue_t, notifier = 0x00005566c48e1cc0, writer = 0x00005566c48ce870[140149262374592], reader = 0x00005566c48dd560[140149253981888], capacity = 65536, mode = 1, this = 0x00005566c48ebd50
11/10/2025 19:18:40:086	UTIL	[46:46:427520448]	INFO	thread_wrapper_t::send_ctrl_msg msg = 0x00005566c48ebf80, (uint64_t)m_id = 140149253981888, timeout = -1, this = 0x00005566c48dd560
11/10/2025 19:18:40:091	UTIL	[46:61:176146112]	INFO	thread_wrapper_t::create_ch_msg_t::on_message from = 0x00005566c48dd560, to = 0x00005566c48ce870, this = 0x00005566c48ebf80
11/10/2025 19:18:40:091	UTIL	[46:61:176146112]	INFO	thread_wrapper_t::bind_queue  , self_id = 140149262374592, bind_thr = 0x00005566c48dd560[140149253981888], r_queue = 0x00005566c48ebb88, w_queue = 0x00005566c48ebdc0, this = 0x00005566c48ce870
11/10/2025 19:18:40:091	UTIL	[46:46:427520448]	INFO	thread_wrapper_t::bind_queue  , self_id = 140149253981888, bind_thr = 0x00005566c48ce870[140149262374592], r_queue = 0x00005566c48ebdb8, w_queue = 0x00005566c48ebb90, this = 0x00005566c48dd560
11/10/2025 19:18:40:091	UTIL	[46:46:427520448]	INFO	thread_wrapper_t::create_channel(), bind_thr = 0x00005566c48dd560[140149253981888], read_capacity = 65536, write_capacity = 65536, this = 0x00005566c48dd560
11/10/2025 19:18:40:092	UTIL	[46:46:427520448]	INFO	o2o_msg_queue_t::o2o_msg_queue_t, notifier = 0x00005566c48e1cc0, writer = 0x00005566c48dd560[140149253981888], reader = 0x00005566c48dd560[140149253981888], capacity = 65536, mode = 1, this = 0x00005566c48ec390
11/10/2025 19:18:40:093	UTIL	[46:46:427520448]	INFO	o2o_msg_queue_t::o2o_msg_queue_t, notifier = 0x00005566c48e1cc0, writer = 0x00005566c48dd560[140149253981888], reader = 0x00005566c48dd560[140149253981888], capacity = 65536, mode = 1, this = 0x00005566c48ec5c0
11/10/2025 19:18:40:093	UTIL	[46:46:427520448]	INFO	thread_wrapper_t::send_ctrl_msg msg = 0x00005566c48ec7f0, (uint64_t)m_id = 140149253981888, timeout = -1, this = 0x00005566c48dd560
11/10/2025 19:18:40:093	UTIL	[46:61:176146112]	INFO	thread_wrapper_t::create_ch_msg_t::on_message from = 0x00005566c48dd560, to = 0x00005566c48dd560, this = 0x00005566c48ec7f0
11/10/2025 19:18:40:093	UTIL	[46:61:176146112]	INFO	thread_wrapper_t::bind_queue  , self_id = 140149253981888, bind_thr = 0x00005566c48dd560[140149253981888], r_queue = 0x00005566c48ec3f8, w_queue = 0x00005566c48ec630, this = 0x00005566c48dd560
11/10/2025 19:18:40:094	UTIL	[46:46:427520448]	INFO	thread_wrapper_t::bind_queue  , self_id = 140149253981888, bind_thr = 0x00005566c48dd560[140149253981888], r_queue = 0x00005566c48ec628, w_queue = 0x00005566c48ec400, this = 0x00005566c48dd560
11/10/2025 19:18:40:094	UTIL	[46:46:427520448]	INFO	thread_wrapper_t::bind_queue bind_thr = 0x00005566c48dd560 already be existed, skip it, this = 0x00005566c48dd560
11/10/2025 19:18:40:094	UTIL	[46:46:427520448]	INFO	thread_wrapper_t::adjust_timer_precision, m_timer_precision = 50, new_timer_precision = 50, this = 0x00005566c48dd560
11/10/2025 19:18:40:406	UTIL	[46:46:427520448]	INFO	UTIL_INIT  refer times = 5, module_id = 5, UTIL has been built on:Sep 19 2025 at 06:33:56 on branch release-client-6.6.x with commit ID 2583f48484aeb604c472d0a89b4ddc1f55
11/10/2025 19:18:40:411	UTIL	[46:46:427520448]	INFO	register_logger  module_id = 5, module_name = MCM, max_level = 31, logger = 0x0000000000000000, mode = 3
11/10/2025 19:18:40:559	UTIL	[46:46:427520448]	INFO	register_logger  module_id = 6, module_name = NYDUS, max_level = 31, logger = 0x0000000000000000, mode = 3
11/10/2025 19:18:40:579	UTIL	[46:46:427520448]	INFO	timer_it::timer_it id = 0, own_thr = 0x0000000000000000, this = 0x00005566c48ef860
11/10/2025 19:18:40:579	UTIL	[46:46:427520448]	INFO	timer_it::timer_it id = 0, own_thr = 0x0000000000000000, this = 0x00005566c490fff0
11/10/2025 19:18:40:579	UTIL	[46:46:427520448]	INFO	thread_mgr_t::spawn, mode = 00000008, w_queue_size = 8192, type = 1024, interact_timer = true, thr_name = , bind_mask = 4294967295, use_ext_timer_drv = false, notifier = 0x0000000000000000, this = 0x00005566c48530f0
11/10/2025 19:18:40:579	UTIL	[46:46:427520448]	INFO	thread_mgr_t::spawn already has an instance for the thread, return it directly, thread id = 140149505356224, this = 0x00005566c48530f0
11/10/2025 19:18:41:446	UTIL	[46:46:427520448]	INFO	timer_it::add_timer sink = 0x00005566c4910dc8, interval = 12800, times = 0, is_exact = true, this = 0x00005566c48ef860
11/10/2025 19:18:41:446	UTIL	[46:46:427520448]	INFO	timer_it::add_timer sink = 0x00005566c4910dc8, interval = 3840, times = 0, is_exact = true, this = 0x00005566c490fff0
11/10/2025 19:19:18:345	UTIL	[46:46:427520448]	INFO	mlog_file::init mid:1069 size:1048576 shmem:false ret:0 this:0x00005566c49a7388
11/10/2025 19:19:21:516	UTIL	[46:46:427520448]	INFO	mlog_file::init mid:1027 size:1048576 shmem:false ret:0 this:0x00005566c4a84d08
11/10/2025 19:19:21:709	UTIL	[46:46:427520448]	INFO	mlog_file::init mid:1008 size:1048576 shmem:false ret:0 this:0x00005566c4a84e18
11/10/2025 19:19:22:119	UTIL	[46:46:427520448]	INFO	mlog_file::init mid:1030 size:1048576 shmem:false ret:0 this:0x00005566c4a7f2d8
