11/10/2025 19:20:06:211	UTIL	[46:46:1020117440]	INFO	thread_mgr_t ::thread_mgr_t(),Mon,10 Nov 2025 19:20:06 GMT, preset_owner_thr = false, this = 0x000055bee8a7e0f0
11/10/2025 19:20:06:211	UTIL	[46:46:1020117440]	INFO	new_i8_allocator_t::new_i8_allocator_t, m_page_size = 4096, this = 0x000055bee8a7af00
11/10/2025 19:20:06:211	UTIL	[46:46:1020117440]	INFO	UTIL_INIT  refer , s_init_times = 1, module_id = 9, description = UTIL has been built on:Sep 19 2025 at 06:33:56 on branch release-client-6.6.x with commit ID 2583f48484aeb604c472d0a89b4ddc1f55, dir = , filename = , pext = log, max_size = 41943040, max_idx = 99
11/10/2025 19:20:06:211	UTIL	[46:46:1020117440]	INFO	set_timer_driver, setup_call = 0x00007f8c585603b0, remove_call = 0x00007f8c58560290
11/10/2025 19:20:06:211	UTIL	[46:46:1020117440]	INFO	thread_mgr_t::spawn, mode = 02000008, w_queue_size = 8192, type = 0, interact_timer = true, thr_name = , bind_mask = 4294967295, use_ext_timer_drv = true, notifier = 0x000055bee8a798f0, this = 0x000055bee8a7e0f0
11/10/2025 19:20:06:211	UTIL	[46:46:1020117440]	INFO	thread_wrapper_t::thread_wrapper_t, mode = 02000008, id = 0, type = 0, thr_manager = 0x000055bee8a7e0f0, waits = 0, interact_timer = true, m_timer_precision = 50, this = 0x000055bee8a6c0a0
11/10/2025 19:20:06:211	UTIL	[46:46:1020117440]	INFO	msg_queue_t::msg_queue_t notifier = , notifier = 0x000055bee8a798f0, writer = 0x0000000000000000, capacity = 1024, mode = 0, this = 0x000055bee8a79b10
11/10/2025 19:20:06:211	UTIL	[46:46:1020117440]	INFO	thread_wrapper_t::thread_wrapper_t ctrl queue size = 1024, this = 0x000055bee8a6c0a0
11/10/2025 19:20:06:211	UTIL	[46:46:1020117440]	INFO	thread_wrapper_t::init_tls(), m_thread_manager = 0x000055bee8a7e0f0, this = 0x000055bee8a6c0a0
11/10/2025 19:20:06:211	UTIL	[46:46:1020117440]	INFO	thread_mgr_t::register_tls, thr = 0x000055bee8a6c0a0, tls = true, this = 0x000055bee8a7e0f0
11/10/2025 19:20:06:211	UTIL	[46:46:1020117440]	INFO	thread_wrapper_t::start_alive_check() timer = 0x0000000000000000, m_interact_timer = true, this = 0x000055bee8a6c0a0
11/10/2025 19:20:06:211	UTIL	[46:46:1020117440]	INFO	timer_queue_t::timer_queue_t() , sink = 0x000055bee8a6c0d8, min_interval = 204800, this = 0x000055bee8a86b00
11/10/2025 19:20:06:211	UTIL	[46:46:1020117440]	INFO	thread_wrapper_t::open_notifier, waits = 0, m_notify = 0x000055bee8a798f0, this = 0x000055bee8a6c0a0
11/10/2025 19:20:06:211	UTIL	[46:46:1020117440]	INFO	msg_queue_base_t::open_notifier, m_notifier = 0x000055bee8a798f0, notifier = 0x000055bee8a798f0, this = 0x000055bee8a79b30
11/10/2025 19:20:06:211	UTIL	[46:46:1020117440]	INFO	thread_mgr_t::attach handle = 0x000055bee8a6c0a0, thread_id = 140240292266432, owner_thr = 0x000055bee8a6c0a0, owner_id = 140240292266432, queue_size = 8192, this = 0x000055bee8a7e0f0
11/10/2025 19:20:06:211	UTIL	[46:46:1020117440]	INFO	thread_wrapper_t::create_channel(), bind_thr = 0x000055bee8a6c0a0[140240292266432], read_capacity = 8192, write_capacity = 8192, this = 0x000055bee8a6c0a0
11/10/2025 19:20:06:211	UTIL	[46:46:1020117440]	INFO	o2o_msg_queue_t::o2o_msg_queue_t, notifier = 0x000055bee8a798f0, writer = 0x000055bee8a6c0a0[140240292266432], reader = 0x000055bee8a6c0a0[140240292266432], capacity = 8192, mode = 0, this = 0x000055bee8a7ad00
11/10/2025 19:20:06:212	UTIL	[46:46:1020117440]	INFO	o2o_msg_queue_t::o2o_msg_queue_t, notifier = 0x000055bee8a798f0, writer = 0x000055bee8a6c0a0[140240292266432], reader = 0x000055bee8a6c0a0[140240292266432], capacity = 8192, mode = 0, this = 0x000055bee8a7de00
11/10/2025 19:20:06:212	UTIL	[46:46:1020117440]	INFO	thread_wrapper_t::bind_queue  , self_id = 140240292266432, bind_thr = 0x000055bee8a6c0a0[140240292266432], r_queue = 0x000055bee8a7ad68, w_queue = 0x000055bee8a7de70, this = 0x000055bee8a6c0a0
11/10/2025 19:20:06:212	UTIL	[46:46:1020117440]	INFO	thread_wrapper_t::bind_queue  , self_id = 140240292266432, bind_thr = 0x000055bee8a6c0a0[140240292266432], r_queue = 0x000055bee8a7de68, w_queue = 0x000055bee8a7ad70, this = 0x000055bee8a6c0a0
11/10/2025 19:20:06:212	UTIL	[46:46:1020117440]	INFO	thread_wrapper_t::bind_queue bind_thr = 0x000055bee8a6c0a0 already be existed, skip it, this = 0x000055bee8a6c0a0
11/10/2025 19:20:06:212	UTIL	[46:46:1020117440]	INFO	thread_wrapper_t::adjust_timer_precision, m_timer_precision = 50, new_timer_precision = 50, this = 0x000055bee8a6c0a0
11/10/2025 19:20:06:212	UTIL	[46:46:1020117440]	INFO	register_logger  module_id = 1057, module_name = zoomtask, max_level = 31, logger = 0x0000000000000000, mode = 3
11/10/2025 19:20:06:293	UTIL	[46:46:1020117440]	INFO	UTIL_INIT  refer times = 2, module_id = 1057, UTIL has been built on:Sep 19 2025 at 06:33:56 on branch release-client-6.6.x with commit ID 2583f48484aeb604c472d0a89b4ddc1f55
11/10/2025 19:20:06:293	UTIL	[46:46:1020117440]	INFO	register_logger  module_id = 1057, module_name = ZoomTask, max_level = 31, logger = 0x0000000000000000, mode = 3
11/10/2025 19:20:06:331	UTIL	[46:46:1020117440]	INFO	UTIL_INIT  refer times = 3, module_id = 2, UTIL has been built on:Sep 19 2025 at 06:33:56 on branch release-client-6.6.x with commit ID 2583f48484aeb604c472d0a89b4ddc1f55
11/10/2025 19:20:06:332	UTIL	[46:46:1020117440]	INFO	timer_it::timer_it id = 0, own_thr = 0x0000000000000000, this = 0x000055bee8a7e848
11/10/2025 19:20:06:332	UTIL	[46:46:1020117440]	INFO	thread_mgr_t::spawn, mode = 01000004, w_queue_size = 0, type = 3, interact_timer = true, thr_name = zoom.dns, bind_mask = 0, use_ext_timer_drv = false, notifier = 0x0000000000000000, this = 0x000055bee8a7e0f0
11/10/2025 19:20:06:332	UTIL	[46:46:1020117440]	INFO	thread_wrapper_t::thread_wrapper_t, mode = 01000004, id = 0, type = 3, thr_manager = 0x000055bee8a7e0f0, waits = 1, interact_timer = true, m_timer_precision = 50, this = 0x000055bee8ac70c0
11/10/2025 19:20:06:332	UTIL	[46:46:1020117440]	INFO	msg_queue_t::msg_queue_t notifier = , notifier = 0x0000000000000000, writer = 0x0000000000000000, capacity = 1024, mode = 1, this = 0x000055bee8ac7520
11/10/2025 19:20:06:332	UTIL	[46:46:1020117440]	INFO	thread_wrapper_t::thread_wrapper_t ctrl queue size = 1024, this = 0x000055bee8ac70c0
11/10/2025 19:20:06:332	UTIL	[46:46:1020117440]	INFO	thread_io_t::thread_io_t(), mode = 01000004, type = 3, queue size = 0, this = 0x000055bee8ac7090
11/10/2025 19:20:06:332	UTIL	[46:46:1020117440]	INFO	thread_io_t::open_notifier, waits = 1, this = 0x000055bee8ac7090
11/10/2025 19:20:06:332	UTIL	[46:46:1020117440]	INFO	msg_queue_base_t::open_notifier, m_notifier = 0x0000000000000000, notifier = 0x000055bee8ac4e40, this = 0x000055bee8ac7540
11/10/2025 19:20:06:332	UTIL	[46:46:1020117440]	INFO	thread_io_t::thread_run(), id = 0, args = 0x0000000000000000, this = 0x000055bee8ac7090
11/10/2025 19:20:06:332	UTIL	[46:46:1020117440]	INFO	io_repo_t::io_repo_t, m_working = 0x000055bee8ac70c0, max_io_fds = 1024, this = 0x000055bee8acbae0
11/10/2025 19:20:06:332	UTIL	[46:46:1020117440]	INFO	notifier_handler_t::notifier_handler_t, io_container = 0x000055bee8acbae00x000055bee8ac4e40, this = 0x000055bee8ad3c70
11/10/2025 19:20:06:332	UTIL	[46:46:1020117440]	INFO	poll_t::poll_t register, fd = 11, es.first = 00000000000000000000000000000011, this = 0x000055bee8acbae0
11/10/2025 19:20:06:332	UTIL	[46:46:1020117440]	INFO	io_repo_t::start(), m_stop = true, this = 0x000055bee8acbae0
11/10/2025 19:20:06:333	UTIL	[46:46:1020117440]	INFO	thread_mgr_t::spawn only has control message queue for this thread, this = 0x000055bee8a7e0f0
11/10/2025 19:20:06:333	UTIL	[46:46:1020117440]	FATAL	assert: msg[thread_wrapper_t::create_channel bind thread should valid!, bind_thr = 0x0000000000000000] file[/home/jenkins/agent/workspace/Client/Client/DMT/linux/release/tp_util/util/src/thread.cpp], line = [1122]
11/10/2025 19:20:06:333	UTIL	[46:46:1020117440]	INFO	thread_wrapper_t::adjust_timer_precision, m_timer_precision = 50, new_timer_precision = 50, this = 0x000055bee8ac70c0
11/10/2025 19:20:06:333	UTIL	[46:46:1020117440]	INFO	timer_it::timer_it id = 0, own_thr = 0x0000000000000000, this = 0x000055bee8ad4730
11/10/2025 19:20:06:333	UTIL	[46:46:1020117440]	INFO	timer_it::add_timer sink = 0x000055bee8a7e720, interval = 100, times = 0, is_exact = true, this = 0x000055bee8ad4730
11/10/2025 19:20:06:333	UTIL	[46:52:987801280]	INFO	poll_t::loop () begin, working = 0x000055bee8ac70c0, this = 0x000055bee8acbae0
11/10/2025 19:20:06:333	UTIL	[46:52:987801280]	INFO	thread_io_t::init_tls() thread_id = 140240259950272, this = 0x000055bee8ac7090
11/10/2025 19:20:06:333	UTIL	[46:52:987801280]	INFO	thread_wrapper_t::init_tls(), m_thread_manager = 0x000055bee8a7e0f0, this = 0x000055bee8ac70c0
11/10/2025 19:20:06:333	UTIL	[46:52:987801280]	INFO	thread_mgr_t::register_tls, thr = 0x000055bee8ac70c0, tls = true, this = 0x000055bee8a7e0f0
11/10/2025 19:20:06:333	UTIL	[46:52:987801280]	INFO	thread_wrapper_t::start_alive_check() timer = 0x0000000000000000, m_interact_timer = true, this = 0x000055bee8ac70c0
11/10/2025 19:20:06:333	UTIL	[46:52:987801280]	INFO	timer_queue_t::timer_queue_t() , sink = 0x000055bee8ac70f8, min_interval = 204800, this = 0x00007f8c30001070
11/10/2025 19:20:06:338	UTIL	[46:46:1020117440]	INFO	UTIL_INIT  refer times = 4, module_id = 9, UTIL has been built on:Sep 19 2025 at 06:33:56 on branch release-client-6.6.x with commit ID 2583f48484aeb604c472d0a89b4ddc1f55
11/10/2025 19:20:06:346	UTIL	[46:46:1020117440]	INFO	thread_mgr_t::spawn, mode = 01000004, w_queue_size = 65536, type = 1027, interact_timer = true, thr_name = zoom.db, bind_mask = 4294967295, use_ext_timer_drv = false, notifier = 0x0000000000000000, this = 0x000055bee8a7e0f0
11/10/2025 19:20:06:346	UTIL	[46:46:1020117440]	INFO	thread_wrapper_t::thread_wrapper_t, mode = 01000004, id = 0, type = 1027, thr_manager = 0x000055bee8a7e0f0, waits = 1, interact_timer = true, m_timer_precision = 50, this = 0x000055bee8af9b90
11/10/2025 19:20:06:347	UTIL	[46:46:1020117440]	INFO	msg_queue_t::msg_queue_t notifier = , notifier = 0x0000000000000000, writer = 0x0000000000000000, capacity = 1024, mode = 1, this = 0x000055bee8aedd40
11/10/2025 19:20:06:347	UTIL	[46:46:1020117440]	INFO	thread_wrapper_t::thread_wrapper_t ctrl queue size = 1024, this = 0x000055bee8af9b90
11/10/2025 19:20:06:347	UTIL	[46:46:1020117440]	INFO	thread_io_t::thread_io_t(), mode = 01000004, type = 1027, queue size = 65536, this = 0x000055bee8af9b60
11/10/2025 19:20:06:347	UTIL	[46:46:1020117440]	INFO	thread_io_t::open_notifier, waits = 1, this = 0x000055bee8af9b60
11/10/2025 19:20:06:347	UTIL	[46:46:1020117440]	INFO	msg_queue_base_t::open_notifier, m_notifier = 0x0000000000000000, notifier = 0x000055bee8afdf50, this = 0x000055bee8aedd60
11/10/2025 19:20:06:347	UTIL	[46:46:1020117440]	INFO	thread_io_t::thread_run(), id = 0, args = 0x0000000000000000, this = 0x000055bee8af9b60
11/10/2025 19:20:06:347	UTIL	[46:46:1020117440]	INFO	io_repo_t::io_repo_t, m_working = 0x000055bee8af9b90, max_io_fds = 1024, this = 0x000055bee8afe150
11/10/2025 19:20:06:347	UTIL	[46:46:1020117440]	INFO	notifier_handler_t::notifier_handler_t, io_container = 0x000055bee8afe1500x000055bee8afdf50, this = 0x000055bee8aef5a0
11/10/2025 19:20:06:347	UTIL	[46:46:1020117440]	INFO	poll_t::poll_t register, fd = 20, es.first = 00000000000000000000000000000011, this = 0x000055bee8afe150
11/10/2025 19:20:06:347	UTIL	[46:46:1020117440]	INFO	io_repo_t::start(), m_stop = true, this = 0x000055bee8afe150
11/10/2025 19:20:06:347	UTIL	[46:46:1020117440]	INFO	thread_mgr_t::attach handle = 0x000055bee8af9b90, thread_id = 140239867733696, owner_thr = 0x000055bee8a6c0a0, owner_id = 140240292266432, queue_size = 65536, this = 0x000055bee8a7e0f0
11/10/2025 19:20:06:347	UTIL	[46:46:1020117440]	INFO	thread_wrapper_t::create_channel(), bind_thr = 0x000055bee8a6c0a0[140240292266432], read_capacity = 65536, write_capacity = 65536, this = 0x000055bee8af9b90
11/10/2025 19:20:06:347	UTIL	[46:46:1020117440]	INFO	o2o_msg_queue_t::o2o_msg_queue_t, notifier = 0x000055bee8a798f0, writer = 0x000055bee8af9b90[140239867733696], reader = 0x000055bee8a6c0a0[140240292266432], capacity = 65536, mode = 0, this = 0x000055bee8b06bd0
11/10/2025 19:20:06:347	UTIL	[46:46:1020117440]	INFO	o2o_msg_queue_t::o2o_msg_queue_t, notifier = 0x000055bee8afdf50, writer = 0x000055bee8a6c0a0[140240292266432], reader = 0x000055bee8af9b90[140239867733696], capacity = 65536, mode = 1, this = 0x000055bee8b06e10
11/10/2025 19:20:06:347	UTIL	[46:46:1020117440]	INFO	thread_wrapper_t::bind_queue  , self_id = 140240292266432, bind_thr = 0x000055bee8af9b90[140239867733696], r_queue = 0x000055bee8b06c38, w_queue = 0x000055bee8b06e80, this = 0x000055bee8a6c0a0
11/10/2025 19:20:06:347	UTIL	[46:46:1020117440]	INFO	thread_wrapper_t::bind_queue  , self_id = 140239867733696, bind_thr = 0x000055bee8a6c0a0[140240292266432], r_queue = 0x000055bee8b06e78, w_queue = 0x000055bee8b06c40, this = 0x000055bee8af9b90
11/10/2025 19:20:06:347	UTIL	[46:46:1020117440]	INFO	thread_wrapper_t::create_channel(), bind_thr = 0x000055bee8ac70c0[140240259950272], read_capacity = 65536, write_capacity = 65536, this = 0x000055bee8af9b90
11/10/2025 19:20:06:347	UTIL	[46:46:1020117440]	INFO	o2o_msg_queue_t::o2o_msg_queue_t, notifier = 0x000055bee8ac4e40, writer = 0x000055bee8af9b90[140239867733696], reader = 0x000055bee8ac70c0[140240259950272], capacity = 65536, mode = 1, this = 0x000055bee8b074b0
11/10/2025 19:20:06:348	UTIL	[46:46:1020117440]	INFO	o2o_msg_queue_t::o2o_msg_queue_t, notifier = 0x000055bee8afdf50, writer = 0x000055bee8ac70c0[140240259950272], reader = 0x000055bee8af9b90[140239867733696], capacity = 65536, mode = 1, this = 0x000055bee8b076f0
11/10/2025 19:20:06:348	UTIL	[46:46:1020117440]	INFO	thread_wrapper_t::send_ctrl_msg msg = 0x000055bee8b07930, (uint64_t)m_id = 0, timeout = -1, this = 0x000055bee8af9b90
11/10/2025 19:20:06:348	UTIL	[46:60:595584704]	INFO	poll_t::loop () begin, working = 0x000055bee8af9b90, this = 0x000055bee8afe150
11/10/2025 19:20:06:348	UTIL	[46:60:595584704]	INFO	thread_io_t::init_tls() thread_id = 140239867733696, this = 0x000055bee8af9b60
11/10/2025 19:20:06:348	UTIL	[46:60:595584704]	INFO	thread_wrapper_t::init_tls(), m_thread_manager = 0x000055bee8a7e0f0, this = 0x000055bee8af9b90
11/10/2025 19:20:06:348	UTIL	[46:60:595584704]	INFO	thread_mgr_t::register_tls, thr = 0x000055bee8af9b90, tls = true, this = 0x000055bee8a7e0f0
11/10/2025 19:20:06:348	UTIL	[46:60:595584704]	INFO	thread_wrapper_t::start_alive_check() timer = 0x0000000000000000, m_interact_timer = true, this = 0x000055bee8af9b90
11/10/2025 19:20:06:348	UTIL	[46:60:595584704]	INFO	timer_queue_t::timer_queue_t() , sink = 0x000055bee8af9bc8, min_interval = 204800, this = 0x00007f8c04001070
11/10/2025 19:20:06:348	UTIL	[46:60:595584704]	INFO	thread_wrapper_t::create_ch_msg_t::on_message from = 0x000055bee8af9b90, to = 0x000055bee8ac70c0, this = 0x000055bee8b07930
11/10/2025 19:20:06:348	UTIL	[46:60:595584704]	INFO	thread_wrapper_t::bind_queue  , self_id = 140240259950272, bind_thr = 0x000055bee8af9b90[140239867733696], r_queue = 0x000055bee8b07518, w_queue = 0x000055bee8b07760, this = 0x000055bee8ac70c0
11/10/2025 19:20:06:348	UTIL	[46:46:1020117440]	INFO	thread_wrapper_t::bind_queue  , self_id = 140239867733696, bind_thr = 0x000055bee8ac70c0[140240259950272], r_queue = 0x000055bee8b07758, w_queue = 0x000055bee8b07520, this = 0x000055bee8af9b90
11/10/2025 19:20:06:348	UTIL	[46:46:1020117440]	INFO	thread_wrapper_t::create_channel(), bind_thr = 0x000055bee8af9b90[140239867733696], read_capacity = 65536, write_capacity = 65536, this = 0x000055bee8af9b90
11/10/2025 19:20:06:349	UTIL	[46:46:1020117440]	INFO	o2o_msg_queue_t::o2o_msg_queue_t, notifier = 0x000055bee8afdf50, writer = 0x000055bee8af9b90[140239867733696], reader = 0x000055bee8af9b90[140239867733696], capacity = 65536, mode = 1, this = 0x000055bee8b07df0
11/10/2025 19:20:06:349	UTIL	[46:46:1020117440]	INFO	o2o_msg_queue_t::o2o_msg_queue_t, notifier = 0x000055bee8afdf50, writer = 0x000055bee8af9b90[140239867733696], reader = 0x000055bee8af9b90[140239867733696], capacity = 65536, mode = 1, this = 0x000055bee8b08030
11/10/2025 19:20:06:349	UTIL	[46:46:1020117440]	INFO	thread_wrapper_t::send_ctrl_msg msg = 0x000055bee8b08270, (uint64_t)m_id = 140239867733696, timeout = -1, this = 0x000055bee8af9b90
11/10/2025 19:20:06:349	UTIL	[46:60:595584704]	INFO	thread_wrapper_t::create_ch_msg_t::on_message from = 0x000055bee8af9b90, to = 0x000055bee8af9b90, this = 0x000055bee8b08270
11/10/2025 19:20:06:349	UTIL	[46:60:595584704]	INFO	thread_wrapper_t::bind_queue  , self_id = 140239867733696, bind_thr = 0x000055bee8af9b90[140239867733696], r_queue = 0x000055bee8b07e58, w_queue = 0x000055bee8b080a0, this = 0x000055bee8af9b90
11/10/2025 19:20:06:349	UTIL	[46:46:1020117440]	INFO	thread_wrapper_t::bind_queue  , self_id = 140239867733696, bind_thr = 0x000055bee8af9b90[140239867733696], r_queue = 0x000055bee8b08098, w_queue = 0x000055bee8b07e60, this = 0x000055bee8af9b90
11/10/2025 19:20:06:349	UTIL	[46:46:1020117440]	INFO	thread_wrapper_t::bind_queue bind_thr = 0x000055bee8af9b90 already be existed, skip it, this = 0x000055bee8af9b90
11/10/2025 19:20:06:349	UTIL	[46:46:1020117440]	INFO	thread_wrapper_t::adjust_timer_precision, m_timer_precision = 50, new_timer_precision = 50, this = 0x000055bee8af9b90
11/10/2025 19:20:06:349	UTIL	[46:46:1020117440]	INFO	thread_mgr_t::spawn, mode = 01000004, w_queue_size = 65536, type = 1028, interact_timer = true, thr_name = zoom.im.index, bind_mask = 4294967295, use_ext_timer_drv = false, notifier = 0x0000000000000000, this = 0x000055bee8a7e0f0
11/10/2025 19:20:06:349	UTIL	[46:46:1020117440]	INFO	thread_wrapper_t::thread_wrapper_t, mode = 01000004, id = 0, type = 1028, thr_manager = 0x000055bee8a7e0f0, waits = 1, interact_timer = true, m_timer_precision = 50, this = 0x000055bee8b089b0
11/10/2025 19:20:06:349	UTIL	[46:46:1020117440]	INFO	msg_queue_t::msg_queue_t notifier = , notifier = 0x0000000000000000, writer = 0x0000000000000000, capacity = 1024, mode = 1, this = 0x000055bee8b08c60
11/10/2025 19:20:06:349	UTIL	[46:46:1020117440]	INFO	thread_wrapper_t::thread_wrapper_t ctrl queue size = 1024, this = 0x000055bee8b089b0
11/10/2025 19:20:06:349	UTIL	[46:46:1020117440]	INFO	thread_io_t::thread_io_t(), mode = 01000004, type = 1028, queue size = 65536, this = 0x000055bee8b08980
11/10/2025 19:20:06:349	UTIL	[46:46:1020117440]	INFO	thread_io_t::open_notifier, waits = 1, this = 0x000055bee8b08980
11/10/2025 19:20:06:349	UTIL	[46:46:1020117440]	INFO	msg_queue_base_t::open_notifier, m_notifier = 0x0000000000000000, notifier = 0x000055bee8b0d190, this = 0x000055bee8b08c80
11/10/2025 19:20:06:349	UTIL	[46:46:1020117440]	INFO	thread_io_t::thread_run(), id = 0, args = 0x0000000000000000, this = 0x000055bee8b08980
11/10/2025 19:20:06:349	UTIL	[46:46:1020117440]	INFO	io_repo_t::io_repo_t, m_working = 0x000055bee8b089b0, max_io_fds = 1024, this = 0x000055bee8b0d3f0
11/10/2025 19:20:06:349	UTIL	[46:46:1020117440]	INFO	notifier_handler_t::notifier_handler_t, io_container = 0x000055bee8b0d3f00x000055bee8b0d190, this = 0x000055bee8ad52a0
11/10/2025 19:20:06:349	UTIL	[46:46:1020117440]	INFO	poll_t::poll_t register, fd = 22, es.first = 00000000000000000000000000000011, this = 0x000055bee8b0d3f0
11/10/2025 19:20:06:349	UTIL	[46:46:1020117440]	INFO	io_repo_t::start(), m_stop = true, this = 0x000055bee8b0d3f0
11/10/2025 19:20:06:349	UTIL	[46:46:1020117440]	INFO	thread_mgr_t::attach handle = 0x000055bee8b089b0, thread_id = 140239859340992, owner_thr = 0x000055bee8a6c0a0, owner_id = 140240292266432, queue_size = 65536, this = 0x000055bee8a7e0f0
11/10/2025 19:20:06:349	UTIL	[46:46:1020117440]	INFO	thread_wrapper_t::create_channel(), bind_thr = 0x000055bee8a6c0a0[140240292266432], read_capacity = 65536, write_capacity = 65536, this = 0x000055bee8b089b0
11/10/2025 19:20:06:349	UTIL	[46:61:587192000]	INFO	poll_t::loop () begin, working = 0x000055bee8b089b0, this = 0x000055bee8b0d3f0
11/10/2025 19:20:06:350	UTIL	[46:61:587192000]	INFO	thread_io_t::init_tls() thread_id = 140239859340992, this = 0x000055bee8b08980
11/10/2025 19:20:06:350	UTIL	[46:61:587192000]	INFO	thread_wrapper_t::init_tls(), m_thread_manager = 0x000055bee8a7e0f0, this = 0x000055bee8b089b0
11/10/2025 19:20:06:350	UTIL	[46:61:587192000]	INFO	thread_mgr_t::register_tls, thr = 0x000055bee8b089b0, tls = true, this = 0x000055bee8a7e0f0
11/10/2025 19:20:06:350	UTIL	[46:61:587192000]	INFO	thread_wrapper_t::start_alive_check() timer = 0x0000000000000000, m_interact_timer = true, this = 0x000055bee8b089b0
11/10/2025 19:20:06:350	UTIL	[46:61:587192000]	INFO	timer_queue_t::timer_queue_t() , sink = 0x000055bee8b089e8, min_interval = 204800, this = 0x00007f8c08001070
11/10/2025 19:20:06:350	UTIL	[46:46:1020117440]	INFO	o2o_msg_queue_t::o2o_msg_queue_t, notifier = 0x000055bee8a798f0, writer = 0x000055bee8b089b0[140239859340992], reader = 0x000055bee8a6c0a0[140240292266432], capacity = 65536, mode = 0, this = 0x000055bee8b15e70
11/10/2025 19:20:06:350	UTIL	[46:46:1020117440]	INFO	o2o_msg_queue_t::o2o_msg_queue_t, notifier = 0x000055bee8b0d190, writer = 0x000055bee8a6c0a0[140240292266432], reader = 0x000055bee8b089b0[140239859340992], capacity = 65536, mode = 1, this = 0x000055bee8b160b0
11/10/2025 19:20:06:350	UTIL	[46:46:1020117440]	INFO	thread_wrapper_t::bind_queue  , self_id = 140240292266432, bind_thr = 0x000055bee8b089b0[140239859340992], r_queue = 0x000055bee8b15ed8, w_queue = 0x000055bee8b16120, this = 0x000055bee8a6c0a0
11/10/2025 19:20:06:350	UTIL	[46:46:1020117440]	INFO	thread_wrapper_t::bind_queue  , self_id = 140239859340992, bind_thr = 0x000055bee8a6c0a0[140240292266432], r_queue = 0x000055bee8b16118, w_queue = 0x000055bee8b15ee0, this = 0x000055bee8b089b0
11/10/2025 19:20:06:350	UTIL	[46:46:1020117440]	INFO	thread_wrapper_t::create_channel(), bind_thr = 0x000055bee8ac70c0[140240259950272], read_capacity = 65536, write_capacity = 65536, this = 0x000055bee8b089b0
11/10/2025 19:20:06:350	UTIL	[46:46:1020117440]	INFO	o2o_msg_queue_t::o2o_msg_queue_t, notifier = 0x000055bee8ac4e40, writer = 0x000055bee8b089b0[140239859340992], reader = 0x000055bee8ac70c0[140240259950272], capacity = 65536, mode = 1, this = 0x000055bee8b16750
11/10/2025 19:20:06:350	UTIL	[46:46:1020117440]	INFO	o2o_msg_queue_t::o2o_msg_queue_t, notifier = 0x000055bee8b0d190, writer = 0x000055bee8ac70c0[140240259950272], reader = 0x000055bee8b089b0[140239859340992], capacity = 65536, mode = 1, this = 0x000055bee8b16990
11/10/2025 19:20:06:350	UTIL	[46:46:1020117440]	INFO	thread_wrapper_t::send_ctrl_msg msg = 0x000055bee8b16bd0, (uint64_t)m_id = 140239859340992, timeout = -1, this = 0x000055bee8b089b0
11/10/2025 19:20:06:351	UTIL	[46:61:587192000]	INFO	thread_wrapper_t::create_ch_msg_t::on_message from = 0x000055bee8b089b0, to = 0x000055bee8ac70c0, this = 0x000055bee8b16bd0
11/10/2025 19:20:06:351	UTIL	[46:61:587192000]	INFO	thread_wrapper_t::bind_queue  , self_id = 140240259950272, bind_thr = 0x000055bee8b089b0[140239859340992], r_queue = 0x000055bee8b167b8, w_queue = 0x000055bee8b16a00, this = 0x000055bee8ac70c0
11/10/2025 19:20:06:351	UTIL	[46:46:1020117440]	INFO	thread_wrapper_t::bind_queue  , self_id = 140239859340992, bind_thr = 0x000055bee8ac70c0[140240259950272], r_queue = 0x000055bee8b169f8, w_queue = 0x000055bee8b167c0, this = 0x000055bee8b089b0
11/10/2025 19:20:06:351	UTIL	[46:46:1020117440]	INFO	thread_wrapper_t::create_channel(), bind_thr = 0x000055bee8af9b90[140239867733696], read_capacity = 65536, write_capacity = 65536, this = 0x000055bee8b089b0
11/10/2025 19:20:06:351	UTIL	[46:46:1020117440]	INFO	o2o_msg_queue_t::o2o_msg_queue_t, notifier = 0x000055bee8afdf50, writer = 0x000055bee8b089b0[140239859340992], reader = 0x000055bee8af9b90[140239867733696], capacity = 65536, mode = 1, this = 0x000055bee8b17040
11/10/2025 19:20:06:352	UTIL	[46:46:1020117440]	INFO	o2o_msg_queue_t::o2o_msg_queue_t, notifier = 0x000055bee8b0d190, writer = 0x000055bee8af9b90[140239867733696], reader = 0x000055bee8b089b0[140239859340992], capacity = 65536, mode = 1, this = 0x000055bee8b17280
11/10/2025 19:20:06:352	UTIL	[46:46:1020117440]	INFO	thread_wrapper_t::send_ctrl_msg msg = 0x000055bee8b174c0, (uint64_t)m_id = 140239859340992, timeout = -1, this = 0x000055bee8b089b0
11/10/2025 19:20:06:352	UTIL	[46:61:587192000]	INFO	thread_wrapper_t::create_ch_msg_t::on_message from = 0x000055bee8b089b0, to = 0x000055bee8af9b90, this = 0x000055bee8b174c0
11/10/2025 19:20:06:352	UTIL	[46:61:587192000]	INFO	thread_wrapper_t::bind_queue  , self_id = 140239867733696, bind_thr = 0x000055bee8b089b0[140239859340992], r_queue = 0x000055bee8b170a8, w_queue = 0x000055bee8b172f0, this = 0x000055bee8af9b90
11/10/2025 19:20:06:353	UTIL	[46:46:1020117440]	INFO	thread_wrapper_t::bind_queue  , self_id = 140239859340992, bind_thr = 0x000055bee8af9b90[140239867733696], r_queue = 0x000055bee8b172e8, w_queue = 0x000055bee8b170b0, this = 0x000055bee8b089b0
11/10/2025 19:20:06:354	UTIL	[46:46:1020117440]	INFO	thread_wrapper_t::create_channel(), bind_thr = 0x000055bee8b089b0[140239859340992], read_capacity = 65536, write_capacity = 65536, this = 0x000055bee8b089b0
11/10/2025 19:20:06:354	UTIL	[46:46:1020117440]	INFO	o2o_msg_queue_t::o2o_msg_queue_t, notifier = 0x000055bee8b0d190, writer = 0x000055bee8b089b0[140239859340992], reader = 0x000055bee8b089b0[140239859340992], capacity = 65536, mode = 1, this = 0x000055bee8b178b0
11/10/2025 19:20:06:354	UTIL	[46:46:1020117440]	INFO	o2o_msg_queue_t::o2o_msg_queue_t, notifier = 0x000055bee8b0d190, writer = 0x000055bee8b089b0[140239859340992], reader = 0x000055bee8b089b0[140239859340992], capacity = 65536, mode = 1, this = 0x000055bee8b17af0
11/10/2025 19:20:06:354	UTIL	[46:46:1020117440]	INFO	thread_wrapper_t::send_ctrl_msg msg = 0x000055bee8b17d30, (uint64_t)m_id = 140239859340992, timeout = -1, this = 0x000055bee8b089b0
11/10/2025 19:20:06:355	UTIL	[46:61:587192000]	INFO	thread_wrapper_t::create_ch_msg_t::on_message from = 0x000055bee8b089b0, to = 0x000055bee8b089b0, this = 0x000055bee8b17d30
11/10/2025 19:20:06:355	UTIL	[46:61:587192000]	INFO	thread_wrapper_t::bind_queue  , self_id = 140239859340992, bind_thr = 0x000055bee8b089b0[140239859340992], r_queue = 0x000055bee8b17918, w_queue = 0x000055bee8b17b60, this = 0x000055bee8b089b0
11/10/2025 19:20:06:355	UTIL	[46:46:1020117440]	INFO	thread_wrapper_t::bind_queue  , self_id = 140239859340992, bind_thr = 0x000055bee8b089b0[140239859340992], r_queue = 0x000055bee8b17b58, w_queue = 0x000055bee8b17920, this = 0x000055bee8b089b0
11/10/2025 19:20:06:355	UTIL	[46:46:1020117440]	INFO	thread_wrapper_t::bind_queue bind_thr = 0x000055bee8b089b0 already be existed, skip it, this = 0x000055bee8b089b0
11/10/2025 19:20:06:355	UTIL	[46:46:1020117440]	INFO	thread_wrapper_t::adjust_timer_precision, m_timer_precision = 50, new_timer_precision = 50, this = 0x000055bee8b089b0
11/10/2025 19:20:07:000	UTIL	[46:46:1020117440]	INFO	UTIL_INIT  refer times = 5, module_id = 5, UTIL has been built on:Sep 19 2025 at 06:33:56 on branch release-client-6.6.x with commit ID 2583f48484aeb604c472d0a89b4ddc1f55
11/10/2025 19:20:07:000	UTIL	[46:46:1020117440]	INFO	register_logger  module_id = 5, module_name = MCM, max_level = 31, logger = 0x0000000000000000, mode = 3
11/10/2025 19:20:07:337	UTIL	[46:46:1020117440]	INFO	register_logger  module_id = 6, module_name = NYDUS, max_level = 31, logger = 0x0000000000000000, mode = 3
11/10/2025 19:20:07:337	UTIL	[46:46:1020117440]	INFO	timer_it::timer_it id = 0, own_thr = 0x0000000000000000, this = 0x000055bee8b332c0
11/10/2025 19:20:07:337	UTIL	[46:46:1020117440]	INFO	timer_it::timer_it id = 0, own_thr = 0x0000000000000000, this = 0x000055bee8b33350
11/10/2025 19:20:07:337	UTIL	[46:46:1020117440]	INFO	thread_mgr_t::spawn, mode = 00000008, w_queue_size = 8192, type = 1024, interact_timer = true, thr_name = , bind_mask = 4294967295, use_ext_timer_drv = false, notifier = 0x0000000000000000, this = 0x000055bee8a7e0f0
11/10/2025 19:20:07:337	UTIL	[46:46:1020117440]	INFO	thread_mgr_t::spawn already has an instance for the thread, return it directly, thread id = 140240292266432, this = 0x000055bee8a7e0f0
11/10/2025 19:20:07:503	UTIL	[46:46:1020117440]	INFO	timer_it::add_timer sink = 0x000055bee8b3c098, interval = 12800, times = 0, is_exact = true, this = 0x000055bee8b332c0
11/10/2025 19:20:07:503	UTIL	[46:46:1020117440]	INFO	timer_it::add_timer sink = 0x000055bee8b3c098, interval = 3840, times = 0, is_exact = true, this = 0x000055bee8b33350
11/10/2025 19:21:01:812	UTIL	[46:46:1020117440]	INFO	mlog_file::init mid:1069 size:1048576 shmem:false ret:0 this:0x000055bee8bd48f8
11/10/2025 19:21:04:890	UTIL	[46:46:1020117440]	INFO	mlog_file::init mid:1027 size:1048576 shmem:false ret:0 this:0x000055bee8cad418
11/10/2025 19:21:05:106	UTIL	[46:46:1020117440]	INFO	mlog_file::init mid:1008 size:1048576 shmem:false ret:0 this:0x000055bee8cac748
11/10/2025 19:21:05:306	UTIL	[46:46:1020117440]	INFO	mlog_file::init mid:1030 size:1048576 shmem:false ret:0 this:0x000055bee8cbffd8
