11/10/2025 19:31:59:784	UTIL	[43:43:2417156544]	INFO	thread_mgr_t ::thread_mgr_t(),Mon,10 Nov 2025 19:31:59 GMT, preset_owner_thr = false, this = 0x00005563d0627100
11/10/2025 19:31:59:784	UTIL	[43:43:2417156544]	INFO	new_i8_allocator_t::new_i8_allocator_t, m_page_size = 4096, this = 0x00005563d0623f10
11/10/2025 19:31:59:784	UTIL	[43:43:2417156544]	INFO	UTIL_INIT  refer , s_init_times = 1, module_id = 9, description = UTIL has been built on:Sep 19 2025 at 06:33:56 on branch release-client-6.6.x with commit ID 2583f48484aeb604c472d0a89b4ddc1f55, dir = , filename = , pext = log, max_size = 41943040, max_idx = 99
11/10/2025 19:31:59:784	UTIL	[43:43:2417156544]	INFO	set_timer_driver, setup_call = 0x00007ff3ab9603b0, remove_call = 0x00007ff3ab960290
11/10/2025 19:31:59:784	UTIL	[43:43:2417156544]	INFO	thread_mgr_t::spawn, mode = 02000008, w_queue_size = 8192, type = 0, interact_timer = true, thr_name = , bind_mask = 4294967295, use_ext_timer_drv = true, notifier = 0x00005563d0622900, this = 0x00005563d0627100
11/10/2025 19:31:59:784	UTIL	[43:43:2417156544]	INFO	thread_wrapper_t::thread_wrapper_t, mode = 02000008, id = 0, type = 0, thr_manager = 0x00005563d0627100, waits = 0, interact_timer = true, m_timer_precision = 50, this = 0x00005563d062fff0
11/10/2025 19:31:59:784	UTIL	[43:43:2417156544]	INFO	msg_queue_t::msg_queue_t notifier = , notifier = 0x00005563d0622900, writer = 0x0000000000000000, capacity = 1024, mode = 0, this = 0x00005563d0625880
11/10/2025 19:31:59:784	UTIL	[43:43:2417156544]	INFO	thread_wrapper_t::thread_wrapper_t ctrl queue size = 1024, this = 0x00005563d062fff0
11/10/2025 19:31:59:784	UTIL	[43:43:2417156544]	INFO	thread_wrapper_t::init_tls(), m_thread_manager = 0x00005563d0627100, this = 0x00005563d062fff0
11/10/2025 19:31:59:784	UTIL	[43:43:2417156544]	INFO	thread_mgr_t::register_tls, thr = 0x00005563d062fff0, tls = true, this = 0x00005563d0627100
11/10/2025 19:31:59:784	UTIL	[43:43:2417156544]	INFO	thread_wrapper_t::start_alive_check() timer = 0x0000000000000000, m_interact_timer = true, this = 0x00005563d062fff0
11/10/2025 19:31:59:784	UTIL	[43:43:2417156544]	INFO	timer_queue_t::timer_queue_t() , sink = 0x00005563d0630028, min_interval = 204800, this = 0x00005563d062fb80
11/10/2025 19:31:59:784	UTIL	[43:43:2417156544]	INFO	thread_wrapper_t::open_notifier, waits = 0, m_notify = 0x00005563d0622900, this = 0x00005563d062fff0
11/10/2025 19:31:59:784	UTIL	[43:43:2417156544]	INFO	msg_queue_base_t::open_notifier, m_notifier = 0x00005563d0622900, notifier = 0x00005563d0622900, this = 0x00005563d06258a0
11/10/2025 19:31:59:784	UTIL	[43:43:2417156544]	INFO	thread_mgr_t::attach handle = 0x00005563d062fff0, thread_id = 140684070937024, owner_thr = 0x00005563d062fff0, owner_id = 140684070937024, queue_size = 8192, this = 0x00005563d0627100
11/10/2025 19:31:59:784	UTIL	[43:43:2417156544]	INFO	thread_wrapper_t::create_channel(), bind_thr = 0x00005563d062fff0[140684070937024], read_capacity = 8192, write_capacity = 8192, this = 0x00005563d062fff0
11/10/2025 19:31:59:784	UTIL	[43:43:2417156544]	INFO	o2o_msg_queue_t::o2o_msg_queue_t, notifier = 0x00005563d0622900, writer = 0x00005563d062fff0[140684070937024], reader = 0x00005563d062fff0[140684070937024], capacity = 8192, mode = 0, this = 0x00005563d0623d10
11/10/2025 19:31:59:784	UTIL	[43:43:2417156544]	INFO	o2o_msg_queue_t::o2o_msg_queue_t, notifier = 0x00005563d0622900, writer = 0x00005563d062fff0[140684070937024], reader = 0x00005563d062fff0[140684070937024], capacity = 8192, mode = 0, this = 0x00005563d0626e10
11/10/2025 19:31:59:784	UTIL	[43:43:2417156544]	INFO	thread_wrapper_t::bind_queue  , self_id = 140684070937024, bind_thr = 0x00005563d062fff0[140684070937024], r_queue = 0x00005563d0623d78, w_queue = 0x00005563d0626e80, this = 0x00005563d062fff0
11/10/2025 19:31:59:784	UTIL	[43:43:2417156544]	INFO	thread_wrapper_t::bind_queue  , self_id = 140684070937024, bind_thr = 0x00005563d062fff0[140684070937024], r_queue = 0x00005563d0626e78, w_queue = 0x00005563d0623d80, this = 0x00005563d062fff0
11/10/2025 19:31:59:784	UTIL	[43:43:2417156544]	INFO	thread_wrapper_t::bind_queue bind_thr = 0x00005563d062fff0 already be existed, skip it, this = 0x00005563d062fff0
11/10/2025 19:31:59:784	UTIL	[43:43:2417156544]	INFO	thread_wrapper_t::adjust_timer_precision, m_timer_precision = 50, new_timer_precision = 50, this = 0x00005563d062fff0
11/10/2025 19:31:59:784	UTIL	[43:43:2417156544]	INFO	register_logger  module_id = 1057, module_name = zoomtask, max_level = 31, logger = 0x0000000000000000, mode = 3
11/10/2025 19:31:59:985	UTIL	[43:43:2417156544]	INFO	UTIL_INIT  refer times = 2, module_id = 1057, UTIL has been built on:Sep 19 2025 at 06:33:56 on branch release-client-6.6.x with commit ID 2583f48484aeb604c472d0a89b4ddc1f55
11/10/2025 19:31:59:985	UTIL	[43:43:2417156544]	INFO	register_logger  module_id = 1057, module_name = ZoomTask, max_level = 31, logger = 0x0000000000000000, mode = 3
11/10/2025 19:32:00:083	UTIL	[43:43:2417156544]	INFO	UTIL_INIT  refer times = 3, module_id = 2, UTIL has been built on:Sep 19 2025 at 06:33:56 on branch release-client-6.6.x with commit ID 2583f48484aeb604c472d0a89b4ddc1f55
11/10/2025 19:32:00:084	UTIL	[43:43:2417156544]	INFO	timer_it::timer_it id = 0, own_thr = 0x0000000000000000, this = 0x00005563d0627858
11/10/2025 19:32:00:084	UTIL	[43:43:2417156544]	INFO	thread_mgr_t::spawn, mode = 01000004, w_queue_size = 0, type = 3, interact_timer = true, thr_name = zoom.dns, bind_mask = 0, use_ext_timer_drv = false, notifier = 0x0000000000000000, this = 0x00005563d0627100
11/10/2025 19:32:00:084	UTIL	[43:43:2417156544]	INFO	thread_wrapper_t::thread_wrapper_t, mode = 01000004, id = 0, type = 3, thr_manager = 0x00005563d0627100, waits = 1, interact_timer = true, m_timer_precision = 50, this = 0x00005563d066ff60
11/10/2025 19:32:00:084	UTIL	[43:43:2417156544]	INFO	msg_queue_t::msg_queue_t notifier = , notifier = 0x0000000000000000, writer = 0x0000000000000000, capacity = 1024, mode = 1, this = 0x00005563d06703c0
11/10/2025 19:32:00:085	UTIL	[43:43:2417156544]	INFO	thread_wrapper_t::thread_wrapper_t ctrl queue size = 1024, this = 0x00005563d066ff60
11/10/2025 19:32:00:085	UTIL	[43:43:2417156544]	INFO	thread_io_t::thread_io_t(), mode = 01000004, type = 3, queue size = 0, this = 0x00005563d066ff30
11/10/2025 19:32:00:085	UTIL	[43:43:2417156544]	INFO	thread_io_t::open_notifier, waits = 1, this = 0x00005563d066ff30
11/10/2025 19:32:00:090	UTIL	[43:43:2417156544]	INFO	msg_queue_base_t::open_notifier, m_notifier = 0x0000000000000000, notifier = 0x00005563d066dce0, this = 0x00005563d06703e0
11/10/2025 19:32:00:090	UTIL	[43:43:2417156544]	INFO	thread_io_t::thread_run(), id = 0, args = 0x0000000000000000, this = 0x00005563d066ff30
11/10/2025 19:32:00:090	UTIL	[43:43:2417156544]	INFO	io_repo_t::io_repo_t, m_working = 0x00005563d066ff60, max_io_fds = 1024, this = 0x00005563d0674920
11/10/2025 19:32:00:090	UTIL	[43:43:2417156544]	INFO	notifier_handler_t::notifier_handler_t, io_container = 0x00005563d06749200x00005563d066dce0, this = 0x00005563d067cab0
11/10/2025 19:32:00:090	UTIL	[43:43:2417156544]	INFO	poll_t::poll_t register, fd = 11, es.first = 00000000000000000000000000000011, this = 0x00005563d0674920
11/10/2025 19:32:00:090	UTIL	[43:43:2417156544]	INFO	io_repo_t::start(), m_stop = true, this = 0x00005563d0674920
11/10/2025 19:32:00:090	UTIL	[43:43:2417156544]	INFO	thread_mgr_t::spawn only has control message queue for this thread, this = 0x00005563d0627100
11/10/2025 19:32:00:090	UTIL	[43:43:2417156544]	FATAL	assert: msg[thread_wrapper_t::create_channel bind thread should valid!, bind_thr = 0x0000000000000000] file[/home/jenkins/agent/workspace/Client/Client/DMT/linux/release/tp_util/util/src/thread.cpp], line = [1122]
11/10/2025 19:32:00:090	UTIL	[43:43:2417156544]	INFO	thread_wrapper_t::adjust_timer_precision, m_timer_precision = 50, new_timer_precision = 50, this = 0x00005563d066ff60
11/10/2025 19:32:00:090	UTIL	[43:43:2417156544]	INFO	timer_it::timer_it id = 0, own_thr = 0x0000000000000000, this = 0x00005563d067d570
11/10/2025 19:32:00:090	UTIL	[43:43:2417156544]	INFO	timer_it::add_timer sink = 0x00005563d0627730, interval = 100, times = 0, is_exact = true, this = 0x00005563d067d570
11/10/2025 19:32:00:090	UTIL	[43:49:2384840384]	INFO	poll_t::loop () begin, working = 0x00005563d066ff60, this = 0x00005563d0674920
11/10/2025 19:32:00:091	UTIL	[43:49:2384840384]	INFO	thread_io_t::init_tls() thread_id = 140684038620864, this = 0x00005563d066ff30
11/10/2025 19:32:00:091	UTIL	[43:49:2384840384]	INFO	thread_wrapper_t::init_tls(), m_thread_manager = 0x00005563d0627100, this = 0x00005563d066ff60
11/10/2025 19:32:00:091	UTIL	[43:49:2384840384]	INFO	thread_mgr_t::register_tls, thr = 0x00005563d066ff60, tls = true, this = 0x00005563d0627100
11/10/2025 19:32:00:091	UTIL	[43:49:2384840384]	INFO	thread_wrapper_t::start_alive_check() timer = 0x0000000000000000, m_interact_timer = true, this = 0x00005563d066ff60
11/10/2025 19:32:00:091	UTIL	[43:49:2384840384]	INFO	timer_queue_t::timer_queue_t() , sink = 0x00005563d066ff98, min_interval = 204800, this = 0x00007ff384001070
11/10/2025 19:32:00:099	UTIL	[43:43:2417156544]	INFO	UTIL_INIT  refer times = 4, module_id = 9, UTIL has been built on:Sep 19 2025 at 06:33:56 on branch release-client-6.6.x with commit ID 2583f48484aeb604c472d0a89b4ddc1f55
11/10/2025 19:32:00:108	UTIL	[43:43:2417156544]	INFO	thread_mgr_t::spawn, mode = 01000004, w_queue_size = 65536, type = 1027, interact_timer = true, thr_name = zoom.db, bind_mask = 4294967295, use_ext_timer_drv = false, notifier = 0x0000000000000000, this = 0x00005563d0627100
11/10/2025 19:32:00:108	UTIL	[43:43:2417156544]	INFO	thread_wrapper_t::thread_wrapper_t, mode = 01000004, id = 0, type = 1027, thr_manager = 0x00005563d0627100, waits = 1, interact_timer = true, m_timer_precision = 50, this = 0x00005563d06a2a30
11/10/2025 19:32:00:108	UTIL	[43:43:2417156544]	INFO	msg_queue_t::msg_queue_t notifier = , notifier = 0x0000000000000000, writer = 0x0000000000000000, capacity = 1024, mode = 1, this = 0x00005563d0696b80
11/10/2025 19:32:00:108	UTIL	[43:43:2417156544]	INFO	thread_wrapper_t::thread_wrapper_t ctrl queue size = 1024, this = 0x00005563d06a2a30
11/10/2025 19:32:00:108	UTIL	[43:43:2417156544]	INFO	thread_io_t::thread_io_t(), mode = 01000004, type = 1027, queue size = 65536, this = 0x00005563d06a2a00
11/10/2025 19:32:00:108	UTIL	[43:43:2417156544]	INFO	thread_io_t::open_notifier, waits = 1, this = 0x00005563d06a2a00
11/10/2025 19:32:00:108	UTIL	[43:43:2417156544]	INFO	msg_queue_base_t::open_notifier, m_notifier = 0x0000000000000000, notifier = 0x00005563d06a6df0, this = 0x00005563d0696ba0
11/10/2025 19:32:00:108	UTIL	[43:43:2417156544]	INFO	thread_io_t::thread_run(), id = 0, args = 0x0000000000000000, this = 0x00005563d06a2a00
11/10/2025 19:32:00:108	UTIL	[43:43:2417156544]	INFO	io_repo_t::io_repo_t, m_working = 0x00005563d06a2a30, max_io_fds = 1024, this = 0x00005563d06a6ff0
11/10/2025 19:32:00:108	UTIL	[43:43:2417156544]	INFO	notifier_handler_t::notifier_handler_t, io_container = 0x00005563d06a6ff00x00005563d06a6df0, this = 0x00005563d0698440
11/10/2025 19:32:00:108	UTIL	[43:43:2417156544]	INFO	poll_t::poll_t register, fd = 20, es.first = 00000000000000000000000000000011, this = 0x00005563d06a6ff0
11/10/2025 19:32:00:108	UTIL	[43:43:2417156544]	INFO	io_repo_t::start(), m_stop = true, this = 0x00005563d06a6ff0
11/10/2025 19:32:00:108	UTIL	[43:43:2417156544]	INFO	thread_mgr_t::attach handle = 0x00005563d06a2a30, thread_id = 140683767690944, owner_thr = 0x00005563d062fff0, owner_id = 140684070937024, queue_size = 65536, this = 0x00005563d0627100
11/10/2025 19:32:00:108	UTIL	[43:43:2417156544]	INFO	thread_wrapper_t::create_channel(), bind_thr = 0x00005563d062fff0[140684070937024], read_capacity = 65536, write_capacity = 65536, this = 0x00005563d06a2a30
11/10/2025 19:32:00:110	UTIL	[43:43:2417156544]	INFO	o2o_msg_queue_t::o2o_msg_queue_t, notifier = 0x00005563d0622900, writer = 0x00005563d06a2a30[140683767690944], reader = 0x00005563d062fff0[140684070937024], capacity = 65536, mode = 0, this = 0x00005563d06afa70
11/10/2025 19:32:00:110	UTIL	[43:43:2417156544]	INFO	o2o_msg_queue_t::o2o_msg_queue_t, notifier = 0x00005563d06a6df0, writer = 0x00005563d062fff0[140684070937024], reader = 0x00005563d06a2a30[140683767690944], capacity = 65536, mode = 1, this = 0x00005563d06afcb0
11/10/2025 19:32:00:110	UTIL	[43:43:2417156544]	INFO	thread_wrapper_t::bind_queue  , self_id = 140684070937024, bind_thr = 0x00005563d06a2a30[140683767690944], r_queue = 0x00005563d06afad8, w_queue = 0x00005563d06afd20, this = 0x00005563d062fff0
11/10/2025 19:32:00:110	UTIL	[43:43:2417156544]	INFO	thread_wrapper_t::bind_queue  , self_id = 140683767690944, bind_thr = 0x00005563d062fff0[140684070937024], r_queue = 0x00005563d06afd18, w_queue = 0x00005563d06afae0, this = 0x00005563d06a2a30
11/10/2025 19:32:00:110	UTIL	[43:43:2417156544]	INFO	thread_wrapper_t::create_channel(), bind_thr = 0x00005563d066ff60[140684038620864], read_capacity = 65536, write_capacity = 65536, this = 0x00005563d06a2a30
11/10/2025 19:32:00:111	UTIL	[43:43:2417156544]	INFO	o2o_msg_queue_t::o2o_msg_queue_t, notifier = 0x00005563d066dce0, writer = 0x00005563d06a2a30[140683767690944], reader = 0x00005563d066ff60[140684038620864], capacity = 65536, mode = 1, this = 0x00005563d06b0350
11/10/2025 19:32:00:111	UTIL	[43:43:2417156544]	INFO	o2o_msg_queue_t::o2o_msg_queue_t, notifier = 0x00005563d06a6df0, writer = 0x00005563d066ff60[140684038620864], reader = 0x00005563d06a2a30[140683767690944], capacity = 65536, mode = 1, this = 0x00005563d06b0590
11/10/2025 19:32:00:111	UTIL	[43:43:2417156544]	INFO	thread_wrapper_t::send_ctrl_msg msg = 0x00005563d06b07d0, (uint64_t)m_id = 0, timeout = -1, this = 0x00005563d06a2a30
11/10/2025 19:32:00:111	UTIL	[43:57:2113910464]	INFO	poll_t::loop () begin, working = 0x00005563d06a2a30, this = 0x00005563d06a6ff0
11/10/2025 19:32:00:111	UTIL	[43:57:2113910464]	INFO	thread_io_t::init_tls() thread_id = 140683767690944, this = 0x00005563d06a2a00
11/10/2025 19:32:00:111	UTIL	[43:57:2113910464]	INFO	thread_wrapper_t::init_tls(), m_thread_manager = 0x00005563d0627100, this = 0x00005563d06a2a30
11/10/2025 19:32:00:111	UTIL	[43:57:2113910464]	INFO	thread_mgr_t::register_tls, thr = 0x00005563d06a2a30, tls = true, this = 0x00005563d0627100
11/10/2025 19:32:00:111	UTIL	[43:57:2113910464]	INFO	thread_wrapper_t::start_alive_check() timer = 0x0000000000000000, m_interact_timer = true, this = 0x00005563d06a2a30
11/10/2025 19:32:00:111	UTIL	[43:57:2113910464]	INFO	timer_queue_t::timer_queue_t() , sink = 0x00005563d06a2a68, min_interval = 204800, this = 0x00007ff360001070
11/10/2025 19:32:00:111	UTIL	[43:57:2113910464]	INFO	thread_wrapper_t::create_ch_msg_t::on_message from = 0x00005563d06a2a30, to = 0x00005563d066ff60, this = 0x00005563d06b07d0
11/10/2025 19:32:00:111	UTIL	[43:57:2113910464]	INFO	thread_wrapper_t::bind_queue  , self_id = 140684038620864, bind_thr = 0x00005563d06a2a30[140683767690944], r_queue = 0x00005563d06b03b8, w_queue = 0x00005563d06b0600, this = 0x00005563d066ff60
11/10/2025 19:32:00:111	UTIL	[43:43:2417156544]	INFO	thread_wrapper_t::bind_queue  , self_id = 140683767690944, bind_thr = 0x00005563d066ff60[140684038620864], r_queue = 0x00005563d06b05f8, w_queue = 0x00005563d06b03c0, this = 0x00005563d06a2a30
11/10/2025 19:32:00:111	UTIL	[43:43:2417156544]	INFO	thread_wrapper_t::create_channel(), bind_thr = 0x00005563d06a2a30[140683767690944], read_capacity = 65536, write_capacity = 65536, this = 0x00005563d06a2a30
11/10/2025 19:32:00:112	UTIL	[43:43:2417156544]	INFO	o2o_msg_queue_t::o2o_msg_queue_t, notifier = 0x00005563d06a6df0, writer = 0x00005563d06a2a30[140683767690944], reader = 0x00005563d06a2a30[140683767690944], capacity = 65536, mode = 1, this = 0x00005563d06b0c90
11/10/2025 19:32:00:113	UTIL	[43:43:2417156544]	INFO	o2o_msg_queue_t::o2o_msg_queue_t, notifier = 0x00005563d06a6df0, writer = 0x00005563d06a2a30[140683767690944], reader = 0x00005563d06a2a30[140683767690944], capacity = 65536, mode = 1, this = 0x00005563d06b0ed0
11/10/2025 19:32:00:113	UTIL	[43:43:2417156544]	INFO	thread_wrapper_t::send_ctrl_msg msg = 0x00005563d06b1110, (uint64_t)m_id = 140683767690944, timeout = -1, this = 0x00005563d06a2a30
11/10/2025 19:32:00:113	UTIL	[43:57:2113910464]	INFO	thread_wrapper_t::create_ch_msg_t::on_message from = 0x00005563d06a2a30, to = 0x00005563d06a2a30, this = 0x00005563d06b1110
11/10/2025 19:32:00:113	UTIL	[43:57:2113910464]	INFO	thread_wrapper_t::bind_queue  , self_id = 140683767690944, bind_thr = 0x00005563d06a2a30[140683767690944], r_queue = 0x00005563d06b0cf8, w_queue = 0x00005563d06b0f40, this = 0x00005563d06a2a30
11/10/2025 19:32:00:113	UTIL	[43:43:2417156544]	INFO	thread_wrapper_t::bind_queue  , self_id = 140683767690944, bind_thr = 0x00005563d06a2a30[140683767690944], r_queue = 0x00005563d06b0f38, w_queue = 0x00005563d06b0d00, this = 0x00005563d06a2a30
11/10/2025 19:32:00:113	UTIL	[43:43:2417156544]	INFO	thread_wrapper_t::bind_queue bind_thr = 0x00005563d06a2a30 already be existed, skip it, this = 0x00005563d06a2a30
11/10/2025 19:32:00:113	UTIL	[43:43:2417156544]	INFO	thread_wrapper_t::adjust_timer_precision, m_timer_precision = 50, new_timer_precision = 50, this = 0x00005563d06a2a30
11/10/2025 19:32:00:113	UTIL	[43:43:2417156544]	INFO	thread_mgr_t::spawn, mode = 01000004, w_queue_size = 65536, type = 1028, interact_timer = true, thr_name = zoom.im.index, bind_mask = 4294967295, use_ext_timer_drv = false, notifier = 0x0000000000000000, this = 0x00005563d0627100
11/10/2025 19:32:00:113	UTIL	[43:43:2417156544]	INFO	thread_wrapper_t::thread_wrapper_t, mode = 01000004, id = 0, type = 1028, thr_manager = 0x00005563d0627100, waits = 1, interact_timer = true, m_timer_precision = 50, this = 0x00005563d06b17d0
11/10/2025 19:32:00:113	UTIL	[43:43:2417156544]	INFO	msg_queue_t::msg_queue_t notifier = , notifier = 0x0000000000000000, writer = 0x0000000000000000, capacity = 1024, mode = 1, this = 0x00005563d06b1a80
11/10/2025 19:32:00:113	UTIL	[43:43:2417156544]	INFO	thread_wrapper_t::thread_wrapper_t ctrl queue size = 1024, this = 0x00005563d06b17d0
11/10/2025 19:32:00:113	UTIL	[43:43:2417156544]	INFO	thread_io_t::thread_io_t(), mode = 01000004, type = 1028, queue size = 65536, this = 0x00005563d06b17a0
11/10/2025 19:32:00:113	UTIL	[43:43:2417156544]	INFO	thread_io_t::open_notifier, waits = 1, this = 0x00005563d06b17a0
11/10/2025 19:32:00:113	UTIL	[43:43:2417156544]	INFO	msg_queue_base_t::open_notifier, m_notifier = 0x0000000000000000, notifier = 0x00005563d06b5f30, this = 0x00005563d06b1aa0
11/10/2025 19:32:00:113	UTIL	[43:43:2417156544]	INFO	thread_io_t::thread_run(), id = 0, args = 0x0000000000000000, this = 0x00005563d06b17a0
11/10/2025 19:32:00:113	UTIL	[43:43:2417156544]	INFO	io_repo_t::io_repo_t, m_working = 0x00005563d06b17d0, max_io_fds = 1024, this = 0x00005563d06b6190
11/10/2025 19:32:00:113	UTIL	[43:43:2417156544]	INFO	notifier_handler_t::notifier_handler_t, io_container = 0x00005563d06b61900x00005563d06b5f30, this = 0x00005563d067e0e0
11/10/2025 19:32:00:113	UTIL	[43:43:2417156544]	INFO	poll_t::poll_t register, fd = 22, es.first = 00000000000000000000000000000011, this = 0x00005563d06b6190
11/10/2025 19:32:00:113	UTIL	[43:43:2417156544]	INFO	io_repo_t::start(), m_stop = true, this = 0x00005563d06b6190
11/10/2025 19:32:00:113	UTIL	[43:43:2417156544]	INFO	thread_mgr_t::attach handle = 0x00005563d06b17d0, thread_id = 140683759298240, owner_thr = 0x00005563d062fff0, owner_id = 140684070937024, queue_size = 65536, this = 0x00005563d0627100
11/10/2025 19:32:00:113	UTIL	[43:43:2417156544]	INFO	thread_wrapper_t::create_channel(), bind_thr = 0x00005563d062fff0[140684070937024], read_capacity = 65536, write_capacity = 65536, this = 0x00005563d06b17d0
11/10/2025 19:32:00:113	UTIL	[43:43:2417156544]	INFO	o2o_msg_queue_t::o2o_msg_queue_t, notifier = 0x00005563d0622900, writer = 0x00005563d06b17d0[140683759298240], reader = 0x00005563d062fff0[140684070937024], capacity = 65536, mode = 0, this = 0x00005563d06bec10
11/10/2025 19:32:00:113	UTIL	[43:43:2417156544]	INFO	o2o_msg_queue_t::o2o_msg_queue_t, notifier = 0x00005563d06b5f30, writer = 0x00005563d062fff0[140684070937024], reader = 0x00005563d06b17d0[140683759298240], capacity = 65536, mode = 1, this = 0x00005563d06bee50
11/10/2025 19:32:00:113	UTIL	[43:43:2417156544]	INFO	thread_wrapper_t::bind_queue  , self_id = 140684070937024, bind_thr = 0x00005563d06b17d0[140683759298240], r_queue = 0x00005563d06bec78, w_queue = 0x00005563d06beec0, this = 0x00005563d062fff0
11/10/2025 19:32:00:113	UTIL	[43:43:2417156544]	INFO	thread_wrapper_t::bind_queue  , self_id = 140683759298240, bind_thr = 0x00005563d062fff0[140684070937024], r_queue = 0x00005563d06beeb8, w_queue = 0x00005563d06bec80, this = 0x00005563d06b17d0
11/10/2025 19:32:00:113	UTIL	[43:43:2417156544]	INFO	thread_wrapper_t::create_channel(), bind_thr = 0x00005563d066ff60[140684038620864], read_capacity = 65536, write_capacity = 65536, this = 0x00005563d06b17d0
11/10/2025 19:32:00:113	UTIL	[43:43:2417156544]	INFO	o2o_msg_queue_t::o2o_msg_queue_t, notifier = 0x00005563d066dce0, writer = 0x00005563d06b17d0[140683759298240], reader = 0x00005563d066ff60[140684038620864], capacity = 65536, mode = 1, this = 0x00005563d06bf4f0
11/10/2025 19:32:00:114	UTIL	[43:43:2417156544]	INFO	o2o_msg_queue_t::o2o_msg_queue_t, notifier = 0x00005563d06b5f30, writer = 0x00005563d066ff60[140684038620864], reader = 0x00005563d06b17d0[140683759298240], capacity = 65536, mode = 1, this = 0x00005563d06bf730
11/10/2025 19:32:00:114	UTIL	[43:43:2417156544]	INFO	thread_wrapper_t::send_ctrl_msg msg = 0x00005563d06bf970, (uint64_t)m_id = 0, timeout = -1, this = 0x00005563d06b17d0
11/10/2025 19:32:00:114	UTIL	[43:58:2105517760]	INFO	poll_t::loop () begin, working = 0x00005563d06b17d0, this = 0x00005563d06b6190
11/10/2025 19:32:00:114	UTIL	[43:58:2105517760]	INFO	thread_io_t::init_tls() thread_id = 140683759298240, this = 0x00005563d06b17a0
11/10/2025 19:32:00:114	UTIL	[43:58:2105517760]	INFO	thread_wrapper_t::init_tls(), m_thread_manager = 0x00005563d0627100, this = 0x00005563d06b17d0
11/10/2025 19:32:00:114	UTIL	[43:58:2105517760]	INFO	thread_mgr_t::register_tls, thr = 0x00005563d06b17d0, tls = true, this = 0x00005563d0627100
11/10/2025 19:32:00:114	UTIL	[43:58:2105517760]	INFO	thread_wrapper_t::start_alive_check() timer = 0x0000000000000000, m_interact_timer = true, this = 0x00005563d06b17d0
11/10/2025 19:32:00:114	UTIL	[43:58:2105517760]	INFO	timer_queue_t::timer_queue_t() , sink = 0x00005563d06b1808, min_interval = 204800, this = 0x00007ff358001070
11/10/2025 19:32:00:114	UTIL	[43:58:2105517760]	INFO	thread_wrapper_t::create_ch_msg_t::on_message from = 0x00005563d06b17d0, to = 0x00005563d066ff60, this = 0x00005563d06bf970
11/10/2025 19:32:00:114	UTIL	[43:58:2105517760]	INFO	thread_wrapper_t::bind_queue  , self_id = 140684038620864, bind_thr = 0x00005563d06b17d0[140683759298240], r_queue = 0x00005563d06bf558, w_queue = 0x00005563d06bf7a0, this = 0x00005563d066ff60
11/10/2025 19:32:00:114	UTIL	[43:43:2417156544]	INFO	thread_wrapper_t::bind_queue  , self_id = 140683759298240, bind_thr = 0x00005563d066ff60[140684038620864], r_queue = 0x00005563d06bf798, w_queue = 0x00005563d06bf560, this = 0x00005563d06b17d0
11/10/2025 19:32:00:114	UTIL	[43:43:2417156544]	INFO	thread_wrapper_t::create_channel(), bind_thr = 0x00005563d06a2a30[140683767690944], read_capacity = 65536, write_capacity = 65536, this = 0x00005563d06b17d0
11/10/2025 19:32:00:114	UTIL	[43:43:2417156544]	INFO	o2o_msg_queue_t::o2o_msg_queue_t, notifier = 0x00005563d06a6df0, writer = 0x00005563d06b17d0[140683759298240], reader = 0x00005563d06a2a30[140683767690944], capacity = 65536, mode = 1, this = 0x00005563d06bfe30
11/10/2025 19:32:00:115	UTIL	[43:43:2417156544]	INFO	o2o_msg_queue_t::o2o_msg_queue_t, notifier = 0x00005563d06b5f30, writer = 0x00005563d06a2a30[140683767690944], reader = 0x00005563d06b17d0[140683759298240], capacity = 65536, mode = 1, this = 0x00005563d06c0070
11/10/2025 19:32:00:115	UTIL	[43:43:2417156544]	INFO	thread_wrapper_t::send_ctrl_msg msg = 0x00005563d06c02b0, (uint64_t)m_id = 140683759298240, timeout = -1, this = 0x00005563d06b17d0
11/10/2025 19:32:00:115	UTIL	[43:58:2105517760]	INFO	thread_wrapper_t::create_ch_msg_t::on_message from = 0x00005563d06b17d0, to = 0x00005563d06a2a30, this = 0x00005563d06c02b0
11/10/2025 19:32:00:115	UTIL	[43:58:2105517760]	INFO	thread_wrapper_t::bind_queue  , self_id = 140683767690944, bind_thr = 0x00005563d06b17d0[140683759298240], r_queue = 0x00005563d06bfe98, w_queue = 0x00005563d06c00e0, this = 0x00005563d06a2a30
11/10/2025 19:32:00:116	UTIL	[43:43:2417156544]	INFO	thread_wrapper_t::bind_queue  , self_id = 140683759298240, bind_thr = 0x00005563d06a2a30[140683767690944], r_queue = 0x00005563d06c00d8, w_queue = 0x00005563d06bfea0, this = 0x00005563d06b17d0
11/10/2025 19:32:00:116	UTIL	[43:43:2417156544]	INFO	thread_wrapper_t::create_channel(), bind_thr = 0x00005563d06b17d0[140683759298240], read_capacity = 65536, write_capacity = 65536, this = 0x00005563d06b17d0
11/10/2025 19:32:00:129	UTIL	[43:43:2417156544]	INFO	o2o_msg_queue_t::o2o_msg_queue_t, notifier = 0x00005563d06b5f30, writer = 0x00005563d06b17d0[140683759298240], reader = 0x00005563d06b17d0[140683759298240], capacity = 65536, mode = 1, this = 0x00005563d06c0780
11/10/2025 19:32:00:129	UTIL	[43:43:2417156544]	INFO	o2o_msg_queue_t::o2o_msg_queue_t, notifier = 0x00005563d06b5f30, writer = 0x00005563d06b17d0[140683759298240], reader = 0x00005563d06b17d0[140683759298240], capacity = 65536, mode = 1, this = 0x00005563d06c09c0
11/10/2025 19:32:00:129	UTIL	[43:43:2417156544]	INFO	thread_wrapper_t::send_ctrl_msg msg = 0x00005563d06c0c00, (uint64_t)m_id = 140683759298240, timeout = -1, this = 0x00005563d06b17d0
11/10/2025 19:32:00:129	UTIL	[43:58:2105517760]	INFO	thread_wrapper_t::create_ch_msg_t::on_message from = 0x00005563d06b17d0, to = 0x00005563d06b17d0, this = 0x00005563d06c0c00
11/10/2025 19:32:00:129	UTIL	[43:58:2105517760]	INFO	thread_wrapper_t::bind_queue  , self_id = 140683759298240, bind_thr = 0x00005563d06b17d0[140683759298240], r_queue = 0x00005563d06c07e8, w_queue = 0x00005563d06c0a30, this = 0x00005563d06b17d0
11/10/2025 19:32:00:132	UTIL	[43:43:2417156544]	INFO	thread_wrapper_t::bind_queue  , self_id = 140683759298240, bind_thr = 0x00005563d06b17d0[140683759298240], r_queue = 0x00005563d06c0a28, w_queue = 0x00005563d06c07f0, this = 0x00005563d06b17d0
11/10/2025 19:32:00:132	UTIL	[43:43:2417156544]	INFO	thread_wrapper_t::bind_queue bind_thr = 0x00005563d06b17d0 already be existed, skip it, this = 0x00005563d06b17d0
11/10/2025 19:32:00:132	UTIL	[43:43:2417156544]	INFO	thread_wrapper_t::adjust_timer_precision, m_timer_precision = 50, new_timer_precision = 50, this = 0x00005563d06b17d0
11/10/2025 19:32:00:384	UTIL	[43:43:2417156544]	INFO	UTIL_INIT  refer times = 5, module_id = 5, UTIL has been built on:Sep 19 2025 at 06:33:56 on branch release-client-6.6.x with commit ID 2583f48484aeb604c472d0a89b4ddc1f55
11/10/2025 19:32:00:384	UTIL	[43:43:2417156544]	INFO	register_logger  module_id = 5, module_name = MCM, max_level = 31, logger = 0x0000000000000000, mode = 3
11/10/2025 19:32:00:404	UTIL	[43:43:2417156544]	INFO	register_logger  module_id = 6, module_name = NYDUS, max_level = 31, logger = 0x0000000000000000, mode = 3
11/10/2025 19:32:00:404	UTIL	[43:43:2417156544]	INFO	timer_it::timer_it id = 0, own_thr = 0x0000000000000000, this = 0x00005563d06c46a0
11/10/2025 19:32:00:404	UTIL	[43:43:2417156544]	INFO	timer_it::timer_it id = 0, own_thr = 0x0000000000000000, this = 0x00005563d06de5c0
11/10/2025 19:32:00:404	UTIL	[43:43:2417156544]	INFO	thread_mgr_t::spawn, mode = 00000008, w_queue_size = 8192, type = 1024, interact_timer = true, thr_name = , bind_mask = 4294967295, use_ext_timer_drv = false, notifier = 0x0000000000000000, this = 0x00005563d0627100
11/10/2025 19:32:00:404	UTIL	[43:43:2417156544]	INFO	thread_mgr_t::spawn already has an instance for the thread, return it directly, thread id = 140684070937024, this = 0x00005563d0627100
11/10/2025 19:32:00:643	UTIL	[43:43:2417156544]	INFO	timer_it::add_timer sink = 0x00005563d06f2df8, interval = 12800, times = 0, is_exact = true, this = 0x00005563d06c46a0
11/10/2025 19:32:00:643	UTIL	[43:43:2417156544]	INFO	timer_it::add_timer sink = 0x00005563d06f2df8, interval = 3840, times = 0, is_exact = true, this = 0x00005563d06de5c0
