11/10/2025 19:31:34:798	UTIL	[43:43:3346387392]	INFO	thread_mgr_t ::thread_mgr_t(),Mon,10 Nov 2025 19:31:34 GMT, preset_owner_thr = false, this = 0x000055be53582100
11/10/2025 19:31:34:799	UTIL	[43:43:3346387392]	INFO	new_i8_allocator_t::new_i8_allocator_t, m_page_size = 4096, this = 0x000055be5357ef10
11/10/2025 19:31:34:799	UTIL	[43:43:3346387392]	INFO	UTIL_INIT  refer , s_init_times = 1, module_id = 9, description = UTIL has been built on:Sep 19 2025 at 06:33:56 on branch release-client-6.6.x with commit ID 2583f48484aeb604c472d0a89b4ddc1f55, dir = , filename = , pext = log, max_size = 41943040, max_idx = 99
11/10/2025 19:31:34:799	UTIL	[43:43:3346387392]	INFO	set_timer_driver, setup_call = 0x00007f4ce2f603b0, remove_call = 0x00007f4ce2f60290
11/10/2025 19:31:34:799	UTIL	[43:43:3346387392]	INFO	thread_mgr_t::spawn, mode = 02000008, w_queue_size = 8192, type = 0, interact_timer = true, thr_name = , bind_mask = 4294967295, use_ext_timer_drv = true, notifier = 0x000055be5357d900, this = 0x000055be53582100
11/10/2025 19:31:34:799	UTIL	[43:43:3346387392]	INFO	thread_wrapper_t::thread_wrapper_t, mode = 02000008, id = 0, type = 0, thr_manager = 0x000055be53582100, waits = 0, interact_timer = true, m_timer_precision = 50, this = 0x000055be5358aff0
11/10/2025 19:31:34:799	UTIL	[43:43:3346387392]	INFO	msg_queue_t::msg_queue_t notifier = , notifier = 0x000055be5357d900, writer = 0x0000000000000000, capacity = 1024, mode = 0, this = 0x000055be53580880
11/10/2025 19:31:34:799	UTIL	[43:43:3346387392]	INFO	thread_wrapper_t::thread_wrapper_t ctrl queue size = 1024, this = 0x000055be5358aff0
11/10/2025 19:31:34:799	UTIL	[43:43:3346387392]	INFO	thread_wrapper_t::init_tls(), m_thread_manager = 0x000055be53582100, this = 0x000055be5358aff0
11/10/2025 19:31:34:799	UTIL	[43:43:3346387392]	INFO	thread_mgr_t::register_tls, thr = 0x000055be5358aff0, tls = true, this = 0x000055be53582100
11/10/2025 19:31:34:799	UTIL	[43:43:3346387392]	INFO	thread_wrapper_t::start_alive_check() timer = 0x0000000000000000, m_interact_timer = true, this = 0x000055be5358aff0
11/10/2025 19:31:34:799	UTIL	[43:43:3346387392]	INFO	timer_queue_t::timer_queue_t() , sink = 0x000055be5358b028, min_interval = 204800, this = 0x000055be5358ab80
11/10/2025 19:31:34:799	UTIL	[43:43:3346387392]	INFO	thread_wrapper_t::open_notifier, waits = 0, m_notify = 0x000055be5357d900, this = 0x000055be5358aff0
11/10/2025 19:31:34:799	UTIL	[43:43:3346387392]	INFO	msg_queue_base_t::open_notifier, m_notifier = 0x000055be5357d900, notifier = 0x000055be5357d900, this = 0x000055be535808a0
11/10/2025 19:31:34:799	UTIL	[43:43:3346387392]	INFO	thread_mgr_t::attach handle = 0x000055be5358aff0, thread_id = 139967740629440, owner_thr = 0x000055be5358aff0, owner_id = 139967740629440, queue_size = 8192, this = 0x000055be53582100
11/10/2025 19:31:34:799	UTIL	[43:43:3346387392]	INFO	thread_wrapper_t::create_channel(), bind_thr = 0x000055be5358aff0[139967740629440], read_capacity = 8192, write_capacity = 8192, this = 0x000055be5358aff0
11/10/2025 19:31:34:799	UTIL	[43:43:3346387392]	INFO	o2o_msg_queue_t::o2o_msg_queue_t, notifier = 0x000055be5357d900, writer = 0x000055be5358aff0[139967740629440], reader = 0x000055be5358aff0[139967740629440], capacity = 8192, mode = 0, this = 0x000055be5357ed10
11/10/2025 19:31:34:799	UTIL	[43:43:3346387392]	INFO	o2o_msg_queue_t::o2o_msg_queue_t, notifier = 0x000055be5357d900, writer = 0x000055be5358aff0[139967740629440], reader = 0x000055be5358aff0[139967740629440], capacity = 8192, mode = 0, this = 0x000055be53581e10
11/10/2025 19:31:34:799	UTIL	[43:43:3346387392]	INFO	thread_wrapper_t::bind_queue  , self_id = 139967740629440, bind_thr = 0x000055be5358aff0[139967740629440], r_queue = 0x000055be5357ed78, w_queue = 0x000055be53581e80, this = 0x000055be5358aff0
11/10/2025 19:31:34:800	UTIL	[43:43:3346387392]	INFO	thread_wrapper_t::bind_queue  , self_id = 139967740629440, bind_thr = 0x000055be5358aff0[139967740629440], r_queue = 0x000055be53581e78, w_queue = 0x000055be5357ed80, this = 0x000055be5358aff0
11/10/2025 19:31:34:800	UTIL	[43:43:3346387392]	INFO	thread_wrapper_t::bind_queue bind_thr = 0x000055be5358aff0 already be existed, skip it, this = 0x000055be5358aff0
11/10/2025 19:31:34:800	UTIL	[43:43:3346387392]	INFO	thread_wrapper_t::adjust_timer_precision, m_timer_precision = 50, new_timer_precision = 50, this = 0x000055be5358aff0
11/10/2025 19:31:34:800	UTIL	[43:43:3346387392]	INFO	register_logger  module_id = 1057, module_name = zoomtask, max_level = 31, logger = 0x0000000000000000, mode = 3
11/10/2025 19:31:34:849	UTIL	[43:43:3346387392]	INFO	UTIL_INIT  refer times = 2, module_id = 1057, UTIL has been built on:Sep 19 2025 at 06:33:56 on branch release-client-6.6.x with commit ID 2583f48484aeb604c472d0a89b4ddc1f55
11/10/2025 19:31:34:849	UTIL	[43:43:3346387392]	INFO	register_logger  module_id = 1057, module_name = ZoomTask, max_level = 31, logger = 0x0000000000000000, mode = 3
11/10/2025 19:31:34:991	UTIL	[43:43:3346387392]	INFO	UTIL_INIT  refer times = 3, module_id = 2, UTIL has been built on:Sep 19 2025 at 06:33:56 on branch release-client-6.6.x with commit ID 2583f48484aeb604c472d0a89b4ddc1f55
11/10/2025 19:31:35:002	UTIL	[43:43:3346387392]	INFO	timer_it::timer_it id = 0, own_thr = 0x0000000000000000, this = 0x000055be53582858
11/10/2025 19:31:35:002	UTIL	[43:43:3346387392]	INFO	thread_mgr_t::spawn, mode = 01000004, w_queue_size = 0, type = 3, interact_timer = true, thr_name = zoom.dns, bind_mask = 0, use_ext_timer_drv = false, notifier = 0x0000000000000000, this = 0x000055be53582100
11/10/2025 19:31:35:002	UTIL	[43:43:3346387392]	INFO	thread_wrapper_t::thread_wrapper_t, mode = 01000004, id = 0, type = 3, thr_manager = 0x000055be53582100, waits = 1, interact_timer = true, m_timer_precision = 50, this = 0x000055be535cb230
11/10/2025 19:31:35:003	UTIL	[43:43:3346387392]	INFO	msg_queue_t::msg_queue_t notifier = , notifier = 0x0000000000000000, writer = 0x0000000000000000, capacity = 1024, mode = 1, this = 0x000055be535cb690
11/10/2025 19:31:35:003	UTIL	[43:43:3346387392]	INFO	thread_wrapper_t::thread_wrapper_t ctrl queue size = 1024, this = 0x000055be535cb230
11/10/2025 19:31:35:003	UTIL	[43:43:3346387392]	INFO	thread_io_t::thread_io_t(), mode = 01000004, type = 3, queue size = 0, this = 0x000055be535cb200
11/10/2025 19:31:35:003	UTIL	[43:43:3346387392]	INFO	thread_io_t::open_notifier, waits = 1, this = 0x000055be535cb200
11/10/2025 19:31:35:003	UTIL	[43:43:3346387392]	INFO	msg_queue_base_t::open_notifier, m_notifier = 0x0000000000000000, notifier = 0x000055be535c8fb0, this = 0x000055be535cb6b0
11/10/2025 19:31:35:003	UTIL	[43:43:3346387392]	INFO	thread_io_t::thread_run(), id = 0, args = 0x0000000000000000, this = 0x000055be535cb200
11/10/2025 19:31:35:003	UTIL	[43:43:3346387392]	INFO	io_repo_t::io_repo_t, m_working = 0x000055be535cb230, max_io_fds = 1024, this = 0x000055be535cfc50
11/10/2025 19:31:35:003	UTIL	[43:43:3346387392]	INFO	notifier_handler_t::notifier_handler_t, io_container = 0x000055be535cfc500x000055be535c8fb0, this = 0x000055be535d7de0
11/10/2025 19:31:35:003	UTIL	[43:43:3346387392]	INFO	poll_t::poll_t register, fd = 11, es.first = 00000000000000000000000000000011, this = 0x000055be535cfc50
11/10/2025 19:31:35:003	UTIL	[43:43:3346387392]	INFO	io_repo_t::start(), m_stop = true, this = 0x000055be535cfc50
11/10/2025 19:31:35:003	UTIL	[43:43:3346387392]	INFO	thread_mgr_t::spawn only has control message queue for this thread, this = 0x000055be53582100
11/10/2025 19:31:35:003	UTIL	[43:43:3346387392]	FATAL	assert: msg[thread_wrapper_t::create_channel bind thread should valid!, bind_thr = 0x0000000000000000] file[/home/jenkins/agent/workspace/Client/Client/DMT/linux/release/tp_util/util/src/thread.cpp], line = [1122]
11/10/2025 19:31:35:003	UTIL	[43:43:3346387392]	INFO	thread_wrapper_t::adjust_timer_precision, m_timer_precision = 50, new_timer_precision = 50, this = 0x000055be535cb230
11/10/2025 19:31:35:003	UTIL	[43:43:3346387392]	INFO	timer_it::timer_it id = 0, own_thr = 0x0000000000000000, this = 0x000055be535d88a0
11/10/2025 19:31:35:003	UTIL	[43:43:3346387392]	INFO	timer_it::add_timer sink = 0x000055be53582730, interval = 100, times = 0, is_exact = true, this = 0x000055be535d88a0
11/10/2025 19:31:35:003	UTIL	[43:49:3314071232]	INFO	poll_t::loop () begin, working = 0x000055be535cb230, this = 0x000055be535cfc50
11/10/2025 19:31:35:005	UTIL	[43:49:3314071232]	INFO	thread_io_t::init_tls() thread_id = 139967708313280, this = 0x000055be535cb200
11/10/2025 19:31:35:005	UTIL	[43:49:3314071232]	INFO	thread_wrapper_t::init_tls(), m_thread_manager = 0x000055be53582100, this = 0x000055be535cb230
11/10/2025 19:31:35:005	UTIL	[43:49:3314071232]	INFO	thread_mgr_t::register_tls, thr = 0x000055be535cb230, tls = true, this = 0x000055be53582100
11/10/2025 19:31:35:005	UTIL	[43:49:3314071232]	INFO	thread_wrapper_t::start_alive_check() timer = 0x0000000000000000, m_interact_timer = true, this = 0x000055be535cb230
11/10/2025 19:31:35:005	UTIL	[43:49:3314071232]	INFO	timer_queue_t::timer_queue_t() , sink = 0x000055be535cb268, min_interval = 204800, this = 0x00007f4cbc001070
11/10/2025 19:31:35:009	UTIL	[43:43:3346387392]	INFO	UTIL_INIT  refer times = 4, module_id = 9, UTIL has been built on:Sep 19 2025 at 06:33:56 on branch release-client-6.6.x with commit ID 2583f48484aeb604c472d0a89b4ddc1f55
11/10/2025 19:31:35:017	UTIL	[43:43:3346387392]	INFO	thread_mgr_t::spawn, mode = 01000004, w_queue_size = 65536, type = 1027, interact_timer = true, thr_name = zoom.db, bind_mask = 4294967295, use_ext_timer_drv = false, notifier = 0x0000000000000000, this = 0x000055be53582100
11/10/2025 19:31:35:017	UTIL	[43:43:3346387392]	INFO	thread_wrapper_t::thread_wrapper_t, mode = 01000004, id = 0, type = 1027, thr_manager = 0x000055be53582100, waits = 1, interact_timer = true, m_timer_precision = 50, this = 0x000055be535fdd60
11/10/2025 19:31:35:018	UTIL	[43:43:3346387392]	INFO	msg_queue_t::msg_queue_t notifier = , notifier = 0x0000000000000000, writer = 0x0000000000000000, capacity = 1024, mode = 1, this = 0x000055be535f1eb0
11/10/2025 19:31:35:018	UTIL	[43:43:3346387392]	INFO	thread_wrapper_t::thread_wrapper_t ctrl queue size = 1024, this = 0x000055be535fdd60
11/10/2025 19:31:35:018	UTIL	[43:43:3346387392]	INFO	thread_io_t::thread_io_t(), mode = 01000004, type = 1027, queue size = 65536, this = 0x000055be535fdd30
11/10/2025 19:31:35:018	UTIL	[43:43:3346387392]	INFO	thread_io_t::open_notifier, waits = 1, this = 0x000055be535fdd30
11/10/2025 19:31:35:018	UTIL	[43:43:3346387392]	INFO	msg_queue_base_t::open_notifier, m_notifier = 0x0000000000000000, notifier = 0x000055be53602120, this = 0x000055be535f1ed0
11/10/2025 19:31:35:018	UTIL	[43:43:3346387392]	INFO	thread_io_t::thread_run(), id = 0, args = 0x0000000000000000, this = 0x000055be535fdd30
11/10/2025 19:31:35:018	UTIL	[43:43:3346387392]	INFO	io_repo_t::io_repo_t, m_working = 0x000055be535fdd60, max_io_fds = 1024, this = 0x000055be53602320
11/10/2025 19:31:35:018	UTIL	[43:43:3346387392]	INFO	notifier_handler_t::notifier_handler_t, io_container = 0x000055be536023200x000055be53602120, this = 0x000055be535f3770
11/10/2025 19:31:35:018	UTIL	[43:43:3346387392]	INFO	poll_t::poll_t register, fd = 20, es.first = 00000000000000000000000000000011, this = 0x000055be53602320
11/10/2025 19:31:35:018	UTIL	[43:43:3346387392]	INFO	io_repo_t::start(), m_stop = true, this = 0x000055be53602320
11/10/2025 19:31:35:018	UTIL	[43:43:3346387392]	INFO	thread_mgr_t::attach handle = 0x000055be535fdd60, thread_id = 139967439283904, owner_thr = 0x000055be5358aff0, owner_id = 139967740629440, queue_size = 65536, this = 0x000055be53582100
11/10/2025 19:31:35:018	UTIL	[43:43:3346387392]	INFO	thread_wrapper_t::create_channel(), bind_thr = 0x000055be5358aff0[139967740629440], read_capacity = 65536, write_capacity = 65536, this = 0x000055be535fdd60
11/10/2025 19:31:35:018	UTIL	[43:57:3045041856]	INFO	poll_t::loop () begin, working = 0x000055be535fdd60, this = 0x000055be53602320
11/10/2025 19:31:35:028	UTIL	[43:57:3045041856]	INFO	thread_io_t::init_tls() thread_id = 139967439283904, this = 0x000055be535fdd30
11/10/2025 19:31:35:028	UTIL	[43:57:3045041856]	INFO	thread_wrapper_t::init_tls(), m_thread_manager = 0x000055be53582100, this = 0x000055be535fdd60
11/10/2025 19:31:35:028	UTIL	[43:57:3045041856]	INFO	thread_mgr_t::register_tls, thr = 0x000055be535fdd60, tls = true, this = 0x000055be53582100
11/10/2025 19:31:35:028	UTIL	[43:57:3045041856]	INFO	thread_wrapper_t::start_alive_check() timer = 0x0000000000000000, m_interact_timer = true, this = 0x000055be535fdd60
11/10/2025 19:31:35:028	UTIL	[43:57:3045041856]	INFO	timer_queue_t::timer_queue_t() , sink = 0x000055be535fdd98, min_interval = 204800, this = 0x00007f4c90001070
11/10/2025 19:31:35:070	UTIL	[43:43:3346387392]	INFO	o2o_msg_queue_t::o2o_msg_queue_t, notifier = 0x000055be5357d900, writer = 0x000055be535fdd60[139967439283904], reader = 0x000055be5358aff0[139967740629440], capacity = 65536, mode = 0, this = 0x000055be5360ada0
11/10/2025 19:31:35:071	UTIL	[43:43:3346387392]	INFO	o2o_msg_queue_t::o2o_msg_queue_t, notifier = 0x000055be53602120, writer = 0x000055be5358aff0[139967740629440], reader = 0x000055be535fdd60[139967439283904], capacity = 65536, mode = 1, this = 0x000055be5360afe0
11/10/2025 19:31:35:071	UTIL	[43:43:3346387392]	INFO	thread_wrapper_t::bind_queue  , self_id = 139967740629440, bind_thr = 0x000055be535fdd60[139967439283904], r_queue = 0x000055be5360ae08, w_queue = 0x000055be5360b050, this = 0x000055be5358aff0
11/10/2025 19:31:35:071	UTIL	[43:43:3346387392]	INFO	thread_wrapper_t::bind_queue  , self_id = 139967439283904, bind_thr = 0x000055be5358aff0[139967740629440], r_queue = 0x000055be5360b048, w_queue = 0x000055be5360ae10, this = 0x000055be535fdd60
11/10/2025 19:31:35:071	UTIL	[43:43:3346387392]	INFO	thread_wrapper_t::create_channel(), bind_thr = 0x000055be535cb230[139967708313280], read_capacity = 65536, write_capacity = 65536, this = 0x000055be535fdd60
11/10/2025 19:31:35:071	UTIL	[43:43:3346387392]	INFO	o2o_msg_queue_t::o2o_msg_queue_t, notifier = 0x000055be535c8fb0, writer = 0x000055be535fdd60[139967439283904], reader = 0x000055be535cb230[139967708313280], capacity = 65536, mode = 1, this = 0x000055be5360b680
11/10/2025 19:31:35:072	UTIL	[43:43:3346387392]	INFO	o2o_msg_queue_t::o2o_msg_queue_t, notifier = 0x000055be53602120, writer = 0x000055be535cb230[139967708313280], reader = 0x000055be535fdd60[139967439283904], capacity = 65536, mode = 1, this = 0x000055be5360b8c0
11/10/2025 19:31:35:072	UTIL	[43:43:3346387392]	INFO	thread_wrapper_t::send_ctrl_msg msg = 0x000055be5360bb00, (uint64_t)m_id = 139967439283904, timeout = -1, this = 0x000055be535fdd60
11/10/2025 19:31:35:072	UTIL	[43:57:3045041856]	INFO	thread_wrapper_t::create_ch_msg_t::on_message from = 0x000055be535fdd60, to = 0x000055be535cb230, this = 0x000055be5360bb00
11/10/2025 19:31:35:072	UTIL	[43:57:3045041856]	INFO	thread_wrapper_t::bind_queue  , self_id = 139967708313280, bind_thr = 0x000055be535fdd60[139967439283904], r_queue = 0x000055be5360b6e8, w_queue = 0x000055be5360b930, this = 0x000055be535cb230
11/10/2025 19:31:35:072	UTIL	[43:43:3346387392]	INFO	thread_wrapper_t::bind_queue  , self_id = 139967439283904, bind_thr = 0x000055be535cb230[139967708313280], r_queue = 0x000055be5360b928, w_queue = 0x000055be5360b6f0, this = 0x000055be535fdd60
11/10/2025 19:31:35:072	UTIL	[43:43:3346387392]	INFO	thread_wrapper_t::create_channel(), bind_thr = 0x000055be535fdd60[139967439283904], read_capacity = 65536, write_capacity = 65536, this = 0x000055be535fdd60
11/10/2025 19:31:35:072	UTIL	[43:43:3346387392]	INFO	o2o_msg_queue_t::o2o_msg_queue_t, notifier = 0x000055be53602120, writer = 0x000055be535fdd60[139967439283904], reader = 0x000055be535fdd60[139967439283904], capacity = 65536, mode = 1, this = 0x000055be5360bf00
11/10/2025 19:31:35:072	UTIL	[43:43:3346387392]	INFO	o2o_msg_queue_t::o2o_msg_queue_t, notifier = 0x000055be53602120, writer = 0x000055be535fdd60[139967439283904], reader = 0x000055be535fdd60[139967439283904], capacity = 65536, mode = 1, this = 0x000055be5360c140
11/10/2025 19:31:35:072	UTIL	[43:43:3346387392]	INFO	thread_wrapper_t::send_ctrl_msg msg = 0x000055be5360c380, (uint64_t)m_id = 139967439283904, timeout = -1, this = 0x000055be535fdd60
11/10/2025 19:31:35:073	UTIL	[43:57:3045041856]	INFO	thread_wrapper_t::create_ch_msg_t::on_message from = 0x000055be535fdd60, to = 0x000055be535fdd60, this = 0x000055be5360c380
11/10/2025 19:31:35:073	UTIL	[43:57:3045041856]	INFO	thread_wrapper_t::bind_queue  , self_id = 139967439283904, bind_thr = 0x000055be535fdd60[139967439283904], r_queue = 0x000055be5360bf68, w_queue = 0x000055be5360c1b0, this = 0x000055be535fdd60
11/10/2025 19:31:35:073	UTIL	[43:43:3346387392]	INFO	thread_wrapper_t::bind_queue  , self_id = 139967439283904, bind_thr = 0x000055be535fdd60[139967439283904], r_queue = 0x000055be5360c1a8, w_queue = 0x000055be5360bf70, this = 0x000055be535fdd60
11/10/2025 19:31:35:073	UTIL	[43:43:3346387392]	INFO	thread_wrapper_t::bind_queue bind_thr = 0x000055be535fdd60 already be existed, skip it, this = 0x000055be535fdd60
11/10/2025 19:31:35:073	UTIL	[43:43:3346387392]	INFO	thread_wrapper_t::adjust_timer_precision, m_timer_precision = 50, new_timer_precision = 50, this = 0x000055be535fdd60
11/10/2025 19:31:35:073	UTIL	[43:43:3346387392]	INFO	thread_mgr_t::spawn, mode = 01000004, w_queue_size = 65536, type = 1028, interact_timer = true, thr_name = zoom.im.index, bind_mask = 4294967295, use_ext_timer_drv = false, notifier = 0x0000000000000000, this = 0x000055be53582100
11/10/2025 19:31:35:073	UTIL	[43:43:3346387392]	INFO	thread_wrapper_t::thread_wrapper_t, mode = 01000004, id = 0, type = 1028, thr_manager = 0x000055be53582100, waits = 1, interact_timer = true, m_timer_precision = 50, this = 0x000055be5360cb10
11/10/2025 19:31:35:073	UTIL	[43:43:3346387392]	INFO	msg_queue_t::msg_queue_t notifier = , notifier = 0x0000000000000000, writer = 0x0000000000000000, capacity = 1024, mode = 1, this = 0x000055be5360cdc0
11/10/2025 19:31:35:073	UTIL	[43:43:3346387392]	INFO	thread_wrapper_t::thread_wrapper_t ctrl queue size = 1024, this = 0x000055be5360cb10
11/10/2025 19:31:35:073	UTIL	[43:43:3346387392]	INFO	thread_io_t::thread_io_t(), mode = 01000004, type = 1028, queue size = 65536, this = 0x000055be5360cae0
11/10/2025 19:31:35:073	UTIL	[43:43:3346387392]	INFO	thread_io_t::open_notifier, waits = 1, this = 0x000055be5360cae0
11/10/2025 19:31:35:074	UTIL	[43:43:3346387392]	INFO	msg_queue_base_t::open_notifier, m_notifier = 0x0000000000000000, notifier = 0x000055be53611270, this = 0x000055be5360cde0
11/10/2025 19:31:35:074	UTIL	[43:43:3346387392]	INFO	thread_io_t::thread_run(), id = 0, args = 0x0000000000000000, this = 0x000055be5360cae0
11/10/2025 19:31:35:074	UTIL	[43:43:3346387392]	INFO	io_repo_t::io_repo_t, m_working = 0x000055be5360cb10, max_io_fds = 1024, this = 0x000055be536114d0
11/10/2025 19:31:35:074	UTIL	[43:43:3346387392]	INFO	notifier_handler_t::notifier_handler_t, io_container = 0x000055be536114d00x000055be53611270, this = 0x000055be535d9410
11/10/2025 19:31:35:074	UTIL	[43:43:3346387392]	INFO	poll_t::poll_t register, fd = 22, es.first = 00000000000000000000000000000011, this = 0x000055be536114d0
11/10/2025 19:31:35:074	UTIL	[43:43:3346387392]	INFO	io_repo_t::start(), m_stop = true, this = 0x000055be536114d0
11/10/2025 19:31:35:074	UTIL	[43:43:3346387392]	INFO	thread_mgr_t::attach handle = 0x000055be5360cb10, thread_id = 139967429826240, owner_thr = 0x000055be5358aff0, owner_id = 139967740629440, queue_size = 65536, this = 0x000055be53582100
11/10/2025 19:31:35:074	UTIL	[43:43:3346387392]	INFO	thread_wrapper_t::create_channel(), bind_thr = 0x000055be5358aff0[139967740629440], read_capacity = 65536, write_capacity = 65536, this = 0x000055be5360cb10
11/10/2025 19:31:35:074	UTIL	[43:43:3346387392]	INFO	o2o_msg_queue_t::o2o_msg_queue_t, notifier = 0x000055be5357d900, writer = 0x000055be5360cb10[139967429826240], reader = 0x000055be5358aff0[139967740629440], capacity = 65536, mode = 0, this = 0x000055be53619f50
11/10/2025 19:31:35:074	UTIL	[43:43:3346387392]	INFO	o2o_msg_queue_t::o2o_msg_queue_t, notifier = 0x000055be53611270, writer = 0x000055be5358aff0[139967740629440], reader = 0x000055be5360cb10[139967429826240], capacity = 65536, mode = 1, this = 0x000055be5361a190
11/10/2025 19:31:35:074	UTIL	[43:43:3346387392]	INFO	thread_wrapper_t::bind_queue  , self_id = 139967740629440, bind_thr = 0x000055be5360cb10[139967429826240], r_queue = 0x000055be53619fb8, w_queue = 0x000055be5361a200, this = 0x000055be5358aff0
11/10/2025 19:31:35:074	UTIL	[43:43:3346387392]	INFO	thread_wrapper_t::bind_queue  , self_id = 139967429826240, bind_thr = 0x000055be5358aff0[139967740629440], r_queue = 0x000055be5361a1f8, w_queue = 0x000055be53619fc0, this = 0x000055be5360cb10
11/10/2025 19:31:35:074	UTIL	[43:43:3346387392]	INFO	thread_wrapper_t::create_channel(), bind_thr = 0x000055be535cb230[139967708313280], read_capacity = 65536, write_capacity = 65536, this = 0x000055be5360cb10
11/10/2025 19:31:35:075	UTIL	[43:43:3346387392]	INFO	o2o_msg_queue_t::o2o_msg_queue_t, notifier = 0x000055be535c8fb0, writer = 0x000055be5360cb10[139967429826240], reader = 0x000055be535cb230[139967708313280], capacity = 65536, mode = 1, this = 0x000055be5361a830
11/10/2025 19:31:35:075	UTIL	[43:43:3346387392]	INFO	o2o_msg_queue_t::o2o_msg_queue_t, notifier = 0x000055be53611270, writer = 0x000055be535cb230[139967708313280], reader = 0x000055be5360cb10[139967429826240], capacity = 65536, mode = 1, this = 0x000055be5361aa70
11/10/2025 19:31:35:075	UTIL	[43:43:3346387392]	INFO	thread_wrapper_t::send_ctrl_msg msg = 0x000055be5361acb0, (uint64_t)m_id = 0, timeout = -1, this = 0x000055be5360cb10
11/10/2025 19:31:35:108	UTIL	[43:58:3035584192]	INFO	poll_t::loop () begin, working = 0x000055be5360cb10, this = 0x000055be536114d0
11/10/2025 19:31:35:108	UTIL	[43:58:3035584192]	INFO	thread_io_t::init_tls() thread_id = 139967429826240, this = 0x000055be5360cae0
11/10/2025 19:31:35:108	UTIL	[43:58:3035584192]	INFO	thread_wrapper_t::init_tls(), m_thread_manager = 0x000055be53582100, this = 0x000055be5360cb10
11/10/2025 19:31:35:108	UTIL	[43:58:3035584192]	INFO	thread_mgr_t::register_tls, thr = 0x000055be5360cb10, tls = true, this = 0x000055be53582100
11/10/2025 19:31:35:108	UTIL	[43:58:3035584192]	INFO	thread_wrapper_t::start_alive_check() timer = 0x0000000000000000, m_interact_timer = true, this = 0x000055be5360cb10
11/10/2025 19:31:35:109	UTIL	[43:58:3035584192]	INFO	timer_queue_t::timer_queue_t() , sink = 0x000055be5360cb48, min_interval = 204800, this = 0x00007f4c94001070
11/10/2025 19:31:35:110	UTIL	[43:58:3035584192]	INFO	thread_wrapper_t::create_ch_msg_t::on_message from = 0x000055be5360cb10, to = 0x000055be535cb230, this = 0x000055be5361acb0
11/10/2025 19:31:35:110	UTIL	[43:58:3035584192]	INFO	thread_wrapper_t::bind_queue  , self_id = 139967708313280, bind_thr = 0x000055be5360cb10[139967429826240], r_queue = 0x000055be5361a898, w_queue = 0x000055be5361aae0, this = 0x000055be535cb230
11/10/2025 19:31:35:110	UTIL	[43:43:3346387392]	INFO	thread_wrapper_t::bind_queue  , self_id = 139967429826240, bind_thr = 0x000055be535cb230[139967708313280], r_queue = 0x000055be5361aad8, w_queue = 0x000055be5361a8a0, this = 0x000055be5360cb10
11/10/2025 19:31:35:134	UTIL	[43:43:3346387392]	INFO	thread_wrapper_t::create_channel(), bind_thr = 0x000055be535fdd60[139967439283904], read_capacity = 65536, write_capacity = 65536, this = 0x000055be5360cb10
11/10/2025 19:31:35:207	UTIL	[43:43:3346387392]	INFO	o2o_msg_queue_t::o2o_msg_queue_t, notifier = 0x000055be53602120, writer = 0x000055be5360cb10[139967429826240], reader = 0x000055be535fdd60[139967439283904], capacity = 65536, mode = 1, this = 0x000055be5361b170
11/10/2025 19:31:35:220	UTIL	[43:43:3346387392]	INFO	o2o_msg_queue_t::o2o_msg_queue_t, notifier = 0x000055be53611270, writer = 0x000055be535fdd60[139967439283904], reader = 0x000055be5360cb10[139967429826240], capacity = 65536, mode = 1, this = 0x000055be5361b3b0
11/10/2025 19:31:35:220	UTIL	[43:43:3346387392]	INFO	thread_wrapper_t::send_ctrl_msg msg = 0x000055be5361b5f0, (uint64_t)m_id = 139967429826240, timeout = -1, this = 0x000055be5360cb10
11/10/2025 19:31:35:220	UTIL	[43:58:3035584192]	INFO	thread_wrapper_t::create_ch_msg_t::on_message from = 0x000055be5360cb10, to = 0x000055be535fdd60, this = 0x000055be5361b5f0
11/10/2025 19:31:35:220	UTIL	[43:58:3035584192]	INFO	thread_wrapper_t::bind_queue  , self_id = 139967439283904, bind_thr = 0x000055be5360cb10[139967429826240], r_queue = 0x000055be5361b1d8, w_queue = 0x000055be5361b420, this = 0x000055be535fdd60
11/10/2025 19:31:35:222	UTIL	[43:43:3346387392]	INFO	thread_wrapper_t::bind_queue  , self_id = 139967429826240, bind_thr = 0x000055be535fdd60[139967439283904], r_queue = 0x000055be5361b418, w_queue = 0x000055be5361b1e0, this = 0x000055be5360cb10
11/10/2025 19:31:35:222	UTIL	[43:43:3346387392]	INFO	thread_wrapper_t::create_channel(), bind_thr = 0x000055be5360cb10[139967429826240], read_capacity = 65536, write_capacity = 65536, this = 0x000055be5360cb10
11/10/2025 19:31:35:234	UTIL	[43:43:3346387392]	INFO	o2o_msg_queue_t::o2o_msg_queue_t, notifier = 0x000055be53611270, writer = 0x000055be5360cb10[139967429826240], reader = 0x000055be5360cb10[139967429826240], capacity = 65536, mode = 1, this = 0x000055be5361ba40
11/10/2025 19:31:35:235	UTIL	[43:43:3346387392]	INFO	o2o_msg_queue_t::o2o_msg_queue_t, notifier = 0x000055be53611270, writer = 0x000055be5360cb10[139967429826240], reader = 0x000055be5360cb10[139967429826240], capacity = 65536, mode = 1, this = 0x000055be5361bc80
11/10/2025 19:31:35:235	UTIL	[43:43:3346387392]	INFO	thread_wrapper_t::send_ctrl_msg msg = 0x000055be5361bec0, (uint64_t)m_id = 139967429826240, timeout = -1, this = 0x000055be5360cb10
11/10/2025 19:31:35:343	UTIL	[43:58:3035584192]	INFO	thread_wrapper_t::create_ch_msg_t::on_message from = 0x000055be5360cb10, to = 0x000055be5360cb10, this = 0x000055be5361bec0
11/10/2025 19:31:35:343	UTIL	[43:58:3035584192]	INFO	thread_wrapper_t::bind_queue  , self_id = 139967429826240, bind_thr = 0x000055be5360cb10[139967429826240], r_queue = 0x000055be5361baa8, w_queue = 0x000055be5361bcf0, this = 0x000055be5360cb10
11/10/2025 19:31:35:343	UTIL	[43:43:3346387392]	INFO	thread_wrapper_t::bind_queue  , self_id = 139967429826240, bind_thr = 0x000055be5360cb10[139967429826240], r_queue = 0x000055be5361bce8, w_queue = 0x000055be5361bab0, this = 0x000055be5360cb10
11/10/2025 19:31:35:343	UTIL	[43:43:3346387392]	INFO	thread_wrapper_t::bind_queue bind_thr = 0x000055be5360cb10 already be existed, skip it, this = 0x000055be5360cb10
11/10/2025 19:31:35:343	UTIL	[43:43:3346387392]	INFO	thread_wrapper_t::adjust_timer_precision, m_timer_precision = 50, new_timer_precision = 50, this = 0x000055be5360cb10
11/10/2025 19:31:35:613	UTIL	[43:43:3346387392]	INFO	UTIL_INIT  refer times = 5, module_id = 5, UTIL has been built on:Sep 19 2025 at 06:33:56 on branch release-client-6.6.x with commit ID 2583f48484aeb604c472d0a89b4ddc1f55
11/10/2025 19:31:35:613	UTIL	[43:43:3346387392]	INFO	register_logger  module_id = 5, module_name = MCM, max_level = 31, logger = 0x0000000000000000, mode = 3
11/10/2025 19:31:36:109	UTIL	[43:43:3346387392]	INFO	register_logger  module_id = 6, module_name = NYDUS, max_level = 31, logger = 0x0000000000000000, mode = 3
11/10/2025 19:31:36:290	UTIL	[43:43:3346387392]	INFO	timer_it::timer_it id = 0, own_thr = 0x0000000000000000, this = 0x000055be5361fbf0
11/10/2025 19:31:36:290	UTIL	[43:43:3346387392]	INFO	timer_it::timer_it id = 0, own_thr = 0x0000000000000000, this = 0x000055be53639de0
11/10/2025 19:31:36:290	UTIL	[43:43:3346387392]	INFO	thread_mgr_t::spawn, mode = 00000008, w_queue_size = 8192, type = 1024, interact_timer = true, thr_name = , bind_mask = 4294967295, use_ext_timer_drv = false, notifier = 0x0000000000000000, this = 0x000055be53582100
11/10/2025 19:31:36:290	UTIL	[43:43:3346387392]	INFO	thread_mgr_t::spawn already has an instance for the thread, return it directly, thread id = 139967740629440, this = 0x000055be53582100
11/10/2025 19:31:36:475	UTIL	[43:43:3346387392]	INFO	timer_it::add_timer sink = 0x000055be5364e618, interval = 12800, times = 0, is_exact = true, this = 0x000055be5361fbf0
11/10/2025 19:31:36:475	UTIL	[43:43:3346387392]	INFO	timer_it::add_timer sink = 0x000055be5364e618, interval = 3840, times = 0, is_exact = true, this = 0x000055be53639de0
11/10/2025 19:32:26:818	UTIL	[43:43:3346387392]	INFO	mlog_file::init mid:1069 size:1048576 shmem:false ret:0 this:0x000055be536da658
11/10/2025 19:32:30:283	UTIL	[43:43:3346387392]	INFO	mlog_file::init mid:1027 size:1048576 shmem:false ret:0 this:0x000055be536e3468
11/10/2025 19:32:30:443	UTIL	[43:43:3346387392]	INFO	mlog_file::init mid:1008 size:1048576 shmem:false ret:0 this:0x000055be536e3578
11/10/2025 19:32:30:701	UTIL	[43:43:3346387392]	INFO	mlog_file::init mid:1030 size:1048576 shmem:false ret:0 this:0x000055be537a7968
11/10/2025 19:32:32:503	UTIL	[43:43:3346387392]	INFO	mlog_file::init mid:1028 size:1048576 shmem:false ret:0 this:0x000055be53837d78
11/10/2025 19:32:32:506	UTIL	[43:43:3346387392]	INFO	register_logger  module_id = 3, module_name = SDK, max_level = 31, logger = 0x0000000000000000, mode = 3
11/10/2025 19:32:32:591	UTIL	[43:43:3346387392]	INFO	thread_mgr_t::spawn, mode = 00000008, w_queue_size = 8192, type = 1024, interact_timer = true, thr_name = , bind_mask = 4294967295, use_ext_timer_drv = false, notifier = 0x0000000000000000, this = 0x000055be53582100
11/10/2025 19:32:32:591	UTIL	[43:43:3346387392]	INFO	thread_mgr_t::spawn already has an instance for the thread, return it directly, thread id = 139967740629440, this = 0x000055be53582100
11/10/2025 19:32:32:592	UTIL	[43:43:3346387392]	INFO	timer_it::timer_it id = 0, own_thr = 0x0000000000000000, this = 0x000055be536d2928
11/10/2025 19:32:32:592	UTIL	[43:43:3346387392]	INFO	thread_mgr_t::spawn, mode = 00000008, w_queue_size = 8192, type = 1024, interact_timer = true, thr_name = , bind_mask = 4294967295, use_ext_timer_drv = false, notifier = 0x0000000000000000, this = 0x000055be53582100
11/10/2025 19:32:32:592	UTIL	[43:43:3346387392]	INFO	thread_mgr_t::spawn already has an instance for the thread, return it directly, thread id = 139967740629440, this = 0x000055be53582100
11/10/2025 19:32:32:592	UTIL	[43:43:3346387392]	INFO	timer_it::timer_it id = 0, own_thr = 0x0000000000000000, this = 0x000055be5384a348
11/10/2025 19:32:32:592	UTIL	[43:43:3346387392]	INFO	timer_it::timer_it id = 0, own_thr = 0x0000000000000000, this = 0x000055be5384a3c8
11/10/2025 19:32:32:592	UTIL	[43:43:3346387392]	INFO	timer_it::timer_it id = 0, own_thr = 0x0000000000000000, this = 0x000055be5384a448
11/10/2025 19:32:32:592	UTIL	[43:43:3346387392]	INFO	timer_it::timer_it id = 0, own_thr = 0x0000000000000000, this = 0x000055be5384a4c8
11/10/2025 19:32:32:592	UTIL	[43:43:3346387392]	INFO	timer_it::timer_it id = 0, own_thr = 0x0000000000000000, this = 0x000055be5384a548
11/10/2025 19:32:32:592	UTIL	[43:43:3346387392]	INFO	timer_it::timer_it id = 0, own_thr = 0x0000000000000000, this = 0x000055be5384a5c8
11/10/2025 19:32:32:592	UTIL	[43:43:3346387392]	INFO	timer_it::timer_it id = 0, own_thr = 0x0000000000000000, this = 0x000055be5384a648
11/10/2025 19:32:32:592	UTIL	[43:43:3346387392]	INFO	timer_it::timer_it id = 0, own_thr = 0x0000000000000000, this = 0x000055be5384a6c8
11/10/2025 19:32:32:592	UTIL	[43:43:3346387392]	INFO	timer_it::timer_it id = 0, own_thr = 0x0000000000000000, this = 0x000055be5384a748
11/10/2025 19:32:32:592	UTIL	[43:43:3346387392]	INFO	timer_it::timer_it id = 0, own_thr = 0x0000000000000000, this = 0x000055be5384a7c8
11/10/2025 19:32:32:592	UTIL	[43:43:3346387392]	INFO	timer_it::timer_it id = 0, own_thr = 0x0000000000000000, this = 0x000055be5384a848
11/10/2025 19:32:32:592	UTIL	[43:43:3346387392]	INFO	timer_it::timer_it id = 0, own_thr = 0x0000000000000000, this = 0x000055be5384a8c8
11/10/2025 19:32:32:592	UTIL	[43:43:3346387392]	INFO	thread_mgr_t::spawn, mode = 00000008, w_queue_size = 8192, type = 1024, interact_timer = true, thr_name = , bind_mask = 4294967295, use_ext_timer_drv = false, notifier = 0x0000000000000000, this = 0x000055be53582100
11/10/2025 19:32:32:592	UTIL	[43:43:3346387392]	INFO	thread_mgr_t::spawn already has an instance for the thread, return it directly, thread id = 139967740629440, this = 0x000055be53582100
11/10/2025 19:32:32:592	UTIL	[43:43:3346387392]	INFO	timer_it::timer_it id = 0, own_thr = 0x0000000000000000, this = 0x000055be5384d440
11/10/2025 19:32:32:592	UTIL	[43:43:3346387392]	INFO	thread_mgr_t::spawn, mode = 00000008, w_queue_size = 8192, type = 1024, interact_timer = true, thr_name = , bind_mask = 4294967295, use_ext_timer_drv = false, notifier = 0x0000000000000000, this = 0x000055be53582100
11/10/2025 19:32:32:592	UTIL	[43:43:3346387392]	INFO	thread_mgr_t::spawn already has an instance for the thread, return it directly, thread id = 139967740629440, this = 0x000055be53582100
11/10/2025 19:32:32:594	UTIL	[43:43:3346387392]	INFO	timer_it::add_timer sink = 0x000055be53837fd0, interval = 1280, times = 0, is_exact = true, this = 0x000055be5384a548
11/10/2025 19:32:32:594	UTIL	[43:43:3346387392]	INFO	timer_it::add_timer sink = 0x000055be53837fd0, interval = 1280, times = 0, is_exact = true, this = 0x000055be5384a5c8
11/10/2025 19:32:32:595	UTIL	[43:43:3346387392]	INFO	timer_it::timer_it id = 0, own_thr = 0x0000000000000000, this = 0x000055be53852f10
11/10/2025 19:32:32:595	UTIL	[43:43:3346387392]	INFO	timer_it::timer_it id = 0, own_thr = 0x0000000000000000, this = 0x000055be53852f90
11/10/2025 19:32:32:595	UTIL	[43:43:3346387392]	INFO	timer_it::timer_it id = 0, own_thr = 0x0000000000000000, this = 0x000055be53853010
11/10/2025 19:32:32:595	UTIL	[43:43:3346387392]	INFO	timer_it::timer_it id = 0, own_thr = 0x0000000000000000, this = 0x000055be53853090
11/10/2025 19:32:32:595	UTIL	[43:43:3346387392]	INFO	timer_it::timer_it id = 0, own_thr = 0x0000000000000000, this = 0x000055be538544c0
11/10/2025 19:32:32:595	UTIL	[43:43:3346387392]	INFO	thread_mgr_t::spawn, mode = 00000008, w_queue_size = 8192, type = 1024, interact_timer = true, thr_name = , bind_mask = 4294967295, use_ext_timer_drv = false, notifier = 0x0000000000000000, this = 0x000055be53582100
11/10/2025 19:32:32:595	UTIL	[43:43:3346387392]	INFO	thread_mgr_t::spawn already has an instance for the thread, return it directly, thread id = 139967740629440, this = 0x000055be53582100
11/10/2025 19:32:32:595	UTIL	[43:43:3346387392]	INFO	mlog_file::init mid:1004 size:1048576 shmem:false ret:0 this:0x000055be53856e28
11/10/2025 19:32:32:603	UTIL	[43:43:3346387392]	INFO	UTIL_INIT  refer times = 6, module_id = 0, UTIL has been built on:Sep 19 2025 at 06:33:56 on branch release-client-6.6.x with commit ID 2583f48484aeb604c472d0a89b4ddc1f55
11/10/2025 19:32:32:604	UTIL	[43:43:3346387392]	INFO	register_logger  module_id = 8, module_name = AUDIOSDK, max_level = 31, logger = 0x0000000000000000, mode = 3
11/10/2025 19:32:32:605	UTIL	[43:43:3346387392]	INFO	timer_it::timer_it id = 0, own_thr = 0x0000000000000000, this = 0x00007f4ca12d3c40
11/10/2025 19:32:32:605	UTIL	[43:43:3346387392]	INFO	timer_it::timer_it id = 0, own_thr = 0x0000000000000000, this = 0x00007f4ca12d3cc0
11/10/2025 19:32:32:605	UTIL	[43:43:3346387392]	INFO	timer_it::timer_it id = 0, own_thr = 0x0000000000000000, this = 0x00007f4ca12d3d40
11/10/2025 19:32:32:605	UTIL	[43:43:3346387392]	INFO	timer_it::timer_it id = 0, own_thr = 0x0000000000000000, this = 0x00007f4ca12d3dc0
11/10/2025 19:32:32:609	UTIL	[43:43:3346387392]	INFO	mlog_file::init mid:1018 size:1048576 shmem:false ret:0 this:0x000055be538577a8
11/10/2025 19:32:33:846	UTIL	[43:43:3346387392]	INFO	timer_it::add_timer sink = 0x00007f4ca12d3050, interval = 100, times = 0, is_exact = true, this = 0x00007f4ca12d3c40
11/10/2025 19:32:33:846	UTIL	[43:43:3346387392]	INFO	timer_it::add_timer sink = 0x00007f4ca12d3050, interval = 6400, times = 0, is_exact = true, this = 0x00007f4ca12d3cc0
11/10/2025 19:32:33:846	UTIL	[43:43:3346387392]	INFO	timer_it::add_timer sink = 0x00007f4ca12d3050, interval = 1000, times = 0, is_exact = true, this = 0x00007f4ca12d3d40
11/10/2025 19:32:33:846	UTIL	[43:43:3346387392]	INFO	timer_it::add_timer sink = 0x00007f4ca12d3050, interval = 3600000, times = 0, is_exact = true, this = 0x00007f4ca12d3dc0
11/10/2025 19:32:33:882	UTIL	[43:43:3346387392]	INFO	mlog_file::init mid:1007 size:1048576 shmem:false ret:0 this:0x000055be5401d768
11/10/2025 19:32:33:883	UTIL	[43:43:3346387392]	INFO	thread_mgr_t::spawn, mode = 00000008, w_queue_size = 8192, type = 1024, interact_timer = true, thr_name = , bind_mask = 4294967295, use_ext_timer_drv = false, notifier = 0x0000000000000000, this = 0x000055be53582100
11/10/2025 19:32:33:883	UTIL	[43:43:3346387392]	INFO	thread_mgr_t::spawn already has an instance for the thread, return it directly, thread id = 139967740629440, this = 0x000055be53582100
11/10/2025 19:32:33:884	UTIL	[43:43:3346387392]	INFO	thread_mgr_t::spawn, mode = 00000008, w_queue_size = 8192, type = 1024, interact_timer = true, thr_name = , bind_mask = 4294967295, use_ext_timer_drv = false, notifier = 0x0000000000000000, this = 0x000055be53582100
11/10/2025 19:32:33:884	UTIL	[43:43:3346387392]	INFO	thread_mgr_t::spawn already has an instance for the thread, return it directly, thread id = 139967740629440, this = 0x000055be53582100
11/10/2025 19:32:33:906	UTIL	[43:43:3346387392]	INFO	thread_mgr_t::spawn, mode = 00000008, w_queue_size = 8192, type = 1024, interact_timer = true, thr_name = , bind_mask = 4294967295, use_ext_timer_drv = false, notifier = 0x0000000000000000, this = 0x000055be53582100
11/10/2025 19:32:33:906	UTIL	[43:43:3346387392]	INFO	thread_mgr_t::spawn already has an instance for the thread, return it directly, thread id = 139967740629440, this = 0x000055be53582100
