11/10/2025 19:31:33:276	UTIL	[43:43:84693440]	INFO	thread_mgr_t ::thread_mgr_t(),Mon,10 Nov 2025 19:31:33 GMT, preset_owner_thr = false, this = 0x0000562e353d9180
11/10/2025 19:31:33:276	UTIL	[43:43:84693440]	INFO	new_i8_allocator_t::new_i8_allocator_t, m_page_size = 4096, this = 0x0000562e353d5f10
11/10/2025 19:31:33:276	UTIL	[43:43:84693440]	INFO	UTIL_INIT  refer , s_init_times = 1, module_id = 9, description = UTIL has been built on:Sep 19 2025 at 06:33:56 on branch release-client-6.6.x with commit ID 2583f48484aeb604c472d0a89b4ddc1f55, dir = , filename = , pext = log, max_size = 41943040, max_idx = 99
11/10/2025 19:31:33:276	UTIL	[43:43:84693440]	INFO	set_timer_driver, setup_call = 0x00007f00209603b0, remove_call = 0x00007f0020960290
11/10/2025 19:31:33:276	UTIL	[43:43:84693440]	INFO	thread_mgr_t::spawn, mode = 02000008, w_queue_size = 8192, type = 0, interact_timer = true, thr_name = , bind_mask = 4294967295, use_ext_timer_drv = true, notifier = 0x0000562e353d4900, this = 0x0000562e353d9180
11/10/2025 19:31:33:276	UTIL	[43:43:84693440]	INFO	thread_wrapper_t::thread_wrapper_t, mode = 02000008, id = 0, type = 0, thr_manager = 0x0000562e353d9180, waits = 0, interact_timer = true, m_timer_precision = 50, this = 0x0000562e353e1fe0
11/10/2025 19:31:33:276	UTIL	[43:43:84693440]	INFO	msg_queue_t::msg_queue_t notifier = , notifier = 0x0000562e353d4900, writer = 0x0000000000000000, capacity = 1024, mode = 0, this = 0x0000562e353d7870
11/10/2025 19:31:33:276	UTIL	[43:43:84693440]	INFO	thread_wrapper_t::thread_wrapper_t ctrl queue size = 1024, this = 0x0000562e353e1fe0
11/10/2025 19:31:33:276	UTIL	[43:43:84693440]	INFO	thread_wrapper_t::init_tls(), m_thread_manager = 0x0000562e353d9180, this = 0x0000562e353e1fe0
11/10/2025 19:31:33:276	UTIL	[43:43:84693440]	INFO	thread_mgr_t::register_tls, thr = 0x0000562e353e1fe0, tls = true, this = 0x0000562e353d9180
11/10/2025 19:31:33:276	UTIL	[43:43:84693440]	INFO	thread_wrapper_t::start_alive_check() timer = 0x0000000000000000, m_interact_timer = true, this = 0x0000562e353e1fe0
11/10/2025 19:31:33:276	UTIL	[43:43:84693440]	INFO	timer_queue_t::timer_queue_t() , sink = 0x0000562e353e2018, min_interval = 204800, this = 0x0000562e353e1b70
11/10/2025 19:31:33:276	UTIL	[43:43:84693440]	INFO	thread_wrapper_t::open_notifier, waits = 0, m_notify = 0x0000562e353d4900, this = 0x0000562e353e1fe0
11/10/2025 19:31:33:276	UTIL	[43:43:84693440]	INFO	msg_queue_base_t::open_notifier, m_notifier = 0x0000562e353d4900, notifier = 0x0000562e353d4900, this = 0x0000562e353d7890
11/10/2025 19:31:33:276	UTIL	[43:43:84693440]	INFO	thread_mgr_t::attach handle = 0x0000562e353e1fe0, thread_id = 139638061420992, owner_thr = 0x0000562e353e1fe0, owner_id = 139638061420992, queue_size = 8192, this = 0x0000562e353d9180
11/10/2025 19:31:33:276	UTIL	[43:43:84693440]	INFO	thread_wrapper_t::create_channel(), bind_thr = 0x0000562e353e1fe0[139638061420992], read_capacity = 8192, write_capacity = 8192, this = 0x0000562e353e1fe0
11/10/2025 19:31:33:276	UTIL	[43:43:84693440]	INFO	o2o_msg_queue_t::o2o_msg_queue_t, notifier = 0x0000562e353d4900, writer = 0x0000562e353e1fe0[139638061420992], reader = 0x0000562e353e1fe0[139638061420992], capacity = 8192, mode = 0, this = 0x0000562e353d5d10
11/10/2025 19:31:33:276	UTIL	[43:43:84693440]	INFO	o2o_msg_queue_t::o2o_msg_queue_t, notifier = 0x0000562e353d4900, writer = 0x0000562e353e1fe0[139638061420992], reader = 0x0000562e353e1fe0[139638061420992], capacity = 8192, mode = 0, this = 0x0000562e353d8e90
11/10/2025 19:31:33:276	UTIL	[43:43:84693440]	INFO	thread_wrapper_t::bind_queue  , self_id = 139638061420992, bind_thr = 0x0000562e353e1fe0[139638061420992], r_queue = 0x0000562e353d5d78, w_queue = 0x0000562e353d8f00, this = 0x0000562e353e1fe0
11/10/2025 19:31:33:276	UTIL	[43:43:84693440]	INFO	thread_wrapper_t::bind_queue  , self_id = 139638061420992, bind_thr = 0x0000562e353e1fe0[139638061420992], r_queue = 0x0000562e353d8ef8, w_queue = 0x0000562e353d5d80, this = 0x0000562e353e1fe0
11/10/2025 19:31:33:276	UTIL	[43:43:84693440]	INFO	thread_wrapper_t::bind_queue bind_thr = 0x0000562e353e1fe0 already be existed, skip it, this = 0x0000562e353e1fe0
11/10/2025 19:31:33:276	UTIL	[43:43:84693440]	INFO	thread_wrapper_t::adjust_timer_precision, m_timer_precision = 50, new_timer_precision = 50, this = 0x0000562e353e1fe0
11/10/2025 19:31:33:277	UTIL	[43:43:84693440]	INFO	register_logger  module_id = 1057, module_name = zoomtask, max_level = 31, logger = 0x0000000000000000, mode = 3
11/10/2025 19:31:33:277	UTIL	[43:43:84693440]	INFO	UTIL_INIT  refer times = 2, module_id = 1057, UTIL has been built on:Sep 19 2025 at 06:33:56 on branch release-client-6.6.x with commit ID 2583f48484aeb604c472d0a89b4ddc1f55
11/10/2025 19:31:33:277	UTIL	[43:43:84693440]	INFO	register_logger  module_id = 1057, module_name = ZoomTask, max_level = 31, logger = 0x0000000000000000, mode = 3
11/10/2025 19:31:33:521	UTIL	[43:43:84693440]	INFO	UTIL_INIT  refer times = 3, module_id = 2, UTIL has been built on:Sep 19 2025 at 06:33:56 on branch release-client-6.6.x with commit ID 2583f48484aeb604c472d0a89b4ddc1f55
11/10/2025 19:31:33:522	UTIL	[43:43:84693440]	INFO	timer_it::timer_it id = 0, own_thr = 0x0000000000000000, this = 0x0000562e353d98d8
11/10/2025 19:31:33:522	UTIL	[43:43:84693440]	INFO	thread_mgr_t::spawn, mode = 01000004, w_queue_size = 0, type = 3, interact_timer = true, thr_name = zoom.dns, bind_mask = 0, use_ext_timer_drv = false, notifier = 0x0000000000000000, this = 0x0000562e353d9180
11/10/2025 19:31:33:522	UTIL	[43:43:84693440]	INFO	thread_wrapper_t::thread_wrapper_t, mode = 01000004, id = 0, type = 3, thr_manager = 0x0000562e353d9180, waits = 1, interact_timer = true, m_timer_precision = 50, this = 0x0000562e35422070
11/10/2025 19:31:33:522	UTIL	[43:43:84693440]	INFO	msg_queue_t::msg_queue_t notifier = , notifier = 0x0000000000000000, writer = 0x0000000000000000, capacity = 1024, mode = 1, this = 0x0000562e354224d0
11/10/2025 19:31:33:522	UTIL	[43:43:84693440]	INFO	thread_wrapper_t::thread_wrapper_t ctrl queue size = 1024, this = 0x0000562e35422070
11/10/2025 19:31:33:522	UTIL	[43:43:84693440]	INFO	thread_io_t::thread_io_t(), mode = 01000004, type = 3, queue size = 0, this = 0x0000562e35422040
11/10/2025 19:31:33:522	UTIL	[43:43:84693440]	INFO	thread_io_t::open_notifier, waits = 1, this = 0x0000562e35422040
11/10/2025 19:31:33:523	UTIL	[43:43:84693440]	INFO	msg_queue_base_t::open_notifier, m_notifier = 0x0000000000000000, notifier = 0x0000562e3541fd60, this = 0x0000562e354224f0
11/10/2025 19:31:33:523	UTIL	[43:43:84693440]	INFO	thread_io_t::thread_run(), id = 0, args = 0x0000000000000000, this = 0x0000562e35422040
11/10/2025 19:31:33:523	UTIL	[43:43:84693440]	INFO	io_repo_t::io_repo_t, m_working = 0x0000562e35422070, max_io_fds = 1024, this = 0x0000562e354269f0
11/10/2025 19:31:33:523	UTIL	[43:43:84693440]	INFO	notifier_handler_t::notifier_handler_t, io_container = 0x0000562e354269f00x0000562e3541fd60, this = 0x0000562e3542eb70
11/10/2025 19:31:33:523	UTIL	[43:43:84693440]	INFO	poll_t::poll_t register, fd = 11, es.first = 00000000000000000000000000000011, this = 0x0000562e354269f0
11/10/2025 19:31:33:523	UTIL	[43:43:84693440]	INFO	io_repo_t::start(), m_stop = true, this = 0x0000562e354269f0
11/10/2025 19:31:33:523	UTIL	[43:43:84693440]	INFO	thread_mgr_t::spawn only has control message queue for this thread, this = 0x0000562e353d9180
11/10/2025 19:31:33:523	UTIL	[43:43:84693440]	FATAL	assert: msg[thread_wrapper_t::create_channel bind thread should valid!, bind_thr = 0x0000000000000000] file[/home/jenkins/agent/workspace/Client/Client/DMT/linux/release/tp_util/util/src/thread.cpp], line = [1122]
11/10/2025 19:31:33:523	UTIL	[43:43:84693440]	INFO	thread_wrapper_t::adjust_timer_precision, m_timer_precision = 50, new_timer_precision = 50, this = 0x0000562e35422070
11/10/2025 19:31:33:523	UTIL	[43:43:84693440]	INFO	timer_it::timer_it id = 0, own_thr = 0x0000000000000000, this = 0x0000562e3542f630
11/10/2025 19:31:33:523	UTIL	[43:43:84693440]	INFO	timer_it::add_timer sink = 0x0000562e353d97b0, interval = 100, times = 0, is_exact = true, this = 0x0000562e3542f630
11/10/2025 19:31:33:525	UTIL	[43:43:84693440]	INFO	UTIL_INIT  refer times = 4, module_id = 9, UTIL has been built on:Sep 19 2025 at 06:33:56 on branch release-client-6.6.x with commit ID 2583f48484aeb604c472d0a89b4ddc1f55
11/10/2025 19:31:33:525	UTIL	[43:43:84693440]	INFO	thread_mgr_t::spawn, mode = 01000004, w_queue_size = 65536, type = 1027, interact_timer = true, thr_name = zoom.db, bind_mask = 4294967295, use_ext_timer_drv = false, notifier = 0x0000000000000000, this = 0x0000562e353d9180
11/10/2025 19:31:33:526	UTIL	[43:43:84693440]	INFO	thread_wrapper_t::thread_wrapper_t, mode = 01000004, id = 0, type = 1027, thr_manager = 0x0000562e353d9180, waits = 1, interact_timer = true, m_timer_precision = 50, this = 0x0000562e35454ae0
11/10/2025 19:31:33:526	UTIL	[43:43:84693440]	INFO	msg_queue_t::msg_queue_t notifier = , notifier = 0x0000000000000000, writer = 0x0000000000000000, capacity = 1024, mode = 1, this = 0x0000562e35448c30
11/10/2025 19:31:33:526	UTIL	[43:43:84693440]	INFO	thread_wrapper_t::thread_wrapper_t ctrl queue size = 1024, this = 0x0000562e35454ae0
11/10/2025 19:31:33:526	UTIL	[43:43:84693440]	INFO	thread_io_t::thread_io_t(), mode = 01000004, type = 1027, queue size = 65536, this = 0x0000562e35454ab0
11/10/2025 19:31:33:526	UTIL	[43:43:84693440]	INFO	thread_io_t::open_notifier, waits = 1, this = 0x0000562e35454ab0
11/10/2025 19:31:33:526	UTIL	[43:43:84693440]	INFO	msg_queue_base_t::open_notifier, m_notifier = 0x0000000000000000, notifier = 0x0000562e353d7b50, this = 0x0000562e35448c50
11/10/2025 19:31:33:526	UTIL	[43:43:84693440]	INFO	thread_io_t::thread_run(), id = 0, args = 0x0000000000000000, this = 0x0000562e35454ab0
11/10/2025 19:31:33:526	UTIL	[43:43:84693440]	INFO	io_repo_t::io_repo_t, m_working = 0x0000562e35454ae0, max_io_fds = 1024, this = 0x0000562e35459060
11/10/2025 19:31:33:526	UTIL	[43:43:84693440]	INFO	notifier_handler_t::notifier_handler_t, io_container = 0x0000562e354590600x0000562e353d7b50, this = 0x0000562e3544a4f0
11/10/2025 19:31:33:526	UTIL	[43:43:84693440]	INFO	poll_t::poll_t register, fd = 20, es.first = 00000000000000000000000000000011, this = 0x0000562e35459060
11/10/2025 19:31:33:526	UTIL	[43:43:84693440]	INFO	io_repo_t::start(), m_stop = true, this = 0x0000562e35459060
11/10/2025 19:31:33:526	UTIL	[43:43:84693440]	INFO	thread_mgr_t::attach handle = 0x0000562e35454ae0, thread_id = 139637892830912, owner_thr = 0x0000562e353e1fe0, owner_id = 139638061420992, queue_size = 65536, this = 0x0000562e353d9180
11/10/2025 19:31:33:526	UTIL	[43:43:84693440]	INFO	thread_wrapper_t::create_channel(), bind_thr = 0x0000562e353e1fe0[139638061420992], read_capacity = 65536, write_capacity = 65536, this = 0x0000562e35454ae0
11/10/2025 19:31:33:526	UTIL	[43:43:84693440]	INFO	o2o_msg_queue_t::o2o_msg_queue_t, notifier = 0x0000562e353d4900, writer = 0x0000562e35454ae0[139637892830912], reader = 0x0000562e353e1fe0[139638061420992], capacity = 65536, mode = 0, this = 0x0000562e35461ad0
11/10/2025 19:31:33:526	UTIL	[43:43:84693440]	INFO	o2o_msg_queue_t::o2o_msg_queue_t, notifier = 0x0000562e353d7b50, writer = 0x0000562e353e1fe0[139638061420992], reader = 0x0000562e35454ae0[139637892830912], capacity = 65536, mode = 1, this = 0x0000562e35461d00
11/10/2025 19:31:33:526	UTIL	[43:43:84693440]	INFO	thread_wrapper_t::bind_queue  , self_id = 139638061420992, bind_thr = 0x0000562e35454ae0[139637892830912], r_queue = 0x0000562e35461b38, w_queue = 0x0000562e35461d70, this = 0x0000562e353e1fe0
11/10/2025 19:31:33:526	UTIL	[43:43:84693440]	INFO	thread_wrapper_t::bind_queue  , self_id = 139637892830912, bind_thr = 0x0000562e353e1fe0[139638061420992], r_queue = 0x0000562e35461d68, w_queue = 0x0000562e35461b40, this = 0x0000562e35454ae0
11/10/2025 19:31:33:526	UTIL	[43:43:84693440]	INFO	thread_wrapper_t::create_channel(), bind_thr = 0x0000562e35422070[139638029104832], read_capacity = 65536, write_capacity = 65536, this = 0x0000562e35454ae0
11/10/2025 19:31:33:526	UTIL	[43:43:84693440]	INFO	o2o_msg_queue_t::o2o_msg_queue_t, notifier = 0x0000562e3541fd60, writer = 0x0000562e35454ae0[139637892830912], reader = 0x0000562e35422070[139638029104832], capacity = 65536, mode = 1, this = 0x0000562e35462390
11/10/2025 19:31:33:527	UTIL	[43:43:84693440]	INFO	o2o_msg_queue_t::o2o_msg_queue_t, notifier = 0x0000562e353d7b50, writer = 0x0000562e35422070[139638029104832], reader = 0x0000562e35454ae0[139637892830912], capacity = 65536, mode = 1, this = 0x0000562e354625c0
11/10/2025 19:31:33:527	UTIL	[43:43:84693440]	INFO	thread_wrapper_t::send_ctrl_msg msg = 0x0000562e354627f0, (uint64_t)m_id = 0, timeout = -1, this = 0x0000562e35454ae0
11/10/2025 19:31:33:527	UTIL	[43:57:4211070656]	INFO	poll_t::loop () begin, working = 0x0000562e35454ae0, this = 0x0000562e35459060
11/10/2025 19:31:33:527	UTIL	[43:57:4211070656]	INFO	thread_io_t::init_tls() thread_id = 139637892830912, this = 0x0000562e35454ab0
11/10/2025 19:31:33:527	UTIL	[43:57:4211070656]	INFO	thread_wrapper_t::init_tls(), m_thread_manager = 0x0000562e353d9180, this = 0x0000562e35454ae0
11/10/2025 19:31:33:527	UTIL	[43:57:4211070656]	INFO	thread_mgr_t::register_tls, thr = 0x0000562e35454ae0, tls = true, this = 0x0000562e353d9180
11/10/2025 19:31:33:527	UTIL	[43:57:4211070656]	INFO	thread_wrapper_t::start_alive_check() timer = 0x0000000000000000, m_interact_timer = true, this = 0x0000562e35454ae0
11/10/2025 19:31:33:527	UTIL	[43:57:4211070656]	INFO	timer_queue_t::timer_queue_t() , sink = 0x0000562e35454b18, min_interval = 204800, this = 0x00007effdc001070
11/10/2025 19:31:33:527	UTIL	[43:57:4211070656]	INFO	thread_wrapper_t::create_ch_msg_t::on_message from = 0x0000562e35454ae0, to = 0x0000562e35422070, this = 0x0000562e354627f0
11/10/2025 19:31:33:527	UTIL	[43:57:4211070656]	INFO	thread_wrapper_t::bind_queue  , self_id = 139638029104832, bind_thr = 0x0000562e35454ae0[139637892830912], r_queue = 0x0000562e354623f8, w_queue = 0x0000562e35462630, this = 0x0000562e35422070
11/10/2025 19:31:33:525	UTIL	[43:49:52377280]	INFO	poll_t::loop () begin, working = 0x0000562e35422070, this = 0x0000562e354269f0
11/10/2025 19:31:33:527	UTIL	[43:49:52377280]	INFO	thread_io_t::init_tls() thread_id = 139638029104832, this = 0x0000562e35422040
11/10/2025 19:31:33:527	UTIL	[43:49:52377280]	INFO	thread_wrapper_t::init_tls(), m_thread_manager = 0x0000562e353d9180, this = 0x0000562e35422070
11/10/2025 19:31:33:527	UTIL	[43:49:52377280]	INFO	thread_mgr_t::register_tls, thr = 0x0000562e35422070, tls = true, this = 0x0000562e353d9180
11/10/2025 19:31:33:527	UTIL	[43:49:52377280]	INFO	thread_wrapper_t::start_alive_check() timer = 0x0000000000000000, m_interact_timer = true, this = 0x0000562e35422070
11/10/2025 19:31:33:527	UTIL	[43:49:52377280]	INFO	timer_queue_t::timer_queue_t() , sink = 0x0000562e354220a8, min_interval = 204800, this = 0x00007effe0001070
11/10/2025 19:31:33:527	UTIL	[43:43:84693440]	INFO	thread_wrapper_t::bind_queue  , self_id = 139637892830912, bind_thr = 0x0000562e35422070[139638029104832], r_queue = 0x0000562e35462628, w_queue = 0x0000562e35462400, this = 0x0000562e35454ae0
11/10/2025 19:31:33:527	UTIL	[43:43:84693440]	INFO	thread_wrapper_t::create_channel(), bind_thr = 0x0000562e35454ae0[139637892830912], read_capacity = 65536, write_capacity = 65536, this = 0x0000562e35454ae0
11/10/2025 19:31:33:528	UTIL	[43:43:84693440]	INFO	o2o_msg_queue_t::o2o_msg_queue_t, notifier = 0x0000562e353d7b50, writer = 0x0000562e35454ae0[139637892830912], reader = 0x0000562e35454ae0[139637892830912], capacity = 65536, mode = 1, this = 0x0000562e35462cb0
11/10/2025 19:31:33:531	UTIL	[43:43:84693440]	INFO	o2o_msg_queue_t::o2o_msg_queue_t, notifier = 0x0000562e353d7b50, writer = 0x0000562e35454ae0[139637892830912], reader = 0x0000562e35454ae0[139637892830912], capacity = 65536, mode = 1, this = 0x0000562e35462ee0
11/10/2025 19:31:33:531	UTIL	[43:43:84693440]	INFO	thread_wrapper_t::send_ctrl_msg msg = 0x0000562e35463110, (uint64_t)m_id = 139637892830912, timeout = -1, this = 0x0000562e35454ae0
11/10/2025 19:31:33:531	UTIL	[43:57:4211070656]	INFO	thread_wrapper_t::create_ch_msg_t::on_message from = 0x0000562e35454ae0, to = 0x0000562e35454ae0, this = 0x0000562e35463110
11/10/2025 19:31:33:531	UTIL	[43:57:4211070656]	INFO	thread_wrapper_t::bind_queue  , self_id = 139637892830912, bind_thr = 0x0000562e35454ae0[139637892830912], r_queue = 0x0000562e35462d18, w_queue = 0x0000562e35462f50, this = 0x0000562e35454ae0
11/10/2025 19:31:33:533	UTIL	[43:43:84693440]	INFO	thread_wrapper_t::bind_queue  , self_id = 139637892830912, bind_thr = 0x0000562e35454ae0[139637892830912], r_queue = 0x0000562e35462f48, w_queue = 0x0000562e35462d20, this = 0x0000562e35454ae0
11/10/2025 19:31:33:533	UTIL	[43:43:84693440]	INFO	thread_wrapper_t::bind_queue bind_thr = 0x0000562e35454ae0 already be existed, skip it, this = 0x0000562e35454ae0
11/10/2025 19:31:33:533	UTIL	[43:43:84693440]	INFO	thread_wrapper_t::adjust_timer_precision, m_timer_precision = 50, new_timer_precision = 50, this = 0x0000562e35454ae0
11/10/2025 19:31:33:533	UTIL	[43:43:84693440]	INFO	thread_mgr_t::spawn, mode = 01000004, w_queue_size = 65536, type = 1028, interact_timer = true, thr_name = zoom.im.index, bind_mask = 4294967295, use_ext_timer_drv = false, notifier = 0x0000000000000000, this = 0x0000562e353d9180
11/10/2025 19:31:33:533	UTIL	[43:43:84693440]	INFO	thread_wrapper_t::thread_wrapper_t, mode = 01000004, id = 0, type = 1028, thr_manager = 0x0000562e353d9180, waits = 1, interact_timer = true, m_timer_precision = 50, this = 0x0000562e35463890
11/10/2025 19:31:33:533	UTIL	[43:43:84693440]	INFO	msg_queue_t::msg_queue_t notifier = , notifier = 0x0000000000000000, writer = 0x0000000000000000, capacity = 1024, mode = 1, this = 0x0000562e35463b40
11/10/2025 19:31:33:533	UTIL	[43:43:84693440]	INFO	thread_wrapper_t::thread_wrapper_t ctrl queue size = 1024, this = 0x0000562e35463890
11/10/2025 19:31:33:533	UTIL	[43:43:84693440]	INFO	thread_io_t::thread_io_t(), mode = 01000004, type = 1028, queue size = 65536, this = 0x0000562e35463860
11/10/2025 19:31:33:533	UTIL	[43:43:84693440]	INFO	thread_io_t::open_notifier, waits = 1, this = 0x0000562e35463860
11/10/2025 19:31:33:533	UTIL	[43:43:84693440]	INFO	msg_queue_base_t::open_notifier, m_notifier = 0x0000000000000000, notifier = 0x0000562e35467ff0, this = 0x0000562e35463b60
11/10/2025 19:31:33:533	UTIL	[43:43:84693440]	INFO	thread_io_t::thread_run(), id = 0, args = 0x0000000000000000, this = 0x0000562e35463860
11/10/2025 19:31:33:533	UTIL	[43:43:84693440]	INFO	io_repo_t::io_repo_t, m_working = 0x0000562e35463890, max_io_fds = 1024, this = 0x0000562e35468250
11/10/2025 19:31:33:533	UTIL	[43:43:84693440]	INFO	notifier_handler_t::notifier_handler_t, io_container = 0x0000562e354682500x0000562e35467ff0, this = 0x0000562e35430190
11/10/2025 19:31:33:533	UTIL	[43:43:84693440]	INFO	poll_t::poll_t register, fd = 22, es.first = 00000000000000000000000000000011, this = 0x0000562e35468250
11/10/2025 19:31:33:533	UTIL	[43:43:84693440]	INFO	io_repo_t::start(), m_stop = true, this = 0x0000562e35468250
11/10/2025 19:31:33:534	UTIL	[43:43:84693440]	INFO	thread_mgr_t::attach handle = 0x0000562e35463890, thread_id = 139637884438208, owner_thr = 0x0000562e353e1fe0, owner_id = 139638061420992, queue_size = 65536, this = 0x0000562e353d9180
11/10/2025 19:31:33:534	UTIL	[43:43:84693440]	INFO	thread_wrapper_t::create_channel(), bind_thr = 0x0000562e353e1fe0[139638061420992], read_capacity = 65536, write_capacity = 65536, this = 0x0000562e35463890
11/10/2025 19:31:33:534	UTIL	[43:58:4202677952]	INFO	poll_t::loop () begin, working = 0x0000562e35463890, this = 0x0000562e35468250
11/10/2025 19:31:33:535	UTIL	[43:58:4202677952]	INFO	thread_io_t::init_tls() thread_id = 139637884438208, this = 0x0000562e35463860
11/10/2025 19:31:33:535	UTIL	[43:58:4202677952]	INFO	thread_wrapper_t::init_tls(), m_thread_manager = 0x0000562e353d9180, this = 0x0000562e35463890
11/10/2025 19:31:33:535	UTIL	[43:58:4202677952]	INFO	thread_mgr_t::register_tls, thr = 0x0000562e35463890, tls = true, this = 0x0000562e353d9180
11/10/2025 19:31:33:535	UTIL	[43:58:4202677952]	INFO	thread_wrapper_t::start_alive_check() timer = 0x0000000000000000, m_interact_timer = true, this = 0x0000562e35463890
11/10/2025 19:31:33:535	UTIL	[43:58:4202677952]	INFO	timer_queue_t::timer_queue_t() , sink = 0x0000562e354638c8, min_interval = 204800, this = 0x00007effcc001070
11/10/2025 19:31:33:535	UTIL	[43:43:84693440]	INFO	o2o_msg_queue_t::o2o_msg_queue_t, notifier = 0x0000562e353d4900, writer = 0x0000562e35463890[139637884438208], reader = 0x0000562e353e1fe0[139638061420992], capacity = 65536, mode = 0, this = 0x0000562e35470cc0
11/10/2025 19:31:33:536	UTIL	[43:43:84693440]	INFO	o2o_msg_queue_t::o2o_msg_queue_t, notifier = 0x0000562e35467ff0, writer = 0x0000562e353e1fe0[139638061420992], reader = 0x0000562e35463890[139637884438208], capacity = 65536, mode = 1, this = 0x0000562e35470ef0
11/10/2025 19:31:33:536	UTIL	[43:43:84693440]	INFO	thread_wrapper_t::bind_queue  , self_id = 139638061420992, bind_thr = 0x0000562e35463890[139637884438208], r_queue = 0x0000562e35470d28, w_queue = 0x0000562e35470f60, this = 0x0000562e353e1fe0
11/10/2025 19:31:33:536	UTIL	[43:43:84693440]	INFO	thread_wrapper_t::bind_queue  , self_id = 139637884438208, bind_thr = 0x0000562e353e1fe0[139638061420992], r_queue = 0x0000562e35470f58, w_queue = 0x0000562e35470d30, this = 0x0000562e35463890
11/10/2025 19:31:33:536	UTIL	[43:43:84693440]	INFO	thread_wrapper_t::create_channel(), bind_thr = 0x0000562e35422070[139638029104832], read_capacity = 65536, write_capacity = 65536, this = 0x0000562e35463890
11/10/2025 19:31:33:536	UTIL	[43:43:84693440]	INFO	o2o_msg_queue_t::o2o_msg_queue_t, notifier = 0x0000562e3541fd60, writer = 0x0000562e35463890[139637884438208], reader = 0x0000562e35422070[139638029104832], capacity = 65536, mode = 1, this = 0x0000562e35471580
11/10/2025 19:31:33:537	UTIL	[43:43:84693440]	INFO	o2o_msg_queue_t::o2o_msg_queue_t, notifier = 0x0000562e35467ff0, writer = 0x0000562e35422070[139638029104832], reader = 0x0000562e35463890[139637884438208], capacity = 65536, mode = 1, this = 0x0000562e354717b0
11/10/2025 19:31:33:537	UTIL	[43:43:84693440]	INFO	thread_wrapper_t::send_ctrl_msg msg = 0x0000562e354719e0, (uint64_t)m_id = 139637884438208, timeout = -1, this = 0x0000562e35463890
11/10/2025 19:31:33:537	UTIL	[43:58:4202677952]	INFO	thread_wrapper_t::create_ch_msg_t::on_message from = 0x0000562e35463890, to = 0x0000562e35422070, this = 0x0000562e354719e0
11/10/2025 19:31:33:537	UTIL	[43:58:4202677952]	INFO	thread_wrapper_t::bind_queue  , self_id = 139638029104832, bind_thr = 0x0000562e35463890[139637884438208], r_queue = 0x0000562e354715e8, w_queue = 0x0000562e35471820, this = 0x0000562e35422070
11/10/2025 19:31:33:538	UTIL	[43:43:84693440]	INFO	thread_wrapper_t::bind_queue  , self_id = 139637884438208, bind_thr = 0x0000562e35422070[139638029104832], r_queue = 0x0000562e35471818, w_queue = 0x0000562e354715f0, this = 0x0000562e35463890
11/10/2025 19:31:33:538	UTIL	[43:43:84693440]	INFO	thread_wrapper_t::create_channel(), bind_thr = 0x0000562e35454ae0[139637892830912], read_capacity = 65536, write_capacity = 65536, this = 0x0000562e35463890
11/10/2025 19:31:33:540	UTIL	[43:43:84693440]	INFO	o2o_msg_queue_t::o2o_msg_queue_t, notifier = 0x0000562e353d7b50, writer = 0x0000562e35463890[139637884438208], reader = 0x0000562e35454ae0[139637892830912], capacity = 65536, mode = 1, this = 0x0000562e35471ea0
11/10/2025 19:31:33:540	UTIL	[43:43:84693440]	INFO	o2o_msg_queue_t::o2o_msg_queue_t, notifier = 0x0000562e35467ff0, writer = 0x0000562e35454ae0[139637892830912], reader = 0x0000562e35463890[139637884438208], capacity = 65536, mode = 1, this = 0x0000562e354720d0
11/10/2025 19:31:33:540	UTIL	[43:43:84693440]	INFO	thread_wrapper_t::send_ctrl_msg msg = 0x0000562e35472300, (uint64_t)m_id = 139637884438208, timeout = -1, this = 0x0000562e35463890
11/10/2025 19:31:33:541	UTIL	[43:58:4202677952]	INFO	thread_wrapper_t::create_ch_msg_t::on_message from = 0x0000562e35463890, to = 0x0000562e35454ae0, this = 0x0000562e35472300
11/10/2025 19:31:33:541	UTIL	[43:58:4202677952]	INFO	thread_wrapper_t::bind_queue  , self_id = 139637892830912, bind_thr = 0x0000562e35463890[139637884438208], r_queue = 0x0000562e35471f08, w_queue = 0x0000562e35472140, this = 0x0000562e35454ae0
11/10/2025 19:31:33:543	UTIL	[43:43:84693440]	INFO	thread_wrapper_t::bind_queue  , self_id = 139637884438208, bind_thr = 0x0000562e35454ae0[139637892830912], r_queue = 0x0000562e35472138, w_queue = 0x0000562e35471f10, this = 0x0000562e35463890
11/10/2025 19:31:33:543	UTIL	[43:43:84693440]	INFO	thread_wrapper_t::create_channel(), bind_thr = 0x0000562e35463890[139637884438208], read_capacity = 65536, write_capacity = 65536, this = 0x0000562e35463890
11/10/2025 19:31:33:545	UTIL	[43:43:84693440]	INFO	o2o_msg_queue_t::o2o_msg_queue_t, notifier = 0x0000562e35467ff0, writer = 0x0000562e35463890[139637884438208], reader = 0x0000562e35463890[139637884438208], capacity = 65536, mode = 1, this = 0x0000562e35472740
11/10/2025 19:31:33:548	UTIL	[43:43:84693440]	INFO	o2o_msg_queue_t::o2o_msg_queue_t, notifier = 0x0000562e35467ff0, writer = 0x0000562e35463890[139637884438208], reader = 0x0000562e35463890[139637884438208], capacity = 65536, mode = 1, this = 0x0000562e35472970
11/10/2025 19:31:33:548	UTIL	[43:43:84693440]	INFO	thread_wrapper_t::send_ctrl_msg msg = 0x0000562e35472ba0, (uint64_t)m_id = 139637884438208, timeout = -1, this = 0x0000562e35463890
11/10/2025 19:31:33:548	UTIL	[43:58:4202677952]	INFO	thread_wrapper_t::create_ch_msg_t::on_message from = 0x0000562e35463890, to = 0x0000562e35463890, this = 0x0000562e35472ba0
11/10/2025 19:31:33:548	UTIL	[43:58:4202677952]	INFO	thread_wrapper_t::bind_queue  , self_id = 139637884438208, bind_thr = 0x0000562e35463890[139637884438208], r_queue = 0x0000562e354727a8, w_queue = 0x0000562e354729e0, this = 0x0000562e35463890
11/10/2025 19:31:33:548	UTIL	[43:43:84693440]	INFO	thread_wrapper_t::bind_queue  , self_id = 139637884438208, bind_thr = 0x0000562e35463890[139637884438208], r_queue = 0x0000562e354729d8, w_queue = 0x0000562e354727b0, this = 0x0000562e35463890
11/10/2025 19:31:33:548	UTIL	[43:43:84693440]	INFO	thread_wrapper_t::bind_queue bind_thr = 0x0000562e35463890 already be existed, skip it, this = 0x0000562e35463890
11/10/2025 19:31:33:548	UTIL	[43:43:84693440]	INFO	thread_wrapper_t::adjust_timer_precision, m_timer_precision = 50, new_timer_precision = 50, this = 0x0000562e35463890
11/10/2025 19:31:33:767	UTIL	[43:43:84693440]	INFO	UTIL_INIT  refer times = 5, module_id = 5, UTIL has been built on:Sep 19 2025 at 06:33:56 on branch release-client-6.6.x with commit ID 2583f48484aeb604c472d0a89b4ddc1f55
11/10/2025 19:31:33:767	UTIL	[43:43:84693440]	INFO	register_logger  module_id = 5, module_name = MCM, max_level = 31, logger = 0x0000000000000000, mode = 3
11/10/2025 19:31:34:622	UTIL	[43:43:84693440]	INFO	register_logger  module_id = 6, module_name = NYDUS, max_level = 31, logger = 0x0000000000000000, mode = 3
11/10/2025 19:31:34:882	UTIL	[43:43:84693440]	INFO	timer_it::timer_it id = 0, own_thr = 0x0000000000000000, this = 0x0000562e35476680
11/10/2025 19:31:34:882	UTIL	[43:43:84693440]	INFO	timer_it::timer_it id = 0, own_thr = 0x0000000000000000, this = 0x0000562e354a5bb0
11/10/2025 19:31:34:882	UTIL	[43:43:84693440]	INFO	thread_mgr_t::spawn, mode = 00000008, w_queue_size = 8192, type = 1024, interact_timer = true, thr_name = , bind_mask = 4294967295, use_ext_timer_drv = false, notifier = 0x0000000000000000, this = 0x0000562e353d9180
11/10/2025 19:31:34:882	UTIL	[43:43:84693440]	INFO	thread_mgr_t::spawn already has an instance for the thread, return it directly, thread id = 139638061420992, this = 0x0000562e353d9180
11/10/2025 19:31:35:628	UTIL	[43:43:84693440]	INFO	timer_it::add_timer sink = 0x0000562e354a4b58, interval = 12800, times = 0, is_exact = true, this = 0x0000562e35476680
11/10/2025 19:31:35:628	UTIL	[43:43:84693440]	INFO	timer_it::add_timer sink = 0x0000562e354a4b58, interval = 3840, times = 0, is_exact = true, this = 0x0000562e354a5bb0
11/10/2025 19:32:24:915	UTIL	[43:43:84693440]	INFO	mlog_file::init mid:1069 size:1048576 shmem:false ret:0 this:0x0000562e3552c1a8
11/10/2025 19:32:29:013	UTIL	[43:43:84693440]	INFO	mlog_file::init mid:1027 size:1048576 shmem:false ret:0 this:0x0000562e35539978
11/10/2025 19:32:29:176	UTIL	[43:43:84693440]	INFO	mlog_file::init mid:1008 size:1048576 shmem:false ret:0 this:0x0000562e3550e5a8
11/10/2025 19:32:29:305	UTIL	[43:43:84693440]	INFO	mlog_file::init mid:1030 size:1048576 shmem:false ret:0 this:0x0000562e356242b8
