11/10/2025 19:19:25:312	UTIL	[46:46:4004929984]	INFO	thread_mgr_t ::thread_mgr_t(),Mon,10 Nov 2025 19:19:25 GMT, preset_owner_thr = false, this = 0x00005654432730f0
11/10/2025 19:19:25:313	UTIL	[46:46:4004929984]	INFO	new_i8_allocator_t::new_i8_allocator_t, m_page_size = 4096, this = 0x000056544326ff00
11/10/2025 19:19:25:313	UTIL	[46:46:4004929984]	INFO	UTIL_INIT  refer , s_init_times = 1, module_id = 9, description = UTIL has been built on:Sep 19 2025 at 06:33:56 on branch release-client-6.6.x with commit ID 2583f48484aeb604c472d0a89b4ddc1f55, dir = , filename = , pext = log, max_size = 41943040, max_idx = 99
11/10/2025 19:19:25:313	UTIL	[46:46:4004929984]	INFO	set_timer_driver, setup_call = 0x00007fd50a3603b0, remove_call = 0x00007fd50a360290
11/10/2025 19:19:25:313	UTIL	[46:46:4004929984]	INFO	thread_mgr_t::spawn, mode = 02000008, w_queue_size = 8192, type = 0, interact_timer = true, thr_name = , bind_mask = 4294967295, use_ext_timer_drv = true, notifier = 0x000056544326e8f0, this = 0x00005654432730f0
11/10/2025 19:19:25:313	UTIL	[46:46:4004929984]	INFO	thread_wrapper_t::thread_wrapper_t, mode = 02000008, id = 0, type = 0, thr_manager = 0x00005654432730f0, waits = 0, interact_timer = true, m_timer_precision = 50, this = 0x00005654432610a0
11/10/2025 19:19:25:313	UTIL	[46:46:4004929984]	INFO	msg_queue_t::msg_queue_t notifier = , notifier = 0x000056544326e8f0, writer = 0x0000000000000000, capacity = 1024, mode = 0, this = 0x000056544326eb10
11/10/2025 19:19:25:313	UTIL	[46:46:4004929984]	INFO	thread_wrapper_t::thread_wrapper_t ctrl queue size = 1024, this = 0x00005654432610a0
11/10/2025 19:19:25:313	UTIL	[46:46:4004929984]	INFO	thread_wrapper_t::init_tls(), m_thread_manager = 0x00005654432730f0, this = 0x00005654432610a0
11/10/2025 19:19:25:313	UTIL	[46:46:4004929984]	INFO	thread_mgr_t::register_tls, thr = 0x00005654432610a0, tls = true, this = 0x00005654432730f0
11/10/2025 19:19:25:313	UTIL	[46:46:4004929984]	INFO	thread_wrapper_t::start_alive_check() timer = 0x0000000000000000, m_interact_timer = true, this = 0x00005654432610a0
11/10/2025 19:19:25:313	UTIL	[46:46:4004929984]	INFO	timer_queue_t::timer_queue_t() , sink = 0x00005654432610d8, min_interval = 204800, this = 0x000056544327bb00
11/10/2025 19:19:25:313	UTIL	[46:46:4004929984]	INFO	thread_wrapper_t::open_notifier, waits = 0, m_notify = 0x000056544326e8f0, this = 0x00005654432610a0
11/10/2025 19:19:25:313	UTIL	[46:46:4004929984]	INFO	msg_queue_base_t::open_notifier, m_notifier = 0x000056544326e8f0, notifier = 0x000056544326e8f0, this = 0x000056544326eb30
11/10/2025 19:19:25:313	UTIL	[46:46:4004929984]	INFO	thread_mgr_t::attach handle = 0x00005654432610a0, thread_id = 140552514724288, owner_thr = 0x00005654432610a0, owner_id = 140552514724288, queue_size = 8192, this = 0x00005654432730f0
11/10/2025 19:19:25:313	UTIL	[46:46:4004929984]	INFO	thread_wrapper_t::create_channel(), bind_thr = 0x00005654432610a0[140552514724288], read_capacity = 8192, write_capacity = 8192, this = 0x00005654432610a0
11/10/2025 19:19:25:313	UTIL	[46:46:4004929984]	INFO	o2o_msg_queue_t::o2o_msg_queue_t, notifier = 0x000056544326e8f0, writer = 0x00005654432610a0[140552514724288], reader = 0x00005654432610a0[140552514724288], capacity = 8192, mode = 0, this = 0x000056544326fd00
11/10/2025 19:19:25:313	UTIL	[46:46:4004929984]	INFO	o2o_msg_queue_t::o2o_msg_queue_t, notifier = 0x000056544326e8f0, writer = 0x00005654432610a0[140552514724288], reader = 0x00005654432610a0[140552514724288], capacity = 8192, mode = 0, this = 0x0000565443272e00
11/10/2025 19:19:25:313	UTIL	[46:46:4004929984]	INFO	thread_wrapper_t::bind_queue  , self_id = 140552514724288, bind_thr = 0x00005654432610a0[140552514724288], r_queue = 0x000056544326fd68, w_queue = 0x0000565443272e70, this = 0x00005654432610a0
11/10/2025 19:19:25:313	UTIL	[46:46:4004929984]	INFO	thread_wrapper_t::bind_queue  , self_id = 140552514724288, bind_thr = 0x00005654432610a0[140552514724288], r_queue = 0x0000565443272e68, w_queue = 0x000056544326fd70, this = 0x00005654432610a0
11/10/2025 19:19:25:313	UTIL	[46:46:4004929984]	INFO	thread_wrapper_t::bind_queue bind_thr = 0x00005654432610a0 already be existed, skip it, this = 0x00005654432610a0
11/10/2025 19:19:25:313	UTIL	[46:46:4004929984]	INFO	thread_wrapper_t::adjust_timer_precision, m_timer_precision = 50, new_timer_precision = 50, this = 0x00005654432610a0
11/10/2025 19:19:25:313	UTIL	[46:46:4004929984]	INFO	register_logger  module_id = 1057, module_name = zoomtask, max_level = 31, logger = 0x0000000000000000, mode = 3
11/10/2025 19:19:25:320	UTIL	[46:46:4004929984]	INFO	UTIL_INIT  refer times = 2, module_id = 1057, UTIL has been built on:Sep 19 2025 at 06:33:56 on branch release-client-6.6.x with commit ID 2583f48484aeb604c472d0a89b4ddc1f55
11/10/2025 19:19:25:320	UTIL	[46:46:4004929984]	INFO	register_logger  module_id = 1057, module_name = ZoomTask, max_level = 31, logger = 0x0000000000000000, mode = 3
11/10/2025 19:19:25:616	UTIL	[46:46:4004929984]	INFO	UTIL_INIT  refer times = 3, module_id = 2, UTIL has been built on:Sep 19 2025 at 06:33:56 on branch release-client-6.6.x with commit ID 2583f48484aeb604c472d0a89b4ddc1f55
11/10/2025 19:19:25:621	UTIL	[46:46:4004929984]	INFO	timer_it::timer_it id = 0, own_thr = 0x0000000000000000, this = 0x0000565443273848
11/10/2025 19:19:25:621	UTIL	[46:46:4004929984]	INFO	thread_mgr_t::spawn, mode = 01000004, w_queue_size = 0, type = 3, interact_timer = true, thr_name = zoom.dns, bind_mask = 0, use_ext_timer_drv = false, notifier = 0x0000000000000000, this = 0x00005654432730f0
11/10/2025 19:19:25:621	UTIL	[46:46:4004929984]	INFO	thread_wrapper_t::thread_wrapper_t, mode = 01000004, id = 0, type = 3, thr_manager = 0x00005654432730f0, waits = 1, interact_timer = true, m_timer_precision = 50, this = 0x00005654432bbd00
11/10/2025 19:19:25:621	UTIL	[46:46:4004929984]	INFO	msg_queue_t::msg_queue_t notifier = , notifier = 0x0000000000000000, writer = 0x0000000000000000, capacity = 1024, mode = 1, this = 0x00005654432bc160
11/10/2025 19:19:25:621	UTIL	[46:46:4004929984]	INFO	thread_wrapper_t::thread_wrapper_t ctrl queue size = 1024, this = 0x00005654432bbd00
11/10/2025 19:19:25:621	UTIL	[46:46:4004929984]	INFO	thread_io_t::thread_io_t(), mode = 01000004, type = 3, queue size = 0, this = 0x00005654432bbcd0
11/10/2025 19:19:25:621	UTIL	[46:46:4004929984]	INFO	thread_io_t::open_notifier, waits = 1, this = 0x00005654432bbcd0
11/10/2025 19:19:25:621	UTIL	[46:46:4004929984]	INFO	msg_queue_base_t::open_notifier, m_notifier = 0x0000000000000000, notifier = 0x00005654432b9a80, this = 0x00005654432bc180
11/10/2025 19:19:25:621	UTIL	[46:46:4004929984]	INFO	thread_io_t::thread_run(), id = 0, args = 0x0000000000000000, this = 0x00005654432bbcd0
11/10/2025 19:19:25:621	UTIL	[46:46:4004929984]	INFO	io_repo_t::io_repo_t, m_working = 0x00005654432bbd00, max_io_fds = 1024, this = 0x00005654432c0720
11/10/2025 19:19:25:621	UTIL	[46:46:4004929984]	INFO	notifier_handler_t::notifier_handler_t, io_container = 0x00005654432c07200x00005654432b9a80, this = 0x00005654432c88b0
11/10/2025 19:19:25:621	UTIL	[46:46:4004929984]	INFO	poll_t::poll_t register, fd = 11, es.first = 00000000000000000000000000000011, this = 0x00005654432c0720
11/10/2025 19:19:25:621	UTIL	[46:46:4004929984]	INFO	io_repo_t::start(), m_stop = true, this = 0x00005654432c0720
11/10/2025 19:19:25:621	UTIL	[46:46:4004929984]	INFO	thread_mgr_t::spawn only has control message queue for this thread, this = 0x00005654432730f0
11/10/2025 19:19:25:621	UTIL	[46:46:4004929984]	FATAL	assert: msg[thread_wrapper_t::create_channel bind thread should valid!, bind_thr = 0x0000000000000000] file[/home/jenkins/agent/workspace/Client/Client/DMT/linux/release/tp_util/util/src/thread.cpp], line = [1122]
11/10/2025 19:19:25:621	UTIL	[46:46:4004929984]	INFO	thread_wrapper_t::adjust_timer_precision, m_timer_precision = 50, new_timer_precision = 50, this = 0x00005654432bbd00
11/10/2025 19:19:25:621	UTIL	[46:46:4004929984]	INFO	timer_it::timer_it id = 0, own_thr = 0x0000000000000000, this = 0x00005654432c9370
11/10/2025 19:19:25:621	UTIL	[46:46:4004929984]	INFO	timer_it::add_timer sink = 0x0000565443273720, interval = 100, times = 0, is_exact = true, this = 0x00005654432c9370
11/10/2025 19:19:25:621	UTIL	[46:52:3972613824]	INFO	poll_t::loop () begin, working = 0x00005654432bbd00, this = 0x00005654432c0720
11/10/2025 19:19:25:621	UTIL	[46:52:3972613824]	INFO	thread_io_t::init_tls() thread_id = 140552482408128, this = 0x00005654432bbcd0
11/10/2025 19:19:25:621	UTIL	[46:52:3972613824]	INFO	thread_wrapper_t::init_tls(), m_thread_manager = 0x00005654432730f0, this = 0x00005654432bbd00
11/10/2025 19:19:25:621	UTIL	[46:52:3972613824]	INFO	thread_mgr_t::register_tls, thr = 0x00005654432bbd00, tls = true, this = 0x00005654432730f0
11/10/2025 19:19:25:621	UTIL	[46:52:3972613824]	INFO	thread_wrapper_t::start_alive_check() timer = 0x0000000000000000, m_interact_timer = true, this = 0x00005654432bbd00
11/10/2025 19:19:25:621	UTIL	[46:52:3972613824]	INFO	timer_queue_t::timer_queue_t() , sink = 0x00005654432bbd38, min_interval = 204800, this = 0x00007fd4e4001070
11/10/2025 19:19:25:627	UTIL	[46:46:4004929984]	INFO	UTIL_INIT  refer times = 4, module_id = 9, UTIL has been built on:Sep 19 2025 at 06:33:56 on branch release-client-6.6.x with commit ID 2583f48484aeb604c472d0a89b4ddc1f55
11/10/2025 19:19:25:629	UTIL	[46:46:4004929984]	INFO	thread_mgr_t::spawn, mode = 01000004, w_queue_size = 65536, type = 1027, interact_timer = true, thr_name = zoom.db, bind_mask = 4294967295, use_ext_timer_drv = false, notifier = 0x0000000000000000, this = 0x00005654432730f0
11/10/2025 19:19:25:629	UTIL	[46:46:4004929984]	INFO	thread_wrapper_t::thread_wrapper_t, mode = 01000004, id = 0, type = 1027, thr_manager = 0x00005654432730f0, waits = 1, interact_timer = true, m_timer_precision = 50, this = 0x00005654432ee830
11/10/2025 19:19:25:629	UTIL	[46:46:4004929984]	INFO	msg_queue_t::msg_queue_t notifier = , notifier = 0x0000000000000000, writer = 0x0000000000000000, capacity = 1024, mode = 1, this = 0x00005654432e2980
11/10/2025 19:19:25:629	UTIL	[46:46:4004929984]	INFO	thread_wrapper_t::thread_wrapper_t ctrl queue size = 1024, this = 0x00005654432ee830
11/10/2025 19:19:25:629	UTIL	[46:46:4004929984]	INFO	thread_io_t::thread_io_t(), mode = 01000004, type = 1027, queue size = 65536, this = 0x00005654432ee800
11/10/2025 19:19:25:629	UTIL	[46:46:4004929984]	INFO	thread_io_t::open_notifier, waits = 1, this = 0x00005654432ee800
11/10/2025 19:19:25:629	UTIL	[46:46:4004929984]	INFO	msg_queue_base_t::open_notifier, m_notifier = 0x0000000000000000, notifier = 0x00005654432f2bf0, this = 0x00005654432e29a0
11/10/2025 19:19:25:629	UTIL	[46:46:4004929984]	INFO	thread_io_t::thread_run(), id = 0, args = 0x0000000000000000, this = 0x00005654432ee800
11/10/2025 19:19:25:629	UTIL	[46:46:4004929984]	INFO	io_repo_t::io_repo_t, m_working = 0x00005654432ee830, max_io_fds = 1024, this = 0x00005654432f2df0
11/10/2025 19:19:25:629	UTIL	[46:46:4004929984]	INFO	notifier_handler_t::notifier_handler_t, io_container = 0x00005654432f2df00x00005654432f2bf0, this = 0x00005654432e4240
11/10/2025 19:19:25:629	UTIL	[46:46:4004929984]	INFO	poll_t::poll_t register, fd = 20, es.first = 00000000000000000000000000000011, this = 0x00005654432f2df0
11/10/2025 19:19:25:629	UTIL	[46:46:4004929984]	INFO	io_repo_t::start(), m_stop = true, this = 0x00005654432f2df0
11/10/2025 19:19:25:629	UTIL	[46:46:4004929984]	INFO	thread_mgr_t::attach handle = 0x00005654432ee830, thread_id = 140551865235136, owner_thr = 0x00005654432610a0, owner_id = 140552514724288, queue_size = 65536, this = 0x00005654432730f0
11/10/2025 19:19:25:629	UTIL	[46:46:4004929984]	INFO	thread_wrapper_t::create_channel(), bind_thr = 0x00005654432610a0[140552514724288], read_capacity = 65536, write_capacity = 65536, this = 0x00005654432ee830
11/10/2025 19:19:25:629	UTIL	[46:46:4004929984]	INFO	o2o_msg_queue_t::o2o_msg_queue_t, notifier = 0x000056544326e8f0, writer = 0x00005654432ee830[140551865235136], reader = 0x00005654432610a0[140552514724288], capacity = 65536, mode = 0, this = 0x00005654432fb870
11/10/2025 19:19:25:629	UTIL	[46:60:3355440832]	INFO	poll_t::loop () begin, working = 0x00005654432ee830, this = 0x00005654432f2df0
11/10/2025 19:19:25:633	UTIL	[46:60:3355440832]	INFO	thread_io_t::init_tls() thread_id = 140551865235136, this = 0x00005654432ee800
11/10/2025 19:19:25:633	UTIL	[46:60:3355440832]	INFO	thread_wrapper_t::init_tls(), m_thread_manager = 0x00005654432730f0, this = 0x00005654432ee830
11/10/2025 19:19:25:633	UTIL	[46:60:3355440832]	INFO	thread_mgr_t::register_tls, thr = 0x00005654432ee830, tls = true, this = 0x00005654432730f0
11/10/2025 19:19:25:633	UTIL	[46:60:3355440832]	INFO	thread_wrapper_t::start_alive_check() timer = 0x0000000000000000, m_interact_timer = true, this = 0x00005654432ee830
11/10/2025 19:19:25:633	UTIL	[46:60:3355440832]	INFO	timer_queue_t::timer_queue_t() , sink = 0x00005654432ee868, min_interval = 204800, this = 0x00007fd4bc001070
11/10/2025 19:19:25:633	UTIL	[46:46:4004929984]	INFO	o2o_msg_queue_t::o2o_msg_queue_t, notifier = 0x00005654432f2bf0, writer = 0x00005654432610a0[140552514724288], reader = 0x00005654432ee830[140551865235136], capacity = 65536, mode = 1, this = 0x00005654432fbab0
11/10/2025 19:19:25:633	UTIL	[46:46:4004929984]	INFO	thread_wrapper_t::bind_queue  , self_id = 140552514724288, bind_thr = 0x00005654432ee830[140551865235136], r_queue = 0x00005654432fb8d8, w_queue = 0x00005654432fbb20, this = 0x00005654432610a0
11/10/2025 19:19:25:633	UTIL	[46:46:4004929984]	INFO	thread_wrapper_t::bind_queue  , self_id = 140551865235136, bind_thr = 0x00005654432610a0[140552514724288], r_queue = 0x00005654432fbb18, w_queue = 0x00005654432fb8e0, this = 0x00005654432ee830
11/10/2025 19:19:25:633	UTIL	[46:46:4004929984]	INFO	thread_wrapper_t::create_channel(), bind_thr = 0x00005654432bbd00[140552482408128], read_capacity = 65536, write_capacity = 65536, this = 0x00005654432ee830
11/10/2025 19:19:25:633	UTIL	[46:46:4004929984]	INFO	o2o_msg_queue_t::o2o_msg_queue_t, notifier = 0x00005654432b9a80, writer = 0x00005654432ee830[140551865235136], reader = 0x00005654432bbd00[140552482408128], capacity = 65536, mode = 1, this = 0x00005654432fc150
11/10/2025 19:19:25:634	UTIL	[46:46:4004929984]	INFO	o2o_msg_queue_t::o2o_msg_queue_t, notifier = 0x00005654432f2bf0, writer = 0x00005654432bbd00[140552482408128], reader = 0x00005654432ee830[140551865235136], capacity = 65536, mode = 1, this = 0x00005654432fc390
11/10/2025 19:19:25:634	UTIL	[46:46:4004929984]	INFO	thread_wrapper_t::send_ctrl_msg msg = 0x00005654432fc5d0, (uint64_t)m_id = 140551865235136, timeout = -1, this = 0x00005654432ee830
11/10/2025 19:19:25:634	UTIL	[46:60:3355440832]	INFO	thread_wrapper_t::create_ch_msg_t::on_message from = 0x00005654432ee830, to = 0x00005654432bbd00, this = 0x00005654432fc5d0
11/10/2025 19:19:25:634	UTIL	[46:60:3355440832]	INFO	thread_wrapper_t::bind_queue  , self_id = 140552482408128, bind_thr = 0x00005654432ee830[140551865235136], r_queue = 0x00005654432fc1b8, w_queue = 0x00005654432fc400, this = 0x00005654432bbd00
11/10/2025 19:19:25:634	UTIL	[46:46:4004929984]	INFO	thread_wrapper_t::bind_queue  , self_id = 140551865235136, bind_thr = 0x00005654432bbd00[140552482408128], r_queue = 0x00005654432fc3f8, w_queue = 0x00005654432fc1c0, this = 0x00005654432ee830
11/10/2025 19:19:25:634	UTIL	[46:46:4004929984]	INFO	thread_wrapper_t::create_channel(), bind_thr = 0x00005654432ee830[140551865235136], read_capacity = 65536, write_capacity = 65536, this = 0x00005654432ee830
11/10/2025 19:19:25:634	UTIL	[46:46:4004929984]	INFO	o2o_msg_queue_t::o2o_msg_queue_t, notifier = 0x00005654432f2bf0, writer = 0x00005654432ee830[140551865235136], reader = 0x00005654432ee830[140551865235136], capacity = 65536, mode = 1, this = 0x00005654432fc9d0
11/10/2025 19:19:25:635	UTIL	[46:46:4004929984]	INFO	o2o_msg_queue_t::o2o_msg_queue_t, notifier = 0x00005654432f2bf0, writer = 0x00005654432ee830[140551865235136], reader = 0x00005654432ee830[140551865235136], capacity = 65536, mode = 1, this = 0x00005654432fcc10
11/10/2025 19:19:25:635	UTIL	[46:46:4004929984]	INFO	thread_wrapper_t::send_ctrl_msg msg = 0x00005654432fce50, (uint64_t)m_id = 140551865235136, timeout = -1, this = 0x00005654432ee830
11/10/2025 19:19:25:636	UTIL	[46:60:3355440832]	INFO	thread_wrapper_t::create_ch_msg_t::on_message from = 0x00005654432ee830, to = 0x00005654432ee830, this = 0x00005654432fce50
11/10/2025 19:19:25:636	UTIL	[46:60:3355440832]	INFO	thread_wrapper_t::bind_queue  , self_id = 140551865235136, bind_thr = 0x00005654432ee830[140551865235136], r_queue = 0x00005654432fca38, w_queue = 0x00005654432fcc80, this = 0x00005654432ee830
11/10/2025 19:19:25:636	UTIL	[46:46:4004929984]	INFO	thread_wrapper_t::bind_queue  , self_id = 140551865235136, bind_thr = 0x00005654432ee830[140551865235136], r_queue = 0x00005654432fcc78, w_queue = 0x00005654432fca40, this = 0x00005654432ee830
11/10/2025 19:19:25:636	UTIL	[46:46:4004929984]	INFO	thread_wrapper_t::bind_queue bind_thr = 0x00005654432ee830 already be existed, skip it, this = 0x00005654432ee830
11/10/2025 19:19:25:636	UTIL	[46:46:4004929984]	INFO	thread_wrapper_t::adjust_timer_precision, m_timer_precision = 50, new_timer_precision = 50, this = 0x00005654432ee830
11/10/2025 19:19:25:636	UTIL	[46:46:4004929984]	INFO	thread_mgr_t::spawn, mode = 01000004, w_queue_size = 65536, type = 1028, interact_timer = true, thr_name = zoom.im.index, bind_mask = 4294967295, use_ext_timer_drv = false, notifier = 0x0000000000000000, this = 0x00005654432730f0
11/10/2025 19:19:25:636	UTIL	[46:46:4004929984]	INFO	thread_wrapper_t::thread_wrapper_t, mode = 01000004, id = 0, type = 1028, thr_manager = 0x00005654432730f0, waits = 1, interact_timer = true, m_timer_precision = 50, this = 0x00005654432fd580
11/10/2025 19:19:25:636	UTIL	[46:46:4004929984]	INFO	msg_queue_t::msg_queue_t notifier = , notifier = 0x0000000000000000, writer = 0x0000000000000000, capacity = 1024, mode = 1, this = 0x00005654432fd830
11/10/2025 19:19:25:636	UTIL	[46:46:4004929984]	INFO	thread_wrapper_t::thread_wrapper_t ctrl queue size = 1024, this = 0x00005654432fd580
11/10/2025 19:19:25:636	UTIL	[46:46:4004929984]	INFO	thread_io_t::thread_io_t(), mode = 01000004, type = 1028, queue size = 65536, this = 0x00005654432fd550
11/10/2025 19:19:25:636	UTIL	[46:46:4004929984]	INFO	thread_io_t::open_notifier, waits = 1, this = 0x00005654432fd550
11/10/2025 19:19:25:636	UTIL	[46:46:4004929984]	INFO	msg_queue_base_t::open_notifier, m_notifier = 0x0000000000000000, notifier = 0x0000565443301ce0, this = 0x00005654432fd850
11/10/2025 19:19:25:636	UTIL	[46:46:4004929984]	INFO	thread_io_t::thread_run(), id = 0, args = 0x0000000000000000, this = 0x00005654432fd550
11/10/2025 19:19:25:636	UTIL	[46:46:4004929984]	INFO	io_repo_t::io_repo_t, m_working = 0x00005654432fd580, max_io_fds = 1024, this = 0x0000565443301f40
11/10/2025 19:19:25:637	UTIL	[46:46:4004929984]	INFO	notifier_handler_t::notifier_handler_t, io_container = 0x0000565443301f400x0000565443301ce0, this = 0x00005654432c9ee0
11/10/2025 19:19:25:637	UTIL	[46:46:4004929984]	INFO	poll_t::poll_t register, fd = 22, es.first = 00000000000000000000000000000011, this = 0x0000565443301f40
11/10/2025 19:19:25:637	UTIL	[46:46:4004929984]	INFO	io_repo_t::start(), m_stop = true, this = 0x0000565443301f40
11/10/2025 19:19:25:637	UTIL	[46:46:4004929984]	INFO	thread_mgr_t::attach handle = 0x00005654432fd580, thread_id = 140551856842432, owner_thr = 0x00005654432610a0, owner_id = 140552514724288, queue_size = 65536, this = 0x00005654432730f0
11/10/2025 19:19:25:637	UTIL	[46:46:4004929984]	INFO	thread_wrapper_t::create_channel(), bind_thr = 0x00005654432610a0[140552514724288], read_capacity = 65536, write_capacity = 65536, this = 0x00005654432fd580
11/10/2025 19:19:25:637	UTIL	[46:46:4004929984]	INFO	o2o_msg_queue_t::o2o_msg_queue_t, notifier = 0x000056544326e8f0, writer = 0x00005654432fd580[140551856842432], reader = 0x00005654432610a0[140552514724288], capacity = 65536, mode = 0, this = 0x000056544330a9c0
11/10/2025 19:19:25:637	UTIL	[46:46:4004929984]	INFO	o2o_msg_queue_t::o2o_msg_queue_t, notifier = 0x0000565443301ce0, writer = 0x00005654432610a0[140552514724288], reader = 0x00005654432fd580[140551856842432], capacity = 65536, mode = 1, this = 0x000056544330ac00
11/10/2025 19:19:25:637	UTIL	[46:46:4004929984]	INFO	thread_wrapper_t::bind_queue  , self_id = 140552514724288, bind_thr = 0x00005654432fd580[140551856842432], r_queue = 0x000056544330aa28, w_queue = 0x000056544330ac70, this = 0x00005654432610a0
11/10/2025 19:19:25:637	UTIL	[46:46:4004929984]	INFO	thread_wrapper_t::bind_queue  , self_id = 140551856842432, bind_thr = 0x00005654432610a0[140552514724288], r_queue = 0x000056544330ac68, w_queue = 0x000056544330aa30, this = 0x00005654432fd580
11/10/2025 19:19:25:637	UTIL	[46:46:4004929984]	INFO	thread_wrapper_t::create_channel(), bind_thr = 0x00005654432bbd00[140552482408128], read_capacity = 65536, write_capacity = 65536, this = 0x00005654432fd580
11/10/2025 19:19:25:637	UTIL	[46:46:4004929984]	INFO	o2o_msg_queue_t::o2o_msg_queue_t, notifier = 0x00005654432b9a80, writer = 0x00005654432fd580[140551856842432], reader = 0x00005654432bbd00[140552482408128], capacity = 65536, mode = 1, this = 0x000056544330b2a0
11/10/2025 19:19:25:638	UTIL	[46:46:4004929984]	INFO	o2o_msg_queue_t::o2o_msg_queue_t, notifier = 0x0000565443301ce0, writer = 0x00005654432bbd00[140552482408128], reader = 0x00005654432fd580[140551856842432], capacity = 65536, mode = 1, this = 0x000056544330b4e0
11/10/2025 19:19:25:638	UTIL	[46:46:4004929984]	INFO	thread_wrapper_t::send_ctrl_msg msg = 0x000056544330b720, (uint64_t)m_id = 0, timeout = -1, this = 0x00005654432fd580
11/10/2025 19:19:25:638	UTIL	[46:61:3347048128]	INFO	poll_t::loop () begin, working = 0x00005654432fd580, this = 0x0000565443301f40
11/10/2025 19:19:25:638	UTIL	[46:61:3347048128]	INFO	thread_io_t::init_tls() thread_id = 140551856842432, this = 0x00005654432fd550
11/10/2025 19:19:25:638	UTIL	[46:61:3347048128]	INFO	thread_wrapper_t::init_tls(), m_thread_manager = 0x00005654432730f0, this = 0x00005654432fd580
11/10/2025 19:19:25:638	UTIL	[46:61:3347048128]	INFO	thread_mgr_t::register_tls, thr = 0x00005654432fd580, tls = true, this = 0x00005654432730f0
11/10/2025 19:19:25:638	UTIL	[46:61:3347048128]	INFO	thread_wrapper_t::start_alive_check() timer = 0x0000000000000000, m_interact_timer = true, this = 0x00005654432fd580
11/10/2025 19:19:25:638	UTIL	[46:61:3347048128]	INFO	timer_queue_t::timer_queue_t() , sink = 0x00005654432fd5b8, min_interval = 204800, this = 0x00007fd4b4001070
11/10/2025 19:19:25:638	UTIL	[46:61:3347048128]	INFO	thread_wrapper_t::create_ch_msg_t::on_message from = 0x00005654432fd580, to = 0x00005654432bbd00, this = 0x000056544330b720
11/10/2025 19:19:25:638	UTIL	[46:61:3347048128]	INFO	thread_wrapper_t::bind_queue  , self_id = 140552482408128, bind_thr = 0x00005654432fd580[140551856842432], r_queue = 0x000056544330b308, w_queue = 0x000056544330b550, this = 0x00005654432bbd00
11/10/2025 19:19:25:638	UTIL	[46:46:4004929984]	INFO	thread_wrapper_t::bind_queue  , self_id = 140551856842432, bind_thr = 0x00005654432bbd00[140552482408128], r_queue = 0x000056544330b548, w_queue = 0x000056544330b310, this = 0x00005654432fd580
11/10/2025 19:19:25:638	UTIL	[46:46:4004929984]	INFO	thread_wrapper_t::create_channel(), bind_thr = 0x00005654432ee830[140551865235136], read_capacity = 65536, write_capacity = 65536, this = 0x00005654432fd580
11/10/2025 19:19:25:638	UTIL	[46:46:4004929984]	INFO	o2o_msg_queue_t::o2o_msg_queue_t, notifier = 0x00005654432f2bf0, writer = 0x00005654432fd580[140551856842432], reader = 0x00005654432ee830[140551865235136], capacity = 65536, mode = 1, this = 0x000056544330bbe0
11/10/2025 19:19:25:638	UTIL	[46:46:4004929984]	INFO	o2o_msg_queue_t::o2o_msg_queue_t, notifier = 0x0000565443301ce0, writer = 0x00005654432ee830[140551865235136], reader = 0x00005654432fd580[140551856842432], capacity = 65536, mode = 1, this = 0x000056544330be20
11/10/2025 19:19:25:638	UTIL	[46:46:4004929984]	INFO	thread_wrapper_t::send_ctrl_msg msg = 0x000056544330c060, (uint64_t)m_id = 140551856842432, timeout = -1, this = 0x00005654432fd580
11/10/2025 19:19:25:638	UTIL	[46:61:3347048128]	INFO	thread_wrapper_t::create_ch_msg_t::on_message from = 0x00005654432fd580, to = 0x00005654432ee830, this = 0x000056544330c060
11/10/2025 19:19:25:638	UTIL	[46:61:3347048128]	INFO	thread_wrapper_t::bind_queue  , self_id = 140551865235136, bind_thr = 0x00005654432fd580[140551856842432], r_queue = 0x000056544330bc48, w_queue = 0x000056544330be90, this = 0x00005654432ee830
11/10/2025 19:19:25:638	UTIL	[46:46:4004929984]	INFO	thread_wrapper_t::bind_queue  , self_id = 140551856842432, bind_thr = 0x00005654432ee830[140551865235136], r_queue = 0x000056544330be88, w_queue = 0x000056544330bc50, this = 0x00005654432fd580
11/10/2025 19:19:25:638	UTIL	[46:46:4004929984]	INFO	thread_wrapper_t::create_channel(), bind_thr = 0x00005654432fd580[140551856842432], read_capacity = 65536, write_capacity = 65536, this = 0x00005654432fd580
11/10/2025 19:19:25:638	UTIL	[46:46:4004929984]	INFO	o2o_msg_queue_t::o2o_msg_queue_t, notifier = 0x0000565443301ce0, writer = 0x00005654432fd580[140551856842432], reader = 0x00005654432fd580[140551856842432], capacity = 65536, mode = 1, this = 0x000056544330c530
11/10/2025 19:19:25:639	UTIL	[46:46:4004929984]	INFO	o2o_msg_queue_t::o2o_msg_queue_t, notifier = 0x0000565443301ce0, writer = 0x00005654432fd580[140551856842432], reader = 0x00005654432fd580[140551856842432], capacity = 65536, mode = 1, this = 0x000056544330c770
11/10/2025 19:19:25:639	UTIL	[46:46:4004929984]	INFO	thread_wrapper_t::send_ctrl_msg msg = 0x000056544330c9b0, (uint64_t)m_id = 140551856842432, timeout = -1, this = 0x00005654432fd580
11/10/2025 19:19:25:639	UTIL	[46:61:3347048128]	INFO	thread_wrapper_t::create_ch_msg_t::on_message from = 0x00005654432fd580, to = 0x00005654432fd580, this = 0x000056544330c9b0
11/10/2025 19:19:25:639	UTIL	[46:61:3347048128]	INFO	thread_wrapper_t::bind_queue  , self_id = 140551856842432, bind_thr = 0x00005654432fd580[140551856842432], r_queue = 0x000056544330c598, w_queue = 0x000056544330c7e0, this = 0x00005654432fd580
11/10/2025 19:19:25:639	UTIL	[46:46:4004929984]	INFO	thread_wrapper_t::bind_queue  , self_id = 140551856842432, bind_thr = 0x00005654432fd580[140551856842432], r_queue = 0x000056544330c7d8, w_queue = 0x000056544330c5a0, this = 0x00005654432fd580
11/10/2025 19:19:25:639	UTIL	[46:46:4004929984]	INFO	thread_wrapper_t::bind_queue bind_thr = 0x00005654432fd580 already be existed, skip it, this = 0x00005654432fd580
11/10/2025 19:19:25:639	UTIL	[46:46:4004929984]	INFO	thread_wrapper_t::adjust_timer_precision, m_timer_precision = 50, new_timer_precision = 50, this = 0x00005654432fd580
11/10/2025 19:19:26:450	UTIL	[46:46:4004929984]	INFO	UTIL_INIT  refer times = 5, module_id = 5, UTIL has been built on:Sep 19 2025 at 06:33:56 on branch release-client-6.6.x with commit ID 2583f48484aeb604c472d0a89b4ddc1f55
11/10/2025 19:19:26:450	UTIL	[46:46:4004929984]	INFO	register_logger  module_id = 5, module_name = MCM, max_level = 31, logger = 0x0000000000000000, mode = 3
11/10/2025 19:19:26:492	UTIL	[46:46:4004929984]	INFO	register_logger  module_id = 6, module_name = NYDUS, max_level = 31, logger = 0x0000000000000000, mode = 3
11/10/2025 19:19:26:606	UTIL	[46:46:4004929984]	INFO	timer_it::timer_it id = 0, own_thr = 0x0000000000000000, this = 0x00005654433287d0
11/10/2025 19:19:26:606	UTIL	[46:46:4004929984]	INFO	timer_it::timer_it id = 0, own_thr = 0x0000000000000000, this = 0x0000565443328860
11/10/2025 19:19:26:606	UTIL	[46:46:4004929984]	INFO	thread_mgr_t::spawn, mode = 00000008, w_queue_size = 8192, type = 1024, interact_timer = true, thr_name = , bind_mask = 4294967295, use_ext_timer_drv = false, notifier = 0x0000000000000000, this = 0x00005654432730f0
11/10/2025 19:19:26:606	UTIL	[46:46:4004929984]	INFO	thread_mgr_t::spawn already has an instance for the thread, return it directly, thread id = 140552514724288, this = 0x00005654432730f0
11/10/2025 19:19:27:553	UTIL	[46:46:4004929984]	INFO	timer_it::add_timer sink = 0x00005654433314e8, interval = 12800, times = 0, is_exact = true, this = 0x00005654433287d0
11/10/2025 19:19:27:553	UTIL	[46:46:4004929984]	INFO	timer_it::add_timer sink = 0x00005654433314e8, interval = 3840, times = 0, is_exact = true, this = 0x0000565443328860
11/10/2025 19:20:25:461	UTIL	[46:46:4004929984]	INFO	mlog_file::init mid:1069 size:1048576 shmem:false ret:0 this:0x00005654433c9578
11/10/2025 19:20:28:130	UTIL	[46:46:4004929984]	INFO	mlog_file::init mid:1027 size:1048576 shmem:false ret:0 this:0x00005654434a2db8
11/10/2025 19:20:28:455	UTIL	[46:46:4004929984]	INFO	mlog_file::init mid:1008 size:1048576 shmem:false ret:0 this:0x00005654434a20e8
11/10/2025 19:20:28:791	UTIL	[46:46:4004929984]	INFO	mlog_file::init mid:1030 size:1048576 shmem:false ret:0 this:0x00005654433d52d8
