11/10/2025 19:20:03:073	UTIL	[46:46:887755200]	INFO	thread_mgr_t ::thread_mgr_t(),Mon,10 Nov 2025 19:20:03 GMT, preset_owner_thr = false, this = 0x000055bf4c5660f0
11/10/2025 19:20:03:074	UTIL	[46:46:887755200]	INFO	new_i8_allocator_t::new_i8_allocator_t, m_page_size = 4096, this = 0x000055bf4c562f00
11/10/2025 19:20:03:074	UTIL	[46:46:887755200]	INFO	UTIL_INIT  refer , s_init_times = 1, module_id = 9, description = UTIL has been built on:Sep 19 2025 at 06:33:56 on branch release-client-6.6.x with commit ID 2583f48484aeb604c472d0a89b4ddc1f55, dir = , filename = , pext = log, max_size = 41943040, max_idx = 99
11/10/2025 19:20:03:074	UTIL	[46:46:887755200]	INFO	set_timer_driver, setup_call = 0x00007f70507603b0, remove_call = 0x00007f7050760290
11/10/2025 19:20:03:074	UTIL	[46:46:887755200]	INFO	thread_mgr_t::spawn, mode = 02000008, w_queue_size = 8192, type = 0, interact_timer = true, thr_name = , bind_mask = 4294967295, use_ext_timer_drv = true, notifier = 0x000055bf4c5618f0, this = 0x000055bf4c5660f0
11/10/2025 19:20:03:074	UTIL	[46:46:887755200]	INFO	thread_wrapper_t::thread_wrapper_t, mode = 02000008, id = 0, type = 0, thr_manager = 0x000055bf4c5660f0, waits = 0, interact_timer = true, m_timer_precision = 50, this = 0x000055bf4c5540a0
11/10/2025 19:20:03:074	UTIL	[46:46:887755200]	INFO	msg_queue_t::msg_queue_t notifier = , notifier = 0x000055bf4c5618f0, writer = 0x0000000000000000, capacity = 1024, mode = 0, this = 0x000055bf4c561b10
11/10/2025 19:20:03:074	UTIL	[46:46:887755200]	INFO	thread_wrapper_t::thread_wrapper_t ctrl queue size = 1024, this = 0x000055bf4c5540a0
11/10/2025 19:20:03:074	UTIL	[46:46:887755200]	INFO	thread_wrapper_t::init_tls(), m_thread_manager = 0x000055bf4c5660f0, this = 0x000055bf4c5540a0
11/10/2025 19:20:03:074	UTIL	[46:46:887755200]	INFO	thread_mgr_t::register_tls, thr = 0x000055bf4c5540a0, tls = true, this = 0x000055bf4c5660f0
11/10/2025 19:20:03:074	UTIL	[46:46:887755200]	INFO	thread_wrapper_t::start_alive_check() timer = 0x0000000000000000, m_interact_timer = true, this = 0x000055bf4c5540a0
11/10/2025 19:20:03:074	UTIL	[46:46:887755200]	INFO	timer_queue_t::timer_queue_t() , sink = 0x000055bf4c5540d8, min_interval = 204800, this = 0x000055bf4c56eb00
11/10/2025 19:20:03:074	UTIL	[46:46:887755200]	INFO	thread_wrapper_t::open_notifier, waits = 0, m_notify = 0x000055bf4c5618f0, this = 0x000055bf4c5540a0
11/10/2025 19:20:03:074	UTIL	[46:46:887755200]	INFO	msg_queue_base_t::open_notifier, m_notifier = 0x000055bf4c5618f0, notifier = 0x000055bf4c5618f0, this = 0x000055bf4c561b30
11/10/2025 19:20:03:074	UTIL	[46:46:887755200]	INFO	thread_mgr_t::attach handle = 0x000055bf4c5540a0, thread_id = 140119900819904, owner_thr = 0x000055bf4c5540a0, owner_id = 140119900819904, queue_size = 8192, this = 0x000055bf4c5660f0
11/10/2025 19:20:03:074	UTIL	[46:46:887755200]	INFO	thread_wrapper_t::create_channel(), bind_thr = 0x000055bf4c5540a0[140119900819904], read_capacity = 8192, write_capacity = 8192, this = 0x000055bf4c5540a0
11/10/2025 19:20:03:074	UTIL	[46:46:887755200]	INFO	o2o_msg_queue_t::o2o_msg_queue_t, notifier = 0x000055bf4c5618f0, writer = 0x000055bf4c5540a0[140119900819904], reader = 0x000055bf4c5540a0[140119900819904], capacity = 8192, mode = 0, this = 0x000055bf4c562d00
11/10/2025 19:20:03:074	UTIL	[46:46:887755200]	INFO	o2o_msg_queue_t::o2o_msg_queue_t, notifier = 0x000055bf4c5618f0, writer = 0x000055bf4c5540a0[140119900819904], reader = 0x000055bf4c5540a0[140119900819904], capacity = 8192, mode = 0, this = 0x000055bf4c565e00
11/10/2025 19:20:03:074	UTIL	[46:46:887755200]	INFO	thread_wrapper_t::bind_queue  , self_id = 140119900819904, bind_thr = 0x000055bf4c5540a0[140119900819904], r_queue = 0x000055bf4c562d68, w_queue = 0x000055bf4c565e70, this = 0x000055bf4c5540a0
11/10/2025 19:20:03:074	UTIL	[46:46:887755200]	INFO	thread_wrapper_t::bind_queue  , self_id = 140119900819904, bind_thr = 0x000055bf4c5540a0[140119900819904], r_queue = 0x000055bf4c565e68, w_queue = 0x000055bf4c562d70, this = 0x000055bf4c5540a0
11/10/2025 19:20:03:074	UTIL	[46:46:887755200]	INFO	thread_wrapper_t::bind_queue bind_thr = 0x000055bf4c5540a0 already be existed, skip it, this = 0x000055bf4c5540a0
11/10/2025 19:20:03:074	UTIL	[46:46:887755200]	INFO	thread_wrapper_t::adjust_timer_precision, m_timer_precision = 50, new_timer_precision = 50, this = 0x000055bf4c5540a0
11/10/2025 19:20:03:074	UTIL	[46:46:887755200]	INFO	register_logger  module_id = 1057, module_name = zoomtask, max_level = 31, logger = 0x0000000000000000, mode = 3
11/10/2025 19:20:03:591	UTIL	[46:46:887755200]	INFO	UTIL_INIT  refer times = 2, module_id = 1057, UTIL has been built on:Sep 19 2025 at 06:33:56 on branch release-client-6.6.x with commit ID 2583f48484aeb604c472d0a89b4ddc1f55
11/10/2025 19:20:03:591	UTIL	[46:46:887755200]	INFO	register_logger  module_id = 1057, module_name = ZoomTask, max_level = 31, logger = 0x0000000000000000, mode = 3
11/10/2025 19:20:03:596	UTIL	[46:46:887755200]	INFO	UTIL_INIT  refer times = 3, module_id = 2, UTIL has been built on:Sep 19 2025 at 06:33:56 on branch release-client-6.6.x with commit ID 2583f48484aeb604c472d0a89b4ddc1f55
11/10/2025 19:20:03:598	UTIL	[46:46:887755200]	INFO	timer_it::timer_it id = 0, own_thr = 0x0000000000000000, this = 0x000055bf4c566848
11/10/2025 19:20:03:598	UTIL	[46:46:887755200]	INFO	thread_mgr_t::spawn, mode = 01000004, w_queue_size = 0, type = 3, interact_timer = true, thr_name = zoom.dns, bind_mask = 0, use_ext_timer_drv = false, notifier = 0x0000000000000000, this = 0x000055bf4c5660f0
11/10/2025 19:20:03:598	UTIL	[46:46:887755200]	INFO	thread_wrapper_t::thread_wrapper_t, mode = 01000004, id = 0, type = 3, thr_manager = 0x000055bf4c5660f0, waits = 1, interact_timer = true, m_timer_precision = 50, this = 0x000055bf4c5aede0
11/10/2025 19:20:03:598	UTIL	[46:46:887755200]	INFO	msg_queue_t::msg_queue_t notifier = , notifier = 0x0000000000000000, writer = 0x0000000000000000, capacity = 1024, mode = 1, this = 0x000055bf4c5af240
11/10/2025 19:20:03:598	UTIL	[46:46:887755200]	INFO	thread_wrapper_t::thread_wrapper_t ctrl queue size = 1024, this = 0x000055bf4c5aede0
11/10/2025 19:20:03:598	UTIL	[46:46:887755200]	INFO	thread_io_t::thread_io_t(), mode = 01000004, type = 3, queue size = 0, this = 0x000055bf4c5aedb0
11/10/2025 19:20:03:598	UTIL	[46:46:887755200]	INFO	thread_io_t::open_notifier, waits = 1, this = 0x000055bf4c5aedb0
11/10/2025 19:20:03:598	UTIL	[46:46:887755200]	INFO	msg_queue_base_t::open_notifier, m_notifier = 0x0000000000000000, notifier = 0x000055bf4c5acad0, this = 0x000055bf4c5af260
11/10/2025 19:20:03:598	UTIL	[46:46:887755200]	INFO	thread_io_t::thread_run(), id = 0, args = 0x0000000000000000, this = 0x000055bf4c5aedb0
11/10/2025 19:20:03:598	UTIL	[46:46:887755200]	INFO	io_repo_t::io_repo_t, m_working = 0x000055bf4c5aede0, max_io_fds = 1024, this = 0x000055bf4c5b3760
11/10/2025 19:20:03:598	UTIL	[46:46:887755200]	INFO	notifier_handler_t::notifier_handler_t, io_container = 0x000055bf4c5b37600x000055bf4c5acad0, this = 0x000055bf4c5bb8e0
11/10/2025 19:20:03:598	UTIL	[46:46:887755200]	INFO	poll_t::poll_t register, fd = 11, es.first = 00000000000000000000000000000011, this = 0x000055bf4c5b3760
11/10/2025 19:20:03:598	UTIL	[46:46:887755200]	INFO	io_repo_t::start(), m_stop = true, this = 0x000055bf4c5b3760
11/10/2025 19:20:03:598	UTIL	[46:46:887755200]	INFO	thread_mgr_t::spawn only has control message queue for this thread, this = 0x000055bf4c5660f0
11/10/2025 19:20:03:598	UTIL	[46:46:887755200]	FATAL	assert: msg[thread_wrapper_t::create_channel bind thread should valid!, bind_thr = 0x0000000000000000] file[/home/jenkins/agent/workspace/Client/Client/DMT/linux/release/tp_util/util/src/thread.cpp], line = [1122]
11/10/2025 19:20:03:598	UTIL	[46:46:887755200]	INFO	thread_wrapper_t::adjust_timer_precision, m_timer_precision = 50, new_timer_precision = 50, this = 0x000055bf4c5aede0
11/10/2025 19:20:03:599	UTIL	[46:46:887755200]	INFO	timer_it::timer_it id = 0, own_thr = 0x0000000000000000, this = 0x000055bf4c5bc3a0
11/10/2025 19:20:03:599	UTIL	[46:46:887755200]	INFO	timer_it::add_timer sink = 0x000055bf4c566720, interval = 100, times = 0, is_exact = true, this = 0x000055bf4c5bc3a0
11/10/2025 19:20:03:602	UTIL	[46:46:887755200]	INFO	UTIL_INIT  refer times = 4, module_id = 9, UTIL has been built on:Sep 19 2025 at 06:33:56 on branch release-client-6.6.x with commit ID 2583f48484aeb604c472d0a89b4ddc1f55
11/10/2025 19:20:03:602	UTIL	[46:46:887755200]	INFO	thread_mgr_t::spawn, mode = 01000004, w_queue_size = 65536, type = 1027, interact_timer = true, thr_name = zoom.db, bind_mask = 4294967295, use_ext_timer_drv = false, notifier = 0x0000000000000000, this = 0x000055bf4c5660f0
11/10/2025 19:20:03:602	UTIL	[46:46:887755200]	INFO	thread_wrapper_t::thread_wrapper_t, mode = 01000004, id = 0, type = 1027, thr_manager = 0x000055bf4c5660f0, waits = 1, interact_timer = true, m_timer_precision = 50, this = 0x000055bf4c5e1850
11/10/2025 19:20:03:602	UTIL	[46:46:887755200]	INFO	msg_queue_t::msg_queue_t notifier = , notifier = 0x0000000000000000, writer = 0x0000000000000000, capacity = 1024, mode = 1, this = 0x000055bf4c5d59a0
11/10/2025 19:20:03:602	UTIL	[46:46:887755200]	INFO	thread_wrapper_t::thread_wrapper_t ctrl queue size = 1024, this = 0x000055bf4c5e1850
11/10/2025 19:20:03:602	UTIL	[46:46:887755200]	INFO	thread_io_t::thread_io_t(), mode = 01000004, type = 1027, queue size = 65536, this = 0x000055bf4c5e1820
11/10/2025 19:20:03:602	UTIL	[46:46:887755200]	INFO	thread_io_t::open_notifier, waits = 1, this = 0x000055bf4c5e1820
11/10/2025 19:20:03:602	UTIL	[46:46:887755200]	INFO	msg_queue_base_t::open_notifier, m_notifier = 0x0000000000000000, notifier = 0x000055bf4c5e5c10, this = 0x000055bf4c5d59c0
11/10/2025 19:20:03:602	UTIL	[46:46:887755200]	INFO	thread_io_t::thread_run(), id = 0, args = 0x0000000000000000, this = 0x000055bf4c5e1820
11/10/2025 19:20:03:602	UTIL	[46:46:887755200]	INFO	io_repo_t::io_repo_t, m_working = 0x000055bf4c5e1850, max_io_fds = 1024, this = 0x000055bf4c5e5e10
11/10/2025 19:20:03:602	UTIL	[46:46:887755200]	INFO	notifier_handler_t::notifier_handler_t, io_container = 0x000055bf4c5e5e100x000055bf4c5e5c10, this = 0x000055bf4c5d7260
11/10/2025 19:20:03:602	UTIL	[46:46:887755200]	INFO	poll_t::poll_t register, fd = 20, es.first = 00000000000000000000000000000011, this = 0x000055bf4c5e5e10
11/10/2025 19:20:03:602	UTIL	[46:46:887755200]	INFO	io_repo_t::start(), m_stop = true, this = 0x000055bf4c5e5e10
11/10/2025 19:20:03:603	UTIL	[46:46:887755200]	INFO	thread_mgr_t::attach handle = 0x000055bf4c5e1850, thread_id = 140119591864000, owner_thr = 0x000055bf4c5540a0, owner_id = 140119900819904, queue_size = 65536, this = 0x000055bf4c5660f0
11/10/2025 19:20:03:603	UTIL	[46:46:887755200]	INFO	thread_wrapper_t::create_channel(), bind_thr = 0x000055bf4c5540a0[140119900819904], read_capacity = 65536, write_capacity = 65536, this = 0x000055bf4c5e1850
11/10/2025 19:20:03:603	UTIL	[46:46:887755200]	INFO	o2o_msg_queue_t::o2o_msg_queue_t, notifier = 0x000055bf4c5618f0, writer = 0x000055bf4c5e1850[140119591864000], reader = 0x000055bf4c5540a0[140119900819904], capacity = 65536, mode = 0, this = 0x000055bf4c5ee880
11/10/2025 19:20:03:603	UTIL	[46:46:887755200]	INFO	o2o_msg_queue_t::o2o_msg_queue_t, notifier = 0x000055bf4c5e5c10, writer = 0x000055bf4c5540a0[140119900819904], reader = 0x000055bf4c5e1850[140119591864000], capacity = 65536, mode = 1, this = 0x000055bf4c5eeab0
11/10/2025 19:20:03:603	UTIL	[46:46:887755200]	INFO	thread_wrapper_t::bind_queue  , self_id = 140119900819904, bind_thr = 0x000055bf4c5e1850[140119591864000], r_queue = 0x000055bf4c5ee8e8, w_queue = 0x000055bf4c5eeb20, this = 0x000055bf4c5540a0
11/10/2025 19:20:03:603	UTIL	[46:46:887755200]	INFO	thread_wrapper_t::bind_queue  , self_id = 140119591864000, bind_thr = 0x000055bf4c5540a0[140119900819904], r_queue = 0x000055bf4c5eeb18, w_queue = 0x000055bf4c5ee8f0, this = 0x000055bf4c5e1850
11/10/2025 19:20:03:603	UTIL	[46:46:887755200]	INFO	thread_wrapper_t::create_channel(), bind_thr = 0x000055bf4c5aede0[140119868503744], read_capacity = 65536, write_capacity = 65536, this = 0x000055bf4c5e1850
11/10/2025 19:20:03:604	UTIL	[46:46:887755200]	INFO	o2o_msg_queue_t::o2o_msg_queue_t, notifier = 0x000055bf4c5acad0, writer = 0x000055bf4c5e1850[140119591864000], reader = 0x000055bf4c5aede0[140119868503744], capacity = 65536, mode = 1, this = 0x000055bf4c5ef140
11/10/2025 19:20:03:604	UTIL	[46:46:887755200]	INFO	o2o_msg_queue_t::o2o_msg_queue_t, notifier = 0x000055bf4c5e5c10, writer = 0x000055bf4c5aede0[140119868503744], reader = 0x000055bf4c5e1850[140119591864000], capacity = 65536, mode = 1, this = 0x000055bf4c5ef370
11/10/2025 19:20:03:604	UTIL	[46:46:887755200]	INFO	thread_wrapper_t::send_ctrl_msg msg = 0x000055bf4c5ef5a0, (uint64_t)m_id = 0, timeout = -1, this = 0x000055bf4c5e1850
11/10/2025 19:20:03:600	UTIL	[46:52:855439040]	INFO	poll_t::loop () begin, working = 0x000055bf4c5aede0, this = 0x000055bf4c5b3760
11/10/2025 19:20:03:604	UTIL	[46:52:855439040]	INFO	thread_io_t::init_tls() thread_id = 140119868503744, this = 0x000055bf4c5aedb0
11/10/2025 19:20:03:604	UTIL	[46:52:855439040]	INFO	thread_wrapper_t::init_tls(), m_thread_manager = 0x000055bf4c5660f0, this = 0x000055bf4c5aede0
11/10/2025 19:20:03:604	UTIL	[46:52:855439040]	INFO	thread_mgr_t::register_tls, thr = 0x000055bf4c5aede0, tls = true, this = 0x000055bf4c5660f0
11/10/2025 19:20:03:604	UTIL	[46:52:855439040]	INFO	thread_wrapper_t::start_alive_check() timer = 0x0000000000000000, m_interact_timer = true, this = 0x000055bf4c5aede0
11/10/2025 19:20:03:604	UTIL	[46:52:855439040]	INFO	timer_queue_t::timer_queue_t() , sink = 0x000055bf4c5aee18, min_interval = 204800, this = 0x00007f7018001070
11/10/2025 19:20:03:604	UTIL	[46:60:578799296]	INFO	poll_t::loop () begin, working = 0x000055bf4c5e1850, this = 0x000055bf4c5e5e10
11/10/2025 19:20:03:604	UTIL	[46:60:578799296]	INFO	thread_io_t::init_tls() thread_id = 140119591864000, this = 0x000055bf4c5e1820
11/10/2025 19:20:03:604	UTIL	[46:60:578799296]	INFO	thread_wrapper_t::init_tls(), m_thread_manager = 0x000055bf4c5660f0, this = 0x000055bf4c5e1850
11/10/2025 19:20:03:604	UTIL	[46:60:578799296]	INFO	thread_mgr_t::register_tls, thr = 0x000055bf4c5e1850, tls = true, this = 0x000055bf4c5660f0
11/10/2025 19:20:03:604	UTIL	[46:60:578799296]	INFO	thread_wrapper_t::start_alive_check() timer = 0x0000000000000000, m_interact_timer = true, this = 0x000055bf4c5e1850
11/10/2025 19:20:03:604	UTIL	[46:60:578799296]	INFO	timer_queue_t::timer_queue_t() , sink = 0x000055bf4c5e1888, min_interval = 204800, this = 0x00007f7014001070
11/10/2025 19:20:03:604	UTIL	[46:60:578799296]	INFO	thread_wrapper_t::create_ch_msg_t::on_message from = 0x000055bf4c5e1850, to = 0x000055bf4c5aede0, this = 0x000055bf4c5ef5a0
11/10/2025 19:20:03:604	UTIL	[46:60:578799296]	INFO	thread_wrapper_t::bind_queue  , self_id = 140119868503744, bind_thr = 0x000055bf4c5e1850[140119591864000], r_queue = 0x000055bf4c5ef1a8, w_queue = 0x000055bf4c5ef3e0, this = 0x000055bf4c5aede0
11/10/2025 19:20:03:604	UTIL	[46:46:887755200]	INFO	thread_wrapper_t::bind_queue  , self_id = 140119591864000, bind_thr = 0x000055bf4c5aede0[140119868503744], r_queue = 0x000055bf4c5ef3d8, w_queue = 0x000055bf4c5ef1b0, this = 0x000055bf4c5e1850
11/10/2025 19:20:03:604	UTIL	[46:46:887755200]	INFO	thread_wrapper_t::create_channel(), bind_thr = 0x000055bf4c5e1850[140119591864000], read_capacity = 65536, write_capacity = 65536, this = 0x000055bf4c5e1850
11/10/2025 19:20:03:605	UTIL	[46:46:887755200]	INFO	o2o_msg_queue_t::o2o_msg_queue_t, notifier = 0x000055bf4c5e5c10, writer = 0x000055bf4c5e1850[140119591864000], reader = 0x000055bf4c5e1850[140119591864000], capacity = 65536, mode = 1, this = 0x000055bf4c5efa60
11/10/2025 19:20:03:605	UTIL	[46:46:887755200]	INFO	o2o_msg_queue_t::o2o_msg_queue_t, notifier = 0x000055bf4c5e5c10, writer = 0x000055bf4c5e1850[140119591864000], reader = 0x000055bf4c5e1850[140119591864000], capacity = 65536, mode = 1, this = 0x000055bf4c5efc90
11/10/2025 19:20:03:605	UTIL	[46:46:887755200]	INFO	thread_wrapper_t::send_ctrl_msg msg = 0x000055bf4c5efec0, (uint64_t)m_id = 140119591864000, timeout = -1, this = 0x000055bf4c5e1850
11/10/2025 19:20:03:605	UTIL	[46:60:578799296]	INFO	thread_wrapper_t::create_ch_msg_t::on_message from = 0x000055bf4c5e1850, to = 0x000055bf4c5e1850, this = 0x000055bf4c5efec0
11/10/2025 19:20:03:605	UTIL	[46:60:578799296]	INFO	thread_wrapper_t::bind_queue  , self_id = 140119591864000, bind_thr = 0x000055bf4c5e1850[140119591864000], r_queue = 0x000055bf4c5efac8, w_queue = 0x000055bf4c5efd00, this = 0x000055bf4c5e1850
11/10/2025 19:20:03:605	UTIL	[46:46:887755200]	INFO	thread_wrapper_t::bind_queue  , self_id = 140119591864000, bind_thr = 0x000055bf4c5e1850[140119591864000], r_queue = 0x000055bf4c5efcf8, w_queue = 0x000055bf4c5efad0, this = 0x000055bf4c5e1850
11/10/2025 19:20:03:605	UTIL	[46:46:887755200]	INFO	thread_wrapper_t::bind_queue bind_thr = 0x000055bf4c5e1850 already be existed, skip it, this = 0x000055bf4c5e1850
11/10/2025 19:20:03:605	UTIL	[46:46:887755200]	INFO	thread_wrapper_t::adjust_timer_precision, m_timer_precision = 50, new_timer_precision = 50, this = 0x000055bf4c5e1850
11/10/2025 19:20:03:605	UTIL	[46:46:887755200]	INFO	thread_mgr_t::spawn, mode = 01000004, w_queue_size = 65536, type = 1028, interact_timer = true, thr_name = zoom.im.index, bind_mask = 4294967295, use_ext_timer_drv = false, notifier = 0x0000000000000000, this = 0x000055bf4c5660f0
11/10/2025 19:20:03:605	UTIL	[46:46:887755200]	INFO	thread_wrapper_t::thread_wrapper_t, mode = 01000004, id = 0, type = 1028, thr_manager = 0x000055bf4c5660f0, waits = 1, interact_timer = true, m_timer_precision = 50, this = 0x000055bf4c5f0600
11/10/2025 19:20:03:605	UTIL	[46:46:887755200]	INFO	msg_queue_t::msg_queue_t notifier = , notifier = 0x0000000000000000, writer = 0x0000000000000000, capacity = 1024, mode = 1, this = 0x000055bf4c5f08b0
11/10/2025 19:20:03:605	UTIL	[46:46:887755200]	INFO	thread_wrapper_t::thread_wrapper_t ctrl queue size = 1024, this = 0x000055bf4c5f0600
11/10/2025 19:20:03:605	UTIL	[46:46:887755200]	INFO	thread_io_t::thread_io_t(), mode = 01000004, type = 1028, queue size = 65536, this = 0x000055bf4c5f05d0
11/10/2025 19:20:03:605	UTIL	[46:46:887755200]	INFO	thread_io_t::open_notifier, waits = 1, this = 0x000055bf4c5f05d0
11/10/2025 19:20:03:605	UTIL	[46:46:887755200]	INFO	msg_queue_base_t::open_notifier, m_notifier = 0x0000000000000000, notifier = 0x000055bf4c5f4de0, this = 0x000055bf4c5f08d0
11/10/2025 19:20:03:605	UTIL	[46:46:887755200]	INFO	thread_io_t::thread_run(), id = 0, args = 0x0000000000000000, this = 0x000055bf4c5f05d0
11/10/2025 19:20:03:605	UTIL	[46:46:887755200]	INFO	io_repo_t::io_repo_t, m_working = 0x000055bf4c5f0600, max_io_fds = 1024, this = 0x000055bf4c5f5040
11/10/2025 19:20:03:605	UTIL	[46:46:887755200]	INFO	notifier_handler_t::notifier_handler_t, io_container = 0x000055bf4c5f50400x000055bf4c5f4de0, this = 0x000055bf4c5bcf00
11/10/2025 19:20:03:605	UTIL	[46:46:887755200]	INFO	poll_t::poll_t register, fd = 22, es.first = 00000000000000000000000000000011, this = 0x000055bf4c5f5040
11/10/2025 19:20:03:605	UTIL	[46:46:887755200]	INFO	io_repo_t::start(), m_stop = true, this = 0x000055bf4c5f5040
11/10/2025 19:20:03:605	UTIL	[46:46:887755200]	INFO	thread_mgr_t::attach handle = 0x000055bf4c5f0600, thread_id = 140119583471296, owner_thr = 0x000055bf4c5540a0, owner_id = 140119900819904, queue_size = 65536, this = 0x000055bf4c5660f0
11/10/2025 19:20:03:605	UTIL	[46:46:887755200]	INFO	thread_wrapper_t::create_channel(), bind_thr = 0x000055bf4c5540a0[140119900819904], read_capacity = 65536, write_capacity = 65536, this = 0x000055bf4c5f0600
11/10/2025 19:20:03:605	UTIL	[46:46:887755200]	INFO	o2o_msg_queue_t::o2o_msg_queue_t, notifier = 0x000055bf4c5618f0, writer = 0x000055bf4c5f0600[140119583471296], reader = 0x000055bf4c5540a0[140119900819904], capacity = 65536, mode = 0, this = 0x000055bf4c5fdab0
11/10/2025 19:20:03:605	UTIL	[46:46:887755200]	INFO	o2o_msg_queue_t::o2o_msg_queue_t, notifier = 0x000055bf4c5f4de0, writer = 0x000055bf4c5540a0[140119900819904], reader = 0x000055bf4c5f0600[140119583471296], capacity = 65536, mode = 1, this = 0x000055bf4c5fdce0
11/10/2025 19:20:03:605	UTIL	[46:46:887755200]	INFO	thread_wrapper_t::bind_queue  , self_id = 140119900819904, bind_thr = 0x000055bf4c5f0600[140119583471296], r_queue = 0x000055bf4c5fdb18, w_queue = 0x000055bf4c5fdd50, this = 0x000055bf4c5540a0
11/10/2025 19:20:03:605	UTIL	[46:46:887755200]	INFO	thread_wrapper_t::bind_queue  , self_id = 140119583471296, bind_thr = 0x000055bf4c5540a0[140119900819904], r_queue = 0x000055bf4c5fdd48, w_queue = 0x000055bf4c5fdb20, this = 0x000055bf4c5f0600
11/10/2025 19:20:03:605	UTIL	[46:46:887755200]	INFO	thread_wrapper_t::create_channel(), bind_thr = 0x000055bf4c5aede0[140119868503744], read_capacity = 65536, write_capacity = 65536, this = 0x000055bf4c5f0600
11/10/2025 19:20:03:606	UTIL	[46:46:887755200]	INFO	o2o_msg_queue_t::o2o_msg_queue_t, notifier = 0x000055bf4c5acad0, writer = 0x000055bf4c5f0600[140119583471296], reader = 0x000055bf4c5aede0[140119868503744], capacity = 65536, mode = 1, this = 0x000055bf4c5fe370
11/10/2025 19:20:03:606	UTIL	[46:46:887755200]	INFO	o2o_msg_queue_t::o2o_msg_queue_t, notifier = 0x000055bf4c5f4de0, writer = 0x000055bf4c5aede0[140119868503744], reader = 0x000055bf4c5f0600[140119583471296], capacity = 65536, mode = 1, this = 0x000055bf4c5fe5a0
11/10/2025 19:20:03:606	UTIL	[46:46:887755200]	INFO	thread_wrapper_t::send_ctrl_msg msg = 0x000055bf4c5fe7d0, (uint64_t)m_id = 0, timeout = -1, this = 0x000055bf4c5f0600
11/10/2025 19:20:03:607	UTIL	[46:61:570406592]	INFO	poll_t::loop () begin, working = 0x000055bf4c5f0600, this = 0x000055bf4c5f5040
11/10/2025 19:20:03:607	UTIL	[46:61:570406592]	INFO	thread_io_t::init_tls() thread_id = 140119583471296, this = 0x000055bf4c5f05d0
11/10/2025 19:20:03:607	UTIL	[46:61:570406592]	INFO	thread_wrapper_t::init_tls(), m_thread_manager = 0x000055bf4c5660f0, this = 0x000055bf4c5f0600
11/10/2025 19:20:03:607	UTIL	[46:61:570406592]	INFO	thread_mgr_t::register_tls, thr = 0x000055bf4c5f0600, tls = true, this = 0x000055bf4c5660f0
11/10/2025 19:20:03:607	UTIL	[46:61:570406592]	INFO	thread_wrapper_t::start_alive_check() timer = 0x0000000000000000, m_interact_timer = true, this = 0x000055bf4c5f0600
11/10/2025 19:20:03:607	UTIL	[46:61:570406592]	INFO	timer_queue_t::timer_queue_t() , sink = 0x000055bf4c5f0638, min_interval = 204800, this = 0x00007f7004001070
11/10/2025 19:20:03:607	UTIL	[46:61:570406592]	INFO	thread_wrapper_t::create_ch_msg_t::on_message from = 0x000055bf4c5f0600, to = 0x000055bf4c5aede0, this = 0x000055bf4c5fe7d0
11/10/2025 19:20:03:607	UTIL	[46:61:570406592]	INFO	thread_wrapper_t::bind_queue  , self_id = 140119868503744, bind_thr = 0x000055bf4c5f0600[140119583471296], r_queue = 0x000055bf4c5fe3d8, w_queue = 0x000055bf4c5fe610, this = 0x000055bf4c5aede0
11/10/2025 19:20:03:607	UTIL	[46:46:887755200]	INFO	thread_wrapper_t::bind_queue  , self_id = 140119583471296, bind_thr = 0x000055bf4c5aede0[140119868503744], r_queue = 0x000055bf4c5fe608, w_queue = 0x000055bf4c5fe3e0, this = 0x000055bf4c5f0600
11/10/2025 19:20:03:607	UTIL	[46:46:887755200]	INFO	thread_wrapper_t::create_channel(), bind_thr = 0x000055bf4c5e1850[140119591864000], read_capacity = 65536, write_capacity = 65536, this = 0x000055bf4c5f0600
11/10/2025 19:20:03:607	UTIL	[46:46:887755200]	INFO	o2o_msg_queue_t::o2o_msg_queue_t, notifier = 0x000055bf4c5e5c10, writer = 0x000055bf4c5f0600[140119583471296], reader = 0x000055bf4c5e1850[140119591864000], capacity = 65536, mode = 1, this = 0x000055bf4c5fec90
11/10/2025 19:20:03:607	UTIL	[46:46:887755200]	INFO	o2o_msg_queue_t::o2o_msg_queue_t, notifier = 0x000055bf4c5f4de0, writer = 0x000055bf4c5e1850[140119591864000], reader = 0x000055bf4c5f0600[140119583471296], capacity = 65536, mode = 1, this = 0x000055bf4c5feec0
11/10/2025 19:20:03:607	UTIL	[46:46:887755200]	INFO	thread_wrapper_t::send_ctrl_msg msg = 0x000055bf4c5ff0f0, (uint64_t)m_id = 140119583471296, timeout = -1, this = 0x000055bf4c5f0600
11/10/2025 19:20:03:608	UTIL	[46:61:570406592]	INFO	thread_wrapper_t::create_ch_msg_t::on_message from = 0x000055bf4c5f0600, to = 0x000055bf4c5e1850, this = 0x000055bf4c5ff0f0
11/10/2025 19:20:03:608	UTIL	[46:61:570406592]	INFO	thread_wrapper_t::bind_queue  , self_id = 140119591864000, bind_thr = 0x000055bf4c5f0600[140119583471296], r_queue = 0x000055bf4c5fecf8, w_queue = 0x000055bf4c5fef30, this = 0x000055bf4c5e1850
11/10/2025 19:20:03:608	UTIL	[46:46:887755200]	INFO	thread_wrapper_t::bind_queue  , self_id = 140119583471296, bind_thr = 0x000055bf4c5e1850[140119591864000], r_queue = 0x000055bf4c5fef28, w_queue = 0x000055bf4c5fed00, this = 0x000055bf4c5f0600
11/10/2025 19:20:03:608	UTIL	[46:46:887755200]	INFO	thread_wrapper_t::create_channel(), bind_thr = 0x000055bf4c5f0600[140119583471296], read_capacity = 65536, write_capacity = 65536, this = 0x000055bf4c5f0600
11/10/2025 19:20:03:608	UTIL	[46:46:887755200]	INFO	o2o_msg_queue_t::o2o_msg_queue_t, notifier = 0x000055bf4c5f4de0, writer = 0x000055bf4c5f0600[140119583471296], reader = 0x000055bf4c5f0600[140119583471296], capacity = 65536, mode = 1, this = 0x000055bf4c5ff540
11/10/2025 19:20:03:608	UTIL	[46:46:887755200]	INFO	o2o_msg_queue_t::o2o_msg_queue_t, notifier = 0x000055bf4c5f4de0, writer = 0x000055bf4c5f0600[140119583471296], reader = 0x000055bf4c5f0600[140119583471296], capacity = 65536, mode = 1, this = 0x000055bf4c5ff770
11/10/2025 19:20:03:608	UTIL	[46:46:887755200]	INFO	thread_wrapper_t::send_ctrl_msg msg = 0x000055bf4c5ff9a0, (uint64_t)m_id = 140119583471296, timeout = -1, this = 0x000055bf4c5f0600
11/10/2025 19:20:03:608	UTIL	[46:61:570406592]	INFO	thread_wrapper_t::create_ch_msg_t::on_message from = 0x000055bf4c5f0600, to = 0x000055bf4c5f0600, this = 0x000055bf4c5ff9a0
11/10/2025 19:20:03:608	UTIL	[46:61:570406592]	INFO	thread_wrapper_t::bind_queue  , self_id = 140119583471296, bind_thr = 0x000055bf4c5f0600[140119583471296], r_queue = 0x000055bf4c5ff5a8, w_queue = 0x000055bf4c5ff7e0, this = 0x000055bf4c5f0600
11/10/2025 19:20:03:608	UTIL	[46:46:887755200]	INFO	thread_wrapper_t::bind_queue  , self_id = 140119583471296, bind_thr = 0x000055bf4c5f0600[140119583471296], r_queue = 0x000055bf4c5ff7d8, w_queue = 0x000055bf4c5ff5b0, this = 0x000055bf4c5f0600
11/10/2025 19:20:03:608	UTIL	[46:46:887755200]	INFO	thread_wrapper_t::bind_queue bind_thr = 0x000055bf4c5f0600 already be existed, skip it, this = 0x000055bf4c5f0600
11/10/2025 19:20:03:608	UTIL	[46:46:887755200]	INFO	thread_wrapper_t::adjust_timer_precision, m_timer_precision = 50, new_timer_precision = 50, this = 0x000055bf4c5f0600
11/10/2025 19:20:04:160	UTIL	[46:46:887755200]	INFO	UTIL_INIT  refer times = 5, module_id = 5, UTIL has been built on:Sep 19 2025 at 06:33:56 on branch release-client-6.6.x with commit ID 2583f48484aeb604c472d0a89b4ddc1f55
11/10/2025 19:20:04:160	UTIL	[46:46:887755200]	INFO	register_logger  module_id = 5, module_name = MCM, max_level = 31, logger = 0x0000000000000000, mode = 3
11/10/2025 19:20:04:366	UTIL	[46:46:887755200]	INFO	register_logger  module_id = 6, module_name = NYDUS, max_level = 31, logger = 0x0000000000000000, mode = 3
11/10/2025 19:20:04:432	UTIL	[46:46:887755200]	INFO	timer_it::timer_it id = 0, own_thr = 0x0000000000000000, this = 0x000055bf4c602bd0
11/10/2025 19:20:04:432	UTIL	[46:46:887755200]	INFO	timer_it::timer_it id = 0, own_thr = 0x0000000000000000, this = 0x000055bf4c622ff0
11/10/2025 19:20:04:432	UTIL	[46:46:887755200]	INFO	thread_mgr_t::spawn, mode = 00000008, w_queue_size = 8192, type = 1024, interact_timer = true, thr_name = , bind_mask = 4294967295, use_ext_timer_drv = false, notifier = 0x0000000000000000, this = 0x000055bf4c5660f0
11/10/2025 19:20:04:432	UTIL	[46:46:887755200]	INFO	thread_mgr_t::spawn already has an instance for the thread, return it directly, thread id = 140119900819904, this = 0x000055bf4c5660f0
11/10/2025 19:20:04:642	UTIL	[46:46:887755200]	INFO	timer_it::add_timer sink = 0x000055bf4c623dc8, interval = 12800, times = 0, is_exact = true, this = 0x000055bf4c602bd0
11/10/2025 19:20:04:642	UTIL	[46:46:887755200]	INFO	timer_it::add_timer sink = 0x000055bf4c623dc8, interval = 3840, times = 0, is_exact = true, this = 0x000055bf4c622ff0
11/10/2025 19:20:58:528	UTIL	[46:46:887755200]	INFO	mlog_file::init mid:1069 size:1048576 shmem:false ret:0 this:0x000055bf4c6c4228
11/10/2025 19:21:01:607	UTIL	[46:46:887755200]	INFO	mlog_file::init mid:1027 size:1048576 shmem:false ret:0 this:0x000055bf4c5fdb78
11/10/2025 19:21:01:790	UTIL	[46:46:887755200]	INFO	mlog_file::init mid:1008 size:1048576 shmem:false ret:0 this:0x000055bf4c5ff898
11/10/2025 19:21:02:120	UTIL	[46:46:887755200]	INFO	mlog_file::init mid:1030 size:1048576 shmem:false ret:0 this:0x000055bf4c6c4d78
