11/10/2025 19:32:02:627	UTIL	[43:43:1195450816]	INFO	thread_mgr_t ::thread_mgr_t(),Mon,10 Nov 2025 19:32:02 GMT, preset_owner_thr = false, this = 0x0000555ed0ebc100
11/10/2025 19:32:02:627	UTIL	[43:43:1195450816]	INFO	new_i8_allocator_t::new_i8_allocator_t, m_page_size = 4096, this = 0x0000555ed0eb8f10
11/10/2025 19:32:02:627	UTIL	[43:43:1195450816]	INFO	UTIL_INIT  refer , s_init_times = 1, module_id = 9, description = UTIL has been built on:Sep 19 2025 at 06:33:56 on branch release-client-6.6.x with commit ID 2583f48484aeb604c472d0a89b4ddc1f55, dir = , filename = , pext = log, max_size = 41943040, max_idx = 99
11/10/2025 19:32:02:627	UTIL	[43:43:1195450816]	INFO	set_timer_driver, setup_call = 0x00007f3762b603b0, remove_call = 0x00007f3762b60290
11/10/2025 19:32:02:627	UTIL	[43:43:1195450816]	INFO	thread_mgr_t::spawn, mode = 02000008, w_queue_size = 8192, type = 0, interact_timer = true, thr_name = , bind_mask = 4294967295, use_ext_timer_drv = true, notifier = 0x0000555ed0eb7900, this = 0x0000555ed0ebc100
11/10/2025 19:32:02:627	UTIL	[43:43:1195450816]	INFO	thread_wrapper_t::thread_wrapper_t, mode = 02000008, id = 0, type = 0, thr_manager = 0x0000555ed0ebc100, waits = 0, interact_timer = true, m_timer_precision = 50, this = 0x0000555ed0ec4ff0
11/10/2025 19:32:02:627	UTIL	[43:43:1195450816]	INFO	msg_queue_t::msg_queue_t notifier = , notifier = 0x0000555ed0eb7900, writer = 0x0000000000000000, capacity = 1024, mode = 0, this = 0x0000555ed0eba880
11/10/2025 19:32:02:627	UTIL	[43:43:1195450816]	INFO	thread_wrapper_t::thread_wrapper_t ctrl queue size = 1024, this = 0x0000555ed0ec4ff0
11/10/2025 19:32:02:628	UTIL	[43:43:1195450816]	INFO	thread_wrapper_t::init_tls(), m_thread_manager = 0x0000555ed0ebc100, this = 0x0000555ed0ec4ff0
11/10/2025 19:32:02:628	UTIL	[43:43:1195450816]	INFO	thread_mgr_t::register_tls, thr = 0x0000555ed0ec4ff0, tls = true, this = 0x0000555ed0ebc100
11/10/2025 19:32:02:628	UTIL	[43:43:1195450816]	INFO	thread_wrapper_t::start_alive_check() timer = 0x0000000000000000, m_interact_timer = true, this = 0x0000555ed0ec4ff0
11/10/2025 19:32:02:628	UTIL	[43:43:1195450816]	INFO	timer_queue_t::timer_queue_t() , sink = 0x0000555ed0ec5028, min_interval = 204800, this = 0x0000555ed0ec4b80
11/10/2025 19:32:02:628	UTIL	[43:43:1195450816]	INFO	thread_wrapper_t::open_notifier, waits = 0, m_notify = 0x0000555ed0eb7900, this = 0x0000555ed0ec4ff0
11/10/2025 19:32:02:628	UTIL	[43:43:1195450816]	INFO	msg_queue_base_t::open_notifier, m_notifier = 0x0000555ed0eb7900, notifier = 0x0000555ed0eb7900, this = 0x0000555ed0eba8a0
11/10/2025 19:32:02:628	UTIL	[43:43:1195450816]	INFO	thread_mgr_t::attach handle = 0x0000555ed0ec4ff0, thread_id = 139875395379648, owner_thr = 0x0000555ed0ec4ff0, owner_id = 139875395379648, queue_size = 8192, this = 0x0000555ed0ebc100
11/10/2025 19:32:02:628	UTIL	[43:43:1195450816]	INFO	thread_wrapper_t::create_channel(), bind_thr = 0x0000555ed0ec4ff0[139875395379648], read_capacity = 8192, write_capacity = 8192, this = 0x0000555ed0ec4ff0
11/10/2025 19:32:02:631	UTIL	[43:43:1195450816]	INFO	o2o_msg_queue_t::o2o_msg_queue_t, notifier = 0x0000555ed0eb7900, writer = 0x0000555ed0ec4ff0[139875395379648], reader = 0x0000555ed0ec4ff0[139875395379648], capacity = 8192, mode = 0, this = 0x0000555ed0eb8d10
11/10/2025 19:32:02:646	UTIL	[43:43:1195450816]	INFO	o2o_msg_queue_t::o2o_msg_queue_t, notifier = 0x0000555ed0eb7900, writer = 0x0000555ed0ec4ff0[139875395379648], reader = 0x0000555ed0ec4ff0[139875395379648], capacity = 8192, mode = 0, this = 0x0000555ed0ebbe10
11/10/2025 19:32:02:646	UTIL	[43:43:1195450816]	INFO	thread_wrapper_t::bind_queue  , self_id = 139875395379648, bind_thr = 0x0000555ed0ec4ff0[139875395379648], r_queue = 0x0000555ed0eb8d78, w_queue = 0x0000555ed0ebbe80, this = 0x0000555ed0ec4ff0
11/10/2025 19:32:02:646	UTIL	[43:43:1195450816]	INFO	thread_wrapper_t::bind_queue  , self_id = 139875395379648, bind_thr = 0x0000555ed0ec4ff0[139875395379648], r_queue = 0x0000555ed0ebbe78, w_queue = 0x0000555ed0eb8d80, this = 0x0000555ed0ec4ff0
11/10/2025 19:32:02:646	UTIL	[43:43:1195450816]	INFO	thread_wrapper_t::bind_queue bind_thr = 0x0000555ed0ec4ff0 already be existed, skip it, this = 0x0000555ed0ec4ff0
11/10/2025 19:32:02:646	UTIL	[43:43:1195450816]	INFO	thread_wrapper_t::adjust_timer_precision, m_timer_precision = 50, new_timer_precision = 50, this = 0x0000555ed0ec4ff0
11/10/2025 19:32:02:646	UTIL	[43:43:1195450816]	INFO	register_logger  module_id = 1057, module_name = zoomtask, max_level = 31, logger = 0x0000000000000000, mode = 3
11/10/2025 19:32:02:733	UTIL	[43:43:1195450816]	INFO	UTIL_INIT  refer times = 2, module_id = 1057, UTIL has been built on:Sep 19 2025 at 06:33:56 on branch release-client-6.6.x with commit ID 2583f48484aeb604c472d0a89b4ddc1f55
11/10/2025 19:32:02:733	UTIL	[43:43:1195450816]	INFO	register_logger  module_id = 1057, module_name = ZoomTask, max_level = 31, logger = 0x0000000000000000, mode = 3
11/10/2025 19:32:02:838	UTIL	[43:43:1195450816]	INFO	UTIL_INIT  refer times = 3, module_id = 2, UTIL has been built on:Sep 19 2025 at 06:33:56 on branch release-client-6.6.x with commit ID 2583f48484aeb604c472d0a89b4ddc1f55
11/10/2025 19:32:02:839	UTIL	[43:43:1195450816]	INFO	timer_it::timer_it id = 0, own_thr = 0x0000000000000000, this = 0x0000555ed0ebc858
11/10/2025 19:32:02:839	UTIL	[43:43:1195450816]	INFO	thread_mgr_t::spawn, mode = 01000004, w_queue_size = 0, type = 3, interact_timer = true, thr_name = zoom.dns, bind_mask = 0, use_ext_timer_drv = false, notifier = 0x0000000000000000, this = 0x0000555ed0ebc100
11/10/2025 19:32:02:839	UTIL	[43:43:1195450816]	INFO	thread_wrapper_t::thread_wrapper_t, mode = 01000004, id = 0, type = 3, thr_manager = 0x0000555ed0ebc100, waits = 1, interact_timer = true, m_timer_precision = 50, this = 0x0000555ed0f04eb0
11/10/2025 19:32:02:839	UTIL	[43:43:1195450816]	INFO	msg_queue_t::msg_queue_t notifier = , notifier = 0x0000000000000000, writer = 0x0000000000000000, capacity = 1024, mode = 1, this = 0x0000555ed0f05310
11/10/2025 19:32:02:839	UTIL	[43:43:1195450816]	INFO	thread_wrapper_t::thread_wrapper_t ctrl queue size = 1024, this = 0x0000555ed0f04eb0
11/10/2025 19:32:02:839	UTIL	[43:43:1195450816]	INFO	thread_io_t::thread_io_t(), mode = 01000004, type = 3, queue size = 0, this = 0x0000555ed0f04e80
11/10/2025 19:32:02:839	UTIL	[43:43:1195450816]	INFO	thread_io_t::open_notifier, waits = 1, this = 0x0000555ed0f04e80
11/10/2025 19:32:02:839	UTIL	[43:43:1195450816]	INFO	msg_queue_base_t::open_notifier, m_notifier = 0x0000000000000000, notifier = 0x0000555ed0f02c30, this = 0x0000555ed0f05330
11/10/2025 19:32:02:839	UTIL	[43:43:1195450816]	INFO	thread_io_t::thread_run(), id = 0, args = 0x0000000000000000, this = 0x0000555ed0f04e80
11/10/2025 19:32:02:839	UTIL	[43:43:1195450816]	INFO	io_repo_t::io_repo_t, m_working = 0x0000555ed0f04eb0, max_io_fds = 1024, this = 0x0000555ed0f098d0
11/10/2025 19:32:02:839	UTIL	[43:43:1195450816]	INFO	notifier_handler_t::notifier_handler_t, io_container = 0x0000555ed0f098d00x0000555ed0f02c30, this = 0x0000555ed0f11a60
11/10/2025 19:32:02:839	UTIL	[43:43:1195450816]	INFO	poll_t::poll_t register, fd = 11, es.first = 00000000000000000000000000000011, this = 0x0000555ed0f098d0
11/10/2025 19:32:02:839	UTIL	[43:43:1195450816]	INFO	io_repo_t::start(), m_stop = true, this = 0x0000555ed0f098d0
11/10/2025 19:32:02:840	UTIL	[43:43:1195450816]	INFO	thread_mgr_t::spawn only has control message queue for this thread, this = 0x0000555ed0ebc100
11/10/2025 19:32:02:840	UTIL	[43:43:1195450816]	FATAL	assert: msg[thread_wrapper_t::create_channel bind thread should valid!, bind_thr = 0x0000000000000000] file[/home/jenkins/agent/workspace/Client/Client/DMT/linux/release/tp_util/util/src/thread.cpp], line = [1122]
11/10/2025 19:32:02:840	UTIL	[43:43:1195450816]	INFO	thread_wrapper_t::adjust_timer_precision, m_timer_precision = 50, new_timer_precision = 50, this = 0x0000555ed0f04eb0
11/10/2025 19:32:02:840	UTIL	[43:43:1195450816]	INFO	timer_it::timer_it id = 0, own_thr = 0x0000000000000000, this = 0x0000555ed0f12520
11/10/2025 19:32:02:840	UTIL	[43:43:1195450816]	INFO	timer_it::add_timer sink = 0x0000555ed0ebc730, interval = 100, times = 0, is_exact = true, this = 0x0000555ed0f12520
11/10/2025 19:32:02:843	UTIL	[43:43:1195450816]	INFO	UTIL_INIT  refer times = 4, module_id = 9, UTIL has been built on:Sep 19 2025 at 06:33:56 on branch release-client-6.6.x with commit ID 2583f48484aeb604c472d0a89b4ddc1f55
11/10/2025 19:32:02:845	UTIL	[43:43:1195450816]	INFO	thread_mgr_t::spawn, mode = 01000004, w_queue_size = 65536, type = 1027, interact_timer = true, thr_name = zoom.db, bind_mask = 4294967295, use_ext_timer_drv = false, notifier = 0x0000000000000000, this = 0x0000555ed0ebc100
11/10/2025 19:32:02:845	UTIL	[43:43:1195450816]	INFO	thread_wrapper_t::thread_wrapper_t, mode = 01000004, id = 0, type = 1027, thr_manager = 0x0000555ed0ebc100, waits = 1, interact_timer = true, m_timer_precision = 50, this = 0x0000555ed0f37980
11/10/2025 19:32:02:845	UTIL	[43:43:1195450816]	INFO	msg_queue_t::msg_queue_t notifier = , notifier = 0x0000000000000000, writer = 0x0000000000000000, capacity = 1024, mode = 1, this = 0x0000555ed0f2bad0
11/10/2025 19:32:02:845	UTIL	[43:43:1195450816]	INFO	thread_wrapper_t::thread_wrapper_t ctrl queue size = 1024, this = 0x0000555ed0f37980
11/10/2025 19:32:02:845	UTIL	[43:43:1195450816]	INFO	thread_io_t::thread_io_t(), mode = 01000004, type = 1027, queue size = 65536, this = 0x0000555ed0f37950
11/10/2025 19:32:02:845	UTIL	[43:43:1195450816]	INFO	thread_io_t::open_notifier, waits = 1, this = 0x0000555ed0f37950
11/10/2025 19:32:02:845	UTIL	[43:43:1195450816]	INFO	msg_queue_base_t::open_notifier, m_notifier = 0x0000000000000000, notifier = 0x0000555ed0f3bd40, this = 0x0000555ed0f2baf0
11/10/2025 19:32:02:845	UTIL	[43:43:1195450816]	INFO	thread_io_t::thread_run(), id = 0, args = 0x0000000000000000, this = 0x0000555ed0f37950
11/10/2025 19:32:02:845	UTIL	[43:43:1195450816]	INFO	io_repo_t::io_repo_t, m_working = 0x0000555ed0f37980, max_io_fds = 1024, this = 0x0000555ed0f3bf40
11/10/2025 19:32:02:845	UTIL	[43:43:1195450816]	INFO	notifier_handler_t::notifier_handler_t, io_container = 0x0000555ed0f3bf400x0000555ed0f3bd40, this = 0x0000555ed0f2d390
11/10/2025 19:32:02:845	UTIL	[43:43:1195450816]	INFO	poll_t::poll_t register, fd = 20, es.first = 00000000000000000000000000000011, this = 0x0000555ed0f3bf40
11/10/2025 19:32:02:845	UTIL	[43:43:1195450816]	INFO	io_repo_t::start(), m_stop = true, this = 0x0000555ed0f3bf40
11/10/2025 19:32:02:845	UTIL	[43:43:1195450816]	INFO	thread_mgr_t::attach handle = 0x0000555ed0f37980, thread_id = 139875223312064, owner_thr = 0x0000555ed0ec4ff0, owner_id = 139875395379648, queue_size = 65536, this = 0x0000555ed0ebc100
11/10/2025 19:32:02:845	UTIL	[43:43:1195450816]	INFO	thread_wrapper_t::create_channel(), bind_thr = 0x0000555ed0ec4ff0[139875395379648], read_capacity = 65536, write_capacity = 65536, this = 0x0000555ed0f37980
11/10/2025 19:32:02:845	UTIL	[43:43:1195450816]	INFO	o2o_msg_queue_t::o2o_msg_queue_t, notifier = 0x0000555ed0eb7900, writer = 0x0000555ed0f37980[139875223312064], reader = 0x0000555ed0ec4ff0[139875395379648], capacity = 65536, mode = 0, this = 0x0000555ed0f449c0
11/10/2025 19:32:02:845	UTIL	[43:43:1195450816]	INFO	o2o_msg_queue_t::o2o_msg_queue_t, notifier = 0x0000555ed0f3bd40, writer = 0x0000555ed0ec4ff0[139875395379648], reader = 0x0000555ed0f37980[139875223312064], capacity = 65536, mode = 1, this = 0x0000555ed0f44c00
11/10/2025 19:32:02:845	UTIL	[43:43:1195450816]	INFO	thread_wrapper_t::bind_queue  , self_id = 139875395379648, bind_thr = 0x0000555ed0f37980[139875223312064], r_queue = 0x0000555ed0f44a28, w_queue = 0x0000555ed0f44c70, this = 0x0000555ed0ec4ff0
11/10/2025 19:32:02:845	UTIL	[43:43:1195450816]	INFO	thread_wrapper_t::bind_queue  , self_id = 139875223312064, bind_thr = 0x0000555ed0ec4ff0[139875395379648], r_queue = 0x0000555ed0f44c68, w_queue = 0x0000555ed0f44a30, this = 0x0000555ed0f37980
11/10/2025 19:32:02:845	UTIL	[43:43:1195450816]	INFO	thread_wrapper_t::create_channel(), bind_thr = 0x0000555ed0f04eb0[139875363063488], read_capacity = 65536, write_capacity = 65536, this = 0x0000555ed0f37980
11/10/2025 19:32:02:846	UTIL	[43:43:1195450816]	INFO	o2o_msg_queue_t::o2o_msg_queue_t, notifier = 0x0000555ed0f02c30, writer = 0x0000555ed0f37980[139875223312064], reader = 0x0000555ed0f04eb0[139875363063488], capacity = 65536, mode = 1, this = 0x0000555ed0f452a0
11/10/2025 19:32:02:846	UTIL	[43:43:1195450816]	INFO	o2o_msg_queue_t::o2o_msg_queue_t, notifier = 0x0000555ed0f3bd40, writer = 0x0000555ed0f04eb0[139875363063488], reader = 0x0000555ed0f37980[139875223312064], capacity = 65536, mode = 1, this = 0x0000555ed0f454e0
11/10/2025 19:32:02:846	UTIL	[43:43:1195450816]	INFO	thread_wrapper_t::send_ctrl_msg msg = 0x0000555ed0f45720, (uint64_t)m_id = 0, timeout = -1, this = 0x0000555ed0f37980
11/10/2025 19:32:02:851	UTIL	[43:57:1023383232]	INFO	poll_t::loop () begin, working = 0x0000555ed0f37980, this = 0x0000555ed0f3bf40
11/10/2025 19:32:02:851	UTIL	[43:57:1023383232]	INFO	thread_io_t::init_tls() thread_id = 139875223312064, this = 0x0000555ed0f37950
11/10/2025 19:32:02:851	UTIL	[43:57:1023383232]	INFO	thread_wrapper_t::init_tls(), m_thread_manager = 0x0000555ed0ebc100, this = 0x0000555ed0f37980
11/10/2025 19:32:02:851	UTIL	[43:57:1023383232]	INFO	thread_mgr_t::register_tls, thr = 0x0000555ed0f37980, tls = true, this = 0x0000555ed0ebc100
11/10/2025 19:32:02:851	UTIL	[43:57:1023383232]	INFO	thread_wrapper_t::start_alive_check() timer = 0x0000000000000000, m_interact_timer = true, this = 0x0000555ed0f37980
11/10/2025 19:32:02:851	UTIL	[43:57:1023383232]	INFO	timer_queue_t::timer_queue_t() , sink = 0x0000555ed0f379b8, min_interval = 204800, this = 0x00007f3720001070
11/10/2025 19:32:02:851	UTIL	[43:57:1023383232]	INFO	thread_wrapper_t::create_ch_msg_t::on_message from = 0x0000555ed0f37980, to = 0x0000555ed0f04eb0, this = 0x0000555ed0f45720
11/10/2025 19:32:02:851	UTIL	[43:57:1023383232]	INFO	thread_wrapper_t::bind_queue  , self_id = 139875363063488, bind_thr = 0x0000555ed0f37980[139875223312064], r_queue = 0x0000555ed0f45308, w_queue = 0x0000555ed0f45550, this = 0x0000555ed0f04eb0
11/10/2025 19:32:02:851	UTIL	[43:43:1195450816]	INFO	thread_wrapper_t::bind_queue  , self_id = 139875223312064, bind_thr = 0x0000555ed0f04eb0[139875363063488], r_queue = 0x0000555ed0f45548, w_queue = 0x0000555ed0f45310, this = 0x0000555ed0f37980
11/10/2025 19:32:02:851	UTIL	[43:43:1195450816]	INFO	thread_wrapper_t::create_channel(), bind_thr = 0x0000555ed0f37980[139875223312064], read_capacity = 65536, write_capacity = 65536, this = 0x0000555ed0f37980
11/10/2025 19:32:02:851	UTIL	[43:43:1195450816]	INFO	o2o_msg_queue_t::o2o_msg_queue_t, notifier = 0x0000555ed0f3bd40, writer = 0x0000555ed0f37980[139875223312064], reader = 0x0000555ed0f37980[139875223312064], capacity = 65536, mode = 1, this = 0x0000555ed0f45be0
11/10/2025 19:32:02:852	UTIL	[43:43:1195450816]	INFO	o2o_msg_queue_t::o2o_msg_queue_t, notifier = 0x0000555ed0f3bd40, writer = 0x0000555ed0f37980[139875223312064], reader = 0x0000555ed0f37980[139875223312064], capacity = 65536, mode = 1, this = 0x0000555ed0f45e20
11/10/2025 19:32:02:852	UTIL	[43:43:1195450816]	INFO	thread_wrapper_t::send_ctrl_msg msg = 0x0000555ed0f46060, (uint64_t)m_id = 139875223312064, timeout = -1, this = 0x0000555ed0f37980
11/10/2025 19:32:02:852	UTIL	[43:57:1023383232]	INFO	thread_wrapper_t::create_ch_msg_t::on_message from = 0x0000555ed0f37980, to = 0x0000555ed0f37980, this = 0x0000555ed0f46060
11/10/2025 19:32:02:852	UTIL	[43:57:1023383232]	INFO	thread_wrapper_t::bind_queue  , self_id = 139875223312064, bind_thr = 0x0000555ed0f37980[139875223312064], r_queue = 0x0000555ed0f45c48, w_queue = 0x0000555ed0f45e90, this = 0x0000555ed0f37980
11/10/2025 19:32:02:852	UTIL	[43:43:1195450816]	INFO	thread_wrapper_t::bind_queue  , self_id = 139875223312064, bind_thr = 0x0000555ed0f37980[139875223312064], r_queue = 0x0000555ed0f45e88, w_queue = 0x0000555ed0f45c50, this = 0x0000555ed0f37980
11/10/2025 19:32:02:852	UTIL	[43:43:1195450816]	INFO	thread_wrapper_t::bind_queue bind_thr = 0x0000555ed0f37980 already be existed, skip it, this = 0x0000555ed0f37980
11/10/2025 19:32:02:852	UTIL	[43:43:1195450816]	INFO	thread_wrapper_t::adjust_timer_precision, m_timer_precision = 50, new_timer_precision = 50, this = 0x0000555ed0f37980
11/10/2025 19:32:02:852	UTIL	[43:43:1195450816]	INFO	thread_mgr_t::spawn, mode = 01000004, w_queue_size = 65536, type = 1028, interact_timer = true, thr_name = zoom.im.index, bind_mask = 4294967295, use_ext_timer_drv = false, notifier = 0x0000000000000000, this = 0x0000555ed0ebc100
11/10/2025 19:32:02:852	UTIL	[43:43:1195450816]	INFO	thread_wrapper_t::thread_wrapper_t, mode = 01000004, id = 0, type = 1028, thr_manager = 0x0000555ed0ebc100, waits = 1, interact_timer = true, m_timer_precision = 50, this = 0x0000555ed0f466c0
11/10/2025 19:32:02:852	UTIL	[43:43:1195450816]	INFO	msg_queue_t::msg_queue_t notifier = , notifier = 0x0000000000000000, writer = 0x0000000000000000, capacity = 1024, mode = 1, this = 0x0000555ed0f46970
11/10/2025 19:32:02:852	UTIL	[43:43:1195450816]	INFO	thread_wrapper_t::thread_wrapper_t ctrl queue size = 1024, this = 0x0000555ed0f466c0
11/10/2025 19:32:02:852	UTIL	[43:43:1195450816]	INFO	thread_io_t::thread_io_t(), mode = 01000004, type = 1028, queue size = 65536, this = 0x0000555ed0f46690
11/10/2025 19:32:02:852	UTIL	[43:43:1195450816]	INFO	thread_io_t::open_notifier, waits = 1, this = 0x0000555ed0f46690
11/10/2025 19:32:02:852	UTIL	[43:43:1195450816]	INFO	msg_queue_base_t::open_notifier, m_notifier = 0x0000000000000000, notifier = 0x0000555ed0f4ae20, this = 0x0000555ed0f46990
11/10/2025 19:32:02:852	UTIL	[43:43:1195450816]	INFO	thread_io_t::thread_run(), id = 0, args = 0x0000000000000000, this = 0x0000555ed0f46690
11/10/2025 19:32:02:852	UTIL	[43:43:1195450816]	INFO	io_repo_t::io_repo_t, m_working = 0x0000555ed0f466c0, max_io_fds = 1024, this = 0x0000555ed0f4b080
11/10/2025 19:32:02:852	UTIL	[43:43:1195450816]	INFO	notifier_handler_t::notifier_handler_t, io_container = 0x0000555ed0f4b0800x0000555ed0f4ae20, this = 0x0000555ed0f13090
11/10/2025 19:32:02:852	UTIL	[43:43:1195450816]	INFO	poll_t::poll_t register, fd = 22, es.first = 00000000000000000000000000000011, this = 0x0000555ed0f4b080
11/10/2025 19:32:02:852	UTIL	[43:43:1195450816]	INFO	io_repo_t::start(), m_stop = true, this = 0x0000555ed0f4b080
11/10/2025 19:32:02:853	UTIL	[43:43:1195450816]	INFO	thread_mgr_t::attach handle = 0x0000555ed0f466c0, thread_id = 139874669688512, owner_thr = 0x0000555ed0ec4ff0, owner_id = 139875395379648, queue_size = 65536, this = 0x0000555ed0ebc100
11/10/2025 19:32:02:853	UTIL	[43:43:1195450816]	INFO	thread_wrapper_t::create_channel(), bind_thr = 0x0000555ed0ec4ff0[139875395379648], read_capacity = 65536, write_capacity = 65536, this = 0x0000555ed0f466c0
11/10/2025 19:32:02:853	UTIL	[43:43:1195450816]	INFO	o2o_msg_queue_t::o2o_msg_queue_t, notifier = 0x0000555ed0eb7900, writer = 0x0000555ed0f466c0[139874669688512], reader = 0x0000555ed0ec4ff0[139875395379648], capacity = 65536, mode = 0, this = 0x0000555ed0f53b00
11/10/2025 19:32:02:853	UTIL	[43:43:1195450816]	INFO	o2o_msg_queue_t::o2o_msg_queue_t, notifier = 0x0000555ed0f4ae20, writer = 0x0000555ed0ec4ff0[139875395379648], reader = 0x0000555ed0f466c0[139874669688512], capacity = 65536, mode = 1, this = 0x0000555ed0f53d40
11/10/2025 19:32:02:853	UTIL	[43:43:1195450816]	INFO	thread_wrapper_t::bind_queue  , self_id = 139875395379648, bind_thr = 0x0000555ed0f466c0[139874669688512], r_queue = 0x0000555ed0f53b68, w_queue = 0x0000555ed0f53db0, this = 0x0000555ed0ec4ff0
11/10/2025 19:32:02:853	UTIL	[43:43:1195450816]	INFO	thread_wrapper_t::bind_queue  , self_id = 139874669688512, bind_thr = 0x0000555ed0ec4ff0[139875395379648], r_queue = 0x0000555ed0f53da8, w_queue = 0x0000555ed0f53b70, this = 0x0000555ed0f466c0
11/10/2025 19:32:02:853	UTIL	[43:43:1195450816]	INFO	thread_wrapper_t::create_channel(), bind_thr = 0x0000555ed0f04eb0[139875363063488], read_capacity = 65536, write_capacity = 65536, this = 0x0000555ed0f466c0
11/10/2025 19:32:02:853	UTIL	[43:43:1195450816]	INFO	o2o_msg_queue_t::o2o_msg_queue_t, notifier = 0x0000555ed0f02c30, writer = 0x0000555ed0f466c0[139874669688512], reader = 0x0000555ed0f04eb0[139875363063488], capacity = 65536, mode = 1, this = 0x0000555ed0f543e0
11/10/2025 19:32:02:854	UTIL	[43:43:1195450816]	INFO	o2o_msg_queue_t::o2o_msg_queue_t, notifier = 0x0000555ed0f4ae20, writer = 0x0000555ed0f04eb0[139875363063488], reader = 0x0000555ed0f466c0[139874669688512], capacity = 65536, mode = 1, this = 0x0000555ed0f54620
11/10/2025 19:32:02:854	UTIL	[43:43:1195450816]	INFO	thread_wrapper_t::send_ctrl_msg msg = 0x0000555ed0f54860, (uint64_t)m_id = 0, timeout = -1, this = 0x0000555ed0f466c0
11/10/2025 19:32:02:854	UTIL	[43:49:1163134656]	INFO	poll_t::loop () begin, working = 0x0000555ed0f04eb0, this = 0x0000555ed0f098d0
11/10/2025 19:32:02:854	UTIL	[43:49:1163134656]	INFO	thread_io_t::init_tls() thread_id = 139875363063488, this = 0x0000555ed0f04e80
11/10/2025 19:32:02:854	UTIL	[43:49:1163134656]	INFO	thread_wrapper_t::init_tls(), m_thread_manager = 0x0000555ed0ebc100, this = 0x0000555ed0f04eb0
11/10/2025 19:32:02:854	UTIL	[43:49:1163134656]	INFO	thread_mgr_t::register_tls, thr = 0x0000555ed0f04eb0, tls = true, this = 0x0000555ed0ebc100
11/10/2025 19:32:02:854	UTIL	[43:49:1163134656]	INFO	thread_wrapper_t::start_alive_check() timer = 0x0000000000000000, m_interact_timer = true, this = 0x0000555ed0f04eb0
11/10/2025 19:32:02:854	UTIL	[43:49:1163134656]	INFO	timer_queue_t::timer_queue_t() , sink = 0x0000555ed0f04ee8, min_interval = 204800, this = 0x00007f3714001070
11/10/2025 19:32:02:854	UTIL	[43:58:469759680]	INFO	poll_t::loop () begin, working = 0x0000555ed0f466c0, this = 0x0000555ed0f4b080
11/10/2025 19:32:02:854	UTIL	[43:58:469759680]	INFO	thread_io_t::init_tls() thread_id = 139874669688512, this = 0x0000555ed0f46690
11/10/2025 19:32:02:854	UTIL	[43:58:469759680]	INFO	thread_wrapper_t::init_tls(), m_thread_manager = 0x0000555ed0ebc100, this = 0x0000555ed0f466c0
11/10/2025 19:32:02:854	UTIL	[43:58:469759680]	INFO	thread_mgr_t::register_tls, thr = 0x0000555ed0f466c0, tls = true, this = 0x0000555ed0ebc100
11/10/2025 19:32:02:854	UTIL	[43:58:469759680]	INFO	thread_wrapper_t::start_alive_check() timer = 0x0000000000000000, m_interact_timer = true, this = 0x0000555ed0f466c0
11/10/2025 19:32:02:855	UTIL	[43:58:469759680]	INFO	timer_queue_t::timer_queue_t() , sink = 0x0000555ed0f466f8, min_interval = 204800, this = 0x00007f370c001070
11/10/2025 19:32:02:855	UTIL	[43:58:469759680]	INFO	thread_wrapper_t::create_ch_msg_t::on_message from = 0x0000555ed0f466c0, to = 0x0000555ed0f04eb0, this = 0x0000555ed0f54860
11/10/2025 19:32:02:855	UTIL	[43:58:469759680]	INFO	thread_wrapper_t::bind_queue  , self_id = 139875363063488, bind_thr = 0x0000555ed0f466c0[139874669688512], r_queue = 0x0000555ed0f54448, w_queue = 0x0000555ed0f54690, this = 0x0000555ed0f04eb0
11/10/2025 19:32:02:855	UTIL	[43:43:1195450816]	INFO	thread_wrapper_t::bind_queue  , self_id = 139874669688512, bind_thr = 0x0000555ed0f04eb0[139875363063488], r_queue = 0x0000555ed0f54688, w_queue = 0x0000555ed0f54450, this = 0x0000555ed0f466c0
11/10/2025 19:32:02:855	UTIL	[43:43:1195450816]	INFO	thread_wrapper_t::create_channel(), bind_thr = 0x0000555ed0f37980[139875223312064], read_capacity = 65536, write_capacity = 65536, this = 0x0000555ed0f466c0
11/10/2025 19:32:02:861	UTIL	[43:43:1195450816]	INFO	o2o_msg_queue_t::o2o_msg_queue_t, notifier = 0x0000555ed0f3bd40, writer = 0x0000555ed0f466c0[139874669688512], reader = 0x0000555ed0f37980[139875223312064], capacity = 65536, mode = 1, this = 0x0000555ed0f54d20
11/10/2025 19:32:02:861	UTIL	[43:43:1195450816]	INFO	o2o_msg_queue_t::o2o_msg_queue_t, notifier = 0x0000555ed0f4ae20, writer = 0x0000555ed0f37980[139875223312064], reader = 0x0000555ed0f466c0[139874669688512], capacity = 65536, mode = 1, this = 0x0000555ed0f54f60
11/10/2025 19:32:02:861	UTIL	[43:43:1195450816]	INFO	thread_wrapper_t::send_ctrl_msg msg = 0x0000555ed0f551a0, (uint64_t)m_id = 139874669688512, timeout = -1, this = 0x0000555ed0f466c0
11/10/2025 19:32:02:861	UTIL	[43:58:469759680]	INFO	thread_wrapper_t::create_ch_msg_t::on_message from = 0x0000555ed0f466c0, to = 0x0000555ed0f37980, this = 0x0000555ed0f551a0
11/10/2025 19:32:02:861	UTIL	[43:58:469759680]	INFO	thread_wrapper_t::bind_queue  , self_id = 139875223312064, bind_thr = 0x0000555ed0f466c0[139874669688512], r_queue = 0x0000555ed0f54d88, w_queue = 0x0000555ed0f54fd0, this = 0x0000555ed0f37980
11/10/2025 19:32:02:861	UTIL	[43:43:1195450816]	INFO	thread_wrapper_t::bind_queue  , self_id = 139874669688512, bind_thr = 0x0000555ed0f37980[139875223312064], r_queue = 0x0000555ed0f54fc8, w_queue = 0x0000555ed0f54d90, this = 0x0000555ed0f466c0
11/10/2025 19:32:02:861	UTIL	[43:43:1195450816]	INFO	thread_wrapper_t::create_channel(), bind_thr = 0x0000555ed0f466c0[139874669688512], read_capacity = 65536, write_capacity = 65536, this = 0x0000555ed0f466c0
11/10/2025 19:32:02:861	UTIL	[43:43:1195450816]	INFO	o2o_msg_queue_t::o2o_msg_queue_t, notifier = 0x0000555ed0f4ae20, writer = 0x0000555ed0f466c0[139874669688512], reader = 0x0000555ed0f466c0[139874669688512], capacity = 65536, mode = 1, this = 0x0000555ed0f55670
11/10/2025 19:32:02:861	UTIL	[43:43:1195450816]	INFO	o2o_msg_queue_t::o2o_msg_queue_t, notifier = 0x0000555ed0f4ae20, writer = 0x0000555ed0f466c0[139874669688512], reader = 0x0000555ed0f466c0[139874669688512], capacity = 65536, mode = 1, this = 0x0000555ed0f558b0
11/10/2025 19:32:02:861	UTIL	[43:43:1195450816]	INFO	thread_wrapper_t::send_ctrl_msg msg = 0x0000555ed0f55af0, (uint64_t)m_id = 139874669688512, timeout = -1, this = 0x0000555ed0f466c0
11/10/2025 19:32:02:861	UTIL	[43:58:469759680]	INFO	thread_wrapper_t::create_ch_msg_t::on_message from = 0x0000555ed0f466c0, to = 0x0000555ed0f466c0, this = 0x0000555ed0f55af0
11/10/2025 19:32:02:861	UTIL	[43:58:469759680]	INFO	thread_wrapper_t::bind_queue  , self_id = 139874669688512, bind_thr = 0x0000555ed0f466c0[139874669688512], r_queue = 0x0000555ed0f556d8, w_queue = 0x0000555ed0f55920, this = 0x0000555ed0f466c0
11/10/2025 19:32:02:861	UTIL	[43:43:1195450816]	INFO	thread_wrapper_t::bind_queue  , self_id = 139874669688512, bind_thr = 0x0000555ed0f466c0[139874669688512], r_queue = 0x0000555ed0f55918, w_queue = 0x0000555ed0f556e0, this = 0x0000555ed0f466c0
11/10/2025 19:32:02:862	UTIL	[43:43:1195450816]	INFO	thread_wrapper_t::bind_queue bind_thr = 0x0000555ed0f466c0 already be existed, skip it, this = 0x0000555ed0f466c0
11/10/2025 19:32:02:862	UTIL	[43:43:1195450816]	INFO	thread_wrapper_t::adjust_timer_precision, m_timer_precision = 50, new_timer_precision = 50, this = 0x0000555ed0f466c0
11/10/2025 19:32:03:222	UTIL	[43:43:1195450816]	INFO	UTIL_INIT  refer times = 5, module_id = 5, UTIL has been built on:Sep 19 2025 at 06:33:56 on branch release-client-6.6.x with commit ID 2583f48484aeb604c472d0a89b4ddc1f55
11/10/2025 19:32:03:222	UTIL	[43:43:1195450816]	INFO	register_logger  module_id = 5, module_name = MCM, max_level = 31, logger = 0x0000000000000000, mode = 3
11/10/2025 19:32:03:342	UTIL	[43:43:1195450816]	INFO	register_logger  module_id = 6, module_name = NYDUS, max_level = 31, logger = 0x0000000000000000, mode = 3
11/10/2025 19:32:03:914	UTIL	[43:43:1195450816]	INFO	timer_it::timer_it id = 0, own_thr = 0x0000000000000000, this = 0x0000555ed0f73100
11/10/2025 19:32:03:914	UTIL	[43:43:1195450816]	INFO	timer_it::timer_it id = 0, own_thr = 0x0000000000000000, this = 0x0000555ed0f73190
11/10/2025 19:32:03:914	UTIL	[43:43:1195450816]	INFO	thread_mgr_t::spawn, mode = 00000008, w_queue_size = 8192, type = 1024, interact_timer = true, thr_name = , bind_mask = 4294967295, use_ext_timer_drv = false, notifier = 0x0000000000000000, this = 0x0000555ed0ebc100
11/10/2025 19:32:03:914	UTIL	[43:43:1195450816]	INFO	thread_mgr_t::spawn already has an instance for the thread, return it directly, thread id = 139875395379648, this = 0x0000555ed0ebc100
11/10/2025 19:32:04:174	UTIL	[43:43:1195450816]	INFO	timer_it::add_timer sink = 0x0000555ed0f878a8, interval = 12800, times = 0, is_exact = true, this = 0x0000555ed0f73100
11/10/2025 19:32:04:174	UTIL	[43:43:1195450816]	INFO	timer_it::add_timer sink = 0x0000555ed0f878a8, interval = 3840, times = 0, is_exact = true, this = 0x0000555ed0f73190
