11/10/2025 19:31:05:674	UTIL	[44:44:2961580480]	INFO	thread_mgr_t ::thread_mgr_t(),Mon,10 Nov 2025 19:31:05 GMT, preset_owner_thr = false, this = 0x00005568fefa9100
11/10/2025 19:31:05:674	UTIL	[44:44:2961580480]	INFO	new_i8_allocator_t::new_i8_allocator_t, m_page_size = 4096, this = 0x00005568fefa5f10
11/10/2025 19:31:05:674	UTIL	[44:44:2961580480]	INFO	UTIL_INIT  refer , s_init_times = 1, module_id = 9, description = UTIL has been built on:Sep 19 2025 at 06:33:56 on branch release-client-6.6.x with commit ID 2583f48484aeb604c472d0a89b4ddc1f55, dir = , filename = , pext = log, max_size = 41943040, max_idx = 99
11/10/2025 19:31:05:674	UTIL	[44:44:2961580480]	INFO	set_timer_driver, setup_call = 0x00007f07cbf603b0, remove_call = 0x00007f07cbf60290
11/10/2025 19:31:05:674	UTIL	[44:44:2961580480]	INFO	thread_mgr_t::spawn, mode = 02000008, w_queue_size = 8192, type = 0, interact_timer = true, thr_name = , bind_mask = 4294967295, use_ext_timer_drv = true, notifier = 0x00005568fefa4900, this = 0x00005568fefa9100
11/10/2025 19:31:05:674	UTIL	[44:44:2961580480]	INFO	thread_wrapper_t::thread_wrapper_t, mode = 02000008, id = 0, type = 0, thr_manager = 0x00005568fefa9100, waits = 0, interact_timer = true, m_timer_precision = 50, this = 0x00005568fefb1ff0
11/10/2025 19:31:05:674	UTIL	[44:44:2961580480]	INFO	msg_queue_t::msg_queue_t notifier = , notifier = 0x00005568fefa4900, writer = 0x0000000000000000, capacity = 1024, mode = 0, this = 0x00005568fefa7880
11/10/2025 19:31:05:674	UTIL	[44:44:2961580480]	INFO	thread_wrapper_t::thread_wrapper_t ctrl queue size = 1024, this = 0x00005568fefb1ff0
11/10/2025 19:31:05:674	UTIL	[44:44:2961580480]	INFO	thread_wrapper_t::init_tls(), m_thread_manager = 0x00005568fefa9100, this = 0x00005568fefb1ff0
11/10/2025 19:31:05:674	UTIL	[44:44:2961580480]	INFO	thread_mgr_t::register_tls, thr = 0x00005568fefb1ff0, tls = true, this = 0x00005568fefa9100
11/10/2025 19:31:05:674	UTIL	[44:44:2961580480]	INFO	thread_wrapper_t::start_alive_check() timer = 0x0000000000000000, m_interact_timer = true, this = 0x00005568fefb1ff0
11/10/2025 19:31:05:674	UTIL	[44:44:2961580480]	INFO	timer_queue_t::timer_queue_t() , sink = 0x00005568fefb2028, min_interval = 204800, this = 0x00005568fefb1b80
11/10/2025 19:31:05:674	UTIL	[44:44:2961580480]	INFO	thread_wrapper_t::open_notifier, waits = 0, m_notify = 0x00005568fefa4900, this = 0x00005568fefb1ff0
11/10/2025 19:31:05:674	UTIL	[44:44:2961580480]	INFO	msg_queue_base_t::open_notifier, m_notifier = 0x00005568fefa4900, notifier = 0x00005568fefa4900, this = 0x00005568fefa78a0
11/10/2025 19:31:05:674	UTIL	[44:44:2961580480]	INFO	thread_mgr_t::attach handle = 0x00005568fefb1ff0, thread_id = 139671003079104, owner_thr = 0x00005568fefb1ff0, owner_id = 139671003079104, queue_size = 8192, this = 0x00005568fefa9100
11/10/2025 19:31:05:674	UTIL	[44:44:2961580480]	INFO	thread_wrapper_t::create_channel(), bind_thr = 0x00005568fefb1ff0[139671003079104], read_capacity = 8192, write_capacity = 8192, this = 0x00005568fefb1ff0
11/10/2025 19:31:05:674	UTIL	[44:44:2961580480]	INFO	o2o_msg_queue_t::o2o_msg_queue_t, notifier = 0x00005568fefa4900, writer = 0x00005568fefb1ff0[139671003079104], reader = 0x00005568fefb1ff0[139671003079104], capacity = 8192, mode = 0, this = 0x00005568fefa5d10
11/10/2025 19:31:05:674	UTIL	[44:44:2961580480]	INFO	o2o_msg_queue_t::o2o_msg_queue_t, notifier = 0x00005568fefa4900, writer = 0x00005568fefb1ff0[139671003079104], reader = 0x00005568fefb1ff0[139671003079104], capacity = 8192, mode = 0, this = 0x00005568fefa8e10
11/10/2025 19:31:05:674	UTIL	[44:44:2961580480]	INFO	thread_wrapper_t::bind_queue  , self_id = 139671003079104, bind_thr = 0x00005568fefb1ff0[139671003079104], r_queue = 0x00005568fefa5d78, w_queue = 0x00005568fefa8e80, this = 0x00005568fefb1ff0
11/10/2025 19:31:05:674	UTIL	[44:44:2961580480]	INFO	thread_wrapper_t::bind_queue  , self_id = 139671003079104, bind_thr = 0x00005568fefb1ff0[139671003079104], r_queue = 0x00005568fefa8e78, w_queue = 0x00005568fefa5d80, this = 0x00005568fefb1ff0
11/10/2025 19:31:05:674	UTIL	[44:44:2961580480]	INFO	thread_wrapper_t::bind_queue bind_thr = 0x00005568fefb1ff0 already be existed, skip it, this = 0x00005568fefb1ff0
11/10/2025 19:31:05:674	UTIL	[44:44:2961580480]	INFO	thread_wrapper_t::adjust_timer_precision, m_timer_precision = 50, new_timer_precision = 50, this = 0x00005568fefb1ff0
11/10/2025 19:31:05:674	UTIL	[44:44:2961580480]	INFO	register_logger  module_id = 1057, module_name = zoomtask, max_level = 31, logger = 0x0000000000000000, mode = 3
11/10/2025 19:31:05:723	UTIL	[44:44:2961580480]	INFO	UTIL_INIT  refer times = 2, module_id = 1057, UTIL has been built on:Sep 19 2025 at 06:33:56 on branch release-client-6.6.x with commit ID 2583f48484aeb604c472d0a89b4ddc1f55
11/10/2025 19:31:05:723	UTIL	[44:44:2961580480]	INFO	register_logger  module_id = 1057, module_name = ZoomTask, max_level = 31, logger = 0x0000000000000000, mode = 3
11/10/2025 19:31:05:783	UTIL	[44:44:2961580480]	INFO	UTIL_INIT  refer times = 3, module_id = 2, UTIL has been built on:Sep 19 2025 at 06:33:56 on branch release-client-6.6.x with commit ID 2583f48484aeb604c472d0a89b4ddc1f55
11/10/2025 19:31:05:785	UTIL	[44:44:2961580480]	INFO	timer_it::timer_it id = 0, own_thr = 0x0000000000000000, this = 0x00005568fefa9858
11/10/2025 19:31:05:785	UTIL	[44:44:2961580480]	INFO	thread_mgr_t::spawn, mode = 01000004, w_queue_size = 0, type = 3, interact_timer = true, thr_name = zoom.dns, bind_mask = 0, use_ext_timer_drv = false, notifier = 0x0000000000000000, this = 0x00005568fefa9100
11/10/2025 19:31:05:785	UTIL	[44:44:2961580480]	INFO	thread_wrapper_t::thread_wrapper_t, mode = 01000004, id = 0, type = 3, thr_manager = 0x00005568fefa9100, waits = 1, interact_timer = true, m_timer_precision = 50, this = 0x00005568feff1e90
11/10/2025 19:31:05:785	UTIL	[44:44:2961580480]	INFO	msg_queue_t::msg_queue_t notifier = , notifier = 0x0000000000000000, writer = 0x0000000000000000, capacity = 1024, mode = 1, this = 0x00005568feff22f0
11/10/2025 19:31:05:785	UTIL	[44:44:2961580480]	INFO	thread_wrapper_t::thread_wrapper_t ctrl queue size = 1024, this = 0x00005568feff1e90
11/10/2025 19:31:05:785	UTIL	[44:44:2961580480]	INFO	thread_io_t::thread_io_t(), mode = 01000004, type = 3, queue size = 0, this = 0x00005568feff1e60
11/10/2025 19:31:05:785	UTIL	[44:44:2961580480]	INFO	thread_io_t::open_notifier, waits = 1, this = 0x00005568feff1e60
11/10/2025 19:31:05:785	UTIL	[44:44:2961580480]	INFO	msg_queue_base_t::open_notifier, m_notifier = 0x0000000000000000, notifier = 0x00005568fefefc10, this = 0x00005568feff2310
11/10/2025 19:31:05:785	UTIL	[44:44:2961580480]	INFO	thread_io_t::thread_run(), id = 0, args = 0x0000000000000000, this = 0x00005568feff1e60
11/10/2025 19:31:05:785	UTIL	[44:44:2961580480]	INFO	io_repo_t::io_repo_t, m_working = 0x00005568feff1e90, max_io_fds = 1024, this = 0x00005568feff68b0
11/10/2025 19:31:05:785	UTIL	[44:44:2961580480]	INFO	notifier_handler_t::notifier_handler_t, io_container = 0x00005568feff68b00x00005568fefefc10, this = 0x00005568feffea40
11/10/2025 19:31:05:785	UTIL	[44:44:2961580480]	INFO	poll_t::poll_t register, fd = 11, es.first = 00000000000000000000000000000011, this = 0x00005568feff68b0
11/10/2025 19:31:05:785	UTIL	[44:44:2961580480]	INFO	io_repo_t::start(), m_stop = true, this = 0x00005568feff68b0
11/10/2025 19:31:05:785	UTIL	[44:44:2961580480]	INFO	thread_mgr_t::spawn only has control message queue for this thread, this = 0x00005568fefa9100
11/10/2025 19:31:05:785	UTIL	[44:44:2961580480]	FATAL	assert: msg[thread_wrapper_t::create_channel bind thread should valid!, bind_thr = 0x0000000000000000] file[/home/jenkins/agent/workspace/Client/Client/DMT/linux/release/tp_util/util/src/thread.cpp], line = [1122]
11/10/2025 19:31:05:785	UTIL	[44:44:2961580480]	INFO	thread_wrapper_t::adjust_timer_precision, m_timer_precision = 50, new_timer_precision = 50, this = 0x00005568feff1e90
11/10/2025 19:31:05:785	UTIL	[44:44:2961580480]	INFO	timer_it::timer_it id = 0, own_thr = 0x0000000000000000, this = 0x00005568fefff500
11/10/2025 19:31:05:785	UTIL	[44:44:2961580480]	INFO	timer_it::add_timer sink = 0x00005568fefa9730, interval = 100, times = 0, is_exact = true, this = 0x00005568fefff500
11/10/2025 19:31:05:786	UTIL	[44:50:2929264320]	INFO	poll_t::loop () begin, working = 0x00005568feff1e90, this = 0x00005568feff68b0
11/10/2025 19:31:05:786	UTIL	[44:50:2929264320]	INFO	thread_io_t::init_tls() thread_id = 139670970762944, this = 0x00005568feff1e60
11/10/2025 19:31:05:786	UTIL	[44:50:2929264320]	INFO	thread_wrapper_t::init_tls(), m_thread_manager = 0x00005568fefa9100, this = 0x00005568feff1e90
11/10/2025 19:31:05:786	UTIL	[44:50:2929264320]	INFO	thread_mgr_t::register_tls, thr = 0x00005568feff1e90, tls = true, this = 0x00005568fefa9100
11/10/2025 19:31:05:786	UTIL	[44:50:2929264320]	INFO	thread_wrapper_t::start_alive_check() timer = 0x0000000000000000, m_interact_timer = true, this = 0x00005568feff1e90
11/10/2025 19:31:05:786	UTIL	[44:50:2929264320]	INFO	timer_queue_t::timer_queue_t() , sink = 0x00005568feff1ec8, min_interval = 204800, this = 0x00007f07a4001070
11/10/2025 19:31:05:788	UTIL	[44:44:2961580480]	INFO	UTIL_INIT  refer times = 4, module_id = 9, UTIL has been built on:Sep 19 2025 at 06:33:56 on branch release-client-6.6.x with commit ID 2583f48484aeb604c472d0a89b4ddc1f55
11/10/2025 19:31:05:790	UTIL	[44:44:2961580480]	INFO	thread_mgr_t::spawn, mode = 01000004, w_queue_size = 65536, type = 1027, interact_timer = true, thr_name = zoom.db, bind_mask = 4294967295, use_ext_timer_drv = false, notifier = 0x0000000000000000, this = 0x00005568fefa9100
11/10/2025 19:31:05:790	UTIL	[44:44:2961580480]	INFO	thread_wrapper_t::thread_wrapper_t, mode = 01000004, id = 0, type = 1027, thr_manager = 0x00005568fefa9100, waits = 1, interact_timer = true, m_timer_precision = 50, this = 0x00005568ff024960
11/10/2025 19:31:05:790	UTIL	[44:44:2961580480]	INFO	msg_queue_t::msg_queue_t notifier = , notifier = 0x0000000000000000, writer = 0x0000000000000000, capacity = 1024, mode = 1, this = 0x00005568ff018b10
11/10/2025 19:31:05:790	UTIL	[44:44:2961580480]	INFO	thread_wrapper_t::thread_wrapper_t ctrl queue size = 1024, this = 0x00005568ff024960
11/10/2025 19:31:05:790	UTIL	[44:44:2961580480]	INFO	thread_io_t::thread_io_t(), mode = 01000004, type = 1027, queue size = 65536, this = 0x00005568ff024930
11/10/2025 19:31:05:790	UTIL	[44:44:2961580480]	INFO	thread_io_t::open_notifier, waits = 1, this = 0x00005568ff024930
11/10/2025 19:31:05:790	UTIL	[44:44:2961580480]	INFO	msg_queue_base_t::open_notifier, m_notifier = 0x0000000000000000, notifier = 0x00005568ff028d20, this = 0x00005568ff018b30
11/10/2025 19:31:05:790	UTIL	[44:44:2961580480]	INFO	thread_io_t::thread_run(), id = 0, args = 0x0000000000000000, this = 0x00005568ff024930
11/10/2025 19:31:05:790	UTIL	[44:44:2961580480]	INFO	io_repo_t::io_repo_t, m_working = 0x00005568ff024960, max_io_fds = 1024, this = 0x00005568ff028f20
11/10/2025 19:31:05:790	UTIL	[44:44:2961580480]	INFO	notifier_handler_t::notifier_handler_t, io_container = 0x00005568ff028f200x00005568ff028d20, this = 0x00005568ff01a3d0
11/10/2025 19:31:05:790	UTIL	[44:44:2961580480]	INFO	poll_t::poll_t register, fd = 20, es.first = 00000000000000000000000000000011, this = 0x00005568ff028f20
11/10/2025 19:31:05:790	UTIL	[44:44:2961580480]	INFO	io_repo_t::start(), m_stop = true, this = 0x00005568ff028f20
11/10/2025 19:31:05:790	UTIL	[44:44:2961580480]	INFO	thread_mgr_t::attach handle = 0x00005568ff024960, thread_id = 139670725850816, owner_thr = 0x00005568fefb1ff0, owner_id = 139671003079104, queue_size = 65536, this = 0x00005568fefa9100
11/10/2025 19:31:05:790	UTIL	[44:44:2961580480]	INFO	thread_wrapper_t::create_channel(), bind_thr = 0x00005568fefb1ff0[139671003079104], read_capacity = 65536, write_capacity = 65536, this = 0x00005568ff024960
11/10/2025 19:31:05:790	UTIL	[44:44:2961580480]	INFO	o2o_msg_queue_t::o2o_msg_queue_t, notifier = 0x00005568fefa4900, writer = 0x00005568ff024960[139670725850816], reader = 0x00005568fefb1ff0[139671003079104], capacity = 65536, mode = 0, this = 0x00005568ff0319a0
11/10/2025 19:31:05:790	UTIL	[44:44:2961580480]	INFO	o2o_msg_queue_t::o2o_msg_queue_t, notifier = 0x00005568ff028d20, writer = 0x00005568fefb1ff0[139671003079104], reader = 0x00005568ff024960[139670725850816], capacity = 65536, mode = 1, this = 0x00005568ff031be0
11/10/2025 19:31:05:790	UTIL	[44:44:2961580480]	INFO	thread_wrapper_t::bind_queue  , self_id = 139671003079104, bind_thr = 0x00005568ff024960[139670725850816], r_queue = 0x00005568ff031a08, w_queue = 0x00005568ff031c50, this = 0x00005568fefb1ff0
11/10/2025 19:31:05:790	UTIL	[44:44:2961580480]	INFO	thread_wrapper_t::bind_queue  , self_id = 139670725850816, bind_thr = 0x00005568fefb1ff0[139671003079104], r_queue = 0x00005568ff031c48, w_queue = 0x00005568ff031a10, this = 0x00005568ff024960
11/10/2025 19:31:05:791	UTIL	[44:44:2961580480]	INFO	thread_wrapper_t::create_channel(), bind_thr = 0x00005568feff1e90[139670970762944], read_capacity = 65536, write_capacity = 65536, this = 0x00005568ff024960
11/10/2025 19:31:05:791	UTIL	[44:44:2961580480]	INFO	o2o_msg_queue_t::o2o_msg_queue_t, notifier = 0x00005568fefefc10, writer = 0x00005568ff024960[139670725850816], reader = 0x00005568feff1e90[139670970762944], capacity = 65536, mode = 1, this = 0x00005568ff032280
11/10/2025 19:31:05:791	UTIL	[44:44:2961580480]	INFO	o2o_msg_queue_t::o2o_msg_queue_t, notifier = 0x00005568ff028d20, writer = 0x00005568feff1e90[139670970762944], reader = 0x00005568ff024960[139670725850816], capacity = 65536, mode = 1, this = 0x00005568ff032460
11/10/2025 19:31:05:791	UTIL	[44:44:2961580480]	INFO	thread_wrapper_t::send_ctrl_msg msg = 0x00005568ff0326a0, (uint64_t)m_id = 0, timeout = -1, this = 0x00005568ff024960
11/10/2025 19:31:05:791	UTIL	[44:58:2684352192]	INFO	poll_t::loop () begin, working = 0x00005568ff024960, this = 0x00005568ff028f20
11/10/2025 19:31:05:791	UTIL	[44:58:2684352192]	INFO	thread_io_t::init_tls() thread_id = 139670725850816, this = 0x00005568ff024930
11/10/2025 19:31:05:791	UTIL	[44:58:2684352192]	INFO	thread_wrapper_t::init_tls(), m_thread_manager = 0x00005568fefa9100, this = 0x00005568ff024960
11/10/2025 19:31:05:791	UTIL	[44:58:2684352192]	INFO	thread_mgr_t::register_tls, thr = 0x00005568ff024960, tls = true, this = 0x00005568fefa9100
11/10/2025 19:31:05:791	UTIL	[44:58:2684352192]	INFO	thread_wrapper_t::start_alive_check() timer = 0x0000000000000000, m_interact_timer = true, this = 0x00005568ff024960
11/10/2025 19:31:05:791	UTIL	[44:58:2684352192]	INFO	timer_queue_t::timer_queue_t() , sink = 0x00005568ff024998, min_interval = 204800, this = 0x00007f0784001070
11/10/2025 19:31:05:791	UTIL	[44:58:2684352192]	INFO	thread_wrapper_t::create_ch_msg_t::on_message from = 0x00005568ff024960, to = 0x00005568feff1e90, this = 0x00005568ff0326a0
11/10/2025 19:31:05:791	UTIL	[44:58:2684352192]	INFO	thread_wrapper_t::bind_queue  , self_id = 139670970762944, bind_thr = 0x00005568ff024960[139670725850816], r_queue = 0x00005568ff0322e8, w_queue = 0x00005568ff0324d0, this = 0x00005568feff1e90
11/10/2025 19:31:05:793	UTIL	[44:44:2961580480]	INFO	thread_wrapper_t::bind_queue  , self_id = 139670725850816, bind_thr = 0x00005568feff1e90[139670970762944], r_queue = 0x00005568ff0324c8, w_queue = 0x00005568ff0322f0, this = 0x00005568ff024960
11/10/2025 19:31:05:793	UTIL	[44:44:2961580480]	INFO	thread_wrapper_t::create_channel(), bind_thr = 0x00005568ff024960[139670725850816], read_capacity = 65536, write_capacity = 65536, this = 0x00005568ff024960
11/10/2025 19:31:05:793	UTIL	[44:44:2961580480]	INFO	o2o_msg_queue_t::o2o_msg_queue_t, notifier = 0x00005568ff028d20, writer = 0x00005568ff024960[139670725850816], reader = 0x00005568ff024960[139670725850816], capacity = 65536, mode = 1, this = 0x00005568ff032b60
11/10/2025 19:31:05:793	UTIL	[44:44:2961580480]	INFO	o2o_msg_queue_t::o2o_msg_queue_t, notifier = 0x00005568ff028d20, writer = 0x00005568ff024960[139670725850816], reader = 0x00005568ff024960[139670725850816], capacity = 65536, mode = 1, this = 0x00005568ff032da0
11/10/2025 19:31:05:793	UTIL	[44:44:2961580480]	INFO	thread_wrapper_t::send_ctrl_msg msg = 0x00005568ff032f80, (uint64_t)m_id = 139670725850816, timeout = -1, this = 0x00005568ff024960
11/10/2025 19:31:05:793	UTIL	[44:58:2684352192]	INFO	thread_wrapper_t::create_ch_msg_t::on_message from = 0x00005568ff024960, to = 0x00005568ff024960, this = 0x00005568ff032f80
11/10/2025 19:31:05:793	UTIL	[44:58:2684352192]	INFO	thread_wrapper_t::bind_queue  , self_id = 139670725850816, bind_thr = 0x00005568ff024960[139670725850816], r_queue = 0x00005568ff032bc8, w_queue = 0x00005568ff032e10, this = 0x00005568ff024960
11/10/2025 19:31:05:793	UTIL	[44:44:2961580480]	INFO	thread_wrapper_t::bind_queue  , self_id = 139670725850816, bind_thr = 0x00005568ff024960[139670725850816], r_queue = 0x00005568ff032e08, w_queue = 0x00005568ff032bd0, this = 0x00005568ff024960
11/10/2025 19:31:05:793	UTIL	[44:44:2961580480]	INFO	thread_wrapper_t::bind_queue bind_thr = 0x00005568ff024960 already be existed, skip it, this = 0x00005568ff024960
11/10/2025 19:31:05:793	UTIL	[44:44:2961580480]	INFO	thread_wrapper_t::adjust_timer_precision, m_timer_precision = 50, new_timer_precision = 50, this = 0x00005568ff024960
11/10/2025 19:31:05:793	UTIL	[44:44:2961580480]	INFO	thread_mgr_t::spawn, mode = 01000004, w_queue_size = 65536, type = 1028, interact_timer = true, thr_name = zoom.im.index, bind_mask = 4294967295, use_ext_timer_drv = false, notifier = 0x0000000000000000, this = 0x00005568fefa9100
11/10/2025 19:31:05:793	UTIL	[44:44:2961580480]	INFO	thread_wrapper_t::thread_wrapper_t, mode = 01000004, id = 0, type = 1028, thr_manager = 0x00005568fefa9100, waits = 1, interact_timer = true, m_timer_precision = 50, this = 0x00005568ff033640
11/10/2025 19:31:05:793	UTIL	[44:44:2961580480]	INFO	msg_queue_t::msg_queue_t notifier = , notifier = 0x0000000000000000, writer = 0x0000000000000000, capacity = 1024, mode = 1, this = 0x00005568ff0338f0
11/10/2025 19:31:05:793	UTIL	[44:44:2961580480]	INFO	thread_wrapper_t::thread_wrapper_t ctrl queue size = 1024, this = 0x00005568ff033640
11/10/2025 19:31:05:793	UTIL	[44:44:2961580480]	INFO	thread_io_t::thread_io_t(), mode = 01000004, type = 1028, queue size = 65536, this = 0x00005568ff033610
11/10/2025 19:31:05:793	UTIL	[44:44:2961580480]	INFO	thread_io_t::open_notifier, waits = 1, this = 0x00005568ff033610
11/10/2025 19:31:05:793	UTIL	[44:44:2961580480]	INFO	msg_queue_base_t::open_notifier, m_notifier = 0x0000000000000000, notifier = 0x00005568ff037e20, this = 0x00005568ff033910
11/10/2025 19:31:05:793	UTIL	[44:44:2961580480]	INFO	thread_io_t::thread_run(), id = 0, args = 0x0000000000000000, this = 0x00005568ff033610
11/10/2025 19:31:05:793	UTIL	[44:44:2961580480]	INFO	io_repo_t::io_repo_t, m_working = 0x00005568ff033640, max_io_fds = 1024, this = 0x00005568ff038080
11/10/2025 19:31:05:794	UTIL	[44:44:2961580480]	INFO	notifier_handler_t::notifier_handler_t, io_container = 0x00005568ff0380800x00005568ff037e20, this = 0x00005568ff000070
11/10/2025 19:31:05:794	UTIL	[44:44:2961580480]	INFO	poll_t::poll_t register, fd = 24, es.first = 00000000000000000000000000000011, this = 0x00005568ff038080
11/10/2025 19:31:05:794	UTIL	[44:44:2961580480]	INFO	io_repo_t::start(), m_stop = true, this = 0x00005568ff038080
11/10/2025 19:31:05:794	UTIL	[44:44:2961580480]	INFO	thread_mgr_t::attach handle = 0x00005568ff033640, thread_id = 139670717458112, owner_thr = 0x00005568fefb1ff0, owner_id = 139671003079104, queue_size = 65536, this = 0x00005568fefa9100
11/10/2025 19:31:05:794	UTIL	[44:44:2961580480]	INFO	thread_wrapper_t::create_channel(), bind_thr = 0x00005568fefb1ff0[139671003079104], read_capacity = 65536, write_capacity = 65536, this = 0x00005568ff033640
11/10/2025 19:31:05:795	UTIL	[44:44:2961580480]	INFO	o2o_msg_queue_t::o2o_msg_queue_t, notifier = 0x00005568fefa4900, writer = 0x00005568ff033640[139670717458112], reader = 0x00005568fefb1ff0[139671003079104], capacity = 65536, mode = 0, this = 0x00005568ff040b00
11/10/2025 19:31:05:795	UTIL	[44:44:2961580480]	INFO	o2o_msg_queue_t::o2o_msg_queue_t, notifier = 0x00005568ff037e20, writer = 0x00005568fefb1ff0[139671003079104], reader = 0x00005568ff033640[139670717458112], capacity = 65536, mode = 1, this = 0x00005568ff040d40
11/10/2025 19:31:05:795	UTIL	[44:44:2961580480]	INFO	thread_wrapper_t::bind_queue  , self_id = 139671003079104, bind_thr = 0x00005568ff033640[139670717458112], r_queue = 0x00005568ff040b68, w_queue = 0x00005568ff040db0, this = 0x00005568fefb1ff0
11/10/2025 19:31:05:795	UTIL	[44:44:2961580480]	INFO	thread_wrapper_t::bind_queue  , self_id = 139670717458112, bind_thr = 0x00005568fefb1ff0[139671003079104], r_queue = 0x00005568ff040da8, w_queue = 0x00005568ff040b70, this = 0x00005568ff033640
11/10/2025 19:31:05:795	UTIL	[44:44:2961580480]	INFO	thread_wrapper_t::create_channel(), bind_thr = 0x00005568feff1e90[139670970762944], read_capacity = 65536, write_capacity = 65536, this = 0x00005568ff033640
11/10/2025 19:31:05:804	UTIL	[44:44:2961580480]	INFO	o2o_msg_queue_t::o2o_msg_queue_t, notifier = 0x00005568fefefc10, writer = 0x00005568ff033640[139670717458112], reader = 0x00005568feff1e90[139670970762944], capacity = 65536, mode = 1, this = 0x00005568ff0413e0
11/10/2025 19:31:05:804	UTIL	[44:44:2961580480]	INFO	o2o_msg_queue_t::o2o_msg_queue_t, notifier = 0x00005568ff037e20, writer = 0x00005568feff1e90[139670970762944], reader = 0x00005568ff033640[139670717458112], capacity = 65536, mode = 1, this = 0x00005568ff0415c0
11/10/2025 19:31:05:804	UTIL	[44:44:2961580480]	INFO	thread_wrapper_t::send_ctrl_msg msg = 0x00005568ff0417a0, (uint64_t)m_id = 0, timeout = -1, this = 0x00005568ff033640
11/10/2025 19:31:05:800	UTIL	[44:59:2675959488]	INFO	poll_t::loop () begin, working = 0x00005568ff033640, this = 0x00005568ff038080
11/10/2025 19:31:05:804	UTIL	[44:59:2675959488]	INFO	thread_io_t::init_tls() thread_id = 139670717458112, this = 0x00005568ff033610
11/10/2025 19:31:05:804	UTIL	[44:59:2675959488]	INFO	thread_wrapper_t::init_tls(), m_thread_manager = 0x00005568fefa9100, this = 0x00005568ff033640
11/10/2025 19:31:05:804	UTIL	[44:59:2675959488]	INFO	thread_mgr_t::register_tls, thr = 0x00005568ff033640, tls = true, this = 0x00005568fefa9100
11/10/2025 19:31:05:804	UTIL	[44:59:2675959488]	INFO	thread_wrapper_t::start_alive_check() timer = 0x0000000000000000, m_interact_timer = true, this = 0x00005568ff033640
11/10/2025 19:31:05:804	UTIL	[44:59:2675959488]	INFO	timer_queue_t::timer_queue_t() , sink = 0x00005568ff033678, min_interval = 204800, this = 0x00007f0774001070
11/10/2025 19:31:05:804	UTIL	[44:59:2675959488]	INFO	thread_wrapper_t::create_ch_msg_t::on_message from = 0x00005568ff033640, to = 0x00005568feff1e90, this = 0x00005568ff0417a0
11/10/2025 19:31:05:804	UTIL	[44:59:2675959488]	INFO	thread_wrapper_t::bind_queue  , self_id = 139670970762944, bind_thr = 0x00005568ff033640[139670717458112], r_queue = 0x00005568ff041448, w_queue = 0x00005568ff041630, this = 0x00005568feff1e90
11/10/2025 19:31:05:804	UTIL	[44:44:2961580480]	INFO	thread_wrapper_t::bind_queue  , self_id = 139670717458112, bind_thr = 0x00005568feff1e90[139670970762944], r_queue = 0x00005568ff041628, w_queue = 0x00005568ff041450, this = 0x00005568ff033640
11/10/2025 19:31:05:804	UTIL	[44:44:2961580480]	INFO	thread_wrapper_t::create_channel(), bind_thr = 0x00005568ff024960[139670725850816], read_capacity = 65536, write_capacity = 65536, this = 0x00005568ff033640
11/10/2025 19:31:05:804	UTIL	[44:44:2961580480]	INFO	o2o_msg_queue_t::o2o_msg_queue_t, notifier = 0x00005568ff028d20, writer = 0x00005568ff033640[139670717458112], reader = 0x00005568ff024960[139670725850816], capacity = 65536, mode = 1, this = 0x00005568ff041c60
11/10/2025 19:31:05:804	UTIL	[44:44:2961580480]	INFO	o2o_msg_queue_t::o2o_msg_queue_t, notifier = 0x00005568ff037e20, writer = 0x00005568ff024960[139670725850816], reader = 0x00005568ff033640[139670717458112], capacity = 65536, mode = 1, this = 0x00005568ff041ea0
11/10/2025 19:31:05:804	UTIL	[44:44:2961580480]	INFO	thread_wrapper_t::send_ctrl_msg msg = 0x00005568ff0420e0, (uint64_t)m_id = 139670717458112, timeout = -1, this = 0x00005568ff033640
11/10/2025 19:31:05:805	UTIL	[44:59:2675959488]	INFO	thread_wrapper_t::create_ch_msg_t::on_message from = 0x00005568ff033640, to = 0x00005568ff024960, this = 0x00005568ff0420e0
11/10/2025 19:31:05:805	UTIL	[44:59:2675959488]	INFO	thread_wrapper_t::bind_queue  , self_id = 139670725850816, bind_thr = 0x00005568ff033640[139670717458112], r_queue = 0x00005568ff041cc8, w_queue = 0x00005568ff041f10, this = 0x00005568ff024960
11/10/2025 19:31:05:805	UTIL	[44:44:2961580480]	INFO	thread_wrapper_t::bind_queue  , self_id = 139670717458112, bind_thr = 0x00005568ff024960[139670725850816], r_queue = 0x00005568ff041f08, w_queue = 0x00005568ff041cd0, this = 0x00005568ff033640
11/10/2025 19:31:05:805	UTIL	[44:44:2961580480]	INFO	thread_wrapper_t::create_channel(), bind_thr = 0x00005568ff033640[139670717458112], read_capacity = 65536, write_capacity = 65536, this = 0x00005568ff033640
11/10/2025 19:31:05:805	UTIL	[44:44:2961580480]	INFO	o2o_msg_queue_t::o2o_msg_queue_t, notifier = 0x00005568ff037e20, writer = 0x00005568ff033640[139670717458112], reader = 0x00005568ff033640[139670717458112], capacity = 65536, mode = 1, this = 0x00005568ff0425b0
11/10/2025 19:31:05:805	UTIL	[44:44:2961580480]	INFO	o2o_msg_queue_t::o2o_msg_queue_t, notifier = 0x00005568ff037e20, writer = 0x00005568ff033640[139670717458112], reader = 0x00005568ff033640[139670717458112], capacity = 65536, mode = 1, this = 0x00005568ff0427f0
11/10/2025 19:31:05:805	UTIL	[44:44:2961580480]	INFO	thread_wrapper_t::send_ctrl_msg msg = 0x00005568ff042a30, (uint64_t)m_id = 139670717458112, timeout = -1, this = 0x00005568ff033640
11/10/2025 19:31:05:805	UTIL	[44:59:2675959488]	INFO	thread_wrapper_t::create_ch_msg_t::on_message from = 0x00005568ff033640, to = 0x00005568ff033640, this = 0x00005568ff042a30
11/10/2025 19:31:05:805	UTIL	[44:59:2675959488]	INFO	thread_wrapper_t::bind_queue  , self_id = 139670717458112, bind_thr = 0x00005568ff033640[139670717458112], r_queue = 0x00005568ff042618, w_queue = 0x00005568ff042860, this = 0x00005568ff033640
11/10/2025 19:31:05:806	UTIL	[44:44:2961580480]	INFO	thread_wrapper_t::bind_queue  , self_id = 139670717458112, bind_thr = 0x00005568ff033640[139670717458112], r_queue = 0x00005568ff042858, w_queue = 0x00005568ff042620, this = 0x00005568ff033640
11/10/2025 19:31:05:806	UTIL	[44:44:2961580480]	INFO	thread_wrapper_t::bind_queue bind_thr = 0x00005568ff033640 already be existed, skip it, this = 0x00005568ff033640
11/10/2025 19:31:05:806	UTIL	[44:44:2961580480]	INFO	thread_wrapper_t::adjust_timer_precision, m_timer_precision = 50, new_timer_precision = 50, this = 0x00005568ff033640
11/10/2025 19:31:05:901	UTIL	[44:44:2961580480]	INFO	UTIL_INIT  refer times = 5, module_id = 5, UTIL has been built on:Sep 19 2025 at 06:33:56 on branch release-client-6.6.x with commit ID 2583f48484aeb604c472d0a89b4ddc1f55
11/10/2025 19:31:05:901	UTIL	[44:44:2961580480]	INFO	register_logger  module_id = 5, module_name = MCM, max_level = 31, logger = 0x0000000000000000, mode = 3
11/10/2025 19:31:06:068	UTIL	[44:44:2961580480]	INFO	register_logger  module_id = 6, module_name = NYDUS, max_level = 31, logger = 0x0000000000000000, mode = 3
11/10/2025 19:31:06:068	UTIL	[44:44:2961580480]	INFO	timer_it::timer_it id = 0, own_thr = 0x0000000000000000, this = 0x00005568ff046630
11/10/2025 19:31:06:068	UTIL	[44:44:2961580480]	INFO	timer_it::timer_it id = 0, own_thr = 0x0000000000000000, this = 0x00005568ff0602f0
11/10/2025 19:31:06:068	UTIL	[44:44:2961580480]	INFO	thread_mgr_t::spawn, mode = 00000008, w_queue_size = 8192, type = 1024, interact_timer = true, thr_name = , bind_mask = 4294967295, use_ext_timer_drv = false, notifier = 0x0000000000000000, this = 0x00005568fefa9100
11/10/2025 19:31:06:068	UTIL	[44:44:2961580480]	INFO	thread_mgr_t::spawn already has an instance for the thread, return it directly, thread id = 139671003079104, this = 0x00005568fefa9100
11/10/2025 19:31:06:267	UTIL	[44:44:2961580480]	INFO	timer_it::add_timer sink = 0x00005568ff074b28, interval = 12800, times = 0, is_exact = true, this = 0x00005568ff046630
11/10/2025 19:31:06:267	UTIL	[44:44:2961580480]	INFO	timer_it::add_timer sink = 0x00005568ff074b28, interval = 3840, times = 0, is_exact = true, this = 0x00005568ff0602f0
11/10/2025 19:32:09:030	UTIL	[44:44:2961580480]	INFO	mlog_file::init mid:1069 size:1048576 shmem:false ret:0 this:0x00005568ff0dc958
11/10/2025 19:32:14:083	UTIL	[44:44:2961580480]	INFO	mlog_file::init mid:1027 size:1048576 shmem:false ret:0 this:0x00005568ff09c228
11/10/2025 19:32:14:261	UTIL	[44:44:2961580480]	INFO	mlog_file::init mid:1008 size:1048576 shmem:false ret:0 this:0x00005568ff1c8fb8
11/10/2025 19:32:14:507	UTIL	[44:44:2961580480]	INFO	mlog_file::init mid:1030 size:1048576 shmem:false ret:0 this:0x00005568ff1cf1a8
