11/10/2025 19:32:12:475	UTIL	[42:42:460042688]	INFO	thread_mgr_t ::thread_mgr_t(),Mon,10 Nov 2025 19:32:12 GMT, preset_owner_thr = false, this = 0x000055c875534100
11/10/2025 19:32:12:475	UTIL	[42:42:460042688]	INFO	new_i8_allocator_t::new_i8_allocator_t, m_page_size = 4096, this = 0x000055c875530f10
11/10/2025 19:32:12:475	UTIL	[42:42:460042688]	INFO	UTIL_INIT  refer , s_init_times = 1, module_id = 9, description = UTIL has been built on:Sep 19 2025 at 06:33:56 on branch release-client-6.6.x with commit ID 2583f48484aeb604c472d0a89b4ddc1f55, dir = , filename = , pext = log, max_size = 41943040, max_idx = 99
11/10/2025 19:32:12:475	UTIL	[42:42:460042688]	INFO	set_timer_driver, setup_call = 0x00007f9836f603b0, remove_call = 0x00007f9836f60290
11/10/2025 19:32:12:475	UTIL	[42:42:460042688]	INFO	thread_mgr_t::spawn, mode = 02000008, w_queue_size = 8192, type = 0, interact_timer = true, thr_name = , bind_mask = 4294967295, use_ext_timer_drv = true, notifier = 0x000055c87552f900, this = 0x000055c875534100
11/10/2025 19:32:12:475	UTIL	[42:42:460042688]	INFO	thread_wrapper_t::thread_wrapper_t, mode = 02000008, id = 0, type = 0, thr_manager = 0x000055c875534100, waits = 0, interact_timer = true, m_timer_precision = 50, this = 0x000055c87553cff0
11/10/2025 19:32:12:475	UTIL	[42:42:460042688]	INFO	msg_queue_t::msg_queue_t notifier = , notifier = 0x000055c87552f900, writer = 0x0000000000000000, capacity = 1024, mode = 0, this = 0x000055c875532880
11/10/2025 19:32:12:475	UTIL	[42:42:460042688]	INFO	thread_wrapper_t::thread_wrapper_t ctrl queue size = 1024, this = 0x000055c87553cff0
11/10/2025 19:32:12:475	UTIL	[42:42:460042688]	INFO	thread_wrapper_t::init_tls(), m_thread_manager = 0x000055c875534100, this = 0x000055c87553cff0
11/10/2025 19:32:12:475	UTIL	[42:42:460042688]	INFO	thread_mgr_t::register_tls, thr = 0x000055c87553cff0, tls = true, this = 0x000055c875534100
11/10/2025 19:32:12:475	UTIL	[42:42:460042688]	INFO	thread_wrapper_t::start_alive_check() timer = 0x0000000000000000, m_interact_timer = true, this = 0x000055c87553cff0
11/10/2025 19:32:12:475	UTIL	[42:42:460042688]	INFO	timer_queue_t::timer_queue_t() , sink = 0x000055c87553d028, min_interval = 204800, this = 0x000055c87553cb80
11/10/2025 19:32:12:475	UTIL	[42:42:460042688]	INFO	thread_wrapper_t::open_notifier, waits = 0, m_notify = 0x000055c87552f900, this = 0x000055c87553cff0
11/10/2025 19:32:12:475	UTIL	[42:42:460042688]	INFO	msg_queue_base_t::open_notifier, m_notifier = 0x000055c87552f900, notifier = 0x000055c87552f900, this = 0x000055c8755328a0
11/10/2025 19:32:12:475	UTIL	[42:42:460042688]	INFO	thread_mgr_t::attach handle = 0x000055c87553cff0, thread_id = 140291271799232, owner_thr = 0x000055c87553cff0, owner_id = 140291271799232, queue_size = 8192, this = 0x000055c875534100
11/10/2025 19:32:12:475	UTIL	[42:42:460042688]	INFO	thread_wrapper_t::create_channel(), bind_thr = 0x000055c87553cff0[140291271799232], read_capacity = 8192, write_capacity = 8192, this = 0x000055c87553cff0
11/10/2025 19:32:12:475	UTIL	[42:42:460042688]	INFO	o2o_msg_queue_t::o2o_msg_queue_t, notifier = 0x000055c87552f900, writer = 0x000055c87553cff0[140291271799232], reader = 0x000055c87553cff0[140291271799232], capacity = 8192, mode = 0, this = 0x000055c875530d10
11/10/2025 19:32:12:475	UTIL	[42:42:460042688]	INFO	o2o_msg_queue_t::o2o_msg_queue_t, notifier = 0x000055c87552f900, writer = 0x000055c87553cff0[140291271799232], reader = 0x000055c87553cff0[140291271799232], capacity = 8192, mode = 0, this = 0x000055c875533e10
11/10/2025 19:32:12:475	UTIL	[42:42:460042688]	INFO	thread_wrapper_t::bind_queue  , self_id = 140291271799232, bind_thr = 0x000055c87553cff0[140291271799232], r_queue = 0x000055c875530d78, w_queue = 0x000055c875533e80, this = 0x000055c87553cff0
11/10/2025 19:32:12:475	UTIL	[42:42:460042688]	INFO	thread_wrapper_t::bind_queue  , self_id = 140291271799232, bind_thr = 0x000055c87553cff0[140291271799232], r_queue = 0x000055c875533e78, w_queue = 0x000055c875530d80, this = 0x000055c87553cff0
11/10/2025 19:32:12:475	UTIL	[42:42:460042688]	INFO	thread_wrapper_t::bind_queue bind_thr = 0x000055c87553cff0 already be existed, skip it, this = 0x000055c87553cff0
11/10/2025 19:32:12:475	UTIL	[42:42:460042688]	INFO	thread_wrapper_t::adjust_timer_precision, m_timer_precision = 50, new_timer_precision = 50, this = 0x000055c87553cff0
11/10/2025 19:32:12:475	UTIL	[42:42:460042688]	INFO	register_logger  module_id = 1057, module_name = zoomtask, max_level = 31, logger = 0x0000000000000000, mode = 3
11/10/2025 19:32:12:477	UTIL	[42:42:460042688]	INFO	UTIL_INIT  refer times = 2, module_id = 1057, UTIL has been built on:Sep 19 2025 at 06:33:56 on branch release-client-6.6.x with commit ID 2583f48484aeb604c472d0a89b4ddc1f55
11/10/2025 19:32:12:477	UTIL	[42:42:460042688]	INFO	register_logger  module_id = 1057, module_name = ZoomTask, max_level = 31, logger = 0x0000000000000000, mode = 3
11/10/2025 19:32:12:763	UTIL	[42:42:460042688]	INFO	UTIL_INIT  refer times = 3, module_id = 2, UTIL has been built on:Sep 19 2025 at 06:33:56 on branch release-client-6.6.x with commit ID 2583f48484aeb604c472d0a89b4ddc1f55
11/10/2025 19:32:12:767	UTIL	[42:42:460042688]	INFO	timer_it::timer_it id = 0, own_thr = 0x0000000000000000, this = 0x000055c875534858
11/10/2025 19:32:12:767	UTIL	[42:42:460042688]	INFO	thread_mgr_t::spawn, mode = 01000004, w_queue_size = 0, type = 3, interact_timer = true, thr_name = zoom.dns, bind_mask = 0, use_ext_timer_drv = false, notifier = 0x0000000000000000, this = 0x000055c875534100
11/10/2025 19:32:12:767	UTIL	[42:42:460042688]	INFO	thread_wrapper_t::thread_wrapper_t, mode = 01000004, id = 0, type = 3, thr_manager = 0x000055c875534100, waits = 1, interact_timer = true, m_timer_precision = 50, this = 0x000055c87557d090
11/10/2025 19:32:12:767	UTIL	[42:42:460042688]	INFO	msg_queue_t::msg_queue_t notifier = , notifier = 0x0000000000000000, writer = 0x0000000000000000, capacity = 1024, mode = 1, this = 0x000055c87557d4f0
11/10/2025 19:32:12:767	UTIL	[42:42:460042688]	INFO	thread_wrapper_t::thread_wrapper_t ctrl queue size = 1024, this = 0x000055c87557d090
11/10/2025 19:32:12:767	UTIL	[42:42:460042688]	INFO	thread_io_t::thread_io_t(), mode = 01000004, type = 3, queue size = 0, this = 0x000055c87557d060
11/10/2025 19:32:12:767	UTIL	[42:42:460042688]	INFO	thread_io_t::open_notifier, waits = 1, this = 0x000055c87557d060
11/10/2025 19:32:12:767	UTIL	[42:42:460042688]	INFO	msg_queue_base_t::open_notifier, m_notifier = 0x0000000000000000, notifier = 0x000055c87557ad80, this = 0x000055c87557d510
11/10/2025 19:32:12:767	UTIL	[42:42:460042688]	INFO	thread_io_t::thread_run(), id = 0, args = 0x0000000000000000, this = 0x000055c87557d060
11/10/2025 19:32:12:767	UTIL	[42:42:460042688]	INFO	io_repo_t::io_repo_t, m_working = 0x000055c87557d090, max_io_fds = 1024, this = 0x000055c875581a10
11/10/2025 19:32:12:767	UTIL	[42:42:460042688]	INFO	notifier_handler_t::notifier_handler_t, io_container = 0x000055c875581a100x000055c87557ad80, this = 0x000055c875589b90
11/10/2025 19:32:12:767	UTIL	[42:42:460042688]	INFO	poll_t::poll_t register, fd = 11, es.first = 00000000000000000000000000000011, this = 0x000055c875581a10
11/10/2025 19:32:12:767	UTIL	[42:42:460042688]	INFO	io_repo_t::start(), m_stop = true, this = 0x000055c875581a10
11/10/2025 19:32:12:767	UTIL	[42:42:460042688]	INFO	thread_mgr_t::spawn only has control message queue for this thread, this = 0x000055c875534100
11/10/2025 19:32:12:767	UTIL	[42:42:460042688]	FATAL	assert: msg[thread_wrapper_t::create_channel bind thread should valid!, bind_thr = 0x0000000000000000] file[/home/jenkins/agent/workspace/Client/Client/DMT/linux/release/tp_util/util/src/thread.cpp], line = [1122]
11/10/2025 19:32:12:767	UTIL	[42:42:460042688]	INFO	thread_wrapper_t::adjust_timer_precision, m_timer_precision = 50, new_timer_precision = 50, this = 0x000055c87557d090
11/10/2025 19:32:12:767	UTIL	[42:42:460042688]	INFO	timer_it::timer_it id = 0, own_thr = 0x0000000000000000, this = 0x000055c87558a650
11/10/2025 19:32:12:767	UTIL	[42:42:460042688]	INFO	timer_it::add_timer sink = 0x000055c875534730, interval = 100, times = 0, is_exact = true, this = 0x000055c87558a650
11/10/2025 19:32:12:767	UTIL	[42:48:427726528]	INFO	poll_t::loop () begin, working = 0x000055c87557d090, this = 0x000055c875581a10
11/10/2025 19:32:12:767	UTIL	[42:48:427726528]	INFO	thread_io_t::init_tls() thread_id = 140291239483072, this = 0x000055c87557d060
11/10/2025 19:32:12:767	UTIL	[42:48:427726528]	INFO	thread_wrapper_t::init_tls(), m_thread_manager = 0x000055c875534100, this = 0x000055c87557d090
11/10/2025 19:32:12:767	UTIL	[42:48:427726528]	INFO	thread_mgr_t::register_tls, thr = 0x000055c87557d090, tls = true, this = 0x000055c875534100
11/10/2025 19:32:12:767	UTIL	[42:48:427726528]	INFO	thread_wrapper_t::start_alive_check() timer = 0x0000000000000000, m_interact_timer = true, this = 0x000055c87557d090
11/10/2025 19:32:12:767	UTIL	[42:48:427726528]	INFO	timer_queue_t::timer_queue_t() , sink = 0x000055c87557d0c8, min_interval = 204800, this = 0x00007f9810001070
11/10/2025 19:32:12:771	UTIL	[42:42:460042688]	INFO	UTIL_INIT  refer times = 4, module_id = 9, UTIL has been built on:Sep 19 2025 at 06:33:56 on branch release-client-6.6.x with commit ID 2583f48484aeb604c472d0a89b4ddc1f55
11/10/2025 19:32:12:772	UTIL	[42:42:460042688]	INFO	thread_mgr_t::spawn, mode = 01000004, w_queue_size = 65536, type = 1027, interact_timer = true, thr_name = zoom.db, bind_mask = 4294967295, use_ext_timer_drv = false, notifier = 0x0000000000000000, this = 0x000055c875534100
11/10/2025 19:32:12:772	UTIL	[42:42:460042688]	INFO	thread_wrapper_t::thread_wrapper_t, mode = 01000004, id = 0, type = 1027, thr_manager = 0x000055c875534100, waits = 1, interact_timer = true, m_timer_precision = 50, this = 0x000055c8755afb00
11/10/2025 19:32:12:772	UTIL	[42:42:460042688]	INFO	msg_queue_t::msg_queue_t notifier = , notifier = 0x0000000000000000, writer = 0x0000000000000000, capacity = 1024, mode = 1, this = 0x000055c8755a3c50
11/10/2025 19:32:12:772	UTIL	[42:42:460042688]	INFO	thread_wrapper_t::thread_wrapper_t ctrl queue size = 1024, this = 0x000055c8755afb00
11/10/2025 19:32:12:772	UTIL	[42:42:460042688]	INFO	thread_io_t::thread_io_t(), mode = 01000004, type = 1027, queue size = 65536, this = 0x000055c8755afad0
11/10/2025 19:32:12:772	UTIL	[42:42:460042688]	INFO	thread_io_t::open_notifier, waits = 1, this = 0x000055c8755afad0
11/10/2025 19:32:12:772	UTIL	[42:42:460042688]	INFO	msg_queue_base_t::open_notifier, m_notifier = 0x0000000000000000, notifier = 0x000055c8755b3ec0, this = 0x000055c8755a3c70
11/10/2025 19:32:12:772	UTIL	[42:42:460042688]	INFO	thread_io_t::thread_run(), id = 0, args = 0x0000000000000000, this = 0x000055c8755afad0
11/10/2025 19:32:12:772	UTIL	[42:42:460042688]	INFO	io_repo_t::io_repo_t, m_working = 0x000055c8755afb00, max_io_fds = 1024, this = 0x000055c8755b40c0
11/10/2025 19:32:12:772	UTIL	[42:42:460042688]	INFO	notifier_handler_t::notifier_handler_t, io_container = 0x000055c8755b40c00x000055c8755b3ec0, this = 0x000055c8755a5510
11/10/2025 19:32:12:772	UTIL	[42:42:460042688]	INFO	poll_t::poll_t register, fd = 20, es.first = 00000000000000000000000000000011, this = 0x000055c8755b40c0
11/10/2025 19:32:12:772	UTIL	[42:42:460042688]	INFO	io_repo_t::start(), m_stop = true, this = 0x000055c8755b40c0
11/10/2025 19:32:12:772	UTIL	[42:42:460042688]	INFO	thread_mgr_t::attach handle = 0x000055c8755afb00, thread_id = 140290962724544, owner_thr = 0x000055c87553cff0, owner_id = 140291271799232, queue_size = 65536, this = 0x000055c875534100
11/10/2025 19:32:12:772	UTIL	[42:42:460042688]	INFO	thread_wrapper_t::create_channel(), bind_thr = 0x000055c87553cff0[140291271799232], read_capacity = 65536, write_capacity = 65536, this = 0x000055c8755afb00
11/10/2025 19:32:12:773	UTIL	[42:42:460042688]	INFO	o2o_msg_queue_t::o2o_msg_queue_t, notifier = 0x000055c87552f900, writer = 0x000055c8755afb00[140290962724544], reader = 0x000055c87553cff0[140291271799232], capacity = 65536, mode = 0, this = 0x000055c8755bcb30
11/10/2025 19:32:12:773	UTIL	[42:42:460042688]	INFO	o2o_msg_queue_t::o2o_msg_queue_t, notifier = 0x000055c8755b3ec0, writer = 0x000055c87553cff0[140291271799232], reader = 0x000055c8755afb00[140290962724544], capacity = 65536, mode = 1, this = 0x000055c8755bcd60
11/10/2025 19:32:12:773	UTIL	[42:42:460042688]	INFO	thread_wrapper_t::bind_queue  , self_id = 140291271799232, bind_thr = 0x000055c8755afb00[140290962724544], r_queue = 0x000055c8755bcb98, w_queue = 0x000055c8755bcdd0, this = 0x000055c87553cff0
11/10/2025 19:32:12:773	UTIL	[42:42:460042688]	INFO	thread_wrapper_t::bind_queue  , self_id = 140290962724544, bind_thr = 0x000055c87553cff0[140291271799232], r_queue = 0x000055c8755bcdc8, w_queue = 0x000055c8755bcba0, this = 0x000055c8755afb00
11/10/2025 19:32:12:773	UTIL	[42:42:460042688]	INFO	thread_wrapper_t::create_channel(), bind_thr = 0x000055c87557d090[140291239483072], read_capacity = 65536, write_capacity = 65536, this = 0x000055c8755afb00
11/10/2025 19:32:12:774	UTIL	[42:42:460042688]	INFO	o2o_msg_queue_t::o2o_msg_queue_t, notifier = 0x000055c87557ad80, writer = 0x000055c8755afb00[140290962724544], reader = 0x000055c87557d090[140291239483072], capacity = 65536, mode = 1, this = 0x000055c8755bd3f0
11/10/2025 19:32:12:774	UTIL	[42:42:460042688]	INFO	o2o_msg_queue_t::o2o_msg_queue_t, notifier = 0x000055c8755b3ec0, writer = 0x000055c87557d090[140291239483072], reader = 0x000055c8755afb00[140290962724544], capacity = 65536, mode = 1, this = 0x000055c8755bd620
11/10/2025 19:32:12:774	UTIL	[42:42:460042688]	INFO	thread_wrapper_t::send_ctrl_msg msg = 0x000055c8755bd850, (uint64_t)m_id = 0, timeout = -1, this = 0x000055c8755afb00
11/10/2025 19:32:12:774	UTIL	[42:56:150968000]	INFO	poll_t::loop () begin, working = 0x000055c8755afb00, this = 0x000055c8755b40c0
11/10/2025 19:32:12:774	UTIL	[42:56:150968000]	INFO	thread_io_t::init_tls() thread_id = 140290962724544, this = 0x000055c8755afad0
11/10/2025 19:32:12:774	UTIL	[42:56:150968000]	INFO	thread_wrapper_t::init_tls(), m_thread_manager = 0x000055c875534100, this = 0x000055c8755afb00
11/10/2025 19:32:12:774	UTIL	[42:56:150968000]	INFO	thread_mgr_t::register_tls, thr = 0x000055c8755afb00, tls = true, this = 0x000055c875534100
11/10/2025 19:32:12:775	UTIL	[42:56:150968000]	INFO	thread_wrapper_t::start_alive_check() timer = 0x0000000000000000, m_interact_timer = true, this = 0x000055c8755afb00
11/10/2025 19:32:12:775	UTIL	[42:56:150968000]	INFO	timer_queue_t::timer_queue_t() , sink = 0x000055c8755afb38, min_interval = 204800, this = 0x00007f97f8001070
11/10/2025 19:32:12:775	UTIL	[42:56:150968000]	INFO	thread_wrapper_t::create_ch_msg_t::on_message from = 0x000055c8755afb00, to = 0x000055c87557d090, this = 0x000055c8755bd850
11/10/2025 19:32:12:775	UTIL	[42:56:150968000]	INFO	thread_wrapper_t::bind_queue  , self_id = 140291239483072, bind_thr = 0x000055c8755afb00[140290962724544], r_queue = 0x000055c8755bd458, w_queue = 0x000055c8755bd690, this = 0x000055c87557d090
11/10/2025 19:32:12:775	UTIL	[42:42:460042688]	INFO	thread_wrapper_t::bind_queue  , self_id = 140290962724544, bind_thr = 0x000055c87557d090[140291239483072], r_queue = 0x000055c8755bd688, w_queue = 0x000055c8755bd460, this = 0x000055c8755afb00
11/10/2025 19:32:12:775	UTIL	[42:42:460042688]	INFO	thread_wrapper_t::create_channel(), bind_thr = 0x000055c8755afb00[140290962724544], read_capacity = 65536, write_capacity = 65536, this = 0x000055c8755afb00
11/10/2025 19:32:12:775	UTIL	[42:42:460042688]	INFO	o2o_msg_queue_t::o2o_msg_queue_t, notifier = 0x000055c8755b3ec0, writer = 0x000055c8755afb00[140290962724544], reader = 0x000055c8755afb00[140290962724544], capacity = 65536, mode = 1, this = 0x000055c8755bdd10
11/10/2025 19:32:12:775	UTIL	[42:42:460042688]	INFO	o2o_msg_queue_t::o2o_msg_queue_t, notifier = 0x000055c8755b3ec0, writer = 0x000055c8755afb00[140290962724544], reader = 0x000055c8755afb00[140290962724544], capacity = 65536, mode = 1, this = 0x000055c8755bdf40
11/10/2025 19:32:12:775	UTIL	[42:42:460042688]	INFO	thread_wrapper_t::send_ctrl_msg msg = 0x000055c8755be170, (uint64_t)m_id = 140290962724544, timeout = -1, this = 0x000055c8755afb00
11/10/2025 19:32:12:776	UTIL	[42:56:150968000]	INFO	thread_wrapper_t::create_ch_msg_t::on_message from = 0x000055c8755afb00, to = 0x000055c8755afb00, this = 0x000055c8755be170
11/10/2025 19:32:12:776	UTIL	[42:56:150968000]	INFO	thread_wrapper_t::bind_queue  , self_id = 140290962724544, bind_thr = 0x000055c8755afb00[140290962724544], r_queue = 0x000055c8755bdd78, w_queue = 0x000055c8755bdfb0, this = 0x000055c8755afb00
11/10/2025 19:32:12:776	UTIL	[42:42:460042688]	INFO	thread_wrapper_t::bind_queue  , self_id = 140290962724544, bind_thr = 0x000055c8755afb00[140290962724544], r_queue = 0x000055c8755bdfa8, w_queue = 0x000055c8755bdd80, this = 0x000055c8755afb00
11/10/2025 19:32:12:776	UTIL	[42:42:460042688]	INFO	thread_wrapper_t::bind_queue bind_thr = 0x000055c8755afb00 already be existed, skip it, this = 0x000055c8755afb00
11/10/2025 19:32:12:776	UTIL	[42:42:460042688]	INFO	thread_wrapper_t::adjust_timer_precision, m_timer_precision = 50, new_timer_precision = 50, this = 0x000055c8755afb00
11/10/2025 19:32:12:776	UTIL	[42:42:460042688]	INFO	thread_mgr_t::spawn, mode = 01000004, w_queue_size = 65536, type = 1028, interact_timer = true, thr_name = zoom.im.index, bind_mask = 4294967295, use_ext_timer_drv = false, notifier = 0x0000000000000000, this = 0x000055c875534100
11/10/2025 19:32:12:776	UTIL	[42:42:460042688]	INFO	thread_wrapper_t::thread_wrapper_t, mode = 01000004, id = 0, type = 1028, thr_manager = 0x000055c875534100, waits = 1, interact_timer = true, m_timer_precision = 50, this = 0x000055c8755be830
11/10/2025 19:32:12:776	UTIL	[42:42:460042688]	INFO	msg_queue_t::msg_queue_t notifier = , notifier = 0x0000000000000000, writer = 0x0000000000000000, capacity = 1024, mode = 1, this = 0x000055c8755beae0
11/10/2025 19:32:12:776	UTIL	[42:42:460042688]	INFO	thread_wrapper_t::thread_wrapper_t ctrl queue size = 1024, this = 0x000055c8755be830
11/10/2025 19:32:12:776	UTIL	[42:42:460042688]	INFO	thread_io_t::thread_io_t(), mode = 01000004, type = 1028, queue size = 65536, this = 0x000055c8755be800
11/10/2025 19:32:12:776	UTIL	[42:42:460042688]	INFO	thread_io_t::open_notifier, waits = 1, this = 0x000055c8755be800
11/10/2025 19:32:12:776	UTIL	[42:42:460042688]	INFO	msg_queue_base_t::open_notifier, m_notifier = 0x0000000000000000, notifier = 0x000055c8755c2f90, this = 0x000055c8755beb00
11/10/2025 19:32:12:776	UTIL	[42:42:460042688]	INFO	thread_io_t::thread_run(), id = 0, args = 0x0000000000000000, this = 0x000055c8755be800
11/10/2025 19:32:12:776	UTIL	[42:42:460042688]	INFO	io_repo_t::io_repo_t, m_working = 0x000055c8755be830, max_io_fds = 1024, this = 0x000055c8755c31f0
11/10/2025 19:32:12:776	UTIL	[42:42:460042688]	INFO	notifier_handler_t::notifier_handler_t, io_container = 0x000055c8755c31f00x000055c8755c2f90, this = 0x000055c87558b1b0
11/10/2025 19:32:12:776	UTIL	[42:42:460042688]	INFO	poll_t::poll_t register, fd = 22, es.first = 00000000000000000000000000000011, this = 0x000055c8755c31f0
11/10/2025 19:32:12:776	UTIL	[42:42:460042688]	INFO	io_repo_t::start(), m_stop = true, this = 0x000055c8755c31f0
11/10/2025 19:32:12:776	UTIL	[42:42:460042688]	INFO	thread_mgr_t::attach handle = 0x000055c8755be830, thread_id = 140290610427584, owner_thr = 0x000055c87553cff0, owner_id = 140291271799232, queue_size = 65536, this = 0x000055c875534100
11/10/2025 19:32:12:776	UTIL	[42:42:460042688]	INFO	thread_wrapper_t::create_channel(), bind_thr = 0x000055c87553cff0[140291271799232], read_capacity = 65536, write_capacity = 65536, this = 0x000055c8755be830
11/10/2025 19:32:12:777	UTIL	[42:42:460042688]	INFO	o2o_msg_queue_t::o2o_msg_queue_t, notifier = 0x000055c87552f900, writer = 0x000055c8755be830[140290610427584], reader = 0x000055c87553cff0[140291271799232], capacity = 65536, mode = 0, this = 0x000055c8755cbc60
11/10/2025 19:32:12:777	UTIL	[42:42:460042688]	INFO	o2o_msg_queue_t::o2o_msg_queue_t, notifier = 0x000055c8755c2f90, writer = 0x000055c87553cff0[140291271799232], reader = 0x000055c8755be830[140290610427584], capacity = 65536, mode = 1, this = 0x000055c8755cbe90
11/10/2025 19:32:12:777	UTIL	[42:42:460042688]	INFO	thread_wrapper_t::bind_queue  , self_id = 140291271799232, bind_thr = 0x000055c8755be830[140290610427584], r_queue = 0x000055c8755cbcc8, w_queue = 0x000055c8755cbf00, this = 0x000055c87553cff0
11/10/2025 19:32:12:777	UTIL	[42:42:460042688]	INFO	thread_wrapper_t::bind_queue  , self_id = 140290610427584, bind_thr = 0x000055c87553cff0[140291271799232], r_queue = 0x000055c8755cbef8, w_queue = 0x000055c8755cbcd0, this = 0x000055c8755be830
11/10/2025 19:32:12:777	UTIL	[42:42:460042688]	INFO	thread_wrapper_t::create_channel(), bind_thr = 0x000055c87557d090[140291239483072], read_capacity = 65536, write_capacity = 65536, this = 0x000055c8755be830
11/10/2025 19:32:12:777	UTIL	[42:42:460042688]	INFO	o2o_msg_queue_t::o2o_msg_queue_t, notifier = 0x000055c87557ad80, writer = 0x000055c8755be830[140290610427584], reader = 0x000055c87557d090[140291239483072], capacity = 65536, mode = 1, this = 0x000055c8755cc520
11/10/2025 19:32:12:777	UTIL	[42:42:460042688]	INFO	o2o_msg_queue_t::o2o_msg_queue_t, notifier = 0x000055c8755c2f90, writer = 0x000055c87557d090[140291239483072], reader = 0x000055c8755be830[140290610427584], capacity = 65536, mode = 1, this = 0x000055c8755cc750
11/10/2025 19:32:12:777	UTIL	[42:42:460042688]	INFO	thread_wrapper_t::send_ctrl_msg msg = 0x000055c8755cc980, (uint64_t)m_id = 0, timeout = -1, this = 0x000055c8755be830
11/10/2025 19:32:12:777	UTIL	[42:57:4093638336]	INFO	poll_t::loop () begin, working = 0x000055c8755be830, this = 0x000055c8755c31f0
11/10/2025 19:32:12:777	UTIL	[42:57:4093638336]	INFO	thread_io_t::init_tls() thread_id = 140290610427584, this = 0x000055c8755be800
11/10/2025 19:32:12:777	UTIL	[42:57:4093638336]	INFO	thread_wrapper_t::init_tls(), m_thread_manager = 0x000055c875534100, this = 0x000055c8755be830
11/10/2025 19:32:12:777	UTIL	[42:57:4093638336]	INFO	thread_mgr_t::register_tls, thr = 0x000055c8755be830, tls = true, this = 0x000055c875534100
11/10/2025 19:32:12:777	UTIL	[42:57:4093638336]	INFO	thread_wrapper_t::start_alive_check() timer = 0x0000000000000000, m_interact_timer = true, this = 0x000055c8755be830
11/10/2025 19:32:12:777	UTIL	[42:57:4093638336]	INFO	timer_queue_t::timer_queue_t() , sink = 0x000055c8755be868, min_interval = 204800, this = 0x00007f97e8001070
11/10/2025 19:32:12:777	UTIL	[42:57:4093638336]	INFO	thread_wrapper_t::create_ch_msg_t::on_message from = 0x000055c8755be830, to = 0x000055c87557d090, this = 0x000055c8755cc980
11/10/2025 19:32:12:777	UTIL	[42:57:4093638336]	INFO	thread_wrapper_t::bind_queue  , self_id = 140291239483072, bind_thr = 0x000055c8755be830[140290610427584], r_queue = 0x000055c8755cc588, w_queue = 0x000055c8755cc7c0, this = 0x000055c87557d090
11/10/2025 19:32:12:777	UTIL	[42:42:460042688]	INFO	thread_wrapper_t::bind_queue  , self_id = 140290610427584, bind_thr = 0x000055c87557d090[140291239483072], r_queue = 0x000055c8755cc7b8, w_queue = 0x000055c8755cc590, this = 0x000055c8755be830
11/10/2025 19:32:12:777	UTIL	[42:42:460042688]	INFO	thread_wrapper_t::create_channel(), bind_thr = 0x000055c8755afb00[140290962724544], read_capacity = 65536, write_capacity = 65536, this = 0x000055c8755be830
11/10/2025 19:32:12:777	UTIL	[42:42:460042688]	INFO	o2o_msg_queue_t::o2o_msg_queue_t, notifier = 0x000055c8755b3ec0, writer = 0x000055c8755be830[140290610427584], reader = 0x000055c8755afb00[140290962724544], capacity = 65536, mode = 1, this = 0x000055c8755cce40
11/10/2025 19:32:12:777	UTIL	[42:42:460042688]	INFO	o2o_msg_queue_t::o2o_msg_queue_t, notifier = 0x000055c8755c2f90, writer = 0x000055c8755afb00[140290962724544], reader = 0x000055c8755be830[140290610427584], capacity = 65536, mode = 1, this = 0x000055c8755cd070
11/10/2025 19:32:12:777	UTIL	[42:42:460042688]	INFO	thread_wrapper_t::send_ctrl_msg msg = 0x000055c8755cd2a0, (uint64_t)m_id = 140290610427584, timeout = -1, this = 0x000055c8755be830
11/10/2025 19:32:12:778	UTIL	[42:57:4093638336]	INFO	thread_wrapper_t::create_ch_msg_t::on_message from = 0x000055c8755be830, to = 0x000055c8755afb00, this = 0x000055c8755cd2a0
11/10/2025 19:32:12:778	UTIL	[42:57:4093638336]	INFO	thread_wrapper_t::bind_queue  , self_id = 140290962724544, bind_thr = 0x000055c8755be830[140290610427584], r_queue = 0x000055c8755ccea8, w_queue = 0x000055c8755cd0e0, this = 0x000055c8755afb00
11/10/2025 19:32:12:778	UTIL	[42:42:460042688]	INFO	thread_wrapper_t::bind_queue  , self_id = 140290610427584, bind_thr = 0x000055c8755afb00[140290962724544], r_queue = 0x000055c8755cd0d8, w_queue = 0x000055c8755cceb0, this = 0x000055c8755be830
11/10/2025 19:32:12:778	UTIL	[42:42:460042688]	INFO	thread_wrapper_t::create_channel(), bind_thr = 0x000055c8755be830[140290610427584], read_capacity = 65536, write_capacity = 65536, this = 0x000055c8755be830
11/10/2025 19:32:12:778	UTIL	[42:42:460042688]	INFO	o2o_msg_queue_t::o2o_msg_queue_t, notifier = 0x000055c8755c2f90, writer = 0x000055c8755be830[140290610427584], reader = 0x000055c8755be830[140290610427584], capacity = 65536, mode = 1, this = 0x000055c8755cd770
11/10/2025 19:32:12:778	UTIL	[42:42:460042688]	INFO	o2o_msg_queue_t::o2o_msg_queue_t, notifier = 0x000055c8755c2f90, writer = 0x000055c8755be830[140290610427584], reader = 0x000055c8755be830[140290610427584], capacity = 65536, mode = 1, this = 0x000055c8755cd9a0
11/10/2025 19:32:12:778	UTIL	[42:42:460042688]	INFO	thread_wrapper_t::send_ctrl_msg msg = 0x000055c8755cdbd0, (uint64_t)m_id = 140290610427584, timeout = -1, this = 0x000055c8755be830
11/10/2025 19:32:12:778	UTIL	[42:57:4093638336]	INFO	thread_wrapper_t::create_ch_msg_t::on_message from = 0x000055c8755be830, to = 0x000055c8755be830, this = 0x000055c8755cdbd0
11/10/2025 19:32:12:778	UTIL	[42:57:4093638336]	INFO	thread_wrapper_t::bind_queue  , self_id = 140290610427584, bind_thr = 0x000055c8755be830[140290610427584], r_queue = 0x000055c8755cd7d8, w_queue = 0x000055c8755cda10, this = 0x000055c8755be830
11/10/2025 19:32:12:778	UTIL	[42:42:460042688]	INFO	thread_wrapper_t::bind_queue  , self_id = 140290610427584, bind_thr = 0x000055c8755be830[140290610427584], r_queue = 0x000055c8755cda08, w_queue = 0x000055c8755cd7e0, this = 0x000055c8755be830
11/10/2025 19:32:12:778	UTIL	[42:42:460042688]	INFO	thread_wrapper_t::bind_queue bind_thr = 0x000055c8755be830 already be existed, skip it, this = 0x000055c8755be830
11/10/2025 19:32:12:778	UTIL	[42:42:460042688]	INFO	thread_wrapper_t::adjust_timer_precision, m_timer_precision = 50, new_timer_precision = 50, this = 0x000055c8755be830
11/10/2025 19:32:13:272	UTIL	[42:42:460042688]	INFO	UTIL_INIT  refer times = 5, module_id = 5, UTIL has been built on:Sep 19 2025 at 06:33:56 on branch release-client-6.6.x with commit ID 2583f48484aeb604c472d0a89b4ddc1f55
11/10/2025 19:32:13:272	UTIL	[42:42:460042688]	INFO	register_logger  module_id = 5, module_name = MCM, max_level = 31, logger = 0x0000000000000000, mode = 3
11/10/2025 19:32:14:164	UTIL	[42:42:460042688]	INFO	register_logger  module_id = 6, module_name = NYDUS, max_level = 31, logger = 0x0000000000000000, mode = 3
11/10/2025 19:32:14:443	UTIL	[42:42:460042688]	INFO	timer_it::timer_it id = 0, own_thr = 0x0000000000000000, this = 0x000055c8755d1880
11/10/2025 19:32:14:443	UTIL	[42:42:460042688]	INFO	timer_it::timer_it id = 0, own_thr = 0x0000000000000000, this = 0x000055c875600fa0
11/10/2025 19:32:14:443	UTIL	[42:42:460042688]	INFO	thread_mgr_t::spawn, mode = 00000008, w_queue_size = 8192, type = 1024, interact_timer = true, thr_name = , bind_mask = 4294967295, use_ext_timer_drv = false, notifier = 0x0000000000000000, this = 0x000055c875534100
11/10/2025 19:32:14:443	UTIL	[42:42:460042688]	INFO	thread_mgr_t::spawn already has an instance for the thread, return it directly, thread id = 140291271799232, this = 0x000055c875534100
11/10/2025 19:32:14:820	UTIL	[42:42:460042688]	INFO	timer_it::add_timer sink = 0x000055c8755fff18, interval = 12800, times = 0, is_exact = true, this = 0x000055c8755d1880
11/10/2025 19:32:14:821	UTIL	[42:42:460042688]	INFO	timer_it::add_timer sink = 0x000055c8755fff18, interval = 3840, times = 0, is_exact = true, this = 0x000055c875600fa0
