11/10/2025 19:20:09:461	UTIL	[46:46:147907008]	INFO	thread_mgr_t ::thread_mgr_t(),Mon,10 Nov 2025 19:20:09 GMT, preset_owner_thr = false, this = 0x00005574ca1750f0
11/10/2025 19:20:09:462	UTIL	[46:46:147907008]	INFO	new_i8_allocator_t::new_i8_allocator_t, m_page_size = 4096, this = 0x00005574ca171f00
11/10/2025 19:20:09:462	UTIL	[46:46:147907008]	INFO	UTIL_INIT  refer , s_init_times = 1, module_id = 9, description = UTIL has been built on:Sep 19 2025 at 06:33:56 on branch release-client-6.6.x with commit ID 2583f48484aeb604c472d0a89b4ddc1f55, dir = , filename = , pext = log, max_size = 41943040, max_idx = 99
11/10/2025 19:20:09:462	UTIL	[46:46:147907008]	INFO	set_timer_driver, setup_call = 0x00007f50245603b0, remove_call = 0x00007f5024560290
11/10/2025 19:20:09:462	UTIL	[46:46:147907008]	INFO	thread_mgr_t::spawn, mode = 02000008, w_queue_size = 8192, type = 0, interact_timer = true, thr_name = , bind_mask = 4294967295, use_ext_timer_drv = true, notifier = 0x00005574ca1708f0, this = 0x00005574ca1750f0
11/10/2025 19:20:09:462	UTIL	[46:46:147907008]	INFO	thread_wrapper_t::thread_wrapper_t, mode = 02000008, id = 0, type = 0, thr_manager = 0x00005574ca1750f0, waits = 0, interact_timer = true, m_timer_precision = 50, this = 0x00005574ca1630a0
11/10/2025 19:20:09:462	UTIL	[46:46:147907008]	INFO	msg_queue_t::msg_queue_t notifier = , notifier = 0x00005574ca1708f0, writer = 0x0000000000000000, capacity = 1024, mode = 0, this = 0x00005574ca170b10
11/10/2025 19:20:09:462	UTIL	[46:46:147907008]	INFO	thread_wrapper_t::thread_wrapper_t ctrl queue size = 1024, this = 0x00005574ca1630a0
11/10/2025 19:20:09:463	UTIL	[46:46:147907008]	INFO	thread_wrapper_t::init_tls(), m_thread_manager = 0x00005574ca1750f0, this = 0x00005574ca1630a0
11/10/2025 19:20:09:463	UTIL	[46:46:147907008]	INFO	thread_mgr_t::register_tls, thr = 0x00005574ca1630a0, tls = true, this = 0x00005574ca1750f0
11/10/2025 19:20:09:463	UTIL	[46:46:147907008]	INFO	thread_wrapper_t::start_alive_check() timer = 0x0000000000000000, m_interact_timer = true, this = 0x00005574ca1630a0
11/10/2025 19:20:09:463	UTIL	[46:46:147907008]	INFO	timer_queue_t::timer_queue_t() , sink = 0x00005574ca1630d8, min_interval = 204800, this = 0x00005574ca17db00
11/10/2025 19:20:09:463	UTIL	[46:46:147907008]	INFO	thread_wrapper_t::open_notifier, waits = 0, m_notify = 0x00005574ca1708f0, this = 0x00005574ca1630a0
11/10/2025 19:20:09:463	UTIL	[46:46:147907008]	INFO	msg_queue_base_t::open_notifier, m_notifier = 0x00005574ca1708f0, notifier = 0x00005574ca1708f0, this = 0x00005574ca170b30
11/10/2025 19:20:09:463	UTIL	[46:46:147907008]	INFO	thread_mgr_t::attach handle = 0x00005574ca1630a0, thread_id = 139981722018240, owner_thr = 0x00005574ca1630a0, owner_id = 139981722018240, queue_size = 8192, this = 0x00005574ca1750f0
11/10/2025 19:20:09:463	UTIL	[46:46:147907008]	INFO	thread_wrapper_t::create_channel(), bind_thr = 0x00005574ca1630a0[139981722018240], read_capacity = 8192, write_capacity = 8192, this = 0x00005574ca1630a0
11/10/2025 19:20:09:465	UTIL	[46:46:147907008]	INFO	o2o_msg_queue_t::o2o_msg_queue_t, notifier = 0x00005574ca1708f0, writer = 0x00005574ca1630a0[139981722018240], reader = 0x00005574ca1630a0[139981722018240], capacity = 8192, mode = 0, this = 0x00005574ca171d00
11/10/2025 19:20:09:469	UTIL	[46:46:147907008]	INFO	o2o_msg_queue_t::o2o_msg_queue_t, notifier = 0x00005574ca1708f0, writer = 0x00005574ca1630a0[139981722018240], reader = 0x00005574ca1630a0[139981722018240], capacity = 8192, mode = 0, this = 0x00005574ca174e00
11/10/2025 19:20:09:469	UTIL	[46:46:147907008]	INFO	thread_wrapper_t::bind_queue  , self_id = 139981722018240, bind_thr = 0x00005574ca1630a0[139981722018240], r_queue = 0x00005574ca171d68, w_queue = 0x00005574ca174e70, this = 0x00005574ca1630a0
11/10/2025 19:20:09:469	UTIL	[46:46:147907008]	INFO	thread_wrapper_t::bind_queue  , self_id = 139981722018240, bind_thr = 0x00005574ca1630a0[139981722018240], r_queue = 0x00005574ca174e68, w_queue = 0x00005574ca171d70, this = 0x00005574ca1630a0
11/10/2025 19:20:09:469	UTIL	[46:46:147907008]	INFO	thread_wrapper_t::bind_queue bind_thr = 0x00005574ca1630a0 already be existed, skip it, this = 0x00005574ca1630a0
11/10/2025 19:20:09:471	UTIL	[46:46:147907008]	INFO	thread_wrapper_t::adjust_timer_precision, m_timer_precision = 50, new_timer_precision = 50, this = 0x00005574ca1630a0
11/10/2025 19:20:09:471	UTIL	[46:46:147907008]	INFO	register_logger  module_id = 1057, module_name = zoomtask, max_level = 31, logger = 0x0000000000000000, mode = 3
11/10/2025 19:20:10:349	UTIL	[46:46:147907008]	INFO	UTIL_INIT  refer times = 2, module_id = 1057, UTIL has been built on:Sep 19 2025 at 06:33:56 on branch release-client-6.6.x with commit ID 2583f48484aeb604c472d0a89b4ddc1f55
11/10/2025 19:20:10:349	UTIL	[46:46:147907008]	INFO	register_logger  module_id = 1057, module_name = ZoomTask, max_level = 31, logger = 0x0000000000000000, mode = 3
11/10/2025 19:20:10:409	UTIL	[46:46:147907008]	INFO	UTIL_INIT  refer times = 3, module_id = 2, UTIL has been built on:Sep 19 2025 at 06:33:56 on branch release-client-6.6.x with commit ID 2583f48484aeb604c472d0a89b4ddc1f55
11/10/2025 19:20:10:411	UTIL	[46:46:147907008]	INFO	timer_it::timer_it id = 0, own_thr = 0x0000000000000000, this = 0x00005574ca175848
11/10/2025 19:20:10:411	UTIL	[46:46:147907008]	INFO	thread_mgr_t::spawn, mode = 01000004, w_queue_size = 0, type = 3, interact_timer = true, thr_name = zoom.dns, bind_mask = 0, use_ext_timer_drv = false, notifier = 0x0000000000000000, this = 0x00005574ca1750f0
11/10/2025 19:20:10:411	UTIL	[46:46:147907008]	INFO	thread_wrapper_t::thread_wrapper_t, mode = 01000004, id = 0, type = 3, thr_manager = 0x00005574ca1750f0, waits = 1, interact_timer = true, m_timer_precision = 50, this = 0x00005574ca1be150
11/10/2025 19:20:10:411	UTIL	[46:46:147907008]	INFO	msg_queue_t::msg_queue_t notifier = , notifier = 0x0000000000000000, writer = 0x0000000000000000, capacity = 1024, mode = 1, this = 0x00005574ca1be5b0
11/10/2025 19:20:10:411	UTIL	[46:46:147907008]	INFO	thread_wrapper_t::thread_wrapper_t ctrl queue size = 1024, this = 0x00005574ca1be150
11/10/2025 19:20:10:411	UTIL	[46:46:147907008]	INFO	thread_io_t::thread_io_t(), mode = 01000004, type = 3, queue size = 0, this = 0x00005574ca1be120
11/10/2025 19:20:10:411	UTIL	[46:46:147907008]	INFO	thread_io_t::open_notifier, waits = 1, this = 0x00005574ca1be120
11/10/2025 19:20:10:411	UTIL	[46:46:147907008]	INFO	msg_queue_base_t::open_notifier, m_notifier = 0x0000000000000000, notifier = 0x00005574ca1bbe40, this = 0x00005574ca1be5d0
11/10/2025 19:20:10:411	UTIL	[46:46:147907008]	INFO	thread_io_t::thread_run(), id = 0, args = 0x0000000000000000, this = 0x00005574ca1be120
11/10/2025 19:20:10:411	UTIL	[46:46:147907008]	INFO	io_repo_t::io_repo_t, m_working = 0x00005574ca1be150, max_io_fds = 1024, this = 0x00005574ca1c2ad0
11/10/2025 19:20:10:411	UTIL	[46:46:147907008]	INFO	notifier_handler_t::notifier_handler_t, io_container = 0x00005574ca1c2ad00x00005574ca1bbe40, this = 0x00005574ca1cac50
11/10/2025 19:20:10:411	UTIL	[46:46:147907008]	INFO	poll_t::poll_t register, fd = 11, es.first = 00000000000000000000000000000011, this = 0x00005574ca1c2ad0
11/10/2025 19:20:10:411	UTIL	[46:46:147907008]	INFO	io_repo_t::start(), m_stop = true, this = 0x00005574ca1c2ad0
11/10/2025 19:20:10:411	UTIL	[46:46:147907008]	INFO	thread_mgr_t::spawn only has control message queue for this thread, this = 0x00005574ca1750f0
11/10/2025 19:20:10:411	UTIL	[46:46:147907008]	FATAL	assert: msg[thread_wrapper_t::create_channel bind thread should valid!, bind_thr = 0x0000000000000000] file[/home/jenkins/agent/workspace/Client/Client/DMT/linux/release/tp_util/util/src/thread.cpp], line = [1122]
11/10/2025 19:20:10:412	UTIL	[46:46:147907008]	INFO	thread_wrapper_t::adjust_timer_precision, m_timer_precision = 50, new_timer_precision = 50, this = 0x00005574ca1be150
11/10/2025 19:20:10:412	UTIL	[46:46:147907008]	INFO	timer_it::timer_it id = 0, own_thr = 0x0000000000000000, this = 0x00005574ca1cb710
11/10/2025 19:20:10:412	UTIL	[46:46:147907008]	INFO	timer_it::add_timer sink = 0x00005574ca175720, interval = 100, times = 0, is_exact = true, this = 0x00005574ca1cb710
11/10/2025 19:20:10:412	UTIL	[46:52:115726016]	INFO	poll_t::loop () begin, working = 0x00005574ca1be150, this = 0x00005574ca1c2ad0
11/10/2025 19:20:10:412	UTIL	[46:52:115726016]	INFO	thread_io_t::init_tls() thread_id = 139981689837248, this = 0x00005574ca1be120
11/10/2025 19:20:10:412	UTIL	[46:52:115726016]	INFO	thread_wrapper_t::init_tls(), m_thread_manager = 0x00005574ca1750f0, this = 0x00005574ca1be150
11/10/2025 19:20:10:412	UTIL	[46:52:115726016]	INFO	thread_mgr_t::register_tls, thr = 0x00005574ca1be150, tls = true, this = 0x00005574ca1750f0
11/10/2025 19:20:10:412	UTIL	[46:52:115726016]	INFO	thread_wrapper_t::start_alive_check() timer = 0x0000000000000000, m_interact_timer = true, this = 0x00005574ca1be150
11/10/2025 19:20:10:412	UTIL	[46:52:115726016]	INFO	timer_queue_t::timer_queue_t() , sink = 0x00005574ca1be188, min_interval = 204800, this = 0x00007f4ff0001070
11/10/2025 19:20:10:416	UTIL	[46:46:147907008]	INFO	UTIL_INIT  refer times = 4, module_id = 9, UTIL has been built on:Sep 19 2025 at 06:33:56 on branch release-client-6.6.x with commit ID 2583f48484aeb604c472d0a89b4ddc1f55
11/10/2025 19:20:10:418	UTIL	[46:46:147907008]	INFO	thread_mgr_t::spawn, mode = 01000004, w_queue_size = 65536, type = 1027, interact_timer = true, thr_name = zoom.db, bind_mask = 4294967295, use_ext_timer_drv = false, notifier = 0x0000000000000000, this = 0x00005574ca1750f0
11/10/2025 19:20:10:418	UTIL	[46:46:147907008]	INFO	thread_wrapper_t::thread_wrapper_t, mode = 01000004, id = 0, type = 1027, thr_manager = 0x00005574ca1750f0, waits = 1, interact_timer = true, m_timer_precision = 50, this = 0x00005574ca1f0bc0
11/10/2025 19:20:10:418	UTIL	[46:46:147907008]	INFO	msg_queue_t::msg_queue_t notifier = , notifier = 0x0000000000000000, writer = 0x0000000000000000, capacity = 1024, mode = 1, this = 0x00005574ca1e4d10
11/10/2025 19:20:10:418	UTIL	[46:46:147907008]	INFO	thread_wrapper_t::thread_wrapper_t ctrl queue size = 1024, this = 0x00005574ca1f0bc0
11/10/2025 19:20:10:418	UTIL	[46:46:147907008]	INFO	thread_io_t::thread_io_t(), mode = 01000004, type = 1027, queue size = 65536, this = 0x00005574ca1f0b90
11/10/2025 19:20:10:418	UTIL	[46:46:147907008]	INFO	thread_io_t::open_notifier, waits = 1, this = 0x00005574ca1f0b90
11/10/2025 19:20:10:418	UTIL	[46:46:147907008]	INFO	msg_queue_base_t::open_notifier, m_notifier = 0x0000000000000000, notifier = 0x00005574ca1f4f80, this = 0x00005574ca1e4d30
11/10/2025 19:20:10:418	UTIL	[46:46:147907008]	INFO	thread_io_t::thread_run(), id = 0, args = 0x0000000000000000, this = 0x00005574ca1f0b90
11/10/2025 19:20:10:418	UTIL	[46:46:147907008]	INFO	io_repo_t::io_repo_t, m_working = 0x00005574ca1f0bc0, max_io_fds = 1024, this = 0x00005574ca1f5180
11/10/2025 19:20:10:418	UTIL	[46:46:147907008]	INFO	notifier_handler_t::notifier_handler_t, io_container = 0x00005574ca1f51800x00005574ca1f4f80, this = 0x00005574ca1e65d0
11/10/2025 19:20:10:418	UTIL	[46:46:147907008]	INFO	poll_t::poll_t register, fd = 20, es.first = 00000000000000000000000000000011, this = 0x00005574ca1f5180
11/10/2025 19:20:10:418	UTIL	[46:46:147907008]	INFO	io_repo_t::start(), m_stop = true, this = 0x00005574ca1f5180
11/10/2025 19:20:10:418	UTIL	[46:46:147907008]	INFO	thread_mgr_t::attach handle = 0x00005574ca1f0bc0, thread_id = 139981548795584, owner_thr = 0x00005574ca1630a0, owner_id = 139981722018240, queue_size = 65536, this = 0x00005574ca1750f0
11/10/2025 19:20:10:418	UTIL	[46:46:147907008]	INFO	thread_wrapper_t::create_channel(), bind_thr = 0x00005574ca1630a0[139981722018240], read_capacity = 65536, write_capacity = 65536, this = 0x00005574ca1f0bc0
11/10/2025 19:20:10:418	UTIL	[46:46:147907008]	INFO	o2o_msg_queue_t::o2o_msg_queue_t, notifier = 0x00005574ca1708f0, writer = 0x00005574ca1f0bc0[139981548795584], reader = 0x00005574ca1630a0[139981722018240], capacity = 65536, mode = 0, this = 0x00005574ca1fdb90
11/10/2025 19:20:10:419	UTIL	[46:46:147907008]	INFO	o2o_msg_queue_t::o2o_msg_queue_t, notifier = 0x00005574ca1f4f80, writer = 0x00005574ca1630a0[139981722018240], reader = 0x00005574ca1f0bc0[139981548795584], capacity = 65536, mode = 1, this = 0x00005574ca1fddc0
11/10/2025 19:20:10:419	UTIL	[46:46:147907008]	INFO	thread_wrapper_t::bind_queue  , self_id = 139981722018240, bind_thr = 0x00005574ca1f0bc0[139981548795584], r_queue = 0x00005574ca1fdbf8, w_queue = 0x00005574ca1fde30, this = 0x00005574ca1630a0
11/10/2025 19:20:10:419	UTIL	[46:46:147907008]	INFO	thread_wrapper_t::bind_queue  , self_id = 139981548795584, bind_thr = 0x00005574ca1630a0[139981722018240], r_queue = 0x00005574ca1fde28, w_queue = 0x00005574ca1fdc00, this = 0x00005574ca1f0bc0
11/10/2025 19:20:10:419	UTIL	[46:46:147907008]	INFO	thread_wrapper_t::create_channel(), bind_thr = 0x00005574ca1be150[139981689837248], read_capacity = 65536, write_capacity = 65536, this = 0x00005574ca1f0bc0
11/10/2025 19:20:10:419	UTIL	[46:60:4269651648]	INFO	poll_t::loop () begin, working = 0x00005574ca1f0bc0, this = 0x00005574ca1f5180
11/10/2025 19:20:10:419	UTIL	[46:60:4269651648]	INFO	thread_io_t::init_tls() thread_id = 139981548795584, this = 0x00005574ca1f0b90
11/10/2025 19:20:10:419	UTIL	[46:60:4269651648]	INFO	thread_wrapper_t::init_tls(), m_thread_manager = 0x00005574ca1750f0, this = 0x00005574ca1f0bc0
11/10/2025 19:20:10:419	UTIL	[46:60:4269651648]	INFO	thread_mgr_t::register_tls, thr = 0x00005574ca1f0bc0, tls = true, this = 0x00005574ca1750f0
11/10/2025 19:20:10:419	UTIL	[46:60:4269651648]	INFO	thread_wrapper_t::start_alive_check() timer = 0x0000000000000000, m_interact_timer = true, this = 0x00005574ca1f0bc0
11/10/2025 19:20:10:419	UTIL	[46:60:4269651648]	INFO	timer_queue_t::timer_queue_t() , sink = 0x00005574ca1f0bf8, min_interval = 204800, this = 0x00007f4fdc001070
11/10/2025 19:20:10:419	UTIL	[46:46:147907008]	INFO	o2o_msg_queue_t::o2o_msg_queue_t, notifier = 0x00005574ca1bbe40, writer = 0x00005574ca1f0bc0[139981548795584], reader = 0x00005574ca1be150[139981689837248], capacity = 65536, mode = 1, this = 0x00005574ca1fe450
11/10/2025 19:20:10:420	UTIL	[46:46:147907008]	INFO	o2o_msg_queue_t::o2o_msg_queue_t, notifier = 0x00005574ca1f4f80, writer = 0x00005574ca1be150[139981689837248], reader = 0x00005574ca1f0bc0[139981548795584], capacity = 65536, mode = 1, this = 0x00005574ca1fe680
11/10/2025 19:20:10:420	UTIL	[46:46:147907008]	INFO	thread_wrapper_t::send_ctrl_msg msg = 0x00005574ca1fe8b0, (uint64_t)m_id = 139981548795584, timeout = -1, this = 0x00005574ca1f0bc0
11/10/2025 19:20:10:420	UTIL	[46:60:4269651648]	INFO	thread_wrapper_t::create_ch_msg_t::on_message from = 0x00005574ca1f0bc0, to = 0x00005574ca1be150, this = 0x00005574ca1fe8b0
11/10/2025 19:20:10:420	UTIL	[46:60:4269651648]	INFO	thread_wrapper_t::bind_queue  , self_id = 139981689837248, bind_thr = 0x00005574ca1f0bc0[139981548795584], r_queue = 0x00005574ca1fe4b8, w_queue = 0x00005574ca1fe6f0, this = 0x00005574ca1be150
11/10/2025 19:20:10:421	UTIL	[46:46:147907008]	INFO	thread_wrapper_t::bind_queue  , self_id = 139981548795584, bind_thr = 0x00005574ca1be150[139981689837248], r_queue = 0x00005574ca1fe6e8, w_queue = 0x00005574ca1fe4c0, this = 0x00005574ca1f0bc0
11/10/2025 19:20:10:421	UTIL	[46:46:147907008]	INFO	thread_wrapper_t::create_channel(), bind_thr = 0x00005574ca1f0bc0[139981548795584], read_capacity = 65536, write_capacity = 65536, this = 0x00005574ca1f0bc0
11/10/2025 19:20:10:423	UTIL	[46:46:147907008]	INFO	o2o_msg_queue_t::o2o_msg_queue_t, notifier = 0x00005574ca1f4f80, writer = 0x00005574ca1f0bc0[139981548795584], reader = 0x00005574ca1f0bc0[139981548795584], capacity = 65536, mode = 1, this = 0x00005574ca1fec50
11/10/2025 19:20:10:424	UTIL	[46:46:147907008]	INFO	o2o_msg_queue_t::o2o_msg_queue_t, notifier = 0x00005574ca1f4f80, writer = 0x00005574ca1f0bc0[139981548795584], reader = 0x00005574ca1f0bc0[139981548795584], capacity = 65536, mode = 1, this = 0x00005574ca1fee80
11/10/2025 19:20:10:424	UTIL	[46:46:147907008]	INFO	thread_wrapper_t::send_ctrl_msg msg = 0x00005574ca1ff0b0, (uint64_t)m_id = 139981548795584, timeout = -1, this = 0x00005574ca1f0bc0
11/10/2025 19:20:10:424	UTIL	[46:60:4269651648]	INFO	thread_wrapper_t::create_ch_msg_t::on_message from = 0x00005574ca1f0bc0, to = 0x00005574ca1f0bc0, this = 0x00005574ca1ff0b0
11/10/2025 19:20:10:424	UTIL	[46:60:4269651648]	INFO	thread_wrapper_t::bind_queue  , self_id = 139981548795584, bind_thr = 0x00005574ca1f0bc0[139981548795584], r_queue = 0x00005574ca1fecb8, w_queue = 0x00005574ca1feef0, this = 0x00005574ca1f0bc0
11/10/2025 19:20:10:424	UTIL	[46:46:147907008]	INFO	thread_wrapper_t::bind_queue  , self_id = 139981548795584, bind_thr = 0x00005574ca1f0bc0[139981548795584], r_queue = 0x00005574ca1feee8, w_queue = 0x00005574ca1fecc0, this = 0x00005574ca1f0bc0
11/10/2025 19:20:10:424	UTIL	[46:46:147907008]	INFO	thread_wrapper_t::bind_queue bind_thr = 0x00005574ca1f0bc0 already be existed, skip it, this = 0x00005574ca1f0bc0
11/10/2025 19:20:10:424	UTIL	[46:46:147907008]	INFO	thread_wrapper_t::adjust_timer_precision, m_timer_precision = 50, new_timer_precision = 50, this = 0x00005574ca1f0bc0
11/10/2025 19:20:10:424	UTIL	[46:46:147907008]	INFO	thread_mgr_t::spawn, mode = 01000004, w_queue_size = 65536, type = 1028, interact_timer = true, thr_name = zoom.im.index, bind_mask = 4294967295, use_ext_timer_drv = false, notifier = 0x0000000000000000, this = 0x00005574ca1750f0
11/10/2025 19:20:10:424	UTIL	[46:46:147907008]	INFO	thread_wrapper_t::thread_wrapper_t, mode = 01000004, id = 0, type = 1028, thr_manager = 0x00005574ca1750f0, waits = 1, interact_timer = true, m_timer_precision = 50, this = 0x00005574ca1ff840
11/10/2025 19:20:10:424	UTIL	[46:46:147907008]	INFO	msg_queue_t::msg_queue_t notifier = , notifier = 0x0000000000000000, writer = 0x0000000000000000, capacity = 1024, mode = 1, this = 0x00005574ca1ffaf0
11/10/2025 19:20:10:424	UTIL	[46:46:147907008]	INFO	thread_wrapper_t::thread_wrapper_t ctrl queue size = 1024, this = 0x00005574ca1ff840
11/10/2025 19:20:10:424	UTIL	[46:46:147907008]	INFO	thread_io_t::thread_io_t(), mode = 01000004, type = 1028, queue size = 65536, this = 0x00005574ca1ff810
11/10/2025 19:20:10:424	UTIL	[46:46:147907008]	INFO	thread_io_t::open_notifier, waits = 1, this = 0x00005574ca1ff810
11/10/2025 19:20:10:424	UTIL	[46:46:147907008]	INFO	msg_queue_base_t::open_notifier, m_notifier = 0x0000000000000000, notifier = 0x00005574ca203fa0, this = 0x00005574ca1ffb10
11/10/2025 19:20:10:424	UTIL	[46:46:147907008]	INFO	thread_io_t::thread_run(), id = 0, args = 0x0000000000000000, this = 0x00005574ca1ff810
11/10/2025 19:20:10:424	UTIL	[46:46:147907008]	INFO	io_repo_t::io_repo_t, m_working = 0x00005574ca1ff840, max_io_fds = 1024, this = 0x00005574ca204200
11/10/2025 19:20:10:424	UTIL	[46:46:147907008]	INFO	notifier_handler_t::notifier_handler_t, io_container = 0x00005574ca2042000x00005574ca203fa0, this = 0x00005574ca1cc270
11/10/2025 19:20:10:424	UTIL	[46:46:147907008]	INFO	poll_t::poll_t register, fd = 22, es.first = 00000000000000000000000000000011, this = 0x00005574ca204200
11/10/2025 19:20:10:424	UTIL	[46:46:147907008]	INFO	io_repo_t::start(), m_stop = true, this = 0x00005574ca204200
11/10/2025 19:20:10:424	UTIL	[46:46:147907008]	INFO	thread_mgr_t::attach handle = 0x00005574ca1ff840, thread_id = 139981540402880, owner_thr = 0x00005574ca1630a0, owner_id = 139981722018240, queue_size = 65536, this = 0x00005574ca1750f0
11/10/2025 19:20:10:424	UTIL	[46:46:147907008]	INFO	thread_wrapper_t::create_channel(), bind_thr = 0x00005574ca1630a0[139981722018240], read_capacity = 65536, write_capacity = 65536, this = 0x00005574ca1ff840
11/10/2025 19:20:10:424	UTIL	[46:61:4261258944]	INFO	poll_t::loop () begin, working = 0x00005574ca1ff840, this = 0x00005574ca204200
11/10/2025 19:20:10:425	UTIL	[46:61:4261258944]	INFO	thread_io_t::init_tls() thread_id = 139981540402880, this = 0x00005574ca1ff810
11/10/2025 19:20:10:425	UTIL	[46:46:147907008]	INFO	o2o_msg_queue_t::o2o_msg_queue_t, notifier = 0x00005574ca1708f0, writer = 0x00005574ca1ff840[139981540402880], reader = 0x00005574ca1630a0[139981722018240], capacity = 65536, mode = 0, this = 0x00005574ca20cc70
11/10/2025 19:20:10:425	UTIL	[46:61:4261258944]	INFO	thread_wrapper_t::init_tls(), m_thread_manager = 0x00005574ca1750f0, this = 0x00005574ca1ff840
11/10/2025 19:20:10:425	UTIL	[46:61:4261258944]	INFO	thread_mgr_t::register_tls, thr = 0x00005574ca1ff840, tls = true, this = 0x00005574ca1750f0
11/10/2025 19:20:10:425	UTIL	[46:61:4261258944]	INFO	thread_wrapper_t::start_alive_check() timer = 0x0000000000000000, m_interact_timer = true, this = 0x00005574ca1ff840
11/10/2025 19:20:10:425	UTIL	[46:61:4261258944]	INFO	timer_queue_t::timer_queue_t() , sink = 0x00005574ca1ff878, min_interval = 204800, this = 0x00007f4fd0001070
11/10/2025 19:20:10:425	UTIL	[46:46:147907008]	INFO	o2o_msg_queue_t::o2o_msg_queue_t, notifier = 0x00005574ca203fa0, writer = 0x00005574ca1630a0[139981722018240], reader = 0x00005574ca1ff840[139981540402880], capacity = 65536, mode = 1, this = 0x00005574ca20cea0
11/10/2025 19:20:10:425	UTIL	[46:46:147907008]	INFO	thread_wrapper_t::bind_queue  , self_id = 139981722018240, bind_thr = 0x00005574ca1ff840[139981540402880], r_queue = 0x00005574ca20ccd8, w_queue = 0x00005574ca20cf10, this = 0x00005574ca1630a0
11/10/2025 19:20:10:425	UTIL	[46:46:147907008]	INFO	thread_wrapper_t::bind_queue  , self_id = 139981540402880, bind_thr = 0x00005574ca1630a0[139981722018240], r_queue = 0x00005574ca20cf08, w_queue = 0x00005574ca20cce0, this = 0x00005574ca1ff840
11/10/2025 19:20:10:425	UTIL	[46:46:147907008]	INFO	thread_wrapper_t::create_channel(), bind_thr = 0x00005574ca1be150[139981689837248], read_capacity = 65536, write_capacity = 65536, this = 0x00005574ca1ff840
11/10/2025 19:20:10:425	UTIL	[46:46:147907008]	INFO	o2o_msg_queue_t::o2o_msg_queue_t, notifier = 0x00005574ca1bbe40, writer = 0x00005574ca1ff840[139981540402880], reader = 0x00005574ca1be150[139981689837248], capacity = 65536, mode = 1, this = 0x00005574ca20d530
11/10/2025 19:20:10:426	UTIL	[46:46:147907008]	INFO	o2o_msg_queue_t::o2o_msg_queue_t, notifier = 0x00005574ca203fa0, writer = 0x00005574ca1be150[139981689837248], reader = 0x00005574ca1ff840[139981540402880], capacity = 65536, mode = 1, this = 0x00005574ca20d760
11/10/2025 19:20:10:426	UTIL	[46:46:147907008]	INFO	thread_wrapper_t::send_ctrl_msg msg = 0x00005574ca20d990, (uint64_t)m_id = 139981540402880, timeout = -1, this = 0x00005574ca1ff840
11/10/2025 19:20:10:426	UTIL	[46:61:4261258944]	INFO	thread_wrapper_t::create_ch_msg_t::on_message from = 0x00005574ca1ff840, to = 0x00005574ca1be150, this = 0x00005574ca20d990
11/10/2025 19:20:10:426	UTIL	[46:61:4261258944]	INFO	thread_wrapper_t::bind_queue  , self_id = 139981689837248, bind_thr = 0x00005574ca1ff840[139981540402880], r_queue = 0x00005574ca20d598, w_queue = 0x00005574ca20d7d0, this = 0x00005574ca1be150
11/10/2025 19:20:10:426	UTIL	[46:46:147907008]	INFO	thread_wrapper_t::bind_queue  , self_id = 139981540402880, bind_thr = 0x00005574ca1be150[139981689837248], r_queue = 0x00005574ca20d7c8, w_queue = 0x00005574ca20d5a0, this = 0x00005574ca1ff840
11/10/2025 19:20:10:426	UTIL	[46:46:147907008]	INFO	thread_wrapper_t::create_channel(), bind_thr = 0x00005574ca1f0bc0[139981548795584], read_capacity = 65536, write_capacity = 65536, this = 0x00005574ca1ff840
11/10/2025 19:20:10:426	UTIL	[46:46:147907008]	INFO	o2o_msg_queue_t::o2o_msg_queue_t, notifier = 0x00005574ca1f4f80, writer = 0x00005574ca1ff840[139981540402880], reader = 0x00005574ca1f0bc0[139981548795584], capacity = 65536, mode = 1, this = 0x00005574ca20de60
11/10/2025 19:20:10:427	UTIL	[46:46:147907008]	INFO	o2o_msg_queue_t::o2o_msg_queue_t, notifier = 0x00005574ca203fa0, writer = 0x00005574ca1f0bc0[139981548795584], reader = 0x00005574ca1ff840[139981540402880], capacity = 65536, mode = 1, this = 0x00005574ca20e090
11/10/2025 19:20:10:427	UTIL	[46:46:147907008]	INFO	thread_wrapper_t::send_ctrl_msg msg = 0x00005574ca20e2c0, (uint64_t)m_id = 139981540402880, timeout = -1, this = 0x00005574ca1ff840
11/10/2025 19:20:10:427	UTIL	[46:61:4261258944]	INFO	thread_wrapper_t::create_ch_msg_t::on_message from = 0x00005574ca1ff840, to = 0x00005574ca1f0bc0, this = 0x00005574ca20e2c0
11/10/2025 19:20:10:427	UTIL	[46:61:4261258944]	INFO	thread_wrapper_t::bind_queue  , self_id = 139981548795584, bind_thr = 0x00005574ca1ff840[139981540402880], r_queue = 0x00005574ca20dec8, w_queue = 0x00005574ca20e100, this = 0x00005574ca1f0bc0
11/10/2025 19:20:10:427	UTIL	[46:46:147907008]	INFO	thread_wrapper_t::bind_queue  , self_id = 139981540402880, bind_thr = 0x00005574ca1f0bc0[139981548795584], r_queue = 0x00005574ca20e0f8, w_queue = 0x00005574ca20ded0, this = 0x00005574ca1ff840
11/10/2025 19:20:10:427	UTIL	[46:46:147907008]	INFO	thread_wrapper_t::create_channel(), bind_thr = 0x00005574ca1ff840[139981540402880], read_capacity = 65536, write_capacity = 65536, this = 0x00005574ca1ff840
11/10/2025 19:20:10:428	UTIL	[46:46:147907008]	INFO	o2o_msg_queue_t::o2o_msg_queue_t, notifier = 0x00005574ca203fa0, writer = 0x00005574ca1ff840[139981540402880], reader = 0x00005574ca1ff840[139981540402880], capacity = 65536, mode = 1, this = 0x00005574ca20e710
11/10/2025 19:20:10:428	UTIL	[46:46:147907008]	INFO	o2o_msg_queue_t::o2o_msg_queue_t, notifier = 0x00005574ca203fa0, writer = 0x00005574ca1ff840[139981540402880], reader = 0x00005574ca1ff840[139981540402880], capacity = 65536, mode = 1, this = 0x00005574ca20e940
11/10/2025 19:20:10:428	UTIL	[46:46:147907008]	INFO	thread_wrapper_t::send_ctrl_msg msg = 0x00005574ca20eb70, (uint64_t)m_id = 139981540402880, timeout = -1, this = 0x00005574ca1ff840
11/10/2025 19:20:10:428	UTIL	[46:61:4261258944]	INFO	thread_wrapper_t::create_ch_msg_t::on_message from = 0x00005574ca1ff840, to = 0x00005574ca1ff840, this = 0x00005574ca20eb70
11/10/2025 19:20:10:428	UTIL	[46:61:4261258944]	INFO	thread_wrapper_t::bind_queue  , self_id = 139981540402880, bind_thr = 0x00005574ca1ff840[139981540402880], r_queue = 0x00005574ca20e778, w_queue = 0x00005574ca20e9b0, this = 0x00005574ca1ff840
11/10/2025 19:20:10:429	UTIL	[46:46:147907008]	INFO	thread_wrapper_t::bind_queue  , self_id = 139981540402880, bind_thr = 0x00005574ca1ff840[139981540402880], r_queue = 0x00005574ca20e9a8, w_queue = 0x00005574ca20e780, this = 0x00005574ca1ff840
11/10/2025 19:20:10:429	UTIL	[46:46:147907008]	INFO	thread_wrapper_t::bind_queue bind_thr = 0x00005574ca1ff840 already be existed, skip it, this = 0x00005574ca1ff840
11/10/2025 19:20:10:429	UTIL	[46:46:147907008]	INFO	thread_wrapper_t::adjust_timer_precision, m_timer_precision = 50, new_timer_precision = 50, this = 0x00005574ca1ff840
11/10/2025 19:20:11:611	UTIL	[46:46:147907008]	INFO	UTIL_INIT  refer times = 5, module_id = 5, UTIL has been built on:Sep 19 2025 at 06:33:56 on branch release-client-6.6.x with commit ID 2583f48484aeb604c472d0a89b4ddc1f55
11/10/2025 19:20:11:611	UTIL	[46:46:147907008]	INFO	register_logger  module_id = 5, module_name = MCM, max_level = 31, logger = 0x0000000000000000, mode = 3
11/10/2025 19:20:12:872	UTIL	[46:46:147907008]	INFO	register_logger  module_id = 6, module_name = NYDUS, max_level = 31, logger = 0x0000000000000000, mode = 3
11/10/2025 19:20:12:872	UTIL	[46:46:147907008]	INFO	timer_it::timer_it id = 0, own_thr = 0x0000000000000000, this = 0x00005574ca22a1a0
11/10/2025 19:20:12:872	UTIL	[46:46:147907008]	INFO	timer_it::timer_it id = 0, own_thr = 0x0000000000000000, this = 0x00005574ca2321a0
11/10/2025 19:20:12:872	UTIL	[46:46:147907008]	INFO	thread_mgr_t::spawn, mode = 00000008, w_queue_size = 8192, type = 1024, interact_timer = true, thr_name = , bind_mask = 4294967295, use_ext_timer_drv = false, notifier = 0x0000000000000000, this = 0x00005574ca1750f0
11/10/2025 19:20:12:872	UTIL	[46:46:147907008]	INFO	thread_mgr_t::spawn already has an instance for the thread, return it directly, thread id = 139981722018240, this = 0x00005574ca1750f0
11/10/2025 19:20:13:092	UTIL	[46:46:147907008]	INFO	timer_it::add_timer sink = 0x00005574ca232f78, interval = 12800, times = 0, is_exact = true, this = 0x00005574ca22a1a0
11/10/2025 19:20:13:093	UTIL	[46:46:147907008]	INFO	timer_it::add_timer sink = 0x00005574ca232f78, interval = 3840, times = 0, is_exact = true, this = 0x00005574ca2321a0
11/10/2025 19:21:05:854	UTIL	[46:46:147907008]	INFO	mlog_file::init mid:1069 size:1048576 shmem:false ret:0 this:0x00005574ca2ac478
11/10/2025 19:21:10:732	UTIL	[46:46:147907008]	INFO	mlog_file::init mid:1027 size:1048576 shmem:false ret:0 this:0x00005574ca3a6f18
11/10/2025 19:21:11:300	UTIL	[46:46:147907008]	INFO	mlog_file::init mid:1008 size:1048576 shmem:false ret:0 this:0x00005574ca39a978
11/10/2025 19:21:11:579	UTIL	[46:46:147907008]	INFO	mlog_file::init mid:1030 size:1048576 shmem:false ret:0 this:0x00005574ca2d3c78
