11/10/2025 19:18:36:198	UTIL	[46:46:3458228672]	INFO	thread_mgr_t ::thread_mgr_t(),Mon,10 Nov 2025 19:18:36 GMT, preset_owner_thr = false, this = 0x000055df9c7e60f0
11/10/2025 19:18:36:198	UTIL	[46:46:3458228672]	INFO	new_i8_allocator_t::new_i8_allocator_t, m_page_size = 4096, this = 0x000055df9c7e2f00
11/10/2025 19:18:36:198	UTIL	[46:46:3458228672]	INFO	UTIL_INIT  refer , s_init_times = 1, module_id = 9, description = UTIL has been built on:Sep 19 2025 at 06:33:56 on branch release-client-6.6.x with commit ID 2583f48484aeb604c472d0a89b4ddc1f55, dir = , filename = , pext = log, max_size = 41943040, max_idx = 99
11/10/2025 19:18:36:199	UTIL	[46:46:3458228672]	INFO	set_timer_driver, setup_call = 0x00007fd1e99603b0, remove_call = 0x00007fd1e9960290
11/10/2025 19:18:36:199	UTIL	[46:46:3458228672]	INFO	thread_mgr_t::spawn, mode = 02000008, w_queue_size = 8192, type = 0, interact_timer = true, thr_name = , bind_mask = 4294967295, use_ext_timer_drv = true, notifier = 0x000055df9c7e18f0, this = 0x000055df9c7e60f0
11/10/2025 19:18:36:199	UTIL	[46:46:3458228672]	INFO	thread_wrapper_t::thread_wrapper_t, mode = 02000008, id = 0, type = 0, thr_manager = 0x000055df9c7e60f0, waits = 0, interact_timer = true, m_timer_precision = 50, this = 0x000055df9c7d40a0
11/10/2025 19:18:36:199	UTIL	[46:46:3458228672]	INFO	msg_queue_t::msg_queue_t notifier = , notifier = 0x000055df9c7e18f0, writer = 0x0000000000000000, capacity = 1024, mode = 0, this = 0x000055df9c7e1b10
11/10/2025 19:18:36:199	UTIL	[46:46:3458228672]	INFO	thread_wrapper_t::thread_wrapper_t ctrl queue size = 1024, this = 0x000055df9c7d40a0
11/10/2025 19:18:36:199	UTIL	[46:46:3458228672]	INFO	thread_wrapper_t::init_tls(), m_thread_manager = 0x000055df9c7e60f0, this = 0x000055df9c7d40a0
11/10/2025 19:18:36:199	UTIL	[46:46:3458228672]	INFO	thread_mgr_t::register_tls, thr = 0x000055df9c7d40a0, tls = true, this = 0x000055df9c7e60f0
11/10/2025 19:18:36:199	UTIL	[46:46:3458228672]	INFO	thread_wrapper_t::start_alive_check() timer = 0x0000000000000000, m_interact_timer = true, this = 0x000055df9c7d40a0
11/10/2025 19:18:36:199	UTIL	[46:46:3458228672]	INFO	timer_queue_t::timer_queue_t() , sink = 0x000055df9c7d40d8, min_interval = 204800, this = 0x000055df9c7eeb00
11/10/2025 19:18:36:199	UTIL	[46:46:3458228672]	INFO	thread_wrapper_t::open_notifier, waits = 0, m_notify = 0x000055df9c7e18f0, this = 0x000055df9c7d40a0
11/10/2025 19:18:36:199	UTIL	[46:46:3458228672]	INFO	msg_queue_base_t::open_notifier, m_notifier = 0x000055df9c7e18f0, notifier = 0x000055df9c7e18f0, this = 0x000055df9c7e1b30
11/10/2025 19:18:36:199	UTIL	[46:46:3458228672]	INFO	thread_mgr_t::attach handle = 0x000055df9c7d40a0, thread_id = 140539083121088, owner_thr = 0x000055df9c7d40a0, owner_id = 140539083121088, queue_size = 8192, this = 0x000055df9c7e60f0
11/10/2025 19:18:36:199	UTIL	[46:46:3458228672]	INFO	thread_wrapper_t::create_channel(), bind_thr = 0x000055df9c7d40a0[140539083121088], read_capacity = 8192, write_capacity = 8192, this = 0x000055df9c7d40a0
11/10/2025 19:18:36:199	UTIL	[46:46:3458228672]	INFO	o2o_msg_queue_t::o2o_msg_queue_t, notifier = 0x000055df9c7e18f0, writer = 0x000055df9c7d40a0[140539083121088], reader = 0x000055df9c7d40a0[140539083121088], capacity = 8192, mode = 0, this = 0x000055df9c7e2d00
11/10/2025 19:18:36:199	UTIL	[46:46:3458228672]	INFO	o2o_msg_queue_t::o2o_msg_queue_t, notifier = 0x000055df9c7e18f0, writer = 0x000055df9c7d40a0[140539083121088], reader = 0x000055df9c7d40a0[140539083121088], capacity = 8192, mode = 0, this = 0x000055df9c7e5e00
11/10/2025 19:18:36:199	UTIL	[46:46:3458228672]	INFO	thread_wrapper_t::bind_queue  , self_id = 140539083121088, bind_thr = 0x000055df9c7d40a0[140539083121088], r_queue = 0x000055df9c7e2d68, w_queue = 0x000055df9c7e5e70, this = 0x000055df9c7d40a0
11/10/2025 19:18:36:199	UTIL	[46:46:3458228672]	INFO	thread_wrapper_t::bind_queue  , self_id = 140539083121088, bind_thr = 0x000055df9c7d40a0[140539083121088], r_queue = 0x000055df9c7e5e68, w_queue = 0x000055df9c7e2d70, this = 0x000055df9c7d40a0
11/10/2025 19:18:36:199	UTIL	[46:46:3458228672]	INFO	thread_wrapper_t::bind_queue bind_thr = 0x000055df9c7d40a0 already be existed, skip it, this = 0x000055df9c7d40a0
11/10/2025 19:18:36:199	UTIL	[46:46:3458228672]	INFO	thread_wrapper_t::adjust_timer_precision, m_timer_precision = 50, new_timer_precision = 50, this = 0x000055df9c7d40a0
11/10/2025 19:18:36:199	UTIL	[46:46:3458228672]	INFO	register_logger  module_id = 1057, module_name = zoomtask, max_level = 31, logger = 0x0000000000000000, mode = 3
11/10/2025 19:18:36:274	UTIL	[46:46:3458228672]	INFO	UTIL_INIT  refer times = 2, module_id = 1057, UTIL has been built on:Sep 19 2025 at 06:33:56 on branch release-client-6.6.x with commit ID 2583f48484aeb604c472d0a89b4ddc1f55
11/10/2025 19:18:36:274	UTIL	[46:46:3458228672]	INFO	register_logger  module_id = 1057, module_name = ZoomTask, max_level = 31, logger = 0x0000000000000000, mode = 3
11/10/2025 19:18:36:299	UTIL	[46:46:3458228672]	INFO	UTIL_INIT  refer times = 3, module_id = 2, UTIL has been built on:Sep 19 2025 at 06:33:56 on branch release-client-6.6.x with commit ID 2583f48484aeb604c472d0a89b4ddc1f55
11/10/2025 19:18:36:301	UTIL	[46:46:3458228672]	INFO	timer_it::timer_it id = 0, own_thr = 0x0000000000000000, this = 0x000055df9c7e6848
11/10/2025 19:18:36:301	UTIL	[46:46:3458228672]	INFO	thread_mgr_t::spawn, mode = 01000004, w_queue_size = 0, type = 3, interact_timer = true, thr_name = zoom.dns, bind_mask = 0, use_ext_timer_drv = false, notifier = 0x0000000000000000, this = 0x000055df9c7e60f0
11/10/2025 19:18:36:301	UTIL	[46:46:3458228672]	INFO	thread_wrapper_t::thread_wrapper_t, mode = 01000004, id = 0, type = 3, thr_manager = 0x000055df9c7e60f0, waits = 1, interact_timer = true, m_timer_precision = 50, this = 0x000055df9c82ef30
11/10/2025 19:18:36:301	UTIL	[46:46:3458228672]	INFO	msg_queue_t::msg_queue_t notifier = , notifier = 0x0000000000000000, writer = 0x0000000000000000, capacity = 1024, mode = 1, this = 0x000055df9c82f390
11/10/2025 19:18:36:301	UTIL	[46:46:3458228672]	INFO	thread_wrapper_t::thread_wrapper_t ctrl queue size = 1024, this = 0x000055df9c82ef30
11/10/2025 19:18:36:301	UTIL	[46:46:3458228672]	INFO	thread_io_t::thread_io_t(), mode = 01000004, type = 3, queue size = 0, this = 0x000055df9c82ef00
11/10/2025 19:18:36:301	UTIL	[46:46:3458228672]	INFO	thread_io_t::open_notifier, waits = 1, this = 0x000055df9c82ef00
11/10/2025 19:18:36:301	UTIL	[46:46:3458228672]	INFO	msg_queue_base_t::open_notifier, m_notifier = 0x0000000000000000, notifier = 0x000055df9c82ccb0, this = 0x000055df9c82f3b0
11/10/2025 19:18:36:301	UTIL	[46:46:3458228672]	INFO	thread_io_t::thread_run(), id = 0, args = 0x0000000000000000, this = 0x000055df9c82ef00
11/10/2025 19:18:36:301	UTIL	[46:46:3458228672]	INFO	io_repo_t::io_repo_t, m_working = 0x000055df9c82ef30, max_io_fds = 1024, this = 0x000055df9c833950
11/10/2025 19:18:36:301	UTIL	[46:46:3458228672]	INFO	notifier_handler_t::notifier_handler_t, io_container = 0x000055df9c8339500x000055df9c82ccb0, this = 0x000055df9c83bae0
11/10/2025 19:18:36:301	UTIL	[46:46:3458228672]	INFO	poll_t::poll_t register, fd = 11, es.first = 00000000000000000000000000000011, this = 0x000055df9c833950
11/10/2025 19:18:36:301	UTIL	[46:46:3458228672]	INFO	io_repo_t::start(), m_stop = true, this = 0x000055df9c833950
11/10/2025 19:18:36:301	UTIL	[46:46:3458228672]	INFO	thread_mgr_t::spawn only has control message queue for this thread, this = 0x000055df9c7e60f0
11/10/2025 19:18:36:301	UTIL	[46:52:3355440832]	INFO	poll_t::loop () begin, working = 0x000055df9c82ef30, this = 0x000055df9c833950
11/10/2025 19:18:36:301	UTIL	[46:52:3355440832]	INFO	thread_io_t::init_tls() thread_id = 140538980333248, this = 0x000055df9c82ef00
11/10/2025 19:18:36:301	UTIL	[46:52:3355440832]	INFO	thread_wrapper_t::init_tls(), m_thread_manager = 0x000055df9c7e60f0, this = 0x000055df9c82ef30
11/10/2025 19:18:36:301	UTIL	[46:52:3355440832]	INFO	thread_mgr_t::register_tls, thr = 0x000055df9c82ef30, tls = true, this = 0x000055df9c7e60f0
11/10/2025 19:18:36:301	UTIL	[46:52:3355440832]	INFO	thread_wrapper_t::start_alive_check() timer = 0x0000000000000000, m_interact_timer = true, this = 0x000055df9c82ef30
11/10/2025 19:18:36:301	UTIL	[46:52:3355440832]	INFO	timer_queue_t::timer_queue_t() , sink = 0x000055df9c82ef68, min_interval = 204800, this = 0x00007fd1bc001070
11/10/2025 19:18:36:301	UTIL	[46:46:3458228672]	FATAL	assert: msg[thread_wrapper_t::create_channel bind thread should valid!, bind_thr = 0x0000000000000000] file[/home/jenkins/agent/workspace/Client/Client/DMT/linux/release/tp_util/util/src/thread.cpp], line = [1122]
11/10/2025 19:18:36:304	UTIL	[46:46:3458228672]	INFO	thread_wrapper_t::adjust_timer_precision, m_timer_precision = 50, new_timer_precision = 50, this = 0x000055df9c82ef30
11/10/2025 19:18:36:304	UTIL	[46:46:3458228672]	INFO	timer_it::timer_it id = 0, own_thr = 0x0000000000000000, this = 0x000055df9c83c540
11/10/2025 19:18:36:304	UTIL	[46:46:3458228672]	INFO	timer_it::add_timer sink = 0x000055df9c7e6720, interval = 100, times = 0, is_exact = true, this = 0x000055df9c83c540
11/10/2025 19:18:36:318	UTIL	[46:46:3458228672]	INFO	UTIL_INIT  refer times = 4, module_id = 9, UTIL has been built on:Sep 19 2025 at 06:33:56 on branch release-client-6.6.x with commit ID 2583f48484aeb604c472d0a89b4ddc1f55
11/10/2025 19:18:36:325	UTIL	[46:46:3458228672]	INFO	thread_mgr_t::spawn, mode = 01000004, w_queue_size = 65536, type = 1027, interact_timer = true, thr_name = zoom.db, bind_mask = 4294967295, use_ext_timer_drv = false, notifier = 0x0000000000000000, this = 0x000055df9c7e60f0
11/10/2025 19:18:36:325	UTIL	[46:46:3458228672]	INFO	thread_wrapper_t::thread_wrapper_t, mode = 01000004, id = 0, type = 1027, thr_manager = 0x000055df9c7e60f0, waits = 1, interact_timer = true, m_timer_precision = 50, this = 0x000055df9c861770
11/10/2025 19:18:36:325	UTIL	[46:46:3458228672]	INFO	msg_queue_t::msg_queue_t notifier = , notifier = 0x0000000000000000, writer = 0x0000000000000000, capacity = 1024, mode = 1, this = 0x000055df9c855a00
11/10/2025 19:18:36:327	UTIL	[46:46:3458228672]	INFO	thread_wrapper_t::thread_wrapper_t ctrl queue size = 1024, this = 0x000055df9c861770
11/10/2025 19:18:36:327	UTIL	[46:46:3458228672]	INFO	thread_io_t::thread_io_t(), mode = 01000004, type = 1027, queue size = 65536, this = 0x000055df9c861740
11/10/2025 19:18:36:327	UTIL	[46:46:3458228672]	INFO	thread_io_t::open_notifier, waits = 1, this = 0x000055df9c861740
11/10/2025 19:18:36:328	UTIL	[46:46:3458228672]	INFO	msg_queue_base_t::open_notifier, m_notifier = 0x0000000000000000, notifier = 0x000055df9c815b60, this = 0x000055df9c855a20
11/10/2025 19:18:36:328	UTIL	[46:46:3458228672]	INFO	thread_io_t::thread_run(), id = 0, args = 0x0000000000000000, this = 0x000055df9c861740
11/10/2025 19:18:36:328	UTIL	[46:46:3458228672]	INFO	io_repo_t::io_repo_t, m_working = 0x000055df9c861770, max_io_fds = 1024, this = 0x000055df9c865cf0
11/10/2025 19:18:36:328	UTIL	[46:46:3458228672]	INFO	notifier_handler_t::notifier_handler_t, io_container = 0x000055df9c865cf00x000055df9c815b60, this = 0x000055df9c8571e0
11/10/2025 19:18:36:328	UTIL	[46:46:3458228672]	INFO	poll_t::poll_t register, fd = 20, es.first = 00000000000000000000000000000011, this = 0x000055df9c865cf0
11/10/2025 19:18:36:328	UTIL	[46:46:3458228672]	INFO	io_repo_t::start(), m_stop = true, this = 0x000055df9c865cf0
11/10/2025 19:18:36:329	UTIL	[46:46:3458228672]	INFO	thread_mgr_t::attach handle = 0x000055df9c861770, thread_id = 140538502178496, owner_thr = 0x000055df9c7d40a0, owner_id = 140539083121088, queue_size = 65536, this = 0x000055df9c7e60f0
11/10/2025 19:18:36:330	UTIL	[46:46:3458228672]	INFO	thread_wrapper_t::create_channel(), bind_thr = 0x000055df9c7d40a0[140539083121088], read_capacity = 65536, write_capacity = 65536, this = 0x000055df9c861770
11/10/2025 19:18:36:330	UTIL	[46:46:3458228672]	INFO	o2o_msg_queue_t::o2o_msg_queue_t, notifier = 0x000055df9c7e18f0, writer = 0x000055df9c861770[140538502178496], reader = 0x000055df9c7d40a0[140539083121088], capacity = 65536, mode = 0, this = 0x000055df9c86e710
11/10/2025 19:18:36:331	UTIL	[46:46:3458228672]	INFO	o2o_msg_queue_t::o2o_msg_queue_t, notifier = 0x000055df9c815b60, writer = 0x000055df9c7d40a0[140539083121088], reader = 0x000055df9c861770[140538502178496], capacity = 65536, mode = 1, this = 0x000055df9c86e950
11/10/2025 19:18:36:331	UTIL	[46:46:3458228672]	INFO	thread_wrapper_t::bind_queue  , self_id = 140539083121088, bind_thr = 0x000055df9c861770[140538502178496], r_queue = 0x000055df9c86e778, w_queue = 0x000055df9c86e9c0, this = 0x000055df9c7d40a0
11/10/2025 19:18:36:331	UTIL	[46:46:3458228672]	INFO	thread_wrapper_t::bind_queue  , self_id = 140538502178496, bind_thr = 0x000055df9c7d40a0[140539083121088], r_queue = 0x000055df9c86e9b8, w_queue = 0x000055df9c86e780, this = 0x000055df9c861770
11/10/2025 19:18:36:331	UTIL	[46:46:3458228672]	INFO	thread_wrapper_t::create_channel(), bind_thr = 0x000055df9c82ef30[140538980333248], read_capacity = 65536, write_capacity = 65536, this = 0x000055df9c861770
11/10/2025 19:18:36:331	UTIL	[46:46:3458228672]	INFO	o2o_msg_queue_t::o2o_msg_queue_t, notifier = 0x000055df9c82ccb0, writer = 0x000055df9c861770[140538502178496], reader = 0x000055df9c82ef30[140538980333248], capacity = 65536, mode = 1, this = 0x000055df9c86eff0
11/10/2025 19:18:36:333	UTIL	[46:46:3458228672]	INFO	o2o_msg_queue_t::o2o_msg_queue_t, notifier = 0x000055df9c815b60, writer = 0x000055df9c82ef30[140538980333248], reader = 0x000055df9c861770[140538502178496], capacity = 65536, mode = 1, this = 0x000055df9c86f230
11/10/2025 19:18:36:333	UTIL	[46:46:3458228672]	INFO	thread_wrapper_t::send_ctrl_msg msg = 0x000055df9c86f470, (uint64_t)m_id = 0, timeout = -1, this = 0x000055df9c861770
11/10/2025 19:18:36:333	UTIL	[46:60:2877286080]	INFO	poll_t::loop () begin, working = 0x000055df9c861770, this = 0x000055df9c865cf0
11/10/2025 19:18:36:333	UTIL	[46:60:2877286080]	INFO	thread_io_t::init_tls() thread_id = 140538502178496, this = 0x000055df9c861740
11/10/2025 19:18:36:333	UTIL	[46:60:2877286080]	INFO	thread_wrapper_t::init_tls(), m_thread_manager = 0x000055df9c7e60f0, this = 0x000055df9c861770
11/10/2025 19:18:36:334	UTIL	[46:60:2877286080]	INFO	thread_mgr_t::register_tls, thr = 0x000055df9c861770, tls = true, this = 0x000055df9c7e60f0
11/10/2025 19:18:36:334	UTIL	[46:60:2877286080]	INFO	thread_wrapper_t::start_alive_check() timer = 0x0000000000000000, m_interact_timer = true, this = 0x000055df9c861770
11/10/2025 19:18:36:334	UTIL	[46:60:2877286080]	INFO	timer_queue_t::timer_queue_t() , sink = 0x000055df9c8617a8, min_interval = 204800, this = 0x00007fd1a0001070
11/10/2025 19:18:36:334	UTIL	[46:60:2877286080]	INFO	thread_wrapper_t::create_ch_msg_t::on_message from = 0x000055df9c861770, to = 0x000055df9c82ef30, this = 0x000055df9c86f470
11/10/2025 19:18:36:334	UTIL	[46:60:2877286080]	INFO	thread_wrapper_t::bind_queue  , self_id = 140538980333248, bind_thr = 0x000055df9c861770[140538502178496], r_queue = 0x000055df9c86f058, w_queue = 0x000055df9c86f2a0, this = 0x000055df9c82ef30
11/10/2025 19:18:36:334	UTIL	[46:46:3458228672]	INFO	thread_wrapper_t::bind_queue  , self_id = 140538502178496, bind_thr = 0x000055df9c82ef30[140538980333248], r_queue = 0x000055df9c86f298, w_queue = 0x000055df9c86f060, this = 0x000055df9c861770
11/10/2025 19:18:36:334	UTIL	[46:46:3458228672]	INFO	thread_wrapper_t::create_channel(), bind_thr = 0x000055df9c861770[140538502178496], read_capacity = 65536, write_capacity = 65536, this = 0x000055df9c861770
11/10/2025 19:18:36:335	UTIL	[46:46:3458228672]	INFO	o2o_msg_queue_t::o2o_msg_queue_t, notifier = 0x000055df9c815b60, writer = 0x000055df9c861770[140538502178496], reader = 0x000055df9c861770[140538502178496], capacity = 65536, mode = 1, this = 0x000055df9c86f8d0
11/10/2025 19:18:36:337	UTIL	[46:46:3458228672]	INFO	o2o_msg_queue_t::o2o_msg_queue_t, notifier = 0x000055df9c815b60, writer = 0x000055df9c861770[140538502178496], reader = 0x000055df9c861770[140538502178496], capacity = 65536, mode = 1, this = 0x000055df9c86fb10
11/10/2025 19:18:36:337	UTIL	[46:46:3458228672]	INFO	thread_wrapper_t::send_ctrl_msg msg = 0x000055df9c86fcf0, (uint64_t)m_id = 140538502178496, timeout = -1, this = 0x000055df9c861770
11/10/2025 19:18:36:337	UTIL	[46:60:2877286080]	INFO	thread_wrapper_t::create_ch_msg_t::on_message from = 0x000055df9c861770, to = 0x000055df9c861770, this = 0x000055df9c86fcf0
11/10/2025 19:18:36:337	UTIL	[46:60:2877286080]	INFO	thread_wrapper_t::bind_queue  , self_id = 140538502178496, bind_thr = 0x000055df9c861770[140538502178496], r_queue = 0x000055df9c86f938, w_queue = 0x000055df9c86fb80, this = 0x000055df9c861770
11/10/2025 19:18:36:337	UTIL	[46:46:3458228672]	INFO	thread_wrapper_t::bind_queue  , self_id = 140538502178496, bind_thr = 0x000055df9c861770[140538502178496], r_queue = 0x000055df9c86fb78, w_queue = 0x000055df9c86f940, this = 0x000055df9c861770
11/10/2025 19:18:36:337	UTIL	[46:46:3458228672]	INFO	thread_wrapper_t::bind_queue bind_thr = 0x000055df9c861770 already be existed, skip it, this = 0x000055df9c861770
11/10/2025 19:18:36:337	UTIL	[46:46:3458228672]	INFO	thread_wrapper_t::adjust_timer_precision, m_timer_precision = 50, new_timer_precision = 50, this = 0x000055df9c861770
11/10/2025 19:18:36:337	UTIL	[46:46:3458228672]	INFO	thread_mgr_t::spawn, mode = 01000004, w_queue_size = 65536, type = 1028, interact_timer = true, thr_name = zoom.im.index, bind_mask = 4294967295, use_ext_timer_drv = false, notifier = 0x0000000000000000, this = 0x000055df9c7e60f0
11/10/2025 19:18:36:337	UTIL	[46:46:3458228672]	INFO	thread_wrapper_t::thread_wrapper_t, mode = 01000004, id = 0, type = 1028, thr_manager = 0x000055df9c7e60f0, waits = 1, interact_timer = true, m_timer_precision = 50, this = 0x000055df9c870430
11/10/2025 19:18:36:337	UTIL	[46:46:3458228672]	INFO	msg_queue_t::msg_queue_t notifier = , notifier = 0x0000000000000000, writer = 0x0000000000000000, capacity = 1024, mode = 1, this = 0x000055df9c8706e0
11/10/2025 19:18:36:337	UTIL	[46:46:3458228672]	INFO	thread_wrapper_t::thread_wrapper_t ctrl queue size = 1024, this = 0x000055df9c870430
11/10/2025 19:18:36:337	UTIL	[46:46:3458228672]	INFO	thread_io_t::thread_io_t(), mode = 01000004, type = 1028, queue size = 65536, this = 0x000055df9c870400
11/10/2025 19:18:36:343	UTIL	[46:46:3458228672]	INFO	thread_io_t::open_notifier, waits = 1, this = 0x000055df9c870400
11/10/2025 19:18:36:344	UTIL	[46:46:3458228672]	INFO	msg_queue_base_t::open_notifier, m_notifier = 0x0000000000000000, notifier = 0x000055df9c874b30, this = 0x000055df9c870700
11/10/2025 19:18:36:344	UTIL	[46:46:3458228672]	INFO	thread_io_t::thread_run(), id = 0, args = 0x0000000000000000, this = 0x000055df9c870400
11/10/2025 19:18:36:344	UTIL	[46:46:3458228672]	INFO	io_repo_t::io_repo_t, m_working = 0x000055df9c870430, max_io_fds = 1024, this = 0x000055df9c874cd0
11/10/2025 19:18:36:344	UTIL	[46:46:3458228672]	INFO	notifier_handler_t::notifier_handler_t, io_container = 0x000055df9c874cd00x000055df9c874b30, this = 0x000055df9c83cf90
11/10/2025 19:18:36:344	UTIL	[46:46:3458228672]	INFO	poll_t::poll_t register, fd = 22, es.first = 00000000000000000000000000000011, this = 0x000055df9c874cd0
11/10/2025 19:18:36:344	UTIL	[46:46:3458228672]	INFO	io_repo_t::start(), m_stop = true, this = 0x000055df9c874cd0
11/10/2025 19:18:36:344	UTIL	[46:46:3458228672]	INFO	thread_mgr_t::attach handle = 0x000055df9c870430, thread_id = 140538493785792, owner_thr = 0x000055df9c7d40a0, owner_id = 140539083121088, queue_size = 65536, this = 0x000055df9c7e60f0
11/10/2025 19:18:36:344	UTIL	[46:46:3458228672]	INFO	thread_wrapper_t::create_channel(), bind_thr = 0x000055df9c7d40a0[140539083121088], read_capacity = 65536, write_capacity = 65536, this = 0x000055df9c870430
11/10/2025 19:18:36:347	UTIL	[46:61:2868893376]	INFO	poll_t::loop () begin, working = 0x000055df9c870430, this = 0x000055df9c874cd0
11/10/2025 19:18:36:347	UTIL	[46:61:2868893376]	INFO	thread_io_t::init_tls() thread_id = 140538493785792, this = 0x000055df9c870400
11/10/2025 19:18:36:347	UTIL	[46:61:2868893376]	INFO	thread_wrapper_t::init_tls(), m_thread_manager = 0x000055df9c7e60f0, this = 0x000055df9c870430
11/10/2025 19:18:36:347	UTIL	[46:61:2868893376]	INFO	thread_mgr_t::register_tls, thr = 0x000055df9c870430, tls = true, this = 0x000055df9c7e60f0
11/10/2025 19:18:36:347	UTIL	[46:61:2868893376]	INFO	thread_wrapper_t::start_alive_check() timer = 0x0000000000000000, m_interact_timer = true, this = 0x000055df9c870430
11/10/2025 19:18:36:347	UTIL	[46:61:2868893376]	INFO	timer_queue_t::timer_queue_t() , sink = 0x000055df9c870468, min_interval = 204800, this = 0x00007fd194001070
11/10/2025 19:18:36:349	UTIL	[46:46:3458228672]	INFO	o2o_msg_queue_t::o2o_msg_queue_t, notifier = 0x000055df9c7e18f0, writer = 0x000055df9c870430[140538493785792], reader = 0x000055df9c7d40a0[140539083121088], capacity = 65536, mode = 0, this = 0x000055df9c87d750
11/10/2025 19:18:36:350	UTIL	[46:46:3458228672]	INFO	o2o_msg_queue_t::o2o_msg_queue_t, notifier = 0x000055df9c874b30, writer = 0x000055df9c7d40a0[140539083121088], reader = 0x000055df9c870430[140538493785792], capacity = 65536, mode = 1, this = 0x000055df9c87d930
11/10/2025 19:18:36:351	UTIL	[46:46:3458228672]	INFO	thread_wrapper_t::bind_queue  , self_id = 140539083121088, bind_thr = 0x000055df9c870430[140538493785792], r_queue = 0x000055df9c87d7b8, w_queue = 0x000055df9c87d9a0, this = 0x000055df9c7d40a0
11/10/2025 19:18:36:351	UTIL	[46:46:3458228672]	INFO	thread_wrapper_t::bind_queue  , self_id = 140538493785792, bind_thr = 0x000055df9c7d40a0[140539083121088], r_queue = 0x000055df9c87d998, w_queue = 0x000055df9c87d7c0, this = 0x000055df9c870430
11/10/2025 19:18:36:351	UTIL	[46:46:3458228672]	INFO	thread_wrapper_t::create_channel(), bind_thr = 0x000055df9c82ef30[140538980333248], read_capacity = 65536, write_capacity = 65536, this = 0x000055df9c870430
11/10/2025 19:18:36:351	UTIL	[46:46:3458228672]	INFO	o2o_msg_queue_t::o2o_msg_queue_t, notifier = 0x000055df9c82ccb0, writer = 0x000055df9c870430[140538493785792], reader = 0x000055df9c82ef30[140538980333248], capacity = 65536, mode = 1, this = 0x000055df9c87df40
11/10/2025 19:18:36:352	UTIL	[46:46:3458228672]	INFO	o2o_msg_queue_t::o2o_msg_queue_t, notifier = 0x000055df9c874b30, writer = 0x000055df9c82ef30[140538980333248], reader = 0x000055df9c870430[140538493785792], capacity = 65536, mode = 1, this = 0x000055df9c87e180
11/10/2025 19:18:36:365	UTIL	[46:46:3458228672]	INFO	thread_wrapper_t::send_ctrl_msg msg = 0x000055df9c87e3c0, (uint64_t)m_id = 140538493785792, timeout = -1, this = 0x000055df9c870430
11/10/2025 19:18:36:382	UTIL	[46:61:2868893376]	INFO	thread_wrapper_t::create_ch_msg_t::on_message from = 0x000055df9c870430, to = 0x000055df9c82ef30, this = 0x000055df9c87e3c0
11/10/2025 19:18:36:384	UTIL	[46:61:2868893376]	INFO	thread_wrapper_t::bind_queue  , self_id = 140538980333248, bind_thr = 0x000055df9c870430[140538493785792], r_queue = 0x000055df9c87dfa8, w_queue = 0x000055df9c87e1f0, this = 0x000055df9c82ef30
11/10/2025 19:18:36:384	UTIL	[46:46:3458228672]	INFO	thread_wrapper_t::bind_queue  , self_id = 140538493785792, bind_thr = 0x000055df9c82ef30[140538980333248], r_queue = 0x000055df9c87e1e8, w_queue = 0x000055df9c87dfb0, this = 0x000055df9c870430
11/10/2025 19:18:36:384	UTIL	[46:46:3458228672]	INFO	thread_wrapper_t::create_channel(), bind_thr = 0x000055df9c861770[140538502178496], read_capacity = 65536, write_capacity = 65536, this = 0x000055df9c870430
11/10/2025 19:18:36:385	UTIL	[46:46:3458228672]	INFO	o2o_msg_queue_t::o2o_msg_queue_t, notifier = 0x000055df9c815b60, writer = 0x000055df9c870430[140538493785792], reader = 0x000055df9c861770[140538502178496], capacity = 65536, mode = 1, this = 0x000055df9c87e7a0
11/10/2025 19:18:36:385	UTIL	[46:46:3458228672]	INFO	o2o_msg_queue_t::o2o_msg_queue_t, notifier = 0x000055df9c874b30, writer = 0x000055df9c861770[140538502178496], reader = 0x000055df9c870430[140538493785792], capacity = 65536, mode = 1, this = 0x000055df9c87e980
11/10/2025 19:18:36:385	UTIL	[46:46:3458228672]	INFO	thread_wrapper_t::send_ctrl_msg msg = 0x000055df9c83bcb0, (uint64_t)m_id = 140538493785792, timeout = -1, this = 0x000055df9c870430
11/10/2025 19:18:36:387	UTIL	[46:61:2868893376]	INFO	thread_wrapper_t::create_ch_msg_t::on_message from = 0x000055df9c870430, to = 0x000055df9c861770, this = 0x000055df9c83bcb0
11/10/2025 19:18:36:387	UTIL	[46:61:2868893376]	INFO	thread_wrapper_t::bind_queue  , self_id = 140538502178496, bind_thr = 0x000055df9c870430[140538493785792], r_queue = 0x000055df9c87e808, w_queue = 0x000055df9c87e9f0, this = 0x000055df9c861770
11/10/2025 19:18:36:388	UTIL	[46:46:3458228672]	INFO	thread_wrapper_t::bind_queue  , self_id = 140538493785792, bind_thr = 0x000055df9c861770[140538502178496], r_queue = 0x000055df9c87e9e8, w_queue = 0x000055df9c87e810, this = 0x000055df9c870430
11/10/2025 19:18:36:388	UTIL	[46:46:3458228672]	INFO	thread_wrapper_t::create_channel(), bind_thr = 0x000055df9c870430[140538493785792], read_capacity = 65536, write_capacity = 65536, this = 0x000055df9c870430
11/10/2025 19:18:36:394	UTIL	[46:46:3458228672]	INFO	o2o_msg_queue_t::o2o_msg_queue_t, notifier = 0x000055df9c874b30, writer = 0x000055df9c870430[140538493785792], reader = 0x000055df9c870430[140538493785792], capacity = 65536, mode = 1, this = 0x000055df9c87ee70
11/10/2025 19:18:36:399	UTIL	[46:46:3458228672]	INFO	o2o_msg_queue_t::o2o_msg_queue_t, notifier = 0x000055df9c874b30, writer = 0x000055df9c870430[140538493785792], reader = 0x000055df9c870430[140538493785792], capacity = 65536, mode = 1, this = 0x000055df9c87f0b0
11/10/2025 19:18:36:400	UTIL	[46:46:3458228672]	INFO	thread_wrapper_t::send_ctrl_msg msg = 0x000055df9c87f2f0, (uint64_t)m_id = 140538493785792, timeout = -1, this = 0x000055df9c870430
11/10/2025 19:18:36:401	UTIL	[46:61:2868893376]	INFO	thread_wrapper_t::create_ch_msg_t::on_message from = 0x000055df9c870430, to = 0x000055df9c870430, this = 0x000055df9c87f2f0
11/10/2025 19:18:36:401	UTIL	[46:61:2868893376]	INFO	thread_wrapper_t::bind_queue  , self_id = 140538493785792, bind_thr = 0x000055df9c870430[140538493785792], r_queue = 0x000055df9c87eed8, w_queue = 0x000055df9c87f120, this = 0x000055df9c870430
11/10/2025 19:18:36:401	UTIL	[46:46:3458228672]	INFO	thread_wrapper_t::bind_queue  , self_id = 140538493785792, bind_thr = 0x000055df9c870430[140538493785792], r_queue = 0x000055df9c87f118, w_queue = 0x000055df9c87eee0, this = 0x000055df9c870430
11/10/2025 19:18:36:401	UTIL	[46:46:3458228672]	INFO	thread_wrapper_t::bind_queue bind_thr = 0x000055df9c870430 already be existed, skip it, this = 0x000055df9c870430
11/10/2025 19:18:36:401	UTIL	[46:46:3458228672]	INFO	thread_wrapper_t::adjust_timer_precision, m_timer_precision = 50, new_timer_precision = 50, this = 0x000055df9c870430
11/10/2025 19:18:36:701	UTIL	[46:46:3458228672]	INFO	UTIL_INIT  refer times = 5, module_id = 5, UTIL has been built on:Sep 19 2025 at 06:33:56 on branch release-client-6.6.x with commit ID 2583f48484aeb604c472d0a89b4ddc1f55
11/10/2025 19:18:36:701	UTIL	[46:46:3458228672]	INFO	register_logger  module_id = 5, module_name = MCM, max_level = 31, logger = 0x0000000000000000, mode = 3
11/10/2025 19:18:36:816	UTIL	[46:46:3458228672]	INFO	register_logger  module_id = 6, module_name = NYDUS, max_level = 31, logger = 0x0000000000000000, mode = 3
11/10/2025 19:18:36:816	UTIL	[46:46:3458228672]	INFO	timer_it::timer_it id = 0, own_thr = 0x0000000000000000, this = 0x000055df9c86dfe0
11/10/2025 19:18:36:816	UTIL	[46:46:3458228672]	INFO	timer_it::timer_it id = 0, own_thr = 0x0000000000000000, this = 0x000055df9c8700f0
11/10/2025 19:18:36:816	UTIL	[46:46:3458228672]	INFO	thread_mgr_t::spawn, mode = 00000008, w_queue_size = 8192, type = 1024, interact_timer = true, thr_name = , bind_mask = 4294967295, use_ext_timer_drv = false, notifier = 0x0000000000000000, this = 0x000055df9c7e60f0
11/10/2025 19:18:36:816	UTIL	[46:46:3458228672]	INFO	thread_mgr_t::spawn already has an instance for the thread, return it directly, thread id = 140539083121088, this = 0x000055df9c7e60f0
11/10/2025 19:18:37:019	UTIL	[46:46:3458228672]	INFO	timer_it::add_timer sink = 0x000055df9c8a35e8, interval = 12800, times = 0, is_exact = true, this = 0x000055df9c86dfe0
11/10/2025 19:18:37:019	UTIL	[46:46:3458228672]	INFO	timer_it::add_timer sink = 0x000055df9c8a35e8, interval = 3840, times = 0, is_exact = true, this = 0x000055df9c8700f0
11/10/2025 19:19:08:259	UTIL	[46:46:3458228672]	INFO	mlog_file::init mid:1069 size:1048576 shmem:false ret:0 this:0x000055df9c91ad18
11/10/2025 19:19:12:151	UTIL	[46:46:3458228672]	INFO	mlog_file::init mid:1027 size:1048576 shmem:false ret:0 this:0x000055df9ca14ea8
11/10/2025 19:19:12:347	UTIL	[46:46:3458228672]	INFO	mlog_file::init mid:1008 size:1048576 shmem:false ret:0 this:0x000055df9ca141d8
11/10/2025 19:19:12:480	UTIL	[46:46:3458228672]	INFO	mlog_file::init mid:1030 size:1048576 shmem:false ret:0 this:0x000055df9ca0e398
