11/10/2025 19:19:11:935	UTIL	[46:46:4021780928]	INFO	thread_mgr_t ::thread_mgr_t(),Mon,10 Nov 2025 19:19:11 GMT, preset_owner_thr = false, this = 0x0000556fb65c50f0
11/10/2025 19:19:11:935	UTIL	[46:46:4021780928]	INFO	new_i8_allocator_t::new_i8_allocator_t, m_page_size = 4096, this = 0x0000556fb65c1f00
11/10/2025 19:19:11:935	UTIL	[46:46:4021780928]	INFO	UTIL_INIT  refer , s_init_times = 1, module_id = 9, description = UTIL has been built on:Sep 19 2025 at 06:33:56 on branch release-client-6.6.x with commit ID 2583f48484aeb604c472d0a89b4ddc1f55, dir = , filename = , pext = log, max_size = 41943040, max_idx = 99
11/10/2025 19:19:11:935	UTIL	[46:46:4021780928]	INFO	set_timer_driver, setup_call = 0x00007f460b3603b0, remove_call = 0x00007f460b360290
11/10/2025 19:19:11:935	UTIL	[46:46:4021780928]	INFO	thread_mgr_t::spawn, mode = 02000008, w_queue_size = 8192, type = 0, interact_timer = true, thr_name = , bind_mask = 4294967295, use_ext_timer_drv = true, notifier = 0x0000556fb65c08f0, this = 0x0000556fb65c50f0
11/10/2025 19:19:11:935	UTIL	[46:46:4021780928]	INFO	thread_wrapper_t::thread_wrapper_t, mode = 02000008, id = 0, type = 0, thr_manager = 0x0000556fb65c50f0, waits = 0, interact_timer = true, m_timer_precision = 50, this = 0x0000556fb65b30a0
11/10/2025 19:19:11:935	UTIL	[46:46:4021780928]	INFO	msg_queue_t::msg_queue_t notifier = , notifier = 0x0000556fb65c08f0, writer = 0x0000000000000000, capacity = 1024, mode = 0, this = 0x0000556fb65c0b10
11/10/2025 19:19:11:935	UTIL	[46:46:4021780928]	INFO	thread_wrapper_t::thread_wrapper_t ctrl queue size = 1024, this = 0x0000556fb65b30a0
11/10/2025 19:19:11:935	UTIL	[46:46:4021780928]	INFO	thread_wrapper_t::init_tls(), m_thread_manager = 0x0000556fb65c50f0, this = 0x0000556fb65b30a0
11/10/2025 19:19:11:935	UTIL	[46:46:4021780928]	INFO	thread_mgr_t::register_tls, thr = 0x0000556fb65b30a0, tls = true, this = 0x0000556fb65c50f0
11/10/2025 19:19:11:935	UTIL	[46:46:4021780928]	INFO	thread_wrapper_t::start_alive_check() timer = 0x0000000000000000, m_interact_timer = true, this = 0x0000556fb65b30a0
11/10/2025 19:19:11:935	UTIL	[46:46:4021780928]	INFO	timer_queue_t::timer_queue_t() , sink = 0x0000556fb65b30d8, min_interval = 204800, this = 0x0000556fb65cdb00
11/10/2025 19:19:11:935	UTIL	[46:46:4021780928]	INFO	thread_wrapper_t::open_notifier, waits = 0, m_notify = 0x0000556fb65c08f0, this = 0x0000556fb65b30a0
11/10/2025 19:19:11:935	UTIL	[46:46:4021780928]	INFO	msg_queue_base_t::open_notifier, m_notifier = 0x0000556fb65c08f0, notifier = 0x0000556fb65c08f0, this = 0x0000556fb65c0b30
11/10/2025 19:19:11:935	UTIL	[46:46:4021780928]	INFO	thread_mgr_t::attach handle = 0x0000556fb65b30a0, thread_id = 139938351251904, owner_thr = 0x0000556fb65b30a0, owner_id = 139938351251904, queue_size = 8192, this = 0x0000556fb65c50f0
11/10/2025 19:19:11:935	UTIL	[46:46:4021780928]	INFO	thread_wrapper_t::create_channel(), bind_thr = 0x0000556fb65b30a0[139938351251904], read_capacity = 8192, write_capacity = 8192, this = 0x0000556fb65b30a0
11/10/2025 19:19:11:936	UTIL	[46:46:4021780928]	INFO	o2o_msg_queue_t::o2o_msg_queue_t, notifier = 0x0000556fb65c08f0, writer = 0x0000556fb65b30a0[139938351251904], reader = 0x0000556fb65b30a0[139938351251904], capacity = 8192, mode = 0, this = 0x0000556fb65c1d00
11/10/2025 19:19:11:936	UTIL	[46:46:4021780928]	INFO	o2o_msg_queue_t::o2o_msg_queue_t, notifier = 0x0000556fb65c08f0, writer = 0x0000556fb65b30a0[139938351251904], reader = 0x0000556fb65b30a0[139938351251904], capacity = 8192, mode = 0, this = 0x0000556fb65c4e00
11/10/2025 19:19:11:936	UTIL	[46:46:4021780928]	INFO	thread_wrapper_t::bind_queue  , self_id = 139938351251904, bind_thr = 0x0000556fb65b30a0[139938351251904], r_queue = 0x0000556fb65c1d68, w_queue = 0x0000556fb65c4e70, this = 0x0000556fb65b30a0
11/10/2025 19:19:11:936	UTIL	[46:46:4021780928]	INFO	thread_wrapper_t::bind_queue  , self_id = 139938351251904, bind_thr = 0x0000556fb65b30a0[139938351251904], r_queue = 0x0000556fb65c4e68, w_queue = 0x0000556fb65c1d70, this = 0x0000556fb65b30a0
11/10/2025 19:19:11:936	UTIL	[46:46:4021780928]	INFO	thread_wrapper_t::bind_queue bind_thr = 0x0000556fb65b30a0 already be existed, skip it, this = 0x0000556fb65b30a0
11/10/2025 19:19:11:936	UTIL	[46:46:4021780928]	INFO	thread_wrapper_t::adjust_timer_precision, m_timer_precision = 50, new_timer_precision = 50, this = 0x0000556fb65b30a0
11/10/2025 19:19:11:936	UTIL	[46:46:4021780928]	INFO	register_logger  module_id = 1057, module_name = zoomtask, max_level = 31, logger = 0x0000000000000000, mode = 3
11/10/2025 19:19:12:129	UTIL	[46:46:4021780928]	INFO	UTIL_INIT  refer times = 2, module_id = 1057, UTIL has been built on:Sep 19 2025 at 06:33:56 on branch release-client-6.6.x with commit ID 2583f48484aeb604c472d0a89b4ddc1f55
11/10/2025 19:19:12:129	UTIL	[46:46:4021780928]	INFO	register_logger  module_id = 1057, module_name = ZoomTask, max_level = 31, logger = 0x0000000000000000, mode = 3
11/10/2025 19:19:12:288	UTIL	[46:46:4021780928]	INFO	UTIL_INIT  refer times = 3, module_id = 2, UTIL has been built on:Sep 19 2025 at 06:33:56 on branch release-client-6.6.x with commit ID 2583f48484aeb604c472d0a89b4ddc1f55
11/10/2025 19:19:12:291	UTIL	[46:46:4021780928]	INFO	timer_it::timer_it id = 0, own_thr = 0x0000000000000000, this = 0x0000556fb65c5848
11/10/2025 19:19:12:291	UTIL	[46:46:4021780928]	INFO	thread_mgr_t::spawn, mode = 01000004, w_queue_size = 0, type = 3, interact_timer = true, thr_name = zoom.dns, bind_mask = 0, use_ext_timer_drv = false, notifier = 0x0000000000000000, this = 0x0000556fb65c50f0
11/10/2025 19:19:12:291	UTIL	[46:46:4021780928]	INFO	thread_wrapper_t::thread_wrapper_t, mode = 01000004, id = 0, type = 3, thr_manager = 0x0000556fb65c50f0, waits = 1, interact_timer = true, m_timer_precision = 50, this = 0x0000556fb660dd00
11/10/2025 19:19:12:291	UTIL	[46:46:4021780928]	INFO	msg_queue_t::msg_queue_t notifier = , notifier = 0x0000000000000000, writer = 0x0000000000000000, capacity = 1024, mode = 1, this = 0x0000556fb660e160
11/10/2025 19:19:12:293	UTIL	[46:46:4021780928]	INFO	thread_wrapper_t::thread_wrapper_t ctrl queue size = 1024, this = 0x0000556fb660dd00
11/10/2025 19:19:12:293	UTIL	[46:46:4021780928]	INFO	thread_io_t::thread_io_t(), mode = 01000004, type = 3, queue size = 0, this = 0x0000556fb660dcd0
11/10/2025 19:19:12:293	UTIL	[46:46:4021780928]	INFO	thread_io_t::open_notifier, waits = 1, this = 0x0000556fb660dcd0
11/10/2025 19:19:12:293	UTIL	[46:46:4021780928]	INFO	msg_queue_base_t::open_notifier, m_notifier = 0x0000000000000000, notifier = 0x0000556fb660ba80, this = 0x0000556fb660e180
11/10/2025 19:19:12:293	UTIL	[46:46:4021780928]	INFO	thread_io_t::thread_run(), id = 0, args = 0x0000000000000000, this = 0x0000556fb660dcd0
11/10/2025 19:19:12:293	UTIL	[46:46:4021780928]	INFO	io_repo_t::io_repo_t, m_working = 0x0000556fb660dd00, max_io_fds = 1024, this = 0x0000556fb6612720
11/10/2025 19:19:12:293	UTIL	[46:46:4021780928]	INFO	notifier_handler_t::notifier_handler_t, io_container = 0x0000556fb66127200x0000556fb660ba80, this = 0x0000556fb661a8b0
11/10/2025 19:19:12:293	UTIL	[46:46:4021780928]	INFO	poll_t::poll_t register, fd = 11, es.first = 00000000000000000000000000000011, this = 0x0000556fb6612720
11/10/2025 19:19:12:293	UTIL	[46:46:4021780928]	INFO	io_repo_t::start(), m_stop = true, this = 0x0000556fb6612720
11/10/2025 19:19:12:293	UTIL	[46:46:4021780928]	INFO	thread_mgr_t::spawn only has control message queue for this thread, this = 0x0000556fb65c50f0
11/10/2025 19:19:12:293	UTIL	[46:46:4021780928]	FATAL	assert: msg[thread_wrapper_t::create_channel bind thread should valid!, bind_thr = 0x0000000000000000] file[/home/jenkins/agent/workspace/Client/Client/DMT/linux/release/tp_util/util/src/thread.cpp], line = [1122]
11/10/2025 19:19:12:293	UTIL	[46:46:4021780928]	INFO	thread_wrapper_t::adjust_timer_precision, m_timer_precision = 50, new_timer_precision = 50, this = 0x0000556fb660dd00
11/10/2025 19:19:12:293	UTIL	[46:46:4021780928]	INFO	timer_it::timer_it id = 0, own_thr = 0x0000000000000000, this = 0x0000556fb661b370
11/10/2025 19:19:12:293	UTIL	[46:46:4021780928]	INFO	timer_it::add_timer sink = 0x0000556fb65c5720, interval = 100, times = 0, is_exact = true, this = 0x0000556fb661b370
11/10/2025 19:19:12:295	UTIL	[46:46:4021780928]	INFO	UTIL_INIT  refer times = 4, module_id = 9, UTIL has been built on:Sep 19 2025 at 06:33:56 on branch release-client-6.6.x with commit ID 2583f48484aeb604c472d0a89b4ddc1f55
11/10/2025 19:19:12:295	UTIL	[46:52:3989464768]	INFO	poll_t::loop () begin, working = 0x0000556fb660dd00, this = 0x0000556fb6612720
11/10/2025 19:19:12:297	UTIL	[46:52:3989464768]	INFO	thread_io_t::init_tls() thread_id = 139938318935744, this = 0x0000556fb660dcd0
11/10/2025 19:19:12:297	UTIL	[46:52:3989464768]	INFO	thread_wrapper_t::init_tls(), m_thread_manager = 0x0000556fb65c50f0, this = 0x0000556fb660dd00
11/10/2025 19:19:12:297	UTIL	[46:52:3989464768]	INFO	thread_mgr_t::register_tls, thr = 0x0000556fb660dd00, tls = true, this = 0x0000556fb65c50f0
11/10/2025 19:19:12:297	UTIL	[46:52:3989464768]	INFO	thread_wrapper_t::start_alive_check() timer = 0x0000000000000000, m_interact_timer = true, this = 0x0000556fb660dd00
11/10/2025 19:19:12:297	UTIL	[46:52:3989464768]	INFO	timer_queue_t::timer_queue_t() , sink = 0x0000556fb660dd38, min_interval = 204800, this = 0x00007f45dc001070
11/10/2025 19:19:12:298	UTIL	[46:46:4021780928]	INFO	thread_mgr_t::spawn, mode = 01000004, w_queue_size = 65536, type = 1027, interact_timer = true, thr_name = zoom.db, bind_mask = 4294967295, use_ext_timer_drv = false, notifier = 0x0000000000000000, this = 0x0000556fb65c50f0
11/10/2025 19:19:12:298	UTIL	[46:46:4021780928]	INFO	thread_wrapper_t::thread_wrapper_t, mode = 01000004, id = 0, type = 1027, thr_manager = 0x0000556fb65c50f0, waits = 1, interact_timer = true, m_timer_precision = 50, this = 0x0000556fb6640830
11/10/2025 19:19:12:298	UTIL	[46:46:4021780928]	INFO	msg_queue_t::msg_queue_t notifier = , notifier = 0x0000000000000000, writer = 0x0000000000000000, capacity = 1024, mode = 1, this = 0x0000556fb6634980
11/10/2025 19:19:12:298	UTIL	[46:46:4021780928]	INFO	thread_wrapper_t::thread_wrapper_t ctrl queue size = 1024, this = 0x0000556fb6640830
11/10/2025 19:19:12:298	UTIL	[46:46:4021780928]	INFO	thread_io_t::thread_io_t(), mode = 01000004, type = 1027, queue size = 65536, this = 0x0000556fb6640800
11/10/2025 19:19:12:298	UTIL	[46:46:4021780928]	INFO	thread_io_t::open_notifier, waits = 1, this = 0x0000556fb6640800
11/10/2025 19:19:12:298	UTIL	[46:46:4021780928]	INFO	msg_queue_base_t::open_notifier, m_notifier = 0x0000000000000000, notifier = 0x0000556fb6644bf0, this = 0x0000556fb66349a0
11/10/2025 19:19:12:298	UTIL	[46:46:4021780928]	INFO	thread_io_t::thread_run(), id = 0, args = 0x0000000000000000, this = 0x0000556fb6640800
11/10/2025 19:19:12:298	UTIL	[46:46:4021780928]	INFO	io_repo_t::io_repo_t, m_working = 0x0000556fb6640830, max_io_fds = 1024, this = 0x0000556fb6644df0
11/10/2025 19:19:12:298	UTIL	[46:46:4021780928]	INFO	notifier_handler_t::notifier_handler_t, io_container = 0x0000556fb6644df00x0000556fb6644bf0, this = 0x0000556fb6636240
11/10/2025 19:19:12:298	UTIL	[46:46:4021780928]	INFO	poll_t::poll_t register, fd = 20, es.first = 00000000000000000000000000000011, this = 0x0000556fb6644df0
11/10/2025 19:19:12:298	UTIL	[46:46:4021780928]	INFO	io_repo_t::start(), m_stop = true, this = 0x0000556fb6644df0
11/10/2025 19:19:12:298	UTIL	[46:46:4021780928]	INFO	thread_mgr_t::attach handle = 0x0000556fb6640830, thread_id = 139938179819200, owner_thr = 0x0000556fb65b30a0, owner_id = 139938351251904, queue_size = 65536, this = 0x0000556fb65c50f0
11/10/2025 19:19:12:299	UTIL	[46:46:4021780928]	INFO	thread_wrapper_t::create_channel(), bind_thr = 0x0000556fb65b30a0[139938351251904], read_capacity = 65536, write_capacity = 65536, this = 0x0000556fb6640830
11/10/2025 19:19:12:299	UTIL	[46:60:3850348224]	INFO	poll_t::loop () begin, working = 0x0000556fb6640830, this = 0x0000556fb6644df0
11/10/2025 19:19:12:299	UTIL	[46:60:3850348224]	INFO	thread_io_t::init_tls() thread_id = 139938179819200, this = 0x0000556fb6640800
11/10/2025 19:19:12:299	UTIL	[46:60:3850348224]	INFO	thread_wrapper_t::init_tls(), m_thread_manager = 0x0000556fb65c50f0, this = 0x0000556fb6640830
11/10/2025 19:19:12:300	UTIL	[46:60:3850348224]	INFO	thread_mgr_t::register_tls, thr = 0x0000556fb6640830, tls = true, this = 0x0000556fb65c50f0
11/10/2025 19:19:12:300	UTIL	[46:60:3850348224]	INFO	thread_wrapper_t::start_alive_check() timer = 0x0000000000000000, m_interact_timer = true, this = 0x0000556fb6640830
11/10/2025 19:19:12:300	UTIL	[46:60:3850348224]	INFO	timer_queue_t::timer_queue_t() , sink = 0x0000556fb6640868, min_interval = 204800, this = 0x00007f45c8001070
11/10/2025 19:19:12:301	UTIL	[46:46:4021780928]	INFO	o2o_msg_queue_t::o2o_msg_queue_t, notifier = 0x0000556fb65c08f0, writer = 0x0000556fb6640830[139938179819200], reader = 0x0000556fb65b30a0[139938351251904], capacity = 65536, mode = 0, this = 0x0000556fb664d870
11/10/2025 19:19:12:304	UTIL	[46:46:4021780928]	INFO	o2o_msg_queue_t::o2o_msg_queue_t, notifier = 0x0000556fb6644bf0, writer = 0x0000556fb65b30a0[139938351251904], reader = 0x0000556fb6640830[139938179819200], capacity = 65536, mode = 1, this = 0x0000556fb664dab0
11/10/2025 19:19:12:304	UTIL	[46:46:4021780928]	INFO	thread_wrapper_t::bind_queue  , self_id = 139938351251904, bind_thr = 0x0000556fb6640830[139938179819200], r_queue = 0x0000556fb664d8d8, w_queue = 0x0000556fb664db20, this = 0x0000556fb65b30a0
11/10/2025 19:19:12:304	UTIL	[46:46:4021780928]	INFO	thread_wrapper_t::bind_queue  , self_id = 139938179819200, bind_thr = 0x0000556fb65b30a0[139938351251904], r_queue = 0x0000556fb664db18, w_queue = 0x0000556fb664d8e0, this = 0x0000556fb6640830
11/10/2025 19:19:12:304	UTIL	[46:46:4021780928]	INFO	thread_wrapper_t::create_channel(), bind_thr = 0x0000556fb660dd00[139938318935744], read_capacity = 65536, write_capacity = 65536, this = 0x0000556fb6640830
11/10/2025 19:19:12:305	UTIL	[46:46:4021780928]	INFO	o2o_msg_queue_t::o2o_msg_queue_t, notifier = 0x0000556fb660ba80, writer = 0x0000556fb6640830[139938179819200], reader = 0x0000556fb660dd00[139938318935744], capacity = 65536, mode = 1, this = 0x0000556fb664e0f0
11/10/2025 19:19:12:305	UTIL	[46:46:4021780928]	INFO	o2o_msg_queue_t::o2o_msg_queue_t, notifier = 0x0000556fb6644bf0, writer = 0x0000556fb660dd00[139938318935744], reader = 0x0000556fb6640830[139938179819200], capacity = 65536, mode = 1, this = 0x0000556fb664e330
11/10/2025 19:19:12:305	UTIL	[46:46:4021780928]	INFO	thread_wrapper_t::send_ctrl_msg msg = 0x0000556fb664e570, (uint64_t)m_id = 139938179819200, timeout = -1, this = 0x0000556fb6640830
11/10/2025 19:19:12:305	UTIL	[46:60:3850348224]	INFO	thread_wrapper_t::create_ch_msg_t::on_message from = 0x0000556fb6640830, to = 0x0000556fb660dd00, this = 0x0000556fb664e570
11/10/2025 19:19:12:305	UTIL	[46:60:3850348224]	INFO	thread_wrapper_t::bind_queue  , self_id = 139938318935744, bind_thr = 0x0000556fb6640830[139938179819200], r_queue = 0x0000556fb664e158, w_queue = 0x0000556fb664e3a0, this = 0x0000556fb660dd00
11/10/2025 19:19:12:305	UTIL	[46:46:4021780928]	INFO	thread_wrapper_t::bind_queue  , self_id = 139938179819200, bind_thr = 0x0000556fb660dd00[139938318935744], r_queue = 0x0000556fb664e398, w_queue = 0x0000556fb664e160, this = 0x0000556fb6640830
11/10/2025 19:19:12:305	UTIL	[46:46:4021780928]	INFO	thread_wrapper_t::create_channel(), bind_thr = 0x0000556fb6640830[139938179819200], read_capacity = 65536, write_capacity = 65536, this = 0x0000556fb6640830
11/10/2025 19:19:12:306	UTIL	[46:46:4021780928]	INFO	o2o_msg_queue_t::o2o_msg_queue_t, notifier = 0x0000556fb6644bf0, writer = 0x0000556fb6640830[139938179819200], reader = 0x0000556fb6640830[139938179819200], capacity = 65536, mode = 1, this = 0x0000556fb664e970
11/10/2025 19:19:12:306	UTIL	[46:46:4021780928]	INFO	o2o_msg_queue_t::o2o_msg_queue_t, notifier = 0x0000556fb6644bf0, writer = 0x0000556fb6640830[139938179819200], reader = 0x0000556fb6640830[139938179819200], capacity = 65536, mode = 1, this = 0x0000556fb664ebb0
11/10/2025 19:19:12:306	UTIL	[46:46:4021780928]	INFO	thread_wrapper_t::send_ctrl_msg msg = 0x0000556fb664edf0, (uint64_t)m_id = 139938179819200, timeout = -1, this = 0x0000556fb6640830
11/10/2025 19:19:12:306	UTIL	[46:60:3850348224]	INFO	thread_wrapper_t::create_ch_msg_t::on_message from = 0x0000556fb6640830, to = 0x0000556fb6640830, this = 0x0000556fb664edf0
11/10/2025 19:19:12:306	UTIL	[46:60:3850348224]	INFO	thread_wrapper_t::bind_queue  , self_id = 139938179819200, bind_thr = 0x0000556fb6640830[139938179819200], r_queue = 0x0000556fb664e9d8, w_queue = 0x0000556fb664ec20, this = 0x0000556fb6640830
11/10/2025 19:19:12:307	UTIL	[46:46:4021780928]	INFO	thread_wrapper_t::bind_queue  , self_id = 139938179819200, bind_thr = 0x0000556fb6640830[139938179819200], r_queue = 0x0000556fb664ec18, w_queue = 0x0000556fb664e9e0, this = 0x0000556fb6640830
11/10/2025 19:19:12:307	UTIL	[46:46:4021780928]	INFO	thread_wrapper_t::bind_queue bind_thr = 0x0000556fb6640830 already be existed, skip it, this = 0x0000556fb6640830
11/10/2025 19:19:12:307	UTIL	[46:46:4021780928]	INFO	thread_wrapper_t::adjust_timer_precision, m_timer_precision = 50, new_timer_precision = 50, this = 0x0000556fb6640830
11/10/2025 19:19:12:307	UTIL	[46:46:4021780928]	INFO	thread_mgr_t::spawn, mode = 01000004, w_queue_size = 65536, type = 1028, interact_timer = true, thr_name = zoom.im.index, bind_mask = 4294967295, use_ext_timer_drv = false, notifier = 0x0000000000000000, this = 0x0000556fb65c50f0
11/10/2025 19:19:12:307	UTIL	[46:46:4021780928]	INFO	thread_wrapper_t::thread_wrapper_t, mode = 01000004, id = 0, type = 1028, thr_manager = 0x0000556fb65c50f0, waits = 1, interact_timer = true, m_timer_precision = 50, this = 0x0000556fb664f580
11/10/2025 19:19:12:307	UTIL	[46:46:4021780928]	INFO	msg_queue_t::msg_queue_t notifier = , notifier = 0x0000000000000000, writer = 0x0000000000000000, capacity = 1024, mode = 1, this = 0x0000556fb664f830
11/10/2025 19:19:12:307	UTIL	[46:46:4021780928]	INFO	thread_wrapper_t::thread_wrapper_t ctrl queue size = 1024, this = 0x0000556fb664f580
11/10/2025 19:19:12:307	UTIL	[46:46:4021780928]	INFO	thread_io_t::thread_io_t(), mode = 01000004, type = 1028, queue size = 65536, this = 0x0000556fb664f550
11/10/2025 19:19:12:307	UTIL	[46:46:4021780928]	INFO	thread_io_t::open_notifier, waits = 1, this = 0x0000556fb664f550
11/10/2025 19:19:12:307	UTIL	[46:46:4021780928]	INFO	msg_queue_base_t::open_notifier, m_notifier = 0x0000000000000000, notifier = 0x0000556fb6653ce0, this = 0x0000556fb664f850
11/10/2025 19:19:12:307	UTIL	[46:46:4021780928]	INFO	thread_io_t::thread_run(), id = 0, args = 0x0000000000000000, this = 0x0000556fb664f550
11/10/2025 19:19:12:307	UTIL	[46:46:4021780928]	INFO	io_repo_t::io_repo_t, m_working = 0x0000556fb664f580, max_io_fds = 1024, this = 0x0000556fb6653f40
11/10/2025 19:19:12:307	UTIL	[46:46:4021780928]	INFO	notifier_handler_t::notifier_handler_t, io_container = 0x0000556fb6653f400x0000556fb6653ce0, this = 0x0000556fb661bee0
11/10/2025 19:19:12:307	UTIL	[46:46:4021780928]	INFO	poll_t::poll_t register, fd = 22, es.first = 00000000000000000000000000000011, this = 0x0000556fb6653f40
11/10/2025 19:19:12:307	UTIL	[46:46:4021780928]	INFO	io_repo_t::start(), m_stop = true, this = 0x0000556fb6653f40
11/10/2025 19:19:12:307	UTIL	[46:46:4021780928]	INFO	thread_mgr_t::attach handle = 0x0000556fb664f580, thread_id = 139938171426496, owner_thr = 0x0000556fb65b30a0, owner_id = 139938351251904, queue_size = 65536, this = 0x0000556fb65c50f0
11/10/2025 19:19:12:307	UTIL	[46:46:4021780928]	INFO	thread_wrapper_t::create_channel(), bind_thr = 0x0000556fb65b30a0[139938351251904], read_capacity = 65536, write_capacity = 65536, this = 0x0000556fb664f580
11/10/2025 19:19:12:308	UTIL	[46:46:4021780928]	INFO	o2o_msg_queue_t::o2o_msg_queue_t, notifier = 0x0000556fb65c08f0, writer = 0x0000556fb664f580[139938171426496], reader = 0x0000556fb65b30a0[139938351251904], capacity = 65536, mode = 0, this = 0x0000556fb665c9c0
11/10/2025 19:19:12:309	UTIL	[46:46:4021780928]	INFO	o2o_msg_queue_t::o2o_msg_queue_t, notifier = 0x0000556fb6653ce0, writer = 0x0000556fb65b30a0[139938351251904], reader = 0x0000556fb664f580[139938171426496], capacity = 65536, mode = 1, this = 0x0000556fb665cba0
11/10/2025 19:19:12:309	UTIL	[46:46:4021780928]	INFO	thread_wrapper_t::bind_queue  , self_id = 139938351251904, bind_thr = 0x0000556fb664f580[139938171426496], r_queue = 0x0000556fb665ca28, w_queue = 0x0000556fb665cc10, this = 0x0000556fb65b30a0
11/10/2025 19:19:12:309	UTIL	[46:46:4021780928]	INFO	thread_wrapper_t::bind_queue  , self_id = 139938171426496, bind_thr = 0x0000556fb65b30a0[139938351251904], r_queue = 0x0000556fb665cc08, w_queue = 0x0000556fb665ca30, this = 0x0000556fb664f580
11/10/2025 19:19:12:309	UTIL	[46:46:4021780928]	INFO	thread_wrapper_t::create_channel(), bind_thr = 0x0000556fb660dd00[139938318935744], read_capacity = 65536, write_capacity = 65536, this = 0x0000556fb664f580
11/10/2025 19:19:12:313	UTIL	[46:46:4021780928]	INFO	o2o_msg_queue_t::o2o_msg_queue_t, notifier = 0x0000556fb660ba80, writer = 0x0000556fb664f580[139938171426496], reader = 0x0000556fb660dd00[139938318935744], capacity = 65536, mode = 1, this = 0x0000556fb665d240
11/10/2025 19:19:12:313	UTIL	[46:46:4021780928]	INFO	o2o_msg_queue_t::o2o_msg_queue_t, notifier = 0x0000556fb6653ce0, writer = 0x0000556fb660dd00[139938318935744], reader = 0x0000556fb664f580[139938171426496], capacity = 65536, mode = 1, this = 0x0000556fb665d420
11/10/2025 19:19:12:313	UTIL	[46:46:4021780928]	INFO	thread_wrapper_t::send_ctrl_msg msg = 0x0000556fb665d660, (uint64_t)m_id = 0, timeout = -1, this = 0x0000556fb664f580
11/10/2025 19:19:12:313	UTIL	[46:61:3841955520]	INFO	poll_t::loop () begin, working = 0x0000556fb664f580, this = 0x0000556fb6653f40
11/10/2025 19:19:12:313	UTIL	[46:61:3841955520]	INFO	thread_io_t::init_tls() thread_id = 139938171426496, this = 0x0000556fb664f550
11/10/2025 19:19:12:313	UTIL	[46:61:3841955520]	INFO	thread_wrapper_t::init_tls(), m_thread_manager = 0x0000556fb65c50f0, this = 0x0000556fb664f580
11/10/2025 19:19:12:313	UTIL	[46:61:3841955520]	INFO	thread_mgr_t::register_tls, thr = 0x0000556fb664f580, tls = true, this = 0x0000556fb65c50f0
11/10/2025 19:19:12:313	UTIL	[46:61:3841955520]	INFO	thread_wrapper_t::start_alive_check() timer = 0x0000000000000000, m_interact_timer = true, this = 0x0000556fb664f580
11/10/2025 19:19:12:313	UTIL	[46:61:3841955520]	INFO	timer_queue_t::timer_queue_t() , sink = 0x0000556fb664f5b8, min_interval = 204800, this = 0x00007f45bc001070
11/10/2025 19:19:12:313	UTIL	[46:61:3841955520]	INFO	thread_wrapper_t::create_ch_msg_t::on_message from = 0x0000556fb664f580, to = 0x0000556fb660dd00, this = 0x0000556fb665d660
11/10/2025 19:19:12:313	UTIL	[46:61:3841955520]	INFO	thread_wrapper_t::bind_queue  , self_id = 139938318935744, bind_thr = 0x0000556fb664f580[139938171426496], r_queue = 0x0000556fb665d2a8, w_queue = 0x0000556fb665d490, this = 0x0000556fb660dd00
11/10/2025 19:19:12:313	UTIL	[46:46:4021780928]	INFO	thread_wrapper_t::bind_queue  , self_id = 139938171426496, bind_thr = 0x0000556fb660dd00[139938318935744], r_queue = 0x0000556fb665d488, w_queue = 0x0000556fb665d2b0, this = 0x0000556fb664f580
11/10/2025 19:19:12:313	UTIL	[46:46:4021780928]	INFO	thread_wrapper_t::create_channel(), bind_thr = 0x0000556fb6640830[139938179819200], read_capacity = 65536, write_capacity = 65536, this = 0x0000556fb664f580
11/10/2025 19:19:12:318	UTIL	[46:46:4021780928]	INFO	o2o_msg_queue_t::o2o_msg_queue_t, notifier = 0x0000556fb6644bf0, writer = 0x0000556fb664f580[139938171426496], reader = 0x0000556fb6640830[139938179819200], capacity = 65536, mode = 1, this = 0x0000556fb665db20
11/10/2025 19:19:12:318	UTIL	[46:46:4021780928]	INFO	o2o_msg_queue_t::o2o_msg_queue_t, notifier = 0x0000556fb6653ce0, writer = 0x0000556fb6640830[139938179819200], reader = 0x0000556fb664f580[139938171426496], capacity = 65536, mode = 1, this = 0x0000556fb665dd60
11/10/2025 19:19:12:318	UTIL	[46:46:4021780928]	INFO	thread_wrapper_t::send_ctrl_msg msg = 0x0000556fb665dfa0, (uint64_t)m_id = 139938171426496, timeout = -1, this = 0x0000556fb664f580
11/10/2025 19:19:12:318	UTIL	[46:61:3841955520]	INFO	thread_wrapper_t::create_ch_msg_t::on_message from = 0x0000556fb664f580, to = 0x0000556fb6640830, this = 0x0000556fb665dfa0
11/10/2025 19:19:12:318	UTIL	[46:61:3841955520]	INFO	thread_wrapper_t::bind_queue  , self_id = 139938179819200, bind_thr = 0x0000556fb664f580[139938171426496], r_queue = 0x0000556fb665db88, w_queue = 0x0000556fb665ddd0, this = 0x0000556fb6640830
11/10/2025 19:19:12:318	UTIL	[46:46:4021780928]	INFO	thread_wrapper_t::bind_queue  , self_id = 139938171426496, bind_thr = 0x0000556fb6640830[139938179819200], r_queue = 0x0000556fb665ddc8, w_queue = 0x0000556fb665db90, this = 0x0000556fb664f580
11/10/2025 19:19:12:318	UTIL	[46:46:4021780928]	INFO	thread_wrapper_t::create_channel(), bind_thr = 0x0000556fb664f580[139938171426496], read_capacity = 65536, write_capacity = 65536, this = 0x0000556fb664f580
11/10/2025 19:19:12:319	UTIL	[46:46:4021780928]	INFO	o2o_msg_queue_t::o2o_msg_queue_t, notifier = 0x0000556fb6653ce0, writer = 0x0000556fb664f580[139938171426496], reader = 0x0000556fb664f580[139938171426496], capacity = 65536, mode = 1, this = 0x0000556fb665e470
11/10/2025 19:19:12:319	UTIL	[46:46:4021780928]	INFO	o2o_msg_queue_t::o2o_msg_queue_t, notifier = 0x0000556fb6653ce0, writer = 0x0000556fb664f580[139938171426496], reader = 0x0000556fb664f580[139938171426496], capacity = 65536, mode = 1, this = 0x0000556fb665e6b0
11/10/2025 19:19:12:319	UTIL	[46:46:4021780928]	INFO	thread_wrapper_t::send_ctrl_msg msg = 0x0000556fb665e8f0, (uint64_t)m_id = 139938171426496, timeout = -1, this = 0x0000556fb664f580
11/10/2025 19:19:12:319	UTIL	[46:61:3841955520]	INFO	thread_wrapper_t::create_ch_msg_t::on_message from = 0x0000556fb664f580, to = 0x0000556fb664f580, this = 0x0000556fb665e8f0
11/10/2025 19:19:12:319	UTIL	[46:61:3841955520]	INFO	thread_wrapper_t::bind_queue  , self_id = 139938171426496, bind_thr = 0x0000556fb664f580[139938171426496], r_queue = 0x0000556fb665e4d8, w_queue = 0x0000556fb665e720, this = 0x0000556fb664f580
11/10/2025 19:19:12:319	UTIL	[46:46:4021780928]	INFO	thread_wrapper_t::bind_queue  , self_id = 139938171426496, bind_thr = 0x0000556fb664f580[139938171426496], r_queue = 0x0000556fb665e718, w_queue = 0x0000556fb665e4e0, this = 0x0000556fb664f580
11/10/2025 19:19:12:319	UTIL	[46:46:4021780928]	INFO	thread_wrapper_t::bind_queue bind_thr = 0x0000556fb664f580 already be existed, skip it, this = 0x0000556fb664f580
11/10/2025 19:19:12:319	UTIL	[46:46:4021780928]	INFO	thread_wrapper_t::adjust_timer_precision, m_timer_precision = 50, new_timer_precision = 50, this = 0x0000556fb664f580
11/10/2025 19:19:12:849	UTIL	[46:46:4021780928]	INFO	UTIL_INIT  refer times = 5, module_id = 5, UTIL has been built on:Sep 19 2025 at 06:33:56 on branch release-client-6.6.x with commit ID 2583f48484aeb604c472d0a89b4ddc1f55
11/10/2025 19:19:12:849	UTIL	[46:46:4021780928]	INFO	register_logger  module_id = 5, module_name = MCM, max_level = 31, logger = 0x0000000000000000, mode = 3
11/10/2025 19:19:13:481	UTIL	[46:46:4021780928]	INFO	register_logger  module_id = 6, module_name = NYDUS, max_level = 31, logger = 0x0000000000000000, mode = 3
11/10/2025 19:19:13:495	UTIL	[46:46:4021780928]	INFO	timer_it::timer_it id = 0, own_thr = 0x0000000000000000, this = 0x0000556fb6661ba0
11/10/2025 19:19:13:495	UTIL	[46:46:4021780928]	INFO	timer_it::timer_it id = 0, own_thr = 0x0000000000000000, this = 0x0000556fb667a470
11/10/2025 19:19:13:495	UTIL	[46:46:4021780928]	INFO	thread_mgr_t::spawn, mode = 00000008, w_queue_size = 8192, type = 1024, interact_timer = true, thr_name = , bind_mask = 4294967295, use_ext_timer_drv = false, notifier = 0x0000000000000000, this = 0x0000556fb65c50f0
11/10/2025 19:19:13:495	UTIL	[46:46:4021780928]	INFO	thread_mgr_t::spawn already has an instance for the thread, return it directly, thread id = 139938351251904, this = 0x0000556fb65c50f0
11/10/2025 19:19:13:743	UTIL	[46:46:4021780928]	INFO	timer_it::add_timer sink = 0x0000556fb6683118, interval = 12800, times = 0, is_exact = true, this = 0x0000556fb6661ba0
11/10/2025 19:19:13:743	UTIL	[46:46:4021780928]	INFO	timer_it::add_timer sink = 0x0000556fb6683118, interval = 3840, times = 0, is_exact = true, this = 0x0000556fb667a470
11/10/2025 19:20:15:914	UTIL	[46:46:4021780928]	INFO	mlog_file::init mid:1069 size:1048576 shmem:false ret:0 this:0x0000556fb66fa428
11/10/2025 19:20:18:860	UTIL	[46:46:4021780928]	INFO	mlog_file::init mid:1027 size:1048576 shmem:false ret:0 this:0x0000556fb67f96b8
11/10/2025 19:20:19:085	UTIL	[46:46:4021780928]	INFO	mlog_file::init mid:1008 size:1048576 shmem:false ret:0 this:0x0000556fb66b1678
11/10/2025 19:20:19:189	UTIL	[46:46:4021780928]	INFO	mlog_file::init mid:1030 size:1048576 shmem:false ret:0 this:0x0000556fb6814368
