11/10/2025 19:19:08:861	UTIL	[46:46:192168384]	INFO	thread_mgr_t ::thread_mgr_t(),Mon,10 Nov 2025 19:19:08 GMT, preset_owner_thr = false, this = 0x00005597c69d10f0
11/10/2025 19:19:08:861	UTIL	[46:46:192168384]	INFO	new_i8_allocator_t::new_i8_allocator_t, m_page_size = 4096, this = 0x00005597c69cdf00
11/10/2025 19:19:08:861	UTIL	[46:46:192168384]	INFO	UTIL_INIT  refer , s_init_times = 1, module_id = 9, description = UTIL has been built on:Sep 19 2025 at 06:33:56 on branch release-client-6.6.x with commit ID 2583f48484aeb604c472d0a89b4ddc1f55, dir = , filename = , pext = log, max_size = 41943040, max_idx = 99
11/10/2025 19:19:08:861	UTIL	[46:46:192168384]	INFO	set_timer_driver, setup_call = 0x00007f2326f603b0, remove_call = 0x00007f2326f60290
11/10/2025 19:19:08:861	UTIL	[46:46:192168384]	INFO	thread_mgr_t::spawn, mode = 02000008, w_queue_size = 8192, type = 0, interact_timer = true, thr_name = , bind_mask = 4294967295, use_ext_timer_drv = true, notifier = 0x00005597c69cc8f0, this = 0x00005597c69d10f0
11/10/2025 19:19:08:861	UTIL	[46:46:192168384]	INFO	thread_wrapper_t::thread_wrapper_t, mode = 02000008, id = 0, type = 0, thr_manager = 0x00005597c69d10f0, waits = 0, interact_timer = true, m_timer_precision = 50, this = 0x00005597c69bf0a0
11/10/2025 19:19:08:861	UTIL	[46:46:192168384]	INFO	msg_queue_t::msg_queue_t notifier = , notifier = 0x00005597c69cc8f0, writer = 0x0000000000000000, capacity = 1024, mode = 0, this = 0x00005597c69ccb10
11/10/2025 19:19:08:861	UTIL	[46:46:192168384]	INFO	thread_wrapper_t::thread_wrapper_t ctrl queue size = 1024, this = 0x00005597c69bf0a0
11/10/2025 19:19:08:861	UTIL	[46:46:192168384]	INFO	thread_wrapper_t::init_tls(), m_thread_manager = 0x00005597c69d10f0, this = 0x00005597c69bf0a0
11/10/2025 19:19:08:861	UTIL	[46:46:192168384]	INFO	thread_mgr_t::register_tls, thr = 0x00005597c69bf0a0, tls = true, this = 0x00005597c69d10f0
11/10/2025 19:19:08:861	UTIL	[46:46:192168384]	INFO	thread_wrapper_t::start_alive_check() timer = 0x0000000000000000, m_interact_timer = true, this = 0x00005597c69bf0a0
11/10/2025 19:19:08:861	UTIL	[46:46:192168384]	INFO	timer_queue_t::timer_queue_t() , sink = 0x00005597c69bf0d8, min_interval = 204800, this = 0x00005597c69d9b00
11/10/2025 19:19:08:861	UTIL	[46:46:192168384]	INFO	thread_wrapper_t::open_notifier, waits = 0, m_notify = 0x00005597c69cc8f0, this = 0x00005597c69bf0a0
11/10/2025 19:19:08:861	UTIL	[46:46:192168384]	INFO	msg_queue_base_t::open_notifier, m_notifier = 0x00005597c69cc8f0, notifier = 0x00005597c69cc8f0, this = 0x00005597c69ccb30
11/10/2025 19:19:08:861	UTIL	[46:46:192168384]	INFO	thread_mgr_t::attach handle = 0x00005597c69bf0a0, thread_id = 139788492751296, owner_thr = 0x00005597c69bf0a0, owner_id = 139788492751296, queue_size = 8192, this = 0x00005597c69d10f0
11/10/2025 19:19:08:861	UTIL	[46:46:192168384]	INFO	thread_wrapper_t::create_channel(), bind_thr = 0x00005597c69bf0a0[139788492751296], read_capacity = 8192, write_capacity = 8192, this = 0x00005597c69bf0a0
11/10/2025 19:19:08:862	UTIL	[46:46:192168384]	INFO	o2o_msg_queue_t::o2o_msg_queue_t, notifier = 0x00005597c69cc8f0, writer = 0x00005597c69bf0a0[139788492751296], reader = 0x00005597c69bf0a0[139788492751296], capacity = 8192, mode = 0, this = 0x00005597c69cdd00
11/10/2025 19:19:08:862	UTIL	[46:46:192168384]	INFO	o2o_msg_queue_t::o2o_msg_queue_t, notifier = 0x00005597c69cc8f0, writer = 0x00005597c69bf0a0[139788492751296], reader = 0x00005597c69bf0a0[139788492751296], capacity = 8192, mode = 0, this = 0x00005597c69d0e00
11/10/2025 19:19:08:862	UTIL	[46:46:192168384]	INFO	thread_wrapper_t::bind_queue  , self_id = 139788492751296, bind_thr = 0x00005597c69bf0a0[139788492751296], r_queue = 0x00005597c69cdd68, w_queue = 0x00005597c69d0e70, this = 0x00005597c69bf0a0
11/10/2025 19:19:08:862	UTIL	[46:46:192168384]	INFO	thread_wrapper_t::bind_queue  , self_id = 139788492751296, bind_thr = 0x00005597c69bf0a0[139788492751296], r_queue = 0x00005597c69d0e68, w_queue = 0x00005597c69cdd70, this = 0x00005597c69bf0a0
11/10/2025 19:19:08:862	UTIL	[46:46:192168384]	INFO	thread_wrapper_t::bind_queue bind_thr = 0x00005597c69bf0a0 already be existed, skip it, this = 0x00005597c69bf0a0
11/10/2025 19:19:08:862	UTIL	[46:46:192168384]	INFO	thread_wrapper_t::adjust_timer_precision, m_timer_precision = 50, new_timer_precision = 50, this = 0x00005597c69bf0a0
11/10/2025 19:19:08:862	UTIL	[46:46:192168384]	INFO	register_logger  module_id = 1057, module_name = zoomtask, max_level = 31, logger = 0x0000000000000000, mode = 3
11/10/2025 19:19:08:911	UTIL	[46:46:192168384]	INFO	UTIL_INIT  refer times = 2, module_id = 1057, UTIL has been built on:Sep 19 2025 at 06:33:56 on branch release-client-6.6.x with commit ID 2583f48484aeb604c472d0a89b4ddc1f55
11/10/2025 19:19:08:911	UTIL	[46:46:192168384]	INFO	register_logger  module_id = 1057, module_name = ZoomTask, max_level = 31, logger = 0x0000000000000000, mode = 3
11/10/2025 19:19:09:140	UTIL	[46:46:192168384]	INFO	UTIL_INIT  refer times = 3, module_id = 2, UTIL has been built on:Sep 19 2025 at 06:33:56 on branch release-client-6.6.x with commit ID 2583f48484aeb604c472d0a89b4ddc1f55
11/10/2025 19:19:09:145	UTIL	[46:46:192168384]	INFO	timer_it::timer_it id = 0, own_thr = 0x0000000000000000, this = 0x00005597c69d1848
11/10/2025 19:19:09:145	UTIL	[46:46:192168384]	INFO	thread_mgr_t::spawn, mode = 01000004, w_queue_size = 0, type = 3, interact_timer = true, thr_name = zoom.dns, bind_mask = 0, use_ext_timer_drv = false, notifier = 0x0000000000000000, this = 0x00005597c69d10f0
11/10/2025 19:19:09:145	UTIL	[46:46:192168384]	INFO	thread_wrapper_t::thread_wrapper_t, mode = 01000004, id = 0, type = 3, thr_manager = 0x00005597c69d10f0, waits = 1, interact_timer = true, m_timer_precision = 50, this = 0x00005597c6a19ea0
11/10/2025 19:19:09:145	UTIL	[46:46:192168384]	INFO	msg_queue_t::msg_queue_t notifier = , notifier = 0x0000000000000000, writer = 0x0000000000000000, capacity = 1024, mode = 1, this = 0x00005597c6a1a300
11/10/2025 19:19:09:145	UTIL	[46:46:192168384]	INFO	thread_wrapper_t::thread_wrapper_t ctrl queue size = 1024, this = 0x00005597c6a19ea0
11/10/2025 19:19:09:145	UTIL	[46:46:192168384]	INFO	thread_io_t::thread_io_t(), mode = 01000004, type = 3, queue size = 0, this = 0x00005597c6a19e70
11/10/2025 19:19:09:145	UTIL	[46:46:192168384]	INFO	thread_io_t::open_notifier, waits = 1, this = 0x00005597c6a19e70
11/10/2025 19:19:09:145	UTIL	[46:46:192168384]	INFO	msg_queue_base_t::open_notifier, m_notifier = 0x0000000000000000, notifier = 0x00005597c6a17b90, this = 0x00005597c6a1a320
11/10/2025 19:19:09:145	UTIL	[46:46:192168384]	INFO	thread_io_t::thread_run(), id = 0, args = 0x0000000000000000, this = 0x00005597c6a19e70
11/10/2025 19:19:09:145	UTIL	[46:46:192168384]	INFO	io_repo_t::io_repo_t, m_working = 0x00005597c6a19ea0, max_io_fds = 1024, this = 0x00005597c6a1e820
11/10/2025 19:19:09:145	UTIL	[46:46:192168384]	INFO	notifier_handler_t::notifier_handler_t, io_container = 0x00005597c6a1e8200x00005597c6a17b90, this = 0x00005597c6a269a0
11/10/2025 19:19:09:145	UTIL	[46:46:192168384]	INFO	poll_t::poll_t register, fd = 11, es.first = 00000000000000000000000000000011, this = 0x00005597c6a1e820
11/10/2025 19:19:09:145	UTIL	[46:46:192168384]	INFO	io_repo_t::start(), m_stop = true, this = 0x00005597c6a1e820
11/10/2025 19:19:09:146	UTIL	[46:46:192168384]	INFO	thread_mgr_t::spawn only has control message queue for this thread, this = 0x00005597c69d10f0
11/10/2025 19:19:09:146	UTIL	[46:46:192168384]	FATAL	assert: msg[thread_wrapper_t::create_channel bind thread should valid!, bind_thr = 0x0000000000000000] file[/home/jenkins/agent/workspace/Client/Client/DMT/linux/release/tp_util/util/src/thread.cpp], line = [1122]
11/10/2025 19:19:09:146	UTIL	[46:46:192168384]	INFO	thread_wrapper_t::adjust_timer_precision, m_timer_precision = 50, new_timer_precision = 50, this = 0x00005597c6a19ea0
11/10/2025 19:19:09:146	UTIL	[46:46:192168384]	INFO	timer_it::timer_it id = 0, own_thr = 0x0000000000000000, this = 0x00005597c6a27460
11/10/2025 19:19:09:146	UTIL	[46:46:192168384]	INFO	timer_it::add_timer sink = 0x00005597c69d1720, interval = 100, times = 0, is_exact = true, this = 0x00005597c6a27460
11/10/2025 19:19:09:146	UTIL	[46:52:159852224]	INFO	poll_t::loop () begin, working = 0x00005597c6a19ea0, this = 0x00005597c6a1e820
11/10/2025 19:19:09:146	UTIL	[46:52:159852224]	INFO	thread_io_t::init_tls() thread_id = 139788460435136, this = 0x00005597c6a19e70
11/10/2025 19:19:09:146	UTIL	[46:52:159852224]	INFO	thread_wrapper_t::init_tls(), m_thread_manager = 0x00005597c69d10f0, this = 0x00005597c6a19ea0
11/10/2025 19:19:09:146	UTIL	[46:52:159852224]	INFO	thread_mgr_t::register_tls, thr = 0x00005597c6a19ea0, tls = true, this = 0x00005597c69d10f0
11/10/2025 19:19:09:146	UTIL	[46:52:159852224]	INFO	thread_wrapper_t::start_alive_check() timer = 0x0000000000000000, m_interact_timer = true, this = 0x00005597c6a19ea0
11/10/2025 19:19:09:146	UTIL	[46:52:159852224]	INFO	timer_queue_t::timer_queue_t() , sink = 0x00005597c6a19ed8, min_interval = 204800, this = 0x00007f2300001070
11/10/2025 19:19:09:150	UTIL	[46:46:192168384]	INFO	UTIL_INIT  refer times = 4, module_id = 9, UTIL has been built on:Sep 19 2025 at 06:33:56 on branch release-client-6.6.x with commit ID 2583f48484aeb604c472d0a89b4ddc1f55
11/10/2025 19:19:09:151	UTIL	[46:46:192168384]	INFO	thread_mgr_t::spawn, mode = 01000004, w_queue_size = 65536, type = 1027, interact_timer = true, thr_name = zoom.db, bind_mask = 4294967295, use_ext_timer_drv = false, notifier = 0x0000000000000000, this = 0x00005597c69d10f0
11/10/2025 19:19:09:151	UTIL	[46:46:192168384]	INFO	thread_wrapper_t::thread_wrapper_t, mode = 01000004, id = 0, type = 1027, thr_manager = 0x00005597c69d10f0, waits = 1, interact_timer = true, m_timer_precision = 50, this = 0x00005597c6a4c910
11/10/2025 19:19:09:151	UTIL	[46:46:192168384]	INFO	msg_queue_t::msg_queue_t notifier = , notifier = 0x0000000000000000, writer = 0x0000000000000000, capacity = 1024, mode = 1, this = 0x00005597c6a40a60
11/10/2025 19:19:09:151	UTIL	[46:46:192168384]	INFO	thread_wrapper_t::thread_wrapper_t ctrl queue size = 1024, this = 0x00005597c6a4c910
11/10/2025 19:19:09:151	UTIL	[46:46:192168384]	INFO	thread_io_t::thread_io_t(), mode = 01000004, type = 1027, queue size = 65536, this = 0x00005597c6a4c8e0
11/10/2025 19:19:09:151	UTIL	[46:46:192168384]	INFO	thread_io_t::open_notifier, waits = 1, this = 0x00005597c6a4c8e0
11/10/2025 19:19:09:151	UTIL	[46:46:192168384]	INFO	msg_queue_base_t::open_notifier, m_notifier = 0x0000000000000000, notifier = 0x00005597c6a50cd0, this = 0x00005597c6a40a80
11/10/2025 19:19:09:151	UTIL	[46:46:192168384]	INFO	thread_io_t::thread_run(), id = 0, args = 0x0000000000000000, this = 0x00005597c6a4c8e0
11/10/2025 19:19:09:151	UTIL	[46:46:192168384]	INFO	io_repo_t::io_repo_t, m_working = 0x00005597c6a4c910, max_io_fds = 1024, this = 0x00005597c6a50ed0
11/10/2025 19:19:09:151	UTIL	[46:46:192168384]	INFO	notifier_handler_t::notifier_handler_t, io_container = 0x00005597c6a50ed00x00005597c6a50cd0, this = 0x00005597c6a42320
11/10/2025 19:19:09:151	UTIL	[46:46:192168384]	INFO	poll_t::poll_t register, fd = 20, es.first = 00000000000000000000000000000011, this = 0x00005597c6a50ed0
11/10/2025 19:19:09:151	UTIL	[46:46:192168384]	INFO	io_repo_t::start(), m_stop = true, this = 0x00005597c6a50ed0
11/10/2025 19:19:09:151	UTIL	[46:46:192168384]	INFO	thread_mgr_t::attach handle = 0x00005597c6a4c910, thread_id = 139788191508160, owner_thr = 0x00005597c69bf0a0, owner_id = 139788492751296, queue_size = 65536, this = 0x00005597c69d10f0
11/10/2025 19:19:09:151	UTIL	[46:46:192168384]	INFO	thread_wrapper_t::create_channel(), bind_thr = 0x00005597c69bf0a0[139788492751296], read_capacity = 65536, write_capacity = 65536, this = 0x00005597c6a4c910
11/10/2025 19:19:09:152	UTIL	[46:60:4185892544]	INFO	poll_t::loop () begin, working = 0x00005597c6a4c910, this = 0x00005597c6a50ed0
11/10/2025 19:19:09:152	UTIL	[46:60:4185892544]	INFO	thread_io_t::init_tls() thread_id = 139788191508160, this = 0x00005597c6a4c8e0
11/10/2025 19:19:09:152	UTIL	[46:60:4185892544]	INFO	thread_wrapper_t::init_tls(), m_thread_manager = 0x00005597c69d10f0, this = 0x00005597c6a4c910
11/10/2025 19:19:09:152	UTIL	[46:60:4185892544]	INFO	thread_mgr_t::register_tls, thr = 0x00005597c6a4c910, tls = true, this = 0x00005597c69d10f0
11/10/2025 19:19:09:152	UTIL	[46:60:4185892544]	INFO	thread_wrapper_t::start_alive_check() timer = 0x0000000000000000, m_interact_timer = true, this = 0x00005597c6a4c910
11/10/2025 19:19:09:153	UTIL	[46:60:4185892544]	INFO	timer_queue_t::timer_queue_t() , sink = 0x00005597c6a4c948, min_interval = 204800, this = 0x00007f22e4001070
11/10/2025 19:19:09:153	UTIL	[46:46:192168384]	INFO	o2o_msg_queue_t::o2o_msg_queue_t, notifier = 0x00005597c69cc8f0, writer = 0x00005597c6a4c910[139788191508160], reader = 0x00005597c69bf0a0[139788492751296], capacity = 65536, mode = 0, this = 0x00005597c6a59940
11/10/2025 19:19:09:153	UTIL	[46:46:192168384]	INFO	o2o_msg_queue_t::o2o_msg_queue_t, notifier = 0x00005597c6a50cd0, writer = 0x00005597c69bf0a0[139788492751296], reader = 0x00005597c6a4c910[139788191508160], capacity = 65536, mode = 1, this = 0x00005597c6a59b70
11/10/2025 19:19:09:153	UTIL	[46:46:192168384]	INFO	thread_wrapper_t::bind_queue  , self_id = 139788492751296, bind_thr = 0x00005597c6a4c910[139788191508160], r_queue = 0x00005597c6a599a8, w_queue = 0x00005597c6a59be0, this = 0x00005597c69bf0a0
11/10/2025 19:19:09:153	UTIL	[46:46:192168384]	INFO	thread_wrapper_t::bind_queue  , self_id = 139788191508160, bind_thr = 0x00005597c69bf0a0[139788492751296], r_queue = 0x00005597c6a59bd8, w_queue = 0x00005597c6a599b0, this = 0x00005597c6a4c910
11/10/2025 19:19:09:153	UTIL	[46:46:192168384]	INFO	thread_wrapper_t::create_channel(), bind_thr = 0x00005597c6a19ea0[139788460435136], read_capacity = 65536, write_capacity = 65536, this = 0x00005597c6a4c910
11/10/2025 19:19:09:154	UTIL	[46:46:192168384]	INFO	o2o_msg_queue_t::o2o_msg_queue_t, notifier = 0x00005597c6a17b90, writer = 0x00005597c6a4c910[139788191508160], reader = 0x00005597c6a19ea0[139788460435136], capacity = 65536, mode = 1, this = 0x00005597c6a5a200
11/10/2025 19:19:09:154	UTIL	[46:46:192168384]	INFO	o2o_msg_queue_t::o2o_msg_queue_t, notifier = 0x00005597c6a50cd0, writer = 0x00005597c6a19ea0[139788460435136], reader = 0x00005597c6a4c910[139788191508160], capacity = 65536, mode = 1, this = 0x00005597c6a5a430
11/10/2025 19:19:09:155	UTIL	[46:46:192168384]	INFO	thread_wrapper_t::send_ctrl_msg msg = 0x00005597c6a5a660, (uint64_t)m_id = 139788191508160, timeout = -1, this = 0x00005597c6a4c910
11/10/2025 19:19:09:155	UTIL	[46:60:4185892544]	INFO	thread_wrapper_t::create_ch_msg_t::on_message from = 0x00005597c6a4c910, to = 0x00005597c6a19ea0, this = 0x00005597c6a5a660
11/10/2025 19:19:09:155	UTIL	[46:60:4185892544]	INFO	thread_wrapper_t::bind_queue  , self_id = 139788460435136, bind_thr = 0x00005597c6a4c910[139788191508160], r_queue = 0x00005597c6a5a268, w_queue = 0x00005597c6a5a4a0, this = 0x00005597c6a19ea0
11/10/2025 19:19:09:155	UTIL	[46:46:192168384]	INFO	thread_wrapper_t::bind_queue  , self_id = 139788191508160, bind_thr = 0x00005597c6a19ea0[139788460435136], r_queue = 0x00005597c6a5a498, w_queue = 0x00005597c6a5a270, this = 0x00005597c6a4c910
11/10/2025 19:19:09:155	UTIL	[46:46:192168384]	INFO	thread_wrapper_t::create_channel(), bind_thr = 0x00005597c6a4c910[139788191508160], read_capacity = 65536, write_capacity = 65536, this = 0x00005597c6a4c910
11/10/2025 19:19:09:155	UTIL	[46:46:192168384]	INFO	o2o_msg_queue_t::o2o_msg_queue_t, notifier = 0x00005597c6a50cd0, writer = 0x00005597c6a4c910[139788191508160], reader = 0x00005597c6a4c910[139788191508160], capacity = 65536, mode = 1, this = 0x00005597c6a5aa60
11/10/2025 19:19:09:155	UTIL	[46:46:192168384]	INFO	o2o_msg_queue_t::o2o_msg_queue_t, notifier = 0x00005597c6a50cd0, writer = 0x00005597c6a4c910[139788191508160], reader = 0x00005597c6a4c910[139788191508160], capacity = 65536, mode = 1, this = 0x00005597c6a5ac90
11/10/2025 19:19:09:155	UTIL	[46:46:192168384]	INFO	thread_wrapper_t::send_ctrl_msg msg = 0x00005597c6a5aec0, (uint64_t)m_id = 139788191508160, timeout = -1, this = 0x00005597c6a4c910
11/10/2025 19:19:09:156	UTIL	[46:60:4185892544]	INFO	thread_wrapper_t::create_ch_msg_t::on_message from = 0x00005597c6a4c910, to = 0x00005597c6a4c910, this = 0x00005597c6a5aec0
11/10/2025 19:19:09:156	UTIL	[46:60:4185892544]	INFO	thread_wrapper_t::bind_queue  , self_id = 139788191508160, bind_thr = 0x00005597c6a4c910[139788191508160], r_queue = 0x00005597c6a5aac8, w_queue = 0x00005597c6a5ad00, this = 0x00005597c6a4c910
11/10/2025 19:19:09:156	UTIL	[46:46:192168384]	INFO	thread_wrapper_t::bind_queue  , self_id = 139788191508160, bind_thr = 0x00005597c6a4c910[139788191508160], r_queue = 0x00005597c6a5acf8, w_queue = 0x00005597c6a5aad0, this = 0x00005597c6a4c910
11/10/2025 19:19:09:156	UTIL	[46:46:192168384]	INFO	thread_wrapper_t::bind_queue bind_thr = 0x00005597c6a4c910 already be existed, skip it, this = 0x00005597c6a4c910
11/10/2025 19:19:09:156	UTIL	[46:46:192168384]	INFO	thread_wrapper_t::adjust_timer_precision, m_timer_precision = 50, new_timer_precision = 50, this = 0x00005597c6a4c910
11/10/2025 19:19:09:156	UTIL	[46:46:192168384]	INFO	thread_mgr_t::spawn, mode = 01000004, w_queue_size = 65536, type = 1028, interact_timer = true, thr_name = zoom.im.index, bind_mask = 4294967295, use_ext_timer_drv = false, notifier = 0x0000000000000000, this = 0x00005597c69d10f0
11/10/2025 19:19:09:156	UTIL	[46:46:192168384]	INFO	thread_wrapper_t::thread_wrapper_t, mode = 01000004, id = 0, type = 1028, thr_manager = 0x00005597c69d10f0, waits = 1, interact_timer = true, m_timer_precision = 50, this = 0x00005597c6a5b650
11/10/2025 19:19:09:156	UTIL	[46:46:192168384]	INFO	msg_queue_t::msg_queue_t notifier = , notifier = 0x0000000000000000, writer = 0x0000000000000000, capacity = 1024, mode = 1, this = 0x00005597c6a5b900
11/10/2025 19:19:09:156	UTIL	[46:46:192168384]	INFO	thread_wrapper_t::thread_wrapper_t ctrl queue size = 1024, this = 0x00005597c6a5b650
11/10/2025 19:19:09:156	UTIL	[46:46:192168384]	INFO	thread_io_t::thread_io_t(), mode = 01000004, type = 1028, queue size = 65536, this = 0x00005597c6a5b620
11/10/2025 19:19:09:156	UTIL	[46:46:192168384]	INFO	thread_io_t::open_notifier, waits = 1, this = 0x00005597c6a5b620
11/10/2025 19:19:09:156	UTIL	[46:46:192168384]	INFO	msg_queue_base_t::open_notifier, m_notifier = 0x0000000000000000, notifier = 0x00005597c6a5fdb0, this = 0x00005597c6a5b920
11/10/2025 19:19:09:156	UTIL	[46:46:192168384]	INFO	thread_io_t::thread_run(), id = 0, args = 0x0000000000000000, this = 0x00005597c6a5b620
11/10/2025 19:19:09:156	UTIL	[46:46:192168384]	INFO	io_repo_t::io_repo_t, m_working = 0x00005597c6a5b650, max_io_fds = 1024, this = 0x00005597c6a60010
11/10/2025 19:19:09:156	UTIL	[46:46:192168384]	INFO	notifier_handler_t::notifier_handler_t, io_container = 0x00005597c6a600100x00005597c6a5fdb0, this = 0x00005597c6a27fc0
11/10/2025 19:19:09:156	UTIL	[46:46:192168384]	INFO	poll_t::poll_t register, fd = 22, es.first = 00000000000000000000000000000011, this = 0x00005597c6a60010
11/10/2025 19:19:09:156	UTIL	[46:46:192168384]	INFO	io_repo_t::start(), m_stop = true, this = 0x00005597c6a60010
11/10/2025 19:19:09:156	UTIL	[46:46:192168384]	INFO	thread_mgr_t::attach handle = 0x00005597c6a5b650, thread_id = 139788181784256, owner_thr = 0x00005597c69bf0a0, owner_id = 139788492751296, queue_size = 65536, this = 0x00005597c69d10f0
11/10/2025 19:19:09:156	UTIL	[46:46:192168384]	INFO	thread_wrapper_t::create_channel(), bind_thr = 0x00005597c69bf0a0[139788492751296], read_capacity = 65536, write_capacity = 65536, this = 0x00005597c6a5b650
11/10/2025 19:19:09:156	UTIL	[46:46:192168384]	INFO	o2o_msg_queue_t::o2o_msg_queue_t, notifier = 0x00005597c69cc8f0, writer = 0x00005597c6a5b650[139788181784256], reader = 0x00005597c69bf0a0[139788492751296], capacity = 65536, mode = 0, this = 0x00005597c6a68a80
11/10/2025 19:19:09:156	UTIL	[46:61:4176168640]	INFO	poll_t::loop () begin, working = 0x00005597c6a5b650, this = 0x00005597c6a60010
11/10/2025 19:19:09:157	UTIL	[46:61:4176168640]	INFO	thread_io_t::init_tls() thread_id = 139788181784256, this = 0x00005597c6a5b620
11/10/2025 19:19:09:157	UTIL	[46:61:4176168640]	INFO	thread_wrapper_t::init_tls(), m_thread_manager = 0x00005597c69d10f0, this = 0x00005597c6a5b650
11/10/2025 19:19:09:157	UTIL	[46:61:4176168640]	INFO	thread_mgr_t::register_tls, thr = 0x00005597c6a5b650, tls = true, this = 0x00005597c69d10f0
11/10/2025 19:19:09:157	UTIL	[46:61:4176168640]	INFO	thread_wrapper_t::start_alive_check() timer = 0x0000000000000000, m_interact_timer = true, this = 0x00005597c6a5b650
11/10/2025 19:19:09:157	UTIL	[46:61:4176168640]	INFO	timer_queue_t::timer_queue_t() , sink = 0x00005597c6a5b688, min_interval = 204800, this = 0x00007f22d4001070
11/10/2025 19:19:09:157	UTIL	[46:46:192168384]	INFO	o2o_msg_queue_t::o2o_msg_queue_t, notifier = 0x00005597c6a5fdb0, writer = 0x00005597c69bf0a0[139788492751296], reader = 0x00005597c6a5b650[139788181784256], capacity = 65536, mode = 1, this = 0x00005597c6a68cb0
11/10/2025 19:19:09:157	UTIL	[46:46:192168384]	INFO	thread_wrapper_t::bind_queue  , self_id = 139788492751296, bind_thr = 0x00005597c6a5b650[139788181784256], r_queue = 0x00005597c6a68ae8, w_queue = 0x00005597c6a68d20, this = 0x00005597c69bf0a0
11/10/2025 19:19:09:157	UTIL	[46:46:192168384]	INFO	thread_wrapper_t::bind_queue  , self_id = 139788181784256, bind_thr = 0x00005597c69bf0a0[139788492751296], r_queue = 0x00005597c6a68d18, w_queue = 0x00005597c6a68af0, this = 0x00005597c6a5b650
11/10/2025 19:19:09:157	UTIL	[46:46:192168384]	INFO	thread_wrapper_t::create_channel(), bind_thr = 0x00005597c6a19ea0[139788460435136], read_capacity = 65536, write_capacity = 65536, this = 0x00005597c6a5b650
11/10/2025 19:19:09:157	UTIL	[46:46:192168384]	INFO	o2o_msg_queue_t::o2o_msg_queue_t, notifier = 0x00005597c6a17b90, writer = 0x00005597c6a5b650[139788181784256], reader = 0x00005597c6a19ea0[139788460435136], capacity = 65536, mode = 1, this = 0x00005597c6a69340
11/10/2025 19:19:09:157	UTIL	[46:46:192168384]	INFO	o2o_msg_queue_t::o2o_msg_queue_t, notifier = 0x00005597c6a5fdb0, writer = 0x00005597c6a19ea0[139788460435136], reader = 0x00005597c6a5b650[139788181784256], capacity = 65536, mode = 1, this = 0x00005597c6a69570
11/10/2025 19:19:09:157	UTIL	[46:46:192168384]	INFO	thread_wrapper_t::send_ctrl_msg msg = 0x00005597c6a697a0, (uint64_t)m_id = 139788181784256, timeout = -1, this = 0x00005597c6a5b650
11/10/2025 19:19:09:157	UTIL	[46:61:4176168640]	INFO	thread_wrapper_t::create_ch_msg_t::on_message from = 0x00005597c6a5b650, to = 0x00005597c6a19ea0, this = 0x00005597c6a697a0
11/10/2025 19:19:09:157	UTIL	[46:61:4176168640]	INFO	thread_wrapper_t::bind_queue  , self_id = 139788460435136, bind_thr = 0x00005597c6a5b650[139788181784256], r_queue = 0x00005597c6a693a8, w_queue = 0x00005597c6a695e0, this = 0x00005597c6a19ea0
11/10/2025 19:19:09:158	UTIL	[46:46:192168384]	INFO	thread_wrapper_t::bind_queue  , self_id = 139788181784256, bind_thr = 0x00005597c6a19ea0[139788460435136], r_queue = 0x00005597c6a695d8, w_queue = 0x00005597c6a693b0, this = 0x00005597c6a5b650
11/10/2025 19:19:09:158	UTIL	[46:46:192168384]	INFO	thread_wrapper_t::create_channel(), bind_thr = 0x00005597c6a4c910[139788191508160], read_capacity = 65536, write_capacity = 65536, this = 0x00005597c6a5b650
11/10/2025 19:19:09:158	UTIL	[46:46:192168384]	INFO	o2o_msg_queue_t::o2o_msg_queue_t, notifier = 0x00005597c6a50cd0, writer = 0x00005597c6a5b650[139788181784256], reader = 0x00005597c6a4c910[139788191508160], capacity = 65536, mode = 1, this = 0x00005597c6a69c70
11/10/2025 19:19:09:158	UTIL	[46:46:192168384]	INFO	o2o_msg_queue_t::o2o_msg_queue_t, notifier = 0x00005597c6a5fdb0, writer = 0x00005597c6a4c910[139788191508160], reader = 0x00005597c6a5b650[139788181784256], capacity = 65536, mode = 1, this = 0x00005597c6a69ea0
11/10/2025 19:19:09:159	UTIL	[46:46:192168384]	INFO	thread_wrapper_t::send_ctrl_msg msg = 0x00005597c6a6a0d0, (uint64_t)m_id = 139788181784256, timeout = -1, this = 0x00005597c6a5b650
11/10/2025 19:19:09:160	UTIL	[46:61:4176168640]	INFO	thread_wrapper_t::create_ch_msg_t::on_message from = 0x00005597c6a5b650, to = 0x00005597c6a4c910, this = 0x00005597c6a6a0d0
11/10/2025 19:19:09:160	UTIL	[46:61:4176168640]	INFO	thread_wrapper_t::bind_queue  , self_id = 139788191508160, bind_thr = 0x00005597c6a5b650[139788181784256], r_queue = 0x00005597c6a69cd8, w_queue = 0x00005597c6a69f10, this = 0x00005597c6a4c910
11/10/2025 19:19:09:161	UTIL	[46:46:192168384]	INFO	thread_wrapper_t::bind_queue  , self_id = 139788181784256, bind_thr = 0x00005597c6a4c910[139788191508160], r_queue = 0x00005597c6a69f08, w_queue = 0x00005597c6a69ce0, this = 0x00005597c6a5b650
11/10/2025 19:19:09:161	UTIL	[46:46:192168384]	INFO	thread_wrapper_t::create_channel(), bind_thr = 0x00005597c6a5b650[139788181784256], read_capacity = 65536, write_capacity = 65536, this = 0x00005597c6a5b650
11/10/2025 19:19:09:161	UTIL	[46:46:192168384]	INFO	o2o_msg_queue_t::o2o_msg_queue_t, notifier = 0x00005597c6a5fdb0, writer = 0x00005597c6a5b650[139788181784256], reader = 0x00005597c6a5b650[139788181784256], capacity = 65536, mode = 1, this = 0x00005597c6a6a520
11/10/2025 19:19:09:161	UTIL	[46:46:192168384]	INFO	o2o_msg_queue_t::o2o_msg_queue_t, notifier = 0x00005597c6a5fdb0, writer = 0x00005597c6a5b650[139788181784256], reader = 0x00005597c6a5b650[139788181784256], capacity = 65536, mode = 1, this = 0x00005597c6a6a750
11/10/2025 19:19:09:161	UTIL	[46:46:192168384]	INFO	thread_wrapper_t::send_ctrl_msg msg = 0x00005597c6a6a980, (uint64_t)m_id = 139788181784256, timeout = -1, this = 0x00005597c6a5b650
11/10/2025 19:19:09:162	UTIL	[46:61:4176168640]	INFO	thread_wrapper_t::create_ch_msg_t::on_message from = 0x00005597c6a5b650, to = 0x00005597c6a5b650, this = 0x00005597c6a6a980
11/10/2025 19:19:09:162	UTIL	[46:61:4176168640]	INFO	thread_wrapper_t::bind_queue  , self_id = 139788181784256, bind_thr = 0x00005597c6a5b650[139788181784256], r_queue = 0x00005597c6a6a588, w_queue = 0x00005597c6a6a7c0, this = 0x00005597c6a5b650
11/10/2025 19:19:09:166	UTIL	[46:46:192168384]	INFO	thread_wrapper_t::bind_queue  , self_id = 139788181784256, bind_thr = 0x00005597c6a5b650[139788181784256], r_queue = 0x00005597c6a6a7b8, w_queue = 0x00005597c6a6a590, this = 0x00005597c6a5b650
11/10/2025 19:19:09:166	UTIL	[46:46:192168384]	INFO	thread_wrapper_t::bind_queue bind_thr = 0x00005597c6a5b650 already be existed, skip it, this = 0x00005597c6a5b650
11/10/2025 19:19:09:166	UTIL	[46:46:192168384]	INFO	thread_wrapper_t::adjust_timer_precision, m_timer_precision = 50, new_timer_precision = 50, this = 0x00005597c6a5b650
11/10/2025 19:19:10:720	UTIL	[46:46:192168384]	INFO	UTIL_INIT  refer times = 5, module_id = 5, UTIL has been built on:Sep 19 2025 at 06:33:56 on branch release-client-6.6.x with commit ID 2583f48484aeb604c472d0a89b4ddc1f55
11/10/2025 19:19:10:720	UTIL	[46:46:192168384]	INFO	register_logger  module_id = 5, module_name = MCM, max_level = 31, logger = 0x0000000000000000, mode = 3
11/10/2025 19:19:10:810	UTIL	[46:46:192168384]	INFO	register_logger  module_id = 6, module_name = NYDUS, max_level = 31, logger = 0x0000000000000000, mode = 3
11/10/2025 19:19:10:810	UTIL	[46:46:192168384]	INFO	timer_it::timer_it id = 0, own_thr = 0x0000000000000000, this = 0x00005597c6a866a0
11/10/2025 19:19:10:811	UTIL	[46:46:192168384]	INFO	timer_it::timer_it id = 0, own_thr = 0x0000000000000000, this = 0x00005597c6a8e690
11/10/2025 19:19:10:811	UTIL	[46:46:192168384]	INFO	thread_mgr_t::spawn, mode = 00000008, w_queue_size = 8192, type = 1024, interact_timer = true, thr_name = , bind_mask = 4294967295, use_ext_timer_drv = false, notifier = 0x0000000000000000, this = 0x00005597c69d10f0
11/10/2025 19:19:10:811	UTIL	[46:46:192168384]	INFO	thread_mgr_t::spawn already has an instance for the thread, return it directly, thread id = 139788492751296, this = 0x00005597c69d10f0
11/10/2025 19:19:11:356	UTIL	[46:46:192168384]	INFO	timer_it::add_timer sink = 0x00005597c6a8f498, interval = 12800, times = 0, is_exact = true, this = 0x00005597c6a866a0
11/10/2025 19:19:11:356	UTIL	[46:46:192168384]	INFO	timer_it::add_timer sink = 0x00005597c6a8f498, interval = 3840, times = 0, is_exact = true, this = 0x00005597c6a8e690
11/10/2025 19:20:13:487	UTIL	[46:46:192168384]	INFO	mlog_file::init mid:1069 size:1048576 shmem:false ret:0 this:0x00005597c6b27118
11/10/2025 19:20:15:870	UTIL	[46:46:192168384]	INFO	mlog_file::init mid:1027 size:1048576 shmem:false ret:0 this:0x00005597c6b30878
11/10/2025 19:20:16:027	UTIL	[46:46:192168384]	INFO	mlog_file::init mid:1008 size:1048576 shmem:false ret:0 this:0x00005597c6b2fba8
11/10/2025 19:20:16:182	UTIL	[46:46:192168384]	INFO	mlog_file::init mid:1030 size:1048576 shmem:false ret:0 this:0x00005597c6bf93a8
