11/10/2025 19:31:23:525	UTIL	[42:42:174449088]	INFO	thread_mgr_t ::thread_mgr_t(),Mon,10 Nov 2025 19:31:23 GMT, preset_owner_thr = false, this = 0x0000558b7e1ba100
11/10/2025 19:31:23:526	UTIL	[42:42:174449088]	INFO	new_i8_allocator_t::new_i8_allocator_t, m_page_size = 4096, this = 0x0000558b7e1b6f10
11/10/2025 19:31:23:527	UTIL	[42:42:174449088]	INFO	UTIL_INIT  refer , s_init_times = 1, module_id = 9, description = UTIL has been built on:Sep 19 2025 at 06:33:56 on branch release-client-6.6.x with commit ID 2583f48484aeb604c472d0a89b4ddc1f55, dir = , filename = , pext = log, max_size = 41943040, max_idx = 99
11/10/2025 19:31:23:527	UTIL	[42:42:174449088]	INFO	set_timer_driver, setup_call = 0x00007f9825d603b0, remove_call = 0x00007f9825d60290
11/10/2025 19:31:23:527	UTIL	[42:42:174449088]	INFO	thread_mgr_t::spawn, mode = 02000008, w_queue_size = 8192, type = 0, interact_timer = true, thr_name = , bind_mask = 4294967295, use_ext_timer_drv = true, notifier = 0x0000558b7e1b5900, this = 0x0000558b7e1ba100
11/10/2025 19:31:23:527	UTIL	[42:42:174449088]	INFO	thread_wrapper_t::thread_wrapper_t, mode = 02000008, id = 0, type = 0, thr_manager = 0x0000558b7e1ba100, waits = 0, interact_timer = true, m_timer_precision = 50, this = 0x0000558b7e1c2ff0
11/10/2025 19:31:23:529	UTIL	[42:42:174449088]	INFO	msg_queue_t::msg_queue_t notifier = , notifier = 0x0000558b7e1b5900, writer = 0x0000000000000000, capacity = 1024, mode = 0, this = 0x0000558b7e1b8880
11/10/2025 19:31:23:529	UTIL	[42:42:174449088]	INFO	thread_wrapper_t::thread_wrapper_t ctrl queue size = 1024, this = 0x0000558b7e1c2ff0
11/10/2025 19:31:23:529	UTIL	[42:42:174449088]	INFO	thread_wrapper_t::init_tls(), m_thread_manager = 0x0000558b7e1ba100, this = 0x0000558b7e1c2ff0
11/10/2025 19:31:23:529	UTIL	[42:42:174449088]	INFO	thread_mgr_t::register_tls, thr = 0x0000558b7e1c2ff0, tls = true, this = 0x0000558b7e1ba100
11/10/2025 19:31:23:529	UTIL	[42:42:174449088]	INFO	thread_wrapper_t::start_alive_check() timer = 0x0000000000000000, m_interact_timer = true, this = 0x0000558b7e1c2ff0
11/10/2025 19:31:23:529	UTIL	[42:42:174449088]	INFO	timer_queue_t::timer_queue_t() , sink = 0x0000558b7e1c3028, min_interval = 204800, this = 0x0000558b7e1c2b80
11/10/2025 19:31:23:529	UTIL	[42:42:174449088]	INFO	thread_wrapper_t::open_notifier, waits = 0, m_notify = 0x0000558b7e1b5900, this = 0x0000558b7e1c2ff0
11/10/2025 19:31:23:529	UTIL	[42:42:174449088]	INFO	msg_queue_base_t::open_notifier, m_notifier = 0x0000558b7e1b5900, notifier = 0x0000558b7e1b5900, this = 0x0000558b7e1b88a0
11/10/2025 19:31:23:529	UTIL	[42:42:174449088]	INFO	thread_mgr_t::attach handle = 0x0000558b7e1c2ff0, thread_id = 140290986205632, owner_thr = 0x0000558b7e1c2ff0, owner_id = 140290986205632, queue_size = 8192, this = 0x0000558b7e1ba100
11/10/2025 19:31:23:529	UTIL	[42:42:174449088]	INFO	thread_wrapper_t::create_channel(), bind_thr = 0x0000558b7e1c2ff0[140290986205632], read_capacity = 8192, write_capacity = 8192, this = 0x0000558b7e1c2ff0
11/10/2025 19:31:23:529	UTIL	[42:42:174449088]	INFO	o2o_msg_queue_t::o2o_msg_queue_t, notifier = 0x0000558b7e1b5900, writer = 0x0000558b7e1c2ff0[140290986205632], reader = 0x0000558b7e1c2ff0[140290986205632], capacity = 8192, mode = 0, this = 0x0000558b7e1b6d10
11/10/2025 19:31:23:530	UTIL	[42:42:174449088]	INFO	o2o_msg_queue_t::o2o_msg_queue_t, notifier = 0x0000558b7e1b5900, writer = 0x0000558b7e1c2ff0[140290986205632], reader = 0x0000558b7e1c2ff0[140290986205632], capacity = 8192, mode = 0, this = 0x0000558b7e1b9e10
11/10/2025 19:31:23:530	UTIL	[42:42:174449088]	INFO	thread_wrapper_t::bind_queue  , self_id = 140290986205632, bind_thr = 0x0000558b7e1c2ff0[140290986205632], r_queue = 0x0000558b7e1b6d78, w_queue = 0x0000558b7e1b9e80, this = 0x0000558b7e1c2ff0
11/10/2025 19:31:23:530	UTIL	[42:42:174449088]	INFO	thread_wrapper_t::bind_queue  , self_id = 140290986205632, bind_thr = 0x0000558b7e1c2ff0[140290986205632], r_queue = 0x0000558b7e1b9e78, w_queue = 0x0000558b7e1b6d80, this = 0x0000558b7e1c2ff0
11/10/2025 19:31:23:530	UTIL	[42:42:174449088]	INFO	thread_wrapper_t::bind_queue bind_thr = 0x0000558b7e1c2ff0 already be existed, skip it, this = 0x0000558b7e1c2ff0
11/10/2025 19:31:23:530	UTIL	[42:42:174449088]	INFO	thread_wrapper_t::adjust_timer_precision, m_timer_precision = 50, new_timer_precision = 50, this = 0x0000558b7e1c2ff0
11/10/2025 19:31:23:530	UTIL	[42:42:174449088]	INFO	register_logger  module_id = 1057, module_name = zoomtask, max_level = 31, logger = 0x0000000000000000, mode = 3
11/10/2025 19:31:24:595	UTIL	[42:42:174449088]	INFO	UTIL_INIT  refer times = 2, module_id = 1057, UTIL has been built on:Sep 19 2025 at 06:33:56 on branch release-client-6.6.x with commit ID 2583f48484aeb604c472d0a89b4ddc1f55
11/10/2025 19:31:24:595	UTIL	[42:42:174449088]	INFO	register_logger  module_id = 1057, module_name = ZoomTask, max_level = 31, logger = 0x0000000000000000, mode = 3
11/10/2025 19:31:24:610	UTIL	[42:42:174449088]	INFO	UTIL_INIT  refer times = 3, module_id = 2, UTIL has been built on:Sep 19 2025 at 06:33:56 on branch release-client-6.6.x with commit ID 2583f48484aeb604c472d0a89b4ddc1f55
11/10/2025 19:31:24:613	UTIL	[42:42:174449088]	INFO	timer_it::timer_it id = 0, own_thr = 0x0000000000000000, this = 0x0000558b7e1ba858
11/10/2025 19:31:24:613	UTIL	[42:42:174449088]	INFO	thread_mgr_t::spawn, mode = 01000004, w_queue_size = 0, type = 3, interact_timer = true, thr_name = zoom.dns, bind_mask = 0, use_ext_timer_drv = false, notifier = 0x0000000000000000, this = 0x0000558b7e1ba100
11/10/2025 19:31:24:613	UTIL	[42:42:174449088]	INFO	thread_wrapper_t::thread_wrapper_t, mode = 01000004, id = 0, type = 3, thr_manager = 0x0000558b7e1ba100, waits = 1, interact_timer = true, m_timer_precision = 50, this = 0x0000558b7e202dc0
11/10/2025 19:31:24:613	UTIL	[42:42:174449088]	INFO	msg_queue_t::msg_queue_t notifier = , notifier = 0x0000000000000000, writer = 0x0000000000000000, capacity = 1024, mode = 1, this = 0x0000558b7e203220
11/10/2025 19:31:24:613	UTIL	[42:42:174449088]	INFO	thread_wrapper_t::thread_wrapper_t ctrl queue size = 1024, this = 0x0000558b7e202dc0
11/10/2025 19:31:24:613	UTIL	[42:42:174449088]	INFO	thread_io_t::thread_io_t(), mode = 01000004, type = 3, queue size = 0, this = 0x0000558b7e202d90
11/10/2025 19:31:24:613	UTIL	[42:42:174449088]	INFO	thread_io_t::open_notifier, waits = 1, this = 0x0000558b7e202d90
11/10/2025 19:31:24:613	UTIL	[42:42:174449088]	INFO	msg_queue_base_t::open_notifier, m_notifier = 0x0000000000000000, notifier = 0x0000558b7e200ab0, this = 0x0000558b7e203240
11/10/2025 19:31:24:613	UTIL	[42:42:174449088]	INFO	thread_io_t::thread_run(), id = 0, args = 0x0000000000000000, this = 0x0000558b7e202d90
11/10/2025 19:31:24:613	UTIL	[42:42:174449088]	INFO	io_repo_t::io_repo_t, m_working = 0x0000558b7e202dc0, max_io_fds = 1024, this = 0x0000558b7e207740
11/10/2025 19:31:24:613	UTIL	[42:42:174449088]	INFO	notifier_handler_t::notifier_handler_t, io_container = 0x0000558b7e2077400x0000558b7e200ab0, this = 0x0000558b7e20f8c0
11/10/2025 19:31:24:613	UTIL	[42:42:174449088]	INFO	poll_t::poll_t register, fd = 11, es.first = 00000000000000000000000000000011, this = 0x0000558b7e207740
11/10/2025 19:31:24:613	UTIL	[42:42:174449088]	INFO	io_repo_t::start(), m_stop = true, this = 0x0000558b7e207740
11/10/2025 19:31:24:613	UTIL	[42:42:174449088]	INFO	thread_mgr_t::spawn only has control message queue for this thread, this = 0x0000558b7e1ba100
11/10/2025 19:31:24:613	UTIL	[42:42:174449088]	FATAL	assert: msg[thread_wrapper_t::create_channel bind thread should valid!, bind_thr = 0x0000000000000000] file[/home/jenkins/agent/workspace/Client/Client/DMT/linux/release/tp_util/util/src/thread.cpp], line = [1122]
11/10/2025 19:31:24:613	UTIL	[42:42:174449088]	INFO	thread_wrapper_t::adjust_timer_precision, m_timer_precision = 50, new_timer_precision = 50, this = 0x0000558b7e202dc0
11/10/2025 19:31:24:614	UTIL	[42:42:174449088]	INFO	timer_it::timer_it id = 0, own_thr = 0x0000000000000000, this = 0x0000558b7e210380
11/10/2025 19:31:24:614	UTIL	[42:42:174449088]	INFO	timer_it::add_timer sink = 0x0000558b7e1ba730, interval = 100, times = 0, is_exact = true, this = 0x0000558b7e210380
11/10/2025 19:31:24:614	UTIL	[42:48:67106496]	INFO	poll_t::loop () begin, working = 0x0000558b7e202dc0, this = 0x0000558b7e207740
11/10/2025 19:31:24:616	UTIL	[42:48:67106496]	INFO	thread_io_t::init_tls() thread_id = 140290878863040, this = 0x0000558b7e202d90
11/10/2025 19:31:24:616	UTIL	[42:48:67106496]	INFO	thread_wrapper_t::init_tls(), m_thread_manager = 0x0000558b7e1ba100, this = 0x0000558b7e202dc0
11/10/2025 19:31:24:616	UTIL	[42:48:67106496]	INFO	thread_mgr_t::register_tls, thr = 0x0000558b7e202dc0, tls = true, this = 0x0000558b7e1ba100
11/10/2025 19:31:24:616	UTIL	[42:48:67106496]	INFO	thread_wrapper_t::start_alive_check() timer = 0x0000000000000000, m_interact_timer = true, this = 0x0000558b7e202dc0
11/10/2025 19:31:24:616	UTIL	[42:48:67106496]	INFO	timer_queue_t::timer_queue_t() , sink = 0x0000558b7e202df8, min_interval = 204800, this = 0x00007f97fc001070
11/10/2025 19:31:24:618	UTIL	[42:42:174449088]	INFO	UTIL_INIT  refer times = 4, module_id = 9, UTIL has been built on:Sep 19 2025 at 06:33:56 on branch release-client-6.6.x with commit ID 2583f48484aeb604c472d0a89b4ddc1f55
11/10/2025 19:31:24:620	UTIL	[42:42:174449088]	INFO	thread_mgr_t::spawn, mode = 01000004, w_queue_size = 65536, type = 1027, interact_timer = true, thr_name = zoom.db, bind_mask = 4294967295, use_ext_timer_drv = false, notifier = 0x0000000000000000, this = 0x0000558b7e1ba100
11/10/2025 19:31:24:620	UTIL	[42:42:174449088]	INFO	thread_wrapper_t::thread_wrapper_t, mode = 01000004, id = 0, type = 1027, thr_manager = 0x0000558b7e1ba100, waits = 1, interact_timer = true, m_timer_precision = 50, this = 0x0000558b7e235830
11/10/2025 19:31:24:620	UTIL	[42:42:174449088]	INFO	msg_queue_t::msg_queue_t notifier = , notifier = 0x0000000000000000, writer = 0x0000000000000000, capacity = 1024, mode = 1, this = 0x0000558b7e229980
11/10/2025 19:31:24:620	UTIL	[42:42:174449088]	INFO	thread_wrapper_t::thread_wrapper_t ctrl queue size = 1024, this = 0x0000558b7e235830
11/10/2025 19:31:24:620	UTIL	[42:42:174449088]	INFO	thread_io_t::thread_io_t(), mode = 01000004, type = 1027, queue size = 65536, this = 0x0000558b7e235800
11/10/2025 19:31:24:620	UTIL	[42:42:174449088]	INFO	thread_io_t::open_notifier, waits = 1, this = 0x0000558b7e235800
11/10/2025 19:31:24:620	UTIL	[42:42:174449088]	INFO	msg_queue_base_t::open_notifier, m_notifier = 0x0000000000000000, notifier = 0x0000558b7e1e37e0, this = 0x0000558b7e2299a0
11/10/2025 19:31:24:620	UTIL	[42:42:174449088]	INFO	thread_io_t::thread_run(), id = 0, args = 0x0000000000000000, this = 0x0000558b7e235800
11/10/2025 19:31:24:620	UTIL	[42:42:174449088]	INFO	io_repo_t::io_repo_t, m_working = 0x0000558b7e235830, max_io_fds = 1024, this = 0x0000558b7e239db0
11/10/2025 19:31:24:620	UTIL	[42:42:174449088]	INFO	notifier_handler_t::notifier_handler_t, io_container = 0x0000558b7e239db00x0000558b7e1e37e0, this = 0x0000558b7e22b240
11/10/2025 19:31:24:620	UTIL	[42:42:174449088]	INFO	poll_t::poll_t register, fd = 20, es.first = 00000000000000000000000000000011, this = 0x0000558b7e239db0
11/10/2025 19:31:24:620	UTIL	[42:42:174449088]	INFO	io_repo_t::start(), m_stop = true, this = 0x0000558b7e239db0
11/10/2025 19:31:24:620	UTIL	[42:42:174449088]	INFO	thread_mgr_t::attach handle = 0x0000558b7e235830, thread_id = 140290744645312, owner_thr = 0x0000558b7e1c2ff0, owner_id = 140290986205632, queue_size = 65536, this = 0x0000558b7e1ba100
11/10/2025 19:31:24:620	UTIL	[42:42:174449088]	INFO	thread_wrapper_t::create_channel(), bind_thr = 0x0000558b7e1c2ff0[140290986205632], read_capacity = 65536, write_capacity = 65536, this = 0x0000558b7e235830
11/10/2025 19:31:24:621	UTIL	[42:42:174449088]	INFO	o2o_msg_queue_t::o2o_msg_queue_t, notifier = 0x0000558b7e1b5900, writer = 0x0000558b7e235830[140290744645312], reader = 0x0000558b7e1c2ff0[140290986205632], capacity = 65536, mode = 0, this = 0x0000558b7e242820
11/10/2025 19:31:24:622	UTIL	[42:42:174449088]	INFO	o2o_msg_queue_t::o2o_msg_queue_t, notifier = 0x0000558b7e1e37e0, writer = 0x0000558b7e1c2ff0[140290986205632], reader = 0x0000558b7e235830[140290744645312], capacity = 65536, mode = 1, this = 0x0000558b7e242a50
11/10/2025 19:31:24:622	UTIL	[42:42:174449088]	INFO	thread_wrapper_t::bind_queue  , self_id = 140290986205632, bind_thr = 0x0000558b7e235830[140290744645312], r_queue = 0x0000558b7e242888, w_queue = 0x0000558b7e242ac0, this = 0x0000558b7e1c2ff0
11/10/2025 19:31:24:622	UTIL	[42:42:174449088]	INFO	thread_wrapper_t::bind_queue  , self_id = 140290744645312, bind_thr = 0x0000558b7e1c2ff0[140290986205632], r_queue = 0x0000558b7e242ab8, w_queue = 0x0000558b7e242890, this = 0x0000558b7e235830
11/10/2025 19:31:24:622	UTIL	[42:42:174449088]	INFO	thread_wrapper_t::create_channel(), bind_thr = 0x0000558b7e202dc0[140290878863040], read_capacity = 65536, write_capacity = 65536, this = 0x0000558b7e235830
11/10/2025 19:31:24:623	UTIL	[42:42:174449088]	INFO	o2o_msg_queue_t::o2o_msg_queue_t, notifier = 0x0000558b7e200ab0, writer = 0x0000558b7e235830[140290744645312], reader = 0x0000558b7e202dc0[140290878863040], capacity = 65536, mode = 1, this = 0x0000558b7e2430e0
11/10/2025 19:31:24:628	UTIL	[42:42:174449088]	INFO	o2o_msg_queue_t::o2o_msg_queue_t, notifier = 0x0000558b7e1e37e0, writer = 0x0000558b7e202dc0[140290878863040], reader = 0x0000558b7e235830[140290744645312], capacity = 65536, mode = 1, this = 0x0000558b7e243310
11/10/2025 19:31:24:630	UTIL	[42:42:174449088]	INFO	thread_wrapper_t::send_ctrl_msg msg = 0x0000558b7e2434e0, (uint64_t)m_id = 0, timeout = -1, this = 0x0000558b7e235830
11/10/2025 19:31:24:631	UTIL	[42:56:4227856064]	INFO	poll_t::loop () begin, working = 0x0000558b7e235830, this = 0x0000558b7e239db0
11/10/2025 19:31:24:633	UTIL	[42:56:4227856064]	INFO	thread_io_t::init_tls() thread_id = 140290744645312, this = 0x0000558b7e235800
11/10/2025 19:31:24:633	UTIL	[42:56:4227856064]	INFO	thread_wrapper_t::init_tls(), m_thread_manager = 0x0000558b7e1ba100, this = 0x0000558b7e235830
11/10/2025 19:31:24:633	UTIL	[42:56:4227856064]	INFO	thread_mgr_t::register_tls, thr = 0x0000558b7e235830, tls = true, this = 0x0000558b7e1ba100
11/10/2025 19:31:24:633	UTIL	[42:56:4227856064]	INFO	thread_wrapper_t::start_alive_check() timer = 0x0000000000000000, m_interact_timer = true, this = 0x0000558b7e235830
11/10/2025 19:31:24:633	UTIL	[42:56:4227856064]	INFO	timer_queue_t::timer_queue_t() , sink = 0x0000558b7e235868, min_interval = 204800, this = 0x00007f97d4001070
11/10/2025 19:31:24:633	UTIL	[42:56:4227856064]	INFO	thread_wrapper_t::create_ch_msg_t::on_message from = 0x0000558b7e235830, to = 0x0000558b7e202dc0, this = 0x0000558b7e2434e0
11/10/2025 19:31:24:633	UTIL	[42:56:4227856064]	INFO	thread_wrapper_t::bind_queue  , self_id = 140290878863040, bind_thr = 0x0000558b7e235830[140290744645312], r_queue = 0x0000558b7e243148, w_queue = 0x0000558b7e243380, this = 0x0000558b7e202dc0
11/10/2025 19:31:24:634	UTIL	[42:42:174449088]	INFO	thread_wrapper_t::bind_queue  , self_id = 140290744645312, bind_thr = 0x0000558b7e202dc0[140290878863040], r_queue = 0x0000558b7e243378, w_queue = 0x0000558b7e243150, this = 0x0000558b7e235830
11/10/2025 19:31:24:634	UTIL	[42:42:174449088]	INFO	thread_wrapper_t::create_channel(), bind_thr = 0x0000558b7e235830[140290744645312], read_capacity = 65536, write_capacity = 65536, this = 0x0000558b7e235830
11/10/2025 19:31:24:635	UTIL	[42:42:174449088]	INFO	o2o_msg_queue_t::o2o_msg_queue_t, notifier = 0x0000558b7e1e37e0, writer = 0x0000558b7e235830[140290744645312], reader = 0x0000558b7e235830[140290744645312], capacity = 65536, mode = 1, this = 0x0000558b7e243940
11/10/2025 19:31:24:635	UTIL	[42:42:174449088]	INFO	o2o_msg_queue_t::o2o_msg_queue_t, notifier = 0x0000558b7e1e37e0, writer = 0x0000558b7e235830[140290744645312], reader = 0x0000558b7e235830[140290744645312], capacity = 65536, mode = 1, this = 0x0000558b7e243b70
11/10/2025 19:31:24:635	UTIL	[42:42:174449088]	INFO	thread_wrapper_t::send_ctrl_msg msg = 0x0000558b7e243da0, (uint64_t)m_id = 140290744645312, timeout = -1, this = 0x0000558b7e235830
11/10/2025 19:31:24:635	UTIL	[42:56:4227856064]	INFO	thread_wrapper_t::create_ch_msg_t::on_message from = 0x0000558b7e235830, to = 0x0000558b7e235830, this = 0x0000558b7e243da0
11/10/2025 19:31:24:635	UTIL	[42:56:4227856064]	INFO	thread_wrapper_t::bind_queue  , self_id = 140290744645312, bind_thr = 0x0000558b7e235830[140290744645312], r_queue = 0x0000558b7e2439a8, w_queue = 0x0000558b7e243be0, this = 0x0000558b7e235830
11/10/2025 19:31:24:635	UTIL	[42:42:174449088]	INFO	thread_wrapper_t::bind_queue  , self_id = 140290744645312, bind_thr = 0x0000558b7e235830[140290744645312], r_queue = 0x0000558b7e243bd8, w_queue = 0x0000558b7e2439b0, this = 0x0000558b7e235830
11/10/2025 19:31:24:635	UTIL	[42:42:174449088]	INFO	thread_wrapper_t::bind_queue bind_thr = 0x0000558b7e235830 already be existed, skip it, this = 0x0000558b7e235830
11/10/2025 19:31:24:635	UTIL	[42:42:174449088]	INFO	thread_wrapper_t::adjust_timer_precision, m_timer_precision = 50, new_timer_precision = 50, this = 0x0000558b7e235830
11/10/2025 19:31:24:635	UTIL	[42:42:174449088]	INFO	thread_mgr_t::spawn, mode = 01000004, w_queue_size = 65536, type = 1028, interact_timer = true, thr_name = zoom.im.index, bind_mask = 4294967295, use_ext_timer_drv = false, notifier = 0x0000000000000000, this = 0x0000558b7e1ba100
11/10/2025 19:31:24:635	UTIL	[42:42:174449088]	INFO	thread_wrapper_t::thread_wrapper_t, mode = 01000004, id = 0, type = 1028, thr_manager = 0x0000558b7e1ba100, waits = 1, interact_timer = true, m_timer_precision = 50, this = 0x0000558b7e244460
11/10/2025 19:31:24:635	UTIL	[42:42:174449088]	INFO	msg_queue_t::msg_queue_t notifier = , notifier = 0x0000000000000000, writer = 0x0000000000000000, capacity = 1024, mode = 1, this = 0x0000558b7e244710
11/10/2025 19:31:24:635	UTIL	[42:42:174449088]	INFO	thread_wrapper_t::thread_wrapper_t ctrl queue size = 1024, this = 0x0000558b7e244460
11/10/2025 19:31:24:635	UTIL	[42:42:174449088]	INFO	thread_io_t::thread_io_t(), mode = 01000004, type = 1028, queue size = 65536, this = 0x0000558b7e244430
11/10/2025 19:31:24:635	UTIL	[42:42:174449088]	INFO	thread_io_t::open_notifier, waits = 1, this = 0x0000558b7e244430
11/10/2025 19:31:24:635	UTIL	[42:42:174449088]	INFO	msg_queue_base_t::open_notifier, m_notifier = 0x0000000000000000, notifier = 0x0000558b7e248c40, this = 0x0000558b7e244730
11/10/2025 19:31:24:635	UTIL	[42:42:174449088]	INFO	thread_io_t::thread_run(), id = 0, args = 0x0000000000000000, this = 0x0000558b7e244430
11/10/2025 19:31:24:635	UTIL	[42:42:174449088]	INFO	io_repo_t::io_repo_t, m_working = 0x0000558b7e244460, max_io_fds = 1024, this = 0x0000558b7e248ea0
11/10/2025 19:31:24:635	UTIL	[42:42:174449088]	INFO	notifier_handler_t::notifier_handler_t, io_container = 0x0000558b7e248ea00x0000558b7e248c40, this = 0x0000558b7e210ee0
11/10/2025 19:31:24:636	UTIL	[42:42:174449088]	INFO	poll_t::poll_t register, fd = 24, es.first = 00000000000000000000000000000011, this = 0x0000558b7e248ea0
11/10/2025 19:31:24:636	UTIL	[42:42:174449088]	INFO	io_repo_t::start(), m_stop = true, this = 0x0000558b7e248ea0
11/10/2025 19:31:24:636	UTIL	[42:42:174449088]	INFO	thread_mgr_t::attach handle = 0x0000558b7e244460, thread_id = 140290727859904, owner_thr = 0x0000558b7e1c2ff0, owner_id = 140290986205632, queue_size = 65536, this = 0x0000558b7e1ba100
11/10/2025 19:31:24:636	UTIL	[42:42:174449088]	INFO	thread_wrapper_t::create_channel(), bind_thr = 0x0000558b7e1c2ff0[140290986205632], read_capacity = 65536, write_capacity = 65536, this = 0x0000558b7e244460
11/10/2025 19:31:24:636	UTIL	[42:42:174449088]	INFO	o2o_msg_queue_t::o2o_msg_queue_t, notifier = 0x0000558b7e1b5900, writer = 0x0000558b7e244460[140290727859904], reader = 0x0000558b7e1c2ff0[140290986205632], capacity = 65536, mode = 0, this = 0x0000558b7e251910
11/10/2025 19:31:24:636	UTIL	[42:42:174449088]	INFO	o2o_msg_queue_t::o2o_msg_queue_t, notifier = 0x0000558b7e248c40, writer = 0x0000558b7e1c2ff0[140290986205632], reader = 0x0000558b7e244460[140290727859904], capacity = 65536, mode = 1, this = 0x0000558b7e251b40
11/10/2025 19:31:24:636	UTIL	[42:42:174449088]	INFO	thread_wrapper_t::bind_queue  , self_id = 140290986205632, bind_thr = 0x0000558b7e244460[140290727859904], r_queue = 0x0000558b7e251978, w_queue = 0x0000558b7e251bb0, this = 0x0000558b7e1c2ff0
11/10/2025 19:31:24:636	UTIL	[42:42:174449088]	INFO	thread_wrapper_t::bind_queue  , self_id = 140290727859904, bind_thr = 0x0000558b7e1c2ff0[140290986205632], r_queue = 0x0000558b7e251ba8, w_queue = 0x0000558b7e251980, this = 0x0000558b7e244460
11/10/2025 19:31:24:636	UTIL	[42:42:174449088]	INFO	thread_wrapper_t::create_channel(), bind_thr = 0x0000558b7e202dc0[140290878863040], read_capacity = 65536, write_capacity = 65536, this = 0x0000558b7e244460
11/10/2025 19:31:24:636	UTIL	[42:42:174449088]	INFO	o2o_msg_queue_t::o2o_msg_queue_t, notifier = 0x0000558b7e200ab0, writer = 0x0000558b7e244460[140290727859904], reader = 0x0000558b7e202dc0[140290878863040], capacity = 65536, mode = 1, this = 0x0000558b7e2521d0
11/10/2025 19:31:24:637	UTIL	[42:42:174449088]	INFO	o2o_msg_queue_t::o2o_msg_queue_t, notifier = 0x0000558b7e248c40, writer = 0x0000558b7e202dc0[140290878863040], reader = 0x0000558b7e244460[140290727859904], capacity = 65536, mode = 1, this = 0x0000558b7e252400
11/10/2025 19:31:24:637	UTIL	[42:42:174449088]	INFO	thread_wrapper_t::send_ctrl_msg msg = 0x0000558b7e252630, (uint64_t)m_id = 0, timeout = -1, this = 0x0000558b7e244460
11/10/2025 19:31:24:636	UTIL	[42:57:4211070656]	INFO	poll_t::loop () begin, working = 0x0000558b7e244460, this = 0x0000558b7e248ea0
11/10/2025 19:31:24:640	UTIL	[42:57:4211070656]	INFO	thread_io_t::init_tls() thread_id = 140290727859904, this = 0x0000558b7e244430
11/10/2025 19:31:24:640	UTIL	[42:57:4211070656]	INFO	thread_wrapper_t::init_tls(), m_thread_manager = 0x0000558b7e1ba100, this = 0x0000558b7e244460
11/10/2025 19:31:24:640	UTIL	[42:57:4211070656]	INFO	thread_mgr_t::register_tls, thr = 0x0000558b7e244460, tls = true, this = 0x0000558b7e1ba100
11/10/2025 19:31:24:640	UTIL	[42:57:4211070656]	INFO	thread_wrapper_t::start_alive_check() timer = 0x0000000000000000, m_interact_timer = true, this = 0x0000558b7e244460
11/10/2025 19:31:24:640	UTIL	[42:57:4211070656]	INFO	timer_queue_t::timer_queue_t() , sink = 0x0000558b7e244498, min_interval = 204800, this = 0x00007f97d8001070
11/10/2025 19:31:24:640	UTIL	[42:57:4211070656]	INFO	thread_wrapper_t::create_ch_msg_t::on_message from = 0x0000558b7e244460, to = 0x0000558b7e202dc0, this = 0x0000558b7e252630
11/10/2025 19:31:24:640	UTIL	[42:57:4211070656]	INFO	thread_wrapper_t::bind_queue  , self_id = 140290878863040, bind_thr = 0x0000558b7e244460[140290727859904], r_queue = 0x0000558b7e252238, w_queue = 0x0000558b7e252470, this = 0x0000558b7e202dc0
11/10/2025 19:31:24:644	UTIL	[42:42:174449088]	INFO	thread_wrapper_t::bind_queue  , self_id = 140290727859904, bind_thr = 0x0000558b7e202dc0[140290878863040], r_queue = 0x0000558b7e252468, w_queue = 0x0000558b7e252240, this = 0x0000558b7e244460
11/10/2025 19:31:24:644	UTIL	[42:42:174449088]	INFO	thread_wrapper_t::create_channel(), bind_thr = 0x0000558b7e235830[140290744645312], read_capacity = 65536, write_capacity = 65536, this = 0x0000558b7e244460
11/10/2025 19:31:24:644	UTIL	[42:42:174449088]	INFO	o2o_msg_queue_t::o2o_msg_queue_t, notifier = 0x0000558b7e1e37e0, writer = 0x0000558b7e244460[140290727859904], reader = 0x0000558b7e235830[140290744645312], capacity = 65536, mode = 1, this = 0x0000558b7e252af0
11/10/2025 19:31:24:645	UTIL	[42:42:174449088]	INFO	o2o_msg_queue_t::o2o_msg_queue_t, notifier = 0x0000558b7e248c40, writer = 0x0000558b7e235830[140290744645312], reader = 0x0000558b7e244460[140290727859904], capacity = 65536, mode = 1, this = 0x0000558b7e252d20
11/10/2025 19:31:24:645	UTIL	[42:42:174449088]	INFO	thread_wrapper_t::send_ctrl_msg msg = 0x0000558b7e252f50, (uint64_t)m_id = 140290727859904, timeout = -1, this = 0x0000558b7e244460
11/10/2025 19:31:24:646	UTIL	[42:57:4211070656]	INFO	thread_wrapper_t::create_ch_msg_t::on_message from = 0x0000558b7e244460, to = 0x0000558b7e235830, this = 0x0000558b7e252f50
11/10/2025 19:31:24:646	UTIL	[42:57:4211070656]	INFO	thread_wrapper_t::bind_queue  , self_id = 140290744645312, bind_thr = 0x0000558b7e244460[140290727859904], r_queue = 0x0000558b7e252b58, w_queue = 0x0000558b7e252d90, this = 0x0000558b7e235830
11/10/2025 19:31:24:655	UTIL	[42:42:174449088]	INFO	thread_wrapper_t::bind_queue  , self_id = 140290727859904, bind_thr = 0x0000558b7e235830[140290744645312], r_queue = 0x0000558b7e252d88, w_queue = 0x0000558b7e252b60, this = 0x0000558b7e244460
11/10/2025 19:31:24:655	UTIL	[42:42:174449088]	INFO	thread_wrapper_t::create_channel(), bind_thr = 0x0000558b7e244460[140290727859904], read_capacity = 65536, write_capacity = 65536, this = 0x0000558b7e244460
11/10/2025 19:31:24:655	UTIL	[42:42:174449088]	INFO	o2o_msg_queue_t::o2o_msg_queue_t, notifier = 0x0000558b7e248c40, writer = 0x0000558b7e244460[140290727859904], reader = 0x0000558b7e244460[140290727859904], capacity = 65536, mode = 1, this = 0x0000558b7e253340
11/10/2025 19:31:24:656	UTIL	[42:42:174449088]	INFO	o2o_msg_queue_t::o2o_msg_queue_t, notifier = 0x0000558b7e248c40, writer = 0x0000558b7e244460[140290727859904], reader = 0x0000558b7e244460[140290727859904], capacity = 65536, mode = 1, this = 0x0000558b7e253570
11/10/2025 19:31:24:656	UTIL	[42:42:174449088]	INFO	thread_wrapper_t::send_ctrl_msg msg = 0x0000558b7e2537a0, (uint64_t)m_id = 140290727859904, timeout = -1, this = 0x0000558b7e244460
11/10/2025 19:31:24:660	UTIL	[42:57:4211070656]	INFO	thread_wrapper_t::create_ch_msg_t::on_message from = 0x0000558b7e244460, to = 0x0000558b7e244460, this = 0x0000558b7e2537a0
11/10/2025 19:31:24:660	UTIL	[42:57:4211070656]	INFO	thread_wrapper_t::bind_queue  , self_id = 140290727859904, bind_thr = 0x0000558b7e244460[140290727859904], r_queue = 0x0000558b7e2533a8, w_queue = 0x0000558b7e2535e0, this = 0x0000558b7e244460
11/10/2025 19:31:24:665	UTIL	[42:42:174449088]	INFO	thread_wrapper_t::bind_queue  , self_id = 140290727859904, bind_thr = 0x0000558b7e244460[140290727859904], r_queue = 0x0000558b7e2535d8, w_queue = 0x0000558b7e2533b0, this = 0x0000558b7e244460
11/10/2025 19:31:24:665	UTIL	[42:42:174449088]	INFO	thread_wrapper_t::bind_queue bind_thr = 0x0000558b7e244460 already be existed, skip it, this = 0x0000558b7e244460
11/10/2025 19:31:24:665	UTIL	[42:42:174449088]	INFO	thread_wrapper_t::adjust_timer_precision, m_timer_precision = 50, new_timer_precision = 50, this = 0x0000558b7e244460
11/10/2025 19:31:25:419	UTIL	[42:42:174449088]	INFO	UTIL_INIT  refer times = 5, module_id = 5, UTIL has been built on:Sep 19 2025 at 06:33:56 on branch release-client-6.6.x with commit ID 2583f48484aeb604c472d0a89b4ddc1f55
11/10/2025 19:31:25:419	UTIL	[42:42:174449088]	INFO	register_logger  module_id = 5, module_name = MCM, max_level = 31, logger = 0x0000000000000000, mode = 3
11/10/2025 19:31:27:115	UTIL	[42:42:174449088]	INFO	register_logger  module_id = 6, module_name = NYDUS, max_level = 31, logger = 0x0000000000000000, mode = 3
11/10/2025 19:31:27:115	UTIL	[42:42:174449088]	INFO	timer_it::timer_it id = 0, own_thr = 0x0000000000000000, this = 0x0000558b7e2572d0
11/10/2025 19:31:27:115	UTIL	[42:42:174449088]	INFO	timer_it::timer_it id = 0, own_thr = 0x0000000000000000, this = 0x0000558b7e286770
11/10/2025 19:31:27:115	UTIL	[42:42:174449088]	INFO	thread_mgr_t::spawn, mode = 00000008, w_queue_size = 8192, type = 1024, interact_timer = true, thr_name = , bind_mask = 4294967295, use_ext_timer_drv = false, notifier = 0x0000000000000000, this = 0x0000558b7e1ba100
11/10/2025 19:31:27:115	UTIL	[42:42:174449088]	INFO	thread_mgr_t::spawn already has an instance for the thread, return it directly, thread id = 140290986205632, this = 0x0000558b7e1ba100
11/10/2025 19:31:27:816	UTIL	[42:42:174449088]	INFO	timer_it::add_timer sink = 0x0000558b7e285718, interval = 12800, times = 0, is_exact = true, this = 0x0000558b7e2572d0
11/10/2025 19:31:27:816	UTIL	[42:42:174449088]	INFO	timer_it::add_timer sink = 0x0000558b7e285718, interval = 3840, times = 0, is_exact = true, this = 0x0000558b7e286770
11/10/2025 19:32:21:515	UTIL	[42:42:174449088]	INFO	mlog_file::init mid:1069 size:1048576 shmem:false ret:0 this:0x0000558b7e30d608
11/10/2025 19:32:24:334	UTIL	[42:42:174449088]	INFO	mlog_file::init mid:1027 size:1048576 shmem:false ret:0 this:0x0000558b7e3ec988
11/10/2025 19:32:24:600	UTIL	[42:42:174449088]	INFO	mlog_file::init mid:1008 size:1048576 shmem:false ret:0 this:0x0000558b7e2eec18
11/10/2025 19:32:24:798	UTIL	[42:42:174449088]	INFO	mlog_file::init mid:1030 size:1048576 shmem:false ret:0 this:0x0000558b7e3ffa98
