11/10/2025 19:30:56:340	UTIL	[42:42:3715346880]	INFO	thread_mgr_t ::thread_mgr_t(),Mon,10 Nov 2025 19:30:56 GMT, preset_owner_thr = false, this = 0x000055669ab69100
11/10/2025 19:30:56:341	UTIL	[42:42:3715346880]	INFO	new_i8_allocator_t::new_i8_allocator_t, m_page_size = 4096, this = 0x000055669ab65f10
11/10/2025 19:30:56:342	UTIL	[42:42:3715346880]	INFO	UTIL_INIT  refer , s_init_times = 1, module_id = 9, description = UTIL has been built on:Sep 19 2025 at 06:33:56 on branch release-client-6.6.x with commit ID 2583f48484aeb604c472d0a89b4ddc1f55, dir = , filename = , pext = log, max_size = 41943040, max_idx = 99
11/10/2025 19:30:56:342	UTIL	[42:42:3715346880]	INFO	set_timer_driver, setup_call = 0x00007ff5f8f603b0, remove_call = 0x00007ff5f8f60290
11/10/2025 19:30:56:342	UTIL	[42:42:3715346880]	INFO	thread_mgr_t::spawn, mode = 02000008, w_queue_size = 8192, type = 0, interact_timer = true, thr_name = , bind_mask = 4294967295, use_ext_timer_drv = true, notifier = 0x000055669ab64900, this = 0x000055669ab69100
11/10/2025 19:30:56:342	UTIL	[42:42:3715346880]	INFO	thread_wrapper_t::thread_wrapper_t, mode = 02000008, id = 0, type = 0, thr_manager = 0x000055669ab69100, waits = 0, interact_timer = true, m_timer_precision = 50, this = 0x000055669ab71ff0
11/10/2025 19:30:56:342	UTIL	[42:42:3715346880]	INFO	msg_queue_t::msg_queue_t notifier = , notifier = 0x000055669ab64900, writer = 0x0000000000000000, capacity = 1024, mode = 0, this = 0x000055669ab67880
11/10/2025 19:30:56:342	UTIL	[42:42:3715346880]	INFO	thread_wrapper_t::thread_wrapper_t ctrl queue size = 1024, this = 0x000055669ab71ff0
11/10/2025 19:30:56:342	UTIL	[42:42:3715346880]	INFO	thread_wrapper_t::init_tls(), m_thread_manager = 0x000055669ab69100, this = 0x000055669ab71ff0
11/10/2025 19:30:56:342	UTIL	[42:42:3715346880]	INFO	thread_mgr_t::register_tls, thr = 0x000055669ab71ff0, tls = true, this = 0x000055669ab69100
11/10/2025 19:30:56:342	UTIL	[42:42:3715346880]	INFO	thread_wrapper_t::start_alive_check() timer = 0x0000000000000000, m_interact_timer = true, this = 0x000055669ab71ff0
11/10/2025 19:30:56:342	UTIL	[42:42:3715346880]	INFO	timer_queue_t::timer_queue_t() , sink = 0x000055669ab72028, min_interval = 204800, this = 0x000055669ab71b80
11/10/2025 19:30:56:342	UTIL	[42:42:3715346880]	INFO	thread_wrapper_t::open_notifier, waits = 0, m_notify = 0x000055669ab64900, this = 0x000055669ab71ff0
11/10/2025 19:30:56:342	UTIL	[42:42:3715346880]	INFO	msg_queue_base_t::open_notifier, m_notifier = 0x000055669ab64900, notifier = 0x000055669ab64900, this = 0x000055669ab678a0
11/10/2025 19:30:56:342	UTIL	[42:42:3715346880]	INFO	thread_mgr_t::attach handle = 0x000055669ab71ff0, thread_id = 140693959061952, owner_thr = 0x000055669ab71ff0, owner_id = 140693959061952, queue_size = 8192, this = 0x000055669ab69100
11/10/2025 19:30:56:342	UTIL	[42:42:3715346880]	INFO	thread_wrapper_t::create_channel(), bind_thr = 0x000055669ab71ff0[140693959061952], read_capacity = 8192, write_capacity = 8192, this = 0x000055669ab71ff0
11/10/2025 19:30:56:342	UTIL	[42:42:3715346880]	INFO	o2o_msg_queue_t::o2o_msg_queue_t, notifier = 0x000055669ab64900, writer = 0x000055669ab71ff0[140693959061952], reader = 0x000055669ab71ff0[140693959061952], capacity = 8192, mode = 0, this = 0x000055669ab65d10
11/10/2025 19:30:56:342	UTIL	[42:42:3715346880]	INFO	o2o_msg_queue_t::o2o_msg_queue_t, notifier = 0x000055669ab64900, writer = 0x000055669ab71ff0[140693959061952], reader = 0x000055669ab71ff0[140693959061952], capacity = 8192, mode = 0, this = 0x000055669ab68e10
11/10/2025 19:30:56:342	UTIL	[42:42:3715346880]	INFO	thread_wrapper_t::bind_queue  , self_id = 140693959061952, bind_thr = 0x000055669ab71ff0[140693959061952], r_queue = 0x000055669ab65d78, w_queue = 0x000055669ab68e80, this = 0x000055669ab71ff0
11/10/2025 19:30:56:342	UTIL	[42:42:3715346880]	INFO	thread_wrapper_t::bind_queue  , self_id = 140693959061952, bind_thr = 0x000055669ab71ff0[140693959061952], r_queue = 0x000055669ab68e78, w_queue = 0x000055669ab65d80, this = 0x000055669ab71ff0
11/10/2025 19:30:56:342	UTIL	[42:42:3715346880]	INFO	thread_wrapper_t::bind_queue bind_thr = 0x000055669ab71ff0 already be existed, skip it, this = 0x000055669ab71ff0
11/10/2025 19:30:56:342	UTIL	[42:42:3715346880]	INFO	thread_wrapper_t::adjust_timer_precision, m_timer_precision = 50, new_timer_precision = 50, this = 0x000055669ab71ff0
11/10/2025 19:30:56:342	UTIL	[42:42:3715346880]	INFO	register_logger  module_id = 1057, module_name = zoomtask, max_level = 31, logger = 0x0000000000000000, mode = 3
11/10/2025 19:30:56:480	UTIL	[42:42:3715346880]	INFO	UTIL_INIT  refer times = 2, module_id = 1057, UTIL has been built on:Sep 19 2025 at 06:33:56 on branch release-client-6.6.x with commit ID 2583f48484aeb604c472d0a89b4ddc1f55
11/10/2025 19:30:56:480	UTIL	[42:42:3715346880]	INFO	register_logger  module_id = 1057, module_name = ZoomTask, max_level = 31, logger = 0x0000000000000000, mode = 3
11/10/2025 19:30:56:491	UTIL	[42:42:3715346880]	INFO	UTIL_INIT  refer times = 3, module_id = 2, UTIL has been built on:Sep 19 2025 at 06:33:56 on branch release-client-6.6.x with commit ID 2583f48484aeb604c472d0a89b4ddc1f55
11/10/2025 19:30:56:493	UTIL	[42:42:3715346880]	INFO	timer_it::timer_it id = 0, own_thr = 0x0000000000000000, this = 0x000055669ab69858
11/10/2025 19:30:56:493	UTIL	[42:42:3715346880]	INFO	thread_mgr_t::spawn, mode = 01000004, w_queue_size = 0, type = 3, interact_timer = true, thr_name = zoom.dns, bind_mask = 0, use_ext_timer_drv = false, notifier = 0x0000000000000000, this = 0x000055669ab69100
11/10/2025 19:30:56:493	UTIL	[42:42:3715346880]	INFO	thread_wrapper_t::thread_wrapper_t, mode = 01000004, id = 0, type = 3, thr_manager = 0x000055669ab69100, waits = 1, interact_timer = true, m_timer_precision = 50, this = 0x000055669abb1cd0
11/10/2025 19:30:56:494	UTIL	[42:42:3715346880]	INFO	msg_queue_t::msg_queue_t notifier = , notifier = 0x0000000000000000, writer = 0x0000000000000000, capacity = 1024, mode = 1, this = 0x000055669abb2130
11/10/2025 19:30:56:494	UTIL	[42:42:3715346880]	INFO	thread_wrapper_t::thread_wrapper_t ctrl queue size = 1024, this = 0x000055669abb1cd0
11/10/2025 19:30:56:494	UTIL	[42:42:3715346880]	INFO	thread_io_t::thread_io_t(), mode = 01000004, type = 3, queue size = 0, this = 0x000055669abb1ca0
11/10/2025 19:30:56:494	UTIL	[42:42:3715346880]	INFO	thread_io_t::open_notifier, waits = 1, this = 0x000055669abb1ca0
11/10/2025 19:30:56:494	UTIL	[42:42:3715346880]	INFO	msg_queue_base_t::open_notifier, m_notifier = 0x0000000000000000, notifier = 0x000055669abafab0, this = 0x000055669abb2150
11/10/2025 19:30:56:494	UTIL	[42:42:3715346880]	INFO	thread_io_t::thread_run(), id = 0, args = 0x0000000000000000, this = 0x000055669abb1ca0
11/10/2025 19:30:56:494	UTIL	[42:42:3715346880]	INFO	io_repo_t::io_repo_t, m_working = 0x000055669abb1cd0, max_io_fds = 1024, this = 0x000055669abb66f0
11/10/2025 19:30:56:494	UTIL	[42:42:3715346880]	INFO	notifier_handler_t::notifier_handler_t, io_container = 0x000055669abb66f00x000055669abafab0, this = 0x000055669abbe880
11/10/2025 19:30:56:494	UTIL	[42:42:3715346880]	INFO	poll_t::poll_t register, fd = 11, es.first = 00000000000000000000000000000011, this = 0x000055669abb66f0
11/10/2025 19:30:56:494	UTIL	[42:42:3715346880]	INFO	io_repo_t::start(), m_stop = true, this = 0x000055669abb66f0
11/10/2025 19:30:56:494	UTIL	[42:42:3715346880]	INFO	thread_mgr_t::spawn only has control message queue for this thread, this = 0x000055669ab69100
11/10/2025 19:30:56:494	UTIL	[42:42:3715346880]	FATAL	assert: msg[thread_wrapper_t::create_channel bind thread should valid!, bind_thr = 0x0000000000000000] file[/home/jenkins/agent/workspace/Client/Client/DMT/linux/release/tp_util/util/src/thread.cpp], line = [1122]
11/10/2025 19:30:56:494	UTIL	[42:42:3715346880]	INFO	thread_wrapper_t::adjust_timer_precision, m_timer_precision = 50, new_timer_precision = 50, this = 0x000055669abb1cd0
11/10/2025 19:30:56:494	UTIL	[42:42:3715346880]	INFO	timer_it::timer_it id = 0, own_thr = 0x0000000000000000, this = 0x000055669abbf340
11/10/2025 19:30:56:494	UTIL	[42:42:3715346880]	INFO	timer_it::add_timer sink = 0x000055669ab69730, interval = 100, times = 0, is_exact = true, this = 0x000055669abbf340
11/10/2025 19:30:56:494	UTIL	[42:48:3615483584]	INFO	poll_t::loop () begin, working = 0x000055669abb1cd0, this = 0x000055669abb66f0
11/10/2025 19:30:56:495	UTIL	[42:48:3615483584]	INFO	thread_io_t::init_tls() thread_id = 140693859198656, this = 0x000055669abb1ca0
11/10/2025 19:30:56:495	UTIL	[42:48:3615483584]	INFO	thread_wrapper_t::init_tls(), m_thread_manager = 0x000055669ab69100, this = 0x000055669abb1cd0
11/10/2025 19:30:56:495	UTIL	[42:48:3615483584]	INFO	thread_mgr_t::register_tls, thr = 0x000055669abb1cd0, tls = true, this = 0x000055669ab69100
11/10/2025 19:30:56:495	UTIL	[42:48:3615483584]	INFO	thread_wrapper_t::start_alive_check() timer = 0x0000000000000000, m_interact_timer = true, this = 0x000055669abb1cd0
11/10/2025 19:30:56:495	UTIL	[42:48:3615483584]	INFO	timer_queue_t::timer_queue_t() , sink = 0x000055669abb1d08, min_interval = 204800, this = 0x00007ff5d0001070
11/10/2025 19:30:56:501	UTIL	[42:42:3715346880]	INFO	UTIL_INIT  refer times = 4, module_id = 9, UTIL has been built on:Sep 19 2025 at 06:33:56 on branch release-client-6.6.x with commit ID 2583f48484aeb604c472d0a89b4ddc1f55
11/10/2025 19:30:56:509	UTIL	[42:42:3715346880]	INFO	thread_mgr_t::spawn, mode = 01000004, w_queue_size = 65536, type = 1027, interact_timer = true, thr_name = zoom.db, bind_mask = 4294967295, use_ext_timer_drv = false, notifier = 0x0000000000000000, this = 0x000055669ab69100
11/10/2025 19:30:56:509	UTIL	[42:42:3715346880]	INFO	thread_wrapper_t::thread_wrapper_t, mode = 01000004, id = 0, type = 1027, thr_manager = 0x000055669ab69100, waits = 1, interact_timer = true, m_timer_precision = 50, this = 0x000055669abe46e0
11/10/2025 19:30:56:509	UTIL	[42:42:3715346880]	INFO	msg_queue_t::msg_queue_t notifier = , notifier = 0x0000000000000000, writer = 0x0000000000000000, capacity = 1024, mode = 1, this = 0x000055669abd8830
11/10/2025 19:30:56:509	UTIL	[42:42:3715346880]	INFO	thread_wrapper_t::thread_wrapper_t ctrl queue size = 1024, this = 0x000055669abe46e0
11/10/2025 19:30:56:509	UTIL	[42:42:3715346880]	INFO	thread_io_t::thread_io_t(), mode = 01000004, type = 1027, queue size = 65536, this = 0x000055669abe46b0
11/10/2025 19:30:56:509	UTIL	[42:42:3715346880]	INFO	thread_io_t::open_notifier, waits = 1, this = 0x000055669abe46b0
11/10/2025 19:30:56:509	UTIL	[42:42:3715346880]	INFO	msg_queue_base_t::open_notifier, m_notifier = 0x0000000000000000, notifier = 0x000055669ab98140, this = 0x000055669abd8850
11/10/2025 19:30:56:509	UTIL	[42:42:3715346880]	INFO	thread_io_t::thread_run(), id = 0, args = 0x0000000000000000, this = 0x000055669abe46b0
11/10/2025 19:30:56:509	UTIL	[42:42:3715346880]	INFO	io_repo_t::io_repo_t, m_working = 0x000055669abe46e0, max_io_fds = 1024, this = 0x000055669abe8c60
11/10/2025 19:30:56:509	UTIL	[42:42:3715346880]	INFO	notifier_handler_t::notifier_handler_t, io_container = 0x000055669abe8c600x000055669ab98140, this = 0x000055669abda0f0
11/10/2025 19:30:56:509	UTIL	[42:42:3715346880]	INFO	poll_t::poll_t register, fd = 20, es.first = 00000000000000000000000000000011, this = 0x000055669abe8c60
11/10/2025 19:30:56:509	UTIL	[42:42:3715346880]	INFO	io_repo_t::start(), m_stop = true, this = 0x000055669abe8c60
11/10/2025 19:30:56:509	UTIL	[42:42:3715346880]	INFO	thread_mgr_t::attach handle = 0x000055669abe46e0, thread_id = 140693716588224, owner_thr = 0x000055669ab71ff0, owner_id = 140693959061952, queue_size = 65536, this = 0x000055669ab69100
11/10/2025 19:30:56:509	UTIL	[42:42:3715346880]	INFO	thread_wrapper_t::create_channel(), bind_thr = 0x000055669ab71ff0[140693959061952], read_capacity = 65536, write_capacity = 65536, this = 0x000055669abe46e0
11/10/2025 19:30:56:509	UTIL	[42:42:3715346880]	INFO	o2o_msg_queue_t::o2o_msg_queue_t, notifier = 0x000055669ab64900, writer = 0x000055669abe46e0[140693716588224], reader = 0x000055669ab71ff0[140693959061952], capacity = 65536, mode = 0, this = 0x000055669abf16e0
11/10/2025 19:30:56:510	UTIL	[42:42:3715346880]	INFO	o2o_msg_queue_t::o2o_msg_queue_t, notifier = 0x000055669ab98140, writer = 0x000055669ab71ff0[140693959061952], reader = 0x000055669abe46e0[140693716588224], capacity = 65536, mode = 1, this = 0x000055669abf1920
11/10/2025 19:30:56:510	UTIL	[42:42:3715346880]	INFO	thread_wrapper_t::bind_queue  , self_id = 140693959061952, bind_thr = 0x000055669abe46e0[140693716588224], r_queue = 0x000055669abf1748, w_queue = 0x000055669abf1990, this = 0x000055669ab71ff0
11/10/2025 19:30:56:510	UTIL	[42:42:3715346880]	INFO	thread_wrapper_t::bind_queue  , self_id = 140693716588224, bind_thr = 0x000055669ab71ff0[140693959061952], r_queue = 0x000055669abf1988, w_queue = 0x000055669abf1750, this = 0x000055669abe46e0
11/10/2025 19:30:56:510	UTIL	[42:42:3715346880]	INFO	thread_wrapper_t::create_channel(), bind_thr = 0x000055669abb1cd0[140693859198656], read_capacity = 65536, write_capacity = 65536, this = 0x000055669abe46e0
11/10/2025 19:30:56:510	UTIL	[42:42:3715346880]	INFO	o2o_msg_queue_t::o2o_msg_queue_t, notifier = 0x000055669abafab0, writer = 0x000055669abe46e0[140693716588224], reader = 0x000055669abb1cd0[140693859198656], capacity = 65536, mode = 1, this = 0x000055669abf1fc0
11/10/2025 19:30:56:510	UTIL	[42:42:3715346880]	INFO	o2o_msg_queue_t::o2o_msg_queue_t, notifier = 0x000055669ab98140, writer = 0x000055669abb1cd0[140693859198656], reader = 0x000055669abe46e0[140693716588224], capacity = 65536, mode = 1, this = 0x000055669abf2200
11/10/2025 19:30:56:510	UTIL	[42:42:3715346880]	INFO	thread_wrapper_t::send_ctrl_msg msg = 0x000055669abf2440, (uint64_t)m_id = 0, timeout = -1, this = 0x000055669abe46e0
11/10/2025 19:30:56:510	UTIL	[42:56:3472873152]	INFO	poll_t::loop () begin, working = 0x000055669abe46e0, this = 0x000055669abe8c60
11/10/2025 19:30:56:510	UTIL	[42:56:3472873152]	INFO	thread_io_t::init_tls() thread_id = 140693716588224, this = 0x000055669abe46b0
11/10/2025 19:30:56:510	UTIL	[42:56:3472873152]	INFO	thread_wrapper_t::init_tls(), m_thread_manager = 0x000055669ab69100, this = 0x000055669abe46e0
11/10/2025 19:30:56:510	UTIL	[42:56:3472873152]	INFO	thread_mgr_t::register_tls, thr = 0x000055669abe46e0, tls = true, this = 0x000055669ab69100
11/10/2025 19:30:56:510	UTIL	[42:56:3472873152]	INFO	thread_wrapper_t::start_alive_check() timer = 0x0000000000000000, m_interact_timer = true, this = 0x000055669abe46e0
11/10/2025 19:30:56:510	UTIL	[42:56:3472873152]	INFO	timer_queue_t::timer_queue_t() , sink = 0x000055669abe4718, min_interval = 204800, this = 0x00007ff5ac001070
11/10/2025 19:30:56:510	UTIL	[42:56:3472873152]	INFO	thread_wrapper_t::create_ch_msg_t::on_message from = 0x000055669abe46e0, to = 0x000055669abb1cd0, this = 0x000055669abf2440
11/10/2025 19:30:56:510	UTIL	[42:56:3472873152]	INFO	thread_wrapper_t::bind_queue  , self_id = 140693859198656, bind_thr = 0x000055669abe46e0[140693716588224], r_queue = 0x000055669abf2028, w_queue = 0x000055669abf2270, this = 0x000055669abb1cd0
11/10/2025 19:30:56:510	UTIL	[42:42:3715346880]	INFO	thread_wrapper_t::bind_queue  , self_id = 140693716588224, bind_thr = 0x000055669abb1cd0[140693859198656], r_queue = 0x000055669abf2268, w_queue = 0x000055669abf2030, this = 0x000055669abe46e0
11/10/2025 19:30:56:510	UTIL	[42:42:3715346880]	INFO	thread_wrapper_t::create_channel(), bind_thr = 0x000055669abe46e0[140693716588224], read_capacity = 65536, write_capacity = 65536, this = 0x000055669abe46e0
11/10/2025 19:30:56:511	UTIL	[42:42:3715346880]	INFO	o2o_msg_queue_t::o2o_msg_queue_t, notifier = 0x000055669ab98140, writer = 0x000055669abe46e0[140693716588224], reader = 0x000055669abe46e0[140693716588224], capacity = 65536, mode = 1, this = 0x000055669abf2900
11/10/2025 19:30:56:511	UTIL	[42:42:3715346880]	INFO	o2o_msg_queue_t::o2o_msg_queue_t, notifier = 0x000055669ab98140, writer = 0x000055669abe46e0[140693716588224], reader = 0x000055669abe46e0[140693716588224], capacity = 65536, mode = 1, this = 0x000055669abf2b40
11/10/2025 19:30:56:511	UTIL	[42:42:3715346880]	INFO	thread_wrapper_t::send_ctrl_msg msg = 0x000055669abf2d80, (uint64_t)m_id = 140693716588224, timeout = -1, this = 0x000055669abe46e0
11/10/2025 19:30:56:511	UTIL	[42:56:3472873152]	INFO	thread_wrapper_t::create_ch_msg_t::on_message from = 0x000055669abe46e0, to = 0x000055669abe46e0, this = 0x000055669abf2d80
11/10/2025 19:30:56:511	UTIL	[42:56:3472873152]	INFO	thread_wrapper_t::bind_queue  , self_id = 140693716588224, bind_thr = 0x000055669abe46e0[140693716588224], r_queue = 0x000055669abf2968, w_queue = 0x000055669abf2bb0, this = 0x000055669abe46e0
11/10/2025 19:30:56:511	UTIL	[42:42:3715346880]	INFO	thread_wrapper_t::bind_queue  , self_id = 140693716588224, bind_thr = 0x000055669abe46e0[140693716588224], r_queue = 0x000055669abf2ba8, w_queue = 0x000055669abf2970, this = 0x000055669abe46e0
11/10/2025 19:30:56:511	UTIL	[42:42:3715346880]	INFO	thread_wrapper_t::bind_queue bind_thr = 0x000055669abe46e0 already be existed, skip it, this = 0x000055669abe46e0
11/10/2025 19:30:56:511	UTIL	[42:42:3715346880]	INFO	thread_wrapper_t::adjust_timer_precision, m_timer_precision = 50, new_timer_precision = 50, this = 0x000055669abe46e0
11/10/2025 19:30:56:511	UTIL	[42:42:3715346880]	INFO	thread_mgr_t::spawn, mode = 01000004, w_queue_size = 65536, type = 1028, interact_timer = true, thr_name = zoom.im.index, bind_mask = 4294967295, use_ext_timer_drv = false, notifier = 0x0000000000000000, this = 0x000055669ab69100
11/10/2025 19:30:56:511	UTIL	[42:42:3715346880]	INFO	thread_wrapper_t::thread_wrapper_t, mode = 01000004, id = 0, type = 1028, thr_manager = 0x000055669ab69100, waits = 1, interact_timer = true, m_timer_precision = 50, this = 0x000055669abf3440
11/10/2025 19:30:56:511	UTIL	[42:42:3715346880]	INFO	msg_queue_t::msg_queue_t notifier = , notifier = 0x0000000000000000, writer = 0x0000000000000000, capacity = 1024, mode = 1, this = 0x000055669abf36f0
11/10/2025 19:30:56:511	UTIL	[42:42:3715346880]	INFO	thread_wrapper_t::thread_wrapper_t ctrl queue size = 1024, this = 0x000055669abf3440
11/10/2025 19:30:56:511	UTIL	[42:42:3715346880]	INFO	thread_io_t::thread_io_t(), mode = 01000004, type = 1028, queue size = 65536, this = 0x000055669abf3410
11/10/2025 19:30:56:511	UTIL	[42:42:3715346880]	INFO	thread_io_t::open_notifier, waits = 1, this = 0x000055669abf3410
11/10/2025 19:30:56:511	UTIL	[42:42:3715346880]	INFO	msg_queue_base_t::open_notifier, m_notifier = 0x0000000000000000, notifier = 0x000055669abf7ba0, this = 0x000055669abf3710
11/10/2025 19:30:56:511	UTIL	[42:42:3715346880]	INFO	thread_io_t::thread_run(), id = 0, args = 0x0000000000000000, this = 0x000055669abf3410
11/10/2025 19:30:56:511	UTIL	[42:42:3715346880]	INFO	io_repo_t::io_repo_t, m_working = 0x000055669abf3440, max_io_fds = 1024, this = 0x000055669abf7e00
11/10/2025 19:30:56:511	UTIL	[42:42:3715346880]	INFO	notifier_handler_t::notifier_handler_t, io_container = 0x000055669abf7e000x000055669abf7ba0, this = 0x000055669abbfeb0
11/10/2025 19:30:56:511	UTIL	[42:42:3715346880]	INFO	poll_t::poll_t register, fd = 22, es.first = 00000000000000000000000000000011, this = 0x000055669abf7e00
11/10/2025 19:30:56:511	UTIL	[42:42:3715346880]	INFO	io_repo_t::start(), m_stop = true, this = 0x000055669abf7e00
11/10/2025 19:30:56:511	UTIL	[42:42:3715346880]	INFO	thread_mgr_t::attach handle = 0x000055669abf3440, thread_id = 140693708195520, owner_thr = 0x000055669ab71ff0, owner_id = 140693959061952, queue_size = 65536, this = 0x000055669ab69100
11/10/2025 19:30:56:511	UTIL	[42:42:3715346880]	INFO	thread_wrapper_t::create_channel(), bind_thr = 0x000055669ab71ff0[140693959061952], read_capacity = 65536, write_capacity = 65536, this = 0x000055669abf3440
11/10/2025 19:30:56:511	UTIL	[42:42:3715346880]	INFO	o2o_msg_queue_t::o2o_msg_queue_t, notifier = 0x000055669ab64900, writer = 0x000055669abf3440[140693708195520], reader = 0x000055669ab71ff0[140693959061952], capacity = 65536, mode = 0, this = 0x000055669ac00880
11/10/2025 19:30:56:512	UTIL	[42:42:3715346880]	INFO	o2o_msg_queue_t::o2o_msg_queue_t, notifier = 0x000055669abf7ba0, writer = 0x000055669ab71ff0[140693959061952], reader = 0x000055669abf3440[140693708195520], capacity = 65536, mode = 1, this = 0x000055669ac00ac0
11/10/2025 19:30:56:512	UTIL	[42:42:3715346880]	INFO	thread_wrapper_t::bind_queue  , self_id = 140693959061952, bind_thr = 0x000055669abf3440[140693708195520], r_queue = 0x000055669ac008e8, w_queue = 0x000055669ac00b30, this = 0x000055669ab71ff0
11/10/2025 19:30:56:512	UTIL	[42:42:3715346880]	INFO	thread_wrapper_t::bind_queue  , self_id = 140693708195520, bind_thr = 0x000055669ab71ff0[140693959061952], r_queue = 0x000055669ac00b28, w_queue = 0x000055669ac008f0, this = 0x000055669abf3440
11/10/2025 19:30:56:512	UTIL	[42:42:3715346880]	INFO	thread_wrapper_t::create_channel(), bind_thr = 0x000055669abb1cd0[140693859198656], read_capacity = 65536, write_capacity = 65536, this = 0x000055669abf3440
11/10/2025 19:30:56:512	UTIL	[42:42:3715346880]	INFO	o2o_msg_queue_t::o2o_msg_queue_t, notifier = 0x000055669abafab0, writer = 0x000055669abf3440[140693708195520], reader = 0x000055669abb1cd0[140693859198656], capacity = 65536, mode = 1, this = 0x000055669ac01160
11/10/2025 19:30:56:512	UTIL	[42:42:3715346880]	INFO	o2o_msg_queue_t::o2o_msg_queue_t, notifier = 0x000055669abf7ba0, writer = 0x000055669abb1cd0[140693859198656], reader = 0x000055669abf3440[140693708195520], capacity = 65536, mode = 1, this = 0x000055669ac013a0
11/10/2025 19:30:56:512	UTIL	[42:42:3715346880]	INFO	thread_wrapper_t::send_ctrl_msg msg = 0x000055669ac015e0, (uint64_t)m_id = 0, timeout = -1, this = 0x000055669abf3440
11/10/2025 19:30:56:512	UTIL	[42:57:3464480448]	INFO	poll_t::loop () begin, working = 0x000055669abf3440, this = 0x000055669abf7e00
11/10/2025 19:30:56:512	UTIL	[42:57:3464480448]	INFO	thread_io_t::init_tls() thread_id = 140693708195520, this = 0x000055669abf3410
11/10/2025 19:30:56:512	UTIL	[42:57:3464480448]	INFO	thread_wrapper_t::init_tls(), m_thread_manager = 0x000055669ab69100, this = 0x000055669abf3440
11/10/2025 19:30:56:512	UTIL	[42:57:3464480448]	INFO	thread_mgr_t::register_tls, thr = 0x000055669abf3440, tls = true, this = 0x000055669ab69100
11/10/2025 19:30:56:512	UTIL	[42:57:3464480448]	INFO	thread_wrapper_t::start_alive_check() timer = 0x0000000000000000, m_interact_timer = true, this = 0x000055669abf3440
11/10/2025 19:30:56:512	UTIL	[42:57:3464480448]	INFO	timer_queue_t::timer_queue_t() , sink = 0x000055669abf3478, min_interval = 204800, this = 0x00007ff5a4001070
11/10/2025 19:30:56:512	UTIL	[42:57:3464480448]	INFO	thread_wrapper_t::create_ch_msg_t::on_message from = 0x000055669abf3440, to = 0x000055669abb1cd0, this = 0x000055669ac015e0
11/10/2025 19:30:56:512	UTIL	[42:57:3464480448]	INFO	thread_wrapper_t::bind_queue  , self_id = 140693859198656, bind_thr = 0x000055669abf3440[140693708195520], r_queue = 0x000055669ac011c8, w_queue = 0x000055669ac01410, this = 0x000055669abb1cd0
11/10/2025 19:30:56:512	UTIL	[42:42:3715346880]	INFO	thread_wrapper_t::bind_queue  , self_id = 140693708195520, bind_thr = 0x000055669abb1cd0[140693859198656], r_queue = 0x000055669ac01408, w_queue = 0x000055669ac011d0, this = 0x000055669abf3440
11/10/2025 19:30:56:512	UTIL	[42:42:3715346880]	INFO	thread_wrapper_t::create_channel(), bind_thr = 0x000055669abe46e0[140693716588224], read_capacity = 65536, write_capacity = 65536, this = 0x000055669abf3440
11/10/2025 19:30:56:520	UTIL	[42:42:3715346880]	INFO	o2o_msg_queue_t::o2o_msg_queue_t, notifier = 0x000055669ab98140, writer = 0x000055669abf3440[140693708195520], reader = 0x000055669abe46e0[140693716588224], capacity = 65536, mode = 1, this = 0x000055669ac01aa0
11/10/2025 19:30:56:522	UTIL	[42:42:3715346880]	INFO	o2o_msg_queue_t::o2o_msg_queue_t, notifier = 0x000055669abf7ba0, writer = 0x000055669abe46e0[140693716588224], reader = 0x000055669abf3440[140693708195520], capacity = 65536, mode = 1, this = 0x000055669ac01ce0
11/10/2025 19:30:56:522	UTIL	[42:42:3715346880]	INFO	thread_wrapper_t::send_ctrl_msg msg = 0x000055669ac01f20, (uint64_t)m_id = 140693708195520, timeout = -1, this = 0x000055669abf3440
11/10/2025 19:30:56:523	UTIL	[42:57:3464480448]	INFO	thread_wrapper_t::create_ch_msg_t::on_message from = 0x000055669abf3440, to = 0x000055669abe46e0, this = 0x000055669ac01f20
11/10/2025 19:30:56:523	UTIL	[42:57:3464480448]	INFO	thread_wrapper_t::bind_queue  , self_id = 140693716588224, bind_thr = 0x000055669abf3440[140693708195520], r_queue = 0x000055669ac01b08, w_queue = 0x000055669ac01d50, this = 0x000055669abe46e0
11/10/2025 19:30:56:523	UTIL	[42:42:3715346880]	INFO	thread_wrapper_t::bind_queue  , self_id = 140693708195520, bind_thr = 0x000055669abe46e0[140693716588224], r_queue = 0x000055669ac01d48, w_queue = 0x000055669ac01b10, this = 0x000055669abf3440
11/10/2025 19:30:56:523	UTIL	[42:42:3715346880]	INFO	thread_wrapper_t::create_channel(), bind_thr = 0x000055669abf3440[140693708195520], read_capacity = 65536, write_capacity = 65536, this = 0x000055669abf3440
11/10/2025 19:30:56:523	UTIL	[42:42:3715346880]	INFO	o2o_msg_queue_t::o2o_msg_queue_t, notifier = 0x000055669abf7ba0, writer = 0x000055669abf3440[140693708195520], reader = 0x000055669abf3440[140693708195520], capacity = 65536, mode = 1, this = 0x000055669ac023f0
11/10/2025 19:30:56:524	UTIL	[42:42:3715346880]	INFO	o2o_msg_queue_t::o2o_msg_queue_t, notifier = 0x000055669abf7ba0, writer = 0x000055669abf3440[140693708195520], reader = 0x000055669abf3440[140693708195520], capacity = 65536, mode = 1, this = 0x000055669ac02630
11/10/2025 19:30:56:524	UTIL	[42:42:3715346880]	INFO	thread_wrapper_t::send_ctrl_msg msg = 0x000055669ac02870, (uint64_t)m_id = 140693708195520, timeout = -1, this = 0x000055669abf3440
11/10/2025 19:30:56:524	UTIL	[42:57:3464480448]	INFO	thread_wrapper_t::create_ch_msg_t::on_message from = 0x000055669abf3440, to = 0x000055669abf3440, this = 0x000055669ac02870
11/10/2025 19:30:56:524	UTIL	[42:57:3464480448]	INFO	thread_wrapper_t::bind_queue  , self_id = 140693708195520, bind_thr = 0x000055669abf3440[140693708195520], r_queue = 0x000055669ac02458, w_queue = 0x000055669ac026a0, this = 0x000055669abf3440
11/10/2025 19:30:56:524	UTIL	[42:42:3715346880]	INFO	thread_wrapper_t::bind_queue  , self_id = 140693708195520, bind_thr = 0x000055669abf3440[140693708195520], r_queue = 0x000055669ac02698, w_queue = 0x000055669ac02460, this = 0x000055669abf3440
11/10/2025 19:30:56:524	UTIL	[42:42:3715346880]	INFO	thread_wrapper_t::bind_queue bind_thr = 0x000055669abf3440 already be existed, skip it, this = 0x000055669abf3440
11/10/2025 19:30:56:524	UTIL	[42:42:3715346880]	INFO	thread_wrapper_t::adjust_timer_precision, m_timer_precision = 50, new_timer_precision = 50, this = 0x000055669abf3440
11/10/2025 19:30:56:635	UTIL	[42:42:3715346880]	INFO	UTIL_INIT  refer times = 5, module_id = 5, UTIL has been built on:Sep 19 2025 at 06:33:56 on branch release-client-6.6.x with commit ID 2583f48484aeb604c472d0a89b4ddc1f55
11/10/2025 19:30:56:635	UTIL	[42:42:3715346880]	INFO	register_logger  module_id = 5, module_name = MCM, max_level = 31, logger = 0x0000000000000000, mode = 3
11/10/2025 19:30:56:742	UTIL	[42:42:3715346880]	INFO	register_logger  module_id = 6, module_name = NYDUS, max_level = 31, logger = 0x0000000000000000, mode = 3
11/10/2025 19:30:56:742	UTIL	[42:42:3715346880]	INFO	timer_it::timer_it id = 0, own_thr = 0x0000000000000000, this = 0x000055669ac06360
11/10/2025 19:30:56:742	UTIL	[42:42:3715346880]	INFO	timer_it::timer_it id = 0, own_thr = 0x0000000000000000, this = 0x000055669ac20090
11/10/2025 19:30:56:742	UTIL	[42:42:3715346880]	INFO	thread_mgr_t::spawn, mode = 00000008, w_queue_size = 8192, type = 1024, interact_timer = true, thr_name = , bind_mask = 4294967295, use_ext_timer_drv = false, notifier = 0x0000000000000000, this = 0x000055669ab69100
11/10/2025 19:30:56:742	UTIL	[42:42:3715346880]	INFO	thread_mgr_t::spawn already has an instance for the thread, return it directly, thread id = 140693959061952, this = 0x000055669ab69100
11/10/2025 19:30:56:931	UTIL	[42:42:3715346880]	INFO	timer_it::add_timer sink = 0x000055669ac348c8, interval = 12800, times = 0, is_exact = true, this = 0x000055669ac06360
11/10/2025 19:30:56:931	UTIL	[42:42:3715346880]	INFO	timer_it::add_timer sink = 0x000055669ac348c8, interval = 3840, times = 0, is_exact = true, this = 0x000055669ac20090
11/10/2025 19:31:52:059	UTIL	[42:42:3715346880]	INFO	mlog_file::init mid:1069 size:1048576 shmem:false ret:0 this:0x000055669acb9e68
11/10/2025 19:31:54:545	UTIL	[42:42:3715346880]	INFO	mlog_file::init mid:1027 size:1048576 shmem:false ret:0 this:0x000055669ad9e328
11/10/2025 19:31:54:693	UTIL	[42:42:3715346880]	INFO	mlog_file::init mid:1008 size:1048576 shmem:false ret:0 this:0x000055669ad9c748
11/10/2025 19:31:54:903	UTIL	[42:42:3715346880]	INFO	mlog_file::init mid:1030 size:1048576 shmem:false ret:0 this:0x000055669adb4ae8
