11/10/2025 19:18:54:690	UTIL	[46:46:1254519232]	INFO	thread_mgr_t ::thread_mgr_t(),Mon,10 Nov 2025 19:18:54 GMT, preset_owner_thr = false, this = 0x000055a3e86b30f0
11/10/2025 19:18:54:690	UTIL	[46:46:1254519232]	INFO	new_i8_allocator_t::new_i8_allocator_t, m_page_size = 4096, this = 0x000055a3e86aff00
11/10/2025 19:18:54:690	UTIL	[46:46:1254519232]	INFO	UTIL_INIT  refer , s_init_times = 1, module_id = 9, description = UTIL has been built on:Sep 19 2025 at 06:33:56 on branch release-client-6.6.x with commit ID 2583f48484aeb604c472d0a89b4ddc1f55, dir = , filename = , pext = log, max_size = 41943040, max_idx = 99
11/10/2025 19:18:54:690	UTIL	[46:46:1254519232]	INFO	set_timer_driver, setup_call = 0x00007f44663603b0, remove_call = 0x00007f4466360290
11/10/2025 19:18:54:690	UTIL	[46:46:1254519232]	INFO	thread_mgr_t::spawn, mode = 02000008, w_queue_size = 8192, type = 0, interact_timer = true, thr_name = , bind_mask = 4294967295, use_ext_timer_drv = true, notifier = 0x000055a3e86ae8f0, this = 0x000055a3e86b30f0
11/10/2025 19:18:54:690	UTIL	[46:46:1254519232]	INFO	thread_wrapper_t::thread_wrapper_t, mode = 02000008, id = 0, type = 0, thr_manager = 0x000055a3e86b30f0, waits = 0, interact_timer = true, m_timer_precision = 50, this = 0x000055a3e86a10a0
11/10/2025 19:18:54:690	UTIL	[46:46:1254519232]	INFO	msg_queue_t::msg_queue_t notifier = , notifier = 0x000055a3e86ae8f0, writer = 0x0000000000000000, capacity = 1024, mode = 0, this = 0x000055a3e86aeb10
11/10/2025 19:18:54:690	UTIL	[46:46:1254519232]	INFO	thread_wrapper_t::thread_wrapper_t ctrl queue size = 1024, this = 0x000055a3e86a10a0
11/10/2025 19:18:54:690	UTIL	[46:46:1254519232]	INFO	thread_wrapper_t::init_tls(), m_thread_manager = 0x000055a3e86b30f0, this = 0x000055a3e86a10a0
11/10/2025 19:18:54:690	UTIL	[46:46:1254519232]	INFO	thread_mgr_t::register_tls, thr = 0x000055a3e86a10a0, tls = true, this = 0x000055a3e86b30f0
11/10/2025 19:18:54:690	UTIL	[46:46:1254519232]	INFO	thread_wrapper_t::start_alive_check() timer = 0x0000000000000000, m_interact_timer = true, this = 0x000055a3e86a10a0
11/10/2025 19:18:54:690	UTIL	[46:46:1254519232]	INFO	timer_queue_t::timer_queue_t() , sink = 0x000055a3e86a10d8, min_interval = 204800, this = 0x000055a3e86bbb00
11/10/2025 19:18:54:690	UTIL	[46:46:1254519232]	INFO	thread_wrapper_t::open_notifier, waits = 0, m_notify = 0x000055a3e86ae8f0, this = 0x000055a3e86a10a0
11/10/2025 19:18:54:690	UTIL	[46:46:1254519232]	INFO	msg_queue_base_t::open_notifier, m_notifier = 0x000055a3e86ae8f0, notifier = 0x000055a3e86ae8f0, this = 0x000055a3e86aeb30
11/10/2025 19:18:54:690	UTIL	[46:46:1254519232]	INFO	thread_mgr_t::attach handle = 0x000055a3e86a10a0, thread_id = 139931289022912, owner_thr = 0x000055a3e86a10a0, owner_id = 139931289022912, queue_size = 8192, this = 0x000055a3e86b30f0
11/10/2025 19:18:54:690	UTIL	[46:46:1254519232]	INFO	thread_wrapper_t::create_channel(), bind_thr = 0x000055a3e86a10a0[139931289022912], read_capacity = 8192, write_capacity = 8192, this = 0x000055a3e86a10a0
11/10/2025 19:18:54:690	UTIL	[46:46:1254519232]	INFO	o2o_msg_queue_t::o2o_msg_queue_t, notifier = 0x000055a3e86ae8f0, writer = 0x000055a3e86a10a0[139931289022912], reader = 0x000055a3e86a10a0[139931289022912], capacity = 8192, mode = 0, this = 0x000055a3e86afd00
11/10/2025 19:18:54:690	UTIL	[46:46:1254519232]	INFO	o2o_msg_queue_t::o2o_msg_queue_t, notifier = 0x000055a3e86ae8f0, writer = 0x000055a3e86a10a0[139931289022912], reader = 0x000055a3e86a10a0[139931289022912], capacity = 8192, mode = 0, this = 0x000055a3e86b2e00
11/10/2025 19:18:54:690	UTIL	[46:46:1254519232]	INFO	thread_wrapper_t::bind_queue  , self_id = 139931289022912, bind_thr = 0x000055a3e86a10a0[139931289022912], r_queue = 0x000055a3e86afd68, w_queue = 0x000055a3e86b2e70, this = 0x000055a3e86a10a0
11/10/2025 19:18:54:690	UTIL	[46:46:1254519232]	INFO	thread_wrapper_t::bind_queue  , self_id = 139931289022912, bind_thr = 0x000055a3e86a10a0[139931289022912], r_queue = 0x000055a3e86b2e68, w_queue = 0x000055a3e86afd70, this = 0x000055a3e86a10a0
11/10/2025 19:18:54:690	UTIL	[46:46:1254519232]	INFO	thread_wrapper_t::bind_queue bind_thr = 0x000055a3e86a10a0 already be existed, skip it, this = 0x000055a3e86a10a0
11/10/2025 19:18:54:690	UTIL	[46:46:1254519232]	INFO	thread_wrapper_t::adjust_timer_precision, m_timer_precision = 50, new_timer_precision = 50, this = 0x000055a3e86a10a0
11/10/2025 19:18:54:690	UTIL	[46:46:1254519232]	INFO	register_logger  module_id = 1057, module_name = zoomtask, max_level = 31, logger = 0x0000000000000000, mode = 3
11/10/2025 19:18:54:800	UTIL	[46:46:1254519232]	INFO	UTIL_INIT  refer times = 2, module_id = 1057, UTIL has been built on:Sep 19 2025 at 06:33:56 on branch release-client-6.6.x with commit ID 2583f48484aeb604c472d0a89b4ddc1f55
11/10/2025 19:18:54:800	UTIL	[46:46:1254519232]	INFO	register_logger  module_id = 1057, module_name = ZoomTask, max_level = 31, logger = 0x0000000000000000, mode = 3
11/10/2025 19:18:54:802	UTIL	[46:46:1254519232]	INFO	UTIL_INIT  refer times = 3, module_id = 2, UTIL has been built on:Sep 19 2025 at 06:33:56 on branch release-client-6.6.x with commit ID 2583f48484aeb604c472d0a89b4ddc1f55
11/10/2025 19:18:54:803	UTIL	[46:46:1254519232]	INFO	timer_it::timer_it id = 0, own_thr = 0x0000000000000000, this = 0x000055a3e86b3848
11/10/2025 19:18:54:803	UTIL	[46:46:1254519232]	INFO	thread_mgr_t::spawn, mode = 01000004, w_queue_size = 0, type = 3, interact_timer = true, thr_name = zoom.dns, bind_mask = 0, use_ext_timer_drv = false, notifier = 0x0000000000000000, this = 0x000055a3e86b30f0
11/10/2025 19:18:54:803	UTIL	[46:46:1254519232]	INFO	thread_wrapper_t::thread_wrapper_t, mode = 01000004, id = 0, type = 3, thr_manager = 0x000055a3e86b30f0, waits = 1, interact_timer = true, m_timer_precision = 50, this = 0x000055a3e86fbdb0
11/10/2025 19:18:54:803	UTIL	[46:46:1254519232]	INFO	msg_queue_t::msg_queue_t notifier = , notifier = 0x0000000000000000, writer = 0x0000000000000000, capacity = 1024, mode = 1, this = 0x000055a3e86fc210
11/10/2025 19:18:54:803	UTIL	[46:46:1254519232]	INFO	thread_wrapper_t::thread_wrapper_t ctrl queue size = 1024, this = 0x000055a3e86fbdb0
11/10/2025 19:18:54:803	UTIL	[46:46:1254519232]	INFO	thread_io_t::thread_io_t(), mode = 01000004, type = 3, queue size = 0, this = 0x000055a3e86fbd80
11/10/2025 19:18:54:803	UTIL	[46:46:1254519232]	INFO	thread_io_t::open_notifier, waits = 1, this = 0x000055a3e86fbd80
11/10/2025 19:18:54:803	UTIL	[46:46:1254519232]	INFO	msg_queue_base_t::open_notifier, m_notifier = 0x0000000000000000, notifier = 0x000055a3e86f9b30, this = 0x000055a3e86fc230
11/10/2025 19:18:54:803	UTIL	[46:46:1254519232]	INFO	thread_io_t::thread_run(), id = 0, args = 0x0000000000000000, this = 0x000055a3e86fbd80
11/10/2025 19:18:54:803	UTIL	[46:46:1254519232]	INFO	io_repo_t::io_repo_t, m_working = 0x000055a3e86fbdb0, max_io_fds = 1024, this = 0x000055a3e87007d0
11/10/2025 19:18:54:803	UTIL	[46:46:1254519232]	INFO	notifier_handler_t::notifier_handler_t, io_container = 0x000055a3e87007d00x000055a3e86f9b30, this = 0x000055a3e8708960
11/10/2025 19:18:54:803	UTIL	[46:46:1254519232]	INFO	poll_t::poll_t register, fd = 11, es.first = 00000000000000000000000000000011, this = 0x000055a3e87007d0
11/10/2025 19:18:54:803	UTIL	[46:46:1254519232]	INFO	io_repo_t::start(), m_stop = true, this = 0x000055a3e87007d0
11/10/2025 19:18:54:803	UTIL	[46:46:1254519232]	INFO	thread_mgr_t::spawn only has control message queue for this thread, this = 0x000055a3e86b30f0
11/10/2025 19:18:54:803	UTIL	[46:46:1254519232]	FATAL	assert: msg[thread_wrapper_t::create_channel bind thread should valid!, bind_thr = 0x0000000000000000] file[/home/jenkins/agent/workspace/Client/Client/DMT/linux/release/tp_util/util/src/thread.cpp], line = [1122]
11/10/2025 19:18:54:804	UTIL	[46:46:1254519232]	INFO	thread_wrapper_t::adjust_timer_precision, m_timer_precision = 50, new_timer_precision = 50, this = 0x000055a3e86fbdb0
11/10/2025 19:18:54:804	UTIL	[46:46:1254519232]	INFO	timer_it::timer_it id = 0, own_thr = 0x0000000000000000, this = 0x000055a3e8709420
11/10/2025 19:18:54:804	UTIL	[46:46:1254519232]	INFO	timer_it::add_timer sink = 0x000055a3e86b3720, interval = 100, times = 0, is_exact = true, this = 0x000055a3e8709420
11/10/2025 19:18:54:804	UTIL	[46:52:1222203072]	INFO	poll_t::loop () begin, working = 0x000055a3e86fbdb0, this = 0x000055a3e87007d0
11/10/2025 19:18:54:804	UTIL	[46:52:1222203072]	INFO	thread_io_t::init_tls() thread_id = 139931256706752, this = 0x000055a3e86fbd80
11/10/2025 19:18:54:804	UTIL	[46:52:1222203072]	INFO	thread_wrapper_t::init_tls(), m_thread_manager = 0x000055a3e86b30f0, this = 0x000055a3e86fbdb0
11/10/2025 19:18:54:804	UTIL	[46:52:1222203072]	INFO	thread_mgr_t::register_tls, thr = 0x000055a3e86fbdb0, tls = true, this = 0x000055a3e86b30f0
11/10/2025 19:18:54:804	UTIL	[46:52:1222203072]	INFO	thread_wrapper_t::start_alive_check() timer = 0x0000000000000000, m_interact_timer = true, this = 0x000055a3e86fbdb0
11/10/2025 19:18:54:804	UTIL	[46:52:1222203072]	INFO	timer_queue_t::timer_queue_t() , sink = 0x000055a3e86fbde8, min_interval = 204800, this = 0x00007f4440001070
11/10/2025 19:18:54:805	UTIL	[46:46:1254519232]	INFO	UTIL_INIT  refer times = 4, module_id = 9, UTIL has been built on:Sep 19 2025 at 06:33:56 on branch release-client-6.6.x with commit ID 2583f48484aeb604c472d0a89b4ddc1f55
11/10/2025 19:18:54:807	UTIL	[46:46:1254519232]	INFO	thread_mgr_t::spawn, mode = 01000004, w_queue_size = 65536, type = 1027, interact_timer = true, thr_name = zoom.db, bind_mask = 4294967295, use_ext_timer_drv = false, notifier = 0x0000000000000000, this = 0x000055a3e86b30f0
11/10/2025 19:18:54:807	UTIL	[46:46:1254519232]	INFO	thread_wrapper_t::thread_wrapper_t, mode = 01000004, id = 0, type = 1027, thr_manager = 0x000055a3e86b30f0, waits = 1, interact_timer = true, m_timer_precision = 50, this = 0x000055a3e872e880
11/10/2025 19:18:54:807	UTIL	[46:46:1254519232]	INFO	msg_queue_t::msg_queue_t notifier = , notifier = 0x0000000000000000, writer = 0x0000000000000000, capacity = 1024, mode = 1, this = 0x000055a3e8722a30
11/10/2025 19:18:54:807	UTIL	[46:46:1254519232]	INFO	thread_wrapper_t::thread_wrapper_t ctrl queue size = 1024, this = 0x000055a3e872e880
11/10/2025 19:18:54:807	UTIL	[46:46:1254519232]	INFO	thread_io_t::thread_io_t(), mode = 01000004, type = 1027, queue size = 65536, this = 0x000055a3e872e850
11/10/2025 19:18:54:807	UTIL	[46:46:1254519232]	INFO	thread_io_t::open_notifier, waits = 1, this = 0x000055a3e872e850
11/10/2025 19:18:54:807	UTIL	[46:46:1254519232]	INFO	msg_queue_base_t::open_notifier, m_notifier = 0x0000000000000000, notifier = 0x000055a3e8732c40, this = 0x000055a3e8722a50
11/10/2025 19:18:54:807	UTIL	[46:46:1254519232]	INFO	thread_io_t::thread_run(), id = 0, args = 0x0000000000000000, this = 0x000055a3e872e850
11/10/2025 19:18:54:807	UTIL	[46:46:1254519232]	INFO	io_repo_t::io_repo_t, m_working = 0x000055a3e872e880, max_io_fds = 1024, this = 0x000055a3e8732e40
11/10/2025 19:18:54:807	UTIL	[46:46:1254519232]	INFO	notifier_handler_t::notifier_handler_t, io_container = 0x000055a3e8732e400x000055a3e8732c40, this = 0x000055a3e8724290
11/10/2025 19:18:54:807	UTIL	[46:46:1254519232]	INFO	poll_t::poll_t register, fd = 20, es.first = 00000000000000000000000000000011, this = 0x000055a3e8732e40
11/10/2025 19:18:54:807	UTIL	[46:46:1254519232]	INFO	io_repo_t::start(), m_stop = true, this = 0x000055a3e8732e40
11/10/2025 19:18:54:808	UTIL	[46:46:1254519232]	INFO	thread_mgr_t::attach handle = 0x000055a3e872e880, thread_id = 139930990778048, owner_thr = 0x000055a3e86a10a0, owner_id = 139931289022912, queue_size = 65536, this = 0x000055a3e86b30f0
11/10/2025 19:18:54:808	UTIL	[46:46:1254519232]	INFO	thread_wrapper_t::create_channel(), bind_thr = 0x000055a3e86a10a0[139931289022912], read_capacity = 65536, write_capacity = 65536, this = 0x000055a3e872e880
11/10/2025 19:18:54:808	UTIL	[46:46:1254519232]	INFO	o2o_msg_queue_t::o2o_msg_queue_t, notifier = 0x000055a3e86ae8f0, writer = 0x000055a3e872e880[139930990778048], reader = 0x000055a3e86a10a0[139931289022912], capacity = 65536, mode = 0, this = 0x000055a3e873b8c0
11/10/2025 19:18:54:808	UTIL	[46:46:1254519232]	INFO	o2o_msg_queue_t::o2o_msg_queue_t, notifier = 0x000055a3e8732c40, writer = 0x000055a3e86a10a0[139931289022912], reader = 0x000055a3e872e880[139930990778048], capacity = 65536, mode = 1, this = 0x000055a3e873bb00
11/10/2025 19:18:54:808	UTIL	[46:46:1254519232]	INFO	thread_wrapper_t::bind_queue  , self_id = 139931289022912, bind_thr = 0x000055a3e872e880[139930990778048], r_queue = 0x000055a3e873b928, w_queue = 0x000055a3e873bb70, this = 0x000055a3e86a10a0
11/10/2025 19:18:54:808	UTIL	[46:46:1254519232]	INFO	thread_wrapper_t::bind_queue  , self_id = 139930990778048, bind_thr = 0x000055a3e86a10a0[139931289022912], r_queue = 0x000055a3e873bb68, w_queue = 0x000055a3e873b930, this = 0x000055a3e872e880
11/10/2025 19:18:54:808	UTIL	[46:46:1254519232]	INFO	thread_wrapper_t::create_channel(), bind_thr = 0x000055a3e86fbdb0[139931256706752], read_capacity = 65536, write_capacity = 65536, this = 0x000055a3e872e880
11/10/2025 19:18:54:809	UTIL	[46:46:1254519232]	INFO	o2o_msg_queue_t::o2o_msg_queue_t, notifier = 0x000055a3e86f9b30, writer = 0x000055a3e872e880[139930990778048], reader = 0x000055a3e86fbdb0[139931256706752], capacity = 65536, mode = 1, this = 0x000055a3e873c1a0
11/10/2025 19:18:54:809	UTIL	[46:46:1254519232]	INFO	o2o_msg_queue_t::o2o_msg_queue_t, notifier = 0x000055a3e8732c40, writer = 0x000055a3e86fbdb0[139931256706752], reader = 0x000055a3e872e880[139930990778048], capacity = 65536, mode = 1, this = 0x000055a3e873c380
11/10/2025 19:18:54:809	UTIL	[46:46:1254519232]	INFO	thread_wrapper_t::send_ctrl_msg msg = 0x000055a3e873c5c0, (uint64_t)m_id = 0, timeout = -1, this = 0x000055a3e872e880
11/10/2025 19:18:54:809	UTIL	[46:60:956274368]	INFO	poll_t::loop () begin, working = 0x000055a3e872e880, this = 0x000055a3e8732e40
11/10/2025 19:18:54:809	UTIL	[46:60:956274368]	INFO	thread_io_t::init_tls() thread_id = 139930990778048, this = 0x000055a3e872e850
11/10/2025 19:18:54:809	UTIL	[46:60:956274368]	INFO	thread_wrapper_t::init_tls(), m_thread_manager = 0x000055a3e86b30f0, this = 0x000055a3e872e880
11/10/2025 19:18:54:809	UTIL	[46:60:956274368]	INFO	thread_mgr_t::register_tls, thr = 0x000055a3e872e880, tls = true, this = 0x000055a3e86b30f0
11/10/2025 19:18:54:809	UTIL	[46:60:956274368]	INFO	thread_wrapper_t::start_alive_check() timer = 0x0000000000000000, m_interact_timer = true, this = 0x000055a3e872e880
11/10/2025 19:18:54:809	UTIL	[46:60:956274368]	INFO	timer_queue_t::timer_queue_t() , sink = 0x000055a3e872e8b8, min_interval = 204800, this = 0x00007f441c001070
11/10/2025 19:18:54:809	UTIL	[46:60:956274368]	INFO	thread_wrapper_t::create_ch_msg_t::on_message from = 0x000055a3e872e880, to = 0x000055a3e86fbdb0, this = 0x000055a3e873c5c0
11/10/2025 19:18:54:809	UTIL	[46:60:956274368]	INFO	thread_wrapper_t::bind_queue  , self_id = 139931256706752, bind_thr = 0x000055a3e872e880[139930990778048], r_queue = 0x000055a3e873c208, w_queue = 0x000055a3e873c3f0, this = 0x000055a3e86fbdb0
11/10/2025 19:18:54:811	UTIL	[46:46:1254519232]	INFO	thread_wrapper_t::bind_queue  , self_id = 139930990778048, bind_thr = 0x000055a3e86fbdb0[139931256706752], r_queue = 0x000055a3e873c3e8, w_queue = 0x000055a3e873c210, this = 0x000055a3e872e880
11/10/2025 19:18:54:811	UTIL	[46:46:1254519232]	INFO	thread_wrapper_t::create_channel(), bind_thr = 0x000055a3e872e880[139930990778048], read_capacity = 65536, write_capacity = 65536, this = 0x000055a3e872e880
11/10/2025 19:18:54:812	UTIL	[46:46:1254519232]	INFO	o2o_msg_queue_t::o2o_msg_queue_t, notifier = 0x000055a3e8732c40, writer = 0x000055a3e872e880[139930990778048], reader = 0x000055a3e872e880[139930990778048], capacity = 65536, mode = 1, this = 0x000055a3e873ca20
11/10/2025 19:18:54:812	UTIL	[46:46:1254519232]	INFO	o2o_msg_queue_t::o2o_msg_queue_t, notifier = 0x000055a3e8732c40, writer = 0x000055a3e872e880[139930990778048], reader = 0x000055a3e872e880[139930990778048], capacity = 65536, mode = 1, this = 0x000055a3e873cc60
11/10/2025 19:18:54:812	UTIL	[46:46:1254519232]	INFO	thread_wrapper_t::send_ctrl_msg msg = 0x000055a3e873cea0, (uint64_t)m_id = 139930990778048, timeout = -1, this = 0x000055a3e872e880
11/10/2025 19:18:54:812	UTIL	[46:60:956274368]	INFO	thread_wrapper_t::create_ch_msg_t::on_message from = 0x000055a3e872e880, to = 0x000055a3e872e880, this = 0x000055a3e873cea0
11/10/2025 19:18:54:812	UTIL	[46:60:956274368]	INFO	thread_wrapper_t::bind_queue  , self_id = 139930990778048, bind_thr = 0x000055a3e872e880[139930990778048], r_queue = 0x000055a3e873ca88, w_queue = 0x000055a3e873ccd0, this = 0x000055a3e872e880
11/10/2025 19:18:54:812	UTIL	[46:46:1254519232]	INFO	thread_wrapper_t::bind_queue  , self_id = 139930990778048, bind_thr = 0x000055a3e872e880[139930990778048], r_queue = 0x000055a3e873ccc8, w_queue = 0x000055a3e873ca90, this = 0x000055a3e872e880
11/10/2025 19:18:54:812	UTIL	[46:46:1254519232]	INFO	thread_wrapper_t::bind_queue bind_thr = 0x000055a3e872e880 already be existed, skip it, this = 0x000055a3e872e880
11/10/2025 19:18:54:812	UTIL	[46:46:1254519232]	INFO	thread_wrapper_t::adjust_timer_precision, m_timer_precision = 50, new_timer_precision = 50, this = 0x000055a3e872e880
11/10/2025 19:18:54:812	UTIL	[46:46:1254519232]	INFO	thread_mgr_t::spawn, mode = 01000004, w_queue_size = 65536, type = 1028, interact_timer = true, thr_name = zoom.im.index, bind_mask = 4294967295, use_ext_timer_drv = false, notifier = 0x0000000000000000, this = 0x000055a3e86b30f0
11/10/2025 19:18:54:812	UTIL	[46:46:1254519232]	INFO	thread_wrapper_t::thread_wrapper_t, mode = 01000004, id = 0, type = 1028, thr_manager = 0x000055a3e86b30f0, waits = 1, interact_timer = true, m_timer_precision = 50, this = 0x000055a3e873d560
11/10/2025 19:18:54:812	UTIL	[46:46:1254519232]	INFO	msg_queue_t::msg_queue_t notifier = , notifier = 0x0000000000000000, writer = 0x0000000000000000, capacity = 1024, mode = 1, this = 0x000055a3e873d810
11/10/2025 19:18:54:812	UTIL	[46:46:1254519232]	INFO	thread_wrapper_t::thread_wrapper_t ctrl queue size = 1024, this = 0x000055a3e873d560
11/10/2025 19:18:54:812	UTIL	[46:46:1254519232]	INFO	thread_io_t::thread_io_t(), mode = 01000004, type = 1028, queue size = 65536, this = 0x000055a3e873d530
11/10/2025 19:18:54:812	UTIL	[46:46:1254519232]	INFO	thread_io_t::open_notifier, waits = 1, this = 0x000055a3e873d530
11/10/2025 19:18:54:812	UTIL	[46:46:1254519232]	INFO	msg_queue_base_t::open_notifier, m_notifier = 0x0000000000000000, notifier = 0x000055a3e8741cc0, this = 0x000055a3e873d830
11/10/2025 19:18:54:812	UTIL	[46:46:1254519232]	INFO	thread_io_t::thread_run(), id = 0, args = 0x0000000000000000, this = 0x000055a3e873d530
11/10/2025 19:18:54:812	UTIL	[46:46:1254519232]	INFO	io_repo_t::io_repo_t, m_working = 0x000055a3e873d560, max_io_fds = 1024, this = 0x000055a3e8741f20
11/10/2025 19:18:54:812	UTIL	[46:46:1254519232]	INFO	notifier_handler_t::notifier_handler_t, io_container = 0x000055a3e8741f200x000055a3e8741cc0, this = 0x000055a3e8709f90
11/10/2025 19:18:54:812	UTIL	[46:46:1254519232]	INFO	poll_t::poll_t register, fd = 22, es.first = 00000000000000000000000000000011, this = 0x000055a3e8741f20
11/10/2025 19:18:54:812	UTIL	[46:46:1254519232]	INFO	io_repo_t::start(), m_stop = true, this = 0x000055a3e8741f20
11/10/2025 19:18:54:813	UTIL	[46:46:1254519232]	INFO	thread_mgr_t::attach handle = 0x000055a3e873d560, thread_id = 139930906916544, owner_thr = 0x000055a3e86a10a0, owner_id = 139931289022912, queue_size = 65536, this = 0x000055a3e86b30f0
11/10/2025 19:18:54:813	UTIL	[46:46:1254519232]	INFO	thread_wrapper_t::create_channel(), bind_thr = 0x000055a3e86a10a0[139931289022912], read_capacity = 65536, write_capacity = 65536, this = 0x000055a3e873d560
11/10/2025 19:18:54:813	UTIL	[46:46:1254519232]	INFO	o2o_msg_queue_t::o2o_msg_queue_t, notifier = 0x000055a3e86ae8f0, writer = 0x000055a3e873d560[139930906916544], reader = 0x000055a3e86a10a0[139931289022912], capacity = 65536, mode = 0, this = 0x000055a3e874a9a0
11/10/2025 19:18:54:813	UTIL	[46:46:1254519232]	INFO	o2o_msg_queue_t::o2o_msg_queue_t, notifier = 0x000055a3e8741cc0, writer = 0x000055a3e86a10a0[139931289022912], reader = 0x000055a3e873d560[139930906916544], capacity = 65536, mode = 1, this = 0x000055a3e874abe0
11/10/2025 19:18:54:813	UTIL	[46:46:1254519232]	INFO	thread_wrapper_t::bind_queue  , self_id = 139931289022912, bind_thr = 0x000055a3e873d560[139930906916544], r_queue = 0x000055a3e874aa08, w_queue = 0x000055a3e874ac50, this = 0x000055a3e86a10a0
11/10/2025 19:18:54:813	UTIL	[46:46:1254519232]	INFO	thread_wrapper_t::bind_queue  , self_id = 139930906916544, bind_thr = 0x000055a3e86a10a0[139931289022912], r_queue = 0x000055a3e874ac48, w_queue = 0x000055a3e874aa10, this = 0x000055a3e873d560
11/10/2025 19:18:54:813	UTIL	[46:46:1254519232]	INFO	thread_wrapper_t::create_channel(), bind_thr = 0x000055a3e86fbdb0[139931256706752], read_capacity = 65536, write_capacity = 65536, this = 0x000055a3e873d560
11/10/2025 19:18:54:813	UTIL	[46:46:1254519232]	INFO	o2o_msg_queue_t::o2o_msg_queue_t, notifier = 0x000055a3e86f9b30, writer = 0x000055a3e873d560[139930906916544], reader = 0x000055a3e86fbdb0[139931256706752], capacity = 65536, mode = 1, this = 0x000055a3e874b280
11/10/2025 19:18:54:813	UTIL	[46:46:1254519232]	INFO	o2o_msg_queue_t::o2o_msg_queue_t, notifier = 0x000055a3e8741cc0, writer = 0x000055a3e86fbdb0[139931256706752], reader = 0x000055a3e873d560[139930906916544], capacity = 65536, mode = 1, this = 0x000055a3e874b4c0
11/10/2025 19:18:54:813	UTIL	[46:46:1254519232]	INFO	thread_wrapper_t::send_ctrl_msg msg = 0x000055a3e874b700, (uint64_t)m_id = 0, timeout = -1, this = 0x000055a3e873d560
11/10/2025 19:18:54:813	UTIL	[46:61:872412864]	INFO	poll_t::loop () begin, working = 0x000055a3e873d560, this = 0x000055a3e8741f20
11/10/2025 19:18:54:813	UTIL	[46:61:872412864]	INFO	thread_io_t::init_tls() thread_id = 139930906916544, this = 0x000055a3e873d530
11/10/2025 19:18:54:813	UTIL	[46:61:872412864]	INFO	thread_wrapper_t::init_tls(), m_thread_manager = 0x000055a3e86b30f0, this = 0x000055a3e873d560
11/10/2025 19:18:54:813	UTIL	[46:61:872412864]	INFO	thread_mgr_t::register_tls, thr = 0x000055a3e873d560, tls = true, this = 0x000055a3e86b30f0
11/10/2025 19:18:54:813	UTIL	[46:61:872412864]	INFO	thread_wrapper_t::start_alive_check() timer = 0x0000000000000000, m_interact_timer = true, this = 0x000055a3e873d560
11/10/2025 19:18:54:813	UTIL	[46:61:872412864]	INFO	timer_queue_t::timer_queue_t() , sink = 0x000055a3e873d598, min_interval = 204800, this = 0x00007f4410001070
11/10/2025 19:18:54:813	UTIL	[46:61:872412864]	INFO	thread_wrapper_t::create_ch_msg_t::on_message from = 0x000055a3e873d560, to = 0x000055a3e86fbdb0, this = 0x000055a3e874b700
11/10/2025 19:18:54:813	UTIL	[46:61:872412864]	INFO	thread_wrapper_t::bind_queue  , self_id = 139931256706752, bind_thr = 0x000055a3e873d560[139930906916544], r_queue = 0x000055a3e874b2e8, w_queue = 0x000055a3e874b530, this = 0x000055a3e86fbdb0
11/10/2025 19:18:54:815	UTIL	[46:46:1254519232]	INFO	thread_wrapper_t::bind_queue  , self_id = 139930906916544, bind_thr = 0x000055a3e86fbdb0[139931256706752], r_queue = 0x000055a3e874b528, w_queue = 0x000055a3e874b2f0, this = 0x000055a3e873d560
11/10/2025 19:18:54:815	UTIL	[46:46:1254519232]	INFO	thread_wrapper_t::create_channel(), bind_thr = 0x000055a3e872e880[139930990778048], read_capacity = 65536, write_capacity = 65536, this = 0x000055a3e873d560
11/10/2025 19:18:54:815	UTIL	[46:46:1254519232]	INFO	o2o_msg_queue_t::o2o_msg_queue_t, notifier = 0x000055a3e8732c40, writer = 0x000055a3e873d560[139930906916544], reader = 0x000055a3e872e880[139930990778048], capacity = 65536, mode = 1, this = 0x000055a3e874bbc0
11/10/2025 19:18:54:815	UTIL	[46:46:1254519232]	INFO	o2o_msg_queue_t::o2o_msg_queue_t, notifier = 0x000055a3e8741cc0, writer = 0x000055a3e872e880[139930990778048], reader = 0x000055a3e873d560[139930906916544], capacity = 65536, mode = 1, this = 0x000055a3e874be00
11/10/2025 19:18:54:815	UTIL	[46:46:1254519232]	INFO	thread_wrapper_t::send_ctrl_msg msg = 0x000055a3e874c040, (uint64_t)m_id = 139930906916544, timeout = -1, this = 0x000055a3e873d560
11/10/2025 19:18:54:816	UTIL	[46:61:872412864]	INFO	thread_wrapper_t::create_ch_msg_t::on_message from = 0x000055a3e873d560, to = 0x000055a3e872e880, this = 0x000055a3e874c040
11/10/2025 19:18:54:816	UTIL	[46:61:872412864]	INFO	thread_wrapper_t::bind_queue  , self_id = 139930990778048, bind_thr = 0x000055a3e873d560[139930906916544], r_queue = 0x000055a3e874bc28, w_queue = 0x000055a3e874be70, this = 0x000055a3e872e880
11/10/2025 19:18:54:816	UTIL	[46:46:1254519232]	INFO	thread_wrapper_t::bind_queue  , self_id = 139930906916544, bind_thr = 0x000055a3e872e880[139930990778048], r_queue = 0x000055a3e874be68, w_queue = 0x000055a3e874bc30, this = 0x000055a3e873d560
11/10/2025 19:18:54:816	UTIL	[46:46:1254519232]	INFO	thread_wrapper_t::create_channel(), bind_thr = 0x000055a3e873d560[139930906916544], read_capacity = 65536, write_capacity = 65536, this = 0x000055a3e873d560
11/10/2025 19:18:54:816	UTIL	[46:46:1254519232]	INFO	o2o_msg_queue_t::o2o_msg_queue_t, notifier = 0x000055a3e8741cc0, writer = 0x000055a3e873d560[139930906916544], reader = 0x000055a3e873d560[139930906916544], capacity = 65536, mode = 1, this = 0x000055a3e874c490
11/10/2025 19:18:54:816	UTIL	[46:46:1254519232]	INFO	o2o_msg_queue_t::o2o_msg_queue_t, notifier = 0x000055a3e8741cc0, writer = 0x000055a3e873d560[139930906916544], reader = 0x000055a3e873d560[139930906916544], capacity = 65536, mode = 1, this = 0x000055a3e874c6d0
11/10/2025 19:18:54:816	UTIL	[46:46:1254519232]	INFO	thread_wrapper_t::send_ctrl_msg msg = 0x000055a3e874c910, (uint64_t)m_id = 139930906916544, timeout = -1, this = 0x000055a3e873d560
11/10/2025 19:18:54:816	UTIL	[46:61:872412864]	INFO	thread_wrapper_t::create_ch_msg_t::on_message from = 0x000055a3e873d560, to = 0x000055a3e873d560, this = 0x000055a3e874c910
11/10/2025 19:18:54:816	UTIL	[46:61:872412864]	INFO	thread_wrapper_t::bind_queue  , self_id = 139930906916544, bind_thr = 0x000055a3e873d560[139930906916544], r_queue = 0x000055a3e874c4f8, w_queue = 0x000055a3e874c740, this = 0x000055a3e873d560
11/10/2025 19:18:54:816	UTIL	[46:46:1254519232]	INFO	thread_wrapper_t::bind_queue  , self_id = 139930906916544, bind_thr = 0x000055a3e873d560[139930906916544], r_queue = 0x000055a3e874c738, w_queue = 0x000055a3e874c500, this = 0x000055a3e873d560
11/10/2025 19:18:54:816	UTIL	[46:46:1254519232]	INFO	thread_wrapper_t::bind_queue bind_thr = 0x000055a3e873d560 already be existed, skip it, this = 0x000055a3e873d560
11/10/2025 19:18:54:816	UTIL	[46:46:1254519232]	INFO	thread_wrapper_t::adjust_timer_precision, m_timer_precision = 50, new_timer_precision = 50, this = 0x000055a3e873d560
11/10/2025 19:18:55:197	UTIL	[46:46:1254519232]	INFO	UTIL_INIT  refer times = 5, module_id = 5, UTIL has been built on:Sep 19 2025 at 06:33:56 on branch release-client-6.6.x with commit ID 2583f48484aeb604c472d0a89b4ddc1f55
11/10/2025 19:18:55:197	UTIL	[46:46:1254519232]	INFO	register_logger  module_id = 5, module_name = MCM, max_level = 31, logger = 0x0000000000000000, mode = 3
11/10/2025 19:18:55:794	UTIL	[46:46:1254519232]	INFO	register_logger  module_id = 6, module_name = NYDUS, max_level = 31, logger = 0x0000000000000000, mode = 3
11/10/2025 19:18:55:794	UTIL	[46:46:1254519232]	INFO	timer_it::timer_it id = 0, own_thr = 0x0000000000000000, this = 0x000055a3e8768660
11/10/2025 19:18:55:794	UTIL	[46:46:1254519232]	INFO	timer_it::timer_it id = 0, own_thr = 0x0000000000000000, this = 0x000055a3e87686f0
11/10/2025 19:18:55:794	UTIL	[46:46:1254519232]	INFO	thread_mgr_t::spawn, mode = 00000008, w_queue_size = 8192, type = 1024, interact_timer = true, thr_name = , bind_mask = 4294967295, use_ext_timer_drv = false, notifier = 0x0000000000000000, this = 0x000055a3e86b30f0
11/10/2025 19:18:55:794	UTIL	[46:46:1254519232]	INFO	thread_mgr_t::spawn already has an instance for the thread, return it directly, thread id = 139931289022912, this = 0x000055a3e86b30f0
11/10/2025 19:18:56:215	UTIL	[46:46:1254519232]	INFO	timer_it::add_timer sink = 0x000055a3e8771068, interval = 12800, times = 0, is_exact = true, this = 0x000055a3e8768660
11/10/2025 19:18:56:215	UTIL	[46:46:1254519232]	INFO	timer_it::add_timer sink = 0x000055a3e8771068, interval = 3840, times = 0, is_exact = true, this = 0x000055a3e87686f0
11/10/2025 19:19:54:363	UTIL	[46:46:1254519232]	INFO	mlog_file::init mid:1069 size:1048576 shmem:false ret:0 this:0x000055a3e86cfd88
11/10/2025 19:19:57:305	UTIL	[46:46:1254519232]	INFO	mlog_file::init mid:1027 size:1048576 shmem:false ret:0 this:0x000055a3e874a0b8
11/10/2025 19:19:57:564	UTIL	[46:46:1254519232]	INFO	mlog_file::init mid:1008 size:1048576 shmem:false ret:0 this:0x000055a3e88115f8
11/10/2025 19:19:58:096	UTIL	[46:46:1254519232]	INFO	mlog_file::init mid:1030 size:1048576 shmem:false ret:0 this:0x000055a3e88ffd78
