11/10/2025 19:19:06:132	UTIL	[46:46:3457061312]	INFO	thread_mgr_t ::thread_mgr_t(),Mon,10 Nov 2025 19:19:06 GMT, preset_owner_thr = false, this = 0x0000562a5772d0f0
11/10/2025 19:19:06:132	UTIL	[46:46:3457061312]	INFO	new_i8_allocator_t::new_i8_allocator_t, m_page_size = 4096, this = 0x0000562a57729f00
11/10/2025 19:19:06:132	UTIL	[46:46:3457061312]	INFO	UTIL_INIT  refer , s_init_times = 1, module_id = 9, description = UTIL has been built on:Sep 19 2025 at 06:33:56 on branch release-client-6.6.x with commit ID 2583f48484aeb604c472d0a89b4ddc1f55, dir = , filename = , pext = log, max_size = 41943040, max_idx = 99
11/10/2025 19:19:06:133	UTIL	[46:46:3457061312]	INFO	set_timer_driver, setup_call = 0x00007f49e99603b0, remove_call = 0x00007f49e9960290
11/10/2025 19:19:06:133	UTIL	[46:46:3457061312]	INFO	thread_mgr_t::spawn, mode = 02000008, w_queue_size = 8192, type = 0, interact_timer = true, thr_name = , bind_mask = 4294967295, use_ext_timer_drv = true, notifier = 0x0000562a577288f0, this = 0x0000562a5772d0f0
11/10/2025 19:19:06:133	UTIL	[46:46:3457061312]	INFO	thread_wrapper_t::thread_wrapper_t, mode = 02000008, id = 0, type = 0, thr_manager = 0x0000562a5772d0f0, waits = 0, interact_timer = true, m_timer_precision = 50, this = 0x0000562a5771b0a0
11/10/2025 19:19:06:133	UTIL	[46:46:3457061312]	INFO	msg_queue_t::msg_queue_t notifier = , notifier = 0x0000562a577288f0, writer = 0x0000000000000000, capacity = 1024, mode = 0, this = 0x0000562a57728b10
11/10/2025 19:19:06:133	UTIL	[46:46:3457061312]	INFO	thread_wrapper_t::thread_wrapper_t ctrl queue size = 1024, this = 0x0000562a5771b0a0
11/10/2025 19:19:06:133	UTIL	[46:46:3457061312]	INFO	thread_wrapper_t::init_tls(), m_thread_manager = 0x0000562a5772d0f0, this = 0x0000562a5771b0a0
11/10/2025 19:19:06:133	UTIL	[46:46:3457061312]	INFO	thread_mgr_t::register_tls, thr = 0x0000562a5771b0a0, tls = true, this = 0x0000562a5772d0f0
11/10/2025 19:19:06:133	UTIL	[46:46:3457061312]	INFO	thread_wrapper_t::start_alive_check() timer = 0x0000000000000000, m_interact_timer = true, this = 0x0000562a5771b0a0
11/10/2025 19:19:06:133	UTIL	[46:46:3457061312]	INFO	timer_queue_t::timer_queue_t() , sink = 0x0000562a5771b0d8, min_interval = 204800, this = 0x0000562a57735b00
11/10/2025 19:19:06:133	UTIL	[46:46:3457061312]	INFO	thread_wrapper_t::open_notifier, waits = 0, m_notify = 0x0000562a577288f0, this = 0x0000562a5771b0a0
11/10/2025 19:19:06:133	UTIL	[46:46:3457061312]	INFO	msg_queue_base_t::open_notifier, m_notifier = 0x0000562a577288f0, notifier = 0x0000562a577288f0, this = 0x0000562a57728b30
11/10/2025 19:19:06:133	UTIL	[46:46:3457061312]	INFO	thread_mgr_t::attach handle = 0x0000562a5771b0a0, thread_id = 139954966401472, owner_thr = 0x0000562a5771b0a0, owner_id = 139954966401472, queue_size = 8192, this = 0x0000562a5772d0f0
11/10/2025 19:19:06:133	UTIL	[46:46:3457061312]	INFO	thread_wrapper_t::create_channel(), bind_thr = 0x0000562a5771b0a0[139954966401472], read_capacity = 8192, write_capacity = 8192, this = 0x0000562a5771b0a0
11/10/2025 19:19:06:134	UTIL	[46:46:3457061312]	INFO	o2o_msg_queue_t::o2o_msg_queue_t, notifier = 0x0000562a577288f0, writer = 0x0000562a5771b0a0[139954966401472], reader = 0x0000562a5771b0a0[139954966401472], capacity = 8192, mode = 0, this = 0x0000562a57729d00
11/10/2025 19:19:06:134	UTIL	[46:46:3457061312]	INFO	o2o_msg_queue_t::o2o_msg_queue_t, notifier = 0x0000562a577288f0, writer = 0x0000562a5771b0a0[139954966401472], reader = 0x0000562a5771b0a0[139954966401472], capacity = 8192, mode = 0, this = 0x0000562a5772ce00
11/10/2025 19:19:06:134	UTIL	[46:46:3457061312]	INFO	thread_wrapper_t::bind_queue  , self_id = 139954966401472, bind_thr = 0x0000562a5771b0a0[139954966401472], r_queue = 0x0000562a57729d68, w_queue = 0x0000562a5772ce70, this = 0x0000562a5771b0a0
11/10/2025 19:19:06:134	UTIL	[46:46:3457061312]	INFO	thread_wrapper_t::bind_queue  , self_id = 139954966401472, bind_thr = 0x0000562a5771b0a0[139954966401472], r_queue = 0x0000562a5772ce68, w_queue = 0x0000562a57729d70, this = 0x0000562a5771b0a0
11/10/2025 19:19:06:134	UTIL	[46:46:3457061312]	INFO	thread_wrapper_t::bind_queue bind_thr = 0x0000562a5771b0a0 already be existed, skip it, this = 0x0000562a5771b0a0
11/10/2025 19:19:06:134	UTIL	[46:46:3457061312]	INFO	thread_wrapper_t::adjust_timer_precision, m_timer_precision = 50, new_timer_precision = 50, this = 0x0000562a5771b0a0
11/10/2025 19:19:06:134	UTIL	[46:46:3457061312]	INFO	register_logger  module_id = 1057, module_name = zoomtask, max_level = 31, logger = 0x0000000000000000, mode = 3
11/10/2025 19:19:06:357	UTIL	[46:46:3457061312]	INFO	UTIL_INIT  refer times = 2, module_id = 1057, UTIL has been built on:Sep 19 2025 at 06:33:56 on branch release-client-6.6.x with commit ID 2583f48484aeb604c472d0a89b4ddc1f55
11/10/2025 19:19:06:357	UTIL	[46:46:3457061312]	INFO	register_logger  module_id = 1057, module_name = ZoomTask, max_level = 31, logger = 0x0000000000000000, mode = 3
11/10/2025 19:19:06:360	UTIL	[46:46:3457061312]	INFO	UTIL_INIT  refer times = 3, module_id = 2, UTIL has been built on:Sep 19 2025 at 06:33:56 on branch release-client-6.6.x with commit ID 2583f48484aeb604c472d0a89b4ddc1f55
11/10/2025 19:19:06:361	UTIL	[46:46:3457061312]	INFO	timer_it::timer_it id = 0, own_thr = 0x0000000000000000, this = 0x0000562a5772d848
11/10/2025 19:19:06:361	UTIL	[46:46:3457061312]	INFO	thread_mgr_t::spawn, mode = 01000004, w_queue_size = 0, type = 3, interact_timer = true, thr_name = zoom.dns, bind_mask = 0, use_ext_timer_drv = false, notifier = 0x0000000000000000, this = 0x0000562a5772d0f0
11/10/2025 19:19:06:361	UTIL	[46:46:3457061312]	INFO	thread_wrapper_t::thread_wrapper_t, mode = 01000004, id = 0, type = 3, thr_manager = 0x0000562a5772d0f0, waits = 1, interact_timer = true, m_timer_precision = 50, this = 0x0000562a57775d50
11/10/2025 19:19:06:361	UTIL	[46:46:3457061312]	INFO	msg_queue_t::msg_queue_t notifier = , notifier = 0x0000000000000000, writer = 0x0000000000000000, capacity = 1024, mode = 1, this = 0x0000562a577761b0
11/10/2025 19:19:06:361	UTIL	[46:46:3457061312]	INFO	thread_wrapper_t::thread_wrapper_t ctrl queue size = 1024, this = 0x0000562a57775d50
11/10/2025 19:19:06:361	UTIL	[46:46:3457061312]	INFO	thread_io_t::thread_io_t(), mode = 01000004, type = 3, queue size = 0, this = 0x0000562a57775d20
11/10/2025 19:19:06:361	UTIL	[46:46:3457061312]	INFO	thread_io_t::open_notifier, waits = 1, this = 0x0000562a57775d20
11/10/2025 19:19:06:361	UTIL	[46:46:3457061312]	INFO	msg_queue_base_t::open_notifier, m_notifier = 0x0000000000000000, notifier = 0x0000562a57773ad0, this = 0x0000562a577761d0
11/10/2025 19:19:06:361	UTIL	[46:46:3457061312]	INFO	thread_io_t::thread_run(), id = 0, args = 0x0000000000000000, this = 0x0000562a57775d20
11/10/2025 19:19:06:361	UTIL	[46:46:3457061312]	INFO	io_repo_t::io_repo_t, m_working = 0x0000562a57775d50, max_io_fds = 1024, this = 0x0000562a5777a770
11/10/2025 19:19:06:361	UTIL	[46:46:3457061312]	INFO	notifier_handler_t::notifier_handler_t, io_container = 0x0000562a5777a7700x0000562a57773ad0, this = 0x0000562a57782900
11/10/2025 19:19:06:361	UTIL	[46:46:3457061312]	INFO	poll_t::poll_t register, fd = 11, es.first = 00000000000000000000000000000011, this = 0x0000562a5777a770
11/10/2025 19:19:06:361	UTIL	[46:46:3457061312]	INFO	io_repo_t::start(), m_stop = true, this = 0x0000562a5777a770
11/10/2025 19:19:06:363	UTIL	[46:46:3457061312]	INFO	thread_mgr_t::spawn only has control message queue for this thread, this = 0x0000562a5772d0f0
11/10/2025 19:19:06:363	UTIL	[46:46:3457061312]	FATAL	assert: msg[thread_wrapper_t::create_channel bind thread should valid!, bind_thr = 0x0000000000000000] file[/home/jenkins/agent/workspace/Client/Client/DMT/linux/release/tp_util/util/src/thread.cpp], line = [1122]
11/10/2025 19:19:06:363	UTIL	[46:46:3457061312]	INFO	thread_wrapper_t::adjust_timer_precision, m_timer_precision = 50, new_timer_precision = 50, this = 0x0000562a57775d50
11/10/2025 19:19:06:363	UTIL	[46:46:3457061312]	INFO	timer_it::timer_it id = 0, own_thr = 0x0000000000000000, this = 0x0000562a57783360
11/10/2025 19:19:06:363	UTIL	[46:46:3457061312]	INFO	timer_it::add_timer sink = 0x0000562a5772d720, interval = 100, times = 0, is_exact = true, this = 0x0000562a57783360
11/10/2025 19:19:06:363	UTIL	[46:52:3355440832]	INFO	poll_t::loop () begin, working = 0x0000562a57775d50, this = 0x0000562a5777a770
11/10/2025 19:19:06:364	UTIL	[46:52:3355440832]	INFO	thread_io_t::init_tls() thread_id = 139954864780992, this = 0x0000562a57775d20
11/10/2025 19:19:06:364	UTIL	[46:52:3355440832]	INFO	thread_wrapper_t::init_tls(), m_thread_manager = 0x0000562a5772d0f0, this = 0x0000562a57775d50
11/10/2025 19:19:06:364	UTIL	[46:52:3355440832]	INFO	thread_mgr_t::register_tls, thr = 0x0000562a57775d50, tls = true, this = 0x0000562a5772d0f0
11/10/2025 19:19:06:364	UTIL	[46:52:3355440832]	INFO	thread_wrapper_t::start_alive_check() timer = 0x0000000000000000, m_interact_timer = true, this = 0x0000562a57775d50
11/10/2025 19:19:06:364	UTIL	[46:52:3355440832]	INFO	timer_queue_t::timer_queue_t() , sink = 0x0000562a57775d88, min_interval = 204800, this = 0x00007f49bc001070
11/10/2025 19:19:06:367	UTIL	[46:46:3457061312]	INFO	UTIL_INIT  refer times = 4, module_id = 9, UTIL has been built on:Sep 19 2025 at 06:33:56 on branch release-client-6.6.x with commit ID 2583f48484aeb604c472d0a89b4ddc1f55
11/10/2025 19:19:06:368	UTIL	[46:46:3457061312]	INFO	thread_mgr_t::spawn, mode = 01000004, w_queue_size = 65536, type = 1027, interact_timer = true, thr_name = zoom.db, bind_mask = 4294967295, use_ext_timer_drv = false, notifier = 0x0000000000000000, this = 0x0000562a5772d0f0
11/10/2025 19:19:06:368	UTIL	[46:46:3457061312]	INFO	thread_wrapper_t::thread_wrapper_t, mode = 01000004, id = 0, type = 1027, thr_manager = 0x0000562a5772d0f0, waits = 1, interact_timer = true, m_timer_precision = 50, this = 0x0000562a577a87c0
11/10/2025 19:19:06:368	UTIL	[46:46:3457061312]	INFO	msg_queue_t::msg_queue_t notifier = , notifier = 0x0000000000000000, writer = 0x0000000000000000, capacity = 1024, mode = 1, this = 0x0000562a5779c910
11/10/2025 19:19:06:368	UTIL	[46:46:3457061312]	INFO	thread_wrapper_t::thread_wrapper_t ctrl queue size = 1024, this = 0x0000562a577a87c0
11/10/2025 19:19:06:368	UTIL	[46:46:3457061312]	INFO	thread_io_t::thread_io_t(), mode = 01000004, type = 1027, queue size = 65536, this = 0x0000562a577a8790
11/10/2025 19:19:06:368	UTIL	[46:46:3457061312]	INFO	thread_io_t::open_notifier, waits = 1, this = 0x0000562a577a8790
11/10/2025 19:19:06:368	UTIL	[46:46:3457061312]	INFO	msg_queue_base_t::open_notifier, m_notifier = 0x0000000000000000, notifier = 0x0000562a577acb80, this = 0x0000562a5779c930
11/10/2025 19:19:06:368	UTIL	[46:46:3457061312]	INFO	thread_io_t::thread_run(), id = 0, args = 0x0000000000000000, this = 0x0000562a577a8790
11/10/2025 19:19:06:368	UTIL	[46:46:3457061312]	INFO	io_repo_t::io_repo_t, m_working = 0x0000562a577a87c0, max_io_fds = 1024, this = 0x0000562a577acd80
11/10/2025 19:19:06:368	UTIL	[46:46:3457061312]	INFO	notifier_handler_t::notifier_handler_t, io_container = 0x0000562a577acd800x0000562a577acb80, this = 0x0000562a5779e1d0
11/10/2025 19:19:06:368	UTIL	[46:46:3457061312]	INFO	poll_t::poll_t register, fd = 20, es.first = 00000000000000000000000000000011, this = 0x0000562a577acd80
11/10/2025 19:19:06:368	UTIL	[46:46:3457061312]	INFO	io_repo_t::start(), m_stop = true, this = 0x0000562a577acd80
11/10/2025 19:19:06:368	UTIL	[46:46:3457061312]	INFO	thread_mgr_t::attach handle = 0x0000562a577a87c0, thread_id = 139954520843968, owner_thr = 0x0000562a5771b0a0, owner_id = 139954966401472, queue_size = 65536, this = 0x0000562a5772d0f0
11/10/2025 19:19:06:368	UTIL	[46:46:3457061312]	INFO	thread_wrapper_t::create_channel(), bind_thr = 0x0000562a5771b0a0[139954966401472], read_capacity = 65536, write_capacity = 65536, this = 0x0000562a577a87c0
11/10/2025 19:19:06:368	UTIL	[46:60:3011503808]	INFO	poll_t::loop () begin, working = 0x0000562a577a87c0, this = 0x0000562a577acd80
11/10/2025 19:19:06:368	UTIL	[46:60:3011503808]	INFO	thread_io_t::init_tls() thread_id = 139954520843968, this = 0x0000562a577a8790
11/10/2025 19:19:06:368	UTIL	[46:60:3011503808]	INFO	thread_wrapper_t::init_tls(), m_thread_manager = 0x0000562a5772d0f0, this = 0x0000562a577a87c0
11/10/2025 19:19:06:368	UTIL	[46:60:3011503808]	INFO	thread_mgr_t::register_tls, thr = 0x0000562a577a87c0, tls = true, this = 0x0000562a5772d0f0
11/10/2025 19:19:06:369	UTIL	[46:60:3011503808]	INFO	thread_wrapper_t::start_alive_check() timer = 0x0000000000000000, m_interact_timer = true, this = 0x0000562a577a87c0
11/10/2025 19:19:06:369	UTIL	[46:60:3011503808]	INFO	timer_queue_t::timer_queue_t() , sink = 0x0000562a577a87f8, min_interval = 204800, this = 0x00007f4994001070
11/10/2025 19:19:06:369	UTIL	[46:46:3457061312]	INFO	o2o_msg_queue_t::o2o_msg_queue_t, notifier = 0x0000562a577288f0, writer = 0x0000562a577a87c0[139954520843968], reader = 0x0000562a5771b0a0[139954966401472], capacity = 65536, mode = 0, this = 0x0000562a577b5800
11/10/2025 19:19:06:369	UTIL	[46:46:3457061312]	INFO	o2o_msg_queue_t::o2o_msg_queue_t, notifier = 0x0000562a577acb80, writer = 0x0000562a5771b0a0[139954966401472], reader = 0x0000562a577a87c0[139954520843968], capacity = 65536, mode = 1, this = 0x0000562a577b5a40
11/10/2025 19:19:06:369	UTIL	[46:46:3457061312]	INFO	thread_wrapper_t::bind_queue  , self_id = 139954966401472, bind_thr = 0x0000562a577a87c0[139954520843968], r_queue = 0x0000562a577b5868, w_queue = 0x0000562a577b5ab0, this = 0x0000562a5771b0a0
11/10/2025 19:19:06:369	UTIL	[46:46:3457061312]	INFO	thread_wrapper_t::bind_queue  , self_id = 139954520843968, bind_thr = 0x0000562a5771b0a0[139954966401472], r_queue = 0x0000562a577b5aa8, w_queue = 0x0000562a577b5870, this = 0x0000562a577a87c0
11/10/2025 19:19:06:369	UTIL	[46:46:3457061312]	INFO	thread_wrapper_t::create_channel(), bind_thr = 0x0000562a57775d50[139954864780992], read_capacity = 65536, write_capacity = 65536, this = 0x0000562a577a87c0
11/10/2025 19:19:06:369	UTIL	[46:46:3457061312]	INFO	o2o_msg_queue_t::o2o_msg_queue_t, notifier = 0x0000562a57773ad0, writer = 0x0000562a577a87c0[139954520843968], reader = 0x0000562a57775d50[139954864780992], capacity = 65536, mode = 1, this = 0x0000562a577b60e0
11/10/2025 19:19:06:370	UTIL	[46:46:3457061312]	INFO	o2o_msg_queue_t::o2o_msg_queue_t, notifier = 0x0000562a577acb80, writer = 0x0000562a57775d50[139954864780992], reader = 0x0000562a577a87c0[139954520843968], capacity = 65536, mode = 1, this = 0x0000562a577b6320
11/10/2025 19:19:06:370	UTIL	[46:46:3457061312]	INFO	thread_wrapper_t::send_ctrl_msg msg = 0x0000562a577b6560, (uint64_t)m_id = 139954520843968, timeout = -1, this = 0x0000562a577a87c0
11/10/2025 19:19:06:370	UTIL	[46:60:3011503808]	INFO	thread_wrapper_t::create_ch_msg_t::on_message from = 0x0000562a577a87c0, to = 0x0000562a57775d50, this = 0x0000562a577b6560
11/10/2025 19:19:06:370	UTIL	[46:60:3011503808]	INFO	thread_wrapper_t::bind_queue  , self_id = 139954864780992, bind_thr = 0x0000562a577a87c0[139954520843968], r_queue = 0x0000562a577b6148, w_queue = 0x0000562a577b6390, this = 0x0000562a57775d50
11/10/2025 19:19:06:370	UTIL	[46:46:3457061312]	INFO	thread_wrapper_t::bind_queue  , self_id = 139954520843968, bind_thr = 0x0000562a57775d50[139954864780992], r_queue = 0x0000562a577b6388, w_queue = 0x0000562a577b6150, this = 0x0000562a577a87c0
11/10/2025 19:19:06:370	UTIL	[46:46:3457061312]	INFO	thread_wrapper_t::create_channel(), bind_thr = 0x0000562a577a87c0[139954520843968], read_capacity = 65536, write_capacity = 65536, this = 0x0000562a577a87c0
11/10/2025 19:19:06:370	UTIL	[46:46:3457061312]	INFO	o2o_msg_queue_t::o2o_msg_queue_t, notifier = 0x0000562a577acb80, writer = 0x0000562a577a87c0[139954520843968], reader = 0x0000562a577a87c0[139954520843968], capacity = 65536, mode = 1, this = 0x0000562a577b6960
11/10/2025 19:19:06:370	UTIL	[46:46:3457061312]	INFO	o2o_msg_queue_t::o2o_msg_queue_t, notifier = 0x0000562a577acb80, writer = 0x0000562a577a87c0[139954520843968], reader = 0x0000562a577a87c0[139954520843968], capacity = 65536, mode = 1, this = 0x0000562a577b6ba0
11/10/2025 19:19:06:370	UTIL	[46:46:3457061312]	INFO	thread_wrapper_t::send_ctrl_msg msg = 0x0000562a577b6de0, (uint64_t)m_id = 139954520843968, timeout = -1, this = 0x0000562a577a87c0
11/10/2025 19:19:06:370	UTIL	[46:60:3011503808]	INFO	thread_wrapper_t::create_ch_msg_t::on_message from = 0x0000562a577a87c0, to = 0x0000562a577a87c0, this = 0x0000562a577b6de0
11/10/2025 19:19:06:370	UTIL	[46:60:3011503808]	INFO	thread_wrapper_t::bind_queue  , self_id = 139954520843968, bind_thr = 0x0000562a577a87c0[139954520843968], r_queue = 0x0000562a577b69c8, w_queue = 0x0000562a577b6c10, this = 0x0000562a577a87c0
11/10/2025 19:19:06:370	UTIL	[46:46:3457061312]	INFO	thread_wrapper_t::bind_queue  , self_id = 139954520843968, bind_thr = 0x0000562a577a87c0[139954520843968], r_queue = 0x0000562a577b6c08, w_queue = 0x0000562a577b69d0, this = 0x0000562a577a87c0
11/10/2025 19:19:06:370	UTIL	[46:46:3457061312]	INFO	thread_wrapper_t::bind_queue bind_thr = 0x0000562a577a87c0 already be existed, skip it, this = 0x0000562a577a87c0
11/10/2025 19:19:06:370	UTIL	[46:46:3457061312]	INFO	thread_wrapper_t::adjust_timer_precision, m_timer_precision = 50, new_timer_precision = 50, this = 0x0000562a577a87c0
11/10/2025 19:19:06:370	UTIL	[46:46:3457061312]	INFO	thread_mgr_t::spawn, mode = 01000004, w_queue_size = 65536, type = 1028, interact_timer = true, thr_name = zoom.im.index, bind_mask = 4294967295, use_ext_timer_drv = false, notifier = 0x0000000000000000, this = 0x0000562a5772d0f0
11/10/2025 19:19:06:370	UTIL	[46:46:3457061312]	INFO	thread_wrapper_t::thread_wrapper_t, mode = 01000004, id = 0, type = 1028, thr_manager = 0x0000562a5772d0f0, waits = 1, interact_timer = true, m_timer_precision = 50, this = 0x0000562a577b75f0
11/10/2025 19:19:06:370	UTIL	[46:46:3457061312]	INFO	msg_queue_t::msg_queue_t notifier = , notifier = 0x0000000000000000, writer = 0x0000000000000000, capacity = 1024, mode = 1, this = 0x0000562a577b78a0
11/10/2025 19:19:06:370	UTIL	[46:46:3457061312]	INFO	thread_wrapper_t::thread_wrapper_t ctrl queue size = 1024, this = 0x0000562a577b75f0
11/10/2025 19:19:06:370	UTIL	[46:46:3457061312]	INFO	thread_io_t::thread_io_t(), mode = 01000004, type = 1028, queue size = 65536, this = 0x0000562a577b75c0
11/10/2025 19:19:06:370	UTIL	[46:46:3457061312]	INFO	thread_io_t::open_notifier, waits = 1, this = 0x0000562a577b75c0
11/10/2025 19:19:06:370	UTIL	[46:46:3457061312]	INFO	msg_queue_base_t::open_notifier, m_notifier = 0x0000000000000000, notifier = 0x0000562a577bbdd0, this = 0x0000562a577b78c0
11/10/2025 19:19:06:370	UTIL	[46:46:3457061312]	INFO	thread_io_t::thread_run(), id = 0, args = 0x0000000000000000, this = 0x0000562a577b75c0
11/10/2025 19:19:06:371	UTIL	[46:46:3457061312]	INFO	io_repo_t::io_repo_t, m_working = 0x0000562a577b75f0, max_io_fds = 1024, this = 0x0000562a577bc030
11/10/2025 19:19:06:371	UTIL	[46:46:3457061312]	INFO	notifier_handler_t::notifier_handler_t, io_container = 0x0000562a577bc0300x0000562a577bbdd0, this = 0x0000562a57783ed0
11/10/2025 19:19:06:371	UTIL	[46:46:3457061312]	INFO	poll_t::poll_t register, fd = 22, es.first = 00000000000000000000000000000011, this = 0x0000562a577bc030
11/10/2025 19:19:06:371	UTIL	[46:46:3457061312]	INFO	io_repo_t::start(), m_stop = true, this = 0x0000562a577bc030
11/10/2025 19:19:06:371	UTIL	[46:46:3457061312]	INFO	thread_mgr_t::attach handle = 0x0000562a577b75f0, thread_id = 139954512451264, owner_thr = 0x0000562a5771b0a0, owner_id = 139954966401472, queue_size = 65536, this = 0x0000562a5772d0f0
11/10/2025 19:19:06:371	UTIL	[46:46:3457061312]	INFO	thread_wrapper_t::create_channel(), bind_thr = 0x0000562a5771b0a0[139954966401472], read_capacity = 65536, write_capacity = 65536, this = 0x0000562a577b75f0
11/10/2025 19:19:06:371	UTIL	[46:46:3457061312]	INFO	o2o_msg_queue_t::o2o_msg_queue_t, notifier = 0x0000562a577288f0, writer = 0x0000562a577b75f0[139954512451264], reader = 0x0000562a5771b0a0[139954966401472], capacity = 65536, mode = 0, this = 0x0000562a577c4a50
11/10/2025 19:19:06:371	UTIL	[46:46:3457061312]	INFO	o2o_msg_queue_t::o2o_msg_queue_t, notifier = 0x0000562a577bbdd0, writer = 0x0000562a5771b0a0[139954966401472], reader = 0x0000562a577b75f0[139954512451264], capacity = 65536, mode = 1, this = 0x0000562a577c4c90
11/10/2025 19:19:06:371	UTIL	[46:46:3457061312]	INFO	thread_wrapper_t::bind_queue  , self_id = 139954966401472, bind_thr = 0x0000562a577b75f0[139954512451264], r_queue = 0x0000562a577c4ab8, w_queue = 0x0000562a577c4d00, this = 0x0000562a5771b0a0
11/10/2025 19:19:06:371	UTIL	[46:46:3457061312]	INFO	thread_wrapper_t::bind_queue  , self_id = 139954512451264, bind_thr = 0x0000562a5771b0a0[139954966401472], r_queue = 0x0000562a577c4cf8, w_queue = 0x0000562a577c4ac0, this = 0x0000562a577b75f0
11/10/2025 19:19:06:371	UTIL	[46:46:3457061312]	INFO	thread_wrapper_t::create_channel(), bind_thr = 0x0000562a57775d50[139954864780992], read_capacity = 65536, write_capacity = 65536, this = 0x0000562a577b75f0
11/10/2025 19:19:06:371	UTIL	[46:46:3457061312]	INFO	o2o_msg_queue_t::o2o_msg_queue_t, notifier = 0x0000562a57773ad0, writer = 0x0000562a577b75f0[139954512451264], reader = 0x0000562a57775d50[139954864780992], capacity = 65536, mode = 1, this = 0x0000562a577c5330
11/10/2025 19:19:06:372	UTIL	[46:46:3457061312]	INFO	o2o_msg_queue_t::o2o_msg_queue_t, notifier = 0x0000562a577bbdd0, writer = 0x0000562a57775d50[139954864780992], reader = 0x0000562a577b75f0[139954512451264], capacity = 65536, mode = 1, this = 0x0000562a577c5570
11/10/2025 19:19:06:372	UTIL	[46:46:3457061312]	INFO	thread_wrapper_t::send_ctrl_msg msg = 0x0000562a577c57b0, (uint64_t)m_id = 0, timeout = -1, this = 0x0000562a577b75f0
11/10/2025 19:19:06:372	UTIL	[46:61:3003111104]	INFO	poll_t::loop () begin, working = 0x0000562a577b75f0, this = 0x0000562a577bc030
11/10/2025 19:19:06:372	UTIL	[46:61:3003111104]	INFO	thread_io_t::init_tls() thread_id = 139954512451264, this = 0x0000562a577b75c0
11/10/2025 19:19:06:372	UTIL	[46:61:3003111104]	INFO	thread_wrapper_t::init_tls(), m_thread_manager = 0x0000562a5772d0f0, this = 0x0000562a577b75f0
11/10/2025 19:19:06:372	UTIL	[46:61:3003111104]	INFO	thread_mgr_t::register_tls, thr = 0x0000562a577b75f0, tls = true, this = 0x0000562a5772d0f0
11/10/2025 19:19:06:372	UTIL	[46:61:3003111104]	INFO	thread_wrapper_t::start_alive_check() timer = 0x0000000000000000, m_interact_timer = true, this = 0x0000562a577b75f0
11/10/2025 19:19:06:372	UTIL	[46:61:3003111104]	INFO	timer_queue_t::timer_queue_t() , sink = 0x0000562a577b7628, min_interval = 204800, this = 0x00007f4998001070
11/10/2025 19:19:06:372	UTIL	[46:61:3003111104]	INFO	thread_wrapper_t::create_ch_msg_t::on_message from = 0x0000562a577b75f0, to = 0x0000562a57775d50, this = 0x0000562a577c57b0
11/10/2025 19:19:06:372	UTIL	[46:61:3003111104]	INFO	thread_wrapper_t::bind_queue  , self_id = 139954864780992, bind_thr = 0x0000562a577b75f0[139954512451264], r_queue = 0x0000562a577c5398, w_queue = 0x0000562a577c55e0, this = 0x0000562a57775d50
11/10/2025 19:19:06:373	UTIL	[46:46:3457061312]	INFO	thread_wrapper_t::bind_queue  , self_id = 139954512451264, bind_thr = 0x0000562a57775d50[139954864780992], r_queue = 0x0000562a577c55d8, w_queue = 0x0000562a577c53a0, this = 0x0000562a577b75f0
11/10/2025 19:19:06:373	UTIL	[46:46:3457061312]	INFO	thread_wrapper_t::create_channel(), bind_thr = 0x0000562a577a87c0[139954520843968], read_capacity = 65536, write_capacity = 65536, this = 0x0000562a577b75f0
11/10/2025 19:19:06:373	UTIL	[46:46:3457061312]	INFO	o2o_msg_queue_t::o2o_msg_queue_t, notifier = 0x0000562a577acb80, writer = 0x0000562a577b75f0[139954512451264], reader = 0x0000562a577a87c0[139954520843968], capacity = 65536, mode = 1, this = 0x0000562a577c5c70
11/10/2025 19:19:06:374	UTIL	[46:46:3457061312]	INFO	o2o_msg_queue_t::o2o_msg_queue_t, notifier = 0x0000562a577bbdd0, writer = 0x0000562a577a87c0[139954520843968], reader = 0x0000562a577b75f0[139954512451264], capacity = 65536, mode = 1, this = 0x0000562a577c5eb0
11/10/2025 19:19:06:374	UTIL	[46:46:3457061312]	INFO	thread_wrapper_t::send_ctrl_msg msg = 0x0000562a577c60f0, (uint64_t)m_id = 139954512451264, timeout = -1, this = 0x0000562a577b75f0
11/10/2025 19:19:06:374	UTIL	[46:61:3003111104]	INFO	thread_wrapper_t::create_ch_msg_t::on_message from = 0x0000562a577b75f0, to = 0x0000562a577a87c0, this = 0x0000562a577c60f0
11/10/2025 19:19:06:374	UTIL	[46:61:3003111104]	INFO	thread_wrapper_t::bind_queue  , self_id = 139954520843968, bind_thr = 0x0000562a577b75f0[139954512451264], r_queue = 0x0000562a577c5cd8, w_queue = 0x0000562a577c5f20, this = 0x0000562a577a87c0
11/10/2025 19:19:06:375	UTIL	[46:46:3457061312]	INFO	thread_wrapper_t::bind_queue  , self_id = 139954512451264, bind_thr = 0x0000562a577a87c0[139954520843968], r_queue = 0x0000562a577c5f18, w_queue = 0x0000562a577c5ce0, this = 0x0000562a577b75f0
11/10/2025 19:19:06:375	UTIL	[46:46:3457061312]	INFO	thread_wrapper_t::create_channel(), bind_thr = 0x0000562a577b75f0[139954512451264], read_capacity = 65536, write_capacity = 65536, this = 0x0000562a577b75f0
11/10/2025 19:19:06:381	UTIL	[46:46:3457061312]	INFO	o2o_msg_queue_t::o2o_msg_queue_t, notifier = 0x0000562a577bbdd0, writer = 0x0000562a577b75f0[139954512451264], reader = 0x0000562a577b75f0[139954512451264], capacity = 65536, mode = 1, this = 0x0000562a577c6540
11/10/2025 19:19:06:381	UTIL	[46:46:3457061312]	INFO	o2o_msg_queue_t::o2o_msg_queue_t, notifier = 0x0000562a577bbdd0, writer = 0x0000562a577b75f0[139954512451264], reader = 0x0000562a577b75f0[139954512451264], capacity = 65536, mode = 1, this = 0x0000562a577c6720
11/10/2025 19:19:06:381	UTIL	[46:46:3457061312]	INFO	thread_wrapper_t::send_ctrl_msg msg = 0x0000562a577c6960, (uint64_t)m_id = 139954512451264, timeout = -1, this = 0x0000562a577b75f0
11/10/2025 19:19:06:382	UTIL	[46:61:3003111104]	INFO	thread_wrapper_t::create_ch_msg_t::on_message from = 0x0000562a577b75f0, to = 0x0000562a577b75f0, this = 0x0000562a577c6960
11/10/2025 19:19:06:382	UTIL	[46:61:3003111104]	INFO	thread_wrapper_t::bind_queue  , self_id = 139954512451264, bind_thr = 0x0000562a577b75f0[139954512451264], r_queue = 0x0000562a577c65a8, w_queue = 0x0000562a577c6790, this = 0x0000562a577b75f0
11/10/2025 19:19:06:384	UTIL	[46:46:3457061312]	INFO	thread_wrapper_t::bind_queue  , self_id = 139954512451264, bind_thr = 0x0000562a577b75f0[139954512451264], r_queue = 0x0000562a577c6788, w_queue = 0x0000562a577c65b0, this = 0x0000562a577b75f0
11/10/2025 19:19:06:384	UTIL	[46:46:3457061312]	INFO	thread_wrapper_t::bind_queue bind_thr = 0x0000562a577b75f0 already be existed, skip it, this = 0x0000562a577b75f0
11/10/2025 19:19:06:384	UTIL	[46:46:3457061312]	INFO	thread_wrapper_t::adjust_timer_precision, m_timer_precision = 50, new_timer_precision = 50, this = 0x0000562a577b75f0
11/10/2025 19:19:06:872	UTIL	[46:46:3457061312]	INFO	UTIL_INIT  refer times = 5, module_id = 5, UTIL has been built on:Sep 19 2025 at 06:33:56 on branch release-client-6.6.x with commit ID 2583f48484aeb604c472d0a89b4ddc1f55
11/10/2025 19:19:06:872	UTIL	[46:46:3457061312]	INFO	register_logger  module_id = 5, module_name = MCM, max_level = 31, logger = 0x0000000000000000, mode = 3
11/10/2025 19:19:06:957	UTIL	[46:46:3457061312]	INFO	register_logger  module_id = 6, module_name = NYDUS, max_level = 31, logger = 0x0000000000000000, mode = 3
11/10/2025 19:19:06:957	UTIL	[46:46:3457061312]	INFO	timer_it::timer_it id = 0, own_thr = 0x0000000000000000, this = 0x0000562a577c9aa0
11/10/2025 19:19:06:957	UTIL	[46:46:3457061312]	INFO	timer_it::timer_it id = 0, own_thr = 0x0000000000000000, this = 0x0000562a577e2510
11/10/2025 19:19:06:957	UTIL	[46:46:3457061312]	INFO	thread_mgr_t::spawn, mode = 00000008, w_queue_size = 8192, type = 1024, interact_timer = true, thr_name = , bind_mask = 4294967295, use_ext_timer_drv = false, notifier = 0x0000000000000000, this = 0x0000562a5772d0f0
11/10/2025 19:19:06:957	UTIL	[46:46:3457061312]	INFO	thread_mgr_t::spawn already has an instance for the thread, return it directly, thread id = 139954966401472, this = 0x0000562a5772d0f0
11/10/2025 19:19:07:130	UTIL	[46:46:3457061312]	INFO	timer_it::add_timer sink = 0x0000562a577eb1b8, interval = 12800, times = 0, is_exact = true, this = 0x0000562a577c9aa0
11/10/2025 19:19:07:130	UTIL	[46:46:3457061312]	INFO	timer_it::add_timer sink = 0x0000562a577eb1b8, interval = 3840, times = 0, is_exact = true, this = 0x0000562a577e2510
11/10/2025 19:20:07:594	UTIL	[46:46:3457061312]	INFO	mlog_file::init mid:1069 size:1048576 shmem:false ret:0 this:0x0000562a578721b8
11/10/2025 19:20:11:808	UTIL	[46:46:3457061312]	INFO	mlog_file::init mid:1027 size:1048576 shmem:false ret:0 this:0x0000562a5795c898
11/10/2025 19:20:12:099	UTIL	[46:46:3457061312]	INFO	mlog_file::init mid:1008 size:1048576 shmem:false ret:0 this:0x0000562a5795bbc8
11/10/2025 19:20:12:525	UTIL	[46:46:3457061312]	INFO	mlog_file::init mid:1030 size:1048576 shmem:false ret:0 this:0x0000562a57957f08
