11/10/2025 19:18:39:096	UTIL	[46:46:3582017984]	INFO	thread_mgr_t ::thread_mgr_t(),Mon,10 Nov 2025 19:18:39 GMT, preset_owner_thr = false, this = 0x000055d8316760f0
11/10/2025 19:18:39:097	UTIL	[46:46:3582017984]	INFO	new_i8_allocator_t::new_i8_allocator_t, m_page_size = 4096, this = 0x000055d831672f00
11/10/2025 19:18:39:097	UTIL	[46:46:3582017984]	INFO	UTIL_INIT  refer , s_init_times = 1, module_id = 9, description = UTIL has been built on:Sep 19 2025 at 06:33:56 on branch release-client-6.6.x with commit ID 2583f48484aeb604c472d0a89b4ddc1f55, dir = , filename = , pext = log, max_size = 41943040, max_idx = 99
11/10/2025 19:18:39:097	UTIL	[46:46:3582017984]	INFO	set_timer_driver, setup_call = 0x00007f2ef0f603b0, remove_call = 0x00007f2ef0f60290
11/10/2025 19:18:39:097	UTIL	[46:46:3582017984]	INFO	thread_mgr_t::spawn, mode = 02000008, w_queue_size = 8192, type = 0, interact_timer = true, thr_name = , bind_mask = 4294967295, use_ext_timer_drv = true, notifier = 0x000055d8316718f0, this = 0x000055d8316760f0
11/10/2025 19:18:39:097	UTIL	[46:46:3582017984]	INFO	thread_wrapper_t::thread_wrapper_t, mode = 02000008, id = 0, type = 0, thr_manager = 0x000055d8316760f0, waits = 0, interact_timer = true, m_timer_precision = 50, this = 0x000055d8316640a0
11/10/2025 19:18:39:097	UTIL	[46:46:3582017984]	INFO	msg_queue_t::msg_queue_t notifier = , notifier = 0x000055d8316718f0, writer = 0x0000000000000000, capacity = 1024, mode = 0, this = 0x000055d831671b10
11/10/2025 19:18:39:097	UTIL	[46:46:3582017984]	INFO	thread_wrapper_t::thread_wrapper_t ctrl queue size = 1024, this = 0x000055d8316640a0
11/10/2025 19:18:39:097	UTIL	[46:46:3582017984]	INFO	thread_wrapper_t::init_tls(), m_thread_manager = 0x000055d8316760f0, this = 0x000055d8316640a0
11/10/2025 19:18:39:097	UTIL	[46:46:3582017984]	INFO	thread_mgr_t::register_tls, thr = 0x000055d8316640a0, tls = true, this = 0x000055d8316760f0
11/10/2025 19:18:39:097	UTIL	[46:46:3582017984]	INFO	thread_wrapper_t::start_alive_check() timer = 0x0000000000000000, m_interact_timer = true, this = 0x000055d8316640a0
11/10/2025 19:18:39:097	UTIL	[46:46:3582017984]	INFO	timer_queue_t::timer_queue_t() , sink = 0x000055d8316640d8, min_interval = 204800, this = 0x000055d83167eb00
11/10/2025 19:18:39:097	UTIL	[46:46:3582017984]	INFO	thread_wrapper_t::open_notifier, waits = 0, m_notify = 0x000055d8316718f0, this = 0x000055d8316640a0
11/10/2025 19:18:39:097	UTIL	[46:46:3582017984]	INFO	msg_queue_base_t::open_notifier, m_notifier = 0x000055d8316718f0, notifier = 0x000055d8316718f0, this = 0x000055d831671b30
11/10/2025 19:18:39:097	UTIL	[46:46:3582017984]	INFO	thread_mgr_t::attach handle = 0x000055d8316640a0, thread_id = 139839127241152, owner_thr = 0x000055d8316640a0, owner_id = 139839127241152, queue_size = 8192, this = 0x000055d8316760f0
11/10/2025 19:18:39:097	UTIL	[46:46:3582017984]	INFO	thread_wrapper_t::create_channel(), bind_thr = 0x000055d8316640a0[139839127241152], read_capacity = 8192, write_capacity = 8192, this = 0x000055d8316640a0
11/10/2025 19:18:39:097	UTIL	[46:46:3582017984]	INFO	o2o_msg_queue_t::o2o_msg_queue_t, notifier = 0x000055d8316718f0, writer = 0x000055d8316640a0[139839127241152], reader = 0x000055d8316640a0[139839127241152], capacity = 8192, mode = 0, this = 0x000055d831672d00
11/10/2025 19:18:39:098	UTIL	[46:46:3582017984]	INFO	o2o_msg_queue_t::o2o_msg_queue_t, notifier = 0x000055d8316718f0, writer = 0x000055d8316640a0[139839127241152], reader = 0x000055d8316640a0[139839127241152], capacity = 8192, mode = 0, this = 0x000055d831675e00
11/10/2025 19:18:39:098	UTIL	[46:46:3582017984]	INFO	thread_wrapper_t::bind_queue  , self_id = 139839127241152, bind_thr = 0x000055d8316640a0[139839127241152], r_queue = 0x000055d831672d68, w_queue = 0x000055d831675e70, this = 0x000055d8316640a0
11/10/2025 19:18:39:098	UTIL	[46:46:3582017984]	INFO	thread_wrapper_t::bind_queue  , self_id = 139839127241152, bind_thr = 0x000055d8316640a0[139839127241152], r_queue = 0x000055d831675e68, w_queue = 0x000055d831672d70, this = 0x000055d8316640a0
11/10/2025 19:18:39:098	UTIL	[46:46:3582017984]	INFO	thread_wrapper_t::bind_queue bind_thr = 0x000055d8316640a0 already be existed, skip it, this = 0x000055d8316640a0
11/10/2025 19:18:39:098	UTIL	[46:46:3582017984]	INFO	thread_wrapper_t::adjust_timer_precision, m_timer_precision = 50, new_timer_precision = 50, this = 0x000055d8316640a0
11/10/2025 19:18:39:098	UTIL	[46:46:3582017984]	INFO	register_logger  module_id = 1057, module_name = zoomtask, max_level = 31, logger = 0x0000000000000000, mode = 3
11/10/2025 19:18:39:128	UTIL	[46:46:3582017984]	INFO	UTIL_INIT  refer times = 2, module_id = 1057, UTIL has been built on:Sep 19 2025 at 06:33:56 on branch release-client-6.6.x with commit ID 2583f48484aeb604c472d0a89b4ddc1f55
11/10/2025 19:18:39:128	UTIL	[46:46:3582017984]	INFO	register_logger  module_id = 1057, module_name = ZoomTask, max_level = 31, logger = 0x0000000000000000, mode = 3
11/10/2025 19:18:39:132	UTIL	[46:46:3582017984]	INFO	UTIL_INIT  refer times = 3, module_id = 2, UTIL has been built on:Sep 19 2025 at 06:33:56 on branch release-client-6.6.x with commit ID 2583f48484aeb604c472d0a89b4ddc1f55
11/10/2025 19:18:39:136	UTIL	[46:46:3582017984]	INFO	timer_it::timer_it id = 0, own_thr = 0x0000000000000000, this = 0x000055d831676848
11/10/2025 19:18:39:136	UTIL	[46:46:3582017984]	INFO	thread_mgr_t::spawn, mode = 01000004, w_queue_size = 0, type = 3, interact_timer = true, thr_name = zoom.dns, bind_mask = 0, use_ext_timer_drv = false, notifier = 0x0000000000000000, this = 0x000055d8316760f0
11/10/2025 19:18:39:136	UTIL	[46:46:3582017984]	INFO	thread_wrapper_t::thread_wrapper_t, mode = 01000004, id = 0, type = 3, thr_manager = 0x000055d8316760f0, waits = 1, interact_timer = true, m_timer_precision = 50, this = 0x000055d8316bf170
11/10/2025 19:18:39:136	UTIL	[46:46:3582017984]	INFO	msg_queue_t::msg_queue_t notifier = , notifier = 0x0000000000000000, writer = 0x0000000000000000, capacity = 1024, mode = 1, this = 0x000055d8316bf5d0
11/10/2025 19:18:39:136	UTIL	[46:46:3582017984]	INFO	thread_wrapper_t::thread_wrapper_t ctrl queue size = 1024, this = 0x000055d8316bf170
11/10/2025 19:18:39:136	UTIL	[46:46:3582017984]	INFO	thread_io_t::thread_io_t(), mode = 01000004, type = 3, queue size = 0, this = 0x000055d8316bf140
11/10/2025 19:18:39:136	UTIL	[46:46:3582017984]	INFO	thread_io_t::open_notifier, waits = 1, this = 0x000055d8316bf140
11/10/2025 19:18:39:136	UTIL	[46:46:3582017984]	INFO	msg_queue_base_t::open_notifier, m_notifier = 0x0000000000000000, notifier = 0x000055d8316bcef0, this = 0x000055d8316bf5f0
11/10/2025 19:18:39:136	UTIL	[46:46:3582017984]	INFO	thread_io_t::thread_run(), id = 0, args = 0x0000000000000000, this = 0x000055d8316bf140
11/10/2025 19:18:39:136	UTIL	[46:46:3582017984]	INFO	io_repo_t::io_repo_t, m_working = 0x000055d8316bf170, max_io_fds = 1024, this = 0x000055d8316c3b90
11/10/2025 19:18:39:136	UTIL	[46:46:3582017984]	INFO	notifier_handler_t::notifier_handler_t, io_container = 0x000055d8316c3b900x000055d8316bcef0, this = 0x000055d8316cbd20
11/10/2025 19:18:39:136	UTIL	[46:46:3582017984]	INFO	poll_t::poll_t register, fd = 11, es.first = 00000000000000000000000000000011, this = 0x000055d8316c3b90
11/10/2025 19:18:39:136	UTIL	[46:46:3582017984]	INFO	io_repo_t::start(), m_stop = true, this = 0x000055d8316c3b90
11/10/2025 19:18:39:137	UTIL	[46:46:3582017984]	INFO	thread_mgr_t::spawn only has control message queue for this thread, this = 0x000055d8316760f0
11/10/2025 19:18:39:137	UTIL	[46:46:3582017984]	FATAL	assert: msg[thread_wrapper_t::create_channel bind thread should valid!, bind_thr = 0x0000000000000000] file[/home/jenkins/agent/workspace/Client/Client/DMT/linux/release/tp_util/util/src/thread.cpp], line = [1122]
11/10/2025 19:18:39:137	UTIL	[46:46:3582017984]	INFO	thread_wrapper_t::adjust_timer_precision, m_timer_precision = 50, new_timer_precision = 50, this = 0x000055d8316bf170
11/10/2025 19:18:39:137	UTIL	[46:46:3582017984]	INFO	timer_it::timer_it id = 0, own_thr = 0x0000000000000000, this = 0x000055d8316cc7e0
11/10/2025 19:18:39:137	UTIL	[46:46:3582017984]	INFO	timer_it::add_timer sink = 0x000055d831676720, interval = 100, times = 0, is_exact = true, this = 0x000055d8316cc7e0
11/10/2025 19:18:39:142	UTIL	[46:46:3582017984]	INFO	UTIL_INIT  refer times = 4, module_id = 9, UTIL has been built on:Sep 19 2025 at 06:33:56 on branch release-client-6.6.x with commit ID 2583f48484aeb604c472d0a89b4ddc1f55
11/10/2025 19:18:39:143	UTIL	[46:46:3582017984]	INFO	thread_mgr_t::spawn, mode = 01000004, w_queue_size = 65536, type = 1027, interact_timer = true, thr_name = zoom.db, bind_mask = 4294967295, use_ext_timer_drv = false, notifier = 0x0000000000000000, this = 0x000055d8316760f0
11/10/2025 19:18:39:143	UTIL	[46:46:3582017984]	INFO	thread_wrapper_t::thread_wrapper_t, mode = 01000004, id = 0, type = 1027, thr_manager = 0x000055d8316760f0, waits = 1, interact_timer = true, m_timer_precision = 50, this = 0x000055d8316f1c50
11/10/2025 19:18:39:143	UTIL	[46:46:3582017984]	INFO	msg_queue_t::msg_queue_t notifier = , notifier = 0x0000000000000000, writer = 0x0000000000000000, capacity = 1024, mode = 1, this = 0x000055d8316e5da0
11/10/2025 19:18:39:143	UTIL	[46:46:3582017984]	INFO	thread_wrapper_t::thread_wrapper_t ctrl queue size = 1024, this = 0x000055d8316f1c50
11/10/2025 19:18:39:143	UTIL	[46:46:3582017984]	INFO	thread_io_t::thread_io_t(), mode = 01000004, type = 1027, queue size = 65536, this = 0x000055d8316f1c20
11/10/2025 19:18:39:143	UTIL	[46:46:3582017984]	INFO	thread_io_t::open_notifier, waits = 1, this = 0x000055d8316f1c20
11/10/2025 19:18:39:143	UTIL	[46:46:3582017984]	INFO	msg_queue_base_t::open_notifier, m_notifier = 0x0000000000000000, notifier = 0x000055d8316f6010, this = 0x000055d8316e5dc0
11/10/2025 19:18:39:143	UTIL	[46:46:3582017984]	INFO	thread_io_t::thread_run(), id = 0, args = 0x0000000000000000, this = 0x000055d8316f1c20
11/10/2025 19:18:39:143	UTIL	[46:46:3582017984]	INFO	io_repo_t::io_repo_t, m_working = 0x000055d8316f1c50, max_io_fds = 1024, this = 0x000055d8316f6210
11/10/2025 19:18:39:143	UTIL	[46:46:3582017984]	INFO	notifier_handler_t::notifier_handler_t, io_container = 0x000055d8316f62100x000055d8316f6010, this = 0x000055d8316e7660
11/10/2025 19:18:39:143	UTIL	[46:46:3582017984]	INFO	poll_t::poll_t register, fd = 20, es.first = 00000000000000000000000000000011, this = 0x000055d8316f6210
11/10/2025 19:18:39:143	UTIL	[46:46:3582017984]	INFO	io_repo_t::start(), m_stop = true, this = 0x000055d8316f6210
11/10/2025 19:18:39:143	UTIL	[46:46:3582017984]	INFO	thread_mgr_t::attach handle = 0x000055d8316f1c50, thread_id = 139838883878592, owner_thr = 0x000055d8316640a0, owner_id = 139839127241152, queue_size = 65536, this = 0x000055d8316760f0
11/10/2025 19:18:39:143	UTIL	[46:46:3582017984]	INFO	thread_wrapper_t::create_channel(), bind_thr = 0x000055d8316640a0[139839127241152], read_capacity = 65536, write_capacity = 65536, this = 0x000055d8316f1c50
11/10/2025 19:18:39:144	UTIL	[46:46:3582017984]	INFO	o2o_msg_queue_t::o2o_msg_queue_t, notifier = 0x000055d8316718f0, writer = 0x000055d8316f1c50[139838883878592], reader = 0x000055d8316640a0[139839127241152], capacity = 65536, mode = 0, this = 0x000055d8316fec90
11/10/2025 19:18:39:143	UTIL	[46:60:3338655424]	INFO	poll_t::loop () begin, working = 0x000055d8316f1c50, this = 0x000055d8316f6210
11/10/2025 19:18:39:144	UTIL	[46:60:3338655424]	INFO	thread_io_t::init_tls() thread_id = 139838883878592, this = 0x000055d8316f1c20
11/10/2025 19:18:39:145	UTIL	[46:60:3338655424]	INFO	thread_wrapper_t::init_tls(), m_thread_manager = 0x000055d8316760f0, this = 0x000055d8316f1c50
11/10/2025 19:18:39:145	UTIL	[46:60:3338655424]	INFO	thread_mgr_t::register_tls, thr = 0x000055d8316f1c50, tls = true, this = 0x000055d8316760f0
11/10/2025 19:18:39:145	UTIL	[46:60:3338655424]	INFO	thread_wrapper_t::start_alive_check() timer = 0x0000000000000000, m_interact_timer = true, this = 0x000055d8316f1c50
11/10/2025 19:18:39:145	UTIL	[46:60:3338655424]	INFO	timer_queue_t::timer_queue_t() , sink = 0x000055d8316f1c88, min_interval = 204800, this = 0x00007f2ea4001070
11/10/2025 19:18:39:146	UTIL	[46:46:3582017984]	INFO	o2o_msg_queue_t::o2o_msg_queue_t, notifier = 0x000055d8316f6010, writer = 0x000055d8316640a0[139839127241152], reader = 0x000055d8316f1c50[139838883878592], capacity = 65536, mode = 1, this = 0x000055d8316feed0
11/10/2025 19:18:39:146	UTIL	[46:46:3582017984]	INFO	thread_wrapper_t::bind_queue  , self_id = 139839127241152, bind_thr = 0x000055d8316f1c50[139838883878592], r_queue = 0x000055d8316fecf8, w_queue = 0x000055d8316fef40, this = 0x000055d8316640a0
11/10/2025 19:18:39:146	UTIL	[46:46:3582017984]	INFO	thread_wrapper_t::bind_queue  , self_id = 139838883878592, bind_thr = 0x000055d8316640a0[139839127241152], r_queue = 0x000055d8316fef38, w_queue = 0x000055d8316fed00, this = 0x000055d8316f1c50
11/10/2025 19:18:39:146	UTIL	[46:46:3582017984]	INFO	thread_wrapper_t::create_channel(), bind_thr = 0x000055d8316bf170[139839026489024], read_capacity = 65536, write_capacity = 65536, this = 0x000055d8316f1c50
11/10/2025 19:18:39:146	UTIL	[46:46:3582017984]	INFO	o2o_msg_queue_t::o2o_msg_queue_t, notifier = 0x000055d8316bcef0, writer = 0x000055d8316f1c50[139838883878592], reader = 0x000055d8316bf170[139839026489024], capacity = 65536, mode = 1, this = 0x000055d8316ff570
11/10/2025 19:18:39:146	UTIL	[46:46:3582017984]	INFO	o2o_msg_queue_t::o2o_msg_queue_t, notifier = 0x000055d8316f6010, writer = 0x000055d8316bf170[139839026489024], reader = 0x000055d8316f1c50[139838883878592], capacity = 65536, mode = 1, this = 0x000055d8316ff7b0
11/10/2025 19:18:39:146	UTIL	[46:46:3582017984]	INFO	thread_wrapper_t::send_ctrl_msg msg = 0x000055d8316ff9f0, (uint64_t)m_id = 139838883878592, timeout = -1, this = 0x000055d8316f1c50
11/10/2025 19:18:39:146	UTIL	[46:52:3481265856]	INFO	poll_t::loop () begin, working = 0x000055d8316bf170, this = 0x000055d8316c3b90
11/10/2025 19:18:39:146	UTIL	[46:52:3481265856]	INFO	thread_io_t::init_tls() thread_id = 139839026489024, this = 0x000055d8316bf140
11/10/2025 19:18:39:146	UTIL	[46:52:3481265856]	INFO	thread_wrapper_t::init_tls(), m_thread_manager = 0x000055d8316760f0, this = 0x000055d8316bf170
11/10/2025 19:18:39:146	UTIL	[46:52:3481265856]	INFO	thread_mgr_t::register_tls, thr = 0x000055d8316bf170, tls = true, this = 0x000055d8316760f0
11/10/2025 19:18:39:146	UTIL	[46:52:3481265856]	INFO	thread_wrapper_t::start_alive_check() timer = 0x0000000000000000, m_interact_timer = true, this = 0x000055d8316bf170
11/10/2025 19:18:39:146	UTIL	[46:52:3481265856]	INFO	timer_queue_t::timer_queue_t() , sink = 0x000055d8316bf1a8, min_interval = 204800, this = 0x00007f2e9c001070
11/10/2025 19:18:39:146	UTIL	[46:60:3338655424]	INFO	thread_wrapper_t::create_ch_msg_t::on_message from = 0x000055d8316f1c50, to = 0x000055d8316bf170, this = 0x000055d8316ff9f0
11/10/2025 19:18:39:146	UTIL	[46:60:3338655424]	INFO	thread_wrapper_t::bind_queue  , self_id = 139839026489024, bind_thr = 0x000055d8316f1c50[139838883878592], r_queue = 0x000055d8316ff5d8, w_queue = 0x000055d8316ff820, this = 0x000055d8316bf170
11/10/2025 19:18:39:149	UTIL	[46:46:3582017984]	INFO	thread_wrapper_t::bind_queue  , self_id = 139838883878592, bind_thr = 0x000055d8316bf170[139839026489024], r_queue = 0x000055d8316ff818, w_queue = 0x000055d8316ff5e0, this = 0x000055d8316f1c50
11/10/2025 19:18:39:149	UTIL	[46:46:3582017984]	INFO	thread_wrapper_t::create_channel(), bind_thr = 0x000055d8316f1c50[139838883878592], read_capacity = 65536, write_capacity = 65536, this = 0x000055d8316f1c50
11/10/2025 19:18:39:150	UTIL	[46:46:3582017984]	INFO	o2o_msg_queue_t::o2o_msg_queue_t, notifier = 0x000055d8316f6010, writer = 0x000055d8316f1c50[139838883878592], reader = 0x000055d8316f1c50[139838883878592], capacity = 65536, mode = 1, this = 0x000055d8316ffd30
11/10/2025 19:18:39:152	UTIL	[46:46:3582017984]	INFO	o2o_msg_queue_t::o2o_msg_queue_t, notifier = 0x000055d8316f6010, writer = 0x000055d8316f1c50[139838883878592], reader = 0x000055d8316f1c50[139838883878592], capacity = 65536, mode = 1, this = 0x000055d8316fff70
11/10/2025 19:18:39:153	UTIL	[46:46:3582017984]	INFO	thread_wrapper_t::send_ctrl_msg msg = 0x000055d831700150, (uint64_t)m_id = 139838883878592, timeout = -1, this = 0x000055d8316f1c50
11/10/2025 19:18:39:153	UTIL	[46:60:3338655424]	INFO	thread_wrapper_t::create_ch_msg_t::on_message from = 0x000055d8316f1c50, to = 0x000055d8316f1c50, this = 0x000055d831700150
11/10/2025 19:18:39:153	UTIL	[46:60:3338655424]	INFO	thread_wrapper_t::bind_queue  , self_id = 139838883878592, bind_thr = 0x000055d8316f1c50[139838883878592], r_queue = 0x000055d8316ffd98, w_queue = 0x000055d8316fffe0, this = 0x000055d8316f1c50
11/10/2025 19:18:39:155	UTIL	[46:46:3582017984]	INFO	thread_wrapper_t::bind_queue  , self_id = 139838883878592, bind_thr = 0x000055d8316f1c50[139838883878592], r_queue = 0x000055d8316fffd8, w_queue = 0x000055d8316ffda0, this = 0x000055d8316f1c50
11/10/2025 19:18:39:155	UTIL	[46:46:3582017984]	INFO	thread_wrapper_t::bind_queue bind_thr = 0x000055d8316f1c50 already be existed, skip it, this = 0x000055d8316f1c50
11/10/2025 19:18:39:155	UTIL	[46:46:3582017984]	INFO	thread_wrapper_t::adjust_timer_precision, m_timer_precision = 50, new_timer_precision = 50, this = 0x000055d8316f1c50
11/10/2025 19:18:39:155	UTIL	[46:46:3582017984]	INFO	thread_mgr_t::spawn, mode = 01000004, w_queue_size = 65536, type = 1028, interact_timer = true, thr_name = zoom.im.index, bind_mask = 4294967295, use_ext_timer_drv = false, notifier = 0x0000000000000000, this = 0x000055d8316760f0
11/10/2025 19:18:39:155	UTIL	[46:46:3582017984]	INFO	thread_wrapper_t::thread_wrapper_t, mode = 01000004, id = 0, type = 1028, thr_manager = 0x000055d8316760f0, waits = 1, interact_timer = true, m_timer_precision = 50, this = 0x000055d8317008e0
11/10/2025 19:18:39:155	UTIL	[46:46:3582017984]	INFO	msg_queue_t::msg_queue_t notifier = , notifier = 0x0000000000000000, writer = 0x0000000000000000, capacity = 1024, mode = 1, this = 0x000055d831700b90
11/10/2025 19:18:39:155	UTIL	[46:46:3582017984]	INFO	thread_wrapper_t::thread_wrapper_t ctrl queue size = 1024, this = 0x000055d8317008e0
11/10/2025 19:18:39:155	UTIL	[46:46:3582017984]	INFO	thread_io_t::thread_io_t(), mode = 01000004, type = 1028, queue size = 65536, this = 0x000055d8317008b0
11/10/2025 19:18:39:155	UTIL	[46:46:3582017984]	INFO	thread_io_t::open_notifier, waits = 1, this = 0x000055d8317008b0
11/10/2025 19:18:39:155	UTIL	[46:46:3582017984]	INFO	msg_queue_base_t::open_notifier, m_notifier = 0x0000000000000000, notifier = 0x000055d831705040, this = 0x000055d831700bb0
11/10/2025 19:18:39:155	UTIL	[46:46:3582017984]	INFO	thread_io_t::thread_run(), id = 0, args = 0x0000000000000000, this = 0x000055d8317008b0
11/10/2025 19:18:39:155	UTIL	[46:46:3582017984]	INFO	io_repo_t::io_repo_t, m_working = 0x000055d8317008e0, max_io_fds = 1024, this = 0x000055d8317052a0
11/10/2025 19:18:39:155	UTIL	[46:46:3582017984]	INFO	notifier_handler_t::notifier_handler_t, io_container = 0x000055d8317052a00x000055d831705040, this = 0x000055d8316cd350
11/10/2025 19:18:39:155	UTIL	[46:46:3582017984]	INFO	poll_t::poll_t register, fd = 22, es.first = 00000000000000000000000000000011, this = 0x000055d8317052a0
11/10/2025 19:18:39:155	UTIL	[46:46:3582017984]	INFO	io_repo_t::start(), m_stop = true, this = 0x000055d8317052a0
11/10/2025 19:18:39:155	UTIL	[46:46:3582017984]	INFO	thread_mgr_t::attach handle = 0x000055d8317008e0, thread_id = 139838875485888, owner_thr = 0x000055d8316640a0, owner_id = 139839127241152, queue_size = 65536, this = 0x000055d8316760f0
11/10/2025 19:18:39:155	UTIL	[46:46:3582017984]	INFO	thread_wrapper_t::create_channel(), bind_thr = 0x000055d8316640a0[139839127241152], read_capacity = 65536, write_capacity = 65536, this = 0x000055d8317008e0
11/10/2025 19:18:39:155	UTIL	[46:46:3582017984]	INFO	o2o_msg_queue_t::o2o_msg_queue_t, notifier = 0x000055d8316718f0, writer = 0x000055d8317008e0[139838875485888], reader = 0x000055d8316640a0[139839127241152], capacity = 65536, mode = 0, this = 0x000055d83170dd20
11/10/2025 19:18:39:155	UTIL	[46:46:3582017984]	INFO	o2o_msg_queue_t::o2o_msg_queue_t, notifier = 0x000055d831705040, writer = 0x000055d8316640a0[139839127241152], reader = 0x000055d8317008e0[139838875485888], capacity = 65536, mode = 1, this = 0x000055d83170df00
11/10/2025 19:18:39:155	UTIL	[46:46:3582017984]	INFO	thread_wrapper_t::bind_queue  , self_id = 139839127241152, bind_thr = 0x000055d8317008e0[139838875485888], r_queue = 0x000055d83170dd88, w_queue = 0x000055d83170df70, this = 0x000055d8316640a0
11/10/2025 19:18:39:155	UTIL	[46:46:3582017984]	INFO	thread_wrapper_t::bind_queue  , self_id = 139838875485888, bind_thr = 0x000055d8316640a0[139839127241152], r_queue = 0x000055d83170df68, w_queue = 0x000055d83170dd90, this = 0x000055d8317008e0
11/10/2025 19:18:39:155	UTIL	[46:46:3582017984]	INFO	thread_wrapper_t::create_channel(), bind_thr = 0x000055d8316bf170[139839026489024], read_capacity = 65536, write_capacity = 65536, this = 0x000055d8317008e0
11/10/2025 19:18:39:158	UTIL	[46:46:3582017984]	INFO	o2o_msg_queue_t::o2o_msg_queue_t, notifier = 0x000055d8316bcef0, writer = 0x000055d8317008e0[139838875485888], reader = 0x000055d8316bf170[139839026489024], capacity = 65536, mode = 1, this = 0x000055d83170e5a0
11/10/2025 19:18:39:155	UTIL	[46:61:3330262720]	INFO	poll_t::loop () begin, working = 0x000055d8317008e0, this = 0x000055d8317052a0
11/10/2025 19:18:39:164	UTIL	[46:61:3330262720]	INFO	thread_io_t::init_tls() thread_id = 139838875485888, this = 0x000055d8317008b0
11/10/2025 19:18:39:164	UTIL	[46:61:3330262720]	INFO	thread_wrapper_t::init_tls(), m_thread_manager = 0x000055d8316760f0, this = 0x000055d8317008e0
11/10/2025 19:18:39:164	UTIL	[46:61:3330262720]	INFO	thread_mgr_t::register_tls, thr = 0x000055d8317008e0, tls = true, this = 0x000055d8316760f0
11/10/2025 19:18:39:164	UTIL	[46:61:3330262720]	INFO	thread_wrapper_t::start_alive_check() timer = 0x0000000000000000, m_interact_timer = true, this = 0x000055d8317008e0
11/10/2025 19:18:39:164	UTIL	[46:61:3330262720]	INFO	timer_queue_t::timer_queue_t() , sink = 0x000055d831700918, min_interval = 204800, this = 0x00007f2ea0001070
11/10/2025 19:18:39:166	UTIL	[46:46:3582017984]	INFO	o2o_msg_queue_t::o2o_msg_queue_t, notifier = 0x000055d831705040, writer = 0x000055d8316bf170[139839026489024], reader = 0x000055d8317008e0[139838875485888], capacity = 65536, mode = 1, this = 0x000055d83170e7e0
11/10/2025 19:18:39:166	UTIL	[46:46:3582017984]	INFO	thread_wrapper_t::send_ctrl_msg msg = 0x000055d83170ea20, (uint64_t)m_id = 139838875485888, timeout = -1, this = 0x000055d8317008e0
11/10/2025 19:18:39:184	UTIL	[46:61:3330262720]	INFO	thread_wrapper_t::create_ch_msg_t::on_message from = 0x000055d8317008e0, to = 0x000055d8316bf170, this = 0x000055d83170ea20
11/10/2025 19:18:39:184	UTIL	[46:61:3330262720]	INFO	thread_wrapper_t::bind_queue  , self_id = 139839026489024, bind_thr = 0x000055d8317008e0[139838875485888], r_queue = 0x000055d83170e608, w_queue = 0x000055d83170e850, this = 0x000055d8316bf170
11/10/2025 19:18:39:185	UTIL	[46:46:3582017984]	INFO	thread_wrapper_t::bind_queue  , self_id = 139838875485888, bind_thr = 0x000055d8316bf170[139839026489024], r_queue = 0x000055d83170e848, w_queue = 0x000055d83170e610, this = 0x000055d8317008e0
11/10/2025 19:18:39:185	UTIL	[46:46:3582017984]	INFO	thread_wrapper_t::create_channel(), bind_thr = 0x000055d8316f1c50[139838883878592], read_capacity = 65536, write_capacity = 65536, this = 0x000055d8317008e0
11/10/2025 19:18:39:186	UTIL	[46:46:3582017984]	INFO	o2o_msg_queue_t::o2o_msg_queue_t, notifier = 0x000055d8316f6010, writer = 0x000055d8317008e0[139838875485888], reader = 0x000055d8316f1c50[139838883878592], capacity = 65536, mode = 1, this = 0x000055d83170ee90
11/10/2025 19:18:39:204	UTIL	[46:46:3582017984]	INFO	o2o_msg_queue_t::o2o_msg_queue_t, notifier = 0x000055d831705040, writer = 0x000055d8316f1c50[139838883878592], reader = 0x000055d8317008e0[139838875485888], capacity = 65536, mode = 1, this = 0x000055d83170f0d0
11/10/2025 19:18:39:204	UTIL	[46:46:3582017984]	INFO	thread_wrapper_t::send_ctrl_msg msg = 0x000055d83170f2b0, (uint64_t)m_id = 139838875485888, timeout = -1, this = 0x000055d8317008e0
11/10/2025 19:18:39:204	UTIL	[46:61:3330262720]	INFO	thread_wrapper_t::create_ch_msg_t::on_message from = 0x000055d8317008e0, to = 0x000055d8316f1c50, this = 0x000055d83170f2b0
11/10/2025 19:18:39:204	UTIL	[46:61:3330262720]	INFO	thread_wrapper_t::bind_queue  , self_id = 139838883878592, bind_thr = 0x000055d8317008e0[139838875485888], r_queue = 0x000055d83170eef8, w_queue = 0x000055d83170f140, this = 0x000055d8316f1c50
11/10/2025 19:18:39:206	UTIL	[46:46:3582017984]	INFO	thread_wrapper_t::bind_queue  , self_id = 139838875485888, bind_thr = 0x000055d8316f1c50[139838883878592], r_queue = 0x000055d83170f138, w_queue = 0x000055d83170ef00, this = 0x000055d8317008e0
11/10/2025 19:18:39:206	UTIL	[46:46:3582017984]	INFO	thread_wrapper_t::create_channel(), bind_thr = 0x000055d8317008e0[139838875485888], read_capacity = 65536, write_capacity = 65536, this = 0x000055d8317008e0
11/10/2025 19:18:39:216	UTIL	[46:46:3582017984]	INFO	o2o_msg_queue_t::o2o_msg_queue_t, notifier = 0x000055d831705040, writer = 0x000055d8317008e0[139838875485888], reader = 0x000055d8317008e0[139838875485888], capacity = 65536, mode = 1, this = 0x000055d83170f6a0
11/10/2025 19:18:39:219	UTIL	[46:46:3582017984]	INFO	o2o_msg_queue_t::o2o_msg_queue_t, notifier = 0x000055d831705040, writer = 0x000055d8317008e0[139838875485888], reader = 0x000055d8317008e0[139838875485888], capacity = 65536, mode = 1, this = 0x000055d83170f880
11/10/2025 19:18:39:219	UTIL	[46:46:3582017984]	INFO	thread_wrapper_t::send_ctrl_msg msg = 0x000055d83170fa60, (uint64_t)m_id = 139838875485888, timeout = -1, this = 0x000055d8317008e0
11/10/2025 19:18:39:219	UTIL	[46:61:3330262720]	INFO	thread_wrapper_t::create_ch_msg_t::on_message from = 0x000055d8317008e0, to = 0x000055d8317008e0, this = 0x000055d83170fa60
11/10/2025 19:18:39:219	UTIL	[46:61:3330262720]	INFO	thread_wrapper_t::bind_queue  , self_id = 139838875485888, bind_thr = 0x000055d8317008e0[139838875485888], r_queue = 0x000055d83170f708, w_queue = 0x000055d83170f8f0, this = 0x000055d8317008e0
11/10/2025 19:18:39:219	UTIL	[46:46:3582017984]	INFO	thread_wrapper_t::bind_queue  , self_id = 139838875485888, bind_thr = 0x000055d8317008e0[139838875485888], r_queue = 0x000055d83170f8e8, w_queue = 0x000055d83170f710, this = 0x000055d8317008e0
11/10/2025 19:18:39:219	UTIL	[46:46:3582017984]	INFO	thread_wrapper_t::bind_queue bind_thr = 0x000055d8317008e0 already be existed, skip it, this = 0x000055d8317008e0
11/10/2025 19:18:39:219	UTIL	[46:46:3582017984]	INFO	thread_wrapper_t::adjust_timer_precision, m_timer_precision = 50, new_timer_precision = 50, this = 0x000055d8317008e0
11/10/2025 19:18:39:885	UTIL	[46:46:3582017984]	INFO	UTIL_INIT  refer times = 5, module_id = 5, UTIL has been built on:Sep 19 2025 at 06:33:56 on branch release-client-6.6.x with commit ID 2583f48484aeb604c472d0a89b4ddc1f55
11/10/2025 19:18:39:885	UTIL	[46:46:3582017984]	INFO	register_logger  module_id = 5, module_name = MCM, max_level = 31, logger = 0x0000000000000000, mode = 3
11/10/2025 19:18:40:132	UTIL	[46:46:3582017984]	INFO	register_logger  module_id = 6, module_name = NYDUS, max_level = 31, logger = 0x0000000000000000, mode = 3
11/10/2025 19:18:40:132	UTIL	[46:46:3582017984]	INFO	timer_it::timer_it id = 0, own_thr = 0x0000000000000000, this = 0x000055d831712b70
11/10/2025 19:18:40:132	UTIL	[46:46:3582017984]	INFO	timer_it::timer_it id = 0, own_thr = 0x0000000000000000, this = 0x000055d83172b630
11/10/2025 19:18:40:132	UTIL	[46:46:3582017984]	INFO	thread_mgr_t::spawn, mode = 00000008, w_queue_size = 8192, type = 1024, interact_timer = true, thr_name = , bind_mask = 4294967295, use_ext_timer_drv = false, notifier = 0x0000000000000000, this = 0x000055d8316760f0
11/10/2025 19:18:40:132	UTIL	[46:46:3582017984]	INFO	thread_mgr_t::spawn already has an instance for the thread, return it directly, thread id = 139839127241152, this = 0x000055d8316760f0
11/10/2025 19:18:40:392	UTIL	[46:46:3582017984]	INFO	timer_it::add_timer sink = 0x000055d8317342b8, interval = 12800, times = 0, is_exact = true, this = 0x000055d831712b70
11/10/2025 19:18:40:392	UTIL	[46:46:3582017984]	INFO	timer_it::add_timer sink = 0x000055d8317342b8, interval = 3840, times = 0, is_exact = true, this = 0x000055d83172b630
11/10/2025 19:19:16:589	UTIL	[46:46:3582017984]	INFO	mlog_file::init mid:1069 size:1048576 shmem:false ret:0 this:0x000055d831700a38
11/10/2025 19:19:19:938	UTIL	[46:46:3582017984]	INFO	mlog_file::init mid:1027 size:1048576 shmem:false ret:0 this:0x000055d831896268
11/10/2025 19:19:20:096	UTIL	[46:46:3582017984]	INFO	mlog_file::init mid:1008 size:1048576 shmem:false ret:0 this:0x000055d83170e468
11/10/2025 19:19:20:243	UTIL	[46:46:3582017984]	INFO	mlog_file::init mid:1030 size:1048576 shmem:false ret:0 this:0x000055d8318bf108
