11/10/2025 19:31:52:271	UTIL	[43:43:339243456]	INFO	thread_mgr_t ::thread_mgr_t(),Mon,10 Nov 2025 19:31:52 GMT, preset_owner_thr = false, this = 0x000056187210c100
11/10/2025 19:31:52:271	UTIL	[43:43:339243456]	INFO	new_i8_allocator_t::new_i8_allocator_t, m_page_size = 4096, this = 0x0000561872108f10
11/10/2025 19:31:52:271	UTIL	[43:43:339243456]	INFO	UTIL_INIT  refer , s_init_times = 1, module_id = 9, description = UTIL has been built on:Sep 19 2025 at 06:33:56 on branch release-client-6.6.x with commit ID 2583f48484aeb604c472d0a89b4ddc1f55, dir = , filename = , pext = log, max_size = 41943040, max_idx = 99
11/10/2025 19:31:52:271	UTIL	[43:43:339243456]	INFO	set_timer_driver, setup_call = 0x00007f352fb603b0, remove_call = 0x00007f352fb60290
11/10/2025 19:31:52:271	UTIL	[43:43:339243456]	INFO	thread_mgr_t::spawn, mode = 02000008, w_queue_size = 8192, type = 0, interact_timer = true, thr_name = , bind_mask = 4294967295, use_ext_timer_drv = true, notifier = 0x0000561872107900, this = 0x000056187210c100
11/10/2025 19:31:52:271	UTIL	[43:43:339243456]	INFO	thread_wrapper_t::thread_wrapper_t, mode = 02000008, id = 0, type = 0, thr_manager = 0x000056187210c100, waits = 0, interact_timer = true, m_timer_precision = 50, this = 0x0000561872114ff0
11/10/2025 19:31:52:271	UTIL	[43:43:339243456]	INFO	msg_queue_t::msg_queue_t notifier = , notifier = 0x0000561872107900, writer = 0x0000000000000000, capacity = 1024, mode = 0, this = 0x000056187210a880
11/10/2025 19:31:52:271	UTIL	[43:43:339243456]	INFO	thread_wrapper_t::thread_wrapper_t ctrl queue size = 1024, this = 0x0000561872114ff0
11/10/2025 19:31:52:275	UTIL	[43:43:339243456]	INFO	thread_wrapper_t::init_tls(), m_thread_manager = 0x000056187210c100, this = 0x0000561872114ff0
11/10/2025 19:31:52:275	UTIL	[43:43:339243456]	INFO	thread_mgr_t::register_tls, thr = 0x0000561872114ff0, tls = true, this = 0x000056187210c100
11/10/2025 19:31:52:275	UTIL	[43:43:339243456]	INFO	thread_wrapper_t::start_alive_check() timer = 0x0000000000000000, m_interact_timer = true, this = 0x0000561872114ff0
11/10/2025 19:31:52:275	UTIL	[43:43:339243456]	INFO	timer_queue_t::timer_queue_t() , sink = 0x0000561872115028, min_interval = 204800, this = 0x0000561872114b80
11/10/2025 19:31:52:276	UTIL	[43:43:339243456]	INFO	thread_wrapper_t::open_notifier, waits = 0, m_notify = 0x0000561872107900, this = 0x0000561872114ff0
11/10/2025 19:31:52:276	UTIL	[43:43:339243456]	INFO	msg_queue_base_t::open_notifier, m_notifier = 0x0000561872107900, notifier = 0x0000561872107900, this = 0x000056187210a8a0
11/10/2025 19:31:52:276	UTIL	[43:43:339243456]	INFO	thread_mgr_t::attach handle = 0x0000561872114ff0, thread_id = 139865949237696, owner_thr = 0x0000561872114ff0, owner_id = 139865949237696, queue_size = 8192, this = 0x000056187210c100
11/10/2025 19:31:52:276	UTIL	[43:43:339243456]	INFO	thread_wrapper_t::create_channel(), bind_thr = 0x0000561872114ff0[139865949237696], read_capacity = 8192, write_capacity = 8192, this = 0x0000561872114ff0
11/10/2025 19:31:52:276	UTIL	[43:43:339243456]	INFO	o2o_msg_queue_t::o2o_msg_queue_t, notifier = 0x0000561872107900, writer = 0x0000561872114ff0[139865949237696], reader = 0x0000561872114ff0[139865949237696], capacity = 8192, mode = 0, this = 0x0000561872108d10
11/10/2025 19:31:52:276	UTIL	[43:43:339243456]	INFO	o2o_msg_queue_t::o2o_msg_queue_t, notifier = 0x0000561872107900, writer = 0x0000561872114ff0[139865949237696], reader = 0x0000561872114ff0[139865949237696], capacity = 8192, mode = 0, this = 0x000056187210be10
11/10/2025 19:31:52:276	UTIL	[43:43:339243456]	INFO	thread_wrapper_t::bind_queue  , self_id = 139865949237696, bind_thr = 0x0000561872114ff0[139865949237696], r_queue = 0x0000561872108d78, w_queue = 0x000056187210be80, this = 0x0000561872114ff0
11/10/2025 19:31:52:276	UTIL	[43:43:339243456]	INFO	thread_wrapper_t::bind_queue  , self_id = 139865949237696, bind_thr = 0x0000561872114ff0[139865949237696], r_queue = 0x000056187210be78, w_queue = 0x0000561872108d80, this = 0x0000561872114ff0
11/10/2025 19:31:52:276	UTIL	[43:43:339243456]	INFO	thread_wrapper_t::bind_queue bind_thr = 0x0000561872114ff0 already be existed, skip it, this = 0x0000561872114ff0
11/10/2025 19:31:52:276	UTIL	[43:43:339243456]	INFO	thread_wrapper_t::adjust_timer_precision, m_timer_precision = 50, new_timer_precision = 50, this = 0x0000561872114ff0
11/10/2025 19:31:52:278	UTIL	[43:43:339243456]	INFO	register_logger  module_id = 1057, module_name = zoomtask, max_level = 31, logger = 0x0000000000000000, mode = 3
11/10/2025 19:31:52:649	UTIL	[43:43:339243456]	INFO	UTIL_INIT  refer times = 2, module_id = 1057, UTIL has been built on:Sep 19 2025 at 06:33:56 on branch release-client-6.6.x with commit ID 2583f48484aeb604c472d0a89b4ddc1f55
11/10/2025 19:31:52:650	UTIL	[43:43:339243456]	INFO	register_logger  module_id = 1057, module_name = ZoomTask, max_level = 31, logger = 0x0000000000000000, mode = 3
11/10/2025 19:31:52:652	UTIL	[43:43:339243456]	INFO	UTIL_INIT  refer times = 3, module_id = 2, UTIL has been built on:Sep 19 2025 at 06:33:56 on branch release-client-6.6.x with commit ID 2583f48484aeb604c472d0a89b4ddc1f55
11/10/2025 19:31:52:652	UTIL	[43:43:339243456]	INFO	timer_it::timer_it id = 0, own_thr = 0x0000000000000000, this = 0x000056187210c858
11/10/2025 19:31:52:652	UTIL	[43:43:339243456]	INFO	thread_mgr_t::spawn, mode = 01000004, w_queue_size = 0, type = 3, interact_timer = true, thr_name = zoom.dns, bind_mask = 0, use_ext_timer_drv = false, notifier = 0x0000000000000000, this = 0x000056187210c100
11/10/2025 19:31:52:652	UTIL	[43:43:339243456]	INFO	thread_wrapper_t::thread_wrapper_t, mode = 01000004, id = 0, type = 3, thr_manager = 0x000056187210c100, waits = 1, interact_timer = true, m_timer_precision = 50, this = 0x0000561872154e60
11/10/2025 19:31:52:652	UTIL	[43:43:339243456]	INFO	msg_queue_t::msg_queue_t notifier = , notifier = 0x0000000000000000, writer = 0x0000000000000000, capacity = 1024, mode = 1, this = 0x00005618721552c0
11/10/2025 19:31:52:652	UTIL	[43:43:339243456]	INFO	thread_wrapper_t::thread_wrapper_t ctrl queue size = 1024, this = 0x0000561872154e60
11/10/2025 19:31:52:652	UTIL	[43:43:339243456]	INFO	thread_io_t::thread_io_t(), mode = 01000004, type = 3, queue size = 0, this = 0x0000561872154e30
11/10/2025 19:31:52:652	UTIL	[43:43:339243456]	INFO	thread_io_t::open_notifier, waits = 1, this = 0x0000561872154e30
11/10/2025 19:31:52:652	UTIL	[43:43:339243456]	INFO	msg_queue_base_t::open_notifier, m_notifier = 0x0000000000000000, notifier = 0x0000561872152b50, this = 0x00005618721552e0
11/10/2025 19:31:52:652	UTIL	[43:43:339243456]	INFO	thread_io_t::thread_run(), id = 0, args = 0x0000000000000000, this = 0x0000561872154e30
11/10/2025 19:31:52:652	UTIL	[43:43:339243456]	INFO	io_repo_t::io_repo_t, m_working = 0x0000561872154e60, max_io_fds = 1024, this = 0x00005618721597e0
11/10/2025 19:31:52:652	UTIL	[43:43:339243456]	INFO	notifier_handler_t::notifier_handler_t, io_container = 0x00005618721597e00x0000561872152b50, this = 0x0000561872161960
11/10/2025 19:31:52:652	UTIL	[43:43:339243456]	INFO	poll_t::poll_t register, fd = 11, es.first = 00000000000000000000000000000011, this = 0x00005618721597e0
11/10/2025 19:31:52:652	UTIL	[43:43:339243456]	INFO	io_repo_t::start(), m_stop = true, this = 0x00005618721597e0
11/10/2025 19:31:52:655	UTIL	[43:49:306927296]	INFO	poll_t::loop () begin, working = 0x0000561872154e60, this = 0x00005618721597e0
11/10/2025 19:31:52:655	UTIL	[43:49:306927296]	INFO	thread_io_t::init_tls() thread_id = 139865916921536, this = 0x0000561872154e30
11/10/2025 19:31:52:655	UTIL	[43:49:306927296]	INFO	thread_wrapper_t::init_tls(), m_thread_manager = 0x000056187210c100, this = 0x0000561872154e60
11/10/2025 19:31:52:655	UTIL	[43:49:306927296]	INFO	thread_mgr_t::register_tls, thr = 0x0000561872154e60, tls = true, this = 0x000056187210c100
11/10/2025 19:31:52:655	UTIL	[43:49:306927296]	INFO	thread_wrapper_t::start_alive_check() timer = 0x0000000000000000, m_interact_timer = true, this = 0x0000561872154e60
11/10/2025 19:31:52:655	UTIL	[43:43:339243456]	INFO	thread_mgr_t::spawn only has control message queue for this thread, this = 0x000056187210c100
11/10/2025 19:31:52:655	UTIL	[43:49:306927296]	INFO	timer_queue_t::timer_queue_t() , sink = 0x0000561872154e98, min_interval = 204800, this = 0x00007f3508001070
11/10/2025 19:31:52:655	UTIL	[43:43:339243456]	FATAL	assert: msg[thread_wrapper_t::create_channel bind thread should valid!, bind_thr = 0x0000000000000000] file[/home/jenkins/agent/workspace/Client/Client/DMT/linux/release/tp_util/util/src/thread.cpp], line = [1122]
11/10/2025 19:31:52:655	UTIL	[43:43:339243456]	INFO	thread_wrapper_t::adjust_timer_precision, m_timer_precision = 50, new_timer_precision = 50, this = 0x0000561872154e60
11/10/2025 19:31:52:655	UTIL	[43:43:339243456]	INFO	timer_it::timer_it id = 0, own_thr = 0x0000000000000000, this = 0x0000561872162420
11/10/2025 19:31:52:655	UTIL	[43:43:339243456]	INFO	timer_it::add_timer sink = 0x000056187210c730, interval = 100, times = 0, is_exact = true, this = 0x0000561872162420
11/10/2025 19:31:52:661	UTIL	[43:43:339243456]	INFO	UTIL_INIT  refer times = 4, module_id = 9, UTIL has been built on:Sep 19 2025 at 06:33:56 on branch release-client-6.6.x with commit ID 2583f48484aeb604c472d0a89b4ddc1f55
11/10/2025 19:31:52:663	UTIL	[43:43:339243456]	INFO	thread_mgr_t::spawn, mode = 01000004, w_queue_size = 65536, type = 1027, interact_timer = true, thr_name = zoom.db, bind_mask = 4294967295, use_ext_timer_drv = false, notifier = 0x0000000000000000, this = 0x000056187210c100
11/10/2025 19:31:52:663	UTIL	[43:43:339243456]	INFO	thread_wrapper_t::thread_wrapper_t, mode = 01000004, id = 0, type = 1027, thr_manager = 0x000056187210c100, waits = 1, interact_timer = true, m_timer_precision = 50, this = 0x00005618721878d0
11/10/2025 19:31:52:663	UTIL	[43:43:339243456]	INFO	msg_queue_t::msg_queue_t notifier = , notifier = 0x0000000000000000, writer = 0x0000000000000000, capacity = 1024, mode = 1, this = 0x000056187217ba20
11/10/2025 19:31:52:663	UTIL	[43:43:339243456]	INFO	thread_wrapper_t::thread_wrapper_t ctrl queue size = 1024, this = 0x00005618721878d0
11/10/2025 19:31:52:663	UTIL	[43:43:339243456]	INFO	thread_io_t::thread_io_t(), mode = 01000004, type = 1027, queue size = 65536, this = 0x00005618721878a0
11/10/2025 19:31:52:663	UTIL	[43:43:339243456]	INFO	thread_io_t::open_notifier, waits = 1, this = 0x00005618721878a0
11/10/2025 19:31:52:663	UTIL	[43:43:339243456]	INFO	msg_queue_base_t::open_notifier, m_notifier = 0x0000000000000000, notifier = 0x000056187218bc90, this = 0x000056187217ba40
11/10/2025 19:31:52:663	UTIL	[43:43:339243456]	INFO	thread_io_t::thread_run(), id = 0, args = 0x0000000000000000, this = 0x00005618721878a0
11/10/2025 19:31:52:663	UTIL	[43:43:339243456]	INFO	io_repo_t::io_repo_t, m_working = 0x00005618721878d0, max_io_fds = 1024, this = 0x000056187218be90
11/10/2025 19:31:52:663	UTIL	[43:43:339243456]	INFO	notifier_handler_t::notifier_handler_t, io_container = 0x000056187218be900x000056187218bc90, this = 0x000056187217d2e0
11/10/2025 19:31:52:663	UTIL	[43:43:339243456]	INFO	poll_t::poll_t register, fd = 20, es.first = 00000000000000000000000000000011, this = 0x000056187218be90
11/10/2025 19:31:52:663	UTIL	[43:43:339243456]	INFO	io_repo_t::start(), m_stop = true, this = 0x000056187218be90
11/10/2025 19:31:52:663	UTIL	[43:43:339243456]	INFO	thread_mgr_t::attach handle = 0x00005618721878d0, thread_id = 139865643529920, owner_thr = 0x0000561872114ff0, owner_id = 139865949237696, queue_size = 65536, this = 0x000056187210c100
11/10/2025 19:31:52:663	UTIL	[43:43:339243456]	INFO	thread_wrapper_t::create_channel(), bind_thr = 0x0000561872114ff0[139865949237696], read_capacity = 65536, write_capacity = 65536, this = 0x00005618721878d0
11/10/2025 19:31:52:663	UTIL	[43:43:339243456]	INFO	o2o_msg_queue_t::o2o_msg_queue_t, notifier = 0x0000561872107900, writer = 0x00005618721878d0[139865643529920], reader = 0x0000561872114ff0[139865949237696], capacity = 65536, mode = 0, this = 0x0000561872194900
11/10/2025 19:31:52:664	UTIL	[43:43:339243456]	INFO	o2o_msg_queue_t::o2o_msg_queue_t, notifier = 0x000056187218bc90, writer = 0x0000561872114ff0[139865949237696], reader = 0x00005618721878d0[139865643529920], capacity = 65536, mode = 1, this = 0x0000561872194b30
11/10/2025 19:31:52:664	UTIL	[43:43:339243456]	INFO	thread_wrapper_t::bind_queue  , self_id = 139865949237696, bind_thr = 0x00005618721878d0[139865643529920], r_queue = 0x0000561872194968, w_queue = 0x0000561872194ba0, this = 0x0000561872114ff0
11/10/2025 19:31:52:664	UTIL	[43:43:339243456]	INFO	thread_wrapper_t::bind_queue  , self_id = 139865643529920, bind_thr = 0x0000561872114ff0[139865949237696], r_queue = 0x0000561872194b98, w_queue = 0x0000561872194970, this = 0x00005618721878d0
11/10/2025 19:31:52:664	UTIL	[43:43:339243456]	INFO	thread_wrapper_t::create_channel(), bind_thr = 0x0000561872154e60[139865916921536], read_capacity = 65536, write_capacity = 65536, this = 0x00005618721878d0
11/10/2025 19:31:52:664	UTIL	[43:43:339243456]	INFO	o2o_msg_queue_t::o2o_msg_queue_t, notifier = 0x0000561872152b50, writer = 0x00005618721878d0[139865643529920], reader = 0x0000561872154e60[139865916921536], capacity = 65536, mode = 1, this = 0x00005618721951c0
11/10/2025 19:31:52:664	UTIL	[43:43:339243456]	INFO	o2o_msg_queue_t::o2o_msg_queue_t, notifier = 0x000056187218bc90, writer = 0x0000561872154e60[139865916921536], reader = 0x00005618721878d0[139865643529920], capacity = 65536, mode = 1, this = 0x00005618721953f0
11/10/2025 19:31:52:664	UTIL	[43:43:339243456]	INFO	thread_wrapper_t::send_ctrl_msg msg = 0x0000561872195620, (uint64_t)m_id = 0, timeout = -1, this = 0x00005618721878d0
11/10/2025 19:31:52:663	UTIL	[43:57:33535680]	INFO	poll_t::loop () begin, working = 0x00005618721878d0, this = 0x000056187218be90
11/10/2025 19:31:52:665	UTIL	[43:57:33535680]	INFO	thread_io_t::init_tls() thread_id = 139865643529920, this = 0x00005618721878a0
11/10/2025 19:31:52:665	UTIL	[43:57:33535680]	INFO	thread_wrapper_t::init_tls(), m_thread_manager = 0x000056187210c100, this = 0x00005618721878d0
11/10/2025 19:31:52:665	UTIL	[43:57:33535680]	INFO	thread_mgr_t::register_tls, thr = 0x00005618721878d0, tls = true, this = 0x000056187210c100
11/10/2025 19:31:52:665	UTIL	[43:57:33535680]	INFO	thread_wrapper_t::start_alive_check() timer = 0x0000000000000000, m_interact_timer = true, this = 0x00005618721878d0
11/10/2025 19:31:52:665	UTIL	[43:57:33535680]	INFO	timer_queue_t::timer_queue_t() , sink = 0x0000561872187908, min_interval = 204800, this = 0x00007f34ec001070
11/10/2025 19:31:52:665	UTIL	[43:57:33535680]	INFO	thread_wrapper_t::create_ch_msg_t::on_message from = 0x00005618721878d0, to = 0x0000561872154e60, this = 0x0000561872195620
11/10/2025 19:31:52:665	UTIL	[43:57:33535680]	INFO	thread_wrapper_t::bind_queue  , self_id = 139865916921536, bind_thr = 0x00005618721878d0[139865643529920], r_queue = 0x0000561872195228, w_queue = 0x0000561872195460, this = 0x0000561872154e60
11/10/2025 19:31:52:666	UTIL	[43:43:339243456]	INFO	thread_wrapper_t::bind_queue  , self_id = 139865643529920, bind_thr = 0x0000561872154e60[139865916921536], r_queue = 0x0000561872195458, w_queue = 0x0000561872195230, this = 0x00005618721878d0
11/10/2025 19:31:52:666	UTIL	[43:43:339243456]	INFO	thread_wrapper_t::create_channel(), bind_thr = 0x00005618721878d0[139865643529920], read_capacity = 65536, write_capacity = 65536, this = 0x00005618721878d0
11/10/2025 19:31:52:668	UTIL	[43:43:339243456]	INFO	o2o_msg_queue_t::o2o_msg_queue_t, notifier = 0x000056187218bc90, writer = 0x00005618721878d0[139865643529920], reader = 0x00005618721878d0[139865643529920], capacity = 65536, mode = 1, this = 0x0000561872195ae0
11/10/2025 19:31:52:668	UTIL	[43:43:339243456]	INFO	o2o_msg_queue_t::o2o_msg_queue_t, notifier = 0x000056187218bc90, writer = 0x00005618721878d0[139865643529920], reader = 0x00005618721878d0[139865643529920], capacity = 65536, mode = 1, this = 0x0000561872195cb0
11/10/2025 19:31:52:668	UTIL	[43:43:339243456]	INFO	thread_wrapper_t::send_ctrl_msg msg = 0x0000561872195ee0, (uint64_t)m_id = 139865643529920, timeout = -1, this = 0x00005618721878d0
11/10/2025 19:31:52:668	UTIL	[43:57:33535680]	INFO	thread_wrapper_t::create_ch_msg_t::on_message from = 0x00005618721878d0, to = 0x00005618721878d0, this = 0x0000561872195ee0
11/10/2025 19:31:52:668	UTIL	[43:57:33535680]	INFO	thread_wrapper_t::bind_queue  , self_id = 139865643529920, bind_thr = 0x00005618721878d0[139865643529920], r_queue = 0x0000561872195b48, w_queue = 0x0000561872195d20, this = 0x00005618721878d0
11/10/2025 19:31:52:668	UTIL	[43:43:339243456]	INFO	thread_wrapper_t::bind_queue  , self_id = 139865643529920, bind_thr = 0x00005618721878d0[139865643529920], r_queue = 0x0000561872195d18, w_queue = 0x0000561872195b50, this = 0x00005618721878d0
11/10/2025 19:31:52:668	UTIL	[43:43:339243456]	INFO	thread_wrapper_t::bind_queue bind_thr = 0x00005618721878d0 already be existed, skip it, this = 0x00005618721878d0
11/10/2025 19:31:52:668	UTIL	[43:43:339243456]	INFO	thread_wrapper_t::adjust_timer_precision, m_timer_precision = 50, new_timer_precision = 50, this = 0x00005618721878d0
11/10/2025 19:31:52:668	UTIL	[43:43:339243456]	INFO	thread_mgr_t::spawn, mode = 01000004, w_queue_size = 65536, type = 1028, interact_timer = true, thr_name = zoom.im.index, bind_mask = 4294967295, use_ext_timer_drv = false, notifier = 0x0000000000000000, this = 0x000056187210c100
11/10/2025 19:31:52:668	UTIL	[43:43:339243456]	INFO	thread_wrapper_t::thread_wrapper_t, mode = 01000004, id = 0, type = 1028, thr_manager = 0x000056187210c100, waits = 1, interact_timer = true, m_timer_precision = 50, this = 0x00005618721965a0
11/10/2025 19:31:52:668	UTIL	[43:43:339243456]	INFO	msg_queue_t::msg_queue_t notifier = , notifier = 0x0000000000000000, writer = 0x0000000000000000, capacity = 1024, mode = 1, this = 0x0000561872196850
11/10/2025 19:31:52:668	UTIL	[43:43:339243456]	INFO	thread_wrapper_t::thread_wrapper_t ctrl queue size = 1024, this = 0x00005618721965a0
11/10/2025 19:31:52:668	UTIL	[43:43:339243456]	INFO	thread_io_t::thread_io_t(), mode = 01000004, type = 1028, queue size = 65536, this = 0x0000561872196570
11/10/2025 19:31:52:668	UTIL	[43:43:339243456]	INFO	thread_io_t::open_notifier, waits = 1, this = 0x0000561872196570
11/10/2025 19:31:52:668	UTIL	[43:43:339243456]	INFO	msg_queue_base_t::open_notifier, m_notifier = 0x0000000000000000, notifier = 0x000056187219ad00, this = 0x0000561872196870
11/10/2025 19:31:52:668	UTIL	[43:43:339243456]	INFO	thread_io_t::thread_run(), id = 0, args = 0x0000000000000000, this = 0x0000561872196570
11/10/2025 19:31:52:668	UTIL	[43:43:339243456]	INFO	io_repo_t::io_repo_t, m_working = 0x00005618721965a0, max_io_fds = 1024, this = 0x000056187219af60
11/10/2025 19:31:52:668	UTIL	[43:43:339243456]	INFO	notifier_handler_t::notifier_handler_t, io_container = 0x000056187219af600x000056187219ad00, this = 0x0000561872162f80
11/10/2025 19:31:52:668	UTIL	[43:43:339243456]	INFO	poll_t::poll_t register, fd = 22, es.first = 00000000000000000000000000000011, this = 0x000056187219af60
11/10/2025 19:31:52:668	UTIL	[43:43:339243456]	INFO	io_repo_t::start(), m_stop = true, this = 0x000056187219af60
11/10/2025 19:31:52:669	UTIL	[43:43:339243456]	INFO	thread_mgr_t::attach handle = 0x00005618721965a0, thread_id = 139865635137216, owner_thr = 0x0000561872114ff0, owner_id = 139865949237696, queue_size = 65536, this = 0x000056187210c100
11/10/2025 19:31:52:669	UTIL	[43:43:339243456]	INFO	thread_wrapper_t::create_channel(), bind_thr = 0x0000561872114ff0[139865949237696], read_capacity = 65536, write_capacity = 65536, this = 0x00005618721965a0
11/10/2025 19:31:52:670	UTIL	[43:43:339243456]	INFO	o2o_msg_queue_t::o2o_msg_queue_t, notifier = 0x0000561872107900, writer = 0x00005618721965a0[139865635137216], reader = 0x0000561872114ff0[139865949237696], capacity = 65536, mode = 0, this = 0x00005618721a39d0
11/10/2025 19:31:52:672	UTIL	[43:43:339243456]	INFO	o2o_msg_queue_t::o2o_msg_queue_t, notifier = 0x000056187219ad00, writer = 0x0000561872114ff0[139865949237696], reader = 0x00005618721965a0[139865635137216], capacity = 65536, mode = 1, this = 0x00005618721a3c00
11/10/2025 19:31:52:672	UTIL	[43:43:339243456]	INFO	thread_wrapper_t::bind_queue  , self_id = 139865949237696, bind_thr = 0x00005618721965a0[139865635137216], r_queue = 0x00005618721a3a38, w_queue = 0x00005618721a3c70, this = 0x0000561872114ff0
11/10/2025 19:31:52:672	UTIL	[43:43:339243456]	INFO	thread_wrapper_t::bind_queue  , self_id = 139865635137216, bind_thr = 0x0000561872114ff0[139865949237696], r_queue = 0x00005618721a3c68, w_queue = 0x00005618721a3a40, this = 0x00005618721965a0
11/10/2025 19:31:52:672	UTIL	[43:43:339243456]	INFO	thread_wrapper_t::create_channel(), bind_thr = 0x0000561872154e60[139865916921536], read_capacity = 65536, write_capacity = 65536, this = 0x00005618721965a0
11/10/2025 19:31:52:676	UTIL	[43:43:339243456]	INFO	o2o_msg_queue_t::o2o_msg_queue_t, notifier = 0x0000561872152b50, writer = 0x00005618721965a0[139865635137216], reader = 0x0000561872154e60[139865916921536], capacity = 65536, mode = 1, this = 0x00005618721a4290
11/10/2025 19:31:52:680	UTIL	[43:58:25142976]	INFO	poll_t::loop () begin, working = 0x00005618721965a0, this = 0x000056187219af60
11/10/2025 19:31:52:680	UTIL	[43:58:25142976]	INFO	thread_io_t::init_tls() thread_id = 139865635137216, this = 0x0000561872196570
11/10/2025 19:31:52:680	UTIL	[43:58:25142976]	INFO	thread_wrapper_t::init_tls(), m_thread_manager = 0x000056187210c100, this = 0x00005618721965a0
11/10/2025 19:31:52:680	UTIL	[43:58:25142976]	INFO	thread_mgr_t::register_tls, thr = 0x00005618721965a0, tls = true, this = 0x000056187210c100
11/10/2025 19:31:52:680	UTIL	[43:58:25142976]	INFO	thread_wrapper_t::start_alive_check() timer = 0x0000000000000000, m_interact_timer = true, this = 0x00005618721965a0
11/10/2025 19:31:52:680	UTIL	[43:58:25142976]	INFO	timer_queue_t::timer_queue_t() , sink = 0x00005618721965d8, min_interval = 204800, this = 0x00007f34dc001070
11/10/2025 19:31:52:683	UTIL	[43:43:339243456]	INFO	o2o_msg_queue_t::o2o_msg_queue_t, notifier = 0x000056187219ad00, writer = 0x0000561872154e60[139865916921536], reader = 0x00005618721965a0[139865635137216], capacity = 65536, mode = 1, this = 0x00005618721a44c0
11/10/2025 19:31:52:684	UTIL	[43:43:339243456]	INFO	thread_wrapper_t::send_ctrl_msg msg = 0x00005618721a4690, (uint64_t)m_id = 139865635137216, timeout = -1, this = 0x00005618721965a0
11/10/2025 19:31:52:684	UTIL	[43:58:25142976]	INFO	thread_wrapper_t::create_ch_msg_t::on_message from = 0x00005618721965a0, to = 0x0000561872154e60, this = 0x00005618721a4690
11/10/2025 19:31:52:684	UTIL	[43:58:25142976]	INFO	thread_wrapper_t::bind_queue  , self_id = 139865916921536, bind_thr = 0x00005618721965a0[139865635137216], r_queue = 0x00005618721a42f8, w_queue = 0x00005618721a4530, this = 0x0000561872154e60
11/10/2025 19:31:52:684	UTIL	[43:43:339243456]	INFO	thread_wrapper_t::bind_queue  , self_id = 139865635137216, bind_thr = 0x0000561872154e60[139865916921536], r_queue = 0x00005618721a4528, w_queue = 0x00005618721a4300, this = 0x00005618721965a0
11/10/2025 19:31:52:684	UTIL	[43:43:339243456]	INFO	thread_wrapper_t::create_channel(), bind_thr = 0x00005618721878d0[139865643529920], read_capacity = 65536, write_capacity = 65536, this = 0x00005618721965a0
11/10/2025 19:31:52:688	UTIL	[43:43:339243456]	INFO	o2o_msg_queue_t::o2o_msg_queue_t, notifier = 0x000056187218bc90, writer = 0x00005618721965a0[139865635137216], reader = 0x00005618721878d0[139865643529920], capacity = 65536, mode = 1, this = 0x00005618721a4b00
11/10/2025 19:31:52:705	UTIL	[43:43:339243456]	INFO	o2o_msg_queue_t::o2o_msg_queue_t, notifier = 0x000056187219ad00, writer = 0x00005618721878d0[139865643529920], reader = 0x00005618721965a0[139865635137216], capacity = 65536, mode = 1, this = 0x00005618721a4cd0
11/10/2025 19:31:52:705	UTIL	[43:43:339243456]	INFO	thread_wrapper_t::send_ctrl_msg msg = 0x00005618721a4ea0, (uint64_t)m_id = 139865635137216, timeout = -1, this = 0x00005618721965a0
11/10/2025 19:31:52:706	UTIL	[43:58:25142976]	INFO	thread_wrapper_t::create_ch_msg_t::on_message from = 0x00005618721965a0, to = 0x00005618721878d0, this = 0x00005618721a4ea0
11/10/2025 19:31:52:706	UTIL	[43:58:25142976]	INFO	thread_wrapper_t::bind_queue  , self_id = 139865643529920, bind_thr = 0x00005618721965a0[139865635137216], r_queue = 0x00005618721a4b68, w_queue = 0x00005618721a4d40, this = 0x00005618721878d0
11/10/2025 19:31:52:706	UTIL	[43:43:339243456]	INFO	thread_wrapper_t::bind_queue  , self_id = 139865635137216, bind_thr = 0x00005618721878d0[139865643529920], r_queue = 0x00005618721a4d38, w_queue = 0x00005618721a4b70, this = 0x00005618721965a0
11/10/2025 19:31:52:706	UTIL	[43:43:339243456]	INFO	thread_wrapper_t::create_channel(), bind_thr = 0x00005618721965a0[139865635137216], read_capacity = 65536, write_capacity = 65536, this = 0x00005618721965a0
11/10/2025 19:31:52:708	UTIL	[43:43:339243456]	INFO	o2o_msg_queue_t::o2o_msg_queue_t, notifier = 0x000056187219ad00, writer = 0x00005618721965a0[139865635137216], reader = 0x00005618721965a0[139865635137216], capacity = 65536, mode = 1, this = 0x00005618721a5290
11/10/2025 19:31:52:712	UTIL	[43:43:339243456]	INFO	o2o_msg_queue_t::o2o_msg_queue_t, notifier = 0x000056187219ad00, writer = 0x00005618721965a0[139865635137216], reader = 0x00005618721965a0[139865635137216], capacity = 65536, mode = 1, this = 0x00005618721a54c0
11/10/2025 19:31:52:712	UTIL	[43:43:339243456]	INFO	thread_wrapper_t::send_ctrl_msg msg = 0x00005618721a5690, (uint64_t)m_id = 139865635137216, timeout = -1, this = 0x00005618721965a0
11/10/2025 19:31:52:712	UTIL	[43:58:25142976]	INFO	thread_wrapper_t::create_ch_msg_t::on_message from = 0x00005618721965a0, to = 0x00005618721965a0, this = 0x00005618721a5690
11/10/2025 19:31:52:712	UTIL	[43:58:25142976]	INFO	thread_wrapper_t::bind_queue  , self_id = 139865635137216, bind_thr = 0x00005618721965a0[139865635137216], r_queue = 0x00005618721a52f8, w_queue = 0x00005618721a5530, this = 0x00005618721965a0
11/10/2025 19:31:52:712	UTIL	[43:43:339243456]	INFO	thread_wrapper_t::bind_queue  , self_id = 139865635137216, bind_thr = 0x00005618721965a0[139865635137216], r_queue = 0x00005618721a5528, w_queue = 0x00005618721a5300, this = 0x00005618721965a0
11/10/2025 19:31:52:712	UTIL	[43:43:339243456]	INFO	thread_wrapper_t::bind_queue bind_thr = 0x00005618721965a0 already be existed, skip it, this = 0x00005618721965a0
11/10/2025 19:31:52:712	UTIL	[43:43:339243456]	INFO	thread_wrapper_t::adjust_timer_precision, m_timer_precision = 50, new_timer_precision = 50, this = 0x00005618721965a0
11/10/2025 19:31:53:021	UTIL	[43:43:339243456]	INFO	UTIL_INIT  refer times = 5, module_id = 5, UTIL has been built on:Sep 19 2025 at 06:33:56 on branch release-client-6.6.x with commit ID 2583f48484aeb604c472d0a89b4ddc1f55
11/10/2025 19:31:53:021	UTIL	[43:43:339243456]	INFO	register_logger  module_id = 5, module_name = MCM, max_level = 31, logger = 0x0000000000000000, mode = 3
11/10/2025 19:31:53:352	UTIL	[43:43:339243456]	INFO	register_logger  module_id = 6, module_name = NYDUS, max_level = 31, logger = 0x0000000000000000, mode = 3
11/10/2025 19:31:53:352	UTIL	[43:43:339243456]	INFO	timer_it::timer_it id = 0, own_thr = 0x0000000000000000, this = 0x00005618721596e0
11/10/2025 19:31:53:352	UTIL	[43:43:339243456]	INFO	timer_it::timer_it id = 0, own_thr = 0x0000000000000000, this = 0x00005618721d8230
11/10/2025 19:31:53:352	UTIL	[43:43:339243456]	INFO	thread_mgr_t::spawn, mode = 00000008, w_queue_size = 8192, type = 1024, interact_timer = true, thr_name = , bind_mask = 4294967295, use_ext_timer_drv = false, notifier = 0x0000000000000000, this = 0x000056187210c100
11/10/2025 19:31:53:352	UTIL	[43:43:339243456]	INFO	thread_mgr_t::spawn already has an instance for the thread, return it directly, thread id = 139865949237696, this = 0x000056187210c100
11/10/2025 19:31:53:647	UTIL	[43:43:339243456]	INFO	timer_it::add_timer sink = 0x00005618721d71d8, interval = 12800, times = 0, is_exact = true, this = 0x00005618721596e0
11/10/2025 19:31:53:647	UTIL	[43:43:339243456]	INFO	timer_it::add_timer sink = 0x00005618721d71d8, interval = 3840, times = 0, is_exact = true, this = 0x00005618721d8230
